================================================================
== Vivado RTL Synthesis Results
================================================================
+ General Information:
    * Date:            Sat Jul 19 10:36:03 PDT 2025
    * Version:         2024.2 (Build 5238294 on Nov  8 2024)
    * Project:         build
    * Solution:        FFT_250MHz (Vivado IP Flow Target)
    * Product family:  versalpremium
    * Target device:   xcvp1802-lsvc4072-3HP-e-S


================================================================
== Run Constraints & Options
================================================================
+ Design Constraints & Options:
    * RTL Synthesis target clock:  4 ns
    * C-Synthesis target clock:    4 ns
    * C-Synthesis uncertainty:     27%

+ RTL Synthesis Options:
    * config_export -vivado_synth_strategy:     default
    * config_export -vivado_synth_design_args:  -directive sdx_optimization_effort_high

+ Reporting Options:
    * config_export -vivado_report_level:      2
    * config_export -vivado_max_timing_paths:  10


================================================================
== RTL Synthesis Resource Summary
================================================================
LUT:              17311
FF:               10881
DSP:              20
BRAM:             56
URAM:             0
SRL:              49


================================================================
== RTL Synthesis Timing Summary
================================================================
* Timing was met
+----------------+-------------+
| Timing         | Period (ns) |
+----------------+-------------+
| Target         | 4.000       |
| Post-Synthesis | 3.433       |
+----------------+-------------+


================================================================
== RTL Synthesis Resources
================================================================
+-----------------------------------------------------------------------------+-------+-------+-----+------+------+-----+--------+------+---------+----------+--------+
| Name                                                                        | LUT   | FF    | DSP | BRAM | URAM | SRL | Pragma | Impl | Latency | Variable | Source |
+-----------------------------------------------------------------------------+-------+-------+-----+------+------+-----+--------+------+---------+----------+--------+
| inst                                                                        | 17311 | 10881 | 20  | 56   |      |     |        |      |         |          |        |
|   FFT_DIT_spatial_unroll_CY_stream_vector_U0                                | 17311 | 10881 | 20  | 56   |      |     |        |      |         |          |        |
|     (FFT_DIT_spatial_unroll_CY_stream_vector_U0)                            | 1     | 8     |     |      |      |     |        |      |         |          |        |
|     FFT_Stage1_vectorstream_parameterize_U0                                 | 2009  | 878   |     |      |      |     |        |      |         |          |        |
|       FFT_Stage1_vectorstream_parameterize_Loop_FFT_Stage1_proc_U0          | 2009  | 878   |     |      |      |     |        |      |         |          |        |
|         (FFT_Stage1_vectorstream_parameterize_Loop_FFT_Stage1_proc_U0)      | 14    | 277   |     |      |      |     |        |      |         |          |        |
|         fadd_32ns_32ns_32_4_no_dsp_1_U22                                    | 505   | 150   |     |      |      |     |        |      |         |          |        |
|         fadd_32ns_32ns_32_4_no_dsp_1_U23                                    | 493   | 150   |     |      |      |     |        |      |         |          |        |
|         flow_control_loop_pipe_U                                            | 11    | 1     |     |      |      |     |        |      |         |          |        |
|         fsub_32ns_32ns_32_4_no_dsp_1_U24                                    | 493   | 150   |     |      |      |     |        |      |         |          |        |
|         fsub_32ns_32ns_32_4_no_dsp_1_U25                                    | 493   | 150   |     |      |      |     |        |      |         |          |        |
|     FFT_stage_spatial_unroll_2_U0                                           | 2055  | 966   |     |      |      |     |        |      |         |          |        |
|       (FFT_stage_spatial_unroll_2_U0)                                       | 86    | 364   |     |      |      |     |        |      |         |          |        |
|       fadd_32ns_32ns_32_4_no_dsp_1_U34                                      | 493   | 150   |     |      |      |     |        |      |         |          |        |
|       fadd_32ns_32ns_32_4_no_dsp_1_U35                                      | 493   | 150   |     |      |      |     |        |      |         |          |        |
|       flow_control_loop_delay_pipe_U                                        | 29    | 2     |     |      |      |     |        |      |         |          |        |
|       fsub_32ns_32ns_32_4_no_dsp_1_U36                                      | 477   | 150   |     |      |      |     |        |      |         |          |        |
|       fsub_32ns_32ns_32_4_no_dsp_1_U37                                      | 477   | 150   |     |      |      |     |        |      |         |          |        |
|     FFT_stage_spatial_unroll_3_U0                                           | 2089  | 1429  | 4   |      |      |     |        |      |         |          |        |
|       (FFT_stage_spatial_unroll_3_U0)                                       | 85    | 827   |     |      |      |     |        |      |         |          |        |
|       fadd_32ns_32ns_32_4_no_dsp_1_U42                                      | 493   | 150   |     |      |      |     |        |      |         |          |        |
|       fadd_32ns_32ns_32_4_no_dsp_1_U43                                      | 493   | 150   |     |      |      |     |        |      |         |          |        |
|       flow_control_loop_delay_pipe_U                                        | 64    | 2     |     |      |      |     |        |      |         |          |        |
|       fmadd_32ns_32ns_32ns_32ns_32_1_primitive_dsp_1_U48                    |       |       | 1   |      |      |     |        |      |         |          |        |
|       fmsub_32ns_32ns_32ns_32ns_32_1_primitive_dsp_1_U49                    |       |       | 1   |      |      |     |        |      |         |          |        |
|       fmul_32ns_32ns_32_1_primitive_dsp_1_U46                               |       |       | 1   |      |      |     |        |      |         |          |        |
|       fmul_32ns_32ns_32_1_primitive_dsp_1_U47                               |       |       | 1   |      |      |     |        |      |         |          |        |
|       fsub_32ns_32ns_32_4_no_dsp_1_U44                                      | 477   | 150   |     |      |      |     |        |      |         |          |        |
|       fsub_32ns_32ns_32_4_no_dsp_1_U45                                      | 477   | 150   |     |      |      |     |        |      |         |          |        |
|     FFT_stage_spatial_unroll_4_U0                                           | 2114  | 1457  | 4   |      |      |     |        |      |         |          |        |
|       (FFT_stage_spatial_unroll_4_U0)                                       | 111   | 855   |     |      |      |     |        |      |         |          |        |
|       fadd_32ns_32ns_32_4_no_dsp_1_U60                                      | 505   | 150   |     |      |      |     |        |      |         |          |        |
|       fadd_32ns_32ns_32_4_no_dsp_1_U61                                      | 493   | 150   |     |      |      |     |        |      |         |          |        |
|       flow_control_loop_delay_pipe_U                                        | 51    | 2     |     |      |      |     |        |      |         |          |        |
|       fmadd_32ns_32ns_32ns_32ns_32_1_primitive_dsp_1_U66                    |       |       | 1   |      |      |     |        |      |         |          |        |
|       fmsub_32ns_32ns_32ns_32ns_32_1_primitive_dsp_1_U67                    |       |       | 1   |      |      |     |        |      |         |          |        |
|       fmul_32ns_32ns_32_1_primitive_dsp_1_U64                               |       |       | 1   |      |      |     |        |      |         |          |        |
|       fmul_32ns_32ns_32_1_primitive_dsp_1_U65                               |       |       | 1   |      |      |     |        |      |         |          |        |
|       fsub_32ns_32ns_32_4_no_dsp_1_U62                                      | 477   | 150   |     |      |      |     |        |      |         |          |        |
|       fsub_32ns_32ns_32_4_no_dsp_1_U63                                      | 477   | 150   |     |      |      |     |        |      |         |          |        |
|     FFT_stage_spatial_unroll_5_U0                                           | 2147  | 1519  | 4   |      |      |     |        |      |         |          |        |
|       (FFT_stage_spatial_unroll_5_U0)                                       | 177   | 917   |     |      |      |     |        |      |         |          |        |
|       fadd_32ns_32ns_32_4_no_dsp_1_U75                                      | 505   | 150   |     |      |      |     |        |      |         |          |        |
|       fadd_32ns_32ns_32_4_no_dsp_1_U76                                      | 493   | 150   |     |      |      |     |        |      |         |          |        |
|       flow_control_loop_delay_pipe_U                                        | 50    | 2     |     |      |      |     |        |      |         |          |        |
|       fmadd_32ns_32ns_32ns_32ns_32_1_primitive_dsp_1_U81                    |       |       | 1   |      |      |     |        |      |         |          |        |
|       fmsub_32ns_32ns_32ns_32ns_32_1_primitive_dsp_1_U82                    |       |       | 1   |      |      |     |        |      |         |          |        |
|       fmul_32ns_32ns_32_1_primitive_dsp_1_U79                               |       |       | 1   |      |      |     |        |      |         |          |        |
|       fmul_32ns_32ns_32_1_primitive_dsp_1_U80                               |       |       | 1   |      |      |     |        |      |         |          |        |
|       fsub_32ns_32ns_32_4_no_dsp_1_U77                                      | 461   | 150   |     |      |      |     |        |      |         |          |        |
|       fsub_32ns_32ns_32_4_no_dsp_1_U78                                      | 461   | 150   |     |      |      |     |        |      |         |          |        |
|     FFT_stage_spatial_unroll_6_U0                                           | 2134  | 1535  | 4   |      |      |     |        |      |         |          |        |
|       (FFT_stage_spatial_unroll_6_U0)                                       | 143   | 933   |     |      |      |     |        |      |         |          |        |
|       fadd_32ns_32ns_32_4_no_dsp_1_U90                                      | 493   | 150   |     |      |      |     |        |      |         |          |        |
|       fadd_32ns_32ns_32_4_no_dsp_1_U91                                      | 493   | 150   |     |      |      |     |        |      |         |          |        |
|       flow_control_loop_delay_pipe_U                                        | 57    | 2     |     |      |      |     |        |      |         |          |        |
|       fmadd_32ns_32ns_32ns_32ns_32_1_primitive_dsp_1_U96                    |       |       | 1   |      |      |     |        |      |         |          |        |
|       fmsub_32ns_32ns_32ns_32ns_32_1_primitive_dsp_1_U97                    |       |       | 1   |      |      |     |        |      |         |          |        |
|       fmul_32ns_32ns_32_1_primitive_dsp_1_U94                               |       |       | 1   |      |      |     |        |      |         |          |        |
|       fmul_32ns_32ns_32_1_primitive_dsp_1_U95                               |       |       | 1   |      |      |     |        |      |         |          |        |
|       fsub_32ns_32ns_32_4_no_dsp_1_U92                                      | 471   | 150   |     |      |      |     |        |      |         |          |        |
|       fsub_32ns_32ns_32_4_no_dsp_1_U93                                      | 477   | 150   |     |      |      |     |        |      |         |          |        |
|     FFT_stage_spatial_unroll_7_U0                                           | 2133  | 1455  | 4   |      |      |     |        |      |         |          |        |
|       (FFT_stage_spatial_unroll_7_U0)                                       | 82    | 854   |     |      |      |     |        |      |         |          |        |
|       fadd_32ns_32ns_32_4_no_dsp_1_U105                                     | 505   | 150   |     |      |      |     |        |      |         |          |        |
|       fadd_32ns_32ns_32_4_no_dsp_1_U106                                     | 493   | 150   |     |      |      |     |        |      |         |          |        |
|       flow_control_loop_pipe_U                                              | 67    | 1     |     |      |      |     |        |      |         |          |        |
|       fmadd_32ns_32ns_32ns_32ns_32_1_primitive_dsp_1_U111                   |       |       | 1   |      |      |     |        |      |         |          |        |
|       fmsub_32ns_32ns_32ns_32ns_32_1_primitive_dsp_1_U112                   |       |       | 1   |      |      |     |        |      |         |          |        |
|       fmul_32ns_32ns_32_1_primitive_dsp_1_U109                              |       |       | 1   |      |      |     |        |      |         |          |        |
|       fmul_32ns_32ns_32_1_primitive_dsp_1_U110                              |       |       | 1   |      |      |     |        |      |         |          |        |
|       fsub_32ns_32ns_32_4_no_dsp_1_U107                                     | 493   | 150   |     |      |      |     |        |      |         |          |        |
|       fsub_32ns_32ns_32_4_no_dsp_1_U108                                     | 493   | 150   |     |      |      |     |        |      |         |          |        |
|     data_1_1_U                                                              | 99    | 73    |     | 4    |      |     |        |      |         |          |        |
|     data_1_U                                                                | 97    | 73    |     | 4    |      |     |        |      |         |          |        |
|     data_2_1_U                                                              | 75    | 73    |     | 4    |      |     |        |      |         |          |        |
|     data_2_U                                                                | 75    | 73    |     | 4    |      |     |        |      |         |          |        |
|     data_3_1_U                                                              | 116   | 73    |     | 4    |      |     |        |      |         |          |        |
|     data_3_U                                                                | 147   | 73    |     | 4    |      |     |        |      |         |          |        |
|     data_4_1_U                                                              | 121   | 73    |     | 4    |      |     |        |      |         |          |        |
|     data_4_U                                                                | 121   | 73    |     | 4    |      |     |        |      |         |          |        |
|     data_5_1_U                                                              | 119   | 73    |     | 4    |      |     |        |      |         |          |        |
|     data_5_U                                                                | 119   | 73    |     | 4    |      |     |        |      |         |          |        |
|     data_6_1_U                                                              | 127   | 73    |     | 4    |      |     |        |      |         |          |        |
|     data_6_U                                                                | 121   | 73    |     | 4    |      |     |        |      |         |          |        |
|     data_7_1_U                                                              | 86    | 73    |     | 4    |      |     |        |      |         |          |        |
|     data_7_U                                                                | 83    | 73    |     | 4    |      |     |        |      |         |          |        |
|     output_result_array_to_stream_U0                                        | 17    | 9     |     |      |      |     |        |      |         |          |        |
|       (output_result_array_to_stream_U0)                                    | 4     | 8     |     |      |      |     |        |      |         |          |        |
|     reverse_in_stream_vector_U                                              | 72    | 262   |     |      |      |     |        |      |         |          |        |
|     reverse_input_stream_UF1_U0                                             | 1034  | 341   |     |      |      |     |        |      |         |          |        |
|       reverse_input_stream_UF1_stream_stream_vector_0_data_in_cyclic_0_0_U  | 87    | 38    |     |      |      |     |        |      |         |          |        |
|       reverse_input_stream_UF1_stream_stream_vector_0_data_in_cyclic_0_1_U  | 87    | 38    |     |      |      |     |        |      |         |          |        |
|       reverse_input_stream_UF1_stream_stream_vector_0_data_in_cyclic_1_0_U  | 87    | 38    |     |      |      |     |        |      |         |          |        |
|       reverse_input_stream_UF1_stream_stream_vector_0_data_in_cyclic_1_1_U  | 117   | 38    |     |      |      |     |        |      |         |          |        |
|       reverse_input_stream_UF1_stream_stream_vector_0_data_rev_stream_0_0_U | 101   | 38    |     |      |      |     |        |      |         |          |        |
|       reverse_input_stream_UF1_stream_stream_vector_0_data_rev_stream_0_1_U | 85    | 38    |     |      |      |     |        |      |         |          |        |
|       reverse_input_stream_UF1_stream_stream_vector_0_data_rev_stream_1_0_U | 101   | 38    |     |      |      |     |        |      |         |          |        |
|       reverse_input_stream_UF1_stream_stream_vector_0_data_rev_stream_1_1_U | 86    | 38    |     |      |      |     |        |      |         |          |        |
+-----------------------------------------------------------------------------+-------+-------+-----+------+------+-----+--------+------+---------+----------+--------+


================================================================
== RTL Synthesis Fail Fast
================================================================
+-----------------------------------------------------------+-----------+--------+--------+
| Criteria                                                  | Guideline | Actual | Status |
+-----------------------------------------------------------+-----------+--------+--------+
| LUT                                                       | 70%       | 0.52%  | OK     |
| FD                                                        | 50%       | 0.16%  | OK     |
| LUTRAM+SRL                                                | 25%       | 0.04%  | OK     |
| LOOKAHEAD8                                                | 25%       | 0.11%  | OK     |
| DSP                                                       | 80%       | 0.14%  | OK     |
| RAMB                                                      | 80%       | 0.57%  | OK     |
| URAM                                                      | 80%       | 0.00%  | OK     |
| DSP+RAMB+URAM (Avg)                                       | 70%       | 0.35%  | OK     |
| BUFGCE* + BUFGCTRL                                        | 24        | 0      | OK     |
| DONT_TOUCH (cells/nets)                                   | 0         | 0      | OK     |
| MARK_DEBUG (nets)                                         | 0         | 0      | OK     |
| Control Sets                                              | 63017     | 178    | OK     |
| Average Fanout for modules > 100k cells                   | 4         | 1.83   | OK     |
| Max Average Fanout for modules > 100k cells               | 4         | 0      | OK     |
| Non-FD high fanout nets > 10k loads                       | 0         | 0      | OK     |
+-----------------------------------------------------------+-----------+--------+--------+
| TIMING-6 (No common primary clock between related clocks) | 0         | 0      | OK     |
| TIMING-7 (No common node between related clocks)          | 0         | 0      | OK     |
| TIMING-8 (No common period between related clocks)        | 0         | 0      | OK     |
| TIMING-14 (LUT on the clock tree)                         | 0         | 0      | OK     |
| TIMING-35 (No common node in paths with the same clock)   | 0         | 0      | OK     |
+-----------------------------------------------------------+-----------+--------+--------+
| Number of paths above max LUT budgeting (0.250ns)         | 0         | 0      | OK     |
| Number of paths above max Net budgeting (0.177ns)         | 0         | 0      | OK     |
+-----------------------------------------------------------+-----------+--------+--------+


================================================================
== RTL Synthesis Timing Paths
================================================================
* Timing was met
+-------+-------+-------------------------------------------------------------------------------------------------------------------+----------------------------------------------------------------------------------------------------+--------------+------------+----------------+----------------+--------------+
| Path  | SLACK | STARTPOINT PIN                                                                                                    | ENDPOINT PIN                                                                                       | LOGIC LEVELS | MAX FANOUT | DATAPATH DELAY | DATAPATH LOGIC | DATAPATH NET |
|       |       |                                                                                                                   |                                                                                                    |              |            |                |          DELAY |        DELAY |
+-------+-------+-------------------------------------------------------------------------------------------------------------------+----------------------------------------------------------------------------------------------------+--------------+------------+----------------+----------------+--------------+
| Path1 | 0.567 | FFT_DIT_spatial_unroll_CY_stream_vector_U0/FFT_stage_spatial_unroll_4_U0/zext_ln10_reg_753_pp0_iter1_reg_reg[0]/C | FFT_DIT_spatial_unroll_CY_stream_vector_U0/FFT_stage_spatial_unroll_4_U0/d1_imag_reg_848_reg[23]/D |            8 |         74 |          3.104 |          2.551 |        0.553 |
| Path2 | 0.567 | FFT_DIT_spatial_unroll_CY_stream_vector_U0/FFT_stage_spatial_unroll_4_U0/zext_ln10_reg_753_pp0_iter1_reg_reg[0]/C | FFT_DIT_spatial_unroll_CY_stream_vector_U0/FFT_stage_spatial_unroll_4_U0/d1_real_reg_843_reg[23]/D |            8 |         74 |          3.104 |          2.551 |        0.553 |
| Path3 | 0.569 | FFT_DIT_spatial_unroll_CY_stream_vector_U0/FFT_stage_spatial_unroll_4_U0/zext_ln10_reg_753_pp0_iter1_reg_reg[0]/C | FFT_DIT_spatial_unroll_CY_stream_vector_U0/FFT_stage_spatial_unroll_4_U0/d1_imag_reg_848_reg[25]/D |            8 |         74 |          3.102 |          2.551 |        0.551 |
| Path4 | 0.569 | FFT_DIT_spatial_unroll_CY_stream_vector_U0/FFT_stage_spatial_unroll_4_U0/zext_ln10_reg_753_pp0_iter1_reg_reg[0]/C | FFT_DIT_spatial_unroll_CY_stream_vector_U0/FFT_stage_spatial_unroll_4_U0/d1_real_reg_843_reg[25]/D |            8 |         74 |          3.102 |          2.551 |        0.551 |
| Path5 | 0.570 | FFT_DIT_spatial_unroll_CY_stream_vector_U0/FFT_stage_spatial_unroll_4_U0/zext_ln10_reg_753_pp0_iter1_reg_reg[0]/C | FFT_DIT_spatial_unroll_CY_stream_vector_U0/FFT_stage_spatial_unroll_4_U0/d1_imag_reg_848_reg[16]/D |            8 |         74 |          3.101 |          2.551 |        0.550 |
+-------+-------+-------------------------------------------------------------------------------------------------------------------+----------------------------------------------------------------------------------------------------+--------------+------------+----------------+----------------+--------------+

    +-----------------------------------------------------------------------------------------------------------------+------------------------+
    | Path1 Cells                                                                                                     | Primitive Type         |
    +-----------------------------------------------------------------------------------------------------------------+------------------------+
    | FFT_DIT_spatial_unroll_CY_stream_vector_U0/FFT_stage_spatial_unroll_4_U0/zext_ln10_reg_753_pp0_iter1_reg_reg[0] | REGISTER.SDR.FDRE      |
    | i_synth/UFMA_OP.OP/i_prim/DSP_FP_INREG_INST                                                                     | ARITHMETIC.DSP.DSPFP32 |
    | i_synth/UFMA_OP.OP/i_prim/DSP_FP_INMUX_INST                                                                     | ARITHMETIC.DSP.DSPFP32 |
    | i_synth/UFMA_OP.OP/i_prim/DSP_FPM_STAGE0_INST                                                                   | ARITHMETIC.DSP.DSPFP32 |
    | i_synth/UFMA_OP.OP/i_prim/DSP_FPM_PIPEREG_INST                                                                  | ARITHMETIC.DSP.DSPFP32 |
    | i_synth/UFMA_OP.OP/i_prim/DSP_FPM_STAGE1_INST                                                                   | ARITHMETIC.DSP.DSPFP32 |
    | i_synth/UFMA_OP.OP/i_prim/DSP_FP_OUTPUT_INST                                                                    | ARITHMETIC.DSP.DSPFP32 |
    | i_synth/UFMA_OP.OP/i_prim/DSP_FP_ADDER_INST                                                                     | ARITHMETIC.DSP.DSPFP32 |
    | FFT_DIT_spatial_unroll_CY_stream_vector_U0/FFT_stage_spatial_unroll_4_U0/d1_imag_reg_848_reg[23]                | REGISTER.SDR.FDRE      |
    | FFT_DIT_spatial_unroll_CY_stream_vector_U0/FFT_stage_spatial_unroll_4_U0/zext_ln10_reg_753_pp0_iter1_reg_reg[0] | REGISTER.SDR.FDRE      |
    | i_synth/UFMA_OP.OP/i_prim/DSP_FP_INREG_INST                                                                     | ARITHMETIC.DSP.DSPFP32 |
    | i_synth/UFMA_OP.OP/i_prim/DSP_FP_INMUX_INST                                                                     | ARITHMETIC.DSP.DSPFP32 |
    | i_synth/UFMA_OP.OP/i_prim/DSP_FPM_STAGE0_INST                                                                   | ARITHMETIC.DSP.DSPFP32 |
    | i_synth/UFMA_OP.OP/i_prim/DSP_FPM_PIPEREG_INST                                                                  | ARITHMETIC.DSP.DSPFP32 |
    | i_synth/UFMA_OP.OP/i_prim/DSP_FPM_STAGE1_INST                                                                   | ARITHMETIC.DSP.DSPFP32 |
    | i_synth/UFMA_OP.OP/i_prim/DSP_FP_OUTPUT_INST                                                                    | ARITHMETIC.DSP.DSPFP32 |
    | i_synth/UFMA_OP.OP/i_prim/DSP_FP_ADDER_INST                                                                     | ARITHMETIC.DSP.DSPFP32 |
    | FFT_DIT_spatial_unroll_CY_stream_vector_U0/FFT_stage_spatial_unroll_4_U0/d1_real_reg_843_reg[23]                | REGISTER.SDR.FDRE      |
    | FFT_DIT_spatial_unroll_CY_stream_vector_U0/FFT_stage_spatial_unroll_4_U0/zext_ln10_reg_753_pp0_iter1_reg_reg[0] | REGISTER.SDR.FDRE      |
    | i_synth/UFMA_OP.OP/i_prim/DSP_FP_INREG_INST                                                                     | ARITHMETIC.DSP.DSPFP32 |
    | i_synth/UFMA_OP.OP/i_prim/DSP_FP_INMUX_INST                                                                     | ARITHMETIC.DSP.DSPFP32 |
    | i_synth/UFMA_OP.OP/i_prim/DSP_FPM_STAGE0_INST                                                                   | ARITHMETIC.DSP.DSPFP32 |
    | i_synth/UFMA_OP.OP/i_prim/DSP_FPM_PIPEREG_INST                                                                  | ARITHMETIC.DSP.DSPFP32 |
    | i_synth/UFMA_OP.OP/i_prim/DSP_FPM_STAGE1_INST                                                                   | ARITHMETIC.DSP.DSPFP32 |
    | i_synth/UFMA_OP.OP/i_prim/DSP_FP_OUTPUT_INST                                                                    | ARITHMETIC.DSP.DSPFP32 |
    | i_synth/UFMA_OP.OP/i_prim/DSP_FP_ADDER_INST                                                                     | ARITHMETIC.DSP.DSPFP32 |
    | FFT_DIT_spatial_unroll_CY_stream_vector_U0/FFT_stage_spatial_unroll_4_U0/d1_imag_reg_848_reg[25]                | REGISTER.SDR.FDRE      |
    | FFT_DIT_spatial_unroll_CY_stream_vector_U0/FFT_stage_spatial_unroll_4_U0/zext_ln10_reg_753_pp0_iter1_reg_reg[0] | REGISTER.SDR.FDRE      |
    | i_synth/UFMA_OP.OP/i_prim/DSP_FP_INREG_INST                                                                     | ARITHMETIC.DSP.DSPFP32 |
    | i_synth/UFMA_OP.OP/i_prim/DSP_FP_INMUX_INST                                                                     | ARITHMETIC.DSP.DSPFP32 |
    | i_synth/UFMA_OP.OP/i_prim/DSP_FPM_STAGE0_INST                                                                   | ARITHMETIC.DSP.DSPFP32 |
    | i_synth/UFMA_OP.OP/i_prim/DSP_FPM_PIPEREG_INST                                                                  | ARITHMETIC.DSP.DSPFP32 |
    | i_synth/UFMA_OP.OP/i_prim/DSP_FPM_STAGE1_INST                                                                   | ARITHMETIC.DSP.DSPFP32 |
    | i_synth/UFMA_OP.OP/i_prim/DSP_FP_OUTPUT_INST                                                                    | ARITHMETIC.DSP.DSPFP32 |
    | i_synth/UFMA_OP.OP/i_prim/DSP_FP_ADDER_INST                                                                     | ARITHMETIC.DSP.DSPFP32 |
    | FFT_DIT_spatial_unroll_CY_stream_vector_U0/FFT_stage_spatial_unroll_4_U0/d1_real_reg_843_reg[25]                | REGISTER.SDR.FDRE      |
    | FFT_DIT_spatial_unroll_CY_stream_vector_U0/FFT_stage_spatial_unroll_4_U0/zext_ln10_reg_753_pp0_iter1_reg_reg[0] | REGISTER.SDR.FDRE      |
    | i_synth/UFMA_OP.OP/i_prim/DSP_FP_INREG_INST                                                                     | ARITHMETIC.DSP.DSPFP32 |
    | i_synth/UFMA_OP.OP/i_prim/DSP_FP_INMUX_INST                                                                     | ARITHMETIC.DSP.DSPFP32 |
    | i_synth/UFMA_OP.OP/i_prim/DSP_FPM_STAGE0_INST                                                                   | ARITHMETIC.DSP.DSPFP32 |
    | i_synth/UFMA_OP.OP/i_prim/DSP_FPM_PIPEREG_INST                                                                  | ARITHMETIC.DSP.DSPFP32 |
    | i_synth/UFMA_OP.OP/i_prim/DSP_FPM_STAGE1_INST                                                                   | ARITHMETIC.DSP.DSPFP32 |
    | i_synth/UFMA_OP.OP/i_prim/DSP_FP_OUTPUT_INST                                                                    | ARITHMETIC.DSP.DSPFP32 |
    | i_synth/UFMA_OP.OP/i_prim/DSP_FP_ADDER_INST                                                                     | ARITHMETIC.DSP.DSPFP32 |
    | FFT_DIT_spatial_unroll_CY_stream_vector_U0/FFT_stage_spatial_unroll_4_U0/d1_imag_reg_848_reg[16]                | REGISTER.SDR.FDRE      |
    +-----------------------------------------------------------------------------------------------------------------+------------------------+

    +-----------------------------------------------------------------------------------------------------------------+------------------------+
    | Path2 Cells                                                                                                     | Primitive Type         |
    +-----------------------------------------------------------------------------------------------------------------+------------------------+
    | FFT_DIT_spatial_unroll_CY_stream_vector_U0/FFT_stage_spatial_unroll_4_U0/zext_ln10_reg_753_pp0_iter1_reg_reg[0] | REGISTER.SDR.FDRE      |
    | i_synth/UFMA_OP.OP/i_prim/DSP_FP_INREG_INST                                                                     | ARITHMETIC.DSP.DSPFP32 |
    | i_synth/UFMA_OP.OP/i_prim/DSP_FP_INMUX_INST                                                                     | ARITHMETIC.DSP.DSPFP32 |
    | i_synth/UFMA_OP.OP/i_prim/DSP_FPM_STAGE0_INST                                                                   | ARITHMETIC.DSP.DSPFP32 |
    | i_synth/UFMA_OP.OP/i_prim/DSP_FPM_PIPEREG_INST                                                                  | ARITHMETIC.DSP.DSPFP32 |
    | i_synth/UFMA_OP.OP/i_prim/DSP_FPM_STAGE1_INST                                                                   | ARITHMETIC.DSP.DSPFP32 |
    | i_synth/UFMA_OP.OP/i_prim/DSP_FP_OUTPUT_INST                                                                    | ARITHMETIC.DSP.DSPFP32 |
    | i_synth/UFMA_OP.OP/i_prim/DSP_FP_ADDER_INST                                                                     | ARITHMETIC.DSP.DSPFP32 |
    | FFT_DIT_spatial_unroll_CY_stream_vector_U0/FFT_stage_spatial_unroll_4_U0/d1_imag_reg_848_reg[23]                | REGISTER.SDR.FDRE      |
    | FFT_DIT_spatial_unroll_CY_stream_vector_U0/FFT_stage_spatial_unroll_4_U0/zext_ln10_reg_753_pp0_iter1_reg_reg[0] | REGISTER.SDR.FDRE      |
    | i_synth/UFMA_OP.OP/i_prim/DSP_FP_INREG_INST                                                                     | ARITHMETIC.DSP.DSPFP32 |
    | i_synth/UFMA_OP.OP/i_prim/DSP_FP_INMUX_INST                                                                     | ARITHMETIC.DSP.DSPFP32 |
    | i_synth/UFMA_OP.OP/i_prim/DSP_FPM_STAGE0_INST                                                                   | ARITHMETIC.DSP.DSPFP32 |
    | i_synth/UFMA_OP.OP/i_prim/DSP_FPM_PIPEREG_INST                                                                  | ARITHMETIC.DSP.DSPFP32 |
    | i_synth/UFMA_OP.OP/i_prim/DSP_FPM_STAGE1_INST                                                                   | ARITHMETIC.DSP.DSPFP32 |
    | i_synth/UFMA_OP.OP/i_prim/DSP_FP_OUTPUT_INST                                                                    | ARITHMETIC.DSP.DSPFP32 |
    | i_synth/UFMA_OP.OP/i_prim/DSP_FP_ADDER_INST                                                                     | ARITHMETIC.DSP.DSPFP32 |
    | FFT_DIT_spatial_unroll_CY_stream_vector_U0/FFT_stage_spatial_unroll_4_U0/d1_real_reg_843_reg[23]                | REGISTER.SDR.FDRE      |
    | FFT_DIT_spatial_unroll_CY_stream_vector_U0/FFT_stage_spatial_unroll_4_U0/zext_ln10_reg_753_pp0_iter1_reg_reg[0] | REGISTER.SDR.FDRE      |
    | i_synth/UFMA_OP.OP/i_prim/DSP_FP_INREG_INST                                                                     | ARITHMETIC.DSP.DSPFP32 |
    | i_synth/UFMA_OP.OP/i_prim/DSP_FP_INMUX_INST                                                                     | ARITHMETIC.DSP.DSPFP32 |
    | i_synth/UFMA_OP.OP/i_prim/DSP_FPM_STAGE0_INST                                                                   | ARITHMETIC.DSP.DSPFP32 |
    | i_synth/UFMA_OP.OP/i_prim/DSP_FPM_PIPEREG_INST                                                                  | ARITHMETIC.DSP.DSPFP32 |
    | i_synth/UFMA_OP.OP/i_prim/DSP_FPM_STAGE1_INST                                                                   | ARITHMETIC.DSP.DSPFP32 |
    | i_synth/UFMA_OP.OP/i_prim/DSP_FP_OUTPUT_INST                                                                    | ARITHMETIC.DSP.DSPFP32 |
    | i_synth/UFMA_OP.OP/i_prim/DSP_FP_ADDER_INST                                                                     | ARITHMETIC.DSP.DSPFP32 |
    | FFT_DIT_spatial_unroll_CY_stream_vector_U0/FFT_stage_spatial_unroll_4_U0/d1_imag_reg_848_reg[25]                | REGISTER.SDR.FDRE      |
    | FFT_DIT_spatial_unroll_CY_stream_vector_U0/FFT_stage_spatial_unroll_4_U0/zext_ln10_reg_753_pp0_iter1_reg_reg[0] | REGISTER.SDR.FDRE      |
    | i_synth/UFMA_OP.OP/i_prim/DSP_FP_INREG_INST                                                                     | ARITHMETIC.DSP.DSPFP32 |
    | i_synth/UFMA_OP.OP/i_prim/DSP_FP_INMUX_INST                                                                     | ARITHMETIC.DSP.DSPFP32 |
    | i_synth/UFMA_OP.OP/i_prim/DSP_FPM_STAGE0_INST                                                                   | ARITHMETIC.DSP.DSPFP32 |
    | i_synth/UFMA_OP.OP/i_prim/DSP_FPM_PIPEREG_INST                                                                  | ARITHMETIC.DSP.DSPFP32 |
    | i_synth/UFMA_OP.OP/i_prim/DSP_FPM_STAGE1_INST                                                                   | ARITHMETIC.DSP.DSPFP32 |
    | i_synth/UFMA_OP.OP/i_prim/DSP_FP_OUTPUT_INST                                                                    | ARITHMETIC.DSP.DSPFP32 |
    | i_synth/UFMA_OP.OP/i_prim/DSP_FP_ADDER_INST                                                                     | ARITHMETIC.DSP.DSPFP32 |
    | FFT_DIT_spatial_unroll_CY_stream_vector_U0/FFT_stage_spatial_unroll_4_U0/d1_real_reg_843_reg[25]                | REGISTER.SDR.FDRE      |
    | FFT_DIT_spatial_unroll_CY_stream_vector_U0/FFT_stage_spatial_unroll_4_U0/zext_ln10_reg_753_pp0_iter1_reg_reg[0] | REGISTER.SDR.FDRE      |
    | i_synth/UFMA_OP.OP/i_prim/DSP_FP_INREG_INST                                                                     | ARITHMETIC.DSP.DSPFP32 |
    | i_synth/UFMA_OP.OP/i_prim/DSP_FP_INMUX_INST                                                                     | ARITHMETIC.DSP.DSPFP32 |
    | i_synth/UFMA_OP.OP/i_prim/DSP_FPM_STAGE0_INST                                                                   | ARITHMETIC.DSP.DSPFP32 |
    | i_synth/UFMA_OP.OP/i_prim/DSP_FPM_PIPEREG_INST                                                                  | ARITHMETIC.DSP.DSPFP32 |
    | i_synth/UFMA_OP.OP/i_prim/DSP_FPM_STAGE1_INST                                                                   | ARITHMETIC.DSP.DSPFP32 |
    | i_synth/UFMA_OP.OP/i_prim/DSP_FP_OUTPUT_INST                                                                    | ARITHMETIC.DSP.DSPFP32 |
    | i_synth/UFMA_OP.OP/i_prim/DSP_FP_ADDER_INST                                                                     | ARITHMETIC.DSP.DSPFP32 |
    | FFT_DIT_spatial_unroll_CY_stream_vector_U0/FFT_stage_spatial_unroll_4_U0/d1_imag_reg_848_reg[16]                | REGISTER.SDR.FDRE      |
    +-----------------------------------------------------------------------------------------------------------------+------------------------+

    +-----------------------------------------------------------------------------------------------------------------+------------------------+
    | Path3 Cells                                                                                                     | Primitive Type         |
    +-----------------------------------------------------------------------------------------------------------------+------------------------+
    | FFT_DIT_spatial_unroll_CY_stream_vector_U0/FFT_stage_spatial_unroll_4_U0/zext_ln10_reg_753_pp0_iter1_reg_reg[0] | REGISTER.SDR.FDRE      |
    | i_synth/UFMA_OP.OP/i_prim/DSP_FP_INREG_INST                                                                     | ARITHMETIC.DSP.DSPFP32 |
    | i_synth/UFMA_OP.OP/i_prim/DSP_FP_INMUX_INST                                                                     | ARITHMETIC.DSP.DSPFP32 |
    | i_synth/UFMA_OP.OP/i_prim/DSP_FPM_STAGE0_INST                                                                   | ARITHMETIC.DSP.DSPFP32 |
    | i_synth/UFMA_OP.OP/i_prim/DSP_FPM_PIPEREG_INST                                                                  | ARITHMETIC.DSP.DSPFP32 |
    | i_synth/UFMA_OP.OP/i_prim/DSP_FPM_STAGE1_INST                                                                   | ARITHMETIC.DSP.DSPFP32 |
    | i_synth/UFMA_OP.OP/i_prim/DSP_FP_OUTPUT_INST                                                                    | ARITHMETIC.DSP.DSPFP32 |
    | i_synth/UFMA_OP.OP/i_prim/DSP_FP_ADDER_INST                                                                     | ARITHMETIC.DSP.DSPFP32 |
    | FFT_DIT_spatial_unroll_CY_stream_vector_U0/FFT_stage_spatial_unroll_4_U0/d1_imag_reg_848_reg[23]                | REGISTER.SDR.FDRE      |
    | FFT_DIT_spatial_unroll_CY_stream_vector_U0/FFT_stage_spatial_unroll_4_U0/zext_ln10_reg_753_pp0_iter1_reg_reg[0] | REGISTER.SDR.FDRE      |
    | i_synth/UFMA_OP.OP/i_prim/DSP_FP_INREG_INST                                                                     | ARITHMETIC.DSP.DSPFP32 |
    | i_synth/UFMA_OP.OP/i_prim/DSP_FP_INMUX_INST                                                                     | ARITHMETIC.DSP.DSPFP32 |
    | i_synth/UFMA_OP.OP/i_prim/DSP_FPM_STAGE0_INST                                                                   | ARITHMETIC.DSP.DSPFP32 |
    | i_synth/UFMA_OP.OP/i_prim/DSP_FPM_PIPEREG_INST                                                                  | ARITHMETIC.DSP.DSPFP32 |
    | i_synth/UFMA_OP.OP/i_prim/DSP_FPM_STAGE1_INST                                                                   | ARITHMETIC.DSP.DSPFP32 |
    | i_synth/UFMA_OP.OP/i_prim/DSP_FP_OUTPUT_INST                                                                    | ARITHMETIC.DSP.DSPFP32 |
    | i_synth/UFMA_OP.OP/i_prim/DSP_FP_ADDER_INST                                                                     | ARITHMETIC.DSP.DSPFP32 |
    | FFT_DIT_spatial_unroll_CY_stream_vector_U0/FFT_stage_spatial_unroll_4_U0/d1_real_reg_843_reg[23]                | REGISTER.SDR.FDRE      |
    | FFT_DIT_spatial_unroll_CY_stream_vector_U0/FFT_stage_spatial_unroll_4_U0/zext_ln10_reg_753_pp0_iter1_reg_reg[0] | REGISTER.SDR.FDRE      |
    | i_synth/UFMA_OP.OP/i_prim/DSP_FP_INREG_INST                                                                     | ARITHMETIC.DSP.DSPFP32 |
    | i_synth/UFMA_OP.OP/i_prim/DSP_FP_INMUX_INST                                                                     | ARITHMETIC.DSP.DSPFP32 |
    | i_synth/UFMA_OP.OP/i_prim/DSP_FPM_STAGE0_INST                                                                   | ARITHMETIC.DSP.DSPFP32 |
    | i_synth/UFMA_OP.OP/i_prim/DSP_FPM_PIPEREG_INST                                                                  | ARITHMETIC.DSP.DSPFP32 |
    | i_synth/UFMA_OP.OP/i_prim/DSP_FPM_STAGE1_INST                                                                   | ARITHMETIC.DSP.DSPFP32 |
    | i_synth/UFMA_OP.OP/i_prim/DSP_FP_OUTPUT_INST                                                                    | ARITHMETIC.DSP.DSPFP32 |
    | i_synth/UFMA_OP.OP/i_prim/DSP_FP_ADDER_INST                                                                     | ARITHMETIC.DSP.DSPFP32 |
    | FFT_DIT_spatial_unroll_CY_stream_vector_U0/FFT_stage_spatial_unroll_4_U0/d1_imag_reg_848_reg[25]                | REGISTER.SDR.FDRE      |
    | FFT_DIT_spatial_unroll_CY_stream_vector_U0/FFT_stage_spatial_unroll_4_U0/zext_ln10_reg_753_pp0_iter1_reg_reg[0] | REGISTER.SDR.FDRE      |
    | i_synth/UFMA_OP.OP/i_prim/DSP_FP_INREG_INST                                                                     | ARITHMETIC.DSP.DSPFP32 |
    | i_synth/UFMA_OP.OP/i_prim/DSP_FP_INMUX_INST                                                                     | ARITHMETIC.DSP.DSPFP32 |
    | i_synth/UFMA_OP.OP/i_prim/DSP_FPM_STAGE0_INST                                                                   | ARITHMETIC.DSP.DSPFP32 |
    | i_synth/UFMA_OP.OP/i_prim/DSP_FPM_PIPEREG_INST                                                                  | ARITHMETIC.DSP.DSPFP32 |
    | i_synth/UFMA_OP.OP/i_prim/DSP_FPM_STAGE1_INST                                                                   | ARITHMETIC.DSP.DSPFP32 |
    | i_synth/UFMA_OP.OP/i_prim/DSP_FP_OUTPUT_INST                                                                    | ARITHMETIC.DSP.DSPFP32 |
    | i_synth/UFMA_OP.OP/i_prim/DSP_FP_ADDER_INST                                                                     | ARITHMETIC.DSP.DSPFP32 |
    | FFT_DIT_spatial_unroll_CY_stream_vector_U0/FFT_stage_spatial_unroll_4_U0/d1_real_reg_843_reg[25]                | REGISTER.SDR.FDRE      |
    | FFT_DIT_spatial_unroll_CY_stream_vector_U0/FFT_stage_spatial_unroll_4_U0/zext_ln10_reg_753_pp0_iter1_reg_reg[0] | REGISTER.SDR.FDRE      |
    | i_synth/UFMA_OP.OP/i_prim/DSP_FP_INREG_INST                                                                     | ARITHMETIC.DSP.DSPFP32 |
    | i_synth/UFMA_OP.OP/i_prim/DSP_FP_INMUX_INST                                                                     | ARITHMETIC.DSP.DSPFP32 |
    | i_synth/UFMA_OP.OP/i_prim/DSP_FPM_STAGE0_INST                                                                   | ARITHMETIC.DSP.DSPFP32 |
    | i_synth/UFMA_OP.OP/i_prim/DSP_FPM_PIPEREG_INST                                                                  | ARITHMETIC.DSP.DSPFP32 |
    | i_synth/UFMA_OP.OP/i_prim/DSP_FPM_STAGE1_INST                                                                   | ARITHMETIC.DSP.DSPFP32 |
    | i_synth/UFMA_OP.OP/i_prim/DSP_FP_OUTPUT_INST                                                                    | ARITHMETIC.DSP.DSPFP32 |
    | i_synth/UFMA_OP.OP/i_prim/DSP_FP_ADDER_INST                                                                     | ARITHMETIC.DSP.DSPFP32 |
    | FFT_DIT_spatial_unroll_CY_stream_vector_U0/FFT_stage_spatial_unroll_4_U0/d1_imag_reg_848_reg[16]                | REGISTER.SDR.FDRE      |
    +-----------------------------------------------------------------------------------------------------------------+------------------------+

    +-----------------------------------------------------------------------------------------------------------------+------------------------+
    | Path4 Cells                                                                                                     | Primitive Type         |
    +-----------------------------------------------------------------------------------------------------------------+------------------------+
    | FFT_DIT_spatial_unroll_CY_stream_vector_U0/FFT_stage_spatial_unroll_4_U0/zext_ln10_reg_753_pp0_iter1_reg_reg[0] | REGISTER.SDR.FDRE      |
    | i_synth/UFMA_OP.OP/i_prim/DSP_FP_INREG_INST                                                                     | ARITHMETIC.DSP.DSPFP32 |
    | i_synth/UFMA_OP.OP/i_prim/DSP_FP_INMUX_INST                                                                     | ARITHMETIC.DSP.DSPFP32 |
    | i_synth/UFMA_OP.OP/i_prim/DSP_FPM_STAGE0_INST                                                                   | ARITHMETIC.DSP.DSPFP32 |
    | i_synth/UFMA_OP.OP/i_prim/DSP_FPM_PIPEREG_INST                                                                  | ARITHMETIC.DSP.DSPFP32 |
    | i_synth/UFMA_OP.OP/i_prim/DSP_FPM_STAGE1_INST                                                                   | ARITHMETIC.DSP.DSPFP32 |
    | i_synth/UFMA_OP.OP/i_prim/DSP_FP_OUTPUT_INST                                                                    | ARITHMETIC.DSP.DSPFP32 |
    | i_synth/UFMA_OP.OP/i_prim/DSP_FP_ADDER_INST                                                                     | ARITHMETIC.DSP.DSPFP32 |
    | FFT_DIT_spatial_unroll_CY_stream_vector_U0/FFT_stage_spatial_unroll_4_U0/d1_imag_reg_848_reg[23]                | REGISTER.SDR.FDRE      |
    | FFT_DIT_spatial_unroll_CY_stream_vector_U0/FFT_stage_spatial_unroll_4_U0/zext_ln10_reg_753_pp0_iter1_reg_reg[0] | REGISTER.SDR.FDRE      |
    | i_synth/UFMA_OP.OP/i_prim/DSP_FP_INREG_INST                                                                     | ARITHMETIC.DSP.DSPFP32 |
    | i_synth/UFMA_OP.OP/i_prim/DSP_FP_INMUX_INST                                                                     | ARITHMETIC.DSP.DSPFP32 |
    | i_synth/UFMA_OP.OP/i_prim/DSP_FPM_STAGE0_INST                                                                   | ARITHMETIC.DSP.DSPFP32 |
    | i_synth/UFMA_OP.OP/i_prim/DSP_FPM_PIPEREG_INST                                                                  | ARITHMETIC.DSP.DSPFP32 |
    | i_synth/UFMA_OP.OP/i_prim/DSP_FPM_STAGE1_INST                                                                   | ARITHMETIC.DSP.DSPFP32 |
    | i_synth/UFMA_OP.OP/i_prim/DSP_FP_OUTPUT_INST                                                                    | ARITHMETIC.DSP.DSPFP32 |
    | i_synth/UFMA_OP.OP/i_prim/DSP_FP_ADDER_INST                                                                     | ARITHMETIC.DSP.DSPFP32 |
    | FFT_DIT_spatial_unroll_CY_stream_vector_U0/FFT_stage_spatial_unroll_4_U0/d1_real_reg_843_reg[23]                | REGISTER.SDR.FDRE      |
    | FFT_DIT_spatial_unroll_CY_stream_vector_U0/FFT_stage_spatial_unroll_4_U0/zext_ln10_reg_753_pp0_iter1_reg_reg[0] | REGISTER.SDR.FDRE      |
    | i_synth/UFMA_OP.OP/i_prim/DSP_FP_INREG_INST                                                                     | ARITHMETIC.DSP.DSPFP32 |
    | i_synth/UFMA_OP.OP/i_prim/DSP_FP_INMUX_INST                                                                     | ARITHMETIC.DSP.DSPFP32 |
    | i_synth/UFMA_OP.OP/i_prim/DSP_FPM_STAGE0_INST                                                                   | ARITHMETIC.DSP.DSPFP32 |
    | i_synth/UFMA_OP.OP/i_prim/DSP_FPM_PIPEREG_INST                                                                  | ARITHMETIC.DSP.DSPFP32 |
    | i_synth/UFMA_OP.OP/i_prim/DSP_FPM_STAGE1_INST                                                                   | ARITHMETIC.DSP.DSPFP32 |
    | i_synth/UFMA_OP.OP/i_prim/DSP_FP_OUTPUT_INST                                                                    | ARITHMETIC.DSP.DSPFP32 |
    | i_synth/UFMA_OP.OP/i_prim/DSP_FP_ADDER_INST                                                                     | ARITHMETIC.DSP.DSPFP32 |
    | FFT_DIT_spatial_unroll_CY_stream_vector_U0/FFT_stage_spatial_unroll_4_U0/d1_imag_reg_848_reg[25]                | REGISTER.SDR.FDRE      |
    | FFT_DIT_spatial_unroll_CY_stream_vector_U0/FFT_stage_spatial_unroll_4_U0/zext_ln10_reg_753_pp0_iter1_reg_reg[0] | REGISTER.SDR.FDRE      |
    | i_synth/UFMA_OP.OP/i_prim/DSP_FP_INREG_INST                                                                     | ARITHMETIC.DSP.DSPFP32 |
    | i_synth/UFMA_OP.OP/i_prim/DSP_FP_INMUX_INST                                                                     | ARITHMETIC.DSP.DSPFP32 |
    | i_synth/UFMA_OP.OP/i_prim/DSP_FPM_STAGE0_INST                                                                   | ARITHMETIC.DSP.DSPFP32 |
    | i_synth/UFMA_OP.OP/i_prim/DSP_FPM_PIPEREG_INST                                                                  | ARITHMETIC.DSP.DSPFP32 |
    | i_synth/UFMA_OP.OP/i_prim/DSP_FPM_STAGE1_INST                                                                   | ARITHMETIC.DSP.DSPFP32 |
    | i_synth/UFMA_OP.OP/i_prim/DSP_FP_OUTPUT_INST                                                                    | ARITHMETIC.DSP.DSPFP32 |
    | i_synth/UFMA_OP.OP/i_prim/DSP_FP_ADDER_INST                                                                     | ARITHMETIC.DSP.DSPFP32 |
    | FFT_DIT_spatial_unroll_CY_stream_vector_U0/FFT_stage_spatial_unroll_4_U0/d1_real_reg_843_reg[25]                | REGISTER.SDR.FDRE      |
    | FFT_DIT_spatial_unroll_CY_stream_vector_U0/FFT_stage_spatial_unroll_4_U0/zext_ln10_reg_753_pp0_iter1_reg_reg[0] | REGISTER.SDR.FDRE      |
    | i_synth/UFMA_OP.OP/i_prim/DSP_FP_INREG_INST                                                                     | ARITHMETIC.DSP.DSPFP32 |
    | i_synth/UFMA_OP.OP/i_prim/DSP_FP_INMUX_INST                                                                     | ARITHMETIC.DSP.DSPFP32 |
    | i_synth/UFMA_OP.OP/i_prim/DSP_FPM_STAGE0_INST                                                                   | ARITHMETIC.DSP.DSPFP32 |
    | i_synth/UFMA_OP.OP/i_prim/DSP_FPM_PIPEREG_INST                                                                  | ARITHMETIC.DSP.DSPFP32 |
    | i_synth/UFMA_OP.OP/i_prim/DSP_FPM_STAGE1_INST                                                                   | ARITHMETIC.DSP.DSPFP32 |
    | i_synth/UFMA_OP.OP/i_prim/DSP_FP_OUTPUT_INST                                                                    | ARITHMETIC.DSP.DSPFP32 |
    | i_synth/UFMA_OP.OP/i_prim/DSP_FP_ADDER_INST                                                                     | ARITHMETIC.DSP.DSPFP32 |
    | FFT_DIT_spatial_unroll_CY_stream_vector_U0/FFT_stage_spatial_unroll_4_U0/d1_imag_reg_848_reg[16]                | REGISTER.SDR.FDRE      |
    +-----------------------------------------------------------------------------------------------------------------+------------------------+

    +-----------------------------------------------------------------------------------------------------------------+------------------------+
    | Path5 Cells                                                                                                     | Primitive Type         |
    +-----------------------------------------------------------------------------------------------------------------+------------------------+
    | FFT_DIT_spatial_unroll_CY_stream_vector_U0/FFT_stage_spatial_unroll_4_U0/zext_ln10_reg_753_pp0_iter1_reg_reg[0] | REGISTER.SDR.FDRE      |
    | i_synth/UFMA_OP.OP/i_prim/DSP_FP_INREG_INST                                                                     | ARITHMETIC.DSP.DSPFP32 |
    | i_synth/UFMA_OP.OP/i_prim/DSP_FP_INMUX_INST                                                                     | ARITHMETIC.DSP.DSPFP32 |
    | i_synth/UFMA_OP.OP/i_prim/DSP_FPM_STAGE0_INST                                                                   | ARITHMETIC.DSP.DSPFP32 |
    | i_synth/UFMA_OP.OP/i_prim/DSP_FPM_PIPEREG_INST                                                                  | ARITHMETIC.DSP.DSPFP32 |
    | i_synth/UFMA_OP.OP/i_prim/DSP_FPM_STAGE1_INST                                                                   | ARITHMETIC.DSP.DSPFP32 |
    | i_synth/UFMA_OP.OP/i_prim/DSP_FP_OUTPUT_INST                                                                    | ARITHMETIC.DSP.DSPFP32 |
    | i_synth/UFMA_OP.OP/i_prim/DSP_FP_ADDER_INST                                                                     | ARITHMETIC.DSP.DSPFP32 |
    | FFT_DIT_spatial_unroll_CY_stream_vector_U0/FFT_stage_spatial_unroll_4_U0/d1_imag_reg_848_reg[23]                | REGISTER.SDR.FDRE      |
    | FFT_DIT_spatial_unroll_CY_stream_vector_U0/FFT_stage_spatial_unroll_4_U0/zext_ln10_reg_753_pp0_iter1_reg_reg[0] | REGISTER.SDR.FDRE      |
    | i_synth/UFMA_OP.OP/i_prim/DSP_FP_INREG_INST                                                                     | ARITHMETIC.DSP.DSPFP32 |
    | i_synth/UFMA_OP.OP/i_prim/DSP_FP_INMUX_INST                                                                     | ARITHMETIC.DSP.DSPFP32 |
    | i_synth/UFMA_OP.OP/i_prim/DSP_FPM_STAGE0_INST                                                                   | ARITHMETIC.DSP.DSPFP32 |
    | i_synth/UFMA_OP.OP/i_prim/DSP_FPM_PIPEREG_INST                                                                  | ARITHMETIC.DSP.DSPFP32 |
    | i_synth/UFMA_OP.OP/i_prim/DSP_FPM_STAGE1_INST                                                                   | ARITHMETIC.DSP.DSPFP32 |
    | i_synth/UFMA_OP.OP/i_prim/DSP_FP_OUTPUT_INST                                                                    | ARITHMETIC.DSP.DSPFP32 |
    | i_synth/UFMA_OP.OP/i_prim/DSP_FP_ADDER_INST                                                                     | ARITHMETIC.DSP.DSPFP32 |
    | FFT_DIT_spatial_unroll_CY_stream_vector_U0/FFT_stage_spatial_unroll_4_U0/d1_real_reg_843_reg[23]                | REGISTER.SDR.FDRE      |
    | FFT_DIT_spatial_unroll_CY_stream_vector_U0/FFT_stage_spatial_unroll_4_U0/zext_ln10_reg_753_pp0_iter1_reg_reg[0] | REGISTER.SDR.FDRE      |
    | i_synth/UFMA_OP.OP/i_prim/DSP_FP_INREG_INST                                                                     | ARITHMETIC.DSP.DSPFP32 |
    | i_synth/UFMA_OP.OP/i_prim/DSP_FP_INMUX_INST                                                                     | ARITHMETIC.DSP.DSPFP32 |
    | i_synth/UFMA_OP.OP/i_prim/DSP_FPM_STAGE0_INST                                                                   | ARITHMETIC.DSP.DSPFP32 |
    | i_synth/UFMA_OP.OP/i_prim/DSP_FPM_PIPEREG_INST                                                                  | ARITHMETIC.DSP.DSPFP32 |
    | i_synth/UFMA_OP.OP/i_prim/DSP_FPM_STAGE1_INST                                                                   | ARITHMETIC.DSP.DSPFP32 |
    | i_synth/UFMA_OP.OP/i_prim/DSP_FP_OUTPUT_INST                                                                    | ARITHMETIC.DSP.DSPFP32 |
    | i_synth/UFMA_OP.OP/i_prim/DSP_FP_ADDER_INST                                                                     | ARITHMETIC.DSP.DSPFP32 |
    | FFT_DIT_spatial_unroll_CY_stream_vector_U0/FFT_stage_spatial_unroll_4_U0/d1_imag_reg_848_reg[25]                | REGISTER.SDR.FDRE      |
    | FFT_DIT_spatial_unroll_CY_stream_vector_U0/FFT_stage_spatial_unroll_4_U0/zext_ln10_reg_753_pp0_iter1_reg_reg[0] | REGISTER.SDR.FDRE      |
    | i_synth/UFMA_OP.OP/i_prim/DSP_FP_INREG_INST                                                                     | ARITHMETIC.DSP.DSPFP32 |
    | i_synth/UFMA_OP.OP/i_prim/DSP_FP_INMUX_INST                                                                     | ARITHMETIC.DSP.DSPFP32 |
    | i_synth/UFMA_OP.OP/i_prim/DSP_FPM_STAGE0_INST                                                                   | ARITHMETIC.DSP.DSPFP32 |
    | i_synth/UFMA_OP.OP/i_prim/DSP_FPM_PIPEREG_INST                                                                  | ARITHMETIC.DSP.DSPFP32 |
    | i_synth/UFMA_OP.OP/i_prim/DSP_FPM_STAGE1_INST                                                                   | ARITHMETIC.DSP.DSPFP32 |
    | i_synth/UFMA_OP.OP/i_prim/DSP_FP_OUTPUT_INST                                                                    | ARITHMETIC.DSP.DSPFP32 |
    | i_synth/UFMA_OP.OP/i_prim/DSP_FP_ADDER_INST                                                                     | ARITHMETIC.DSP.DSPFP32 |
    | FFT_DIT_spatial_unroll_CY_stream_vector_U0/FFT_stage_spatial_unroll_4_U0/d1_real_reg_843_reg[25]                | REGISTER.SDR.FDRE      |
    | FFT_DIT_spatial_unroll_CY_stream_vector_U0/FFT_stage_spatial_unroll_4_U0/zext_ln10_reg_753_pp0_iter1_reg_reg[0] | REGISTER.SDR.FDRE      |
    | i_synth/UFMA_OP.OP/i_prim/DSP_FP_INREG_INST                                                                     | ARITHMETIC.DSP.DSPFP32 |
    | i_synth/UFMA_OP.OP/i_prim/DSP_FP_INMUX_INST                                                                     | ARITHMETIC.DSP.DSPFP32 |
    | i_synth/UFMA_OP.OP/i_prim/DSP_FPM_STAGE0_INST                                                                   | ARITHMETIC.DSP.DSPFP32 |
    | i_synth/UFMA_OP.OP/i_prim/DSP_FPM_PIPEREG_INST                                                                  | ARITHMETIC.DSP.DSPFP32 |
    | i_synth/UFMA_OP.OP/i_prim/DSP_FPM_STAGE1_INST                                                                   | ARITHMETIC.DSP.DSPFP32 |
    | i_synth/UFMA_OP.OP/i_prim/DSP_FP_OUTPUT_INST                                                                    | ARITHMETIC.DSP.DSPFP32 |
    | i_synth/UFMA_OP.OP/i_prim/DSP_FP_ADDER_INST                                                                     | ARITHMETIC.DSP.DSPFP32 |
    | FFT_DIT_spatial_unroll_CY_stream_vector_U0/FFT_stage_spatial_unroll_4_U0/d1_imag_reg_848_reg[16]                | REGISTER.SDR.FDRE      |
    +-----------------------------------------------------------------------------------------------------------------+------------------------+


================================================================
== RTL Synthesis Vivado Reports
================================================================
+--------------------------+----------------------------------------------------------------+
| Report Type              | Report Location                                                |
+--------------------------+----------------------------------------------------------------+
| design_analysis          | impl/verilog/report/FFT_TOP_design_analysis_synth.rpt          |
| failfast                 | impl/verilog/report/FFT_TOP_failfast_synth.rpt                 |
| power                    | impl/verilog/report/FFT_TOP_power_synth.rpt                    |
| timing                   | impl/verilog/report/FFT_TOP_timing_synth.rpt                   |
| timing_paths             | impl/verilog/report/FFT_TOP_timing_paths_synth.rpt             |
| utilization              | impl/verilog/report/FFT_TOP_utilization_synth.rpt              |
| utilization_hierarchical | impl/verilog/report/FFT_TOP_utilization_hierarchical_synth.rpt |
+--------------------------+----------------------------------------------------------------+


