Copyright 1986-2022 Xilinx, Inc. All Rights Reserved. Copyright 2022-2024 Advanced Micro Devices, Inc. All Rights Reserved.
---------------------------------------------------------------------------------------------------------------------------------------------
| Tool Version : Vivado v.2024.2 (lin64) Build 5239630 Fri Nov 08 22:34:34 MST 2024
| Date         : Wed Jul 16 19:03:30 2025
| Host         : c04 running 64-bit Ubuntu 22.04.5 LTS
| Command      : report_timing -max_paths 10 -file ./report/FFT_DIT_RN_timing_paths_synth.rpt
| Design       : bd_0_wrapper
| Device       : 7z020-clg400
| Speed File   : -1  PRODUCTION 1.12 2019-11-22
| Design State : Synthesized
---------------------------------------------------------------------------------------------------------------------------------------------

Timing Report

Slack (VIOLATED) :        -0.219ns  (required time - arrival time)
  Source:                 bd_0_i/hls_inst/inst/grp_FFT_pipeline_DIT_fu_154/FFT_DIT_spatial_unroll_CY_stream_vector_U0/FFT_stage_spatial_unroll_3_U0/m143_fu_152_reg[3]/C
                            (rising edge-triggered cell FDRE clocked by ap_clk  {rise@0.000ns fall@2.000ns period=4.000ns})
  Destination:            bd_0_i/hls_inst/inst/grp_FFT_pipeline_DIT_fu_154/FFT_DIT_spatial_unroll_CY_stream_vector_U0/FFT_DIT_spatial_unroll_CY_stream_vector_stream_stream_vector_0_data_0_0_0_U/gen_buffer[0].FFT_DIT_RN_FFT_DIT_spatial_unroll_CY_stream_vector_FFT_DIT_spatial_unroll_CY_stream_vectrcU_memcore_U/q1_reg[0]/D
                            (rising edge-triggered cell FDRE clocked by ap_clk  {rise@0.000ns fall@2.000ns period=4.000ns})
  Path Group:             ap_clk
  Path Type:              Setup (Max at Slow Process Corner)
  Requirement:            4.000ns  (ap_clk rise@4.000ns - ap_clk rise@0.000ns)
  Data Path Delay:        4.119ns  (logic 1.061ns (25.759%)  route 3.058ns (74.241%))
  Logic Levels:           3  (LUT4=1 LUT6=1 RAMD32=1)
  Clock Path Skew:        -0.049ns (DCD - SCD + CPR)
    Destination Clock Delay (DCD):    0.924ns = ( 4.924 - 4.000 ) 
    Source Clock Delay      (SCD):    0.973ns
    Clock Pessimism Removal (CPR):    0.000ns
  Clock Uncertainty:      0.035ns  ((TSJ^2 + TIJ^2)^1/2 + DJ) / 2 + PE
    Total System Jitter     (TSJ):    0.071ns
    Total Input Jitter      (TIJ):    0.000ns
    Discrete Jitter          (DJ):    0.000ns
    Phase Error              (PE):    0.000ns

    Location             Delay type                Incr(ns)  Path(ns)    Netlist Resource(s)
  -------------------------------------------------------------------    -------------------
                         (clock ap_clk rise edge)     0.000     0.000 r  
                                                      0.000     0.000 r  ap_clk (IN)
                         net (fo=77472, unset)        0.973     0.973    bd_0_i/hls_inst/inst/grp_FFT_pipeline_DIT_fu_154/FFT_DIT_spatial_unroll_CY_stream_vector_U0/FFT_stage_spatial_unroll_3_U0/ap_clk
                         FDRE                                         r  bd_0_i/hls_inst/inst/grp_FFT_pipeline_DIT_fu_154/FFT_DIT_spatial_unroll_CY_stream_vector_U0/FFT_stage_spatial_unroll_3_U0/m143_fu_152_reg[3]/C
  -------------------------------------------------------------------    -------------------
                         FDRE (Prop_fdre_C_Q)         0.518     1.491 r  bd_0_i/hls_inst/inst/grp_FFT_pipeline_DIT_fu_154/FFT_DIT_spatial_unroll_CY_stream_vector_U0/FFT_stage_spatial_unroll_3_U0/m143_fu_152_reg[3]/Q
                         net (fo=5, unplaced)         0.993     2.484    bd_0_i/hls_inst/inst/grp_FFT_pipeline_DIT_fu_154/FFT_DIT_spatial_unroll_CY_stream_vector_U0/FFT_stage_spatial_unroll_3_U0/m143_fu_152[3]
                         LUT6 (Prop_lut6_I0_O)        0.295     2.779 r  bd_0_i/hls_inst/inst/grp_FFT_pipeline_DIT_fu_154/FFT_DIT_spatial_unroll_CY_stream_vector_U0/FFT_stage_spatial_unroll_3_U0/m143_fu_152[3]_i_1/O
                         net (fo=34, unplaced)        0.522     3.301    bd_0_i/hls_inst/inst/grp_FFT_pipeline_DIT_fu_154/FFT_DIT_spatial_unroll_CY_stream_vector_U0/FFT_DIT_spatial_unroll_CY_stream_vector_stream_stream_vector_0_data_0_0_0_U/gen_buffer[0].FFT_DIT_RN_FFT_DIT_spatial_unroll_CY_stream_vector_FFT_DIT_spatial_unroll_CY_stream_vectrcU_memcore_U/FFT_DIT_spatial_unroll_CY_stream_vector_stream_stream_vector_0_data_0_1_2_address0[0]
                         LUT4 (Prop_lut4_I0_O)        0.124     3.425 r  bd_0_i/hls_inst/inst/grp_FFT_pipeline_DIT_fu_154/FFT_DIT_spatial_unroll_CY_stream_vector_U0/FFT_DIT_spatial_unroll_CY_stream_vector_stream_stream_vector_0_data_0_0_0_U/gen_buffer[0].FFT_DIT_RN_FFT_DIT_spatial_unroll_CY_stream_vector_FFT_DIT_spatial_unroll_CY_stream_vectrcU_memcore_U/ram_reg_0_31_0_0_i_4__6/O
                         net (fo=96, unplaced)        1.210     4.635    bd_0_i/hls_inst/inst/grp_FFT_pipeline_DIT_fu_154/FFT_DIT_spatial_unroll_CY_stream_vector_U0/FFT_DIT_spatial_unroll_CY_stream_vector_stream_stream_vector_0_data_0_0_0_U/gen_buffer[0].FFT_DIT_RN_FFT_DIT_spatial_unroll_CY_stream_vector_FFT_DIT_spatial_unroll_CY_stream_vectrcU_memcore_U/ram_reg_0_31_0_0/A1
                         RAMD32 (Prop_ramd32_RADR1_O)
                                                      0.124     4.759 r  bd_0_i/hls_inst/inst/grp_FFT_pipeline_DIT_fu_154/FFT_DIT_spatial_unroll_CY_stream_vector_U0/FFT_DIT_spatial_unroll_CY_stream_vector_stream_stream_vector_0_data_0_0_0_U/gen_buffer[0].FFT_DIT_RN_FFT_DIT_spatial_unroll_CY_stream_vector_FFT_DIT_spatial_unroll_CY_stream_vectrcU_memcore_U/ram_reg_0_31_0_0/SP/O
                         net (fo=1, unplaced)         0.333     5.092    bd_0_i/hls_inst/inst/grp_FFT_pipeline_DIT_fu_154/FFT_DIT_spatial_unroll_CY_stream_vector_U0/FFT_DIT_spatial_unroll_CY_stream_vector_stream_stream_vector_0_data_0_0_0_U/gen_buffer[0].FFT_DIT_RN_FFT_DIT_spatial_unroll_CY_stream_vector_FFT_DIT_spatial_unroll_CY_stream_vectrcU_memcore_U/ram_reg_0_31_0_0_n_4
                         FDRE                                         r  bd_0_i/hls_inst/inst/grp_FFT_pipeline_DIT_fu_154/FFT_DIT_spatial_unroll_CY_stream_vector_U0/FFT_DIT_spatial_unroll_CY_stream_vector_stream_stream_vector_0_data_0_0_0_U/gen_buffer[0].FFT_DIT_RN_FFT_DIT_spatial_unroll_CY_stream_vector_FFT_DIT_spatial_unroll_CY_stream_vectrcU_memcore_U/q1_reg[0]/D
  -------------------------------------------------------------------    -------------------

                         (clock ap_clk rise edge)     4.000     4.000 r  
                                                      0.000     4.000 r  ap_clk (IN)
                         net (fo=77472, unset)        0.924     4.924    bd_0_i/hls_inst/inst/grp_FFT_pipeline_DIT_fu_154/FFT_DIT_spatial_unroll_CY_stream_vector_U0/FFT_DIT_spatial_unroll_CY_stream_vector_stream_stream_vector_0_data_0_0_0_U/gen_buffer[0].FFT_DIT_RN_FFT_DIT_spatial_unroll_CY_stream_vector_FFT_DIT_spatial_unroll_CY_stream_vectrcU_memcore_U/ap_clk
                         FDRE                                         r  bd_0_i/hls_inst/inst/grp_FFT_pipeline_DIT_fu_154/FFT_DIT_spatial_unroll_CY_stream_vector_U0/FFT_DIT_spatial_unroll_CY_stream_vector_stream_stream_vector_0_data_0_0_0_U/gen_buffer[0].FFT_DIT_RN_FFT_DIT_spatial_unroll_CY_stream_vector_FFT_DIT_spatial_unroll_CY_stream_vectrcU_memcore_U/q1_reg[0]/C
                         clock pessimism              0.000     4.924    
                         clock uncertainty           -0.035     4.889    
                         FDRE (Setup_fdre_C_D)       -0.016     4.873    bd_0_i/hls_inst/inst/grp_FFT_pipeline_DIT_fu_154/FFT_DIT_spatial_unroll_CY_stream_vector_U0/FFT_DIT_spatial_unroll_CY_stream_vector_stream_stream_vector_0_data_0_0_0_U/gen_buffer[0].FFT_DIT_RN_FFT_DIT_spatial_unroll_CY_stream_vector_FFT_DIT_spatial_unroll_CY_stream_vectrcU_memcore_U/q1_reg[0]
  -------------------------------------------------------------------
                         required time                          4.873    
                         arrival time                          -5.092    
  -------------------------------------------------------------------
                         slack                                 -0.219    

Slack (VIOLATED) :        -0.219ns  (required time - arrival time)
  Source:                 bd_0_i/hls_inst/inst/grp_FFT_pipeline_DIT_fu_154/FFT_DIT_spatial_unroll_CY_stream_vector_U0/FFT_stage_spatial_unroll_3_U0/m143_fu_152_reg[3]/C
                            (rising edge-triggered cell FDRE clocked by ap_clk  {rise@0.000ns fall@2.000ns period=4.000ns})
  Destination:            bd_0_i/hls_inst/inst/grp_FFT_pipeline_DIT_fu_154/FFT_DIT_spatial_unroll_CY_stream_vector_U0/FFT_DIT_spatial_unroll_CY_stream_vector_stream_stream_vector_0_data_0_0_0_U/gen_buffer[0].FFT_DIT_RN_FFT_DIT_spatial_unroll_CY_stream_vector_FFT_DIT_spatial_unroll_CY_stream_vectrcU_memcore_U/q1_reg[10]/D
                            (rising edge-triggered cell FDRE clocked by ap_clk  {rise@0.000ns fall@2.000ns period=4.000ns})
  Path Group:             ap_clk
  Path Type:              Setup (Max at Slow Process Corner)
  Requirement:            4.000ns  (ap_clk rise@4.000ns - ap_clk rise@0.000ns)
  Data Path Delay:        4.119ns  (logic 1.061ns (25.759%)  route 3.058ns (74.241%))
  Logic Levels:           3  (LUT4=1 LUT6=1 RAMD32=1)
  Clock Path Skew:        -0.049ns (DCD - SCD + CPR)
    Destination Clock Delay (DCD):    0.924ns = ( 4.924 - 4.000 ) 
    Source Clock Delay      (SCD):    0.973ns
    Clock Pessimism Removal (CPR):    0.000ns
  Clock Uncertainty:      0.035ns  ((TSJ^2 + TIJ^2)^1/2 + DJ) / 2 + PE
    Total System Jitter     (TSJ):    0.071ns
    Total Input Jitter      (TIJ):    0.000ns
    Discrete Jitter          (DJ):    0.000ns
    Phase Error              (PE):    0.000ns

    Location             Delay type                Incr(ns)  Path(ns)    Netlist Resource(s)
  -------------------------------------------------------------------    -------------------
                         (clock ap_clk rise edge)     0.000     0.000 r  
                                                      0.000     0.000 r  ap_clk (IN)
                         net (fo=77472, unset)        0.973     0.973    bd_0_i/hls_inst/inst/grp_FFT_pipeline_DIT_fu_154/FFT_DIT_spatial_unroll_CY_stream_vector_U0/FFT_stage_spatial_unroll_3_U0/ap_clk
                         FDRE                                         r  bd_0_i/hls_inst/inst/grp_FFT_pipeline_DIT_fu_154/FFT_DIT_spatial_unroll_CY_stream_vector_U0/FFT_stage_spatial_unroll_3_U0/m143_fu_152_reg[3]/C
  -------------------------------------------------------------------    -------------------
                         FDRE (Prop_fdre_C_Q)         0.518     1.491 r  bd_0_i/hls_inst/inst/grp_FFT_pipeline_DIT_fu_154/FFT_DIT_spatial_unroll_CY_stream_vector_U0/FFT_stage_spatial_unroll_3_U0/m143_fu_152_reg[3]/Q
                         net (fo=5, unplaced)         0.993     2.484    bd_0_i/hls_inst/inst/grp_FFT_pipeline_DIT_fu_154/FFT_DIT_spatial_unroll_CY_stream_vector_U0/FFT_stage_spatial_unroll_3_U0/m143_fu_152[3]
                         LUT6 (Prop_lut6_I0_O)        0.295     2.779 r  bd_0_i/hls_inst/inst/grp_FFT_pipeline_DIT_fu_154/FFT_DIT_spatial_unroll_CY_stream_vector_U0/FFT_stage_spatial_unroll_3_U0/m143_fu_152[3]_i_1/O
                         net (fo=34, unplaced)        0.522     3.301    bd_0_i/hls_inst/inst/grp_FFT_pipeline_DIT_fu_154/FFT_DIT_spatial_unroll_CY_stream_vector_U0/FFT_DIT_spatial_unroll_CY_stream_vector_stream_stream_vector_0_data_0_0_0_U/gen_buffer[0].FFT_DIT_RN_FFT_DIT_spatial_unroll_CY_stream_vector_FFT_DIT_spatial_unroll_CY_stream_vectrcU_memcore_U/FFT_DIT_spatial_unroll_CY_stream_vector_stream_stream_vector_0_data_0_1_2_address0[0]
                         LUT4 (Prop_lut4_I0_O)        0.124     3.425 r  bd_0_i/hls_inst/inst/grp_FFT_pipeline_DIT_fu_154/FFT_DIT_spatial_unroll_CY_stream_vector_U0/FFT_DIT_spatial_unroll_CY_stream_vector_stream_stream_vector_0_data_0_0_0_U/gen_buffer[0].FFT_DIT_RN_FFT_DIT_spatial_unroll_CY_stream_vector_FFT_DIT_spatial_unroll_CY_stream_vectrcU_memcore_U/ram_reg_0_31_0_0_i_4__6/O
                         net (fo=96, unplaced)        1.210     4.635    bd_0_i/hls_inst/inst/grp_FFT_pipeline_DIT_fu_154/FFT_DIT_spatial_unroll_CY_stream_vector_U0/FFT_DIT_spatial_unroll_CY_stream_vector_stream_stream_vector_0_data_0_0_0_U/gen_buffer[0].FFT_DIT_RN_FFT_DIT_spatial_unroll_CY_stream_vector_FFT_DIT_spatial_unroll_CY_stream_vectrcU_memcore_U/ram_reg_0_31_10_10/A1
                         RAMD32 (Prop_ramd32_RADR1_O)
                                                      0.124     4.759 r  bd_0_i/hls_inst/inst/grp_FFT_pipeline_DIT_fu_154/FFT_DIT_spatial_unroll_CY_stream_vector_U0/FFT_DIT_spatial_unroll_CY_stream_vector_stream_stream_vector_0_data_0_0_0_U/gen_buffer[0].FFT_DIT_RN_FFT_DIT_spatial_unroll_CY_stream_vector_FFT_DIT_spatial_unroll_CY_stream_vectrcU_memcore_U/ram_reg_0_31_10_10/SP/O
                         net (fo=1, unplaced)         0.333     5.092    bd_0_i/hls_inst/inst/grp_FFT_pipeline_DIT_fu_154/FFT_DIT_spatial_unroll_CY_stream_vector_U0/FFT_DIT_spatial_unroll_CY_stream_vector_stream_stream_vector_0_data_0_0_0_U/gen_buffer[0].FFT_DIT_RN_FFT_DIT_spatial_unroll_CY_stream_vector_FFT_DIT_spatial_unroll_CY_stream_vectrcU_memcore_U/ram_reg_0_31_10_10_n_4
                         FDRE                                         r  bd_0_i/hls_inst/inst/grp_FFT_pipeline_DIT_fu_154/FFT_DIT_spatial_unroll_CY_stream_vector_U0/FFT_DIT_spatial_unroll_CY_stream_vector_stream_stream_vector_0_data_0_0_0_U/gen_buffer[0].FFT_DIT_RN_FFT_DIT_spatial_unroll_CY_stream_vector_FFT_DIT_spatial_unroll_CY_stream_vectrcU_memcore_U/q1_reg[10]/D
  -------------------------------------------------------------------    -------------------

                         (clock ap_clk rise edge)     4.000     4.000 r  
                                                      0.000     4.000 r  ap_clk (IN)
                         net (fo=77472, unset)        0.924     4.924    bd_0_i/hls_inst/inst/grp_FFT_pipeline_DIT_fu_154/FFT_DIT_spatial_unroll_CY_stream_vector_U0/FFT_DIT_spatial_unroll_CY_stream_vector_stream_stream_vector_0_data_0_0_0_U/gen_buffer[0].FFT_DIT_RN_FFT_DIT_spatial_unroll_CY_stream_vector_FFT_DIT_spatial_unroll_CY_stream_vectrcU_memcore_U/ap_clk
                         FDRE                                         r  bd_0_i/hls_inst/inst/grp_FFT_pipeline_DIT_fu_154/FFT_DIT_spatial_unroll_CY_stream_vector_U0/FFT_DIT_spatial_unroll_CY_stream_vector_stream_stream_vector_0_data_0_0_0_U/gen_buffer[0].FFT_DIT_RN_FFT_DIT_spatial_unroll_CY_stream_vector_FFT_DIT_spatial_unroll_CY_stream_vectrcU_memcore_U/q1_reg[10]/C
                         clock pessimism              0.000     4.924    
                         clock uncertainty           -0.035     4.889    
                         FDRE (Setup_fdre_C_D)       -0.016     4.873    bd_0_i/hls_inst/inst/grp_FFT_pipeline_DIT_fu_154/FFT_DIT_spatial_unroll_CY_stream_vector_U0/FFT_DIT_spatial_unroll_CY_stream_vector_stream_stream_vector_0_data_0_0_0_U/gen_buffer[0].FFT_DIT_RN_FFT_DIT_spatial_unroll_CY_stream_vector_FFT_DIT_spatial_unroll_CY_stream_vectrcU_memcore_U/q1_reg[10]
  -------------------------------------------------------------------
                         required time                          4.873    
                         arrival time                          -5.092    
  -------------------------------------------------------------------
                         slack                                 -0.219    

Slack (VIOLATED) :        -0.219ns  (required time - arrival time)
  Source:                 bd_0_i/hls_inst/inst/grp_FFT_pipeline_DIT_fu_154/FFT_DIT_spatial_unroll_CY_stream_vector_U0/FFT_stage_spatial_unroll_3_U0/m143_fu_152_reg[3]/C
                            (rising edge-triggered cell FDRE clocked by ap_clk  {rise@0.000ns fall@2.000ns period=4.000ns})
  Destination:            bd_0_i/hls_inst/inst/grp_FFT_pipeline_DIT_fu_154/FFT_DIT_spatial_unroll_CY_stream_vector_U0/FFT_DIT_spatial_unroll_CY_stream_vector_stream_stream_vector_0_data_0_0_0_U/gen_buffer[0].FFT_DIT_RN_FFT_DIT_spatial_unroll_CY_stream_vector_FFT_DIT_spatial_unroll_CY_stream_vectrcU_memcore_U/q1_reg[11]/D
                            (rising edge-triggered cell FDRE clocked by ap_clk  {rise@0.000ns fall@2.000ns period=4.000ns})
  Path Group:             ap_clk
  Path Type:              Setup (Max at Slow Process Corner)
  Requirement:            4.000ns  (ap_clk rise@4.000ns - ap_clk rise@0.000ns)
  Data Path Delay:        4.119ns  (logic 1.061ns (25.759%)  route 3.058ns (74.241%))
  Logic Levels:           3  (LUT4=1 LUT6=1 RAMD32=1)
  Clock Path Skew:        -0.049ns (DCD - SCD + CPR)
    Destination Clock Delay (DCD):    0.924ns = ( 4.924 - 4.000 ) 
    Source Clock Delay      (SCD):    0.973ns
    Clock Pessimism Removal (CPR):    0.000ns
  Clock Uncertainty:      0.035ns  ((TSJ^2 + TIJ^2)^1/2 + DJ) / 2 + PE
    Total System Jitter     (TSJ):    0.071ns
    Total Input Jitter      (TIJ):    0.000ns
    Discrete Jitter          (DJ):    0.000ns
    Phase Error              (PE):    0.000ns

    Location             Delay type                Incr(ns)  Path(ns)    Netlist Resource(s)
  -------------------------------------------------------------------    -------------------
                         (clock ap_clk rise edge)     0.000     0.000 r  
                                                      0.000     0.000 r  ap_clk (IN)
                         net (fo=77472, unset)        0.973     0.973    bd_0_i/hls_inst/inst/grp_FFT_pipeline_DIT_fu_154/FFT_DIT_spatial_unroll_CY_stream_vector_U0/FFT_stage_spatial_unroll_3_U0/ap_clk
                         FDRE                                         r  bd_0_i/hls_inst/inst/grp_FFT_pipeline_DIT_fu_154/FFT_DIT_spatial_unroll_CY_stream_vector_U0/FFT_stage_spatial_unroll_3_U0/m143_fu_152_reg[3]/C
  -------------------------------------------------------------------    -------------------
                         FDRE (Prop_fdre_C_Q)         0.518     1.491 r  bd_0_i/hls_inst/inst/grp_FFT_pipeline_DIT_fu_154/FFT_DIT_spatial_unroll_CY_stream_vector_U0/FFT_stage_spatial_unroll_3_U0/m143_fu_152_reg[3]/Q
                         net (fo=5, unplaced)         0.993     2.484    bd_0_i/hls_inst/inst/grp_FFT_pipeline_DIT_fu_154/FFT_DIT_spatial_unroll_CY_stream_vector_U0/FFT_stage_spatial_unroll_3_U0/m143_fu_152[3]
                         LUT6 (Prop_lut6_I0_O)        0.295     2.779 r  bd_0_i/hls_inst/inst/grp_FFT_pipeline_DIT_fu_154/FFT_DIT_spatial_unroll_CY_stream_vector_U0/FFT_stage_spatial_unroll_3_U0/m143_fu_152[3]_i_1/O
                         net (fo=34, unplaced)        0.522     3.301    bd_0_i/hls_inst/inst/grp_FFT_pipeline_DIT_fu_154/FFT_DIT_spatial_unroll_CY_stream_vector_U0/FFT_DIT_spatial_unroll_CY_stream_vector_stream_stream_vector_0_data_0_0_0_U/gen_buffer[0].FFT_DIT_RN_FFT_DIT_spatial_unroll_CY_stream_vector_FFT_DIT_spatial_unroll_CY_stream_vectrcU_memcore_U/FFT_DIT_spatial_unroll_CY_stream_vector_stream_stream_vector_0_data_0_1_2_address0[0]
                         LUT4 (Prop_lut4_I0_O)        0.124     3.425 r  bd_0_i/hls_inst/inst/grp_FFT_pipeline_DIT_fu_154/FFT_DIT_spatial_unroll_CY_stream_vector_U0/FFT_DIT_spatial_unroll_CY_stream_vector_stream_stream_vector_0_data_0_0_0_U/gen_buffer[0].FFT_DIT_RN_FFT_DIT_spatial_unroll_CY_stream_vector_FFT_DIT_spatial_unroll_CY_stream_vectrcU_memcore_U/ram_reg_0_31_0_0_i_4__6/O
                         net (fo=96, unplaced)        1.210     4.635    bd_0_i/hls_inst/inst/grp_FFT_pipeline_DIT_fu_154/FFT_DIT_spatial_unroll_CY_stream_vector_U0/FFT_DIT_spatial_unroll_CY_stream_vector_stream_stream_vector_0_data_0_0_0_U/gen_buffer[0].FFT_DIT_RN_FFT_DIT_spatial_unroll_CY_stream_vector_FFT_DIT_spatial_unroll_CY_stream_vectrcU_memcore_U/ram_reg_0_31_11_11/A1
                         RAMD32 (Prop_ramd32_RADR1_O)
                                                      0.124     4.759 r  bd_0_i/hls_inst/inst/grp_FFT_pipeline_DIT_fu_154/FFT_DIT_spatial_unroll_CY_stream_vector_U0/FFT_DIT_spatial_unroll_CY_stream_vector_stream_stream_vector_0_data_0_0_0_U/gen_buffer[0].FFT_DIT_RN_FFT_DIT_spatial_unroll_CY_stream_vector_FFT_DIT_spatial_unroll_CY_stream_vectrcU_memcore_U/ram_reg_0_31_11_11/SP/O
                         net (fo=1, unplaced)         0.333     5.092    bd_0_i/hls_inst/inst/grp_FFT_pipeline_DIT_fu_154/FFT_DIT_spatial_unroll_CY_stream_vector_U0/FFT_DIT_spatial_unroll_CY_stream_vector_stream_stream_vector_0_data_0_0_0_U/gen_buffer[0].FFT_DIT_RN_FFT_DIT_spatial_unroll_CY_stream_vector_FFT_DIT_spatial_unroll_CY_stream_vectrcU_memcore_U/ram_reg_0_31_11_11_n_4
                         FDRE                                         r  bd_0_i/hls_inst/inst/grp_FFT_pipeline_DIT_fu_154/FFT_DIT_spatial_unroll_CY_stream_vector_U0/FFT_DIT_spatial_unroll_CY_stream_vector_stream_stream_vector_0_data_0_0_0_U/gen_buffer[0].FFT_DIT_RN_FFT_DIT_spatial_unroll_CY_stream_vector_FFT_DIT_spatial_unroll_CY_stream_vectrcU_memcore_U/q1_reg[11]/D
  -------------------------------------------------------------------    -------------------

                         (clock ap_clk rise edge)     4.000     4.000 r  
                                                      0.000     4.000 r  ap_clk (IN)
                         net (fo=77472, unset)        0.924     4.924    bd_0_i/hls_inst/inst/grp_FFT_pipeline_DIT_fu_154/FFT_DIT_spatial_unroll_CY_stream_vector_U0/FFT_DIT_spatial_unroll_CY_stream_vector_stream_stream_vector_0_data_0_0_0_U/gen_buffer[0].FFT_DIT_RN_FFT_DIT_spatial_unroll_CY_stream_vector_FFT_DIT_spatial_unroll_CY_stream_vectrcU_memcore_U/ap_clk
                         FDRE                                         r  bd_0_i/hls_inst/inst/grp_FFT_pipeline_DIT_fu_154/FFT_DIT_spatial_unroll_CY_stream_vector_U0/FFT_DIT_spatial_unroll_CY_stream_vector_stream_stream_vector_0_data_0_0_0_U/gen_buffer[0].FFT_DIT_RN_FFT_DIT_spatial_unroll_CY_stream_vector_FFT_DIT_spatial_unroll_CY_stream_vectrcU_memcore_U/q1_reg[11]/C
                         clock pessimism              0.000     4.924    
                         clock uncertainty           -0.035     4.889    
                         FDRE (Setup_fdre_C_D)       -0.016     4.873    bd_0_i/hls_inst/inst/grp_FFT_pipeline_DIT_fu_154/FFT_DIT_spatial_unroll_CY_stream_vector_U0/FFT_DIT_spatial_unroll_CY_stream_vector_stream_stream_vector_0_data_0_0_0_U/gen_buffer[0].FFT_DIT_RN_FFT_DIT_spatial_unroll_CY_stream_vector_FFT_DIT_spatial_unroll_CY_stream_vectrcU_memcore_U/q1_reg[11]
  -------------------------------------------------------------------
                         required time                          4.873    
                         arrival time                          -5.092    
  -------------------------------------------------------------------
                         slack                                 -0.219    

Slack (VIOLATED) :        -0.219ns  (required time - arrival time)
  Source:                 bd_0_i/hls_inst/inst/grp_FFT_pipeline_DIT_fu_154/FFT_DIT_spatial_unroll_CY_stream_vector_U0/FFT_stage_spatial_unroll_3_U0/m143_fu_152_reg[3]/C
                            (rising edge-triggered cell FDRE clocked by ap_clk  {rise@0.000ns fall@2.000ns period=4.000ns})
  Destination:            bd_0_i/hls_inst/inst/grp_FFT_pipeline_DIT_fu_154/FFT_DIT_spatial_unroll_CY_stream_vector_U0/FFT_DIT_spatial_unroll_CY_stream_vector_stream_stream_vector_0_data_0_0_0_U/gen_buffer[0].FFT_DIT_RN_FFT_DIT_spatial_unroll_CY_stream_vector_FFT_DIT_spatial_unroll_CY_stream_vectrcU_memcore_U/q1_reg[12]/D
                            (rising edge-triggered cell FDRE clocked by ap_clk  {rise@0.000ns fall@2.000ns period=4.000ns})
  Path Group:             ap_clk
  Path Type:              Setup (Max at Slow Process Corner)
  Requirement:            4.000ns  (ap_clk rise@4.000ns - ap_clk rise@0.000ns)
  Data Path Delay:        4.119ns  (logic 1.061ns (25.759%)  route 3.058ns (74.241%))
  Logic Levels:           3  (LUT4=1 LUT6=1 RAMD32=1)
  Clock Path Skew:        -0.049ns (DCD - SCD + CPR)
    Destination Clock Delay (DCD):    0.924ns = ( 4.924 - 4.000 ) 
    Source Clock Delay      (SCD):    0.973ns
    Clock Pessimism Removal (CPR):    0.000ns
  Clock Uncertainty:      0.035ns  ((TSJ^2 + TIJ^2)^1/2 + DJ) / 2 + PE
    Total System Jitter     (TSJ):    0.071ns
    Total Input Jitter      (TIJ):    0.000ns
    Discrete Jitter          (DJ):    0.000ns
    Phase Error              (PE):    0.000ns

    Location             Delay type                Incr(ns)  Path(ns)    Netlist Resource(s)
  -------------------------------------------------------------------    -------------------
                         (clock ap_clk rise edge)     0.000     0.000 r  
                                                      0.000     0.000 r  ap_clk (IN)
                         net (fo=77472, unset)        0.973     0.973    bd_0_i/hls_inst/inst/grp_FFT_pipeline_DIT_fu_154/FFT_DIT_spatial_unroll_CY_stream_vector_U0/FFT_stage_spatial_unroll_3_U0/ap_clk
                         FDRE                                         r  bd_0_i/hls_inst/inst/grp_FFT_pipeline_DIT_fu_154/FFT_DIT_spatial_unroll_CY_stream_vector_U0/FFT_stage_spatial_unroll_3_U0/m143_fu_152_reg[3]/C
  -------------------------------------------------------------------    -------------------
                         FDRE (Prop_fdre_C_Q)         0.518     1.491 r  bd_0_i/hls_inst/inst/grp_FFT_pipeline_DIT_fu_154/FFT_DIT_spatial_unroll_CY_stream_vector_U0/FFT_stage_spatial_unroll_3_U0/m143_fu_152_reg[3]/Q
                         net (fo=5, unplaced)         0.993     2.484    bd_0_i/hls_inst/inst/grp_FFT_pipeline_DIT_fu_154/FFT_DIT_spatial_unroll_CY_stream_vector_U0/FFT_stage_spatial_unroll_3_U0/m143_fu_152[3]
                         LUT6 (Prop_lut6_I0_O)        0.295     2.779 r  bd_0_i/hls_inst/inst/grp_FFT_pipeline_DIT_fu_154/FFT_DIT_spatial_unroll_CY_stream_vector_U0/FFT_stage_spatial_unroll_3_U0/m143_fu_152[3]_i_1/O
                         net (fo=34, unplaced)        0.522     3.301    bd_0_i/hls_inst/inst/grp_FFT_pipeline_DIT_fu_154/FFT_DIT_spatial_unroll_CY_stream_vector_U0/FFT_DIT_spatial_unroll_CY_stream_vector_stream_stream_vector_0_data_0_0_0_U/gen_buffer[0].FFT_DIT_RN_FFT_DIT_spatial_unroll_CY_stream_vector_FFT_DIT_spatial_unroll_CY_stream_vectrcU_memcore_U/FFT_DIT_spatial_unroll_CY_stream_vector_stream_stream_vector_0_data_0_1_2_address0[0]
                         LUT4 (Prop_lut4_I0_O)        0.124     3.425 r  bd_0_i/hls_inst/inst/grp_FFT_pipeline_DIT_fu_154/FFT_DIT_spatial_unroll_CY_stream_vector_U0/FFT_DIT_spatial_unroll_CY_stream_vector_stream_stream_vector_0_data_0_0_0_U/gen_buffer[0].FFT_DIT_RN_FFT_DIT_spatial_unroll_CY_stream_vector_FFT_DIT_spatial_unroll_CY_stream_vectrcU_memcore_U/ram_reg_0_31_0_0_i_4__6/O
                         net (fo=96, unplaced)        1.210     4.635    bd_0_i/hls_inst/inst/grp_FFT_pipeline_DIT_fu_154/FFT_DIT_spatial_unroll_CY_stream_vector_U0/FFT_DIT_spatial_unroll_CY_stream_vector_stream_stream_vector_0_data_0_0_0_U/gen_buffer[0].FFT_DIT_RN_FFT_DIT_spatial_unroll_CY_stream_vector_FFT_DIT_spatial_unroll_CY_stream_vectrcU_memcore_U/ram_reg_0_31_12_12/A1
                         RAMD32 (Prop_ramd32_RADR1_O)
                                                      0.124     4.759 r  bd_0_i/hls_inst/inst/grp_FFT_pipeline_DIT_fu_154/FFT_DIT_spatial_unroll_CY_stream_vector_U0/FFT_DIT_spatial_unroll_CY_stream_vector_stream_stream_vector_0_data_0_0_0_U/gen_buffer[0].FFT_DIT_RN_FFT_DIT_spatial_unroll_CY_stream_vector_FFT_DIT_spatial_unroll_CY_stream_vectrcU_memcore_U/ram_reg_0_31_12_12/SP/O
                         net (fo=1, unplaced)         0.333     5.092    bd_0_i/hls_inst/inst/grp_FFT_pipeline_DIT_fu_154/FFT_DIT_spatial_unroll_CY_stream_vector_U0/FFT_DIT_spatial_unroll_CY_stream_vector_stream_stream_vector_0_data_0_0_0_U/gen_buffer[0].FFT_DIT_RN_FFT_DIT_spatial_unroll_CY_stream_vector_FFT_DIT_spatial_unroll_CY_stream_vectrcU_memcore_U/ram_reg_0_31_12_12_n_4
                         FDRE                                         r  bd_0_i/hls_inst/inst/grp_FFT_pipeline_DIT_fu_154/FFT_DIT_spatial_unroll_CY_stream_vector_U0/FFT_DIT_spatial_unroll_CY_stream_vector_stream_stream_vector_0_data_0_0_0_U/gen_buffer[0].FFT_DIT_RN_FFT_DIT_spatial_unroll_CY_stream_vector_FFT_DIT_spatial_unroll_CY_stream_vectrcU_memcore_U/q1_reg[12]/D
  -------------------------------------------------------------------    -------------------

                         (clock ap_clk rise edge)     4.000     4.000 r  
                                                      0.000     4.000 r  ap_clk (IN)
                         net (fo=77472, unset)        0.924     4.924    bd_0_i/hls_inst/inst/grp_FFT_pipeline_DIT_fu_154/FFT_DIT_spatial_unroll_CY_stream_vector_U0/FFT_DIT_spatial_unroll_CY_stream_vector_stream_stream_vector_0_data_0_0_0_U/gen_buffer[0].FFT_DIT_RN_FFT_DIT_spatial_unroll_CY_stream_vector_FFT_DIT_spatial_unroll_CY_stream_vectrcU_memcore_U/ap_clk
                         FDRE                                         r  bd_0_i/hls_inst/inst/grp_FFT_pipeline_DIT_fu_154/FFT_DIT_spatial_unroll_CY_stream_vector_U0/FFT_DIT_spatial_unroll_CY_stream_vector_stream_stream_vector_0_data_0_0_0_U/gen_buffer[0].FFT_DIT_RN_FFT_DIT_spatial_unroll_CY_stream_vector_FFT_DIT_spatial_unroll_CY_stream_vectrcU_memcore_U/q1_reg[12]/C
                         clock pessimism              0.000     4.924    
                         clock uncertainty           -0.035     4.889    
                         FDRE (Setup_fdre_C_D)       -0.016     4.873    bd_0_i/hls_inst/inst/grp_FFT_pipeline_DIT_fu_154/FFT_DIT_spatial_unroll_CY_stream_vector_U0/FFT_DIT_spatial_unroll_CY_stream_vector_stream_stream_vector_0_data_0_0_0_U/gen_buffer[0].FFT_DIT_RN_FFT_DIT_spatial_unroll_CY_stream_vector_FFT_DIT_spatial_unroll_CY_stream_vectrcU_memcore_U/q1_reg[12]
  -------------------------------------------------------------------
                         required time                          4.873    
                         arrival time                          -5.092    
  -------------------------------------------------------------------
                         slack                                 -0.219    

Slack (VIOLATED) :        -0.219ns  (required time - arrival time)
  Source:                 bd_0_i/hls_inst/inst/grp_FFT_pipeline_DIT_fu_154/FFT_DIT_spatial_unroll_CY_stream_vector_U0/FFT_stage_spatial_unroll_3_U0/m143_fu_152_reg[3]/C
                            (rising edge-triggered cell FDRE clocked by ap_clk  {rise@0.000ns fall@2.000ns period=4.000ns})
  Destination:            bd_0_i/hls_inst/inst/grp_FFT_pipeline_DIT_fu_154/FFT_DIT_spatial_unroll_CY_stream_vector_U0/FFT_DIT_spatial_unroll_CY_stream_vector_stream_stream_vector_0_data_0_0_0_U/gen_buffer[0].FFT_DIT_RN_FFT_DIT_spatial_unroll_CY_stream_vector_FFT_DIT_spatial_unroll_CY_stream_vectrcU_memcore_U/q1_reg[13]/D
                            (rising edge-triggered cell FDRE clocked by ap_clk  {rise@0.000ns fall@2.000ns period=4.000ns})
  Path Group:             ap_clk
  Path Type:              Setup (Max at Slow Process Corner)
  Requirement:            4.000ns  (ap_clk rise@4.000ns - ap_clk rise@0.000ns)
  Data Path Delay:        4.119ns  (logic 1.061ns (25.759%)  route 3.058ns (74.241%))
  Logic Levels:           3  (LUT4=1 LUT6=1 RAMD32=1)
  Clock Path Skew:        -0.049ns (DCD - SCD + CPR)
    Destination Clock Delay (DCD):    0.924ns = ( 4.924 - 4.000 ) 
    Source Clock Delay      (SCD):    0.973ns
    Clock Pessimism Removal (CPR):    0.000ns
  Clock Uncertainty:      0.035ns  ((TSJ^2 + TIJ^2)^1/2 + DJ) / 2 + PE
    Total System Jitter     (TSJ):    0.071ns
    Total Input Jitter      (TIJ):    0.000ns
    Discrete Jitter          (DJ):    0.000ns
    Phase Error              (PE):    0.000ns

    Location             Delay type                Incr(ns)  Path(ns)    Netlist Resource(s)
  -------------------------------------------------------------------    -------------------
                         (clock ap_clk rise edge)     0.000     0.000 r  
                                                      0.000     0.000 r  ap_clk (IN)
                         net (fo=77472, unset)        0.973     0.973    bd_0_i/hls_inst/inst/grp_FFT_pipeline_DIT_fu_154/FFT_DIT_spatial_unroll_CY_stream_vector_U0/FFT_stage_spatial_unroll_3_U0/ap_clk
                         FDRE                                         r  bd_0_i/hls_inst/inst/grp_FFT_pipeline_DIT_fu_154/FFT_DIT_spatial_unroll_CY_stream_vector_U0/FFT_stage_spatial_unroll_3_U0/m143_fu_152_reg[3]/C
  -------------------------------------------------------------------    -------------------
                         FDRE (Prop_fdre_C_Q)         0.518     1.491 r  bd_0_i/hls_inst/inst/grp_FFT_pipeline_DIT_fu_154/FFT_DIT_spatial_unroll_CY_stream_vector_U0/FFT_stage_spatial_unroll_3_U0/m143_fu_152_reg[3]/Q
                         net (fo=5, unplaced)         0.993     2.484    bd_0_i/hls_inst/inst/grp_FFT_pipeline_DIT_fu_154/FFT_DIT_spatial_unroll_CY_stream_vector_U0/FFT_stage_spatial_unroll_3_U0/m143_fu_152[3]
                         LUT6 (Prop_lut6_I0_O)        0.295     2.779 r  bd_0_i/hls_inst/inst/grp_FFT_pipeline_DIT_fu_154/FFT_DIT_spatial_unroll_CY_stream_vector_U0/FFT_stage_spatial_unroll_3_U0/m143_fu_152[3]_i_1/O
                         net (fo=34, unplaced)        0.522     3.301    bd_0_i/hls_inst/inst/grp_FFT_pipeline_DIT_fu_154/FFT_DIT_spatial_unroll_CY_stream_vector_U0/FFT_DIT_spatial_unroll_CY_stream_vector_stream_stream_vector_0_data_0_0_0_U/gen_buffer[0].FFT_DIT_RN_FFT_DIT_spatial_unroll_CY_stream_vector_FFT_DIT_spatial_unroll_CY_stream_vectrcU_memcore_U/FFT_DIT_spatial_unroll_CY_stream_vector_stream_stream_vector_0_data_0_1_2_address0[0]
                         LUT4 (Prop_lut4_I0_O)        0.124     3.425 r  bd_0_i/hls_inst/inst/grp_FFT_pipeline_DIT_fu_154/FFT_DIT_spatial_unroll_CY_stream_vector_U0/FFT_DIT_spatial_unroll_CY_stream_vector_stream_stream_vector_0_data_0_0_0_U/gen_buffer[0].FFT_DIT_RN_FFT_DIT_spatial_unroll_CY_stream_vector_FFT_DIT_spatial_unroll_CY_stream_vectrcU_memcore_U/ram_reg_0_31_0_0_i_4__6/O
                         net (fo=96, unplaced)        1.210     4.635    bd_0_i/hls_inst/inst/grp_FFT_pipeline_DIT_fu_154/FFT_DIT_spatial_unroll_CY_stream_vector_U0/FFT_DIT_spatial_unroll_CY_stream_vector_stream_stream_vector_0_data_0_0_0_U/gen_buffer[0].FFT_DIT_RN_FFT_DIT_spatial_unroll_CY_stream_vector_FFT_DIT_spatial_unroll_CY_stream_vectrcU_memcore_U/ram_reg_0_31_13_13/A1
                         RAMD32 (Prop_ramd32_RADR1_O)
                                                      0.124     4.759 r  bd_0_i/hls_inst/inst/grp_FFT_pipeline_DIT_fu_154/FFT_DIT_spatial_unroll_CY_stream_vector_U0/FFT_DIT_spatial_unroll_CY_stream_vector_stream_stream_vector_0_data_0_0_0_U/gen_buffer[0].FFT_DIT_RN_FFT_DIT_spatial_unroll_CY_stream_vector_FFT_DIT_spatial_unroll_CY_stream_vectrcU_memcore_U/ram_reg_0_31_13_13/SP/O
                         net (fo=1, unplaced)         0.333     5.092    bd_0_i/hls_inst/inst/grp_FFT_pipeline_DIT_fu_154/FFT_DIT_spatial_unroll_CY_stream_vector_U0/FFT_DIT_spatial_unroll_CY_stream_vector_stream_stream_vector_0_data_0_0_0_U/gen_buffer[0].FFT_DIT_RN_FFT_DIT_spatial_unroll_CY_stream_vector_FFT_DIT_spatial_unroll_CY_stream_vectrcU_memcore_U/ram_reg_0_31_13_13_n_4
                         FDRE                                         r  bd_0_i/hls_inst/inst/grp_FFT_pipeline_DIT_fu_154/FFT_DIT_spatial_unroll_CY_stream_vector_U0/FFT_DIT_spatial_unroll_CY_stream_vector_stream_stream_vector_0_data_0_0_0_U/gen_buffer[0].FFT_DIT_RN_FFT_DIT_spatial_unroll_CY_stream_vector_FFT_DIT_spatial_unroll_CY_stream_vectrcU_memcore_U/q1_reg[13]/D
  -------------------------------------------------------------------    -------------------

                         (clock ap_clk rise edge)     4.000     4.000 r  
                                                      0.000     4.000 r  ap_clk (IN)
                         net (fo=77472, unset)        0.924     4.924    bd_0_i/hls_inst/inst/grp_FFT_pipeline_DIT_fu_154/FFT_DIT_spatial_unroll_CY_stream_vector_U0/FFT_DIT_spatial_unroll_CY_stream_vector_stream_stream_vector_0_data_0_0_0_U/gen_buffer[0].FFT_DIT_RN_FFT_DIT_spatial_unroll_CY_stream_vector_FFT_DIT_spatial_unroll_CY_stream_vectrcU_memcore_U/ap_clk
                         FDRE                                         r  bd_0_i/hls_inst/inst/grp_FFT_pipeline_DIT_fu_154/FFT_DIT_spatial_unroll_CY_stream_vector_U0/FFT_DIT_spatial_unroll_CY_stream_vector_stream_stream_vector_0_data_0_0_0_U/gen_buffer[0].FFT_DIT_RN_FFT_DIT_spatial_unroll_CY_stream_vector_FFT_DIT_spatial_unroll_CY_stream_vectrcU_memcore_U/q1_reg[13]/C
                         clock pessimism              0.000     4.924    
                         clock uncertainty           -0.035     4.889    
                         FDRE (Setup_fdre_C_D)       -0.016     4.873    bd_0_i/hls_inst/inst/grp_FFT_pipeline_DIT_fu_154/FFT_DIT_spatial_unroll_CY_stream_vector_U0/FFT_DIT_spatial_unroll_CY_stream_vector_stream_stream_vector_0_data_0_0_0_U/gen_buffer[0].FFT_DIT_RN_FFT_DIT_spatial_unroll_CY_stream_vector_FFT_DIT_spatial_unroll_CY_stream_vectrcU_memcore_U/q1_reg[13]
  -------------------------------------------------------------------
                         required time                          4.873    
                         arrival time                          -5.092    
  -------------------------------------------------------------------
                         slack                                 -0.219    

Slack (VIOLATED) :        -0.219ns  (required time - arrival time)
  Source:                 bd_0_i/hls_inst/inst/grp_FFT_pipeline_DIT_fu_154/FFT_DIT_spatial_unroll_CY_stream_vector_U0/FFT_stage_spatial_unroll_3_U0/m143_fu_152_reg[3]/C
                            (rising edge-triggered cell FDRE clocked by ap_clk  {rise@0.000ns fall@2.000ns period=4.000ns})
  Destination:            bd_0_i/hls_inst/inst/grp_FFT_pipeline_DIT_fu_154/FFT_DIT_spatial_unroll_CY_stream_vector_U0/FFT_DIT_spatial_unroll_CY_stream_vector_stream_stream_vector_0_data_0_0_0_U/gen_buffer[0].FFT_DIT_RN_FFT_DIT_spatial_unroll_CY_stream_vector_FFT_DIT_spatial_unroll_CY_stream_vectrcU_memcore_U/q1_reg[14]/D
                            (rising edge-triggered cell FDRE clocked by ap_clk  {rise@0.000ns fall@2.000ns period=4.000ns})
  Path Group:             ap_clk
  Path Type:              Setup (Max at Slow Process Corner)
  Requirement:            4.000ns  (ap_clk rise@4.000ns - ap_clk rise@0.000ns)
  Data Path Delay:        4.119ns  (logic 1.061ns (25.759%)  route 3.058ns (74.241%))
  Logic Levels:           3  (LUT4=1 LUT6=1 RAMD32=1)
  Clock Path Skew:        -0.049ns (DCD - SCD + CPR)
    Destination Clock Delay (DCD):    0.924ns = ( 4.924 - 4.000 ) 
    Source Clock Delay      (SCD):    0.973ns
    Clock Pessimism Removal (CPR):    0.000ns
  Clock Uncertainty:      0.035ns  ((TSJ^2 + TIJ^2)^1/2 + DJ) / 2 + PE
    Total System Jitter     (TSJ):    0.071ns
    Total Input Jitter      (TIJ):    0.000ns
    Discrete Jitter          (DJ):    0.000ns
    Phase Error              (PE):    0.000ns

    Location             Delay type                Incr(ns)  Path(ns)    Netlist Resource(s)
  -------------------------------------------------------------------    -------------------
                         (clock ap_clk rise edge)     0.000     0.000 r  
                                                      0.000     0.000 r  ap_clk (IN)
                         net (fo=77472, unset)        0.973     0.973    bd_0_i/hls_inst/inst/grp_FFT_pipeline_DIT_fu_154/FFT_DIT_spatial_unroll_CY_stream_vector_U0/FFT_stage_spatial_unroll_3_U0/ap_clk
                         FDRE                                         r  bd_0_i/hls_inst/inst/grp_FFT_pipeline_DIT_fu_154/FFT_DIT_spatial_unroll_CY_stream_vector_U0/FFT_stage_spatial_unroll_3_U0/m143_fu_152_reg[3]/C
  -------------------------------------------------------------------    -------------------
                         FDRE (Prop_fdre_C_Q)         0.518     1.491 r  bd_0_i/hls_inst/inst/grp_FFT_pipeline_DIT_fu_154/FFT_DIT_spatial_unroll_CY_stream_vector_U0/FFT_stage_spatial_unroll_3_U0/m143_fu_152_reg[3]/Q
                         net (fo=5, unplaced)         0.993     2.484    bd_0_i/hls_inst/inst/grp_FFT_pipeline_DIT_fu_154/FFT_DIT_spatial_unroll_CY_stream_vector_U0/FFT_stage_spatial_unroll_3_U0/m143_fu_152[3]
                         LUT6 (Prop_lut6_I0_O)        0.295     2.779 r  bd_0_i/hls_inst/inst/grp_FFT_pipeline_DIT_fu_154/FFT_DIT_spatial_unroll_CY_stream_vector_U0/FFT_stage_spatial_unroll_3_U0/m143_fu_152[3]_i_1/O
                         net (fo=34, unplaced)        0.522     3.301    bd_0_i/hls_inst/inst/grp_FFT_pipeline_DIT_fu_154/FFT_DIT_spatial_unroll_CY_stream_vector_U0/FFT_DIT_spatial_unroll_CY_stream_vector_stream_stream_vector_0_data_0_0_0_U/gen_buffer[0].FFT_DIT_RN_FFT_DIT_spatial_unroll_CY_stream_vector_FFT_DIT_spatial_unroll_CY_stream_vectrcU_memcore_U/FFT_DIT_spatial_unroll_CY_stream_vector_stream_stream_vector_0_data_0_1_2_address0[0]
                         LUT4 (Prop_lut4_I0_O)        0.124     3.425 r  bd_0_i/hls_inst/inst/grp_FFT_pipeline_DIT_fu_154/FFT_DIT_spatial_unroll_CY_stream_vector_U0/FFT_DIT_spatial_unroll_CY_stream_vector_stream_stream_vector_0_data_0_0_0_U/gen_buffer[0].FFT_DIT_RN_FFT_DIT_spatial_unroll_CY_stream_vector_FFT_DIT_spatial_unroll_CY_stream_vectrcU_memcore_U/ram_reg_0_31_0_0_i_4__6/O
                         net (fo=96, unplaced)        1.210     4.635    bd_0_i/hls_inst/inst/grp_FFT_pipeline_DIT_fu_154/FFT_DIT_spatial_unroll_CY_stream_vector_U0/FFT_DIT_spatial_unroll_CY_stream_vector_stream_stream_vector_0_data_0_0_0_U/gen_buffer[0].FFT_DIT_RN_FFT_DIT_spatial_unroll_CY_stream_vector_FFT_DIT_spatial_unroll_CY_stream_vectrcU_memcore_U/ram_reg_0_31_14_14/A1
                         RAMD32 (Prop_ramd32_RADR1_O)
                                                      0.124     4.759 r  bd_0_i/hls_inst/inst/grp_FFT_pipeline_DIT_fu_154/FFT_DIT_spatial_unroll_CY_stream_vector_U0/FFT_DIT_spatial_unroll_CY_stream_vector_stream_stream_vector_0_data_0_0_0_U/gen_buffer[0].FFT_DIT_RN_FFT_DIT_spatial_unroll_CY_stream_vector_FFT_DIT_spatial_unroll_CY_stream_vectrcU_memcore_U/ram_reg_0_31_14_14/SP/O
                         net (fo=1, unplaced)         0.333     5.092    bd_0_i/hls_inst/inst/grp_FFT_pipeline_DIT_fu_154/FFT_DIT_spatial_unroll_CY_stream_vector_U0/FFT_DIT_spatial_unroll_CY_stream_vector_stream_stream_vector_0_data_0_0_0_U/gen_buffer[0].FFT_DIT_RN_FFT_DIT_spatial_unroll_CY_stream_vector_FFT_DIT_spatial_unroll_CY_stream_vectrcU_memcore_U/ram_reg_0_31_14_14_n_4
                         FDRE                                         r  bd_0_i/hls_inst/inst/grp_FFT_pipeline_DIT_fu_154/FFT_DIT_spatial_unroll_CY_stream_vector_U0/FFT_DIT_spatial_unroll_CY_stream_vector_stream_stream_vector_0_data_0_0_0_U/gen_buffer[0].FFT_DIT_RN_FFT_DIT_spatial_unroll_CY_stream_vector_FFT_DIT_spatial_unroll_CY_stream_vectrcU_memcore_U/q1_reg[14]/D
  -------------------------------------------------------------------    -------------------

                         (clock ap_clk rise edge)     4.000     4.000 r  
                                                      0.000     4.000 r  ap_clk (IN)
                         net (fo=77472, unset)        0.924     4.924    bd_0_i/hls_inst/inst/grp_FFT_pipeline_DIT_fu_154/FFT_DIT_spatial_unroll_CY_stream_vector_U0/FFT_DIT_spatial_unroll_CY_stream_vector_stream_stream_vector_0_data_0_0_0_U/gen_buffer[0].FFT_DIT_RN_FFT_DIT_spatial_unroll_CY_stream_vector_FFT_DIT_spatial_unroll_CY_stream_vectrcU_memcore_U/ap_clk
                         FDRE                                         r  bd_0_i/hls_inst/inst/grp_FFT_pipeline_DIT_fu_154/FFT_DIT_spatial_unroll_CY_stream_vector_U0/FFT_DIT_spatial_unroll_CY_stream_vector_stream_stream_vector_0_data_0_0_0_U/gen_buffer[0].FFT_DIT_RN_FFT_DIT_spatial_unroll_CY_stream_vector_FFT_DIT_spatial_unroll_CY_stream_vectrcU_memcore_U/q1_reg[14]/C
                         clock pessimism              0.000     4.924    
                         clock uncertainty           -0.035     4.889    
                         FDRE (Setup_fdre_C_D)       -0.016     4.873    bd_0_i/hls_inst/inst/grp_FFT_pipeline_DIT_fu_154/FFT_DIT_spatial_unroll_CY_stream_vector_U0/FFT_DIT_spatial_unroll_CY_stream_vector_stream_stream_vector_0_data_0_0_0_U/gen_buffer[0].FFT_DIT_RN_FFT_DIT_spatial_unroll_CY_stream_vector_FFT_DIT_spatial_unroll_CY_stream_vectrcU_memcore_U/q1_reg[14]
  -------------------------------------------------------------------
                         required time                          4.873    
                         arrival time                          -5.092    
  -------------------------------------------------------------------
                         slack                                 -0.219    

Slack (VIOLATED) :        -0.219ns  (required time - arrival time)
  Source:                 bd_0_i/hls_inst/inst/grp_FFT_pipeline_DIT_fu_154/FFT_DIT_spatial_unroll_CY_stream_vector_U0/FFT_stage_spatial_unroll_3_U0/m143_fu_152_reg[3]/C
                            (rising edge-triggered cell FDRE clocked by ap_clk  {rise@0.000ns fall@2.000ns period=4.000ns})
  Destination:            bd_0_i/hls_inst/inst/grp_FFT_pipeline_DIT_fu_154/FFT_DIT_spatial_unroll_CY_stream_vector_U0/FFT_DIT_spatial_unroll_CY_stream_vector_stream_stream_vector_0_data_0_0_0_U/gen_buffer[0].FFT_DIT_RN_FFT_DIT_spatial_unroll_CY_stream_vector_FFT_DIT_spatial_unroll_CY_stream_vectrcU_memcore_U/q1_reg[15]/D
                            (rising edge-triggered cell FDRE clocked by ap_clk  {rise@0.000ns fall@2.000ns period=4.000ns})
  Path Group:             ap_clk
  Path Type:              Setup (Max at Slow Process Corner)
  Requirement:            4.000ns  (ap_clk rise@4.000ns - ap_clk rise@0.000ns)
  Data Path Delay:        4.119ns  (logic 1.061ns (25.759%)  route 3.058ns (74.241%))
  Logic Levels:           3  (LUT4=1 LUT6=1 RAMD32=1)
  Clock Path Skew:        -0.049ns (DCD - SCD + CPR)
    Destination Clock Delay (DCD):    0.924ns = ( 4.924 - 4.000 ) 
    Source Clock Delay      (SCD):    0.973ns
    Clock Pessimism Removal (CPR):    0.000ns
  Clock Uncertainty:      0.035ns  ((TSJ^2 + TIJ^2)^1/2 + DJ) / 2 + PE
    Total System Jitter     (TSJ):    0.071ns
    Total Input Jitter      (TIJ):    0.000ns
    Discrete Jitter          (DJ):    0.000ns
    Phase Error              (PE):    0.000ns

    Location             Delay type                Incr(ns)  Path(ns)    Netlist Resource(s)
  -------------------------------------------------------------------    -------------------
                         (clock ap_clk rise edge)     0.000     0.000 r  
                                                      0.000     0.000 r  ap_clk (IN)
                         net (fo=77472, unset)        0.973     0.973    bd_0_i/hls_inst/inst/grp_FFT_pipeline_DIT_fu_154/FFT_DIT_spatial_unroll_CY_stream_vector_U0/FFT_stage_spatial_unroll_3_U0/ap_clk
                         FDRE                                         r  bd_0_i/hls_inst/inst/grp_FFT_pipeline_DIT_fu_154/FFT_DIT_spatial_unroll_CY_stream_vector_U0/FFT_stage_spatial_unroll_3_U0/m143_fu_152_reg[3]/C
  -------------------------------------------------------------------    -------------------
                         FDRE (Prop_fdre_C_Q)         0.518     1.491 r  bd_0_i/hls_inst/inst/grp_FFT_pipeline_DIT_fu_154/FFT_DIT_spatial_unroll_CY_stream_vector_U0/FFT_stage_spatial_unroll_3_U0/m143_fu_152_reg[3]/Q
                         net (fo=5, unplaced)         0.993     2.484    bd_0_i/hls_inst/inst/grp_FFT_pipeline_DIT_fu_154/FFT_DIT_spatial_unroll_CY_stream_vector_U0/FFT_stage_spatial_unroll_3_U0/m143_fu_152[3]
                         LUT6 (Prop_lut6_I0_O)        0.295     2.779 r  bd_0_i/hls_inst/inst/grp_FFT_pipeline_DIT_fu_154/FFT_DIT_spatial_unroll_CY_stream_vector_U0/FFT_stage_spatial_unroll_3_U0/m143_fu_152[3]_i_1/O
                         net (fo=34, unplaced)        0.522     3.301    bd_0_i/hls_inst/inst/grp_FFT_pipeline_DIT_fu_154/FFT_DIT_spatial_unroll_CY_stream_vector_U0/FFT_DIT_spatial_unroll_CY_stream_vector_stream_stream_vector_0_data_0_0_0_U/gen_buffer[0].FFT_DIT_RN_FFT_DIT_spatial_unroll_CY_stream_vector_FFT_DIT_spatial_unroll_CY_stream_vectrcU_memcore_U/FFT_DIT_spatial_unroll_CY_stream_vector_stream_stream_vector_0_data_0_1_2_address0[0]
                         LUT4 (Prop_lut4_I0_O)        0.124     3.425 r  bd_0_i/hls_inst/inst/grp_FFT_pipeline_DIT_fu_154/FFT_DIT_spatial_unroll_CY_stream_vector_U0/FFT_DIT_spatial_unroll_CY_stream_vector_stream_stream_vector_0_data_0_0_0_U/gen_buffer[0].FFT_DIT_RN_FFT_DIT_spatial_unroll_CY_stream_vector_FFT_DIT_spatial_unroll_CY_stream_vectrcU_memcore_U/ram_reg_0_31_0_0_i_4__6/O
                         net (fo=96, unplaced)        1.210     4.635    bd_0_i/hls_inst/inst/grp_FFT_pipeline_DIT_fu_154/FFT_DIT_spatial_unroll_CY_stream_vector_U0/FFT_DIT_spatial_unroll_CY_stream_vector_stream_stream_vector_0_data_0_0_0_U/gen_buffer[0].FFT_DIT_RN_FFT_DIT_spatial_unroll_CY_stream_vector_FFT_DIT_spatial_unroll_CY_stream_vectrcU_memcore_U/ram_reg_0_31_15_15/A1
                         RAMD32 (Prop_ramd32_RADR1_O)
                                                      0.124     4.759 r  bd_0_i/hls_inst/inst/grp_FFT_pipeline_DIT_fu_154/FFT_DIT_spatial_unroll_CY_stream_vector_U0/FFT_DIT_spatial_unroll_CY_stream_vector_stream_stream_vector_0_data_0_0_0_U/gen_buffer[0].FFT_DIT_RN_FFT_DIT_spatial_unroll_CY_stream_vector_FFT_DIT_spatial_unroll_CY_stream_vectrcU_memcore_U/ram_reg_0_31_15_15/SP/O
                         net (fo=1, unplaced)         0.333     5.092    bd_0_i/hls_inst/inst/grp_FFT_pipeline_DIT_fu_154/FFT_DIT_spatial_unroll_CY_stream_vector_U0/FFT_DIT_spatial_unroll_CY_stream_vector_stream_stream_vector_0_data_0_0_0_U/gen_buffer[0].FFT_DIT_RN_FFT_DIT_spatial_unroll_CY_stream_vector_FFT_DIT_spatial_unroll_CY_stream_vectrcU_memcore_U/ram_reg_0_31_15_15_n_4
                         FDRE                                         r  bd_0_i/hls_inst/inst/grp_FFT_pipeline_DIT_fu_154/FFT_DIT_spatial_unroll_CY_stream_vector_U0/FFT_DIT_spatial_unroll_CY_stream_vector_stream_stream_vector_0_data_0_0_0_U/gen_buffer[0].FFT_DIT_RN_FFT_DIT_spatial_unroll_CY_stream_vector_FFT_DIT_spatial_unroll_CY_stream_vectrcU_memcore_U/q1_reg[15]/D
  -------------------------------------------------------------------    -------------------

                         (clock ap_clk rise edge)     4.000     4.000 r  
                                                      0.000     4.000 r  ap_clk (IN)
                         net (fo=77472, unset)        0.924     4.924    bd_0_i/hls_inst/inst/grp_FFT_pipeline_DIT_fu_154/FFT_DIT_spatial_unroll_CY_stream_vector_U0/FFT_DIT_spatial_unroll_CY_stream_vector_stream_stream_vector_0_data_0_0_0_U/gen_buffer[0].FFT_DIT_RN_FFT_DIT_spatial_unroll_CY_stream_vector_FFT_DIT_spatial_unroll_CY_stream_vectrcU_memcore_U/ap_clk
                         FDRE                                         r  bd_0_i/hls_inst/inst/grp_FFT_pipeline_DIT_fu_154/FFT_DIT_spatial_unroll_CY_stream_vector_U0/FFT_DIT_spatial_unroll_CY_stream_vector_stream_stream_vector_0_data_0_0_0_U/gen_buffer[0].FFT_DIT_RN_FFT_DIT_spatial_unroll_CY_stream_vector_FFT_DIT_spatial_unroll_CY_stream_vectrcU_memcore_U/q1_reg[15]/C
                         clock pessimism              0.000     4.924    
                         clock uncertainty           -0.035     4.889    
                         FDRE (Setup_fdre_C_D)       -0.016     4.873    bd_0_i/hls_inst/inst/grp_FFT_pipeline_DIT_fu_154/FFT_DIT_spatial_unroll_CY_stream_vector_U0/FFT_DIT_spatial_unroll_CY_stream_vector_stream_stream_vector_0_data_0_0_0_U/gen_buffer[0].FFT_DIT_RN_FFT_DIT_spatial_unroll_CY_stream_vector_FFT_DIT_spatial_unroll_CY_stream_vectrcU_memcore_U/q1_reg[15]
  -------------------------------------------------------------------
                         required time                          4.873    
                         arrival time                          -5.092    
  -------------------------------------------------------------------
                         slack                                 -0.219    

Slack (VIOLATED) :        -0.219ns  (required time - arrival time)
  Source:                 bd_0_i/hls_inst/inst/grp_FFT_pipeline_DIT_fu_154/FFT_DIT_spatial_unroll_CY_stream_vector_U0/FFT_stage_spatial_unroll_3_U0/m143_fu_152_reg[3]/C
                            (rising edge-triggered cell FDRE clocked by ap_clk  {rise@0.000ns fall@2.000ns period=4.000ns})
  Destination:            bd_0_i/hls_inst/inst/grp_FFT_pipeline_DIT_fu_154/FFT_DIT_spatial_unroll_CY_stream_vector_U0/FFT_DIT_spatial_unroll_CY_stream_vector_stream_stream_vector_0_data_0_0_0_U/gen_buffer[0].FFT_DIT_RN_FFT_DIT_spatial_unroll_CY_stream_vector_FFT_DIT_spatial_unroll_CY_stream_vectrcU_memcore_U/q1_reg[16]/D
                            (rising edge-triggered cell FDRE clocked by ap_clk  {rise@0.000ns fall@2.000ns period=4.000ns})
  Path Group:             ap_clk
  Path Type:              Setup (Max at Slow Process Corner)
  Requirement:            4.000ns  (ap_clk rise@4.000ns - ap_clk rise@0.000ns)
  Data Path Delay:        4.119ns  (logic 1.061ns (25.759%)  route 3.058ns (74.241%))
  Logic Levels:           3  (LUT4=1 LUT6=1 RAMD32=1)
  Clock Path Skew:        -0.049ns (DCD - SCD + CPR)
    Destination Clock Delay (DCD):    0.924ns = ( 4.924 - 4.000 ) 
    Source Clock Delay      (SCD):    0.973ns
    Clock Pessimism Removal (CPR):    0.000ns
  Clock Uncertainty:      0.035ns  ((TSJ^2 + TIJ^2)^1/2 + DJ) / 2 + PE
    Total System Jitter     (TSJ):    0.071ns
    Total Input Jitter      (TIJ):    0.000ns
    Discrete Jitter          (DJ):    0.000ns
    Phase Error              (PE):    0.000ns

    Location             Delay type                Incr(ns)  Path(ns)    Netlist Resource(s)
  -------------------------------------------------------------------    -------------------
                         (clock ap_clk rise edge)     0.000     0.000 r  
                                                      0.000     0.000 r  ap_clk (IN)
                         net (fo=77472, unset)        0.973     0.973    bd_0_i/hls_inst/inst/grp_FFT_pipeline_DIT_fu_154/FFT_DIT_spatial_unroll_CY_stream_vector_U0/FFT_stage_spatial_unroll_3_U0/ap_clk
                         FDRE                                         r  bd_0_i/hls_inst/inst/grp_FFT_pipeline_DIT_fu_154/FFT_DIT_spatial_unroll_CY_stream_vector_U0/FFT_stage_spatial_unroll_3_U0/m143_fu_152_reg[3]/C
  -------------------------------------------------------------------    -------------------
                         FDRE (Prop_fdre_C_Q)         0.518     1.491 r  bd_0_i/hls_inst/inst/grp_FFT_pipeline_DIT_fu_154/FFT_DIT_spatial_unroll_CY_stream_vector_U0/FFT_stage_spatial_unroll_3_U0/m143_fu_152_reg[3]/Q
                         net (fo=5, unplaced)         0.993     2.484    bd_0_i/hls_inst/inst/grp_FFT_pipeline_DIT_fu_154/FFT_DIT_spatial_unroll_CY_stream_vector_U0/FFT_stage_spatial_unroll_3_U0/m143_fu_152[3]
                         LUT6 (Prop_lut6_I0_O)        0.295     2.779 r  bd_0_i/hls_inst/inst/grp_FFT_pipeline_DIT_fu_154/FFT_DIT_spatial_unroll_CY_stream_vector_U0/FFT_stage_spatial_unroll_3_U0/m143_fu_152[3]_i_1/O
                         net (fo=34, unplaced)        0.522     3.301    bd_0_i/hls_inst/inst/grp_FFT_pipeline_DIT_fu_154/FFT_DIT_spatial_unroll_CY_stream_vector_U0/FFT_DIT_spatial_unroll_CY_stream_vector_stream_stream_vector_0_data_0_0_0_U/gen_buffer[0].FFT_DIT_RN_FFT_DIT_spatial_unroll_CY_stream_vector_FFT_DIT_spatial_unroll_CY_stream_vectrcU_memcore_U/FFT_DIT_spatial_unroll_CY_stream_vector_stream_stream_vector_0_data_0_1_2_address0[0]
                         LUT4 (Prop_lut4_I0_O)        0.124     3.425 r  bd_0_i/hls_inst/inst/grp_FFT_pipeline_DIT_fu_154/FFT_DIT_spatial_unroll_CY_stream_vector_U0/FFT_DIT_spatial_unroll_CY_stream_vector_stream_stream_vector_0_data_0_0_0_U/gen_buffer[0].FFT_DIT_RN_FFT_DIT_spatial_unroll_CY_stream_vector_FFT_DIT_spatial_unroll_CY_stream_vectrcU_memcore_U/ram_reg_0_31_0_0_i_4__6/O
                         net (fo=96, unplaced)        1.210     4.635    bd_0_i/hls_inst/inst/grp_FFT_pipeline_DIT_fu_154/FFT_DIT_spatial_unroll_CY_stream_vector_U0/FFT_DIT_spatial_unroll_CY_stream_vector_stream_stream_vector_0_data_0_0_0_U/gen_buffer[0].FFT_DIT_RN_FFT_DIT_spatial_unroll_CY_stream_vector_FFT_DIT_spatial_unroll_CY_stream_vectrcU_memcore_U/ram_reg_0_31_16_16/A1
                         RAMD32 (Prop_ramd32_RADR1_O)
                                                      0.124     4.759 r  bd_0_i/hls_inst/inst/grp_FFT_pipeline_DIT_fu_154/FFT_DIT_spatial_unroll_CY_stream_vector_U0/FFT_DIT_spatial_unroll_CY_stream_vector_stream_stream_vector_0_data_0_0_0_U/gen_buffer[0].FFT_DIT_RN_FFT_DIT_spatial_unroll_CY_stream_vector_FFT_DIT_spatial_unroll_CY_stream_vectrcU_memcore_U/ram_reg_0_31_16_16/SP/O
                         net (fo=1, unplaced)         0.333     5.092    bd_0_i/hls_inst/inst/grp_FFT_pipeline_DIT_fu_154/FFT_DIT_spatial_unroll_CY_stream_vector_U0/FFT_DIT_spatial_unroll_CY_stream_vector_stream_stream_vector_0_data_0_0_0_U/gen_buffer[0].FFT_DIT_RN_FFT_DIT_spatial_unroll_CY_stream_vector_FFT_DIT_spatial_unroll_CY_stream_vectrcU_memcore_U/ram_reg_0_31_16_16_n_4
                         FDRE                                         r  bd_0_i/hls_inst/inst/grp_FFT_pipeline_DIT_fu_154/FFT_DIT_spatial_unroll_CY_stream_vector_U0/FFT_DIT_spatial_unroll_CY_stream_vector_stream_stream_vector_0_data_0_0_0_U/gen_buffer[0].FFT_DIT_RN_FFT_DIT_spatial_unroll_CY_stream_vector_FFT_DIT_spatial_unroll_CY_stream_vectrcU_memcore_U/q1_reg[16]/D
  -------------------------------------------------------------------    -------------------

                         (clock ap_clk rise edge)     4.000     4.000 r  
                                                      0.000     4.000 r  ap_clk (IN)
                         net (fo=77472, unset)        0.924     4.924    bd_0_i/hls_inst/inst/grp_FFT_pipeline_DIT_fu_154/FFT_DIT_spatial_unroll_CY_stream_vector_U0/FFT_DIT_spatial_unroll_CY_stream_vector_stream_stream_vector_0_data_0_0_0_U/gen_buffer[0].FFT_DIT_RN_FFT_DIT_spatial_unroll_CY_stream_vector_FFT_DIT_spatial_unroll_CY_stream_vectrcU_memcore_U/ap_clk
                         FDRE                                         r  bd_0_i/hls_inst/inst/grp_FFT_pipeline_DIT_fu_154/FFT_DIT_spatial_unroll_CY_stream_vector_U0/FFT_DIT_spatial_unroll_CY_stream_vector_stream_stream_vector_0_data_0_0_0_U/gen_buffer[0].FFT_DIT_RN_FFT_DIT_spatial_unroll_CY_stream_vector_FFT_DIT_spatial_unroll_CY_stream_vectrcU_memcore_U/q1_reg[16]/C
                         clock pessimism              0.000     4.924    
                         clock uncertainty           -0.035     4.889    
                         FDRE (Setup_fdre_C_D)       -0.016     4.873    bd_0_i/hls_inst/inst/grp_FFT_pipeline_DIT_fu_154/FFT_DIT_spatial_unroll_CY_stream_vector_U0/FFT_DIT_spatial_unroll_CY_stream_vector_stream_stream_vector_0_data_0_0_0_U/gen_buffer[0].FFT_DIT_RN_FFT_DIT_spatial_unroll_CY_stream_vector_FFT_DIT_spatial_unroll_CY_stream_vectrcU_memcore_U/q1_reg[16]
  -------------------------------------------------------------------
                         required time                          4.873    
                         arrival time                          -5.092    
  -------------------------------------------------------------------
                         slack                                 -0.219    

Slack (VIOLATED) :        -0.219ns  (required time - arrival time)
  Source:                 bd_0_i/hls_inst/inst/grp_FFT_pipeline_DIT_fu_154/FFT_DIT_spatial_unroll_CY_stream_vector_U0/FFT_stage_spatial_unroll_3_U0/m143_fu_152_reg[3]/C
                            (rising edge-triggered cell FDRE clocked by ap_clk  {rise@0.000ns fall@2.000ns period=4.000ns})
  Destination:            bd_0_i/hls_inst/inst/grp_FFT_pipeline_DIT_fu_154/FFT_DIT_spatial_unroll_CY_stream_vector_U0/FFT_DIT_spatial_unroll_CY_stream_vector_stream_stream_vector_0_data_0_0_0_U/gen_buffer[0].FFT_DIT_RN_FFT_DIT_spatial_unroll_CY_stream_vector_FFT_DIT_spatial_unroll_CY_stream_vectrcU_memcore_U/q1_reg[17]/D
                            (rising edge-triggered cell FDRE clocked by ap_clk  {rise@0.000ns fall@2.000ns period=4.000ns})
  Path Group:             ap_clk
  Path Type:              Setup (Max at Slow Process Corner)
  Requirement:            4.000ns  (ap_clk rise@4.000ns - ap_clk rise@0.000ns)
  Data Path Delay:        4.119ns  (logic 1.061ns (25.759%)  route 3.058ns (74.241%))
  Logic Levels:           3  (LUT4=1 LUT6=1 RAMD32=1)
  Clock Path Skew:        -0.049ns (DCD - SCD + CPR)
    Destination Clock Delay (DCD):    0.924ns = ( 4.924 - 4.000 ) 
    Source Clock Delay      (SCD):    0.973ns
    Clock Pessimism Removal (CPR):    0.000ns
  Clock Uncertainty:      0.035ns  ((TSJ^2 + TIJ^2)^1/2 + DJ) / 2 + PE
    Total System Jitter     (TSJ):    0.071ns
    Total Input Jitter      (TIJ):    0.000ns
    Discrete Jitter          (DJ):    0.000ns
    Phase Error              (PE):    0.000ns

    Location             Delay type                Incr(ns)  Path(ns)    Netlist Resource(s)
  -------------------------------------------------------------------    -------------------
                         (clock ap_clk rise edge)     0.000     0.000 r  
                                                      0.000     0.000 r  ap_clk (IN)
                         net (fo=77472, unset)        0.973     0.973    bd_0_i/hls_inst/inst/grp_FFT_pipeline_DIT_fu_154/FFT_DIT_spatial_unroll_CY_stream_vector_U0/FFT_stage_spatial_unroll_3_U0/ap_clk
                         FDRE                                         r  bd_0_i/hls_inst/inst/grp_FFT_pipeline_DIT_fu_154/FFT_DIT_spatial_unroll_CY_stream_vector_U0/FFT_stage_spatial_unroll_3_U0/m143_fu_152_reg[3]/C
  -------------------------------------------------------------------    -------------------
                         FDRE (Prop_fdre_C_Q)         0.518     1.491 r  bd_0_i/hls_inst/inst/grp_FFT_pipeline_DIT_fu_154/FFT_DIT_spatial_unroll_CY_stream_vector_U0/FFT_stage_spatial_unroll_3_U0/m143_fu_152_reg[3]/Q
                         net (fo=5, unplaced)         0.993     2.484    bd_0_i/hls_inst/inst/grp_FFT_pipeline_DIT_fu_154/FFT_DIT_spatial_unroll_CY_stream_vector_U0/FFT_stage_spatial_unroll_3_U0/m143_fu_152[3]
                         LUT6 (Prop_lut6_I0_O)        0.295     2.779 r  bd_0_i/hls_inst/inst/grp_FFT_pipeline_DIT_fu_154/FFT_DIT_spatial_unroll_CY_stream_vector_U0/FFT_stage_spatial_unroll_3_U0/m143_fu_152[3]_i_1/O
                         net (fo=34, unplaced)        0.522     3.301    bd_0_i/hls_inst/inst/grp_FFT_pipeline_DIT_fu_154/FFT_DIT_spatial_unroll_CY_stream_vector_U0/FFT_DIT_spatial_unroll_CY_stream_vector_stream_stream_vector_0_data_0_0_0_U/gen_buffer[0].FFT_DIT_RN_FFT_DIT_spatial_unroll_CY_stream_vector_FFT_DIT_spatial_unroll_CY_stream_vectrcU_memcore_U/FFT_DIT_spatial_unroll_CY_stream_vector_stream_stream_vector_0_data_0_1_2_address0[0]
                         LUT4 (Prop_lut4_I0_O)        0.124     3.425 r  bd_0_i/hls_inst/inst/grp_FFT_pipeline_DIT_fu_154/FFT_DIT_spatial_unroll_CY_stream_vector_U0/FFT_DIT_spatial_unroll_CY_stream_vector_stream_stream_vector_0_data_0_0_0_U/gen_buffer[0].FFT_DIT_RN_FFT_DIT_spatial_unroll_CY_stream_vector_FFT_DIT_spatial_unroll_CY_stream_vectrcU_memcore_U/ram_reg_0_31_0_0_i_4__6/O
                         net (fo=96, unplaced)        1.210     4.635    bd_0_i/hls_inst/inst/grp_FFT_pipeline_DIT_fu_154/FFT_DIT_spatial_unroll_CY_stream_vector_U0/FFT_DIT_spatial_unroll_CY_stream_vector_stream_stream_vector_0_data_0_0_0_U/gen_buffer[0].FFT_DIT_RN_FFT_DIT_spatial_unroll_CY_stream_vector_FFT_DIT_spatial_unroll_CY_stream_vectrcU_memcore_U/ram_reg_0_31_17_17/A1
                         RAMD32 (Prop_ramd32_RADR1_O)
                                                      0.124     4.759 r  bd_0_i/hls_inst/inst/grp_FFT_pipeline_DIT_fu_154/FFT_DIT_spatial_unroll_CY_stream_vector_U0/FFT_DIT_spatial_unroll_CY_stream_vector_stream_stream_vector_0_data_0_0_0_U/gen_buffer[0].FFT_DIT_RN_FFT_DIT_spatial_unroll_CY_stream_vector_FFT_DIT_spatial_unroll_CY_stream_vectrcU_memcore_U/ram_reg_0_31_17_17/SP/O
                         net (fo=1, unplaced)         0.333     5.092    bd_0_i/hls_inst/inst/grp_FFT_pipeline_DIT_fu_154/FFT_DIT_spatial_unroll_CY_stream_vector_U0/FFT_DIT_spatial_unroll_CY_stream_vector_stream_stream_vector_0_data_0_0_0_U/gen_buffer[0].FFT_DIT_RN_FFT_DIT_spatial_unroll_CY_stream_vector_FFT_DIT_spatial_unroll_CY_stream_vectrcU_memcore_U/ram_reg_0_31_17_17_n_4
                         FDRE                                         r  bd_0_i/hls_inst/inst/grp_FFT_pipeline_DIT_fu_154/FFT_DIT_spatial_unroll_CY_stream_vector_U0/FFT_DIT_spatial_unroll_CY_stream_vector_stream_stream_vector_0_data_0_0_0_U/gen_buffer[0].FFT_DIT_RN_FFT_DIT_spatial_unroll_CY_stream_vector_FFT_DIT_spatial_unroll_CY_stream_vectrcU_memcore_U/q1_reg[17]/D
  -------------------------------------------------------------------    -------------------

                         (clock ap_clk rise edge)     4.000     4.000 r  
                                                      0.000     4.000 r  ap_clk (IN)
                         net (fo=77472, unset)        0.924     4.924    bd_0_i/hls_inst/inst/grp_FFT_pipeline_DIT_fu_154/FFT_DIT_spatial_unroll_CY_stream_vector_U0/FFT_DIT_spatial_unroll_CY_stream_vector_stream_stream_vector_0_data_0_0_0_U/gen_buffer[0].FFT_DIT_RN_FFT_DIT_spatial_unroll_CY_stream_vector_FFT_DIT_spatial_unroll_CY_stream_vectrcU_memcore_U/ap_clk
                         FDRE                                         r  bd_0_i/hls_inst/inst/grp_FFT_pipeline_DIT_fu_154/FFT_DIT_spatial_unroll_CY_stream_vector_U0/FFT_DIT_spatial_unroll_CY_stream_vector_stream_stream_vector_0_data_0_0_0_U/gen_buffer[0].FFT_DIT_RN_FFT_DIT_spatial_unroll_CY_stream_vector_FFT_DIT_spatial_unroll_CY_stream_vectrcU_memcore_U/q1_reg[17]/C
                         clock pessimism              0.000     4.924    
                         clock uncertainty           -0.035     4.889    
                         FDRE (Setup_fdre_C_D)       -0.016     4.873    bd_0_i/hls_inst/inst/grp_FFT_pipeline_DIT_fu_154/FFT_DIT_spatial_unroll_CY_stream_vector_U0/FFT_DIT_spatial_unroll_CY_stream_vector_stream_stream_vector_0_data_0_0_0_U/gen_buffer[0].FFT_DIT_RN_FFT_DIT_spatial_unroll_CY_stream_vector_FFT_DIT_spatial_unroll_CY_stream_vectrcU_memcore_U/q1_reg[17]
  -------------------------------------------------------------------
                         required time                          4.873    
                         arrival time                          -5.092    
  -------------------------------------------------------------------
                         slack                                 -0.219    

Slack (VIOLATED) :        -0.219ns  (required time - arrival time)
  Source:                 bd_0_i/hls_inst/inst/grp_FFT_pipeline_DIT_fu_154/FFT_DIT_spatial_unroll_CY_stream_vector_U0/FFT_stage_spatial_unroll_3_U0/m143_fu_152_reg[3]/C
                            (rising edge-triggered cell FDRE clocked by ap_clk  {rise@0.000ns fall@2.000ns period=4.000ns})
  Destination:            bd_0_i/hls_inst/inst/grp_FFT_pipeline_DIT_fu_154/FFT_DIT_spatial_unroll_CY_stream_vector_U0/FFT_DIT_spatial_unroll_CY_stream_vector_stream_stream_vector_0_data_0_0_0_U/gen_buffer[0].FFT_DIT_RN_FFT_DIT_spatial_unroll_CY_stream_vector_FFT_DIT_spatial_unroll_CY_stream_vectrcU_memcore_U/q1_reg[18]/D
                            (rising edge-triggered cell FDRE clocked by ap_clk  {rise@0.000ns fall@2.000ns period=4.000ns})
  Path Group:             ap_clk
  Path Type:              Setup (Max at Slow Process Corner)
  Requirement:            4.000ns  (ap_clk rise@4.000ns - ap_clk rise@0.000ns)
  Data Path Delay:        4.119ns  (logic 1.061ns (25.759%)  route 3.058ns (74.241%))
  Logic Levels:           3  (LUT4=1 LUT6=1 RAMD32=1)
  Clock Path Skew:        -0.049ns (DCD - SCD + CPR)
    Destination Clock Delay (DCD):    0.924ns = ( 4.924 - 4.000 ) 
    Source Clock Delay      (SCD):    0.973ns
    Clock Pessimism Removal (CPR):    0.000ns
  Clock Uncertainty:      0.035ns  ((TSJ^2 + TIJ^2)^1/2 + DJ) / 2 + PE
    Total System Jitter     (TSJ):    0.071ns
    Total Input Jitter      (TIJ):    0.000ns
    Discrete Jitter          (DJ):    0.000ns
    Phase Error              (PE):    0.000ns

    Location             Delay type                Incr(ns)  Path(ns)    Netlist Resource(s)
  -------------------------------------------------------------------    -------------------
                         (clock ap_clk rise edge)     0.000     0.000 r  
                                                      0.000     0.000 r  ap_clk (IN)
                         net (fo=77472, unset)        0.973     0.973    bd_0_i/hls_inst/inst/grp_FFT_pipeline_DIT_fu_154/FFT_DIT_spatial_unroll_CY_stream_vector_U0/FFT_stage_spatial_unroll_3_U0/ap_clk
                         FDRE                                         r  bd_0_i/hls_inst/inst/grp_FFT_pipeline_DIT_fu_154/FFT_DIT_spatial_unroll_CY_stream_vector_U0/FFT_stage_spatial_unroll_3_U0/m143_fu_152_reg[3]/C
  -------------------------------------------------------------------    -------------------
                         FDRE (Prop_fdre_C_Q)         0.518     1.491 r  bd_0_i/hls_inst/inst/grp_FFT_pipeline_DIT_fu_154/FFT_DIT_spatial_unroll_CY_stream_vector_U0/FFT_stage_spatial_unroll_3_U0/m143_fu_152_reg[3]/Q
                         net (fo=5, unplaced)         0.993     2.484    bd_0_i/hls_inst/inst/grp_FFT_pipeline_DIT_fu_154/FFT_DIT_spatial_unroll_CY_stream_vector_U0/FFT_stage_spatial_unroll_3_U0/m143_fu_152[3]
                         LUT6 (Prop_lut6_I0_O)        0.295     2.779 r  bd_0_i/hls_inst/inst/grp_FFT_pipeline_DIT_fu_154/FFT_DIT_spatial_unroll_CY_stream_vector_U0/FFT_stage_spatial_unroll_3_U0/m143_fu_152[3]_i_1/O
                         net (fo=34, unplaced)        0.522     3.301    bd_0_i/hls_inst/inst/grp_FFT_pipeline_DIT_fu_154/FFT_DIT_spatial_unroll_CY_stream_vector_U0/FFT_DIT_spatial_unroll_CY_stream_vector_stream_stream_vector_0_data_0_0_0_U/gen_buffer[0].FFT_DIT_RN_FFT_DIT_spatial_unroll_CY_stream_vector_FFT_DIT_spatial_unroll_CY_stream_vectrcU_memcore_U/FFT_DIT_spatial_unroll_CY_stream_vector_stream_stream_vector_0_data_0_1_2_address0[0]
                         LUT4 (Prop_lut4_I0_O)        0.124     3.425 r  bd_0_i/hls_inst/inst/grp_FFT_pipeline_DIT_fu_154/FFT_DIT_spatial_unroll_CY_stream_vector_U0/FFT_DIT_spatial_unroll_CY_stream_vector_stream_stream_vector_0_data_0_0_0_U/gen_buffer[0].FFT_DIT_RN_FFT_DIT_spatial_unroll_CY_stream_vector_FFT_DIT_spatial_unroll_CY_stream_vectrcU_memcore_U/ram_reg_0_31_0_0_i_4__6/O
                         net (fo=96, unplaced)        1.210     4.635    bd_0_i/hls_inst/inst/grp_FFT_pipeline_DIT_fu_154/FFT_DIT_spatial_unroll_CY_stream_vector_U0/FFT_DIT_spatial_unroll_CY_stream_vector_stream_stream_vector_0_data_0_0_0_U/gen_buffer[0].FFT_DIT_RN_FFT_DIT_spatial_unroll_CY_stream_vector_FFT_DIT_spatial_unroll_CY_stream_vectrcU_memcore_U/ram_reg_0_31_18_18/A1
                         RAMD32 (Prop_ramd32_RADR1_O)
                                                      0.124     4.759 r  bd_0_i/hls_inst/inst/grp_FFT_pipeline_DIT_fu_154/FFT_DIT_spatial_unroll_CY_stream_vector_U0/FFT_DIT_spatial_unroll_CY_stream_vector_stream_stream_vector_0_data_0_0_0_U/gen_buffer[0].FFT_DIT_RN_FFT_DIT_spatial_unroll_CY_stream_vector_FFT_DIT_spatial_unroll_CY_stream_vectrcU_memcore_U/ram_reg_0_31_18_18/SP/O
                         net (fo=1, unplaced)         0.333     5.092    bd_0_i/hls_inst/inst/grp_FFT_pipeline_DIT_fu_154/FFT_DIT_spatial_unroll_CY_stream_vector_U0/FFT_DIT_spatial_unroll_CY_stream_vector_stream_stream_vector_0_data_0_0_0_U/gen_buffer[0].FFT_DIT_RN_FFT_DIT_spatial_unroll_CY_stream_vector_FFT_DIT_spatial_unroll_CY_stream_vectrcU_memcore_U/ram_reg_0_31_18_18_n_4
                         FDRE                                         r  bd_0_i/hls_inst/inst/grp_FFT_pipeline_DIT_fu_154/FFT_DIT_spatial_unroll_CY_stream_vector_U0/FFT_DIT_spatial_unroll_CY_stream_vector_stream_stream_vector_0_data_0_0_0_U/gen_buffer[0].FFT_DIT_RN_FFT_DIT_spatial_unroll_CY_stream_vector_FFT_DIT_spatial_unroll_CY_stream_vectrcU_memcore_U/q1_reg[18]/D
  -------------------------------------------------------------------    -------------------

                         (clock ap_clk rise edge)     4.000     4.000 r  
                                                      0.000     4.000 r  ap_clk (IN)
                         net (fo=77472, unset)        0.924     4.924    bd_0_i/hls_inst/inst/grp_FFT_pipeline_DIT_fu_154/FFT_DIT_spatial_unroll_CY_stream_vector_U0/FFT_DIT_spatial_unroll_CY_stream_vector_stream_stream_vector_0_data_0_0_0_U/gen_buffer[0].FFT_DIT_RN_FFT_DIT_spatial_unroll_CY_stream_vector_FFT_DIT_spatial_unroll_CY_stream_vectrcU_memcore_U/ap_clk
                         FDRE                                         r  bd_0_i/hls_inst/inst/grp_FFT_pipeline_DIT_fu_154/FFT_DIT_spatial_unroll_CY_stream_vector_U0/FFT_DIT_spatial_unroll_CY_stream_vector_stream_stream_vector_0_data_0_0_0_U/gen_buffer[0].FFT_DIT_RN_FFT_DIT_spatial_unroll_CY_stream_vector_FFT_DIT_spatial_unroll_CY_stream_vectrcU_memcore_U/q1_reg[18]/C
                         clock pessimism              0.000     4.924    
                         clock uncertainty           -0.035     4.889    
                         FDRE (Setup_fdre_C_D)       -0.016     4.873    bd_0_i/hls_inst/inst/grp_FFT_pipeline_DIT_fu_154/FFT_DIT_spatial_unroll_CY_stream_vector_U0/FFT_DIT_spatial_unroll_CY_stream_vector_stream_stream_vector_0_data_0_0_0_U/gen_buffer[0].FFT_DIT_RN_FFT_DIT_spatial_unroll_CY_stream_vector_FFT_DIT_spatial_unroll_CY_stream_vectrcU_memcore_U/q1_reg[18]
  -------------------------------------------------------------------
                         required time                          4.873    
                         arrival time                          -5.092    
  -------------------------------------------------------------------
                         slack                                 -0.219    




