Copyright 1986-2022 Xilinx, Inc. All Rights Reserved. Copyright 2022-2024 Advanced Micro Devices, Inc. All Rights Reserved.
---------------------------------------------------------------------------------------------------------------------------------------------
| Tool Version : Vivado v.2024.2 (lin64) Build 5239630 Fri Nov 08 22:34:34 MST 2024
| Date         : Wed Jul 16 19:03:21 2025
| Host         : c04 running 64-bit Ubuntu 22.04.5 LTS
| Command      : report_timing_summary -file ./report/FFT_DIT_RN_timing_synth.rpt
| Design       : bd_0_wrapper
| Device       : 7z020-clg400
| Speed File   : -1  PRODUCTION 1.12 2019-11-22
| Design State : Synthesized
---------------------------------------------------------------------------------------------------------------------------------------------

Timing Summary Report

------------------------------------------------------------------------------------------------
| Timer Settings
| --------------
------------------------------------------------------------------------------------------------

  Enable Multi Corner Analysis               :  Yes
  Enable Pessimism Removal                   :  Yes
  Pessimism Removal Resolution               :  Nearest Common Node
  Enable Input Delay Default Clock           :  No
  Enable Preset / Clear Arcs                 :  No
  Disable Flight Delays                      :  No
  Ignore I/O Paths                           :  No
  Timing Early Launch at Borrowing Latches   :  No
  Borrow Time for Max Delay Exceptions       :  Yes
  Merge Timing Exceptions                    :  Yes
  Inter-SLR Compensation                     :  Conservative

  Corner  Analyze    Analyze    
  Name    Max Paths  Min Paths  
  ------  ---------  ---------  
  Slow    Yes        Yes        
  Fast    Yes        Yes        


------------------------------------------------------------------------------------------------
| Report Methodology
| ------------------
------------------------------------------------------------------------------------------------

No report available as report_methodology has not been run prior. Run report_methodology on the current design for the summary of methodology violations.



check_timing report

Table of Contents
-----------------
1. checking no_clock (0)
2. checking constant_clock (0)
3. checking pulse_width_clock (0)
4. checking unconstrained_internal_endpoints (0)
5. checking no_input_delay (260)
6. checking no_output_delay (261)
7. checking multiple_clock (0)
8. checking generated_clocks (0)
9. checking loops (0)
10. checking partial_input_delay (0)
11. checking partial_output_delay (0)
12. checking latch_loops (0)

1. checking no_clock (0)
------------------------
 There are 0 register/latch pins with no clock.


2. checking constant_clock (0)
------------------------------
 There are 0 register/latch pins with constant_clock.


3. checking pulse_width_clock (0)
---------------------------------
 There are 0 register/latch pins which need pulse_width check


4. checking unconstrained_internal_endpoints (0)
------------------------------------------------
 There are 0 pins that are not constrained for maximum delay.

 There are 0 pins that are not constrained for maximum delay due to constant clock.


5. checking no_input_delay (260)
--------------------------------
 There are 260 input ports with no input delay specified. (HIGH)

 There are 0 input ports with no input delay but user has a false path constraint.


6. checking no_output_delay (261)
---------------------------------
 There are 261 ports with no output delay specified. (HIGH)

 There are 0 ports with no output delay but user has a false path constraint

 There are 0 ports with no output delay but with a timing clock defined on it or propagating through it


7. checking multiple_clock (0)
------------------------------
 There are 0 register/latch pins with multiple clocks.


8. checking generated_clocks (0)
--------------------------------
 There are 0 generated clocks that are not connected to a clock source.


9. checking loops (0)
---------------------
 There are 0 combinational loops in the design.


10. checking partial_input_delay (0)
------------------------------------
 There are 0 input ports with partial input delay specified.


11. checking partial_output_delay (0)
-------------------------------------
 There are 0 ports with partial output delay specified.


12. checking latch_loops (0)
----------------------------
 There are 0 combinational latch loops in the design through latch input



------------------------------------------------------------------------------------------------
| Design Timing Summary
| ---------------------
------------------------------------------------------------------------------------------------

    WNS(ns)      TNS(ns)  TNS Failing Endpoints  TNS Total Endpoints      WHS(ns)      THS(ns)  THS Failing Endpoints  THS Total Endpoints     WPWS(ns)     TPWS(ns)  TPWS Failing Endpoints  TPWS Total Endpoints  
    -------      -------  ---------------------  -------------------      -------      -------  ---------------------  -------------------     --------     --------  ----------------------  --------------------  
     -0.219     -209.925                   1024               174066        0.193        0.000                      0               174066        0.750        0.000                       0                 77473  


Timing constraints are not met.


------------------------------------------------------------------------------------------------
| Clock Summary
| -------------
------------------------------------------------------------------------------------------------

Clock   Waveform(ns)         Period(ns)      Frequency(MHz)
-----   ------------         ----------      --------------
ap_clk  {0.000 2.000}        4.000           250.000         


------------------------------------------------------------------------------------------------
| Intra Clock Table
| -----------------
------------------------------------------------------------------------------------------------

Clock             WNS(ns)      TNS(ns)  TNS Failing Endpoints  TNS Total Endpoints      WHS(ns)      THS(ns)  THS Failing Endpoints  THS Total Endpoints     WPWS(ns)     TPWS(ns)  TPWS Failing Endpoints  TPWS Total Endpoints  
-----             -------      -------  ---------------------  -------------------      -------      -------  ---------------------  -------------------     --------     --------  ----------------------  --------------------  
ap_clk             -0.219     -209.925                   1024               174066        0.193        0.000                      0               174066        0.750        0.000                       0                 77473  


------------------------------------------------------------------------------------------------
| Inter Clock Table
| -----------------
------------------------------------------------------------------------------------------------

From Clock    To Clock          WNS(ns)      TNS(ns)  TNS Failing Endpoints  TNS Total Endpoints      WHS(ns)      THS(ns)  THS Failing Endpoints  THS Total Endpoints  
----------    --------          -------      -------  ---------------------  -------------------      -------      -------  ---------------------  -------------------  


------------------------------------------------------------------------------------------------
| Other Path Groups Table
| -----------------------
------------------------------------------------------------------------------------------------

Path Group    From Clock    To Clock          WNS(ns)      TNS(ns)  TNS Failing Endpoints  TNS Total Endpoints      WHS(ns)      THS(ns)  THS Failing Endpoints  THS Total Endpoints  
----------    ----------    --------          -------      -------  ---------------------  -------------------      -------      -------  ---------------------  -------------------  


------------------------------------------------------------------------------------------------
| Timing Details
| --------------
------------------------------------------------------------------------------------------------


---------------------------------------------------------------------------------------------------
From Clock:  ap_clk
  To Clock:  ap_clk

Setup :         1024  Failing Endpoints,  Worst Slack       -0.219ns,  Total Violation     -209.925ns
Hold  :            0  Failing Endpoints,  Worst Slack        0.193ns,  Total Violation        0.000ns
PW    :            0  Failing Endpoints,  Worst Slack        0.750ns,  Total Violation        0.000ns
---------------------------------------------------------------------------------------------------


Max Delay Paths
--------------------------------------------------------------------------------------
Slack (VIOLATED) :        -0.219ns  (required time - arrival time)
  Source:                 bd_0_i/hls_inst/inst/grp_FFT_pipeline_DIT_fu_154/FFT_DIT_spatial_unroll_CY_stream_vector_U0/FFT_stage_spatial_unroll_3_U0/m143_fu_152_reg[3]/C
                            (rising edge-triggered cell FDRE clocked by ap_clk  {rise@0.000ns fall@2.000ns period=4.000ns})
  Destination:            bd_0_i/hls_inst/inst/grp_FFT_pipeline_DIT_fu_154/FFT_DIT_spatial_unroll_CY_stream_vector_U0/FFT_DIT_spatial_unroll_CY_stream_vector_stream_stream_vector_0_data_0_0_0_U/gen_buffer[0].FFT_DIT_RN_FFT_DIT_spatial_unroll_CY_stream_vector_FFT_DIT_spatial_unroll_CY_stream_vectrcU_memcore_U/q1_reg[0]/D
                            (rising edge-triggered cell FDRE clocked by ap_clk  {rise@0.000ns fall@2.000ns period=4.000ns})
  Path Group:             ap_clk
  Path Type:              Setup (Max at Slow Process Corner)
  Requirement:            4.000ns  (ap_clk rise@4.000ns - ap_clk rise@0.000ns)
  Data Path Delay:        4.119ns  (logic 1.061ns (25.759%)  route 3.058ns (74.241%))
  Logic Levels:           3  (LUT4=1 LUT6=1 RAMD32=1)
  Clock Path Skew:        -0.049ns (DCD - SCD + CPR)
    Destination Clock Delay (DCD):    0.924ns = ( 4.924 - 4.000 ) 
    Source Clock Delay      (SCD):    0.973ns
    Clock Pessimism Removal (CPR):    0.000ns
  Clock Uncertainty:      0.035ns  ((TSJ^2 + TIJ^2)^1/2 + DJ) / 2 + PE
    Total System Jitter     (TSJ):    0.071ns
    Total Input Jitter      (TIJ):    0.000ns
    Discrete Jitter          (DJ):    0.000ns
    Phase Error              (PE):    0.000ns

    Location             Delay type                Incr(ns)  Path(ns)    Netlist Resource(s)
  -------------------------------------------------------------------    -------------------
                         (clock ap_clk rise edge)     0.000     0.000 r  
                                                      0.000     0.000 r  ap_clk (IN)
                         net (fo=77472, unset)        0.973     0.973    bd_0_i/hls_inst/inst/grp_FFT_pipeline_DIT_fu_154/FFT_DIT_spatial_unroll_CY_stream_vector_U0/FFT_stage_spatial_unroll_3_U0/ap_clk
                         FDRE                                         r  bd_0_i/hls_inst/inst/grp_FFT_pipeline_DIT_fu_154/FFT_DIT_spatial_unroll_CY_stream_vector_U0/FFT_stage_spatial_unroll_3_U0/m143_fu_152_reg[3]/C
  -------------------------------------------------------------------    -------------------
                         FDRE (Prop_fdre_C_Q)         0.518     1.491 r  bd_0_i/hls_inst/inst/grp_FFT_pipeline_DIT_fu_154/FFT_DIT_spatial_unroll_CY_stream_vector_U0/FFT_stage_spatial_unroll_3_U0/m143_fu_152_reg[3]/Q
                         net (fo=5, unplaced)         0.993     2.484    bd_0_i/hls_inst/inst/grp_FFT_pipeline_DIT_fu_154/FFT_DIT_spatial_unroll_CY_stream_vector_U0/FFT_stage_spatial_unroll_3_U0/m143_fu_152[3]
                         LUT6 (Prop_lut6_I0_O)        0.295     2.779 r  bd_0_i/hls_inst/inst/grp_FFT_pipeline_DIT_fu_154/FFT_DIT_spatial_unroll_CY_stream_vector_U0/FFT_stage_spatial_unroll_3_U0/m143_fu_152[3]_i_1/O
                         net (fo=34, unplaced)        0.522     3.301    bd_0_i/hls_inst/inst/grp_FFT_pipeline_DIT_fu_154/FFT_DIT_spatial_unroll_CY_stream_vector_U0/FFT_DIT_spatial_unroll_CY_stream_vector_stream_stream_vector_0_data_0_0_0_U/gen_buffer[0].FFT_DIT_RN_FFT_DIT_spatial_unroll_CY_stream_vector_FFT_DIT_spatial_unroll_CY_stream_vectrcU_memcore_U/FFT_DIT_spatial_unroll_CY_stream_vector_stream_stream_vector_0_data_0_1_2_address0[0]
                         LUT4 (Prop_lut4_I0_O)        0.124     3.425 r  bd_0_i/hls_inst/inst/grp_FFT_pipeline_DIT_fu_154/FFT_DIT_spatial_unroll_CY_stream_vector_U0/FFT_DIT_spatial_unroll_CY_stream_vector_stream_stream_vector_0_data_0_0_0_U/gen_buffer[0].FFT_DIT_RN_FFT_DIT_spatial_unroll_CY_stream_vector_FFT_DIT_spatial_unroll_CY_stream_vectrcU_memcore_U/ram_reg_0_31_0_0_i_4__6/O
                         net (fo=96, unplaced)        1.210     4.635    bd_0_i/hls_inst/inst/grp_FFT_pipeline_DIT_fu_154/FFT_DIT_spatial_unroll_CY_stream_vector_U0/FFT_DIT_spatial_unroll_CY_stream_vector_stream_stream_vector_0_data_0_0_0_U/gen_buffer[0].FFT_DIT_RN_FFT_DIT_spatial_unroll_CY_stream_vector_FFT_DIT_spatial_unroll_CY_stream_vectrcU_memcore_U/ram_reg_0_31_0_0/A1
                         RAMD32 (Prop_ramd32_RADR1_O)
                                                      0.124     4.759 r  bd_0_i/hls_inst/inst/grp_FFT_pipeline_DIT_fu_154/FFT_DIT_spatial_unroll_CY_stream_vector_U0/FFT_DIT_spatial_unroll_CY_stream_vector_stream_stream_vector_0_data_0_0_0_U/gen_buffer[0].FFT_DIT_RN_FFT_DIT_spatial_unroll_CY_stream_vector_FFT_DIT_spatial_unroll_CY_stream_vectrcU_memcore_U/ram_reg_0_31_0_0/SP/O
                         net (fo=1, unplaced)         0.333     5.092    bd_0_i/hls_inst/inst/grp_FFT_pipeline_DIT_fu_154/FFT_DIT_spatial_unroll_CY_stream_vector_U0/FFT_DIT_spatial_unroll_CY_stream_vector_stream_stream_vector_0_data_0_0_0_U/gen_buffer[0].FFT_DIT_RN_FFT_DIT_spatial_unroll_CY_stream_vector_FFT_DIT_spatial_unroll_CY_stream_vectrcU_memcore_U/ram_reg_0_31_0_0_n_4
                         FDRE                                         r  bd_0_i/hls_inst/inst/grp_FFT_pipeline_DIT_fu_154/FFT_DIT_spatial_unroll_CY_stream_vector_U0/FFT_DIT_spatial_unroll_CY_stream_vector_stream_stream_vector_0_data_0_0_0_U/gen_buffer[0].FFT_DIT_RN_FFT_DIT_spatial_unroll_CY_stream_vector_FFT_DIT_spatial_unroll_CY_stream_vectrcU_memcore_U/q1_reg[0]/D
  -------------------------------------------------------------------    -------------------

                         (clock ap_clk rise edge)     4.000     4.000 r  
                                                      0.000     4.000 r  ap_clk (IN)
                         net (fo=77472, unset)        0.924     4.924    bd_0_i/hls_inst/inst/grp_FFT_pipeline_DIT_fu_154/FFT_DIT_spatial_unroll_CY_stream_vector_U0/FFT_DIT_spatial_unroll_CY_stream_vector_stream_stream_vector_0_data_0_0_0_U/gen_buffer[0].FFT_DIT_RN_FFT_DIT_spatial_unroll_CY_stream_vector_FFT_DIT_spatial_unroll_CY_stream_vectrcU_memcore_U/ap_clk
                         FDRE                                         r  bd_0_i/hls_inst/inst/grp_FFT_pipeline_DIT_fu_154/FFT_DIT_spatial_unroll_CY_stream_vector_U0/FFT_DIT_spatial_unroll_CY_stream_vector_stream_stream_vector_0_data_0_0_0_U/gen_buffer[0].FFT_DIT_RN_FFT_DIT_spatial_unroll_CY_stream_vector_FFT_DIT_spatial_unroll_CY_stream_vectrcU_memcore_U/q1_reg[0]/C
                         clock pessimism              0.000     4.924    
                         clock uncertainty           -0.035     4.889    
                         FDRE (Setup_fdre_C_D)       -0.016     4.873    bd_0_i/hls_inst/inst/grp_FFT_pipeline_DIT_fu_154/FFT_DIT_spatial_unroll_CY_stream_vector_U0/FFT_DIT_spatial_unroll_CY_stream_vector_stream_stream_vector_0_data_0_0_0_U/gen_buffer[0].FFT_DIT_RN_FFT_DIT_spatial_unroll_CY_stream_vector_FFT_DIT_spatial_unroll_CY_stream_vectrcU_memcore_U/q1_reg[0]
  -------------------------------------------------------------------
                         required time                          4.873    
                         arrival time                          -5.092    
  -------------------------------------------------------------------
                         slack                                 -0.219    





Min Delay Paths
--------------------------------------------------------------------------------------
Slack (MET) :             0.193ns  (arrival time - required time)
  Source:                 bd_0_i/hls_inst/inst/grp_FFT_pipeline_DIT_fu_154/FFT_DIT_spatial_unroll_CY_stream_vector_U0/FFT_stage_spatial_unroll_3_U0/ap_loop_exit_ready_pp0_iter33_reg_reg_srl32/CLK
                            (rising edge-triggered cell SRLC32E clocked by ap_clk  {rise@0.000ns fall@2.000ns period=4.000ns})
  Destination:            bd_0_i/hls_inst/inst/grp_FFT_pipeline_DIT_fu_154/FFT_DIT_spatial_unroll_CY_stream_vector_U0/FFT_stage_spatial_unroll_3_U0/ap_loop_exit_ready_pp0_iter39_reg_reg_srl6/D
                            (rising edge-triggered cell SRLC32E clocked by ap_clk  {rise@0.000ns fall@2.000ns period=4.000ns})
  Path Group:             ap_clk
  Path Type:              Hold (Min at Fast Process Corner)
  Requirement:            0.000ns  (ap_clk rise@0.000ns - ap_clk rise@0.000ns)
  Data Path Delay:        0.332ns  (logic 0.332ns (100.000%)  route 0.000ns (0.000%))
  Logic Levels:           0  
  Clock Path Skew:        0.022ns (DCD - SCD - CPR)
    Destination Clock Delay (DCD):    0.432ns
    Source Clock Delay      (SCD):    0.410ns
    Clock Pessimism Removal (CPR):    -0.000ns

    Location             Delay type                Incr(ns)  Path(ns)    Netlist Resource(s)
  -------------------------------------------------------------------    -------------------
                         (clock ap_clk rise edge)     0.000     0.000 r  
                                                      0.000     0.000 r  ap_clk (IN)
                         net (fo=77472, unset)        0.410     0.410    bd_0_i/hls_inst/inst/grp_FFT_pipeline_DIT_fu_154/FFT_DIT_spatial_unroll_CY_stream_vector_U0/FFT_stage_spatial_unroll_3_U0/ap_clk
                         SRLC32E                                      r  bd_0_i/hls_inst/inst/grp_FFT_pipeline_DIT_fu_154/FFT_DIT_spatial_unroll_CY_stream_vector_U0/FFT_stage_spatial_unroll_3_U0/ap_loop_exit_ready_pp0_iter33_reg_reg_srl32/CLK
  -------------------------------------------------------------------    -------------------
                         SRLC32E (Prop_srlc32e_CLK_Q31)
                                                      0.332     0.742 r  bd_0_i/hls_inst/inst/grp_FFT_pipeline_DIT_fu_154/FFT_DIT_spatial_unroll_CY_stream_vector_U0/FFT_stage_spatial_unroll_3_U0/ap_loop_exit_ready_pp0_iter33_reg_reg_srl32/Q31
                         net (fo=1, unplaced)         0.000     0.742    bd_0_i/hls_inst/inst/grp_FFT_pipeline_DIT_fu_154/FFT_DIT_spatial_unroll_CY_stream_vector_U0/FFT_stage_spatial_unroll_3_U0/ap_loop_exit_ready_pp0_iter33_reg_reg_srl32_n_4
                         SRLC32E                                      r  bd_0_i/hls_inst/inst/grp_FFT_pipeline_DIT_fu_154/FFT_DIT_spatial_unroll_CY_stream_vector_U0/FFT_stage_spatial_unroll_3_U0/ap_loop_exit_ready_pp0_iter39_reg_reg_srl6/D
  -------------------------------------------------------------------    -------------------

                         (clock ap_clk rise edge)     0.000     0.000 r  
                                                      0.000     0.000 r  ap_clk (IN)
                         net (fo=77472, unset)        0.432     0.432    bd_0_i/hls_inst/inst/grp_FFT_pipeline_DIT_fu_154/FFT_DIT_spatial_unroll_CY_stream_vector_U0/FFT_stage_spatial_unroll_3_U0/ap_clk
                         SRLC32E                                      r  bd_0_i/hls_inst/inst/grp_FFT_pipeline_DIT_fu_154/FFT_DIT_spatial_unroll_CY_stream_vector_U0/FFT_stage_spatial_unroll_3_U0/ap_loop_exit_ready_pp0_iter39_reg_reg_srl6/CLK
                         clock pessimism              0.000     0.432    
                         SRLC32E (Hold_srlc32e_CLK_D)
                                                      0.117     0.549    bd_0_i/hls_inst/inst/grp_FFT_pipeline_DIT_fu_154/FFT_DIT_spatial_unroll_CY_stream_vector_U0/FFT_stage_spatial_unroll_3_U0/ap_loop_exit_ready_pp0_iter39_reg_reg_srl6
  -------------------------------------------------------------------
                         required time                         -0.549    
                         arrival time                           0.742    
  -------------------------------------------------------------------
                         slack                                  0.193    





Pulse Width Checks
--------------------------------------------------------------------------------------
Clock Name:         ap_clk
Waveform(ns):       { 0.000 2.000 }
Period(ns):         4.000
Sources:            { ap_clk }

Check Type        Corner  Lib Pin             Reference Pin  Required(ns)  Actual(ns)  Slack(ns)  Location  Pin
Min Period        n/a     RAMB18E1/CLKARDCLK  n/a            2.944         4.000       1.056                bd_0_i/hls_inst/inst/FFT_DIT_RN_stream_stream_vector_complex_float_4ul_0_buffer_0_0_U/ram_reg/CLKARDCLK
Low Pulse Width   Slow    RAMD32/CLK          n/a            1.250         2.000       0.750                bd_0_i/hls_inst/inst/grp_FFT_pipeline_DIT_fu_154/FFT_DIT_spatial_unroll_CY_stream_vector_U0/FFT_DIT_spatial_unroll_CY_stream_vector_stream_stream_vector_0_data_0_0_0_U/gen_buffer[0].FFT_DIT_RN_FFT_DIT_spatial_unroll_CY_stream_vector_FFT_DIT_spatial_unroll_CY_stream_vectrcU_memcore_U/ram_reg_0_31_0_0/DP/CLK
High Pulse Width  Slow    RAMD32/CLK          n/a            1.250         2.000       0.750                bd_0_i/hls_inst/inst/grp_FFT_pipeline_DIT_fu_154/FFT_DIT_spatial_unroll_CY_stream_vector_U0/FFT_DIT_spatial_unroll_CY_stream_vector_stream_stream_vector_0_data_0_0_0_U/gen_buffer[0].FFT_DIT_RN_FFT_DIT_spatial_unroll_CY_stream_vector_FFT_DIT_spatial_unroll_CY_stream_vectrcU_memcore_U/ram_reg_0_31_0_0/DP/CLK



