# ---------------------------------------------------------------------------------
# Created on Wed Jul 16 19:04:06 PDT 2025 with report_failfast (2023.09.14)
# ---------------------------------------------------------------------------------

#  +-----------------------------------------------------------------------------------------+
#  | Design Summary                                                                          |
#  | design_1                                                                                |
#  | xc7z020clg400-1                                                                         |
#  +-----------------------------------------------------------+-----------+--------+--------+
#  | Criteria                                                  | Guideline | Actual | Status |
#  +-----------------------------------------------------------+-----------+--------+--------+
#  | LUT                                                       | 70%       | 81.18% | REVIEW |
#  | FD                                                        | 50%       | 67.93% | REVIEW |
#  | LUTRAM+SRL                                                | 25%       | 28.39% | REVIEW |
#  | MUXF7                                                     | 15%       | 0.57%  | OK     |
#  | LUT Combining                                             | 20%       | 25.24% | REVIEW |
#  | DSP                                                       | 80%       | 54.55% | OK     |
#  | RAMB/FIFO                                                 | 80%       | 40.00% | OK     |
#  | DSP+RAMB+URAM (Avg)                                       | 70%       | 47.27% | OK     |
#  | BUFGCE* + BUFGCTRL                                        | 24        | 0      | OK     |
#  | DONT_TOUCH (cells/nets)                                   | 0         | 0      | OK     |
#  | MARK_DEBUG (nets)                                         | 0         | 0      | OK     |
#  | Control Sets                                              | 998       | 536    | OK     |
#  | Average Fanout for modules > 100k cells                   | 4         | 2.62   | OK     |
#  | Max Average Fanout for modules > 100k cells               | 4         | 2.63   | OK     |
#  | Non-FD high fanout nets > 10k loads                       | 0         | 0      | OK     |
#  +-----------------------------------------------------------+-----------+--------+--------+
#  | TIMING-6 (No common primary clock between related clocks) | 0         | 0      | OK     |
#  | TIMING-7 (No common node between related clocks)          | 0         | 0      | OK     |
#  | TIMING-8 (No common period between related clocks)        | 0         | 0      | OK     |
#  | TIMING-14 (LUT on the clock tree)                         | 0         | 0      | OK     |
#  | TIMING-35 (No common node in paths with the same clock)   | 0         | 0      | OK     |
#  +-----------------------------------------------------------+-----------+--------+--------+
#  | Number of paths above max LUT budgeting (0.575ns)         | 0         | 0      | OK     |
#  | Number of paths above max Net budgeting (0.403ns)         | 0         | 0      | OK     |
#  +-----------------------------------------------------------+-----------+--------+--------+

