In file included from FFT.cpp:1:
In file included from ./FFT.h:5:
/opt/xilinx/tools/Vitis/2024.2/common/technology/autopilot/hls_fft.h:113:72: warning: unused parameter 'data_type' [-Wunused-parameter]
 inline __attribute__((always_inline)) void checkBitWidth(ip_fft::type data_type = ip_fft::fixed_point)
                                                                       ^
/opt/xilinx/tools/Vitis/2024.2/common/technology/autopilot/hls_fft.h:137:61: warning: unused parameter 'cp_len_enable' [-Wunused-parameter]
 inline __attribute__((always_inline)) void checkCpLen(bool cp_len_enable)
                                                            ^
/opt/xilinx/tools/Vitis/2024.2/common/technology/autopilot/hls_fft.h:150:63: warning: unused parameter 'scaling_opt' [-Wunused-parameter]
 inline __attribute__((always_inline)) void checkSch(unsigned scaling_opt)
                                                              ^
/opt/xilinx/tools/Vitis/2024.2/common/technology/autopilot/hls_fft.h:327:66: warning: unused parameter 'scaling_opt' [-Wunused-parameter]
 inline __attribute__((always_inline)) void checkBlkExp(unsigned scaling_opt)
                                                                 ^
/opt/xilinx/tools/Vitis/2024.2/common/technology/autopilot/hls_fft.h:340:61: warning: unused parameter 'has_ovflo' [-Wunused-parameter]
 inline __attribute__((always_inline)) void checkOvflo(bool has_ovflo)
                                                            ^
/opt/xilinx/tools/Vitis/2024.2/common/technology/autopilot/hls_fft.h:427:9: warning: HLS pragma dump _XLX_SEP_ PragmaIsValid=1_XLX_SEP_ PragmaType=inline_XLX_SEP_ PragmaContext=_XLX_SEP_ PragmaFunction=fft_core_XLX_SEP_ PragmaOptions=_XLX_SEP_ [-Wdump-hls-pragmas]
#pragma HLS inline
        ^
/opt/xilinx/tools/Vitis/2024.2/common/technology/autopilot/hls_fft.h:467:9: warning: HLS pragma dump _XLX_SEP_ PragmaIsValid=1_XLX_SEP_ PragmaType=unroll_XLX_SEP_ PragmaContext=_XLX_SEP_ PragmaFunction=fft_core_XLX_SEP_ PragmaOptions=_XLX_SEP_ [-Wdump-hls-pragmas]
#pragma HLS unroll
        ^
/opt/xilinx/tools/Vitis/2024.2/common/technology/autopilot/hls_fft.h:812:9: warning: HLS pragma dump _XLX_SEP_ PragmaIsValid=1_XLX_SEP_ PragmaType=inline_XLX_SEP_ PragmaContext=_XLX_SEP_ PragmaFunction=fft_core_XLX_SEP_ PragmaOptions=_XLX_SEP_ [-Wdump-hls-pragmas]
#pragma HLS inline
        ^
/opt/xilinx/tools/Vitis/2024.2/common/technology/autopilot/hls_fft.h:891:9: warning: HLS pragma dump _XLX_SEP_ PragmaIsValid=1_XLX_SEP_ PragmaType=inline_XLX_SEP_ PragmaContext=_XLX_SEP_ PragmaFunction=fft_syn_XLX_SEP_ PragmaOptions=_XLX_SEP_ [-Wdump-hls-pragmas]
#pragma HLS inline
        ^
/opt/xilinx/tools/Vitis/2024.2/common/technology/autopilot/hls_fft.h:951:9: warning: HLS pragma dump _XLX_SEP_ PragmaIsValid=1_XLX_SEP_ PragmaType=inline_XLX_SEP_ PragmaContext=_XLX_SEP_ PragmaFunction=fft_syn_XLX_SEP_ PragmaOptions=off_XLX_SEP_ [-Wdump-hls-pragmas]
#pragma HLS inline off
        ^
/opt/xilinx/tools/Vitis/2024.2/common/technology/autopilot/hls_fft.h:1010:9: warning: HLS pragma dump _XLX_SEP_ PragmaIsValid=1_XLX_SEP_ PragmaType=inline_XLX_SEP_ PragmaContext=_XLX_SEP_ PragmaFunction=fft_syn_XLX_SEP_ PragmaOptions=off_XLX_SEP_ [-Wdump-hls-pragmas]
#pragma HLS inline off
        ^
/opt/xilinx/tools/Vitis/2024.2/common/technology/autopilot/hls_fft.h:1050:9: warning: HLS pragma dump _XLX_SEP_ PragmaIsValid=1_XLX_SEP_ PragmaType=unroll_XLX_SEP_ PragmaContext=_XLX_SEP_ PragmaFunction=fft_syn_XLX_SEP_ PragmaOptions=_XLX_SEP_ [-Wdump-hls-pragmas]
#pragma HLS unroll
        ^
/opt/xilinx/tools/Vitis/2024.2/common/technology/autopilot/hls_fft.h:1129:9: warning: HLS pragma dump _XLX_SEP_ PragmaIsValid=1_XLX_SEP_ PragmaType=inline_XLX_SEP_ PragmaContext=_XLX_SEP_ PragmaFunction=fft_XLX_SEP_ PragmaOptions=off_XLX_SEP_ [-Wdump-hls-pragmas]
#pragma HLS inline off
        ^
/opt/xilinx/tools/Vitis/2024.2/common/technology/autopilot/hls_fft.h:1160:9: warning: HLS pragma dump _XLX_SEP_ PragmaIsValid=1_XLX_SEP_ PragmaType=inline_XLX_SEP_ PragmaContext=_XLX_SEP_ PragmaFunction=fft_XLX_SEP_ PragmaOptions=off_XLX_SEP_ [-Wdump-hls-pragmas]
#pragma HLS inline off
        ^
/opt/xilinx/tools/Vitis/2024.2/common/technology/autopilot/hls_fft.h:1191:9: warning: HLS pragma dump _XLX_SEP_ PragmaIsValid=1_XLX_SEP_ PragmaType=inline_XLX_SEP_ PragmaContext=_XLX_SEP_ PragmaFunction=fft_XLX_SEP_ PragmaOptions=_XLX_SEP_ [-Wdump-hls-pragmas]
#pragma HLS inline
        ^
/opt/xilinx/tools/Vitis/2024.2/common/technology/autopilot/hls_fft.h:1192:9: warning: HLS pragma dump _XLX_SEP_ PragmaIsValid=1_XLX_SEP_ PragmaType=aggregate_XLX_SEP_ PragmaContext=_XLX_SEP_ PragmaFunction=fft_XLX_SEP_ PragmaOptions=variable=xn_XLX_SEP_ [-Wdump-hls-pragmas]
#pragma HLS aggregate variable=xn
        ^
/opt/xilinx/tools/Vitis/2024.2/common/technology/autopilot/hls_fft.h:1193:9: warning: HLS pragma dump _XLX_SEP_ PragmaIsValid=1_XLX_SEP_ PragmaType=aggregate_XLX_SEP_ PragmaContext=_XLX_SEP_ PragmaFunction=fft_XLX_SEP_ PragmaOptions=variable=xk_XLX_SEP_ [-Wdump-hls-pragmas]
#pragma HLS aggregate variable=xk
        ^
/opt/xilinx/tools/Vitis/2024.2/common/technology/autopilot/hls_fft.h:1194:9: warning: HLS pragma dump _XLX_SEP_ PragmaIsValid=1_XLX_SEP_ PragmaType=stream_XLX_SEP_ PragmaContext=_XLX_SEP_ PragmaFunction=fft_XLX_SEP_ PragmaOptions=variable=xn_XLX_SEP_ [-Wdump-hls-pragmas]
#pragma HLS stream variable=xn
        ^
/opt/xilinx/tools/Vitis/2024.2/common/technology/autopilot/hls_fft.h:1195:9: warning: HLS pragma dump _XLX_SEP_ PragmaIsValid=1_XLX_SEP_ PragmaType=stream_XLX_SEP_ PragmaContext=_XLX_SEP_ PragmaFunction=fft_XLX_SEP_ PragmaOptions=variable=xk_XLX_SEP_ [-Wdump-hls-pragmas]
#pragma HLS stream variable=xk
        ^
/opt/xilinx/tools/Vitis/2024.2/common/technology/autopilot/hls_fft.h:1218:9: warning: HLS pragma dump _XLX_SEP_ PragmaIsValid=1_XLX_SEP_ PragmaType=inline_XLX_SEP_ PragmaContext=_XLX_SEP_ PragmaFunction=fft_XLX_SEP_ PragmaOptions=_XLX_SEP_ [-Wdump-hls-pragmas]
#pragma HLS inline
        ^
/opt/xilinx/tools/Vitis/2024.2/common/technology/autopilot/hls_fft.h:1219:9: warning: HLS pragma dump _XLX_SEP_ PragmaIsValid=1_XLX_SEP_ PragmaType=aggregate_XLX_SEP_ PragmaContext=_XLX_SEP_ PragmaFunction=fft_XLX_SEP_ PragmaOptions=variable=xn_XLX_SEP_ [-Wdump-hls-pragmas]
#pragma HLS aggregate variable=xn
        ^
/opt/xilinx/tools/Vitis/2024.2/common/technology/autopilot/hls_fft.h:1220:9: warning: HLS pragma dump _XLX_SEP_ PragmaIsValid=1_XLX_SEP_ PragmaType=aggregate_XLX_SEP_ PragmaContext=_XLX_SEP_ PragmaFunction=fft_XLX_SEP_ PragmaOptions=variable=xk_XLX_SEP_ [-Wdump-hls-pragmas]
#pragma HLS aggregate variable=xk
        ^
/opt/xilinx/tools/Vitis/2024.2/common/technology/autopilot/hls_fft.h:1221:9: warning: HLS pragma dump _XLX_SEP_ PragmaIsValid=1_XLX_SEP_ PragmaType=stream_XLX_SEP_ PragmaContext=_XLX_SEP_ PragmaFunction=fft_XLX_SEP_ PragmaOptions=variable=xn_XLX_SEP_ [-Wdump-hls-pragmas]
#pragma HLS stream variable=xn
        ^
/opt/xilinx/tools/Vitis/2024.2/common/technology/autopilot/hls_fft.h:1222:9: warning: HLS pragma dump _XLX_SEP_ PragmaIsValid=1_XLX_SEP_ PragmaType=stream_XLX_SEP_ PragmaContext=_XLX_SEP_ PragmaFunction=fft_XLX_SEP_ PragmaOptions=variable=xk_XLX_SEP_ [-Wdump-hls-pragmas]
#pragma HLS stream variable=xk
        ^
/opt/xilinx/tools/Vitis/2024.2/common/technology/autopilot/hls_fft.h:1246:9: warning: HLS pragma dump _XLX_SEP_ PragmaIsValid=1_XLX_SEP_ PragmaType=inline_XLX_SEP_ PragmaContext=_XLX_SEP_ PragmaFunction=fft_XLX_SEP_ PragmaOptions=_XLX_SEP_ [-Wdump-hls-pragmas]
#pragma HLS inline
        ^
/opt/xilinx/tools/Vitis/2024.2/common/technology/autopilot/hls_fft.h:1247:9: warning: HLS pragma dump _XLX_SEP_ PragmaIsValid=1_XLX_SEP_ PragmaType=aggregate_XLX_SEP_ PragmaContext=_XLX_SEP_ PragmaFunction=fft_XLX_SEP_ PragmaOptions=variable=xn_XLX_SEP_ [-Wdump-hls-pragmas]
#pragma HLS aggregate variable=xn
        ^
/opt/xilinx/tools/Vitis/2024.2/common/technology/autopilot/hls_fft.h:1248:9: warning: HLS pragma dump _XLX_SEP_ PragmaIsValid=1_XLX_SEP_ PragmaType=aggregate_XLX_SEP_ PragmaContext=_XLX_SEP_ PragmaFunction=fft_XLX_SEP_ PragmaOptions=variable=xk_XLX_SEP_ [-Wdump-hls-pragmas]
#pragma HLS aggregate variable=xk
        ^
/opt/xilinx/tools/Vitis/2024.2/common/technology/autopilot/hls_fft.h:1249:9: warning: HLS pragma dump _XLX_SEP_ PragmaIsValid=1_XLX_SEP_ PragmaType=stream_XLX_SEP_ PragmaContext=_XLX_SEP_ PragmaFunction=fft_XLX_SEP_ PragmaOptions=variable=xn_XLX_SEP_ [-Wdump-hls-pragmas]
#pragma HLS stream variable=xn
        ^
/opt/xilinx/tools/Vitis/2024.2/common/technology/autopilot/hls_fft.h:1250:9: warning: HLS pragma dump _XLX_SEP_ PragmaIsValid=1_XLX_SEP_ PragmaType=stream_XLX_SEP_ PragmaContext=_XLX_SEP_ PragmaFunction=fft_XLX_SEP_ PragmaOptions=variable=xk_XLX_SEP_ [-Wdump-hls-pragmas]
#pragma HLS stream variable=xk
        ^
/opt/xilinx/tools/Vitis/2024.2/common/technology/autopilot/hls_fft.h:1273:9: warning: HLS pragma dump _XLX_SEP_ PragmaIsValid=1_XLX_SEP_ PragmaType=dataflow_XLX_SEP_ PragmaContext=_XLX_SEP_ PragmaFunction=fft_XLX_SEP_ PragmaOptions=_XLX_SEP_ [-Wdump-hls-pragmas]
#pragma HLS dataflow
        ^
/opt/xilinx/tools/Vitis/2024.2/common/technology/autopilot/hls_fft.h:1274:9: warning: HLS pragma dump _XLX_SEP_ PragmaIsValid=1_XLX_SEP_ PragmaType=aggregate_XLX_SEP_ PragmaContext=_XLX_SEP_ PragmaFunction=fft_XLX_SEP_ PragmaOptions=variable=xn_XLX_SEP_ [-Wdump-hls-pragmas]
#pragma HLS aggregate variable=xn
        ^
/opt/xilinx/tools/Vitis/2024.2/common/technology/autopilot/hls_fft.h:1275:9: warning: HLS pragma dump _XLX_SEP_ PragmaIsValid=1_XLX_SEP_ PragmaType=aggregate_XLX_SEP_ PragmaContext=_XLX_SEP_ PragmaFunction=fft_XLX_SEP_ PragmaOptions=variable=xk_XLX_SEP_ [-Wdump-hls-pragmas]
#pragma HLS aggregate variable=xk
        ^
/opt/xilinx/tools/Vitis/2024.2/common/technology/autopilot/hls_fft.h:1276:9: warning: HLS pragma dump _XLX_SEP_ PragmaIsValid=1_XLX_SEP_ PragmaType=stream_XLX_SEP_ PragmaContext=_XLX_SEP_ PragmaFunction=fft_XLX_SEP_ PragmaOptions=variable=xn_XLX_SEP_ [-Wdump-hls-pragmas]
#pragma HLS stream variable=xn
        ^
/opt/xilinx/tools/Vitis/2024.2/common/technology/autopilot/hls_fft.h:1277:9: warning: HLS pragma dump _XLX_SEP_ PragmaIsValid=1_XLX_SEP_ PragmaType=stream_XLX_SEP_ PragmaContext=_XLX_SEP_ PragmaFunction=fft_XLX_SEP_ PragmaOptions=variable=xk_XLX_SEP_ [-Wdump-hls-pragmas]
#pragma HLS stream variable=xk
        ^
/opt/xilinx/tools/Vitis/2024.2/common/technology/autopilot/hls_fft.h:1305:9: warning: HLS pragma dump _XLX_SEP_ PragmaIsValid=1_XLX_SEP_ PragmaType=dataflow_XLX_SEP_ PragmaContext=_XLX_SEP_ PragmaFunction=fft_wrapper_XLX_SEP_ PragmaOptions=_XLX_SEP_ [-Wdump-hls-pragmas]
#pragma HLS dataflow
        ^
/opt/xilinx/tools/Vitis/2024.2/common/technology/autopilot/hls_fft.h:1324:9: warning: HLS pragma dump _XLX_SEP_ PragmaIsValid=1_XLX_SEP_ PragmaType=dataflow_XLX_SEP_ PragmaContext=_XLX_SEP_ PragmaFunction=fft_XLX_SEP_ PragmaOptions=_XLX_SEP_ [-Wdump-hls-pragmas]
#pragma HLS dataflow
        ^
/opt/xilinx/tools/Vitis/2024.2/common/technology/autopilot/hls_fft.h:1325:9: warning: HLS pragma dump _XLX_SEP_ PragmaIsValid=1_XLX_SEP_ PragmaType=aggregate_XLX_SEP_ PragmaContext=_XLX_SEP_ PragmaFunction=fft_XLX_SEP_ PragmaOptions=variable=xn_XLX_SEP_ [-Wdump-hls-pragmas]
#pragma HLS aggregate variable=xn
        ^
/opt/xilinx/tools/Vitis/2024.2/common/technology/autopilot/hls_fft.h:1326:9: warning: HLS pragma dump _XLX_SEP_ PragmaIsValid=1_XLX_SEP_ PragmaType=aggregate_XLX_SEP_ PragmaContext=_XLX_SEP_ PragmaFunction=fft_XLX_SEP_ PragmaOptions=variable=xk_XLX_SEP_ [-Wdump-hls-pragmas]
#pragma HLS aggregate variable=xk
        ^
/opt/xilinx/tools/Vitis/2024.2/common/technology/autopilot/hls_fft.h:1327:9: warning: HLS pragma dump _XLX_SEP_ PragmaIsValid=1_XLX_SEP_ PragmaType=stream_XLX_SEP_ PragmaContext=_XLX_SEP_ PragmaFunction=fft_XLX_SEP_ PragmaOptions=variable=xn_XLX_SEP_ [-Wdump-hls-pragmas]
#pragma HLS stream variable=xn
        ^
/opt/xilinx/tools/Vitis/2024.2/common/technology/autopilot/hls_fft.h:1328:9: warning: HLS pragma dump _XLX_SEP_ PragmaIsValid=1_XLX_SEP_ PragmaType=stream_XLX_SEP_ PragmaContext=_XLX_SEP_ PragmaFunction=fft_XLX_SEP_ PragmaOptions=variable=xk_XLX_SEP_ [-Wdump-hls-pragmas]
#pragma HLS stream variable=xk
        ^
/opt/xilinx/tools/Vitis/2024.2/common/technology/autopilot/hls_fft.h:1332:9: warning: HLS pragma dump _XLX_SEP_ PragmaIsValid=1_XLX_SEP_ PragmaType=stream_XLX_SEP_ PragmaContext=_XLX_SEP_ PragmaFunction=fft_XLX_SEP_ PragmaOptions=variable=flag type=pipo_XLX_SEP_ [-Wdump-hls-pragmas]
#pragma HLS STREAM variable=flag type=pipo
        ^
/opt/xilinx/tools/Vitis/2024.2/common/technology/autopilot/hls_fft.h:1353:9: warning: HLS pragma dump _XLX_SEP_ PragmaIsValid=1_XLX_SEP_ PragmaType=inline_XLX_SEP_ PragmaContext=_XLX_SEP_ PragmaFunction=fft_XLX_SEP_ PragmaOptions=off_XLX_SEP_ [-Wdump-hls-pragmas]
#pragma HLS inline off
        ^
/opt/xilinx/tools/Vitis/2024.2/common/technology/autopilot/hls_fft.h:1354:9: warning: HLS pragma dump _XLX_SEP_ PragmaIsValid=1_XLX_SEP_ PragmaType=aggregate_XLX_SEP_ PragmaContext=_XLX_SEP_ PragmaFunction=fft_XLX_SEP_ PragmaOptions=variable=xn_XLX_SEP_ [-Wdump-hls-pragmas]
#pragma HLS aggregate variable=xn
        ^
/opt/xilinx/tools/Vitis/2024.2/common/technology/autopilot/hls_fft.h:1355:9: warning: HLS pragma dump _XLX_SEP_ PragmaIsValid=1_XLX_SEP_ PragmaType=aggregate_XLX_SEP_ PragmaContext=_XLX_SEP_ PragmaFunction=fft_XLX_SEP_ PragmaOptions=variable=xk_XLX_SEP_ [-Wdump-hls-pragmas]
#pragma HLS aggregate variable=xk
        ^
/opt/xilinx/tools/Vitis/2024.2/common/technology/autopilot/hls_fft.h:1356:9: warning: HLS pragma dump _XLX_SEP_ PragmaIsValid=1_XLX_SEP_ PragmaType=stream_XLX_SEP_ PragmaContext=_XLX_SEP_ PragmaFunction=fft_XLX_SEP_ PragmaOptions=variable=xn_XLX_SEP_ [-Wdump-hls-pragmas]
#pragma HLS stream variable=xn
        ^
/opt/xilinx/tools/Vitis/2024.2/common/technology/autopilot/hls_fft.h:1357:9: warning: HLS pragma dump _XLX_SEP_ PragmaIsValid=1_XLX_SEP_ PragmaType=stream_XLX_SEP_ PragmaContext=_XLX_SEP_ PragmaFunction=fft_XLX_SEP_ PragmaOptions=variable=xk_XLX_SEP_ [-Wdump-hls-pragmas]
#pragma HLS stream variable=xk
        ^
/opt/xilinx/tools/Vitis/2024.2/common/technology/autopilot/hls_fft.h:1358:9: warning: HLS pragma dump _XLX_SEP_ PragmaIsValid=1_XLX_SEP_ PragmaType=stream_XLX_SEP_ PragmaContext=_XLX_SEP_ PragmaFunction=fft_XLX_SEP_ PragmaOptions=variable=status_data_V_XLX_SEP_ [-Wdump-hls-pragmas]
#pragma HLS stream variable=status_data_V
        ^
/opt/xilinx/tools/Vitis/2024.2/common/technology/autopilot/hls_fft.h:1359:9: warning: HLS pragma dump _XLX_SEP_ PragmaIsValid=1_XLX_SEP_ PragmaType=stream_XLX_SEP_ PragmaContext=_XLX_SEP_ PragmaFunction=fft_XLX_SEP_ PragmaOptions=variable=config_ch_data_V_XLX_SEP_ [-Wdump-hls-pragmas]
#pragma HLS stream variable=config_ch_data_V
        ^
/opt/xilinx/tools/Vitis/2024.2/common/technology/autopilot/hls_fft.h:1386:9: warning: HLS pragma dump _XLX_SEP_ PragmaIsValid=1_XLX_SEP_ PragmaType=inline_XLX_SEP_ PragmaContext=_XLX_SEP_ PragmaFunction=fft_XLX_SEP_ PragmaOptions=_XLX_SEP_ [-Wdump-hls-pragmas]
#pragma HLS inline
        ^
/opt/xilinx/tools/Vitis/2024.2/common/technology/autopilot/hls_fft.h:1387:9: warning: HLS pragma dump _XLX_SEP_ PragmaIsValid=1_XLX_SEP_ PragmaType=aggregate_XLX_SEP_ PragmaContext=_XLX_SEP_ PragmaFunction=fft_XLX_SEP_ PragmaOptions=variable=xn_XLX_SEP_ [-Wdump-hls-pragmas]
#pragma HLS aggregate variable=xn
        ^
/opt/xilinx/tools/Vitis/2024.2/common/technology/autopilot/hls_fft.h:1388:9: warning: HLS pragma dump _XLX_SEP_ PragmaIsValid=1_XLX_SEP_ PragmaType=aggregate_XLX_SEP_ PragmaContext=_XLX_SEP_ PragmaFunction=fft_XLX_SEP_ PragmaOptions=variable=xk_XLX_SEP_ [-Wdump-hls-pragmas]
#pragma HLS aggregate variable=xk
        ^
/opt/xilinx/tools/Vitis/2024.2/common/technology/autopilot/hls_fft.h:1389:9: warning: HLS pragma dump _XLX_SEP_ PragmaIsValid=1_XLX_SEP_ PragmaType=stream_XLX_SEP_ PragmaContext=_XLX_SEP_ PragmaFunction=fft_XLX_SEP_ PragmaOptions=variable=xn_XLX_SEP_ [-Wdump-hls-pragmas]
#pragma HLS stream variable=xn
        ^
/opt/xilinx/tools/Vitis/2024.2/common/technology/autopilot/hls_fft.h:1390:9: warning: HLS pragma dump _XLX_SEP_ PragmaIsValid=1_XLX_SEP_ PragmaType=stream_XLX_SEP_ PragmaContext=_XLX_SEP_ PragmaFunction=fft_XLX_SEP_ PragmaOptions=variable=xk_XLX_SEP_ [-Wdump-hls-pragmas]
#pragma HLS stream variable=xk
        ^
/opt/xilinx/tools/Vitis/2024.2/common/technology/autopilot/hls_fft.h:1391:9: warning: HLS pragma dump _XLX_SEP_ PragmaIsValid=1_XLX_SEP_ PragmaType=array_reshape_XLX_SEP_ PragmaContext=_XLX_SEP_ PragmaFunction=fft_XLX_SEP_ PragmaOptions=dim=1 variable=xn_XLX_SEP_ [-Wdump-hls-pragmas]
#pragma HLS array_reshape dim=1 variable=xn
        ^
/opt/xilinx/tools/Vitis/2024.2/common/technology/autopilot/hls_fft.h:1392:9: warning: HLS pragma dump _XLX_SEP_ PragmaIsValid=1_XLX_SEP_ PragmaType=array_reshape_XLX_SEP_ PragmaContext=_XLX_SEP_ PragmaFunction=fft_XLX_SEP_ PragmaOptions=dim=1 variable=xk_XLX_SEP_ [-Wdump-hls-pragmas]
#pragma HLS array_reshape dim=1 variable=xk
        ^
/opt/xilinx/tools/Vitis/2024.2/common/technology/autopilot/hls_fft.h:1427:9: warning: HLS pragma dump _XLX_SEP_ PragmaIsValid=1_XLX_SEP_ PragmaType=inline_XLX_SEP_ PragmaContext=_XLX_SEP_ PragmaFunction=fft_XLX_SEP_ PragmaOptions=_XLX_SEP_ [-Wdump-hls-pragmas]
#pragma HLS inline
        ^
/opt/xilinx/tools/Vitis/2024.2/common/technology/autopilot/hls_fft.h:1428:9: warning: HLS pragma dump _XLX_SEP_ PragmaIsValid=1_XLX_SEP_ PragmaType=aggregate_XLX_SEP_ PragmaContext=_XLX_SEP_ PragmaFunction=fft_XLX_SEP_ PragmaOptions=variable=xn_XLX_SEP_ [-Wdump-hls-pragmas]
#pragma HLS aggregate variable=xn
        ^
/opt/xilinx/tools/Vitis/2024.2/common/technology/autopilot/hls_fft.h:1429:9: warning: HLS pragma dump _XLX_SEP_ PragmaIsValid=1_XLX_SEP_ PragmaType=aggregate_XLX_SEP_ PragmaContext=_XLX_SEP_ PragmaFunction=fft_XLX_SEP_ PragmaOptions=variable=xk_XLX_SEP_ [-Wdump-hls-pragmas]
#pragma HLS aggregate variable=xk
        ^
/opt/xilinx/tools/Vitis/2024.2/common/technology/autopilot/hls_fft.h:1430:9: warning: HLS pragma dump _XLX_SEP_ PragmaIsValid=1_XLX_SEP_ PragmaType=stream_XLX_SEP_ PragmaContext=_XLX_SEP_ PragmaFunction=fft_XLX_SEP_ PragmaOptions=variable=xn_XLX_SEP_ [-Wdump-hls-pragmas]
#pragma HLS stream variable=xn
        ^
/opt/xilinx/tools/Vitis/2024.2/common/technology/autopilot/hls_fft.h:1431:9: warning: HLS pragma dump _XLX_SEP_ PragmaIsValid=1_XLX_SEP_ PragmaType=stream_XLX_SEP_ PragmaContext=_XLX_SEP_ PragmaFunction=fft_XLX_SEP_ PragmaOptions=variable=xk_XLX_SEP_ [-Wdump-hls-pragmas]
#pragma HLS stream variable=xk
        ^
/opt/xilinx/tools/Vitis/2024.2/common/technology/autopilot/hls_fft.h:1432:9: warning: HLS pragma dump _XLX_SEP_ PragmaIsValid=1_XLX_SEP_ PragmaType=array_reshape_XLX_SEP_ PragmaContext=_XLX_SEP_ PragmaFunction=fft_XLX_SEP_ PragmaOptions=dim=1 variable=xn_XLX_SEP_ [-Wdump-hls-pragmas]
#pragma HLS array_reshape dim=1 variable=xn
        ^
/opt/xilinx/tools/Vitis/2024.2/common/technology/autopilot/hls_fft.h:1433:9: warning: HLS pragma dump _XLX_SEP_ PragmaIsValid=1_XLX_SEP_ PragmaType=array_reshape_XLX_SEP_ PragmaContext=_XLX_SEP_ PragmaFunction=fft_XLX_SEP_ PragmaOptions=dim=1 variable=xk_XLX_SEP_ [-Wdump-hls-pragmas]
#pragma HLS array_reshape dim=1 variable=xk
        ^
/opt/xilinx/tools/Vitis/2024.2/common/technology/autopilot/hls_fft.h:1468:9: warning: HLS pragma dump _XLX_SEP_ PragmaIsValid=1_XLX_SEP_ PragmaType=dataflow_XLX_SEP_ PragmaContext=_XLX_SEP_ PragmaFunction=fft_XLX_SEP_ PragmaOptions=_XLX_SEP_ [-Wdump-hls-pragmas]
#pragma HLS dataflow
        ^
/opt/xilinx/tools/Vitis/2024.2/common/technology/autopilot/hls_fft.h:1469:9: warning: HLS pragma dump _XLX_SEP_ PragmaIsValid=1_XLX_SEP_ PragmaType=aggregate_XLX_SEP_ PragmaContext=_XLX_SEP_ PragmaFunction=fft_XLX_SEP_ PragmaOptions=variable=xn_XLX_SEP_ [-Wdump-hls-pragmas]
#pragma HLS aggregate variable=xn
        ^
/opt/xilinx/tools/Vitis/2024.2/common/technology/autopilot/hls_fft.h:1470:9: warning: HLS pragma dump _XLX_SEP_ PragmaIsValid=1_XLX_SEP_ PragmaType=aggregate_XLX_SEP_ PragmaContext=_XLX_SEP_ PragmaFunction=fft_XLX_SEP_ PragmaOptions=variable=xk_XLX_SEP_ [-Wdump-hls-pragmas]
#pragma HLS aggregate variable=xk
        ^
/opt/xilinx/tools/Vitis/2024.2/common/technology/autopilot/hls_fft.h:1471:9: warning: HLS pragma dump _XLX_SEP_ PragmaIsValid=1_XLX_SEP_ PragmaType=stream_XLX_SEP_ PragmaContext=_XLX_SEP_ PragmaFunction=fft_XLX_SEP_ PragmaOptions=variable=xn_XLX_SEP_ [-Wdump-hls-pragmas]
#pragma HLS stream variable=xn
        ^
/opt/xilinx/tools/Vitis/2024.2/common/technology/autopilot/hls_fft.h:1472:9: warning: HLS pragma dump _XLX_SEP_ PragmaIsValid=1_XLX_SEP_ PragmaType=stream_XLX_SEP_ PragmaContext=_XLX_SEP_ PragmaFunction=fft_XLX_SEP_ PragmaOptions=variable=xk_XLX_SEP_ [-Wdump-hls-pragmas]
#pragma HLS stream variable=xk
        ^
/opt/xilinx/tools/Vitis/2024.2/common/technology/autopilot/hls_fft.h:1473:9: warning: HLS pragma dump _XLX_SEP_ PragmaIsValid=1_XLX_SEP_ PragmaType=array_reshape_XLX_SEP_ PragmaContext=_XLX_SEP_ PragmaFunction=fft_XLX_SEP_ PragmaOptions=dim=1 variable=xn_XLX_SEP_ [-Wdump-hls-pragmas]
#pragma HLS array_reshape dim=1 variable=xn
        ^
/opt/xilinx/tools/Vitis/2024.2/common/technology/autopilot/hls_fft.h:1474:9: warning: HLS pragma dump _XLX_SEP_ PragmaIsValid=1_XLX_SEP_ PragmaType=array_reshape_XLX_SEP_ PragmaContext=_XLX_SEP_ PragmaFunction=fft_XLX_SEP_ PragmaOptions=dim=1 variable=xk_XLX_SEP_ [-Wdump-hls-pragmas]
#pragma HLS array_reshape dim=1 variable=xk
        ^
/opt/xilinx/tools/Vitis/2024.2/common/technology/autopilot/hls_fft.h:1506:9: warning: HLS pragma dump _XLX_SEP_ PragmaIsValid=1_XLX_SEP_ PragmaType=inline_XLX_SEP_ PragmaContext=_XLX_SEP_ PragmaFunction=fft_XLX_SEP_ PragmaOptions=_XLX_SEP_ [-Wdump-hls-pragmas]
#pragma HLS inline
        ^
/opt/xilinx/tools/Vitis/2024.2/common/technology/autopilot/hls_fft.h:1507:9: warning: HLS pragma dump _XLX_SEP_ PragmaIsValid=1_XLX_SEP_ PragmaType=aggregate_XLX_SEP_ PragmaContext=_XLX_SEP_ PragmaFunction=fft_XLX_SEP_ PragmaOptions=variable=xn_XLX_SEP_ [-Wdump-hls-pragmas]
#pragma HLS aggregate variable=xn
        ^
/opt/xilinx/tools/Vitis/2024.2/common/technology/autopilot/hls_fft.h:1508:9: warning: HLS pragma dump _XLX_SEP_ PragmaIsValid=1_XLX_SEP_ PragmaType=aggregate_XLX_SEP_ PragmaContext=_XLX_SEP_ PragmaFunction=fft_XLX_SEP_ PragmaOptions=variable=xk_XLX_SEP_ [-Wdump-hls-pragmas]
#pragma HLS aggregate variable=xk
        ^
/opt/xilinx/tools/Vitis/2024.2/common/technology/autopilot/hls_fft.h:1509:9: warning: HLS pragma dump _XLX_SEP_ PragmaIsValid=1_XLX_SEP_ PragmaType=stream_XLX_SEP_ PragmaContext=_XLX_SEP_ PragmaFunction=fft_XLX_SEP_ PragmaOptions=variable=xn_XLX_SEP_ [-Wdump-hls-pragmas]
#pragma HLS stream variable=xn
        ^
/opt/xilinx/tools/Vitis/2024.2/common/technology/autopilot/hls_fft.h:1510:9: warning: HLS pragma dump _XLX_SEP_ PragmaIsValid=1_XLX_SEP_ PragmaType=stream_XLX_SEP_ PragmaContext=_XLX_SEP_ PragmaFunction=fft_XLX_SEP_ PragmaOptions=variable=xk_XLX_SEP_ [-Wdump-hls-pragmas]
#pragma HLS stream variable=xk
        ^
/opt/xilinx/tools/Vitis/2024.2/common/technology/autopilot/hls_fft.h:1511:9: warning: HLS pragma dump _XLX_SEP_ PragmaIsValid=1_XLX_SEP_ PragmaType=array_reshape_XLX_SEP_ PragmaContext=_XLX_SEP_ PragmaFunction=fft_XLX_SEP_ PragmaOptions=dim=1 variable=xn_XLX_SEP_ [-Wdump-hls-pragmas]
#pragma HLS array_reshape dim=1 variable=xn
        ^
/opt/xilinx/tools/Vitis/2024.2/common/technology/autopilot/hls_fft.h:1512:9: warning: HLS pragma dump _XLX_SEP_ PragmaIsValid=1_XLX_SEP_ PragmaType=array_reshape_XLX_SEP_ PragmaContext=_XLX_SEP_ PragmaFunction=fft_XLX_SEP_ PragmaOptions=dim=1 variable=xk_XLX_SEP_ [-Wdump-hls-pragmas]
#pragma HLS array_reshape dim=1 variable=xk
        ^
/opt/xilinx/tools/Vitis/2024.2/common/technology/autopilot/hls_fft.h:1543:9: warning: HLS pragma dump _XLX_SEP_ PragmaIsValid=1_XLX_SEP_ PragmaType=inline_XLX_SEP_ PragmaContext=_XLX_SEP_ PragmaFunction=fft_XLX_SEP_ PragmaOptions=off_XLX_SEP_ [-Wdump-hls-pragmas]
#pragma HLS inline off
        ^
/opt/xilinx/tools/Vitis/2024.2/common/technology/autopilot/hls_fft.h:1544:9: warning: HLS pragma dump _XLX_SEP_ PragmaIsValid=1_XLX_SEP_ PragmaType=aggregate_XLX_SEP_ PragmaContext=_XLX_SEP_ PragmaFunction=fft_XLX_SEP_ PragmaOptions=variable=xn_XLX_SEP_ [-Wdump-hls-pragmas]
#pragma HLS aggregate variable=xn
        ^
/opt/xilinx/tools/Vitis/2024.2/common/technology/autopilot/hls_fft.h:1545:9: warning: HLS pragma dump _XLX_SEP_ PragmaIsValid=1_XLX_SEP_ PragmaType=aggregate_XLX_SEP_ PragmaContext=_XLX_SEP_ PragmaFunction=fft_XLX_SEP_ PragmaOptions=variable=xk_XLX_SEP_ [-Wdump-hls-pragmas]
#pragma HLS aggregate variable=xk
        ^
/opt/xilinx/tools/Vitis/2024.2/common/technology/autopilot/hls_fft.h:1546:9: warning: HLS pragma dump _XLX_SEP_ PragmaIsValid=1_XLX_SEP_ PragmaType=stream_XLX_SEP_ PragmaContext=_XLX_SEP_ PragmaFunction=fft_XLX_SEP_ PragmaOptions=variable=xn_XLX_SEP_ [-Wdump-hls-pragmas]
#pragma HLS stream variable=xn
        ^
/opt/xilinx/tools/Vitis/2024.2/common/technology/autopilot/hls_fft.h:1547:9: warning: HLS pragma dump _XLX_SEP_ PragmaIsValid=1_XLX_SEP_ PragmaType=stream_XLX_SEP_ PragmaContext=_XLX_SEP_ PragmaFunction=fft_XLX_SEP_ PragmaOptions=variable=xk_XLX_SEP_ [-Wdump-hls-pragmas]
#pragma HLS stream variable=xk
        ^
/opt/xilinx/tools/Vitis/2024.2/common/technology/autopilot/hls_fft.h:1548:9: warning: HLS pragma dump _XLX_SEP_ PragmaIsValid=1_XLX_SEP_ PragmaType=array_reshape_XLX_SEP_ PragmaContext=_XLX_SEP_ PragmaFunction=fft_XLX_SEP_ PragmaOptions=dim=1 variable=xn_XLX_SEP_ [-Wdump-hls-pragmas]
#pragma HLS array_reshape dim=1 variable=xn
        ^
/opt/xilinx/tools/Vitis/2024.2/common/technology/autopilot/hls_fft.h:1549:9: warning: HLS pragma dump _XLX_SEP_ PragmaIsValid=1_XLX_SEP_ PragmaType=array_reshape_XLX_SEP_ PragmaContext=_XLX_SEP_ PragmaFunction=fft_XLX_SEP_ PragmaOptions=dim=1 variable=xk_XLX_SEP_ [-Wdump-hls-pragmas]
#pragma HLS array_reshape dim=1 variable=xk
        ^
/opt/xilinx/tools/Vitis/2024.2/common/technology/autopilot/hls_fft.h:1550:9: warning: HLS pragma dump _XLX_SEP_ PragmaIsValid=1_XLX_SEP_ PragmaType=stream_XLX_SEP_ PragmaContext=_XLX_SEP_ PragmaFunction=fft_XLX_SEP_ PragmaOptions=variable=status_data_V_XLX_SEP_ [-Wdump-hls-pragmas]
#pragma HLS stream variable=status_data_V
        ^
/opt/xilinx/tools/Vitis/2024.2/common/technology/autopilot/hls_fft.h:1551:9: warning: HLS pragma dump _XLX_SEP_ PragmaIsValid=1_XLX_SEP_ PragmaType=stream_XLX_SEP_ PragmaContext=_XLX_SEP_ PragmaFunction=fft_XLX_SEP_ PragmaOptions=variable=config_ch_data_V_XLX_SEP_ [-Wdump-hls-pragmas]
#pragma HLS stream variable=config_ch_data_V
        ^
/opt/xilinx/tools/Vitis/2024.2/common/technology/autopilot/hls_fft.h:1612:9: warning: HLS pragma dump _XLX_SEP_ PragmaIsValid=1_XLX_SEP_ PragmaType=inline_XLX_SEP_ PragmaContext=_XLX_SEP_ PragmaFunction=fft_syn_XLX_SEP_ PragmaOptions=off_XLX_SEP_ [-Wdump-hls-pragmas]
#pragma HLS inline off
        ^
/opt/xilinx/tools/Vitis/2024.2/common/technology/autopilot/hls_fft.h:1664:9: warning: HLS pragma dump _XLX_SEP_ PragmaIsValid=1_XLX_SEP_ PragmaType=inline_XLX_SEP_ PragmaContext=_XLX_SEP_ PragmaFunction=fft_syn_XLX_SEP_ PragmaOptions=_XLX_SEP_ [-Wdump-hls-pragmas]
#pragma HLS inline
        ^
/opt/xilinx/tools/Vitis/2024.2/common/technology/autopilot/hls_fft.h:1715:9: warning: HLS pragma dump _XLX_SEP_ PragmaIsValid=1_XLX_SEP_ PragmaType=dataflow_XLX_SEP_ PragmaContext=_XLX_SEP_ PragmaFunction=fft_wrapper_XLX_SEP_ PragmaOptions=_XLX_SEP_ [-Wdump-hls-pragmas]
#pragma HLS dataflow
        ^
/opt/xilinx/tools/Vitis/2024.2/common/technology/autopilot/hls_fft.h:1747:9: warning: HLS pragma dump _XLX_SEP_ PragmaIsValid=1_XLX_SEP_ PragmaType=inline_XLX_SEP_ PragmaContext=_XLX_SEP_ PragmaFunction=fft_XLX_SEP_ PragmaOptions=off_XLX_SEP_ [-Wdump-hls-pragmas]
#pragma HLS inline off
        ^
/opt/xilinx/tools/Vitis/2024.2/common/technology/autopilot/hls_fft.h:1774:9: warning: HLS pragma dump _XLX_SEP_ PragmaIsValid=1_XLX_SEP_ PragmaType=inline_XLX_SEP_ PragmaContext=_XLX_SEP_ PragmaFunction=fft_XLX_SEP_ PragmaOptions=off_XLX_SEP_ [-Wdump-hls-pragmas]
#pragma HLS inline off
        ^
/opt/xilinx/tools/Vitis/2024.2/common/technology/autopilot/hls_fft.h:1803:9: warning: HLS pragma dump _XLX_SEP_ PragmaIsValid=1_XLX_SEP_ PragmaType=inline_XLX_SEP_ PragmaContext=_XLX_SEP_ PragmaFunction=fft_XLX_SEP_ PragmaOptions=_XLX_SEP_ [-Wdump-hls-pragmas]
#pragma HLS inline
        ^
/opt/xilinx/tools/Vitis/2024.2/common/technology/autopilot/hls_fft.h:1804:9: warning: HLS pragma dump _XLX_SEP_ PragmaIsValid=1_XLX_SEP_ PragmaType=aggregate_XLX_SEP_ PragmaContext=_XLX_SEP_ PragmaFunction=fft_XLX_SEP_ PragmaOptions=variable=xn_XLX_SEP_ [-Wdump-hls-pragmas]
#pragma HLS aggregate variable=xn
        ^
/opt/xilinx/tools/Vitis/2024.2/common/technology/autopilot/hls_fft.h:1805:9: warning: HLS pragma dump _XLX_SEP_ PragmaIsValid=1_XLX_SEP_ PragmaType=aggregate_XLX_SEP_ PragmaContext=_XLX_SEP_ PragmaFunction=fft_XLX_SEP_ PragmaOptions=variable=xk_XLX_SEP_ [-Wdump-hls-pragmas]
#pragma HLS aggregate variable=xk
        ^
/opt/xilinx/tools/Vitis/2024.2/common/technology/autopilot/hls_fft.h:1806:9: warning: HLS pragma dump _XLX_SEP_ PragmaIsValid=1_XLX_SEP_ PragmaType=stream_XLX_SEP_ PragmaContext=_XLX_SEP_ PragmaFunction=fft_XLX_SEP_ PragmaOptions=variable=xn_XLX_SEP_ [-Wdump-hls-pragmas]
#pragma HLS stream variable=xn
        ^
/opt/xilinx/tools/Vitis/2024.2/common/technology/autopilot/hls_fft.h:1807:9: warning: HLS pragma dump _XLX_SEP_ PragmaIsValid=1_XLX_SEP_ PragmaType=stream_XLX_SEP_ PragmaContext=_XLX_SEP_ PragmaFunction=fft_XLX_SEP_ PragmaOptions=variable=xk_XLX_SEP_ [-Wdump-hls-pragmas]
#pragma HLS stream variable=xk
        ^
/opt/xilinx/tools/Vitis/2024.2/common/technology/autopilot/hls_fft.h:1829:9: warning: HLS pragma dump _XLX_SEP_ PragmaIsValid=1_XLX_SEP_ PragmaType=inline_XLX_SEP_ PragmaContext=_XLX_SEP_ PragmaFunction=fft_XLX_SEP_ PragmaOptions=_XLX_SEP_ [-Wdump-hls-pragmas]
#pragma HLS inline
        ^
/opt/xilinx/tools/Vitis/2024.2/common/technology/autopilot/hls_fft.h:1830:9: warning: HLS pragma dump _XLX_SEP_ PragmaIsValid=1_XLX_SEP_ PragmaType=aggregate_XLX_SEP_ PragmaContext=_XLX_SEP_ PragmaFunction=fft_XLX_SEP_ PragmaOptions=variable=xn_XLX_SEP_ [-Wdump-hls-pragmas]
#pragma HLS aggregate variable=xn
        ^
/opt/xilinx/tools/Vitis/2024.2/common/technology/autopilot/hls_fft.h:1831:9: warning: HLS pragma dump _XLX_SEP_ PragmaIsValid=1_XLX_SEP_ PragmaType=aggregate_XLX_SEP_ PragmaContext=_XLX_SEP_ PragmaFunction=fft_XLX_SEP_ PragmaOptions=variable=xk_XLX_SEP_ [-Wdump-hls-pragmas]
#pragma HLS aggregate variable=xk
        ^
/opt/xilinx/tools/Vitis/2024.2/common/technology/autopilot/hls_fft.h:1832:9: warning: HLS pragma dump _XLX_SEP_ PragmaIsValid=1_XLX_SEP_ PragmaType=stream_XLX_SEP_ PragmaContext=_XLX_SEP_ PragmaFunction=fft_XLX_SEP_ PragmaOptions=variable=xn_XLX_SEP_ [-Wdump-hls-pragmas]
#pragma HLS stream variable=xn
        ^
/opt/xilinx/tools/Vitis/2024.2/common/technology/autopilot/hls_fft.h:1833:9: warning: HLS pragma dump _XLX_SEP_ PragmaIsValid=1_XLX_SEP_ PragmaType=stream_XLX_SEP_ PragmaContext=_XLX_SEP_ PragmaFunction=fft_XLX_SEP_ PragmaOptions=variable=xk_XLX_SEP_ [-Wdump-hls-pragmas]
#pragma HLS stream variable=xk
        ^
/opt/xilinx/tools/Vitis/2024.2/common/technology/autopilot/hls_fft.h:1855:9: warning: HLS pragma dump _XLX_SEP_ PragmaIsValid=1_XLX_SEP_ PragmaType=dataflow_XLX_SEP_ PragmaContext=_XLX_SEP_ PragmaFunction=fft_XLX_SEP_ PragmaOptions=_XLX_SEP_ [-Wdump-hls-pragmas]
#pragma HLS dataflow
        ^
/opt/xilinx/tools/Vitis/2024.2/common/technology/autopilot/hls_fft.h:1856:9: warning: HLS pragma dump _XLX_SEP_ PragmaIsValid=1_XLX_SEP_ PragmaType=aggregate_XLX_SEP_ PragmaContext=_XLX_SEP_ PragmaFunction=fft_XLX_SEP_ PragmaOptions=variable=xn_XLX_SEP_ [-Wdump-hls-pragmas]
#pragma HLS aggregate variable=xn
        ^
/opt/xilinx/tools/Vitis/2024.2/common/technology/autopilot/hls_fft.h:1857:9: warning: HLS pragma dump _XLX_SEP_ PragmaIsValid=1_XLX_SEP_ PragmaType=aggregate_XLX_SEP_ PragmaContext=_XLX_SEP_ PragmaFunction=fft_XLX_SEP_ PragmaOptions=variable=xk_XLX_SEP_ [-Wdump-hls-pragmas]
#pragma HLS aggregate variable=xk
        ^
/opt/xilinx/tools/Vitis/2024.2/common/technology/autopilot/hls_fft.h:1858:9: warning: HLS pragma dump _XLX_SEP_ PragmaIsValid=1_XLX_SEP_ PragmaType=stream_XLX_SEP_ PragmaContext=_XLX_SEP_ PragmaFunction=fft_XLX_SEP_ PragmaOptions=variable=xn_XLX_SEP_ [-Wdump-hls-pragmas]
#pragma HLS stream variable=xn
        ^
/opt/xilinx/tools/Vitis/2024.2/common/technology/autopilot/hls_fft.h:1859:9: warning: HLS pragma dump _XLX_SEP_ PragmaIsValid=1_XLX_SEP_ PragmaType=stream_XLX_SEP_ PragmaContext=_XLX_SEP_ PragmaFunction=fft_XLX_SEP_ PragmaOptions=variable=xk_XLX_SEP_ [-Wdump-hls-pragmas]
#pragma HLS stream variable=xk
        ^
/opt/xilinx/tools/Vitis/2024.2/common/technology/autopilot/hls_fft.h:1881:9: warning: HLS pragma dump _XLX_SEP_ PragmaIsValid=1_XLX_SEP_ PragmaType=inline_XLX_SEP_ PragmaContext=_XLX_SEP_ PragmaFunction=fft_XLX_SEP_ PragmaOptions=_XLX_SEP_ [-Wdump-hls-pragmas]
#pragma HLS inline
        ^
/opt/xilinx/tools/Vitis/2024.2/common/technology/autopilot/hls_fft.h:1882:9: warning: HLS pragma dump _XLX_SEP_ PragmaIsValid=1_XLX_SEP_ PragmaType=aggregate_XLX_SEP_ PragmaContext=_XLX_SEP_ PragmaFunction=fft_XLX_SEP_ PragmaOptions=variable=xn_XLX_SEP_ [-Wdump-hls-pragmas]
#pragma HLS aggregate variable=xn
        ^
/opt/xilinx/tools/Vitis/2024.2/common/technology/autopilot/hls_fft.h:1883:9: warning: HLS pragma dump _XLX_SEP_ PragmaIsValid=1_XLX_SEP_ PragmaType=aggregate_XLX_SEP_ PragmaContext=_XLX_SEP_ PragmaFunction=fft_XLX_SEP_ PragmaOptions=variable=xk_XLX_SEP_ [-Wdump-hls-pragmas]
#pragma HLS aggregate variable=xk
        ^
/opt/xilinx/tools/Vitis/2024.2/common/technology/autopilot/hls_fft.h:1884:9: warning: HLS pragma dump _XLX_SEP_ PragmaIsValid=1_XLX_SEP_ PragmaType=stream_XLX_SEP_ PragmaContext=_XLX_SEP_ PragmaFunction=fft_XLX_SEP_ PragmaOptions=variable=xn_XLX_SEP_ [-Wdump-hls-pragmas]
#pragma HLS stream variable=xn
        ^
/opt/xilinx/tools/Vitis/2024.2/common/technology/autopilot/hls_fft.h:1885:9: warning: HLS pragma dump _XLX_SEP_ PragmaIsValid=1_XLX_SEP_ PragmaType=stream_XLX_SEP_ PragmaContext=_XLX_SEP_ PragmaFunction=fft_XLX_SEP_ PragmaOptions=variable=xk_XLX_SEP_ [-Wdump-hls-pragmas]
#pragma HLS stream variable=xk
        ^
/opt/xilinx/tools/Vitis/2024.2/common/technology/autopilot/hls_fft.h:1907:9: warning: HLS pragma dump _XLX_SEP_ PragmaIsValid=1_XLX_SEP_ PragmaType=inline_XLX_SEP_ PragmaContext=_XLX_SEP_ PragmaFunction=fft_XLX_SEP_ PragmaOptions=off_XLX_SEP_ [-Wdump-hls-pragmas]
#pragma HLS inline off
        ^
/opt/xilinx/tools/Vitis/2024.2/common/technology/autopilot/hls_fft.h:1908:9: warning: HLS pragma dump _XLX_SEP_ PragmaIsValid=1_XLX_SEP_ PragmaType=aggregate_XLX_SEP_ PragmaContext=_XLX_SEP_ PragmaFunction=fft_XLX_SEP_ PragmaOptions=variable=xn_XLX_SEP_ [-Wdump-hls-pragmas]
#pragma HLS aggregate variable=xn
        ^
/opt/xilinx/tools/Vitis/2024.2/common/technology/autopilot/hls_fft.h:1909:9: warning: HLS pragma dump _XLX_SEP_ PragmaIsValid=1_XLX_SEP_ PragmaType=aggregate_XLX_SEP_ PragmaContext=_XLX_SEP_ PragmaFunction=fft_XLX_SEP_ PragmaOptions=variable=xk_XLX_SEP_ [-Wdump-hls-pragmas]
#pragma HLS aggregate variable=xk
        ^
/opt/xilinx/tools/Vitis/2024.2/common/technology/autopilot/hls_fft.h:1910:9: warning: HLS pragma dump _XLX_SEP_ PragmaIsValid=1_XLX_SEP_ PragmaType=stream_XLX_SEP_ PragmaContext=_XLX_SEP_ PragmaFunction=fft_XLX_SEP_ PragmaOptions=variable=xn_XLX_SEP_ [-Wdump-hls-pragmas]
#pragma HLS stream variable=xn
        ^
/opt/xilinx/tools/Vitis/2024.2/common/technology/autopilot/hls_fft.h:1911:9: warning: HLS pragma dump _XLX_SEP_ PragmaIsValid=1_XLX_SEP_ PragmaType=stream_XLX_SEP_ PragmaContext=_XLX_SEP_ PragmaFunction=fft_XLX_SEP_ PragmaOptions=variable=xk_XLX_SEP_ [-Wdump-hls-pragmas]
#pragma HLS stream variable=xk
        ^
/opt/xilinx/tools/Vitis/2024.2/common/technology/autopilot/hls_fft.h:1912:9: warning: HLS pragma dump _XLX_SEP_ PragmaIsValid=1_XLX_SEP_ PragmaType=stream_XLX_SEP_ PragmaContext=_XLX_SEP_ PragmaFunction=fft_XLX_SEP_ PragmaOptions=variable=status_data_V_XLX_SEP_ [-Wdump-hls-pragmas]
#pragma HLS stream variable=status_data_V
        ^
/opt/xilinx/tools/Vitis/2024.2/common/technology/autopilot/hls_fft.h:1913:9: warning: HLS pragma dump _XLX_SEP_ PragmaIsValid=1_XLX_SEP_ PragmaType=stream_XLX_SEP_ PragmaContext=_XLX_SEP_ PragmaFunction=fft_XLX_SEP_ PragmaOptions=variable=config_ch_data_V_XLX_SEP_ [-Wdump-hls-pragmas]
#pragma HLS stream variable=config_ch_data_V
        ^
/opt/xilinx/tools/Vitis/2024.2/common/technology/autopilot/hls_fft.h:1930:9: warning: HLS pragma dump _XLX_SEP_ PragmaIsValid=1_XLX_SEP_ PragmaType=dataflow_XLX_SEP_ PragmaContext=_XLX_SEP_ PragmaFunction=fft_XLX_SEP_ PragmaOptions=_XLX_SEP_ [-Wdump-hls-pragmas]
#pragma HLS dataflow
        ^
/opt/xilinx/tools/Vitis/2024.2/common/technology/autopilot/hls_fft.h:1931:9: warning: HLS pragma dump _XLX_SEP_ PragmaIsValid=1_XLX_SEP_ PragmaType=aggregate_XLX_SEP_ PragmaContext=_XLX_SEP_ PragmaFunction=fft_XLX_SEP_ PragmaOptions=variable=xn_XLX_SEP_ [-Wdump-hls-pragmas]
#pragma HLS aggregate variable=xn
        ^
/opt/xilinx/tools/Vitis/2024.2/common/technology/autopilot/hls_fft.h:1932:9: warning: HLS pragma dump _XLX_SEP_ PragmaIsValid=1_XLX_SEP_ PragmaType=aggregate_XLX_SEP_ PragmaContext=_XLX_SEP_ PragmaFunction=fft_XLX_SEP_ PragmaOptions=variable=xk_XLX_SEP_ [-Wdump-hls-pragmas]
#pragma HLS aggregate variable=xk
        ^
/opt/xilinx/tools/Vitis/2024.2/common/technology/autopilot/hls_fft.h:1933:9: warning: HLS pragma dump _XLX_SEP_ PragmaIsValid=1_XLX_SEP_ PragmaType=stream_XLX_SEP_ PragmaContext=_XLX_SEP_ PragmaFunction=fft_XLX_SEP_ PragmaOptions=variable=xn_XLX_SEP_ [-Wdump-hls-pragmas]
#pragma HLS stream variable=xn
        ^
/opt/xilinx/tools/Vitis/2024.2/common/technology/autopilot/hls_fft.h:1934:9: warning: HLS pragma dump _XLX_SEP_ PragmaIsValid=1_XLX_SEP_ PragmaType=stream_XLX_SEP_ PragmaContext=_XLX_SEP_ PragmaFunction=fft_XLX_SEP_ PragmaOptions=variable=xk_XLX_SEP_ [-Wdump-hls-pragmas]
#pragma HLS stream variable=xk
        ^
/opt/xilinx/tools/Vitis/2024.2/common/technology/autopilot/hls_fft.h:1939:9: warning: HLS pragma dump _XLX_SEP_ PragmaIsValid=1_XLX_SEP_ PragmaType=stream_XLX_SEP_ PragmaContext=_XLX_SEP_ PragmaFunction=fft_XLX_SEP_ PragmaOptions=variable=flag type=pipo_XLX_SEP_ [-Wdump-hls-pragmas]
#pragma HLS STREAM variable=flag type=pipo
        ^
/opt/xilinx/tools/Vitis/2024.2/common/technology/autopilot/hls_fft.h:1968:9: warning: HLS pragma dump _XLX_SEP_ PragmaIsValid=1_XLX_SEP_ PragmaType=pipeline_XLX_SEP_ PragmaContext=_XLX_SEP_ PragmaFunction=get_data_XLX_SEP_ PragmaOptions=II=1 rewind style=flp_XLX_SEP_ [-Wdump-hls-pragmas]
#pragma HLS pipeline II=1 rewind style=flp
        ^
/opt/xilinx/tools/Vitis/2024.2/common/technology/autopilot/hls_fft.h:1982:9: warning: HLS pragma dump _XLX_SEP_ PragmaIsValid=1_XLX_SEP_ PragmaType=dataflow_XLX_SEP_ PragmaContext=_XLX_SEP_ PragmaFunction=outputdatamover_XLX_SEP_ PragmaOptions=_XLX_SEP_ [-Wdump-hls-pragmas]
#pragma HLS dataflow
        ^
/opt/xilinx/tools/Vitis/2024.2/common/technology/autopilot/hls_fft.h:1983:9: warning: HLS pragma dump _XLX_SEP_ PragmaIsValid=1_XLX_SEP_ PragmaType=inline_XLX_SEP_ PragmaContext=_XLX_SEP_ PragmaFunction=outputdatamover_XLX_SEP_ PragmaOptions=_XLX_SEP_ [-Wdump-hls-pragmas]
#pragma HLS inline
        ^
/opt/xilinx/tools/Vitis/2024.2/common/technology/autopilot/hls_fft.h:2019:9: warning: HLS pragma dump _XLX_SEP_ PragmaIsValid=1_XLX_SEP_ PragmaType=pipeline_XLX_SEP_ PragmaContext=_XLX_SEP_ PragmaFunction=set_data_XLX_SEP_ PragmaOptions=II=1 rewind style=flp_XLX_SEP_ [-Wdump-hls-pragmas]
#pragma HLS pipeline II=1 rewind style=flp
        ^
/opt/xilinx/tools/Vitis/2024.2/common/technology/autopilot/hls_fft.h:2031:9: warning: HLS pragma dump _XLX_SEP_ PragmaIsValid=1_XLX_SEP_ PragmaType=dataflow_XLX_SEP_ PragmaContext=_XLX_SEP_ PragmaFunction=inputdatamover_XLX_SEP_ PragmaOptions=_XLX_SEP_ [-Wdump-hls-pragmas]
#pragma HLS dataflow
        ^
/opt/xilinx/tools/Vitis/2024.2/common/technology/autopilot/hls_fft.h:2032:9: warning: HLS pragma dump _XLX_SEP_ PragmaIsValid=1_XLX_SEP_ PragmaType=inline_XLX_SEP_ PragmaContext=_XLX_SEP_ PragmaFunction=inputdatamover_XLX_SEP_ PragmaOptions=_XLX_SEP_ [-Wdump-hls-pragmas]
#pragma HLS inline
        ^
/opt/xilinx/tools/Vitis/2024.2/common/technology/autopilot/hls_fft.h:2027:45: warning: unused parameter 'in' [-Wunused-parameter]
void inputdatamover(std::complex<data_in_t> in[1 << log2_of_max_length],
                                            ^
/opt/xilinx/tools/Vitis/2024.2/common/technology/autopilot/hls_fft.h:2028:45: warning: unused parameter 'out' [-Wunused-parameter]
                    std::complex<data_in_t> out[1 << log2_of_max_length],
                                            ^
/opt/xilinx/tools/Vitis/2024.2/common/technology/autopilot/hls_fft.h:2045:9: warning: HLS pragma dump _XLX_SEP_ PragmaIsValid=1_XLX_SEP_ PragmaType=dataflow_XLX_SEP_ PragmaContext=_XLX_SEP_ PragmaFunction=inputdatamover_XLX_SEP_ PragmaOptions=_XLX_SEP_ [-Wdump-hls-pragmas]
#pragma HLS dataflow
        ^
/opt/xilinx/tools/Vitis/2024.2/common/technology/autopilot/hls_fft.h:2046:9: warning: HLS pragma dump _XLX_SEP_ PragmaIsValid=1_XLX_SEP_ PragmaType=inline_XLX_SEP_ PragmaContext=_XLX_SEP_ PragmaFunction=inputdatamover_XLX_SEP_ PragmaOptions=_XLX_SEP_ [-Wdump-hls-pragmas]
#pragma HLS inline
        ^
/opt/xilinx/tools/Vitis/2024.2/common/technology/autopilot/hls_fft.h:2060:9: warning: HLS pragma dump _XLX_SEP_ PragmaIsValid=1_XLX_SEP_ PragmaType=dataflow_XLX_SEP_ PragmaContext=_XLX_SEP_ PragmaFunction=fft_call_XLX_SEP_ PragmaOptions=_XLX_SEP_ [-Wdump-hls-pragmas]
#pragma HLS DATAFLOW
        ^
/opt/xilinx/tools/Vitis/2024.2/common/technology/autopilot/hls_fft.h:2143:9: warning: HLS pragma dump _XLX_SEP_ PragmaIsValid=1_XLX_SEP_ PragmaType=dataflow_XLX_SEP_ PragmaContext=_XLX_SEP_ PragmaFunction=vivado_var_len_fft_XLX_SEP_ PragmaOptions=_XLX_SEP_ [-Wdump-hls-pragmas]
#pragma HLS dataflow
        ^
/opt/xilinx/tools/Vitis/2024.2/common/technology/autopilot/hls_fft.h:2163:9: warning: HLS pragma dump _XLX_SEP_ PragmaIsValid=1_XLX_SEP_ PragmaType=stream_XLX_SEP_ PragmaContext=_XLX_SEP_ PragmaFunction=vivado_var_len_fft_XLX_SEP_ PragmaOptions=variable=xn depth=4_XLX_SEP_ [-Wdump-hls-pragmas]
#pragma HLS STREAM variable=xn depth=4
        ^
/opt/xilinx/tools/Vitis/2024.2/common/technology/autopilot/hls_fft.h:2166:9: warning: HLS pragma dump _XLX_SEP_ PragmaIsValid=1_XLX_SEP_ PragmaType=stream_XLX_SEP_ PragmaContext=_XLX_SEP_ PragmaFunction=vivado_var_len_fft_XLX_SEP_ PragmaOptions=variable=xk depth=4_XLX_SEP_ [-Wdump-hls-pragmas]
#pragma HLS STREAM variable=xk depth=4
        ^
/opt/xilinx/tools/Vitis/2024.2/common/technology/autopilot/hls_fft.h:2169:9: warning: HLS pragma dump _XLX_SEP_ PragmaIsValid=1_XLX_SEP_ PragmaType=stream_XLX_SEP_ PragmaContext=_XLX_SEP_ PragmaFunction=vivado_var_len_fft_XLX_SEP_ PragmaOptions=variable=config type=pipo_XLX_SEP_ [-Wdump-hls-pragmas]
#pragma HLS STREAM variable=config type=pipo
        ^
/opt/xilinx/tools/Vitis/2024.2/common/technology/autopilot/hls_fft.h:2201:9: warning: HLS pragma dump _XLX_SEP_ PragmaIsValid=1_XLX_SEP_ PragmaType=dataflow_XLX_SEP_ PragmaContext=_XLX_SEP_ PragmaFunction=vivado_fix_len_fft_XLX_SEP_ PragmaOptions=_XLX_SEP_ [-Wdump-hls-pragmas]
#pragma HLS dataflow
        ^
/opt/xilinx/tools/Vitis/2024.2/common/technology/autopilot/hls_fft.h:2221:9: warning: HLS pragma dump _XLX_SEP_ PragmaIsValid=1_XLX_SEP_ PragmaType=stream_XLX_SEP_ PragmaContext=_XLX_SEP_ PragmaFunction=vivado_fix_len_fft_XLX_SEP_ PragmaOptions=variable=xn depth=4_XLX_SEP_ [-Wdump-hls-pragmas]
#pragma HLS STREAM variable=xn depth=4
        ^
/opt/xilinx/tools/Vitis/2024.2/common/technology/autopilot/hls_fft.h:2224:9: warning: HLS pragma dump _XLX_SEP_ PragmaIsValid=1_XLX_SEP_ PragmaType=stream_XLX_SEP_ PragmaContext=_XLX_SEP_ PragmaFunction=vivado_fix_len_fft_XLX_SEP_ PragmaOptions=variable=xk depth=4_XLX_SEP_ [-Wdump-hls-pragmas]
#pragma HLS STREAM variable=xk depth=4
        ^
/opt/xilinx/tools/Vitis/2024.2/common/technology/autopilot/hls_fft.h:2227:9: warning: HLS pragma dump _XLX_SEP_ PragmaIsValid=1_XLX_SEP_ PragmaType=stream_XLX_SEP_ PragmaContext=_XLX_SEP_ PragmaFunction=vivado_fix_len_fft_XLX_SEP_ PragmaOptions=variable=config type=pipo_XLX_SEP_ [-Wdump-hls-pragmas]
#pragma HLS STREAM variable=config type=pipo
        ^
In file included from FFT.cpp:1:
In file included from ./FFT.h:11:
/opt/xilinx/tools/Vitis/2024.2/common/technology/autopilot/hls_vector.h:104:9: warning: HLS pragma dump _XLX_SEP_ PragmaIsValid=1_XLX_SEP_ PragmaType=aggregate_XLX_SEP_ PragmaContext=_XLX_SEP_ PragmaFunction=pragma_XLX_SEP_ PragmaOptions=variable=this_XLX_SEP_ [-Wdump-hls-pragmas]
#pragma HLS AGGREGATE variable=this
        ^
/opt/xilinx/tools/Vitis/2024.2/common/technology/autopilot/hls_vector.h:128:9: warning: HLS pragma dump _XLX_SEP_ PragmaIsValid=1_XLX_SEP_ PragmaType=unroll_XLX_SEP_ PragmaContext=_XLX_SEP_ PragmaFunction=vector<T, N>_XLX_SEP_ PragmaOptions=_XLX_SEP_ [-Wdump-hls-pragmas]
#pragma HLS UNROLL
        ^
/opt/xilinx/tools/Vitis/2024.2/common/technology/autopilot/hls_vector.h:144:9: warning: HLS pragma dump _XLX_SEP_ PragmaIsValid=1_XLX_SEP_ PragmaType=unroll_XLX_SEP_ PragmaContext=_XLX_SEP_ PragmaFunction=vector<T, N>_XLX_SEP_ PragmaOptions=_XLX_SEP_ [-Wdump-hls-pragmas]
#pragma HLS UNROLL
        ^
/opt/xilinx/tools/Vitis/2024.2/common/technology/autopilot/hls_vector.h:169:9: warning: HLS pragma dump _XLX_SEP_ PragmaIsValid=1_XLX_SEP_ PragmaType=unroll_XLX_SEP_ PragmaContext=_XLX_SEP_ PragmaFunction=operator++_XLX_SEP_ PragmaOptions=_XLX_SEP_ [-Wdump-hls-pragmas]
#pragma HLS UNROLL
        ^
/opt/xilinx/tools/Vitis/2024.2/common/technology/autopilot/hls_vector.h:170:9: warning: HLS pragma dump _XLX_SEP_ PragmaIsValid=1_XLX_SEP_ PragmaType=unroll_XLX_SEP_ PragmaContext=_XLX_SEP_ PragmaFunction=operator--_XLX_SEP_ PragmaOptions=_XLX_SEP_ [-Wdump-hls-pragmas]
#pragma HLS UNROLL
        ^
/opt/xilinx/tools/Vitis/2024.2/common/technology/autopilot/hls_vector.h:198:9: warning: HLS pragma dump _XLX_SEP_ PragmaIsValid=1_XLX_SEP_ PragmaType=unroll_XLX_SEP_ PragmaContext=_XLX_SEP_ PragmaFunction=operator+=_XLX_SEP_ PragmaOptions=_XLX_SEP_ [-Wdump-hls-pragmas]
#pragma HLS UNROLL
        ^
/opt/xilinx/tools/Vitis/2024.2/common/technology/autopilot/hls_vector.h:199:9: warning: HLS pragma dump _XLX_SEP_ PragmaIsValid=1_XLX_SEP_ PragmaType=unroll_XLX_SEP_ PragmaContext=_XLX_SEP_ PragmaFunction=operator-=_XLX_SEP_ PragmaOptions=_XLX_SEP_ [-Wdump-hls-pragmas]
#pragma HLS UNROLL
        ^
/opt/xilinx/tools/Vitis/2024.2/common/technology/autopilot/hls_vector.h:200:9: warning: HLS pragma dump _XLX_SEP_ PragmaIsValid=1_XLX_SEP_ PragmaType=unroll_XLX_SEP_ PragmaContext=_XLX_SEP_ PragmaFunction=operator*=_XLX_SEP_ PragmaOptions=_XLX_SEP_ [-Wdump-hls-pragmas]
#pragma HLS UNROLL
        ^
/opt/xilinx/tools/Vitis/2024.2/common/technology/autopilot/hls_vector.h:201:9: warning: HLS pragma dump _XLX_SEP_ PragmaIsValid=1_XLX_SEP_ PragmaType=unroll_XLX_SEP_ PragmaContext=_XLX_SEP_ PragmaFunction=operator/=_XLX_SEP_ PragmaOptions=_XLX_SEP_ [-Wdump-hls-pragmas]
#pragma HLS UNROLL
        ^
/opt/xilinx/tools/Vitis/2024.2/common/technology/autopilot/hls_vector.h:202:9: warning: HLS pragma dump _XLX_SEP_ PragmaIsValid=1_XLX_SEP_ PragmaType=unroll_XLX_SEP_ PragmaContext=_XLX_SEP_ PragmaFunction=operator%=_XLX_SEP_ PragmaOptions=_XLX_SEP_ [-Wdump-hls-pragmas]
#pragma HLS UNROLL
        ^
/opt/xilinx/tools/Vitis/2024.2/common/technology/autopilot/hls_vector.h:203:9: warning: HLS pragma dump _XLX_SEP_ PragmaIsValid=1_XLX_SEP_ PragmaType=unroll_XLX_SEP_ PragmaContext=_XLX_SEP_ PragmaFunction=operator&=_XLX_SEP_ PragmaOptions=_XLX_SEP_ [-Wdump-hls-pragmas]
#pragma HLS UNROLL
        ^
/opt/xilinx/tools/Vitis/2024.2/common/technology/autopilot/hls_vector.h:204:9: warning: HLS pragma dump _XLX_SEP_ PragmaIsValid=1_XLX_SEP_ PragmaType=unroll_XLX_SEP_ PragmaContext=_XLX_SEP_ PragmaFunction=operator|=_XLX_SEP_ PragmaOptions=_XLX_SEP_ [-Wdump-hls-pragmas]
#pragma HLS UNROLL
        ^
/opt/xilinx/tools/Vitis/2024.2/common/technology/autopilot/hls_vector.h:205:9: warning: HLS pragma dump _XLX_SEP_ PragmaIsValid=1_XLX_SEP_ PragmaType=unroll_XLX_SEP_ PragmaContext=_XLX_SEP_ PragmaFunction=operator^=_XLX_SEP_ PragmaOptions=_XLX_SEP_ [-Wdump-hls-pragmas]
#pragma HLS UNROLL
        ^
/opt/xilinx/tools/Vitis/2024.2/common/technology/autopilot/hls_vector.h:206:9: warning: HLS pragma dump _XLX_SEP_ PragmaIsValid=1_XLX_SEP_ PragmaType=unroll_XLX_SEP_ PragmaContext=_XLX_SEP_ PragmaFunction=operator<<=_XLX_SEP_ PragmaOptions=_XLX_SEP_ [-Wdump-hls-pragmas]
#pragma HLS UNROLL
        ^
/opt/xilinx/tools/Vitis/2024.2/common/technology/autopilot/hls_vector.h:207:9: warning: HLS pragma dump _XLX_SEP_ PragmaIsValid=1_XLX_SEP_ PragmaType=unroll_XLX_SEP_ PragmaContext=_XLX_SEP_ PragmaFunction=operator>>=_XLX_SEP_ PragmaOptions=_XLX_SEP_ [-Wdump-hls-pragmas]
#pragma HLS UNROLL
        ^
/opt/xilinx/tools/Vitis/2024.2/common/technology/autopilot/hls_vector.h:222:9: warning: HLS pragma dump _XLX_SEP_ PragmaIsValid=1_XLX_SEP_ PragmaType=unroll_XLX_SEP_ PragmaContext=_XLX_SEP_ PragmaFunction=reduce_add_XLX_SEP_ PragmaOptions=_XLX_SEP_ [-Wdump-hls-pragmas]
#pragma HLS UNROLL
        ^
/opt/xilinx/tools/Vitis/2024.2/common/technology/autopilot/hls_vector.h:223:9: warning: HLS pragma dump _XLX_SEP_ PragmaIsValid=1_XLX_SEP_ PragmaType=unroll_XLX_SEP_ PragmaContext=_XLX_SEP_ PragmaFunction=reduce_mult_XLX_SEP_ PragmaOptions=_XLX_SEP_ [-Wdump-hls-pragmas]
#pragma HLS UNROLL
        ^
/opt/xilinx/tools/Vitis/2024.2/common/technology/autopilot/hls_vector.h:224:9: warning: HLS pragma dump _XLX_SEP_ PragmaIsValid=1_XLX_SEP_ PragmaType=unroll_XLX_SEP_ PragmaContext=_XLX_SEP_ PragmaFunction=reduce_and_XLX_SEP_ PragmaOptions=_XLX_SEP_ [-Wdump-hls-pragmas]
#pragma HLS UNROLL
        ^
/opt/xilinx/tools/Vitis/2024.2/common/technology/autopilot/hls_vector.h:225:9: warning: HLS pragma dump _XLX_SEP_ PragmaIsValid=1_XLX_SEP_ PragmaType=unroll_XLX_SEP_ PragmaContext=_XLX_SEP_ PragmaFunction=reduce_or_XLX_SEP_ PragmaOptions=_XLX_SEP_ [-Wdump-hls-pragmas]
#pragma HLS UNROLL
        ^
/opt/xilinx/tools/Vitis/2024.2/common/technology/autopilot/hls_vector.h:226:9: warning: HLS pragma dump _XLX_SEP_ PragmaIsValid=1_XLX_SEP_ PragmaType=unroll_XLX_SEP_ PragmaContext=_XLX_SEP_ PragmaFunction=reduce_xor_XLX_SEP_ PragmaOptions=_XLX_SEP_ [-Wdump-hls-pragmas]
#pragma HLS UNROLL
        ^
/opt/xilinx/tools/Vitis/2024.2/common/technology/autopilot/hls_vector.h:256:9: warning: HLS pragma dump _XLX_SEP_ PragmaIsValid=1_XLX_SEP_ PragmaType=unroll_XLX_SEP_ PragmaContext=_XLX_SEP_ PragmaFunction=operator<_XLX_SEP_ PragmaOptions=_XLX_SEP_ [-Wdump-hls-pragmas]
#pragma HLS UNROLL
        ^
/opt/xilinx/tools/Vitis/2024.2/common/technology/autopilot/hls_vector.h:257:9: warning: HLS pragma dump _XLX_SEP_ PragmaIsValid=1_XLX_SEP_ PragmaType=unroll_XLX_SEP_ PragmaContext=_XLX_SEP_ PragmaFunction=operator<=_XLX_SEP_ PragmaOptions=_XLX_SEP_ [-Wdump-hls-pragmas]
#pragma HLS UNROLL
        ^
/opt/xilinx/tools/Vitis/2024.2/common/technology/autopilot/hls_vector.h:258:9: warning: HLS pragma dump _XLX_SEP_ PragmaIsValid=1_XLX_SEP_ PragmaType=unroll_XLX_SEP_ PragmaContext=_XLX_SEP_ PragmaFunction=operator==_XLX_SEP_ PragmaOptions=_XLX_SEP_ [-Wdump-hls-pragmas]
#pragma HLS UNROLL
        ^
/opt/xilinx/tools/Vitis/2024.2/common/technology/autopilot/hls_vector.h:259:9: warning: HLS pragma dump _XLX_SEP_ PragmaIsValid=1_XLX_SEP_ PragmaType=unroll_XLX_SEP_ PragmaContext=_XLX_SEP_ PragmaFunction=operator!=_XLX_SEP_ PragmaOptions=_XLX_SEP_ [-Wdump-hls-pragmas]
#pragma HLS UNROLL
        ^
/opt/xilinx/tools/Vitis/2024.2/common/technology/autopilot/hls_vector.h:260:9: warning: HLS pragma dump _XLX_SEP_ PragmaIsValid=1_XLX_SEP_ PragmaType=unroll_XLX_SEP_ PragmaContext=_XLX_SEP_ PragmaFunction=operator>=_XLX_SEP_ PragmaOptions=_XLX_SEP_ [-Wdump-hls-pragmas]
#pragma HLS UNROLL
        ^
/opt/xilinx/tools/Vitis/2024.2/common/technology/autopilot/hls_vector.h:261:9: warning: HLS pragma dump _XLX_SEP_ PragmaIsValid=1_XLX_SEP_ PragmaType=unroll_XLX_SEP_ PragmaContext=_XLX_SEP_ PragmaFunction=operator>_XLX_SEP_ PragmaOptions=_XLX_SEP_ [-Wdump-hls-pragmas]
#pragma HLS UNROLL
        ^
FFT.cpp:10:9: warning: HLS pragma dump _XLX_SEP_ PragmaIsValid=1_XLX_SEP_ PragmaType=inline_XLX_SEP_ PragmaContext=_XLX_SEP_ PragmaFunction=RADIX2_BFLY_double_buffer_quarter_CY_XLX_SEP_ PragmaOptions=_XLX_SEP_ [-Wdump-hls-pragmas]
#pragma HLS inline
        ^
FFT.cpp:20:9: warning: HLS pragma dump _XLX_SEP_ PragmaIsValid=1_XLX_SEP_ PragmaType=bind_op_XLX_SEP_ PragmaContext=_XLX_SEP_ PragmaFunction=RADIX2_BFLY_double_buffer_quarter_CY_XLX_SEP_ PragmaOptions=variable=d1_real op=fsub impl=fabric_XLX_SEP_ [-Wdump-hls-pragmas]
#pragma HLS bind_op variable=d1_real op=fsub impl=fabric
        ^
FFT.cpp:21:9: warning: HLS pragma dump _XLX_SEP_ PragmaIsValid=1_XLX_SEP_ PragmaType=bind_op_XLX_SEP_ PragmaContext=_XLX_SEP_ PragmaFunction=RADIX2_BFLY_double_buffer_quarter_CY_XLX_SEP_ PragmaOptions=variable=d1_imag op=fadd impl=fabric_XLX_SEP_ [-Wdump-hls-pragmas]
#pragma HLS bind_op variable=d1_imag op=fadd impl=fabric
        ^
FFT.cpp:36:9: warning: HLS pragma dump _XLX_SEP_ PragmaIsValid=1_XLX_SEP_ PragmaType=bind_op_XLX_SEP_ PragmaContext=_XLX_SEP_ PragmaFunction=RADIX2_BFLY_double_buffer_quarter_CY_XLX_SEP_ PragmaOptions=variable=d2_real op=fadd impl=fabric_XLX_SEP_ [-Wdump-hls-pragmas]
#pragma HLS bind_op variable=d2_real op=fadd impl=fabric
        ^
FFT.cpp:37:9: warning: HLS pragma dump _XLX_SEP_ PragmaIsValid=1_XLX_SEP_ PragmaType=bind_op_XLX_SEP_ PragmaContext=_XLX_SEP_ PragmaFunction=RADIX2_BFLY_double_buffer_quarter_CY_XLX_SEP_ PragmaOptions=variable=d2_imag op=fadd impl=fabric_XLX_SEP_ [-Wdump-hls-pragmas]
#pragma HLS bind_op variable=d2_imag op=fadd impl=fabric
        ^
FFT.cpp:38:9: warning: HLS pragma dump _XLX_SEP_ PragmaIsValid=1_XLX_SEP_ PragmaType=bind_op_XLX_SEP_ PragmaContext=_XLX_SEP_ PragmaFunction=RADIX2_BFLY_double_buffer_quarter_CY_XLX_SEP_ PragmaOptions=variable=d3_real op=fsub impl=fabric_XLX_SEP_ [-Wdump-hls-pragmas]
#pragma HLS bind_op variable=d3_real op=fsub impl=fabric
        ^
FFT.cpp:39:9: warning: HLS pragma dump _XLX_SEP_ PragmaIsValid=1_XLX_SEP_ PragmaType=bind_op_XLX_SEP_ PragmaContext=_XLX_SEP_ PragmaFunction=RADIX2_BFLY_double_buffer_quarter_CY_XLX_SEP_ PragmaOptions=variable=d3_imag op=fsub impl=fabric_XLX_SEP_ [-Wdump-hls-pragmas]
#pragma HLS bind_op variable=d3_imag op=fsub impl=fabric
        ^
FFT.cpp:55:9: warning: HLS pragma dump _XLX_SEP_ PragmaIsValid=1_XLX_SEP_ PragmaType=performance_XLX_SEP_ PragmaContext=_XLX_SEP_ PragmaFunction=output_result_array_to_stream_XLX_SEP_ PragmaOptions=target_ti=128/(2*2) unit=cycle_XLX_SEP_ [-Wdump-hls-pragmas]
#pragma HLS performance target_ti=128/(2*2) unit=cycle
        ^
FFT.cpp:57:9: warning: HLS pragma dump _XLX_SEP_ PragmaIsValid=1_XLX_SEP_ PragmaType=performance_XLX_SEP_ PragmaContext=_XLX_SEP_ PragmaFunction=output_result_array_to_stream_XLX_SEP_ PragmaOptions=target_ti=128/(2*2) unit=cycle_XLX_SEP_ [-Wdump-hls-pragmas]
#pragma HLS performance target_ti=128/(2*2) unit=cycle
        ^
FFT.cpp:58:9: warning: HLS pragma dump _XLX_SEP_ PragmaIsValid=1_XLX_SEP_ PragmaType=pipeline_XLX_SEP_ PragmaContext=_XLX_SEP_ PragmaFunction=output_result_array_to_stream_XLX_SEP_ PragmaOptions=_XLX_SEP_ [-Wdump-hls-pragmas]
#pragma HLS pipeline
        ^
FFT.cpp:69:9: warning: HLS pragma dump _XLX_SEP_ PragmaIsValid=1_XLX_SEP_ PragmaType=inline_XLX_SEP_ PragmaContext=_XLX_SEP_ PragmaFunction=bit_reverse_XLX_SEP_ PragmaOptions=_XLX_SEP_ [-Wdump-hls-pragmas]
#pragma HLS inline
        ^
FFT.cpp:72:9: warning: HLS pragma dump _XLX_SEP_ PragmaIsValid=1_XLX_SEP_ PragmaType=unroll_XLX_SEP_ PragmaContext=_XLX_SEP_ PragmaFunction=bit_reverse_XLX_SEP_ PragmaOptions=_XLX_SEP_ [-Wdump-hls-pragmas]
#pragma HLS UNROLL
        ^
FFT.cpp:87:9: warning: unknown pragma ignored [-Winvalid-hls-pragmas]
#pragma inline off
        ^
FFT.cpp:90:9: warning: HLS pragma dump _XLX_SEP_ PragmaIsValid=1_XLX_SEP_ PragmaType=pipeline_XLX_SEP_ PragmaContext=_XLX_SEP_ PragmaFunction=reverse_read_stream_input_XLX_SEP_ PragmaOptions=II=1_XLX_SEP_ [-Wdump-hls-pragmas]
#pragma HLS pipeline II=1
        ^
FFT.cpp:91:9: warning: HLS pragma dump _XLX_SEP_ PragmaIsValid=1_XLX_SEP_ PragmaType=performance_XLX_SEP_ PragmaContext=_XLX_SEP_ PragmaFunction=reverse_read_stream_input_XLX_SEP_ PragmaOptions=target_ti=128/(2*2) unit=cycle_XLX_SEP_ [-Wdump-hls-pragmas]
#pragma HLS performance target_ti=128/(2*2) unit=cycle
        ^
FFT.cpp:95:9: warning: HLS pragma dump _XLX_SEP_ PragmaIsValid=1_XLX_SEP_ PragmaType=array_partition_XLX_SEP_ PragmaContext=_XLX_SEP_ PragmaFunction=reverse_read_stream_input_XLX_SEP_ PragmaOptions=variable=original type=complete dim=1_XLX_SEP_ [-Wdump-hls-pragmas]
#pragma HLS array_partition variable=original type=complete dim=1
        ^
FFT.cpp:100:9: warning: HLS pragma dump _XLX_SEP_ PragmaIsValid=1_XLX_SEP_ PragmaType=array_partition_XLX_SEP_ PragmaContext=_XLX_SEP_ PragmaFunction=reverse_read_stream_input_XLX_SEP_ PragmaOptions=variable=reversed type=complete dim=1_XLX_SEP_ [-Wdump-hls-pragmas]
#pragma HLS array_partition variable=reversed type=complete dim=1
        ^
FFT.cpp:105:9: warning: HLS pragma dump _XLX_SEP_ PragmaIsValid=1_XLX_SEP_ PragmaType=dependence_XLX_SEP_ PragmaContext=_XLX_SEP_ PragmaFunction=reverse_read_stream_input_XLX_SEP_ PragmaOptions=variable=data_rev_stream_0 inter direction=WAW false_XLX_SEP_ [-Wdump-hls-pragmas]
#pragma HLS dependence variable=data_rev_stream_0 inter direction=WAW false
        ^
FFT.cpp:106:9: warning: HLS pragma dump _XLX_SEP_ PragmaIsValid=1_XLX_SEP_ PragmaType=dependence_XLX_SEP_ PragmaContext=_XLX_SEP_ PragmaFunction=reverse_read_stream_input_XLX_SEP_ PragmaOptions=variable=data_rev_stream_1 inter direction=WAW false_XLX_SEP_ [-Wdump-hls-pragmas]
#pragma HLS dependence variable=data_rev_stream_1 inter direction=WAW false
        ^
FFT.cpp:107:9: warning: HLS pragma dump _XLX_SEP_ PragmaIsValid=1_XLX_SEP_ PragmaType=dependence_XLX_SEP_ PragmaContext=_XLX_SEP_ PragmaFunction=reverse_read_stream_input_XLX_SEP_ PragmaOptions=variable=data_rev_stream_2 inter direction=WAW false_XLX_SEP_ [-Wdump-hls-pragmas]
#pragma HLS dependence variable=data_rev_stream_2 inter direction=WAW false
        ^
FFT.cpp:108:9: warning: HLS pragma dump _XLX_SEP_ PragmaIsValid=1_XLX_SEP_ PragmaType=dependence_XLX_SEP_ PragmaContext=_XLX_SEP_ PragmaFunction=reverse_read_stream_input_XLX_SEP_ PragmaOptions=variable=data_rev_stream_3 inter direction=WAW false_XLX_SEP_ [-Wdump-hls-pragmas]
#pragma HLS dependence variable=data_rev_stream_3 inter direction=WAW false
        ^
FFT.cpp:127:9: warning: unknown pragma ignored [-Winvalid-hls-pragmas]
#pragma inline off
        ^
FFT.cpp:131:9: warning: HLS pragma dump _XLX_SEP_ PragmaIsValid=1_XLX_SEP_ PragmaType=pipeline_XLX_SEP_ PragmaContext=_XLX_SEP_ PragmaFunction=reverse_from_block_to_cyclic_XLX_SEP_ PragmaOptions=II=1_XLX_SEP_ [-Wdump-hls-pragmas]
#pragma HLS pipeline II=1
        ^
FFT.cpp:132:9: warning: HLS pragma dump _XLX_SEP_ PragmaIsValid=1_XLX_SEP_ PragmaType=performance_XLX_SEP_ PragmaContext=_XLX_SEP_ PragmaFunction=reverse_from_block_to_cyclic_XLX_SEP_ PragmaOptions=target_ti=128/(2*2) unit=cycle_XLX_SEP_ [-Wdump-hls-pragmas]
#pragma HLS performance target_ti=128/(2*2) unit=cycle
        ^
FFT.cpp:134:9: warning: HLS pragma dump _XLX_SEP_ PragmaIsValid=1_XLX_SEP_ PragmaType=array_partition_XLX_SEP_ PragmaContext=_XLX_SEP_ PragmaFunction=reverse_from_block_to_cyclic_XLX_SEP_ PragmaOptions=variable=offset type=complete dim=1_XLX_SEP_ [-Wdump-hls-pragmas]
#pragma HLS array_partition variable=offset type=complete dim=1
        ^
FFT.cpp:139:9: warning: HLS pragma dump _XLX_SEP_ PragmaIsValid=1_XLX_SEP_ PragmaType=array_partition_XLX_SEP_ PragmaContext=_XLX_SEP_ PragmaFunction=reverse_from_block_to_cyclic_XLX_SEP_ PragmaOptions=variable=cyclic_offset type=complete dim=1_XLX_SEP_ [-Wdump-hls-pragmas]
#pragma HLS array_partition variable=cyclic_offset type=complete dim=1
        ^
FFT.cpp:141:9: warning: HLS pragma dump _XLX_SEP_ PragmaIsValid=1_XLX_SEP_ PragmaType=array_partition_XLX_SEP_ PragmaContext=_XLX_SEP_ PragmaFunction=reverse_from_block_to_cyclic_XLX_SEP_ PragmaOptions=variable=block_data type=complete dim=1_XLX_SEP_ [-Wdump-hls-pragmas]
#pragma HLS array_partition variable=block_data type=complete dim=1
        ^
FFT.cpp:151:9: warning: HLS pragma dump _XLX_SEP_ PragmaIsValid=1_XLX_SEP_ PragmaType=array_partition_XLX_SEP_ PragmaContext=_XLX_SEP_ PragmaFunction=reverse_from_block_to_cyclic_XLX_SEP_ PragmaOptions=variable=cyclic_data type=complete dim=1_XLX_SEP_ [-Wdump-hls-pragmas]
#pragma HLS array_partition variable=cyclic_data type=complete dim=1
        ^
FFT.cpp:198:9: warning: HLS pragma dump _XLX_SEP_ PragmaIsValid=1_XLX_SEP_ PragmaType=dependence_XLX_SEP_ PragmaContext=_XLX_SEP_ PragmaFunction=reverse_from_block_to_cyclic_XLX_SEP_ PragmaOptions=variable=data_in_cyclic inter direction=WAW false_XLX_SEP_ [-Wdump-hls-pragmas]
#pragma HLS dependence variable=data_in_cyclic inter direction=WAW false
        ^
FFT.cpp:202:9: warning: HLS pragma dump _XLX_SEP_ PragmaIsValid=1_XLX_SEP_ PragmaType=dependence_XLX_SEP_ PragmaContext=_XLX_SEP_ PragmaFunction=reverse_from_block_to_cyclic_XLX_SEP_ PragmaOptions=variable=data_in_cyclic inter direction=WAW false_XLX_SEP_ [-Wdump-hls-pragmas]
#pragma HLS dependence variable=data_in_cyclic inter direction=WAW false
        ^
FFT.cpp:215:9: warning: unknown pragma ignored [-Winvalid-hls-pragmas]
#pragma inline off
        ^
FFT.cpp:218:9: warning: HLS pragma dump _XLX_SEP_ PragmaIsValid=1_XLX_SEP_ PragmaType=pipeline_XLX_SEP_ PragmaContext=_XLX_SEP_ PragmaFunction=reverse_write_stream_output_XLX_SEP_ PragmaOptions=II=1_XLX_SEP_ [-Wdump-hls-pragmas]
#pragma HLS pipeline II=1
        ^
FFT.cpp:219:9: warning: HLS pragma dump _XLX_SEP_ PragmaIsValid=1_XLX_SEP_ PragmaType=performance_XLX_SEP_ PragmaContext=_XLX_SEP_ PragmaFunction=reverse_write_stream_output_XLX_SEP_ PragmaOptions=target_ti=128/(2*2) unit=cycle_XLX_SEP_ [-Wdump-hls-pragmas]
#pragma HLS performance target_ti=128/(2*2) unit=cycle
        ^
FFT.cpp:238:9: warning: HLS pragma dump _XLX_SEP_ PragmaIsValid=1_XLX_SEP_ PragmaType=array_partition_XLX_SEP_ PragmaContext=_XLX_SEP_ PragmaFunction=reverse_input_stream_UF2_XLX_SEP_ PragmaOptions=variable=data_in_cyclic type=complete dim=1_XLX_SEP_ [-Wdump-hls-pragmas]
#pragma HLS array_partition variable=data_in_cyclic type=complete dim=1
        ^
FFT.cpp:239:9: warning: HLS pragma dump _XLX_SEP_ PragmaIsValid=1_XLX_SEP_ PragmaType=array_partition_XLX_SEP_ PragmaContext=_XLX_SEP_ PragmaFunction=reverse_input_stream_UF2_XLX_SEP_ PragmaOptions=variable=data_rev_stream type=complete dim=1_XLX_SEP_ [-Wdump-hls-pragmas]
#pragma HLS array_partition variable=data_rev_stream type=complete dim=1
        ^
FFT.cpp:242:9: warning: HLS pragma dump _XLX_SEP_ PragmaIsValid=1_XLX_SEP_ PragmaType=stream_XLX_SEP_ PragmaContext=_XLX_SEP_ PragmaFunction=reverse_input_stream_UF2_XLX_SEP_ PragmaOptions=type=pipo variable=data_in_cyclic_XLX_SEP_ [-Wdump-hls-pragmas]
#pragma HLS stream type=pipo variable=data_in_cyclic
        ^
FFT.cpp:243:9: warning: HLS pragma dump _XLX_SEP_ PragmaIsValid=1_XLX_SEP_ PragmaType=stream_XLX_SEP_ PragmaContext=_XLX_SEP_ PragmaFunction=reverse_input_stream_UF2_XLX_SEP_ PragmaOptions=type=pipo variable=data_rev_stream_XLX_SEP_ [-Wdump-hls-pragmas]
#pragma HLS stream type=pipo variable=data_rev_stream
        ^
FFT.cpp:245:9: warning: HLS pragma dump _XLX_SEP_ PragmaIsValid=1_XLX_SEP_ PragmaType=dataflow_XLX_SEP_ PragmaContext=_XLX_SEP_ PragmaFunction=reverse_input_stream_UF2_XLX_SEP_ PragmaOptions=disable_start_propagation_XLX_SEP_ [-Wdump-hls-pragmas]
#pragma HLS dataflow disable_start_propagation
        ^
FFT.cpp:246:9: warning: HLS pragma dump _XLX_SEP_ PragmaIsValid=1_XLX_SEP_ PragmaType=performance_XLX_SEP_ PragmaContext=_XLX_SEP_ PragmaFunction=reverse_input_stream_UF2_XLX_SEP_ PragmaOptions=target_ti=128/(2*2) unit=cycle_XLX_SEP_ [-Wdump-hls-pragmas]
#pragma HLS performance target_ti=128/(2*2) unit=cycle
        ^
FFT.cpp:259:9: warning: HLS pragma dump _XLX_SEP_ PragmaIsValid=1_XLX_SEP_ PragmaType=pipeline_XLX_SEP_ PragmaContext=_XLX_SEP_ PragmaFunction=reverse_input_stream_UF2_XLX_SEP_ PragmaOptions=II=1_XLX_SEP_ [-Wdump-hls-pragmas]
#pragma HLS pipeline II=1
        ^
FFT.cpp:264:9: warning: HLS pragma dump _XLX_SEP_ PragmaIsValid=1_XLX_SEP_ PragmaType=array_partition_XLX_SEP_ PragmaContext=_XLX_SEP_ PragmaFunction=reverse_input_stream_UF2_XLX_SEP_ PragmaOptions=variable=original type=complete dim=1_XLX_SEP_ [-Wdump-hls-pragmas]
#pragma HLS array_partition variable=original type=complete dim=1
        ^
FFT.cpp:269:9: warning: HLS pragma dump _XLX_SEP_ PragmaIsValid=1_XLX_SEP_ PragmaType=array_partition_XLX_SEP_ PragmaContext=_XLX_SEP_ PragmaFunction=reverse_input_stream_UF2_XLX_SEP_ PragmaOptions=variable=reversed type=complete dim=1_XLX_SEP_ [-Wdump-hls-pragmas]
#pragma HLS array_partition variable=reversed type=complete dim=1
        ^
FFT.cpp:280:9: warning: HLS pragma dump _XLX_SEP_ PragmaIsValid=1_XLX_SEP_ PragmaType=pipeline_XLX_SEP_ PragmaContext=_XLX_SEP_ PragmaFunction=reverse_input_stream_UF2_XLX_SEP_ PragmaOptions=II=1_XLX_SEP_ [-Wdump-hls-pragmas]
#pragma HLS pipeline II=1
        ^
FFT.cpp:283:9: warning: HLS pragma dump _XLX_SEP_ PragmaIsValid=1_XLX_SEP_ PragmaType=array_partition_XLX_SEP_ PragmaContext=_XLX_SEP_ PragmaFunction=reverse_input_stream_UF2_XLX_SEP_ PragmaOptions=variable=offset type=complete dim=1_XLX_SEP_ [-Wdump-hls-pragmas]
#pragma HLS array_partition variable=offset type=complete dim=1
        ^
FFT.cpp:288:9: warning: HLS pragma dump _XLX_SEP_ PragmaIsValid=1_XLX_SEP_ PragmaType=array_partition_XLX_SEP_ PragmaContext=_XLX_SEP_ PragmaFunction=reverse_input_stream_UF2_XLX_SEP_ PragmaOptions=variable=cyclic_offset type=complete dim=1_XLX_SEP_ [-Wdump-hls-pragmas]
#pragma HLS array_partition variable=cyclic_offset type=complete dim=1
        ^
FFT.cpp:290:9: warning: HLS pragma dump _XLX_SEP_ PragmaIsValid=1_XLX_SEP_ PragmaType=array_partition_XLX_SEP_ PragmaContext=_XLX_SEP_ PragmaFunction=reverse_input_stream_UF2_XLX_SEP_ PragmaOptions=variable=block_data type=complete dim=1_XLX_SEP_ [-Wdump-hls-pragmas]
#pragma HLS array_partition variable=block_data type=complete dim=1
        ^
FFT.cpp:296:9: warning: HLS pragma dump _XLX_SEP_ PragmaIsValid=1_XLX_SEP_ PragmaType=array_partition_XLX_SEP_ PragmaContext=_XLX_SEP_ PragmaFunction=reverse_input_stream_UF2_XLX_SEP_ PragmaOptions=variable=cyclic_data type=complete dim=1_XLX_SEP_ [-Wdump-hls-pragmas]
#pragma HLS array_partition variable=cyclic_data type=complete dim=1
        ^
FFT.cpp:358:9: warning: HLS pragma dump _XLX_SEP_ PragmaIsValid=1_XLX_SEP_ PragmaType=pipeline_XLX_SEP_ PragmaContext=_XLX_SEP_ PragmaFunction=reverse_input_stream_UF2_XLX_SEP_ PragmaOptions=II=1_XLX_SEP_ [-Wdump-hls-pragmas]
#pragma HLS pipeline II=1
        ^
FFT.cpp:381:9: warning: HLS pragma dump _XLX_SEP_ PragmaIsValid=1_XLX_SEP_ PragmaType=performance_XLX_SEP_ PragmaContext=_XLX_SEP_ PragmaFunction=FFT_stage_spatial_unroll_XLX_SEP_ PragmaOptions=target_ti=128/(2*2) unit=cycle_XLX_SEP_ [-Wdump-hls-pragmas]
#pragma HLS performance target_ti=128/(2*2) unit=cycle
        ^
FFT.cpp:382:9: warning: HLS pragma dump _XLX_SEP_ PragmaIsValid=1_XLX_SEP_ PragmaType=unroll_XLX_SEP_ PragmaContext=_XLX_SEP_ PragmaFunction=FFT_stage_spatial_unroll_XLX_SEP_ PragmaOptions=factor=2>>(stage-1)_XLX_SEP_ [-Wdump-hls-pragmas]
#pragma HLS unroll factor=2>>(stage-1)
        ^
FFT.cpp:383:9: warning: HLS pragma dump _XLX_SEP_ PragmaIsValid=1_XLX_SEP_ PragmaType=pipeline_XLX_SEP_ PragmaContext=_XLX_SEP_ PragmaFunction=FFT_stage_spatial_unroll_XLX_SEP_ PragmaOptions=_XLX_SEP_ [-Wdump-hls-pragmas]
#pragma HLS pipeline
        ^
FFT.cpp:388:9: warning: HLS pragma dump _XLX_SEP_ PragmaIsValid=1_XLX_SEP_ PragmaType=bind_op_XLX_SEP_ PragmaContext=_XLX_SEP_ PragmaFunction=FFT_stage_spatial_unroll_XLX_SEP_ PragmaOptions=variable=index op=mul impl=fabric_XLX_SEP_ [-Wdump-hls-pragmas]
#pragma HLS bind_op variable=index op=mul impl=fabric
        ^
FFT.cpp:399:9: warning: HLS pragma dump _XLX_SEP_ PragmaIsValid=1_XLX_SEP_ PragmaType=pipeline_XLX_SEP_ PragmaContext=_XLX_SEP_ PragmaFunction=FFT_stage_spatial_unroll_XLX_SEP_ PragmaOptions=_XLX_SEP_ [-Wdump-hls-pragmas]
#pragma HLS pipeline
        ^
FFT.cpp:400:9: warning: HLS pragma dump _XLX_SEP_ PragmaIsValid=1_XLX_SEP_ PragmaType=unroll_XLX_SEP_ PragmaContext=_XLX_SEP_ PragmaFunction=FFT_stage_spatial_unroll_XLX_SEP_ PragmaOptions=factor=2_XLX_SEP_ [-Wdump-hls-pragmas]
#pragma HLS unroll factor=2
        ^
FFT.cpp:401:9: warning: HLS pragma dump _XLX_SEP_ PragmaIsValid=1_XLX_SEP_ PragmaType=performance_XLX_SEP_ PragmaContext=_XLX_SEP_ PragmaFunction=FFT_stage_spatial_unroll_XLX_SEP_ PragmaOptions=target_ti=128/(2*2) unit=cycle_XLX_SEP_ [-Wdump-hls-pragmas]
#pragma HLS performance target_ti=128/(2*2) unit=cycle
        ^
FFT.cpp:404:9: warning: HLS pragma dump _XLX_SEP_ PragmaIsValid=1_XLX_SEP_ PragmaType=bind_op_XLX_SEP_ PragmaContext=_XLX_SEP_ PragmaFunction=FFT_stage_spatial_unroll_XLX_SEP_ PragmaOptions=variable=index op=mul impl=fabric_XLX_SEP_ [-Wdump-hls-pragmas]
#pragma HLS bind_op variable=index op=mul impl=fabric
        ^
FFT.cpp:414:9: warning: HLS pragma dump _XLX_SEP_ PragmaIsValid=1_XLX_SEP_ PragmaType=performance_XLX_SEP_ PragmaContext=_XLX_SEP_ PragmaFunction=FFT_stage_spatial_unroll_XLX_SEP_ PragmaOptions=target_ti=128/(2*2) unit=cycle_XLX_SEP_ [-Wdump-hls-pragmas]
#pragma HLS performance target_ti=128/(2*2) unit=cycle
        ^
FFT.cpp:417:9: warning: HLS pragma dump _XLX_SEP_ PragmaIsValid=1_XLX_SEP_ PragmaType=pipeline_XLX_SEP_ PragmaContext=_XLX_SEP_ PragmaFunction=FFT_stage_spatial_unroll_XLX_SEP_ PragmaOptions=_XLX_SEP_ [-Wdump-hls-pragmas]
#pragma HLS pipeline
        ^
FFT.cpp:418:9: warning: HLS pragma dump _XLX_SEP_ PragmaIsValid=1_XLX_SEP_ PragmaType=unroll_XLX_SEP_ PragmaContext=_XLX_SEP_ PragmaFunction=FFT_stage_spatial_unroll_XLX_SEP_ PragmaOptions=factor=2_XLX_SEP_ [-Wdump-hls-pragmas]
#pragma HLS unroll factor=2
        ^
FFT.cpp:421:9: warning: HLS pragma dump _XLX_SEP_ PragmaIsValid=1_XLX_SEP_ PragmaType=bind_op_XLX_SEP_ PragmaContext=_XLX_SEP_ PragmaFunction=FFT_stage_spatial_unroll_XLX_SEP_ PragmaOptions=variable=index op=mul impl=fabric_XLX_SEP_ [-Wdump-hls-pragmas]
#pragma HLS bind_op variable=index op=mul impl=fabric
        ^
FFT.cpp:425:9: warning: HLS pragma dump _XLX_SEP_ PragmaIsValid=1_XLX_SEP_ PragmaType=array_partition_XLX_SEP_ PragmaContext=_XLX_SEP_ PragmaFunction=FFT_stage_spatial_unroll_XLX_SEP_ PragmaOptions=variable=twiddles complete_XLX_SEP_ [-Wdump-hls-pragmas]
#pragma HLS array_partition variable=twiddles complete
        ^
FFT.cpp:435:9: warning: HLS pragma dump _XLX_SEP_ PragmaIsValid=1_XLX_SEP_ PragmaType=inline_XLX_SEP_ PragmaContext=_XLX_SEP_ PragmaFunction=RADIX2_BFLY_double_buffer_quarter_onlycompute_XLX_SEP_ PragmaOptions=_XLX_SEP_ [-Wdump-hls-pragmas]
#pragma HLS inline
        ^
FFT.cpp:445:9: warning: HLS pragma dump _XLX_SEP_ PragmaIsValid=1_XLX_SEP_ PragmaType=bind_op_XLX_SEP_ PragmaContext=_XLX_SEP_ PragmaFunction=RADIX2_BFLY_double_buffer_quarter_onlycompute_XLX_SEP_ PragmaOptions=variable=d1_real op=fsub impl=fabric_XLX_SEP_ [-Wdump-hls-pragmas]
#pragma HLS bind_op variable=d1_real op=fsub impl=fabric
        ^
FFT.cpp:446:9: warning: HLS pragma dump _XLX_SEP_ PragmaIsValid=1_XLX_SEP_ PragmaType=bind_op_XLX_SEP_ PragmaContext=_XLX_SEP_ PragmaFunction=RADIX2_BFLY_double_buffer_quarter_onlycompute_XLX_SEP_ PragmaOptions=variable=d1_imag op=fadd impl=fabric_XLX_SEP_ [-Wdump-hls-pragmas]
#pragma HLS bind_op variable=d1_imag op=fadd impl=fabric
        ^
FFT.cpp:470:9: warning: HLS pragma dump _XLX_SEP_ PragmaIsValid=1_XLX_SEP_ PragmaType=bind_op_XLX_SEP_ PragmaContext=_XLX_SEP_ PragmaFunction=RADIX2_BFLY_double_buffer_quarter_onlycompute_XLX_SEP_ PragmaOptions=variable=d2_real op=fadd impl=fabric_XLX_SEP_ [-Wdump-hls-pragmas]
#pragma HLS bind_op variable=d2_real op=fadd impl=fabric
        ^
FFT.cpp:471:9: warning: HLS pragma dump _XLX_SEP_ PragmaIsValid=1_XLX_SEP_ PragmaType=bind_op_XLX_SEP_ PragmaContext=_XLX_SEP_ PragmaFunction=RADIX2_BFLY_double_buffer_quarter_onlycompute_XLX_SEP_ PragmaOptions=variable=d2_imag op=fadd impl=fabric_XLX_SEP_ [-Wdump-hls-pragmas]
#pragma HLS bind_op variable=d2_imag op=fadd impl=fabric
        ^
FFT.cpp:472:9: warning: HLS pragma dump _XLX_SEP_ PragmaIsValid=1_XLX_SEP_ PragmaType=bind_op_XLX_SEP_ PragmaContext=_XLX_SEP_ PragmaFunction=RADIX2_BFLY_double_buffer_quarter_onlycompute_XLX_SEP_ PragmaOptions=variable=d3_real op=fsub impl=fabric_XLX_SEP_ [-Wdump-hls-pragmas]
#pragma HLS bind_op variable=d3_real op=fsub impl=fabric
        ^
FFT.cpp:473:9: warning: HLS pragma dump _XLX_SEP_ PragmaIsValid=1_XLX_SEP_ PragmaType=bind_op_XLX_SEP_ PragmaContext=_XLX_SEP_ PragmaFunction=RADIX2_BFLY_double_buffer_quarter_onlycompute_XLX_SEP_ PragmaOptions=variable=d3_imag op=fsub impl=fabric_XLX_SEP_ [-Wdump-hls-pragmas]
#pragma HLS bind_op variable=d3_imag op=fsub impl=fabric
        ^
FFT.cpp:494:9: warning: HLS pragma dump _XLX_SEP_ PragmaIsValid=1_XLX_SEP_ PragmaType=dataflow_XLX_SEP_ PragmaContext=_XLX_SEP_ PragmaFunction=FFT_Stage1_vectorstream_parameterize_XLX_SEP_ PragmaOptions=disable_start_propagation_XLX_SEP_ [-Wdump-hls-pragmas]
#pragma HLS dataflow disable_start_propagation
        ^
FFT.cpp:497:9: warning: HLS pragma dump _XLX_SEP_ PragmaIsValid=1_XLX_SEP_ PragmaType=performance_XLX_SEP_ PragmaContext=_XLX_SEP_ PragmaFunction=FFT_Stage1_vectorstream_parameterize_XLX_SEP_ PragmaOptions=target_ti=128/(2*2) unit=cycle_XLX_SEP_ [-Wdump-hls-pragmas]
#pragma HLS performance target_ti=128/(2*2) unit=cycle
        ^
FFT.cpp:498:9: warning: HLS pragma dump _XLX_SEP_ PragmaIsValid=1_XLX_SEP_ PragmaType=pipeline_XLX_SEP_ PragmaContext=_XLX_SEP_ PragmaFunction=FFT_Stage1_vectorstream_parameterize_XLX_SEP_ PragmaOptions=_XLX_SEP_ [-Wdump-hls-pragmas]
#pragma HLS pipeline
        ^
FFT.cpp:522:9: warning: HLS pragma dump _XLX_SEP_ PragmaIsValid=1_XLX_SEP_ PragmaType=performance_XLX_SEP_ PragmaContext=_XLX_SEP_ PragmaFunction=FFT_Stage2_vectorstreamIn_arrayOut_parametize_XLX_SEP_ PragmaOptions=target_ti=128/(2*2) unit=cycle_XLX_SEP_ [-Wdump-hls-pragmas]
#pragma HLS performance target_ti=128/(2*2) unit=cycle
        ^
FFT.cpp:524:9: warning: HLS pragma dump _XLX_SEP_ PragmaIsValid=1_XLX_SEP_ PragmaType=performance_XLX_SEP_ PragmaContext=_XLX_SEP_ PragmaFunction=FFT_Stage2_vectorstreamIn_arrayOut_parametize_XLX_SEP_ PragmaOptions=target_ti=128/(2*2) unit=cycle_XLX_SEP_ [-Wdump-hls-pragmas]
#pragma HLS performance target_ti=128/(2*2) unit=cycle
        ^
FFT.cpp:525:9: warning: HLS pragma dump _XLX_SEP_ PragmaIsValid=1_XLX_SEP_ PragmaType=pipeline_XLX_SEP_ PragmaContext=_XLX_SEP_ PragmaFunction=FFT_Stage2_vectorstreamIn_arrayOut_parametize_XLX_SEP_ PragmaOptions=_XLX_SEP_ [-Wdump-hls-pragmas]
#pragma HLS pipeline
        ^
FFT.cpp:553:9: warning: HLS pragma dump _XLX_SEP_ PragmaIsValid=1_XLX_SEP_ PragmaType=dataflow_XLX_SEP_ PragmaContext=_XLX_SEP_ PragmaFunction=FFT_DIT_spatial_unroll_CY_stream_vector_XLX_SEP_ PragmaOptions=disable_start_propagation_XLX_SEP_ [-Wdump-hls-pragmas]
#pragma HLS dataflow disable_start_propagation
        ^
FFT.cpp:554:9: warning: HLS pragma dump _XLX_SEP_ PragmaIsValid=1_XLX_SEP_ PragmaType=performance_XLX_SEP_ PragmaContext=_XLX_SEP_ PragmaFunction=FFT_DIT_spatial_unroll_CY_stream_vector_XLX_SEP_ PragmaOptions=target_ti=128/(2*2) unit=cycle_XLX_SEP_ [-Wdump-hls-pragmas]
#pragma HLS performance target_ti=128/(2*2) unit=cycle
        ^
FFT.cpp:566:9: warning: HLS pragma dump _XLX_SEP_ PragmaIsValid=1_XLX_SEP_ PragmaType=array_partition_XLX_SEP_ PragmaContext=_XLX_SEP_ PragmaFunction=FFT_DIT_spatial_unroll_CY_stream_vector_XLX_SEP_ PragmaOptions=variable=data_0 type=cyclic factor=2*2 dim=1_XLX_SEP_ [-Wdump-hls-pragmas]
#pragma HLS array_partition variable=data_0 type=cyclic factor=2*2 dim=1
        ^
FFT.cpp:567:9: warning: HLS pragma dump _XLX_SEP_ PragmaIsValid=1_XLX_SEP_ PragmaType=bind_storage_XLX_SEP_ PragmaContext=_XLX_SEP_ PragmaFunction=FFT_DIT_spatial_unroll_CY_stream_vector_XLX_SEP_ PragmaOptions=variable=data_0 type=RAM_2P impl=LUTRAM_XLX_SEP_ [-Wdump-hls-pragmas]
#pragma HLS bind_storage variable=data_0 type=RAM_2P impl=LUTRAM
        ^
FFT.cpp:570:9: warning: HLS pragma dump _XLX_SEP_ PragmaIsValid=1_XLX_SEP_ PragmaType=array_partition_XLX_SEP_ PragmaContext=_XLX_SEP_ PragmaFunction=FFT_DIT_spatial_unroll_CY_stream_vector_XLX_SEP_ PragmaOptions=variable=data_1 type=cyclic factor=2 dim=1_XLX_SEP_ [-Wdump-hls-pragmas]
#pragma HLS array_partition variable=data_1 type=cyclic factor=2 dim=1
        ^
FFT.cpp:571:9: warning: HLS pragma dump _XLX_SEP_ PragmaIsValid=1_XLX_SEP_ PragmaType=array_partition_XLX_SEP_ PragmaContext=_XLX_SEP_ PragmaFunction=FFT_DIT_spatial_unroll_CY_stream_vector_XLX_SEP_ PragmaOptions=variable=data_2 type=cyclic factor=2 dim=1_XLX_SEP_ [-Wdump-hls-pragmas]
#pragma HLS array_partition variable=data_2 type=cyclic factor=2 dim=1
        ^
FFT.cpp:572:9: warning: HLS pragma dump _XLX_SEP_ PragmaIsValid=1_XLX_SEP_ PragmaType=array_partition_XLX_SEP_ PragmaContext=_XLX_SEP_ PragmaFunction=FFT_DIT_spatial_unroll_CY_stream_vector_XLX_SEP_ PragmaOptions=variable=data_3 type=cyclic factor=2 dim=1_XLX_SEP_ [-Wdump-hls-pragmas]
#pragma HLS array_partition variable=data_3 type=cyclic factor=2 dim=1
        ^
FFT.cpp:573:9: warning: HLS pragma dump _XLX_SEP_ PragmaIsValid=1_XLX_SEP_ PragmaType=array_partition_XLX_SEP_ PragmaContext=_XLX_SEP_ PragmaFunction=FFT_DIT_spatial_unroll_CY_stream_vector_XLX_SEP_ PragmaOptions=variable=data_4 type=cyclic factor=2 dim=1_XLX_SEP_ [-Wdump-hls-pragmas]
#pragma HLS array_partition variable=data_4 type=cyclic factor=2 dim=1
        ^
FFT.cpp:574:9: warning: HLS pragma dump _XLX_SEP_ PragmaIsValid=1_XLX_SEP_ PragmaType=array_partition_XLX_SEP_ PragmaContext=_XLX_SEP_ PragmaFunction=FFT_DIT_spatial_unroll_CY_stream_vector_XLX_SEP_ PragmaOptions=variable=data_5 type=cyclic factor=2 dim=1_XLX_SEP_ [-Wdump-hls-pragmas]
#pragma HLS array_partition variable=data_5 type=cyclic factor=2 dim=1
        ^
FFT.cpp:602:9: warning: HLS pragma dump _XLX_SEP_ PragmaIsValid=1_XLX_SEP_ PragmaType=dataflow_XLX_SEP_ PragmaContext=_XLX_SEP_ PragmaFunction=FFT_DFT_spatial_unroll_CY_stream_vector_XLX_SEP_ PragmaOptions=disable_start_propagation_XLX_SEP_ [-Wdump-hls-pragmas]
#pragma HLS dataflow disable_start_propagation
        ^
FFT.cpp:603:9: warning: HLS pragma dump _XLX_SEP_ PragmaIsValid=1_XLX_SEP_ PragmaType=performance_XLX_SEP_ PragmaContext=_XLX_SEP_ PragmaFunction=FFT_DFT_spatial_unroll_CY_stream_vector_XLX_SEP_ PragmaOptions=target_ti=128/(2*2) unit=cycle_XLX_SEP_ [-Wdump-hls-pragmas]
#pragma HLS performance target_ti=128/(2*2) unit=cycle
        ^
FFT.cpp:613:9: warning: HLS pragma dump _XLX_SEP_ PragmaIsValid=1_XLX_SEP_ PragmaType=array_partition_XLX_SEP_ PragmaContext=_XLX_SEP_ PragmaFunction=FFT_DFT_spatial_unroll_CY_stream_vector_XLX_SEP_ PragmaOptions=variable=data_0 type=cyclic factor=2*2 dim=1_XLX_SEP_ [-Wdump-hls-pragmas]
#pragma HLS array_partition variable=data_0 type=cyclic factor=2*2 dim=1
        ^
FFT.cpp:614:9: warning: HLS pragma dump _XLX_SEP_ PragmaIsValid=1_XLX_SEP_ PragmaType=bind_storage_XLX_SEP_ PragmaContext=_XLX_SEP_ PragmaFunction=FFT_DFT_spatial_unroll_CY_stream_vector_XLX_SEP_ PragmaOptions=variable=data_0 type=RAM_2P impl=LUTRAM_XLX_SEP_ [-Wdump-hls-pragmas]
#pragma HLS bind_storage variable=data_0 type=RAM_2P impl=LUTRAM
        ^
FFT.cpp:616:9: warning: HLS pragma dump _XLX_SEP_ PragmaIsValid=1_XLX_SEP_ PragmaType=array_partition_XLX_SEP_ PragmaContext=_XLX_SEP_ PragmaFunction=FFT_DFT_spatial_unroll_CY_stream_vector_XLX_SEP_ PragmaOptions=variable=data_1 type=cyclic factor=2 dim=1_XLX_SEP_ [-Wdump-hls-pragmas]
#pragma HLS array_partition variable=data_1 type=cyclic factor=2 dim=1
        ^
FFT.cpp:617:9: warning: HLS pragma dump _XLX_SEP_ PragmaIsValid=1_XLX_SEP_ PragmaType=array_partition_XLX_SEP_ PragmaContext=_XLX_SEP_ PragmaFunction=FFT_DFT_spatial_unroll_CY_stream_vector_XLX_SEP_ PragmaOptions=variable=data_2 type=cyclic factor=2 dim=1_XLX_SEP_ [-Wdump-hls-pragmas]
#pragma HLS array_partition variable=data_2 type=cyclic factor=2 dim=1
        ^
FFT.cpp:618:9: warning: HLS pragma dump _XLX_SEP_ PragmaIsValid=1_XLX_SEP_ PragmaType=array_partition_XLX_SEP_ PragmaContext=_XLX_SEP_ PragmaFunction=FFT_DFT_spatial_unroll_CY_stream_vector_XLX_SEP_ PragmaOptions=variable=data_3 type=cyclic factor=2 dim=1_XLX_SEP_ [-Wdump-hls-pragmas]
#pragma HLS array_partition variable=data_3 type=cyclic factor=2 dim=1
        ^
FFT.cpp:619:9: warning: HLS pragma dump _XLX_SEP_ PragmaIsValid=1_XLX_SEP_ PragmaType=array_partition_XLX_SEP_ PragmaContext=_XLX_SEP_ PragmaFunction=FFT_DFT_spatial_unroll_CY_stream_vector_XLX_SEP_ PragmaOptions=variable=data_4 type=cyclic factor=2 dim=1_XLX_SEP_ [-Wdump-hls-pragmas]
#pragma HLS array_partition variable=data_4 type=cyclic factor=2 dim=1
        ^
FFT.cpp:620:9: warning: HLS pragma dump _XLX_SEP_ PragmaIsValid=1_XLX_SEP_ PragmaType=array_partition_XLX_SEP_ PragmaContext=_XLX_SEP_ PragmaFunction=FFT_DFT_spatial_unroll_CY_stream_vector_XLX_SEP_ PragmaOptions=variable=data_5 type=cyclic factor=2 dim=1_XLX_SEP_ [-Wdump-hls-pragmas]
#pragma HLS array_partition variable=data_5 type=cyclic factor=2 dim=1
        ^
FFT.cpp:596:53: warning: unused parameter 'dataIn' [-Wunused-parameter]
    hls::stream<hls::vector<complex<float>, 2*2>> & dataIn,
                                                    ^
FFT.cpp:644:9: warning: HLS pragma dump _XLX_SEP_ PragmaIsValid=1_XLX_SEP_ PragmaType=dataflow_XLX_SEP_ PragmaContext=_XLX_SEP_ PragmaFunction=FFT_pipeline_DIT_XLX_SEP_ PragmaOptions=disable_start_propagation_XLX_SEP_ [-Wdump-hls-pragmas]
#pragma HLS dataflow disable_start_propagation
        ^
FFT.cpp:669:9: warning: HLS pragma dump _XLX_SEP_ PragmaIsValid=1_XLX_SEP_ PragmaType=dataflow_XLX_SEP_ PragmaContext=_XLX_SEP_ PragmaFunction=FFT_pipeline_DIF_XLX_SEP_ PragmaOptions=disable_start_propagation_XLX_SEP_ [-Wdump-hls-pragmas]
#pragma HLS dataflow disable_start_propagation
        ^
FFT.cpp:688:9: warning: HLS pragma dump _XLX_SEP_ PragmaIsValid=1_XLX_SEP_ PragmaType=stream_XLX_SEP_ PragmaContext=_XLX_SEP_ PragmaFunction=FFT_pipeline_DIF_XLX_SEP_ PragmaOptions=variable=stage0 depth=8_XLX_SEP_ [-Wdump-hls-pragmas]
#pragma HLS stream variable=stage0 depth=8
        ^
FFT.cpp:708:9: warning: HLS pragma dump _XLX_SEP_ PragmaIsValid=1_XLX_SEP_ PragmaType=stream_XLX_SEP_ PragmaContext=_XLX_SEP_ PragmaFunction=FFT_pipeline_DIF_XLX_SEP_ PragmaOptions=variable=stage1 depth=8_XLX_SEP_ [-Wdump-hls-pragmas]
#pragma HLS stream variable=stage1 depth=8
        ^
/scratch/juju/HP-FFT-HLS/n128/UF2/project.tcl:7:9: warning: HLS pragma dump _XLX_SEP_ PragmaIsValid=1_XLX_SEP_ PragmaType=top_XLX_SEP_ PragmaContext=directive_XLX_SEP_ PragmaFunction=FFT_DIT_RN_XLX_SEP_ PragmaOptions=name=FFT_DIT_RN_XLX_SEP_ [-Wdump-hls-pragmas]
#pragma HLSDIRECTIVE TOP name=FFT_DIT_RN
        ^
FFT.cpp:751:9: warning: HLS pragma dump _XLX_SEP_ PragmaIsValid=1_XLX_SEP_ PragmaType=stream_XLX_SEP_ PragmaContext=_XLX_SEP_ PragmaFunction=FFT_DIT_RN_XLX_SEP_ PragmaOptions=variable=mid depth=8_XLX_SEP_ [-Wdump-hls-pragmas]
#pragma HLS stream variable=mid depth=8
        ^
FFT.cpp:382:27: warning: Unroll pragma is ignored, because 'factor' is not positive integer  [-Winvalid-hls-pragmas]
#pragma HLS unroll factor=2>>(stage-1)
                          ^~~~~~~~~~~~
FFT.cpp:584:5: note: in instantiation of function template specialization 'FFT_stage_spatial_unroll<3>' requested here
    FFT_stage_spatial_unroll<3>(data_0, data_1);
    ^
FFT.cpp:382:27: warning: Unroll pragma is ignored, because 'factor' is not positive integer  [-Winvalid-hls-pragmas]
#pragma HLS unroll factor=2>>(stage-1)
                          ^~~~~~~~~~~~
FFT.cpp:585:5: note: in instantiation of function template specialization 'FFT_stage_spatial_unroll<4>' requested here
    FFT_stage_spatial_unroll<4>(data_1, data_2);
    ^
FFT.cpp:382:27: warning: Unroll pragma is ignored, because 'factor' is not positive integer  [-Winvalid-hls-pragmas]
#pragma HLS unroll factor=2>>(stage-1)
                          ^~~~~~~~~~~~
FFT.cpp:586:5: note: in instantiation of function template specialization 'FFT_stage_spatial_unroll<5>' requested here
    FFT_stage_spatial_unroll<5>(data_2, data_3);
    ^
FFT.cpp:382:27: warning: Unroll pragma is ignored, because 'factor' is not positive integer  [-Winvalid-hls-pragmas]
#pragma HLS unroll factor=2>>(stage-1)
                          ^~~~~~~~~~~~
FFT.cpp:587:5: note: in instantiation of function template specialization 'FFT_stage_spatial_unroll<6>' requested here
    FFT_stage_spatial_unroll<6>(data_3, data_4);
    ^
FFT.cpp:382:27: warning: Unroll pragma is ignored, because 'factor' is not positive integer  [-Winvalid-hls-pragmas]
#pragma HLS unroll factor=2>>(stage-1)
                          ^~~~~~~~~~~~
FFT.cpp:588:5: note: in instantiation of function template specialization 'FFT_stage_spatial_unroll<7>' requested here
    FFT_stage_spatial_unroll<7>(data_4, data_5);
    ^
272 warnings generated.
