

================================================================
== Vitis HLS Report for 'FFT_DIT_spatial_unroll_CY_stream_vector'
================================================================
* Date:           Wed Jul 16 18:22:36 2025

* Version:        2024.2 (Build 5238294 on Nov  8 2024)
* Project:        FFT_DIT_RN
* Solution:       FFT_DIT_RN (Vivado IP Flow Target)
* Product family: zynq
* Target device:  xc7z020-clg400-1


================================================================
== Performance Estimates
================================================================
+ Timing: 
    * Summary: 
    +--------+---------+----------+------------+
    |  Clock |  Target | Estimated| Uncertainty|
    +--------+---------+----------+------------+
    |ap_clk  |  4.00 ns|  5.091 ns|     1.08 ns|
    +--------+---------+----------+------------+

+ Latency: 
    * Summary: 
    +---------+---------+----------+----------+-----+-----+----------+
    |  Latency (cycles) |  Latency (absolute) |  Interval | Pipeline |
    |   min   |   max   |    min   |    max   | min | max |   Type   |
    +---------+---------+----------+----------+-----+-----+----------+
    |      477|      477|  2.428 us|  2.428 us|   32|   32|  dataflow|
    +---------+---------+----------+----------+-----+-----+----------+

    + Detail: 
        * Instance: 
        +----------------------------------------------------------+-----------------------------------------------+---------+---------+----------+----------+-----+-----+------------------------------------------------+
        |                                                          |                                               |  Latency (cycles) |  Latency (absolute) |  Interval |                    Pipeline                    |
        |                         Instance                         |                     Module                    |   min   |   max   |    min   |    max   | min | max |                      Type                      |
        +----------------------------------------------------------+-----------------------------------------------+---------+---------+----------+----------+-----+-----+------------------------------------------------+
        |grp_reverse_input_stream_UF2_fu_158                       |reverse_input_stream_UF2                       |      107|      107|  0.530 us|  0.530 us|   32|   32|                                        dataflow|
        |grp_FFT_Stage1_vectorstream_parameterize_fu_197           |FFT_Stage1_vectorstream_parameterize           |       46|       46|  0.228 us|  0.228 us|   32|   32|                                        dataflow|
        |grp_FFT_Stage2_vectorstreamIn_arrayOut_parametize_fu_203  |FFT_Stage2_vectorstreamIn_arrayOut_parametize  |       47|       47|  0.239 us|  0.239 us|   32|   32|  loop auto-rewind stp (delay=0 clock cycles(s))|
        |grp_FFT_stage_spatial_unroll_3_s_fu_224                   |FFT_stage_spatial_unroll_3_s                   |       74|       74|  0.367 us|  0.367 us|   33|   33|  loop auto-rewind stp (delay=1 clock cycles(s))|
        |grp_FFT_stage_spatial_unroll_4_s_fu_252                   |FFT_stage_spatial_unroll_4_s                   |       74|       74|  0.367 us|  0.367 us|   34|   34|  loop auto-rewind stp (delay=2 clock cycles(s))|
        |grp_FFT_stage_spatial_unroll_5_s_fu_272                   |FFT_stage_spatial_unroll_5_s                   |       74|       74|  0.367 us|  0.367 us|   34|   34|  loop auto-rewind stp (delay=2 clock cycles(s))|
        |grp_FFT_stage_spatial_unroll_6_s_fu_292                   |FFT_stage_spatial_unroll_6_s                   |       74|       74|  0.367 us|  0.367 us|   34|   34|  loop auto-rewind stp (delay=2 clock cycles(s))|
        |grp_FFT_stage_spatial_unroll_7_s_fu_312                   |FFT_stage_spatial_unroll_7_s                   |       72|       72|  0.363 us|  0.363 us|   33|   33|  loop auto-rewind stp (delay=1 clock cycles(s))|
        |grp_output_result_array_to_stream_fu_332                  |output_result_array_to_stream                  |       35|       35|  0.173 us|  0.173 us|   33|   33|  loop auto-rewind stp (delay=1 clock cycles(s))|
        +----------------------------------------------------------+-----------------------------------------------+---------+---------+----------+----------+-----+-----+------------------------------------------------+

        * Loop: 
        N/A

============================================================
+ Verbose Summary: Synthesis Manager
============================================================
InlineROM: 1
ExposeGlobal: 0
============================================================
+ Verbose Summary: CDFG Model
============================================================
IsTopModel: 0
ResetActiveHigh: 1
IsCombinational: 2
IsDatapathOnly: 0
HasWiredReturn: 1
HasMFsm: 0
HasVarLatency: 1
IsPipeline: 0
IsRtlPipelined: 0
IsInstanceOverlapped: 0
IsDontTouch: 0
HasImplIP: 0
IsGatedGlobalClock: 0


============================================================
+ Verbose Summary: Schedule
============================================================
* Number of FSM states : 18
* Pipeline : 0
* Dataflow Pipeline: 1
  DF-Pipeline-0: Size = 18, States = { 1 2 3 4 5 6 7 8 9 10 11 12 13 14 15 16 17 18 }

* FSM state transitions: 
1 --> 2 
2 --> 3 
3 --> 4 
4 --> 5 
5 --> 6 
6 --> 7 
7 --> 8 
8 --> 9 
9 --> 10 
10 --> 11 
11 --> 12 
12 --> 13 
13 --> 14 
14 --> 15 
15 --> 16 
16 --> 17 
17 --> 18 
18 --> 

* FSM state operations: 

State 1 <SV = 0> <Delay = 0.00>
ST_1 : Operation 19 [1/1] (0.00ns)   --->   "%reverse_in_stream_vector = alloca i64 1"   --->   Operation 19 'alloca' 'reverse_in_stream_vector' <Predicate = true> <Delay = 0.00> <CoreInst = "FIFO_SRL">   --->   Core 80 'FIFO_SRL' <Latency = 0> <II = 1> <Delay = 3.63> <Storage> <Opcode : 'read' 'write' 'nbread' 'nbwrite'> <Ports = 0> <Width = 256> <Depth = 2> <FIFO>
ST_1 : Operation 20 [1/1] (0.00ns)   --->   "%data_s1_stream_vector = alloca i64 1"   --->   Operation 20 'alloca' 'data_s1_stream_vector' <Predicate = true> <Delay = 0.00> <CoreInst = "FIFO_SRL">   --->   Core 80 'FIFO_SRL' <Latency = 0> <II = 1> <Delay = 3.63> <Storage> <Opcode : 'read' 'write' 'nbread' 'nbwrite'> <Ports = 0> <Width = 256> <Depth = 2> <FIFO>
ST_1 : Operation 21 [2/2] (0.00ns)   --->   "%call_ln581 = call void @reverse_input_stream_UF2, i256 %in_r, i256 %reverse_in_stream_vector, i32 %reverse_input_stream_UF2_stream_stream_vector_0_data_rev_stream_0_0, i32 %reverse_input_stream_UF2_stream_stream_vector_0_data_rev_stream_0_2, i32 %reverse_input_stream_UF2_stream_stream_vector_0_data_rev_stream_0_1, i32 %reverse_input_stream_UF2_stream_stream_vector_0_data_rev_stream_0_3, i32 %reverse_input_stream_UF2_stream_stream_vector_0_data_rev_stream_1_0, i32 %reverse_input_stream_UF2_stream_stream_vector_0_data_rev_stream_1_2, i32 %reverse_input_stream_UF2_stream_stream_vector_0_data_rev_stream_1_1, i32 %reverse_input_stream_UF2_stream_stream_vector_0_data_rev_stream_1_3, i32 %reverse_input_stream_UF2_stream_stream_vector_0_data_in_cyclic_0_0, i32 %reverse_input_stream_UF2_stream_stream_vector_0_data_in_cyclic_0_1, i32 %reverse_input_stream_UF2_stream_stream_vector_0_data_in_cyclic_0_2, i32 %reverse_input_stream_UF2_stream_stream_vector_0_data_in_cyclic_0_3, i32 %reverse_input_stream_UF2_stream_stream_vector_0_data_in_cyclic_1_0, i32 %reverse_input_stream_UF2_stream_stream_vector_0_data_in_cyclic_1_1, i32 %reverse_input_stream_UF2_stream_stream_vector_0_data_in_cyclic_1_2, i32 %reverse_input_stream_UF2_stream_stream_vector_0_data_in_cyclic_1_3" [FFT.cpp:581]   --->   Operation 21 'call' 'call_ln581' <Predicate = true> <Delay = 0.00> <CoreType = "Generic">   --->   Generic Core

State 2 <SV = 1> <Delay = 0.00>
ST_2 : Operation 22 [1/2] (0.00ns)   --->   "%call_ln581 = call void @reverse_input_stream_UF2, i256 %in_r, i256 %reverse_in_stream_vector, i32 %reverse_input_stream_UF2_stream_stream_vector_0_data_rev_stream_0_0, i32 %reverse_input_stream_UF2_stream_stream_vector_0_data_rev_stream_0_2, i32 %reverse_input_stream_UF2_stream_stream_vector_0_data_rev_stream_0_1, i32 %reverse_input_stream_UF2_stream_stream_vector_0_data_rev_stream_0_3, i32 %reverse_input_stream_UF2_stream_stream_vector_0_data_rev_stream_1_0, i32 %reverse_input_stream_UF2_stream_stream_vector_0_data_rev_stream_1_2, i32 %reverse_input_stream_UF2_stream_stream_vector_0_data_rev_stream_1_1, i32 %reverse_input_stream_UF2_stream_stream_vector_0_data_rev_stream_1_3, i32 %reverse_input_stream_UF2_stream_stream_vector_0_data_in_cyclic_0_0, i32 %reverse_input_stream_UF2_stream_stream_vector_0_data_in_cyclic_0_1, i32 %reverse_input_stream_UF2_stream_stream_vector_0_data_in_cyclic_0_2, i32 %reverse_input_stream_UF2_stream_stream_vector_0_data_in_cyclic_0_3, i32 %reverse_input_stream_UF2_stream_stream_vector_0_data_in_cyclic_1_0, i32 %reverse_input_stream_UF2_stream_stream_vector_0_data_in_cyclic_1_1, i32 %reverse_input_stream_UF2_stream_stream_vector_0_data_in_cyclic_1_2, i32 %reverse_input_stream_UF2_stream_stream_vector_0_data_in_cyclic_1_3" [FFT.cpp:581]   --->   Operation 22 'call' 'call_ln581' <Predicate = true> <Delay = 0.00> <CoreType = "Generic">   --->   Generic Core

State 3 <SV = 2> <Delay = 0.00>
ST_3 : Operation 23 [2/2] (0.00ns)   --->   "%call_ln582 = call void @FFT_Stage1_vectorstream_parameterize, i256 %reverse_in_stream_vector, i256 %data_s1_stream_vector" [FFT.cpp:582]   --->   Operation 23 'call' 'call_ln582' <Predicate = true> <Delay = 0.00> <CoreType = "Generic">   --->   Generic Core

State 4 <SV = 3> <Delay = 0.00>
ST_4 : Operation 24 [1/2] (0.00ns)   --->   "%call_ln582 = call void @FFT_Stage1_vectorstream_parameterize, i256 %reverse_in_stream_vector, i256 %data_s1_stream_vector" [FFT.cpp:582]   --->   Operation 24 'call' 'call_ln582' <Predicate = true> <Delay = 0.00> <CoreType = "Generic">   --->   Generic Core

State 5 <SV = 4> <Delay = 0.00>
ST_5 : Operation 25 [2/2] (0.00ns)   --->   "%call_ln583 = call void @FFT_Stage2_vectorstreamIn_arrayOut_parametize, i256 %data_s1_stream_vector, i32 %FFT_DIT_spatial_unroll_CY_stream_vector_stream_stream_vector_0_data_0_0_0, i32 %FFT_DIT_spatial_unroll_CY_stream_vector_stream_stream_vector_0_data_0_0_1, i32 %FFT_DIT_spatial_unroll_CY_stream_vector_stream_stream_vector_0_data_0_0_2, i32 %FFT_DIT_spatial_unroll_CY_stream_vector_stream_stream_vector_0_data_0_0_3, i32 %FFT_DIT_spatial_unroll_CY_stream_vector_stream_stream_vector_0_data_0_1_0, i32 %FFT_DIT_spatial_unroll_CY_stream_vector_stream_stream_vector_0_data_0_1_1, i32 %FFT_DIT_spatial_unroll_CY_stream_vector_stream_stream_vector_0_data_0_1_2, i32 %FFT_DIT_spatial_unroll_CY_stream_vector_stream_stream_vector_0_data_0_1_3" [FFT.cpp:583]   --->   Operation 25 'call' 'call_ln583' <Predicate = true> <Delay = 0.00> <CoreType = "Generic">   --->   Generic Core

State 6 <SV = 5> <Delay = 0.00>
ST_6 : Operation 26 [1/2] (0.00ns)   --->   "%call_ln583 = call void @FFT_Stage2_vectorstreamIn_arrayOut_parametize, i256 %data_s1_stream_vector, i32 %FFT_DIT_spatial_unroll_CY_stream_vector_stream_stream_vector_0_data_0_0_0, i32 %FFT_DIT_spatial_unroll_CY_stream_vector_stream_stream_vector_0_data_0_0_1, i32 %FFT_DIT_spatial_unroll_CY_stream_vector_stream_stream_vector_0_data_0_0_2, i32 %FFT_DIT_spatial_unroll_CY_stream_vector_stream_stream_vector_0_data_0_0_3, i32 %FFT_DIT_spatial_unroll_CY_stream_vector_stream_stream_vector_0_data_0_1_0, i32 %FFT_DIT_spatial_unroll_CY_stream_vector_stream_stream_vector_0_data_0_1_1, i32 %FFT_DIT_spatial_unroll_CY_stream_vector_stream_stream_vector_0_data_0_1_2, i32 %FFT_DIT_spatial_unroll_CY_stream_vector_stream_stream_vector_0_data_0_1_3" [FFT.cpp:583]   --->   Operation 26 'call' 'call_ln583' <Predicate = true> <Delay = 0.00> <CoreType = "Generic">   --->   Generic Core

State 7 <SV = 6> <Delay = 0.00>
ST_7 : Operation 27 [2/2] (0.00ns)   --->   "%call_ln584 = call void @FFT_stage_spatial_unroll<3>, i32 %FFT_DIT_spatial_unroll_CY_stream_vector_stream_stream_vector_0_data_1_0_0, i32 %FFT_DIT_spatial_unroll_CY_stream_vector_stream_stream_vector_0_data_1_0_1, i32 %FFT_DIT_spatial_unroll_CY_stream_vector_stream_stream_vector_0_data_1_1_0, i32 %FFT_DIT_spatial_unroll_CY_stream_vector_stream_stream_vector_0_data_1_1_1, i32 %FFT_DIT_spatial_unroll_CY_stream_vector_stream_stream_vector_0_data_0_0_1, i32 %FFT_DIT_spatial_unroll_CY_stream_vector_stream_stream_vector_0_data_0_0_3, i32 %FFT_DIT_spatial_unroll_CY_stream_vector_stream_stream_vector_0_data_0_1_1, i32 %FFT_DIT_spatial_unroll_CY_stream_vector_stream_stream_vector_0_data_0_1_3, i32 %FFT_DIT_spatial_unroll_CY_stream_vector_stream_stream_vector_0_data_0_0_0, i32 %FFT_DIT_spatial_unroll_CY_stream_vector_stream_stream_vector_0_data_0_0_2, i32 %FFT_DIT_spatial_unroll_CY_stream_vector_stream_stream_vector_0_data_0_1_0, i32 %FFT_DIT_spatial_unroll_CY_stream_vector_stream_stream_vector_0_data_0_1_2" [FFT.cpp:584]   --->   Operation 27 'call' 'call_ln584' <Predicate = true> <Delay = 0.00> <CoreType = "Generic">   --->   Generic Core

State 8 <SV = 7> <Delay = 0.00>
ST_8 : Operation 28 [1/2] (0.00ns)   --->   "%call_ln584 = call void @FFT_stage_spatial_unroll<3>, i32 %FFT_DIT_spatial_unroll_CY_stream_vector_stream_stream_vector_0_data_1_0_0, i32 %FFT_DIT_spatial_unroll_CY_stream_vector_stream_stream_vector_0_data_1_0_1, i32 %FFT_DIT_spatial_unroll_CY_stream_vector_stream_stream_vector_0_data_1_1_0, i32 %FFT_DIT_spatial_unroll_CY_stream_vector_stream_stream_vector_0_data_1_1_1, i32 %FFT_DIT_spatial_unroll_CY_stream_vector_stream_stream_vector_0_data_0_0_1, i32 %FFT_DIT_spatial_unroll_CY_stream_vector_stream_stream_vector_0_data_0_0_3, i32 %FFT_DIT_spatial_unroll_CY_stream_vector_stream_stream_vector_0_data_0_1_1, i32 %FFT_DIT_spatial_unroll_CY_stream_vector_stream_stream_vector_0_data_0_1_3, i32 %FFT_DIT_spatial_unroll_CY_stream_vector_stream_stream_vector_0_data_0_0_0, i32 %FFT_DIT_spatial_unroll_CY_stream_vector_stream_stream_vector_0_data_0_0_2, i32 %FFT_DIT_spatial_unroll_CY_stream_vector_stream_stream_vector_0_data_0_1_0, i32 %FFT_DIT_spatial_unroll_CY_stream_vector_stream_stream_vector_0_data_0_1_2" [FFT.cpp:584]   --->   Operation 28 'call' 'call_ln584' <Predicate = true> <Delay = 0.00> <CoreType = "Generic">   --->   Generic Core

State 9 <SV = 8> <Delay = 0.00>
ST_9 : Operation 29 [2/2] (0.00ns)   --->   "%call_ln585 = call void @FFT_stage_spatial_unroll<4>, i32 %FFT_DIT_spatial_unroll_CY_stream_vector_stream_stream_vector_0_data_2_0_0, i32 %FFT_DIT_spatial_unroll_CY_stream_vector_stream_stream_vector_0_data_2_0_1, i32 %FFT_DIT_spatial_unroll_CY_stream_vector_stream_stream_vector_0_data_2_1_0, i32 %FFT_DIT_spatial_unroll_CY_stream_vector_stream_stream_vector_0_data_2_1_1, i32 %FFT_DIT_spatial_unroll_CY_stream_vector_stream_stream_vector_0_data_1_0_1, i32 %FFT_DIT_spatial_unroll_CY_stream_vector_stream_stream_vector_0_data_1_1_1, i32 %FFT_DIT_spatial_unroll_CY_stream_vector_stream_stream_vector_0_data_1_0_0, i32 %FFT_DIT_spatial_unroll_CY_stream_vector_stream_stream_vector_0_data_1_1_0" [FFT.cpp:585]   --->   Operation 29 'call' 'call_ln585' <Predicate = true> <Delay = 0.00> <CoreType = "Generic">   --->   Generic Core

State 10 <SV = 9> <Delay = 0.00>
ST_10 : Operation 30 [1/2] (0.00ns)   --->   "%call_ln585 = call void @FFT_stage_spatial_unroll<4>, i32 %FFT_DIT_spatial_unroll_CY_stream_vector_stream_stream_vector_0_data_2_0_0, i32 %FFT_DIT_spatial_unroll_CY_stream_vector_stream_stream_vector_0_data_2_0_1, i32 %FFT_DIT_spatial_unroll_CY_stream_vector_stream_stream_vector_0_data_2_1_0, i32 %FFT_DIT_spatial_unroll_CY_stream_vector_stream_stream_vector_0_data_2_1_1, i32 %FFT_DIT_spatial_unroll_CY_stream_vector_stream_stream_vector_0_data_1_0_1, i32 %FFT_DIT_spatial_unroll_CY_stream_vector_stream_stream_vector_0_data_1_1_1, i32 %FFT_DIT_spatial_unroll_CY_stream_vector_stream_stream_vector_0_data_1_0_0, i32 %FFT_DIT_spatial_unroll_CY_stream_vector_stream_stream_vector_0_data_1_1_0" [FFT.cpp:585]   --->   Operation 30 'call' 'call_ln585' <Predicate = true> <Delay = 0.00> <CoreType = "Generic">   --->   Generic Core

State 11 <SV = 10> <Delay = 0.00>
ST_11 : Operation 31 [2/2] (0.00ns)   --->   "%call_ln586 = call void @FFT_stage_spatial_unroll<5>, i32 %FFT_DIT_spatial_unroll_CY_stream_vector_stream_stream_vector_0_data_3_0_0, i32 %FFT_DIT_spatial_unroll_CY_stream_vector_stream_stream_vector_0_data_3_0_1, i32 %FFT_DIT_spatial_unroll_CY_stream_vector_stream_stream_vector_0_data_3_1_0, i32 %FFT_DIT_spatial_unroll_CY_stream_vector_stream_stream_vector_0_data_3_1_1, i32 %FFT_DIT_spatial_unroll_CY_stream_vector_stream_stream_vector_0_data_2_0_1, i32 %FFT_DIT_spatial_unroll_CY_stream_vector_stream_stream_vector_0_data_2_1_1, i32 %FFT_DIT_spatial_unroll_CY_stream_vector_stream_stream_vector_0_data_2_0_0, i32 %FFT_DIT_spatial_unroll_CY_stream_vector_stream_stream_vector_0_data_2_1_0" [FFT.cpp:586]   --->   Operation 31 'call' 'call_ln586' <Predicate = true> <Delay = 0.00> <CoreType = "Generic">   --->   Generic Core

State 12 <SV = 11> <Delay = 0.00>
ST_12 : Operation 32 [1/2] (0.00ns)   --->   "%call_ln586 = call void @FFT_stage_spatial_unroll<5>, i32 %FFT_DIT_spatial_unroll_CY_stream_vector_stream_stream_vector_0_data_3_0_0, i32 %FFT_DIT_spatial_unroll_CY_stream_vector_stream_stream_vector_0_data_3_0_1, i32 %FFT_DIT_spatial_unroll_CY_stream_vector_stream_stream_vector_0_data_3_1_0, i32 %FFT_DIT_spatial_unroll_CY_stream_vector_stream_stream_vector_0_data_3_1_1, i32 %FFT_DIT_spatial_unroll_CY_stream_vector_stream_stream_vector_0_data_2_0_1, i32 %FFT_DIT_spatial_unroll_CY_stream_vector_stream_stream_vector_0_data_2_1_1, i32 %FFT_DIT_spatial_unroll_CY_stream_vector_stream_stream_vector_0_data_2_0_0, i32 %FFT_DIT_spatial_unroll_CY_stream_vector_stream_stream_vector_0_data_2_1_0" [FFT.cpp:586]   --->   Operation 32 'call' 'call_ln586' <Predicate = true> <Delay = 0.00> <CoreType = "Generic">   --->   Generic Core

State 13 <SV = 12> <Delay = 0.00>
ST_13 : Operation 33 [2/2] (0.00ns)   --->   "%call_ln587 = call void @FFT_stage_spatial_unroll<6>, i32 %FFT_DIT_spatial_unroll_CY_stream_vector_stream_stream_vector_0_data_4_0_0, i32 %FFT_DIT_spatial_unroll_CY_stream_vector_stream_stream_vector_0_data_4_0_1, i32 %FFT_DIT_spatial_unroll_CY_stream_vector_stream_stream_vector_0_data_4_1_0, i32 %FFT_DIT_spatial_unroll_CY_stream_vector_stream_stream_vector_0_data_4_1_1, i32 %FFT_DIT_spatial_unroll_CY_stream_vector_stream_stream_vector_0_data_3_0_1, i32 %FFT_DIT_spatial_unroll_CY_stream_vector_stream_stream_vector_0_data_3_1_1, i32 %FFT_DIT_spatial_unroll_CY_stream_vector_stream_stream_vector_0_data_3_0_0, i32 %FFT_DIT_spatial_unroll_CY_stream_vector_stream_stream_vector_0_data_3_1_0" [FFT.cpp:587]   --->   Operation 33 'call' 'call_ln587' <Predicate = true> <Delay = 0.00> <CoreType = "Generic">   --->   Generic Core

State 14 <SV = 13> <Delay = 0.00>
ST_14 : Operation 34 [1/2] (0.00ns)   --->   "%call_ln587 = call void @FFT_stage_spatial_unroll<6>, i32 %FFT_DIT_spatial_unroll_CY_stream_vector_stream_stream_vector_0_data_4_0_0, i32 %FFT_DIT_spatial_unroll_CY_stream_vector_stream_stream_vector_0_data_4_0_1, i32 %FFT_DIT_spatial_unroll_CY_stream_vector_stream_stream_vector_0_data_4_1_0, i32 %FFT_DIT_spatial_unroll_CY_stream_vector_stream_stream_vector_0_data_4_1_1, i32 %FFT_DIT_spatial_unroll_CY_stream_vector_stream_stream_vector_0_data_3_0_1, i32 %FFT_DIT_spatial_unroll_CY_stream_vector_stream_stream_vector_0_data_3_1_1, i32 %FFT_DIT_spatial_unroll_CY_stream_vector_stream_stream_vector_0_data_3_0_0, i32 %FFT_DIT_spatial_unroll_CY_stream_vector_stream_stream_vector_0_data_3_1_0" [FFT.cpp:587]   --->   Operation 34 'call' 'call_ln587' <Predicate = true> <Delay = 0.00> <CoreType = "Generic">   --->   Generic Core

State 15 <SV = 14> <Delay = 0.00>
ST_15 : Operation 35 [2/2] (0.00ns)   --->   "%call_ln588 = call void @FFT_stage_spatial_unroll<7>, i32 %FFT_DIT_spatial_unroll_CY_stream_vector_stream_stream_vector_0_data_5_0_0, i32 %FFT_DIT_spatial_unroll_CY_stream_vector_stream_stream_vector_0_data_5_0_1, i32 %FFT_DIT_spatial_unroll_CY_stream_vector_stream_stream_vector_0_data_5_1_0, i32 %FFT_DIT_spatial_unroll_CY_stream_vector_stream_stream_vector_0_data_5_1_1, i32 %FFT_DIT_spatial_unroll_CY_stream_vector_stream_stream_vector_0_data_4_0_0, i32 %FFT_DIT_spatial_unroll_CY_stream_vector_stream_stream_vector_0_data_4_1_0, i32 %FFT_DIT_spatial_unroll_CY_stream_vector_stream_stream_vector_0_data_4_0_1, i32 %FFT_DIT_spatial_unroll_CY_stream_vector_stream_stream_vector_0_data_4_1_1" [FFT.cpp:588]   --->   Operation 35 'call' 'call_ln588' <Predicate = true> <Delay = 0.00> <CoreType = "Generic">   --->   Generic Core

State 16 <SV = 15> <Delay = 0.00>
ST_16 : Operation 36 [1/2] (0.00ns)   --->   "%call_ln588 = call void @FFT_stage_spatial_unroll<7>, i32 %FFT_DIT_spatial_unroll_CY_stream_vector_stream_stream_vector_0_data_5_0_0, i32 %FFT_DIT_spatial_unroll_CY_stream_vector_stream_stream_vector_0_data_5_0_1, i32 %FFT_DIT_spatial_unroll_CY_stream_vector_stream_stream_vector_0_data_5_1_0, i32 %FFT_DIT_spatial_unroll_CY_stream_vector_stream_stream_vector_0_data_5_1_1, i32 %FFT_DIT_spatial_unroll_CY_stream_vector_stream_stream_vector_0_data_4_0_0, i32 %FFT_DIT_spatial_unroll_CY_stream_vector_stream_stream_vector_0_data_4_1_0, i32 %FFT_DIT_spatial_unroll_CY_stream_vector_stream_stream_vector_0_data_4_0_1, i32 %FFT_DIT_spatial_unroll_CY_stream_vector_stream_stream_vector_0_data_4_1_1" [FFT.cpp:588]   --->   Operation 36 'call' 'call_ln588' <Predicate = true> <Delay = 0.00> <CoreType = "Generic">   --->   Generic Core

State 17 <SV = 16> <Delay = 0.00>
ST_17 : Operation 37 [2/2] (0.00ns)   --->   "%call_ln589 = call void @output_result_array_to_stream, i256 %mid, i32 %FFT_DIT_spatial_unroll_CY_stream_vector_stream_stream_vector_0_data_5_0_0, i32 %FFT_DIT_spatial_unroll_CY_stream_vector_stream_stream_vector_0_data_5_1_0, i32 %FFT_DIT_spatial_unroll_CY_stream_vector_stream_stream_vector_0_data_5_0_1, i32 %FFT_DIT_spatial_unroll_CY_stream_vector_stream_stream_vector_0_data_5_1_1" [FFT.cpp:589]   --->   Operation 37 'call' 'call_ln589' <Predicate = true> <Delay = 0.00> <CoreType = "Generic">   --->   Generic Core

State 18 <SV = 17> <Delay = 0.00>
ST_18 : Operation 38 [1/1] (0.00ns)   --->   "%specdataflowpipeline_ln553 = specdataflowpipeline void @_ssdm_op_SpecDataflowPipeline, i32 4294967295, i32 1, void @empty_71" [FFT.cpp:553]   --->   Operation 38 'specdataflowpipeline' 'specdataflowpipeline_ln553' <Predicate = true> <Delay = 0.00>
ST_18 : Operation 39 [1/1] (0.00ns)   --->   "%specinterface_ln0 = specinterface void @_ssdm_op_SpecInterface, i256 %in_r, void @empty_70, i32 0, i32 0, void @empty_71, i32 0, i32 0, void @empty_71, void @empty_71, void @empty_71, i32 0, i32 0, i32 0, i32 0, void @empty_71, void @empty_71, i32 4294967295, i32 0, i32 0"   --->   Operation 39 'specinterface' 'specinterface_ln0' <Predicate = true> <Delay = 0.00>
ST_18 : Operation 40 [1/1] (0.00ns)   --->   "%specinterface_ln0 = specinterface void @_ssdm_op_SpecInterface, i256 %mid, void @empty_70, i32 0, i32 0, void @empty_71, i32 0, i32 0, void @empty_71, void @empty_71, void @empty_71, i32 0, i32 0, i32 0, i32 0, void @empty_71, void @empty_71, i32 4294967295, i32 0, i32 0"   --->   Operation 40 'specinterface' 'specinterface_ln0' <Predicate = true> <Delay = 0.00>
ST_18 : Operation 41 [1/1] (0.00ns)   --->   "%specperformance_ln554 = specperformance void @_ssdm_op_SpecPerformance, i32 0, i64 32, i64 0, i64 0, i64 0, i64 0, i64 0, i32 0, void @empty_71" [FFT.cpp:554]   --->   Operation 41 'specperformance' 'specperformance_ln554' <Predicate = true> <Delay = 0.00>
ST_18 : Operation 42 [1/1] (0.00ns)   --->   "%empty = specchannel i32 @_ssdm_op_SpecChannel, void @reverse_in_stream_vector_str, i32 1, void @p_str, void @p_str, i32 2, i32 2, i256 %reverse_in_stream_vector, i256 %reverse_in_stream_vector"   --->   Operation 42 'specchannel' 'empty' <Predicate = true> <Delay = 0.00>
ST_18 : Operation 43 [1/1] (0.00ns)   --->   "%specinterface_ln0 = specinterface void @_ssdm_op_SpecInterface, i256 %reverse_in_stream_vector, void @empty_70, i32 0, i32 0, void @empty_71, i32 0, i32 0, void @empty_71, void @empty_71, void @empty_71, i32 0, i32 0, i32 0, i32 0, void @empty_71, void @empty_71, i32 4294967295, i32 0, i32 0"   --->   Operation 43 'specinterface' 'specinterface_ln0' <Predicate = true> <Delay = 0.00>
ST_18 : Operation 44 [1/1] (0.00ns)   --->   "%empty_296 = specchannel i32 @_ssdm_op_SpecChannel, void @data_s1_stream_vector_str, i32 1, void @p_str, void @p_str, i32 2, i32 2, i256 %data_s1_stream_vector, i256 %data_s1_stream_vector"   --->   Operation 44 'specchannel' 'empty_296' <Predicate = true> <Delay = 0.00>
ST_18 : Operation 45 [1/1] (0.00ns)   --->   "%specinterface_ln0 = specinterface void @_ssdm_op_SpecInterface, i256 %data_s1_stream_vector, void @empty_70, i32 0, i32 0, void @empty_71, i32 0, i32 0, void @empty_71, void @empty_71, void @empty_71, i32 0, i32 0, i32 0, i32 0, void @empty_71, void @empty_71, i32 4294967295, i32 0, i32 0"   --->   Operation 45 'specinterface' 'specinterface_ln0' <Predicate = true> <Delay = 0.00>
ST_18 : Operation 46 [1/1] (0.00ns)   --->   "%specmemcore_ln567 = specmemcore void @_ssdm_op_SpecMemCore, i32 %FFT_DIT_spatial_unroll_CY_stream_vector_stream_stream_vector_0_data_0_0_3, i64 666, i64 23, i64 18446744073709551615" [FFT.cpp:567]   --->   Operation 46 'specmemcore' 'specmemcore_ln567' <Predicate = true> <Delay = 0.00>
ST_18 : Operation 47 [1/1] (0.00ns)   --->   "%specmemcore_ln567 = specmemcore void @_ssdm_op_SpecMemCore, i32 %FFT_DIT_spatial_unroll_CY_stream_vector_stream_stream_vector_0_data_0_0_2, i64 666, i64 23, i64 18446744073709551615" [FFT.cpp:567]   --->   Operation 47 'specmemcore' 'specmemcore_ln567' <Predicate = true> <Delay = 0.00>
ST_18 : Operation 48 [1/1] (0.00ns)   --->   "%specmemcore_ln567 = specmemcore void @_ssdm_op_SpecMemCore, i32 %FFT_DIT_spatial_unroll_CY_stream_vector_stream_stream_vector_0_data_0_0_1, i64 666, i64 23, i64 18446744073709551615" [FFT.cpp:567]   --->   Operation 48 'specmemcore' 'specmemcore_ln567' <Predicate = true> <Delay = 0.00>
ST_18 : Operation 49 [1/1] (0.00ns)   --->   "%specmemcore_ln567 = specmemcore void @_ssdm_op_SpecMemCore, i32 %FFT_DIT_spatial_unroll_CY_stream_vector_stream_stream_vector_0_data_0_0_0, i64 666, i64 23, i64 18446744073709551615" [FFT.cpp:567]   --->   Operation 49 'specmemcore' 'specmemcore_ln567' <Predicate = true> <Delay = 0.00>
ST_18 : Operation 50 [1/1] (0.00ns)   --->   "%specmemcore_ln567 = specmemcore void @_ssdm_op_SpecMemCore, i32 %FFT_DIT_spatial_unroll_CY_stream_vector_stream_stream_vector_0_data_0_1_3, i64 666, i64 23, i64 18446744073709551615" [FFT.cpp:567]   --->   Operation 50 'specmemcore' 'specmemcore_ln567' <Predicate = true> <Delay = 0.00>
ST_18 : Operation 51 [1/1] (0.00ns)   --->   "%specmemcore_ln567 = specmemcore void @_ssdm_op_SpecMemCore, i32 %FFT_DIT_spatial_unroll_CY_stream_vector_stream_stream_vector_0_data_0_1_2, i64 666, i64 23, i64 18446744073709551615" [FFT.cpp:567]   --->   Operation 51 'specmemcore' 'specmemcore_ln567' <Predicate = true> <Delay = 0.00>
ST_18 : Operation 52 [1/1] (0.00ns)   --->   "%specmemcore_ln567 = specmemcore void @_ssdm_op_SpecMemCore, i32 %FFT_DIT_spatial_unroll_CY_stream_vector_stream_stream_vector_0_data_0_1_1, i64 666, i64 23, i64 18446744073709551615" [FFT.cpp:567]   --->   Operation 52 'specmemcore' 'specmemcore_ln567' <Predicate = true> <Delay = 0.00>
ST_18 : Operation 53 [1/1] (0.00ns)   --->   "%specmemcore_ln567 = specmemcore void @_ssdm_op_SpecMemCore, i32 %FFT_DIT_spatial_unroll_CY_stream_vector_stream_stream_vector_0_data_0_1_0, i64 666, i64 23, i64 18446744073709551615" [FFT.cpp:567]   --->   Operation 53 'specmemcore' 'specmemcore_ln567' <Predicate = true> <Delay = 0.00>
ST_18 : Operation 54 [1/2] (0.00ns)   --->   "%call_ln589 = call void @output_result_array_to_stream, i256 %mid, i32 %FFT_DIT_spatial_unroll_CY_stream_vector_stream_stream_vector_0_data_5_0_0, i32 %FFT_DIT_spatial_unroll_CY_stream_vector_stream_stream_vector_0_data_5_1_0, i32 %FFT_DIT_spatial_unroll_CY_stream_vector_stream_stream_vector_0_data_5_0_1, i32 %FFT_DIT_spatial_unroll_CY_stream_vector_stream_stream_vector_0_data_5_1_1" [FFT.cpp:589]   --->   Operation 54 'call' 'call_ln589' <Predicate = true> <Delay = 0.00> <CoreType = "Generic">   --->   Generic Core
ST_18 : Operation 55 [1/1] (0.00ns)   --->   "%ret_ln593 = ret" [FFT.cpp:593]   --->   Operation 55 'ret' 'ret_ln593' <Predicate = true> <Delay = 0.00>


============================================================
+ Verbose Summary: Binding
============================================================
STG Binding: 
---------------- STG Properties BEGIN ----------------
- Is combinational: 0
- Is one-state seq: 0
- Is datapath-only: 0
- Is pipelined: 0
- Is top level: 0
Port [ Return ] is wired: 1; IO mode=ap_ctrl_hs:ce=0
Port [ in_r]:  wired=1; compound=1; hidden=0; nouse=0; global=0; static=0; extern=0; dir=0; type=3; pingpong=0; private_global=0; IO mode=ap_fifo:ce=0
Port [ mid]:  wired=1; compound=1; hidden=0; nouse=0; global=0; static=0; extern=0; dir=1; type=3; pingpong=0; private_global=0; IO mode=ap_fifo:ce=0
Port [ reverse_input_stream_UF2_stream_stream_vector_0_data_rev_stream_0_0]:  wired=0; compound=1; hidden=1; nouse=1; global=1; static=1; extern=0; dir=2; type=1; pingpong=0; private_global=0; MemPort=[23]; IO mode=ap_memory:ce=0
Port [ reverse_input_stream_UF2_stream_stream_vector_0_data_rev_stream_0_2]:  wired=0; compound=1; hidden=1; nouse=1; global=1; static=1; extern=0; dir=2; type=1; pingpong=0; private_global=0; MemPort=[23]; IO mode=ap_memory:ce=0
Port [ reverse_input_stream_UF2_stream_stream_vector_0_data_rev_stream_0_1]:  wired=0; compound=1; hidden=1; nouse=1; global=1; static=1; extern=0; dir=2; type=1; pingpong=0; private_global=0; MemPort=[23]; IO mode=ap_memory:ce=0
Port [ reverse_input_stream_UF2_stream_stream_vector_0_data_rev_stream_0_3]:  wired=0; compound=1; hidden=1; nouse=1; global=1; static=1; extern=0; dir=2; type=1; pingpong=0; private_global=0; MemPort=[23]; IO mode=ap_memory:ce=0
Port [ reverse_input_stream_UF2_stream_stream_vector_0_data_rev_stream_1_0]:  wired=0; compound=1; hidden=1; nouse=1; global=1; static=1; extern=0; dir=2; type=1; pingpong=0; private_global=0; MemPort=[23]; IO mode=ap_memory:ce=0
Port [ reverse_input_stream_UF2_stream_stream_vector_0_data_rev_stream_1_2]:  wired=0; compound=1; hidden=1; nouse=1; global=1; static=1; extern=0; dir=2; type=1; pingpong=0; private_global=0; MemPort=[23]; IO mode=ap_memory:ce=0
Port [ reverse_input_stream_UF2_stream_stream_vector_0_data_rev_stream_1_1]:  wired=0; compound=1; hidden=1; nouse=1; global=1; static=1; extern=0; dir=2; type=1; pingpong=0; private_global=0; MemPort=[23]; IO mode=ap_memory:ce=0
Port [ reverse_input_stream_UF2_stream_stream_vector_0_data_rev_stream_1_3]:  wired=0; compound=1; hidden=1; nouse=1; global=1; static=1; extern=0; dir=2; type=1; pingpong=0; private_global=0; MemPort=[23]; IO mode=ap_memory:ce=0
Port [ reverse_input_stream_UF2_stream_stream_vector_0_data_in_cyclic_0_0]:  wired=0; compound=1; hidden=1; nouse=1; global=1; static=1; extern=0; dir=2; type=1; pingpong=0; private_global=0; MemPort=[23]; IO mode=ap_memory:ce=0
Port [ reverse_input_stream_UF2_stream_stream_vector_0_data_in_cyclic_0_1]:  wired=0; compound=1; hidden=1; nouse=1; global=1; static=1; extern=0; dir=2; type=1; pingpong=0; private_global=0; MemPort=[23]; IO mode=ap_memory:ce=0
Port [ reverse_input_stream_UF2_stream_stream_vector_0_data_in_cyclic_0_2]:  wired=0; compound=1; hidden=1; nouse=1; global=1; static=1; extern=0; dir=2; type=1; pingpong=0; private_global=0; MemPort=[23]; IO mode=ap_memory:ce=0
Port [ reverse_input_stream_UF2_stream_stream_vector_0_data_in_cyclic_0_3]:  wired=0; compound=1; hidden=1; nouse=1; global=1; static=1; extern=0; dir=2; type=1; pingpong=0; private_global=0; MemPort=[23]; IO mode=ap_memory:ce=0
Port [ reverse_input_stream_UF2_stream_stream_vector_0_data_in_cyclic_1_0]:  wired=0; compound=1; hidden=1; nouse=1; global=1; static=1; extern=0; dir=2; type=1; pingpong=0; private_global=0; MemPort=[23]; IO mode=ap_memory:ce=0
Port [ reverse_input_stream_UF2_stream_stream_vector_0_data_in_cyclic_1_1]:  wired=0; compound=1; hidden=1; nouse=1; global=1; static=1; extern=0; dir=2; type=1; pingpong=0; private_global=0; MemPort=[23]; IO mode=ap_memory:ce=0
Port [ reverse_input_stream_UF2_stream_stream_vector_0_data_in_cyclic_1_2]:  wired=0; compound=1; hidden=1; nouse=1; global=1; static=1; extern=0; dir=2; type=1; pingpong=0; private_global=0; MemPort=[23]; IO mode=ap_memory:ce=0
Port [ reverse_input_stream_UF2_stream_stream_vector_0_data_in_cyclic_1_3]:  wired=0; compound=1; hidden=1; nouse=1; global=1; static=1; extern=0; dir=2; type=1; pingpong=0; private_global=0; MemPort=[23]; IO mode=ap_memory:ce=0
Port [ FFT_DIT_spatial_unroll_CY_stream_vector_stream_stream_vector_0_data_0_0_0]:  wired=0; compound=1; hidden=1; nouse=0; global=1; static=1; extern=0; dir=2; type=1; pingpong=0; private_global=1; MemPort=[12]; IO mode=ap_memory:ce=0
Port [ FFT_DIT_spatial_unroll_CY_stream_vector_stream_stream_vector_0_data_0_0_1]:  wired=0; compound=1; hidden=1; nouse=0; global=1; static=1; extern=0; dir=2; type=1; pingpong=0; private_global=1; MemPort=[12]; IO mode=ap_memory:ce=0
Port [ FFT_DIT_spatial_unroll_CY_stream_vector_stream_stream_vector_0_data_0_0_2]:  wired=0; compound=1; hidden=1; nouse=0; global=1; static=1; extern=0; dir=2; type=1; pingpong=0; private_global=1; MemPort=[12]; IO mode=ap_memory:ce=0
Port [ FFT_DIT_spatial_unroll_CY_stream_vector_stream_stream_vector_0_data_0_0_3]:  wired=0; compound=1; hidden=1; nouse=0; global=1; static=1; extern=0; dir=2; type=1; pingpong=0; private_global=1; MemPort=[12]; IO mode=ap_memory:ce=0
Port [ FFT_DIT_spatial_unroll_CY_stream_vector_stream_stream_vector_0_data_0_1_0]:  wired=0; compound=1; hidden=1; nouse=0; global=1; static=1; extern=0; dir=2; type=1; pingpong=0; private_global=1; MemPort=[12]; IO mode=ap_memory:ce=0
Port [ FFT_DIT_spatial_unroll_CY_stream_vector_stream_stream_vector_0_data_0_1_1]:  wired=0; compound=1; hidden=1; nouse=0; global=1; static=1; extern=0; dir=2; type=1; pingpong=0; private_global=1; MemPort=[12]; IO mode=ap_memory:ce=0
Port [ FFT_DIT_spatial_unroll_CY_stream_vector_stream_stream_vector_0_data_0_1_2]:  wired=0; compound=1; hidden=1; nouse=0; global=1; static=1; extern=0; dir=2; type=1; pingpong=0; private_global=1; MemPort=[12]; IO mode=ap_memory:ce=0
Port [ FFT_DIT_spatial_unroll_CY_stream_vector_stream_stream_vector_0_data_0_1_3]:  wired=0; compound=1; hidden=1; nouse=0; global=1; static=1; extern=0; dir=2; type=1; pingpong=0; private_global=1; MemPort=[12]; IO mode=ap_memory:ce=0
Port [ FFT_DIT_spatial_unroll_CY_stream_vector_stream_stream_vector_0_data_1_0_0]:  wired=0; compound=1; hidden=1; nouse=0; global=1; static=1; extern=0; dir=2; type=1; pingpong=0; private_global=1; MemPort=[22]; IO mode=ap_memory:ce=0
Port [ FFT_DIT_spatial_unroll_CY_stream_vector_stream_stream_vector_0_data_1_0_1]:  wired=0; compound=1; hidden=1; nouse=0; global=1; static=1; extern=0; dir=2; type=1; pingpong=0; private_global=1; MemPort=[22]; IO mode=ap_memory:ce=0
Port [ FFT_DIT_spatial_unroll_CY_stream_vector_stream_stream_vector_0_data_1_1_0]:  wired=0; compound=1; hidden=1; nouse=0; global=1; static=1; extern=0; dir=2; type=1; pingpong=0; private_global=1; MemPort=[22]; IO mode=ap_memory:ce=0
Port [ FFT_DIT_spatial_unroll_CY_stream_vector_stream_stream_vector_0_data_1_1_1]:  wired=0; compound=1; hidden=1; nouse=0; global=1; static=1; extern=0; dir=2; type=1; pingpong=0; private_global=1; MemPort=[22]; IO mode=ap_memory:ce=0
Port [ FFT_DIT_spatial_unroll_CY_stream_vector_stream_stream_vector_0_data_2_0_0]:  wired=0; compound=1; hidden=1; nouse=0; global=1; static=1; extern=0; dir=2; type=1; pingpong=0; private_global=1; MemPort=[22]; IO mode=ap_memory:ce=0
Port [ FFT_DIT_spatial_unroll_CY_stream_vector_stream_stream_vector_0_data_2_0_1]:  wired=0; compound=1; hidden=1; nouse=0; global=1; static=1; extern=0; dir=2; type=1; pingpong=0; private_global=1; MemPort=[22]; IO mode=ap_memory:ce=0
Port [ FFT_DIT_spatial_unroll_CY_stream_vector_stream_stream_vector_0_data_2_1_0]:  wired=0; compound=1; hidden=1; nouse=0; global=1; static=1; extern=0; dir=2; type=1; pingpong=0; private_global=1; MemPort=[22]; IO mode=ap_memory:ce=0
Port [ FFT_DIT_spatial_unroll_CY_stream_vector_stream_stream_vector_0_data_2_1_1]:  wired=0; compound=1; hidden=1; nouse=0; global=1; static=1; extern=0; dir=2; type=1; pingpong=0; private_global=1; MemPort=[22]; IO mode=ap_memory:ce=0
Port [ FFT_DIT_spatial_unroll_CY_stream_vector_stream_stream_vector_0_data_3_0_0]:  wired=0; compound=1; hidden=1; nouse=0; global=1; static=1; extern=0; dir=2; type=1; pingpong=0; private_global=1; MemPort=[22]; IO mode=ap_memory:ce=0
Port [ FFT_DIT_spatial_unroll_CY_stream_vector_stream_stream_vector_0_data_3_0_1]:  wired=0; compound=1; hidden=1; nouse=0; global=1; static=1; extern=0; dir=2; type=1; pingpong=0; private_global=1; MemPort=[22]; IO mode=ap_memory:ce=0
Port [ FFT_DIT_spatial_unroll_CY_stream_vector_stream_stream_vector_0_data_3_1_0]:  wired=0; compound=1; hidden=1; nouse=0; global=1; static=1; extern=0; dir=2; type=1; pingpong=0; private_global=1; MemPort=[22]; IO mode=ap_memory:ce=0
Port [ FFT_DIT_spatial_unroll_CY_stream_vector_stream_stream_vector_0_data_3_1_1]:  wired=0; compound=1; hidden=1; nouse=0; global=1; static=1; extern=0; dir=2; type=1; pingpong=0; private_global=1; MemPort=[22]; IO mode=ap_memory:ce=0
Port [ FFT_DIT_spatial_unroll_CY_stream_vector_stream_stream_vector_0_data_4_0_0]:  wired=0; compound=1; hidden=1; nouse=0; global=1; static=1; extern=0; dir=2; type=1; pingpong=0; private_global=1; MemPort=[22]; IO mode=ap_memory:ce=0
Port [ FFT_DIT_spatial_unroll_CY_stream_vector_stream_stream_vector_0_data_4_0_1]:  wired=0; compound=1; hidden=1; nouse=0; global=1; static=1; extern=0; dir=2; type=1; pingpong=0; private_global=1; MemPort=[22]; IO mode=ap_memory:ce=0
Port [ FFT_DIT_spatial_unroll_CY_stream_vector_stream_stream_vector_0_data_4_1_0]:  wired=0; compound=1; hidden=1; nouse=0; global=1; static=1; extern=0; dir=2; type=1; pingpong=0; private_global=1; MemPort=[22]; IO mode=ap_memory:ce=0
Port [ FFT_DIT_spatial_unroll_CY_stream_vector_stream_stream_vector_0_data_4_1_1]:  wired=0; compound=1; hidden=1; nouse=0; global=1; static=1; extern=0; dir=2; type=1; pingpong=0; private_global=1; MemPort=[22]; IO mode=ap_memory:ce=0
Port [ FFT_DIT_spatial_unroll_CY_stream_vector_stream_stream_vector_0_data_5_0_0]:  wired=0; compound=1; hidden=1; nouse=0; global=1; static=1; extern=0; dir=2; type=1; pingpong=0; private_global=1; MemPort=[22]; IO mode=ap_memory:ce=0
Port [ FFT_DIT_spatial_unroll_CY_stream_vector_stream_stream_vector_0_data_5_0_1]:  wired=0; compound=1; hidden=1; nouse=0; global=1; static=1; extern=0; dir=2; type=1; pingpong=0; private_global=1; MemPort=[22]; IO mode=ap_memory:ce=0
Port [ FFT_DIT_spatial_unroll_CY_stream_vector_stream_stream_vector_0_data_5_1_0]:  wired=0; compound=1; hidden=1; nouse=0; global=1; static=1; extern=0; dir=2; type=1; pingpong=0; private_global=1; MemPort=[22]; IO mode=ap_memory:ce=0
Port [ FFT_DIT_spatial_unroll_CY_stream_vector_stream_stream_vector_0_data_5_1_1]:  wired=0; compound=1; hidden=1; nouse=0; global=1; static=1; extern=0; dir=2; type=1; pingpong=0; private_global=1; MemPort=[22]; IO mode=ap_memory:ce=0
---------------- STG Properties END ------------------

---------------- Datapath Model BEGIN ----------------

<LifeTime>
<method=bitvector/>
reverse_in_stream_vector   (alloca              ) [ 0111111111111111111]
data_s1_stream_vector      (alloca              ) [ 0011111111111111111]
call_ln581                 (call                ) [ 0000000000000000000]
call_ln582                 (call                ) [ 0000000000000000000]
call_ln583                 (call                ) [ 0000000000000000000]
call_ln584                 (call                ) [ 0000000000000000000]
call_ln585                 (call                ) [ 0000000000000000000]
call_ln586                 (call                ) [ 0000000000000000000]
call_ln587                 (call                ) [ 0000000000000000000]
call_ln588                 (call                ) [ 0000000000000000000]
specdataflowpipeline_ln553 (specdataflowpipeline) [ 0000000000000000000]
specinterface_ln0          (specinterface       ) [ 0000000000000000000]
specinterface_ln0          (specinterface       ) [ 0000000000000000000]
specperformance_ln554      (specperformance     ) [ 0000000000000000000]
empty                      (specchannel         ) [ 0000000000000000000]
specinterface_ln0          (specinterface       ) [ 0000000000000000000]
empty_296                  (specchannel         ) [ 0000000000000000000]
specinterface_ln0          (specinterface       ) [ 0000000000000000000]
specmemcore_ln567          (specmemcore         ) [ 0000000000000000000]
specmemcore_ln567          (specmemcore         ) [ 0000000000000000000]
specmemcore_ln567          (specmemcore         ) [ 0000000000000000000]
specmemcore_ln567          (specmemcore         ) [ 0000000000000000000]
specmemcore_ln567          (specmemcore         ) [ 0000000000000000000]
specmemcore_ln567          (specmemcore         ) [ 0000000000000000000]
specmemcore_ln567          (specmemcore         ) [ 0000000000000000000]
specmemcore_ln567          (specmemcore         ) [ 0000000000000000000]
call_ln589                 (call                ) [ 0000000000000000000]
ret_ln593                  (ret                 ) [ 0000000000000000000]
</LifeTime>

<model>

<comp_list>
<comp id="0" class="1000" name="in_r">
<pin_list>
<pin id="1" dir="1" index="0" bw="1" slack="0"/>
</pin_list>
<bind>
<StgValue><ssdm name="in_r"/></StgValue>
</bind>
</comp>

<comp id="2" class="1000" name="mid">
<pin_list>
<pin id="3" dir="1" index="0" bw="1" slack="0"/>
</pin_list>
<bind>
<StgValue><ssdm name="mid"/></StgValue>
</bind>
</comp>

<comp id="4" class="1000" name="reverse_input_stream_UF2_stream_stream_vector_0_data_rev_stream_0_0">
<pin_list>
<pin id="5" dir="1" index="0" bw="1" slack="0"/>
</pin_list>
<bind>
<StgValue><ssdm name="reverse_input_stream_UF2_stream_stream_vector_0_data_rev_stream_0_0"/><MemPortTyVec>2 3 </MemPortTyVec>
</StgValue>
</bind>
</comp>

<comp id="6" class="1000" name="reverse_input_stream_UF2_stream_stream_vector_0_data_rev_stream_0_2">
<pin_list>
<pin id="7" dir="1" index="0" bw="1" slack="0"/>
</pin_list>
<bind>
<StgValue><ssdm name="reverse_input_stream_UF2_stream_stream_vector_0_data_rev_stream_0_2"/><MemPortTyVec>2 3 </MemPortTyVec>
</StgValue>
</bind>
</comp>

<comp id="8" class="1000" name="reverse_input_stream_UF2_stream_stream_vector_0_data_rev_stream_0_1">
<pin_list>
<pin id="9" dir="1" index="0" bw="1" slack="0"/>
</pin_list>
<bind>
<StgValue><ssdm name="reverse_input_stream_UF2_stream_stream_vector_0_data_rev_stream_0_1"/><MemPortTyVec>2 3 </MemPortTyVec>
</StgValue>
</bind>
</comp>

<comp id="10" class="1000" name="reverse_input_stream_UF2_stream_stream_vector_0_data_rev_stream_0_3">
<pin_list>
<pin id="11" dir="1" index="0" bw="1" slack="0"/>
</pin_list>
<bind>
<StgValue><ssdm name="reverse_input_stream_UF2_stream_stream_vector_0_data_rev_stream_0_3"/><MemPortTyVec>2 3 </MemPortTyVec>
</StgValue>
</bind>
</comp>

<comp id="12" class="1000" name="reverse_input_stream_UF2_stream_stream_vector_0_data_rev_stream_1_0">
<pin_list>
<pin id="13" dir="1" index="0" bw="1" slack="0"/>
</pin_list>
<bind>
<StgValue><ssdm name="reverse_input_stream_UF2_stream_stream_vector_0_data_rev_stream_1_0"/><MemPortTyVec>2 3 </MemPortTyVec>
</StgValue>
</bind>
</comp>

<comp id="14" class="1000" name="reverse_input_stream_UF2_stream_stream_vector_0_data_rev_stream_1_2">
<pin_list>
<pin id="15" dir="1" index="0" bw="1" slack="0"/>
</pin_list>
<bind>
<StgValue><ssdm name="reverse_input_stream_UF2_stream_stream_vector_0_data_rev_stream_1_2"/><MemPortTyVec>2 3 </MemPortTyVec>
</StgValue>
</bind>
</comp>

<comp id="16" class="1000" name="reverse_input_stream_UF2_stream_stream_vector_0_data_rev_stream_1_1">
<pin_list>
<pin id="17" dir="1" index="0" bw="1" slack="0"/>
</pin_list>
<bind>
<StgValue><ssdm name="reverse_input_stream_UF2_stream_stream_vector_0_data_rev_stream_1_1"/><MemPortTyVec>2 3 </MemPortTyVec>
</StgValue>
</bind>
</comp>

<comp id="18" class="1000" name="reverse_input_stream_UF2_stream_stream_vector_0_data_rev_stream_1_3">
<pin_list>
<pin id="19" dir="1" index="0" bw="1" slack="0"/>
</pin_list>
<bind>
<StgValue><ssdm name="reverse_input_stream_UF2_stream_stream_vector_0_data_rev_stream_1_3"/><MemPortTyVec>2 3 </MemPortTyVec>
</StgValue>
</bind>
</comp>

<comp id="20" class="1000" name="reverse_input_stream_UF2_stream_stream_vector_0_data_in_cyclic_0_0">
<pin_list>
<pin id="21" dir="1" index="0" bw="1" slack="0"/>
</pin_list>
<bind>
<StgValue><ssdm name="reverse_input_stream_UF2_stream_stream_vector_0_data_in_cyclic_0_0"/><MemPortTyVec>2 3 </MemPortTyVec>
</StgValue>
</bind>
</comp>

<comp id="22" class="1000" name="reverse_input_stream_UF2_stream_stream_vector_0_data_in_cyclic_0_1">
<pin_list>
<pin id="23" dir="1" index="0" bw="1" slack="0"/>
</pin_list>
<bind>
<StgValue><ssdm name="reverse_input_stream_UF2_stream_stream_vector_0_data_in_cyclic_0_1"/><MemPortTyVec>2 3 </MemPortTyVec>
</StgValue>
</bind>
</comp>

<comp id="24" class="1000" name="reverse_input_stream_UF2_stream_stream_vector_0_data_in_cyclic_0_2">
<pin_list>
<pin id="25" dir="1" index="0" bw="1" slack="0"/>
</pin_list>
<bind>
<StgValue><ssdm name="reverse_input_stream_UF2_stream_stream_vector_0_data_in_cyclic_0_2"/><MemPortTyVec>2 3 </MemPortTyVec>
</StgValue>
</bind>
</comp>

<comp id="26" class="1000" name="reverse_input_stream_UF2_stream_stream_vector_0_data_in_cyclic_0_3">
<pin_list>
<pin id="27" dir="1" index="0" bw="1" slack="0"/>
</pin_list>
<bind>
<StgValue><ssdm name="reverse_input_stream_UF2_stream_stream_vector_0_data_in_cyclic_0_3"/><MemPortTyVec>2 3 </MemPortTyVec>
</StgValue>
</bind>
</comp>

<comp id="28" class="1000" name="reverse_input_stream_UF2_stream_stream_vector_0_data_in_cyclic_1_0">
<pin_list>
<pin id="29" dir="1" index="0" bw="1" slack="0"/>
</pin_list>
<bind>
<StgValue><ssdm name="reverse_input_stream_UF2_stream_stream_vector_0_data_in_cyclic_1_0"/><MemPortTyVec>2 3 </MemPortTyVec>
</StgValue>
</bind>
</comp>

<comp id="30" class="1000" name="reverse_input_stream_UF2_stream_stream_vector_0_data_in_cyclic_1_1">
<pin_list>
<pin id="31" dir="1" index="0" bw="1" slack="0"/>
</pin_list>
<bind>
<StgValue><ssdm name="reverse_input_stream_UF2_stream_stream_vector_0_data_in_cyclic_1_1"/><MemPortTyVec>2 3 </MemPortTyVec>
</StgValue>
</bind>
</comp>

<comp id="32" class="1000" name="reverse_input_stream_UF2_stream_stream_vector_0_data_in_cyclic_1_2">
<pin_list>
<pin id="33" dir="1" index="0" bw="1" slack="0"/>
</pin_list>
<bind>
<StgValue><ssdm name="reverse_input_stream_UF2_stream_stream_vector_0_data_in_cyclic_1_2"/><MemPortTyVec>2 3 </MemPortTyVec>
</StgValue>
</bind>
</comp>

<comp id="34" class="1000" name="reverse_input_stream_UF2_stream_stream_vector_0_data_in_cyclic_1_3">
<pin_list>
<pin id="35" dir="1" index="0" bw="1" slack="0"/>
</pin_list>
<bind>
<StgValue><ssdm name="reverse_input_stream_UF2_stream_stream_vector_0_data_in_cyclic_1_3"/><MemPortTyVec>2 3 </MemPortTyVec>
</StgValue>
</bind>
</comp>

<comp id="36" class="1000" name="FFT_DIT_spatial_unroll_CY_stream_vector_stream_stream_vector_0_data_0_0_0">
<pin_list>
<pin id="37" dir="1" index="0" bw="1" slack="0"/>
</pin_list>
<bind>
<StgValue><ssdm name="FFT_DIT_spatial_unroll_CY_stream_vector_stream_stream_vector_0_data_0_0_0"/><MemPortTyVec>1 2 </MemPortTyVec>
</StgValue>
</bind>
</comp>

<comp id="38" class="1000" name="FFT_DIT_spatial_unroll_CY_stream_vector_stream_stream_vector_0_data_0_0_1">
<pin_list>
<pin id="39" dir="1" index="0" bw="1" slack="0"/>
</pin_list>
<bind>
<StgValue><ssdm name="FFT_DIT_spatial_unroll_CY_stream_vector_stream_stream_vector_0_data_0_0_1"/><MemPortTyVec>1 2 </MemPortTyVec>
</StgValue>
</bind>
</comp>

<comp id="40" class="1000" name="FFT_DIT_spatial_unroll_CY_stream_vector_stream_stream_vector_0_data_0_0_2">
<pin_list>
<pin id="41" dir="1" index="0" bw="1" slack="0"/>
</pin_list>
<bind>
<StgValue><ssdm name="FFT_DIT_spatial_unroll_CY_stream_vector_stream_stream_vector_0_data_0_0_2"/><MemPortTyVec>1 2 </MemPortTyVec>
</StgValue>
</bind>
</comp>

<comp id="42" class="1000" name="FFT_DIT_spatial_unroll_CY_stream_vector_stream_stream_vector_0_data_0_0_3">
<pin_list>
<pin id="43" dir="1" index="0" bw="1" slack="0"/>
</pin_list>
<bind>
<StgValue><ssdm name="FFT_DIT_spatial_unroll_CY_stream_vector_stream_stream_vector_0_data_0_0_3"/><MemPortTyVec>1 2 </MemPortTyVec>
</StgValue>
</bind>
</comp>

<comp id="44" class="1000" name="FFT_DIT_spatial_unroll_CY_stream_vector_stream_stream_vector_0_data_0_1_0">
<pin_list>
<pin id="45" dir="1" index="0" bw="1" slack="0"/>
</pin_list>
<bind>
<StgValue><ssdm name="FFT_DIT_spatial_unroll_CY_stream_vector_stream_stream_vector_0_data_0_1_0"/><MemPortTyVec>1 2 </MemPortTyVec>
</StgValue>
</bind>
</comp>

<comp id="46" class="1000" name="FFT_DIT_spatial_unroll_CY_stream_vector_stream_stream_vector_0_data_0_1_1">
<pin_list>
<pin id="47" dir="1" index="0" bw="1" slack="0"/>
</pin_list>
<bind>
<StgValue><ssdm name="FFT_DIT_spatial_unroll_CY_stream_vector_stream_stream_vector_0_data_0_1_1"/><MemPortTyVec>1 2 </MemPortTyVec>
</StgValue>
</bind>
</comp>

<comp id="48" class="1000" name="FFT_DIT_spatial_unroll_CY_stream_vector_stream_stream_vector_0_data_0_1_2">
<pin_list>
<pin id="49" dir="1" index="0" bw="1" slack="0"/>
</pin_list>
<bind>
<StgValue><ssdm name="FFT_DIT_spatial_unroll_CY_stream_vector_stream_stream_vector_0_data_0_1_2"/><MemPortTyVec>1 2 </MemPortTyVec>
</StgValue>
</bind>
</comp>

<comp id="50" class="1000" name="FFT_DIT_spatial_unroll_CY_stream_vector_stream_stream_vector_0_data_0_1_3">
<pin_list>
<pin id="51" dir="1" index="0" bw="1" slack="0"/>
</pin_list>
<bind>
<StgValue><ssdm name="FFT_DIT_spatial_unroll_CY_stream_vector_stream_stream_vector_0_data_0_1_3"/><MemPortTyVec>1 2 </MemPortTyVec>
</StgValue>
</bind>
</comp>

<comp id="52" class="1000" name="FFT_DIT_spatial_unroll_CY_stream_vector_stream_stream_vector_0_data_1_0_0">
<pin_list>
<pin id="53" dir="1" index="0" bw="1" slack="0"/>
</pin_list>
<bind>
<StgValue><ssdm name="FFT_DIT_spatial_unroll_CY_stream_vector_stream_stream_vector_0_data_1_0_0"/><MemPortTyVec>2 2 </MemPortTyVec>
</StgValue>
</bind>
</comp>

<comp id="54" class="1000" name="FFT_DIT_spatial_unroll_CY_stream_vector_stream_stream_vector_0_data_1_0_1">
<pin_list>
<pin id="55" dir="1" index="0" bw="1" slack="0"/>
</pin_list>
<bind>
<StgValue><ssdm name="FFT_DIT_spatial_unroll_CY_stream_vector_stream_stream_vector_0_data_1_0_1"/><MemPortTyVec>2 2 </MemPortTyVec>
</StgValue>
</bind>
</comp>

<comp id="56" class="1000" name="FFT_DIT_spatial_unroll_CY_stream_vector_stream_stream_vector_0_data_1_1_0">
<pin_list>
<pin id="57" dir="1" index="0" bw="1" slack="0"/>
</pin_list>
<bind>
<StgValue><ssdm name="FFT_DIT_spatial_unroll_CY_stream_vector_stream_stream_vector_0_data_1_1_0"/><MemPortTyVec>2 2 </MemPortTyVec>
</StgValue>
</bind>
</comp>

<comp id="58" class="1000" name="FFT_DIT_spatial_unroll_CY_stream_vector_stream_stream_vector_0_data_1_1_1">
<pin_list>
<pin id="59" dir="1" index="0" bw="1" slack="0"/>
</pin_list>
<bind>
<StgValue><ssdm name="FFT_DIT_spatial_unroll_CY_stream_vector_stream_stream_vector_0_data_1_1_1"/><MemPortTyVec>2 2 </MemPortTyVec>
</StgValue>
</bind>
</comp>

<comp id="60" class="1000" name="FFT_DIT_spatial_unroll_CY_stream_vector_stream_stream_vector_0_data_2_0_0">
<pin_list>
<pin id="61" dir="1" index="0" bw="1" slack="0"/>
</pin_list>
<bind>
<StgValue><ssdm name="FFT_DIT_spatial_unroll_CY_stream_vector_stream_stream_vector_0_data_2_0_0"/><MemPortTyVec>2 2 </MemPortTyVec>
</StgValue>
</bind>
</comp>

<comp id="62" class="1000" name="FFT_DIT_spatial_unroll_CY_stream_vector_stream_stream_vector_0_data_2_0_1">
<pin_list>
<pin id="63" dir="1" index="0" bw="1" slack="0"/>
</pin_list>
<bind>
<StgValue><ssdm name="FFT_DIT_spatial_unroll_CY_stream_vector_stream_stream_vector_0_data_2_0_1"/><MemPortTyVec>2 2 </MemPortTyVec>
</StgValue>
</bind>
</comp>

<comp id="64" class="1000" name="FFT_DIT_spatial_unroll_CY_stream_vector_stream_stream_vector_0_data_2_1_0">
<pin_list>
<pin id="65" dir="1" index="0" bw="1" slack="0"/>
</pin_list>
<bind>
<StgValue><ssdm name="FFT_DIT_spatial_unroll_CY_stream_vector_stream_stream_vector_0_data_2_1_0"/><MemPortTyVec>2 2 </MemPortTyVec>
</StgValue>
</bind>
</comp>

<comp id="66" class="1000" name="FFT_DIT_spatial_unroll_CY_stream_vector_stream_stream_vector_0_data_2_1_1">
<pin_list>
<pin id="67" dir="1" index="0" bw="1" slack="0"/>
</pin_list>
<bind>
<StgValue><ssdm name="FFT_DIT_spatial_unroll_CY_stream_vector_stream_stream_vector_0_data_2_1_1"/><MemPortTyVec>2 2 </MemPortTyVec>
</StgValue>
</bind>
</comp>

<comp id="68" class="1000" name="FFT_DIT_spatial_unroll_CY_stream_vector_stream_stream_vector_0_data_3_0_0">
<pin_list>
<pin id="69" dir="1" index="0" bw="1" slack="0"/>
</pin_list>
<bind>
<StgValue><ssdm name="FFT_DIT_spatial_unroll_CY_stream_vector_stream_stream_vector_0_data_3_0_0"/><MemPortTyVec>2 2 </MemPortTyVec>
</StgValue>
</bind>
</comp>

<comp id="70" class="1000" name="FFT_DIT_spatial_unroll_CY_stream_vector_stream_stream_vector_0_data_3_0_1">
<pin_list>
<pin id="71" dir="1" index="0" bw="1" slack="0"/>
</pin_list>
<bind>
<StgValue><ssdm name="FFT_DIT_spatial_unroll_CY_stream_vector_stream_stream_vector_0_data_3_0_1"/><MemPortTyVec>2 2 </MemPortTyVec>
</StgValue>
</bind>
</comp>

<comp id="72" class="1000" name="FFT_DIT_spatial_unroll_CY_stream_vector_stream_stream_vector_0_data_3_1_0">
<pin_list>
<pin id="73" dir="1" index="0" bw="1" slack="0"/>
</pin_list>
<bind>
<StgValue><ssdm name="FFT_DIT_spatial_unroll_CY_stream_vector_stream_stream_vector_0_data_3_1_0"/><MemPortTyVec>2 2 </MemPortTyVec>
</StgValue>
</bind>
</comp>

<comp id="74" class="1000" name="FFT_DIT_spatial_unroll_CY_stream_vector_stream_stream_vector_0_data_3_1_1">
<pin_list>
<pin id="75" dir="1" index="0" bw="1" slack="0"/>
</pin_list>
<bind>
<StgValue><ssdm name="FFT_DIT_spatial_unroll_CY_stream_vector_stream_stream_vector_0_data_3_1_1"/><MemPortTyVec>2 2 </MemPortTyVec>
</StgValue>
</bind>
</comp>

<comp id="76" class="1000" name="FFT_DIT_spatial_unroll_CY_stream_vector_stream_stream_vector_0_data_4_0_0">
<pin_list>
<pin id="77" dir="1" index="0" bw="1" slack="0"/>
</pin_list>
<bind>
<StgValue><ssdm name="FFT_DIT_spatial_unroll_CY_stream_vector_stream_stream_vector_0_data_4_0_0"/><MemPortTyVec>2 2 </MemPortTyVec>
</StgValue>
</bind>
</comp>

<comp id="78" class="1000" name="FFT_DIT_spatial_unroll_CY_stream_vector_stream_stream_vector_0_data_4_0_1">
<pin_list>
<pin id="79" dir="1" index="0" bw="1" slack="0"/>
</pin_list>
<bind>
<StgValue><ssdm name="FFT_DIT_spatial_unroll_CY_stream_vector_stream_stream_vector_0_data_4_0_1"/><MemPortTyVec>2 2 </MemPortTyVec>
</StgValue>
</bind>
</comp>

<comp id="80" class="1000" name="FFT_DIT_spatial_unroll_CY_stream_vector_stream_stream_vector_0_data_4_1_0">
<pin_list>
<pin id="81" dir="1" index="0" bw="1" slack="0"/>
</pin_list>
<bind>
<StgValue><ssdm name="FFT_DIT_spatial_unroll_CY_stream_vector_stream_stream_vector_0_data_4_1_0"/><MemPortTyVec>2 2 </MemPortTyVec>
</StgValue>
</bind>
</comp>

<comp id="82" class="1000" name="FFT_DIT_spatial_unroll_CY_stream_vector_stream_stream_vector_0_data_4_1_1">
<pin_list>
<pin id="83" dir="1" index="0" bw="1" slack="0"/>
</pin_list>
<bind>
<StgValue><ssdm name="FFT_DIT_spatial_unroll_CY_stream_vector_stream_stream_vector_0_data_4_1_1"/><MemPortTyVec>2 2 </MemPortTyVec>
</StgValue>
</bind>
</comp>

<comp id="84" class="1000" name="FFT_DIT_spatial_unroll_CY_stream_vector_stream_stream_vector_0_data_5_0_0">
<pin_list>
<pin id="85" dir="1" index="0" bw="1" slack="0"/>
</pin_list>
<bind>
<StgValue><ssdm name="FFT_DIT_spatial_unroll_CY_stream_vector_stream_stream_vector_0_data_5_0_0"/><MemPortTyVec>2 2 </MemPortTyVec>
</StgValue>
</bind>
</comp>

<comp id="86" class="1000" name="FFT_DIT_spatial_unroll_CY_stream_vector_stream_stream_vector_0_data_5_0_1">
<pin_list>
<pin id="87" dir="1" index="0" bw="1" slack="0"/>
</pin_list>
<bind>
<StgValue><ssdm name="FFT_DIT_spatial_unroll_CY_stream_vector_stream_stream_vector_0_data_5_0_1"/><MemPortTyVec>2 2 </MemPortTyVec>
</StgValue>
</bind>
</comp>

<comp id="88" class="1000" name="FFT_DIT_spatial_unroll_CY_stream_vector_stream_stream_vector_0_data_5_1_0">
<pin_list>
<pin id="89" dir="1" index="0" bw="1" slack="0"/>
</pin_list>
<bind>
<StgValue><ssdm name="FFT_DIT_spatial_unroll_CY_stream_vector_stream_stream_vector_0_data_5_1_0"/><MemPortTyVec>2 2 </MemPortTyVec>
</StgValue>
</bind>
</comp>

<comp id="90" class="1000" name="FFT_DIT_spatial_unroll_CY_stream_vector_stream_stream_vector_0_data_5_1_1">
<pin_list>
<pin id="91" dir="1" index="0" bw="1" slack="0"/>
</pin_list>
<bind>
<StgValue><ssdm name="FFT_DIT_spatial_unroll_CY_stream_vector_stream_stream_vector_0_data_5_1_1"/><MemPortTyVec>2 2 </MemPortTyVec>
</StgValue>
</bind>
</comp>

<comp id="92" class="1001" name="const_92">
<pin_list>
<pin id="93" dir="1" index="0" bw="1" slack="0"/>
</pin_list>
<bind>
<StgValue><ssdm name=""/></StgValue>
</bind>
</comp>

<comp id="94" class="1001" name="const_94">
<pin_list>
<pin id="95" dir="1" index="0" bw="1" slack="0"/>
</pin_list>
<bind>
<StgValue><ssdm name="reverse_input_stream_UF2"/></StgValue>
</bind>
</comp>

<comp id="96" class="1001" name="const_96">
<pin_list>
<pin id="97" dir="1" index="0" bw="1" slack="0"/>
</pin_list>
<bind>
<StgValue><ssdm name="FFT_Stage1_vectorstream_parameterize"/></StgValue>
</bind>
</comp>

<comp id="98" class="1001" name="const_98">
<pin_list>
<pin id="99" dir="1" index="0" bw="1" slack="0"/>
</pin_list>
<bind>
<StgValue><ssdm name="FFT_Stage2_vectorstreamIn_arrayOut_parametize"/></StgValue>
</bind>
</comp>

<comp id="100" class="1001" name="const_100">
<pin_list>
<pin id="101" dir="1" index="0" bw="1" slack="0"/>
</pin_list>
<bind>
<StgValue><ssdm name="FFT_stage_spatial_unroll<3>"/></StgValue>
</bind>
</comp>

<comp id="102" class="1001" name="const_102">
<pin_list>
<pin id="103" dir="1" index="0" bw="1" slack="0"/>
</pin_list>
<bind>
<StgValue><ssdm name="FFT_stage_spatial_unroll<4>"/></StgValue>
</bind>
</comp>

<comp id="104" class="1001" name="const_104">
<pin_list>
<pin id="105" dir="1" index="0" bw="1" slack="0"/>
</pin_list>
<bind>
<StgValue><ssdm name="FFT_stage_spatial_unroll<5>"/></StgValue>
</bind>
</comp>

<comp id="106" class="1001" name="const_106">
<pin_list>
<pin id="107" dir="1" index="0" bw="1" slack="0"/>
</pin_list>
<bind>
<StgValue><ssdm name="FFT_stage_spatial_unroll<6>"/></StgValue>
</bind>
</comp>

<comp id="108" class="1001" name="const_108">
<pin_list>
<pin id="109" dir="1" index="0" bw="1" slack="0"/>
</pin_list>
<bind>
<StgValue><ssdm name="FFT_stage_spatial_unroll<7>"/></StgValue>
</bind>
</comp>

<comp id="110" class="1001" name="const_110">
<pin_list>
<pin id="111" dir="1" index="0" bw="1" slack="0"/>
</pin_list>
<bind>
<StgValue><ssdm name="output_result_array_to_stream"/></StgValue>
</bind>
</comp>

<comp id="112" class="1001" name="const_112">
<pin_list>
<pin id="113" dir="1" index="0" bw="1" slack="2147483647"/>
</pin_list>
<bind>
<StgValue><ssdm name="_ssdm_op_SpecDataflowPipeline"/></StgValue>
</bind>
</comp>

<comp id="114" class="1001" name="const_114">
<pin_list>
<pin id="115" dir="1" index="0" bw="1" slack="2147483647"/>
</pin_list>
<bind>
<StgValue><ssdm name=""/></StgValue>
</bind>
</comp>

<comp id="116" class="1001" name="const_116">
<pin_list>
<pin id="117" dir="1" index="0" bw="1" slack="2147483647"/>
</pin_list>
<bind>
<StgValue><ssdm name=""/></StgValue>
</bind>
</comp>

<comp id="118" class="1001" name="const_118">
<pin_list>
<pin id="119" dir="1" index="0" bw="1" slack="2147483647"/>
</pin_list>
<bind>
<StgValue><ssdm name="empty_71"/></StgValue>
</bind>
</comp>

<comp id="120" class="1001" name="const_120">
<pin_list>
<pin id="121" dir="1" index="0" bw="1" slack="2147483647"/>
</pin_list>
<bind>
<StgValue><ssdm name="_ssdm_op_SpecInterface"/></StgValue>
</bind>
</comp>

<comp id="122" class="1001" name="const_122">
<pin_list>
<pin id="123" dir="1" index="0" bw="1" slack="2147483647"/>
</pin_list>
<bind>
<StgValue><ssdm name="empty_70"/></StgValue>
</bind>
</comp>

<comp id="124" class="1001" name="const_124">
<pin_list>
<pin id="125" dir="1" index="0" bw="1" slack="2147483647"/>
</pin_list>
<bind>
<StgValue><ssdm name=""/></StgValue>
</bind>
</comp>

<comp id="126" class="1001" name="const_126">
<pin_list>
<pin id="127" dir="1" index="0" bw="1" slack="2147483647"/>
</pin_list>
<bind>
<StgValue><ssdm name="_ssdm_op_SpecPerformance"/></StgValue>
</bind>
</comp>

<comp id="128" class="1001" name="const_128">
<pin_list>
<pin id="129" dir="1" index="0" bw="1" slack="2147483647"/>
</pin_list>
<bind>
<StgValue><ssdm name=""/></StgValue>
</bind>
</comp>

<comp id="130" class="1001" name="const_130">
<pin_list>
<pin id="131" dir="1" index="0" bw="1" slack="2147483647"/>
</pin_list>
<bind>
<StgValue><ssdm name=""/></StgValue>
</bind>
</comp>

<comp id="132" class="1001" name="const_132">
<pin_list>
<pin id="133" dir="1" index="0" bw="1" slack="2147483647"/>
</pin_list>
<bind>
<StgValue><ssdm name="_ssdm_op_SpecChannel"/></StgValue>
</bind>
</comp>

<comp id="134" class="1001" name="const_134">
<pin_list>
<pin id="135" dir="1" index="0" bw="1" slack="2147483647"/>
</pin_list>
<bind>
<StgValue><ssdm name="reverse_in_stream_vector_str"/></StgValue>
</bind>
</comp>

<comp id="136" class="1001" name="const_136">
<pin_list>
<pin id="137" dir="1" index="0" bw="1" slack="2147483647"/>
</pin_list>
<bind>
<StgValue><ssdm name="p_str"/></StgValue>
</bind>
</comp>

<comp id="138" class="1001" name="const_138">
<pin_list>
<pin id="139" dir="1" index="0" bw="1" slack="2147483647"/>
</pin_list>
<bind>
<StgValue><ssdm name=""/></StgValue>
</bind>
</comp>

<comp id="140" class="1001" name="const_140">
<pin_list>
<pin id="141" dir="1" index="0" bw="1" slack="2147483647"/>
</pin_list>
<bind>
<StgValue><ssdm name="data_s1_stream_vector_str"/></StgValue>
</bind>
</comp>

<comp id="142" class="1001" name="const_142">
<pin_list>
<pin id="143" dir="1" index="0" bw="1" slack="2147483647"/>
</pin_list>
<bind>
<StgValue><ssdm name="_ssdm_op_SpecMemCore"/></StgValue>
</bind>
</comp>

<comp id="144" class="1001" name="const_144">
<pin_list>
<pin id="145" dir="1" index="0" bw="1" slack="2147483647"/>
</pin_list>
<bind>
<StgValue><ssdm name=""/></StgValue>
</bind>
</comp>

<comp id="146" class="1001" name="const_146">
<pin_list>
<pin id="147" dir="1" index="0" bw="1" slack="2147483647"/>
</pin_list>
<bind>
<StgValue><ssdm name=""/></StgValue>
</bind>
</comp>

<comp id="148" class="1001" name="const_148">
<pin_list>
<pin id="149" dir="1" index="0" bw="1" slack="2147483647"/>
</pin_list>
<bind>
<StgValue><ssdm name=""/></StgValue>
</bind>
</comp>

<comp id="150" class="1004" name="reverse_in_stream_vector_fu_150">
<pin_list>
<pin id="151" dir="0" index="0" bw="1" slack="0"/>
<pin id="152" dir="1" index="1" bw="256" slack="0"/>
</pin_list>
<bind>
<opcode="alloca(26) " fcode="alloca"/>
<opset="reverse_in_stream_vector/1 "/>
</bind>
</comp>

<comp id="154" class="1004" name="data_s1_stream_vector_fu_154">
<pin_list>
<pin id="155" dir="0" index="0" bw="1" slack="0"/>
<pin id="156" dir="1" index="1" bw="256" slack="2"/>
</pin_list>
<bind>
<opcode="alloca(26) " fcode="alloca"/>
<opset="data_s1_stream_vector/1 "/>
</bind>
</comp>

<comp id="158" class="1004" name="grp_reverse_input_stream_UF2_fu_158">
<pin_list>
<pin id="159" dir="0" index="0" bw="0" slack="0"/>
<pin id="160" dir="0" index="1" bw="256" slack="0"/>
<pin id="161" dir="0" index="2" bw="256" slack="0"/>
<pin id="162" dir="0" index="3" bw="32" slack="0"/>
<pin id="163" dir="0" index="4" bw="32" slack="0"/>
<pin id="164" dir="0" index="5" bw="32" slack="0"/>
<pin id="165" dir="0" index="6" bw="32" slack="0"/>
<pin id="166" dir="0" index="7" bw="32" slack="0"/>
<pin id="167" dir="0" index="8" bw="32" slack="0"/>
<pin id="168" dir="0" index="9" bw="32" slack="0"/>
<pin id="169" dir="0" index="10" bw="32" slack="0"/>
<pin id="170" dir="0" index="11" bw="32" slack="0"/>
<pin id="171" dir="0" index="12" bw="32" slack="0"/>
<pin id="172" dir="0" index="13" bw="32" slack="0"/>
<pin id="173" dir="0" index="14" bw="32" slack="0"/>
<pin id="174" dir="0" index="15" bw="32" slack="0"/>
<pin id="175" dir="0" index="16" bw="32" slack="0"/>
<pin id="176" dir="0" index="17" bw="32" slack="0"/>
<pin id="177" dir="0" index="18" bw="32" slack="0"/>
<pin id="178" dir="1" index="19" bw="0" slack="2147483647"/>
</pin_list>
<bind>
<opcode="call(48) " fcode="call"/>
<opset="call_ln581/1 "/>
</bind>
</comp>

<comp id="197" class="1004" name="grp_FFT_Stage1_vectorstream_parameterize_fu_197">
<pin_list>
<pin id="198" dir="0" index="0" bw="0" slack="0"/>
<pin id="199" dir="0" index="1" bw="256" slack="2"/>
<pin id="200" dir="0" index="2" bw="256" slack="2"/>
<pin id="201" dir="1" index="3" bw="0" slack="2147483647"/>
</pin_list>
<bind>
<opcode="call(48) " fcode="call"/>
<opset="call_ln582/3 "/>
</bind>
</comp>

<comp id="203" class="1004" name="grp_FFT_Stage2_vectorstreamIn_arrayOut_parametize_fu_203">
<pin_list>
<pin id="204" dir="0" index="0" bw="0" slack="0"/>
<pin id="205" dir="0" index="1" bw="256" slack="4"/>
<pin id="206" dir="0" index="2" bw="32" slack="0"/>
<pin id="207" dir="0" index="3" bw="32" slack="0"/>
<pin id="208" dir="0" index="4" bw="32" slack="0"/>
<pin id="209" dir="0" index="5" bw="32" slack="0"/>
<pin id="210" dir="0" index="6" bw="32" slack="0"/>
<pin id="211" dir="0" index="7" bw="32" slack="0"/>
<pin id="212" dir="0" index="8" bw="32" slack="0"/>
<pin id="213" dir="0" index="9" bw="32" slack="0"/>
<pin id="214" dir="1" index="10" bw="0" slack="2147483647"/>
</pin_list>
<bind>
<opcode="call(48) " fcode="call"/>
<opset="call_ln583/5 "/>
</bind>
</comp>

<comp id="224" class="1004" name="grp_FFT_stage_spatial_unroll_3_s_fu_224">
<pin_list>
<pin id="225" dir="0" index="0" bw="0" slack="0"/>
<pin id="226" dir="0" index="1" bw="32" slack="0"/>
<pin id="227" dir="0" index="2" bw="32" slack="0"/>
<pin id="228" dir="0" index="3" bw="32" slack="0"/>
<pin id="229" dir="0" index="4" bw="32" slack="0"/>
<pin id="230" dir="0" index="5" bw="32" slack="0"/>
<pin id="231" dir="0" index="6" bw="32" slack="0"/>
<pin id="232" dir="0" index="7" bw="32" slack="0"/>
<pin id="233" dir="0" index="8" bw="32" slack="0"/>
<pin id="234" dir="0" index="9" bw="32" slack="0"/>
<pin id="235" dir="0" index="10" bw="32" slack="0"/>
<pin id="236" dir="0" index="11" bw="32" slack="0"/>
<pin id="237" dir="0" index="12" bw="32" slack="0"/>
<pin id="238" dir="1" index="13" bw="0" slack="2147483647"/>
</pin_list>
<bind>
<opcode="call(48) " fcode="call"/>
<opset="call_ln584/7 "/>
</bind>
</comp>

<comp id="252" class="1004" name="grp_FFT_stage_spatial_unroll_4_s_fu_252">
<pin_list>
<pin id="253" dir="0" index="0" bw="0" slack="0"/>
<pin id="254" dir="0" index="1" bw="32" slack="0"/>
<pin id="255" dir="0" index="2" bw="32" slack="0"/>
<pin id="256" dir="0" index="3" bw="32" slack="0"/>
<pin id="257" dir="0" index="4" bw="32" slack="0"/>
<pin id="258" dir="0" index="5" bw="32" slack="0"/>
<pin id="259" dir="0" index="6" bw="32" slack="0"/>
<pin id="260" dir="0" index="7" bw="32" slack="0"/>
<pin id="261" dir="0" index="8" bw="32" slack="0"/>
<pin id="262" dir="1" index="9" bw="0" slack="2147483647"/>
</pin_list>
<bind>
<opcode="call(48) " fcode="call"/>
<opset="call_ln585/9 "/>
</bind>
</comp>

<comp id="272" class="1004" name="grp_FFT_stage_spatial_unroll_5_s_fu_272">
<pin_list>
<pin id="273" dir="0" index="0" bw="0" slack="0"/>
<pin id="274" dir="0" index="1" bw="32" slack="0"/>
<pin id="275" dir="0" index="2" bw="32" slack="0"/>
<pin id="276" dir="0" index="3" bw="32" slack="0"/>
<pin id="277" dir="0" index="4" bw="32" slack="0"/>
<pin id="278" dir="0" index="5" bw="32" slack="0"/>
<pin id="279" dir="0" index="6" bw="32" slack="0"/>
<pin id="280" dir="0" index="7" bw="32" slack="0"/>
<pin id="281" dir="0" index="8" bw="32" slack="0"/>
<pin id="282" dir="1" index="9" bw="0" slack="2147483647"/>
</pin_list>
<bind>
<opcode="call(48) " fcode="call"/>
<opset="call_ln586/11 "/>
</bind>
</comp>

<comp id="292" class="1004" name="grp_FFT_stage_spatial_unroll_6_s_fu_292">
<pin_list>
<pin id="293" dir="0" index="0" bw="0" slack="0"/>
<pin id="294" dir="0" index="1" bw="32" slack="0"/>
<pin id="295" dir="0" index="2" bw="32" slack="0"/>
<pin id="296" dir="0" index="3" bw="32" slack="0"/>
<pin id="297" dir="0" index="4" bw="32" slack="0"/>
<pin id="298" dir="0" index="5" bw="32" slack="0"/>
<pin id="299" dir="0" index="6" bw="32" slack="0"/>
<pin id="300" dir="0" index="7" bw="32" slack="0"/>
<pin id="301" dir="0" index="8" bw="32" slack="0"/>
<pin id="302" dir="1" index="9" bw="0" slack="2147483647"/>
</pin_list>
<bind>
<opcode="call(48) " fcode="call"/>
<opset="call_ln587/13 "/>
</bind>
</comp>

<comp id="312" class="1004" name="grp_FFT_stage_spatial_unroll_7_s_fu_312">
<pin_list>
<pin id="313" dir="0" index="0" bw="0" slack="0"/>
<pin id="314" dir="0" index="1" bw="32" slack="0"/>
<pin id="315" dir="0" index="2" bw="32" slack="0"/>
<pin id="316" dir="0" index="3" bw="32" slack="0"/>
<pin id="317" dir="0" index="4" bw="32" slack="0"/>
<pin id="318" dir="0" index="5" bw="32" slack="0"/>
<pin id="319" dir="0" index="6" bw="32" slack="0"/>
<pin id="320" dir="0" index="7" bw="32" slack="0"/>
<pin id="321" dir="0" index="8" bw="32" slack="0"/>
<pin id="322" dir="1" index="9" bw="0" slack="2147483647"/>
</pin_list>
<bind>
<opcode="call(48) " fcode="call"/>
<opset="call_ln588/15 "/>
</bind>
</comp>

<comp id="332" class="1004" name="grp_output_result_array_to_stream_fu_332">
<pin_list>
<pin id="333" dir="0" index="0" bw="0" slack="0"/>
<pin id="334" dir="0" index="1" bw="256" slack="0"/>
<pin id="335" dir="0" index="2" bw="32" slack="0"/>
<pin id="336" dir="0" index="3" bw="32" slack="0"/>
<pin id="337" dir="0" index="4" bw="32" slack="0"/>
<pin id="338" dir="0" index="5" bw="32" slack="0"/>
<pin id="339" dir="1" index="6" bw="0" slack="2147483647"/>
</pin_list>
<bind>
<opcode="call(48) " fcode="call"/>
<opset="call_ln589/17 "/>
</bind>
</comp>

<comp id="346" class="1005" name="reverse_in_stream_vector_reg_346">
<pin_list>
<pin id="347" dir="0" index="0" bw="256" slack="0"/>
<pin id="348" dir="1" index="1" bw="256" slack="0"/>
</pin_list>
<bind>
<opset="reverse_in_stream_vector "/>
</bind>
</comp>

<comp id="352" class="1005" name="data_s1_stream_vector_reg_352">
<pin_list>
<pin id="353" dir="0" index="0" bw="256" slack="2"/>
<pin id="354" dir="1" index="1" bw="256" slack="2"/>
</pin_list>
<bind>
<opset="data_s1_stream_vector "/>
</bind>
</comp>

</comp_list>

<net_list>
<net id="153"><net_src comp="92" pin="0"/><net_sink comp="150" pin=0"/></net>

<net id="157"><net_src comp="92" pin="0"/><net_sink comp="154" pin=0"/></net>

<net id="179"><net_src comp="94" pin="0"/><net_sink comp="158" pin=0"/></net>

<net id="180"><net_src comp="0" pin="0"/><net_sink comp="158" pin=1"/></net>

<net id="181"><net_src comp="4" pin="0"/><net_sink comp="158" pin=3"/></net>

<net id="182"><net_src comp="6" pin="0"/><net_sink comp="158" pin=4"/></net>

<net id="183"><net_src comp="8" pin="0"/><net_sink comp="158" pin=5"/></net>

<net id="184"><net_src comp="10" pin="0"/><net_sink comp="158" pin=6"/></net>

<net id="185"><net_src comp="12" pin="0"/><net_sink comp="158" pin=7"/></net>

<net id="186"><net_src comp="14" pin="0"/><net_sink comp="158" pin=8"/></net>

<net id="187"><net_src comp="16" pin="0"/><net_sink comp="158" pin=9"/></net>

<net id="188"><net_src comp="18" pin="0"/><net_sink comp="158" pin=10"/></net>

<net id="189"><net_src comp="20" pin="0"/><net_sink comp="158" pin=11"/></net>

<net id="190"><net_src comp="22" pin="0"/><net_sink comp="158" pin=12"/></net>

<net id="191"><net_src comp="24" pin="0"/><net_sink comp="158" pin=13"/></net>

<net id="192"><net_src comp="26" pin="0"/><net_sink comp="158" pin=14"/></net>

<net id="193"><net_src comp="28" pin="0"/><net_sink comp="158" pin=15"/></net>

<net id="194"><net_src comp="30" pin="0"/><net_sink comp="158" pin=16"/></net>

<net id="195"><net_src comp="32" pin="0"/><net_sink comp="158" pin=17"/></net>

<net id="196"><net_src comp="34" pin="0"/><net_sink comp="158" pin=18"/></net>

<net id="202"><net_src comp="96" pin="0"/><net_sink comp="197" pin=0"/></net>

<net id="215"><net_src comp="98" pin="0"/><net_sink comp="203" pin=0"/></net>

<net id="216"><net_src comp="36" pin="0"/><net_sink comp="203" pin=2"/></net>

<net id="217"><net_src comp="38" pin="0"/><net_sink comp="203" pin=3"/></net>

<net id="218"><net_src comp="40" pin="0"/><net_sink comp="203" pin=4"/></net>

<net id="219"><net_src comp="42" pin="0"/><net_sink comp="203" pin=5"/></net>

<net id="220"><net_src comp="44" pin="0"/><net_sink comp="203" pin=6"/></net>

<net id="221"><net_src comp="46" pin="0"/><net_sink comp="203" pin=7"/></net>

<net id="222"><net_src comp="48" pin="0"/><net_sink comp="203" pin=8"/></net>

<net id="223"><net_src comp="50" pin="0"/><net_sink comp="203" pin=9"/></net>

<net id="239"><net_src comp="100" pin="0"/><net_sink comp="224" pin=0"/></net>

<net id="240"><net_src comp="52" pin="0"/><net_sink comp="224" pin=1"/></net>

<net id="241"><net_src comp="54" pin="0"/><net_sink comp="224" pin=2"/></net>

<net id="242"><net_src comp="56" pin="0"/><net_sink comp="224" pin=3"/></net>

<net id="243"><net_src comp="58" pin="0"/><net_sink comp="224" pin=4"/></net>

<net id="244"><net_src comp="38" pin="0"/><net_sink comp="224" pin=5"/></net>

<net id="245"><net_src comp="42" pin="0"/><net_sink comp="224" pin=6"/></net>

<net id="246"><net_src comp="46" pin="0"/><net_sink comp="224" pin=7"/></net>

<net id="247"><net_src comp="50" pin="0"/><net_sink comp="224" pin=8"/></net>

<net id="248"><net_src comp="36" pin="0"/><net_sink comp="224" pin=9"/></net>

<net id="249"><net_src comp="40" pin="0"/><net_sink comp="224" pin=10"/></net>

<net id="250"><net_src comp="44" pin="0"/><net_sink comp="224" pin=11"/></net>

<net id="251"><net_src comp="48" pin="0"/><net_sink comp="224" pin=12"/></net>

<net id="263"><net_src comp="102" pin="0"/><net_sink comp="252" pin=0"/></net>

<net id="264"><net_src comp="60" pin="0"/><net_sink comp="252" pin=1"/></net>

<net id="265"><net_src comp="62" pin="0"/><net_sink comp="252" pin=2"/></net>

<net id="266"><net_src comp="64" pin="0"/><net_sink comp="252" pin=3"/></net>

<net id="267"><net_src comp="66" pin="0"/><net_sink comp="252" pin=4"/></net>

<net id="268"><net_src comp="54" pin="0"/><net_sink comp="252" pin=5"/></net>

<net id="269"><net_src comp="58" pin="0"/><net_sink comp="252" pin=6"/></net>

<net id="270"><net_src comp="52" pin="0"/><net_sink comp="252" pin=7"/></net>

<net id="271"><net_src comp="56" pin="0"/><net_sink comp="252" pin=8"/></net>

<net id="283"><net_src comp="104" pin="0"/><net_sink comp="272" pin=0"/></net>

<net id="284"><net_src comp="68" pin="0"/><net_sink comp="272" pin=1"/></net>

<net id="285"><net_src comp="70" pin="0"/><net_sink comp="272" pin=2"/></net>

<net id="286"><net_src comp="72" pin="0"/><net_sink comp="272" pin=3"/></net>

<net id="287"><net_src comp="74" pin="0"/><net_sink comp="272" pin=4"/></net>

<net id="288"><net_src comp="62" pin="0"/><net_sink comp="272" pin=5"/></net>

<net id="289"><net_src comp="66" pin="0"/><net_sink comp="272" pin=6"/></net>

<net id="290"><net_src comp="60" pin="0"/><net_sink comp="272" pin=7"/></net>

<net id="291"><net_src comp="64" pin="0"/><net_sink comp="272" pin=8"/></net>

<net id="303"><net_src comp="106" pin="0"/><net_sink comp="292" pin=0"/></net>

<net id="304"><net_src comp="76" pin="0"/><net_sink comp="292" pin=1"/></net>

<net id="305"><net_src comp="78" pin="0"/><net_sink comp="292" pin=2"/></net>

<net id="306"><net_src comp="80" pin="0"/><net_sink comp="292" pin=3"/></net>

<net id="307"><net_src comp="82" pin="0"/><net_sink comp="292" pin=4"/></net>

<net id="308"><net_src comp="70" pin="0"/><net_sink comp="292" pin=5"/></net>

<net id="309"><net_src comp="74" pin="0"/><net_sink comp="292" pin=6"/></net>

<net id="310"><net_src comp="68" pin="0"/><net_sink comp="292" pin=7"/></net>

<net id="311"><net_src comp="72" pin="0"/><net_sink comp="292" pin=8"/></net>

<net id="323"><net_src comp="108" pin="0"/><net_sink comp="312" pin=0"/></net>

<net id="324"><net_src comp="84" pin="0"/><net_sink comp="312" pin=1"/></net>

<net id="325"><net_src comp="86" pin="0"/><net_sink comp="312" pin=2"/></net>

<net id="326"><net_src comp="88" pin="0"/><net_sink comp="312" pin=3"/></net>

<net id="327"><net_src comp="90" pin="0"/><net_sink comp="312" pin=4"/></net>

<net id="328"><net_src comp="76" pin="0"/><net_sink comp="312" pin=5"/></net>

<net id="329"><net_src comp="80" pin="0"/><net_sink comp="312" pin=6"/></net>

<net id="330"><net_src comp="78" pin="0"/><net_sink comp="312" pin=7"/></net>

<net id="331"><net_src comp="82" pin="0"/><net_sink comp="312" pin=8"/></net>

<net id="340"><net_src comp="110" pin="0"/><net_sink comp="332" pin=0"/></net>

<net id="341"><net_src comp="2" pin="0"/><net_sink comp="332" pin=1"/></net>

<net id="342"><net_src comp="84" pin="0"/><net_sink comp="332" pin=2"/></net>

<net id="343"><net_src comp="88" pin="0"/><net_sink comp="332" pin=3"/></net>

<net id="344"><net_src comp="86" pin="0"/><net_sink comp="332" pin=4"/></net>

<net id="345"><net_src comp="90" pin="0"/><net_sink comp="332" pin=5"/></net>

<net id="349"><net_src comp="150" pin="1"/><net_sink comp="346" pin=0"/></net>

<net id="350"><net_src comp="346" pin="1"/><net_sink comp="158" pin=2"/></net>

<net id="351"><net_src comp="346" pin="1"/><net_sink comp="197" pin=1"/></net>

<net id="355"><net_src comp="154" pin="1"/><net_sink comp="352" pin=0"/></net>

<net id="356"><net_src comp="352" pin="1"/><net_sink comp="197" pin=2"/></net>

<net id="357"><net_src comp="352" pin="1"/><net_sink comp="203" pin=1"/></net>

</net_list>

</model> 
---------------- Datapath Model END ------------------

* FSMD analyzer results:
  - Output states:
	Port: mid | {17 18 }
	Port: reverse_input_stream_UF2_stream_stream_vector_0_data_rev_stream_0_0 | {1 2 }
	Port: reverse_input_stream_UF2_stream_stream_vector_0_data_rev_stream_0_2 | {1 2 }
	Port: reverse_input_stream_UF2_stream_stream_vector_0_data_rev_stream_0_1 | {1 2 }
	Port: reverse_input_stream_UF2_stream_stream_vector_0_data_rev_stream_0_3 | {1 2 }
	Port: reverse_input_stream_UF2_stream_stream_vector_0_data_rev_stream_1_0 | {1 2 }
	Port: reverse_input_stream_UF2_stream_stream_vector_0_data_rev_stream_1_2 | {1 2 }
	Port: reverse_input_stream_UF2_stream_stream_vector_0_data_rev_stream_1_1 | {1 2 }
	Port: reverse_input_stream_UF2_stream_stream_vector_0_data_rev_stream_1_3 | {1 2 }
	Port: reverse_input_stream_UF2_stream_stream_vector_0_data_in_cyclic_0_0 | {1 2 }
	Port: reverse_input_stream_UF2_stream_stream_vector_0_data_in_cyclic_0_1 | {1 2 }
	Port: reverse_input_stream_UF2_stream_stream_vector_0_data_in_cyclic_0_2 | {1 2 }
	Port: reverse_input_stream_UF2_stream_stream_vector_0_data_in_cyclic_0_3 | {1 2 }
	Port: reverse_input_stream_UF2_stream_stream_vector_0_data_in_cyclic_1_0 | {1 2 }
	Port: reverse_input_stream_UF2_stream_stream_vector_0_data_in_cyclic_1_1 | {1 2 }
	Port: reverse_input_stream_UF2_stream_stream_vector_0_data_in_cyclic_1_2 | {1 2 }
	Port: reverse_input_stream_UF2_stream_stream_vector_0_data_in_cyclic_1_3 | {1 2 }
	Port: FFT_DIT_spatial_unroll_CY_stream_vector_stream_stream_vector_0_data_0_0_0 | {5 6 }
	Port: FFT_DIT_spatial_unroll_CY_stream_vector_stream_stream_vector_0_data_0_0_1 | {5 6 }
	Port: FFT_DIT_spatial_unroll_CY_stream_vector_stream_stream_vector_0_data_0_0_2 | {5 6 }
	Port: FFT_DIT_spatial_unroll_CY_stream_vector_stream_stream_vector_0_data_0_0_3 | {5 6 }
	Port: FFT_DIT_spatial_unroll_CY_stream_vector_stream_stream_vector_0_data_0_1_0 | {5 6 }
	Port: FFT_DIT_spatial_unroll_CY_stream_vector_stream_stream_vector_0_data_0_1_1 | {5 6 }
	Port: FFT_DIT_spatial_unroll_CY_stream_vector_stream_stream_vector_0_data_0_1_2 | {5 6 }
	Port: FFT_DIT_spatial_unroll_CY_stream_vector_stream_stream_vector_0_data_0_1_3 | {5 6 }
	Port: FFT_DIT_spatial_unroll_CY_stream_vector_stream_stream_vector_0_data_1_0_0 | {7 8 }
	Port: FFT_DIT_spatial_unroll_CY_stream_vector_stream_stream_vector_0_data_1_0_1 | {7 8 }
	Port: FFT_DIT_spatial_unroll_CY_stream_vector_stream_stream_vector_0_data_1_1_0 | {7 8 }
	Port: FFT_DIT_spatial_unroll_CY_stream_vector_stream_stream_vector_0_data_1_1_1 | {7 8 }
	Port: FFT_DIT_spatial_unroll_CY_stream_vector_stream_stream_vector_0_data_2_0_0 | {9 10 }
	Port: FFT_DIT_spatial_unroll_CY_stream_vector_stream_stream_vector_0_data_2_0_1 | {9 10 }
	Port: FFT_DIT_spatial_unroll_CY_stream_vector_stream_stream_vector_0_data_2_1_0 | {9 10 }
	Port: FFT_DIT_spatial_unroll_CY_stream_vector_stream_stream_vector_0_data_2_1_1 | {9 10 }
	Port: FFT_DIT_spatial_unroll_CY_stream_vector_stream_stream_vector_0_data_3_0_0 | {11 12 }
	Port: FFT_DIT_spatial_unroll_CY_stream_vector_stream_stream_vector_0_data_3_0_1 | {11 12 }
	Port: FFT_DIT_spatial_unroll_CY_stream_vector_stream_stream_vector_0_data_3_1_0 | {11 12 }
	Port: FFT_DIT_spatial_unroll_CY_stream_vector_stream_stream_vector_0_data_3_1_1 | {11 12 }
	Port: FFT_DIT_spatial_unroll_CY_stream_vector_stream_stream_vector_0_data_4_0_0 | {13 14 }
	Port: FFT_DIT_spatial_unroll_CY_stream_vector_stream_stream_vector_0_data_4_0_1 | {13 14 }
	Port: FFT_DIT_spatial_unroll_CY_stream_vector_stream_stream_vector_0_data_4_1_0 | {13 14 }
	Port: FFT_DIT_spatial_unroll_CY_stream_vector_stream_stream_vector_0_data_4_1_1 | {13 14 }
	Port: FFT_DIT_spatial_unroll_CY_stream_vector_stream_stream_vector_0_data_5_0_0 | {15 16 }
	Port: FFT_DIT_spatial_unroll_CY_stream_vector_stream_stream_vector_0_data_5_0_1 | {15 16 }
	Port: FFT_DIT_spatial_unroll_CY_stream_vector_stream_stream_vector_0_data_5_1_0 | {15 16 }
	Port: FFT_DIT_spatial_unroll_CY_stream_vector_stream_stream_vector_0_data_5_1_1 | {15 16 }
 - Input state : 
	Port: FFT_DIT_spatial_unroll_CY_stream_vector : in_r | {1 2 }
	Port: FFT_DIT_spatial_unroll_CY_stream_vector : reverse_input_stream_UF2_stream_stream_vector_0_data_rev_stream_0_0 | {1 2 }
	Port: FFT_DIT_spatial_unroll_CY_stream_vector : reverse_input_stream_UF2_stream_stream_vector_0_data_rev_stream_0_2 | {1 2 }
	Port: FFT_DIT_spatial_unroll_CY_stream_vector : reverse_input_stream_UF2_stream_stream_vector_0_data_rev_stream_0_1 | {1 2 }
	Port: FFT_DIT_spatial_unroll_CY_stream_vector : reverse_input_stream_UF2_stream_stream_vector_0_data_rev_stream_0_3 | {1 2 }
	Port: FFT_DIT_spatial_unroll_CY_stream_vector : reverse_input_stream_UF2_stream_stream_vector_0_data_rev_stream_1_0 | {1 2 }
	Port: FFT_DIT_spatial_unroll_CY_stream_vector : reverse_input_stream_UF2_stream_stream_vector_0_data_rev_stream_1_2 | {1 2 }
	Port: FFT_DIT_spatial_unroll_CY_stream_vector : reverse_input_stream_UF2_stream_stream_vector_0_data_rev_stream_1_1 | {1 2 }
	Port: FFT_DIT_spatial_unroll_CY_stream_vector : reverse_input_stream_UF2_stream_stream_vector_0_data_rev_stream_1_3 | {1 2 }
	Port: FFT_DIT_spatial_unroll_CY_stream_vector : reverse_input_stream_UF2_stream_stream_vector_0_data_in_cyclic_0_0 | {1 2 }
	Port: FFT_DIT_spatial_unroll_CY_stream_vector : reverse_input_stream_UF2_stream_stream_vector_0_data_in_cyclic_0_1 | {1 2 }
	Port: FFT_DIT_spatial_unroll_CY_stream_vector : reverse_input_stream_UF2_stream_stream_vector_0_data_in_cyclic_0_2 | {1 2 }
	Port: FFT_DIT_spatial_unroll_CY_stream_vector : reverse_input_stream_UF2_stream_stream_vector_0_data_in_cyclic_0_3 | {1 2 }
	Port: FFT_DIT_spatial_unroll_CY_stream_vector : reverse_input_stream_UF2_stream_stream_vector_0_data_in_cyclic_1_0 | {1 2 }
	Port: FFT_DIT_spatial_unroll_CY_stream_vector : reverse_input_stream_UF2_stream_stream_vector_0_data_in_cyclic_1_1 | {1 2 }
	Port: FFT_DIT_spatial_unroll_CY_stream_vector : reverse_input_stream_UF2_stream_stream_vector_0_data_in_cyclic_1_2 | {1 2 }
	Port: FFT_DIT_spatial_unroll_CY_stream_vector : reverse_input_stream_UF2_stream_stream_vector_0_data_in_cyclic_1_3 | {1 2 }
	Port: FFT_DIT_spatial_unroll_CY_stream_vector : FFT_DIT_spatial_unroll_CY_stream_vector_stream_stream_vector_0_data_0_0_0 | {7 8 }
	Port: FFT_DIT_spatial_unroll_CY_stream_vector : FFT_DIT_spatial_unroll_CY_stream_vector_stream_stream_vector_0_data_0_0_1 | {7 8 }
	Port: FFT_DIT_spatial_unroll_CY_stream_vector : FFT_DIT_spatial_unroll_CY_stream_vector_stream_stream_vector_0_data_0_0_2 | {7 8 }
	Port: FFT_DIT_spatial_unroll_CY_stream_vector : FFT_DIT_spatial_unroll_CY_stream_vector_stream_stream_vector_0_data_0_0_3 | {7 8 }
	Port: FFT_DIT_spatial_unroll_CY_stream_vector : FFT_DIT_spatial_unroll_CY_stream_vector_stream_stream_vector_0_data_0_1_0 | {7 8 }
	Port: FFT_DIT_spatial_unroll_CY_stream_vector : FFT_DIT_spatial_unroll_CY_stream_vector_stream_stream_vector_0_data_0_1_1 | {7 8 }
	Port: FFT_DIT_spatial_unroll_CY_stream_vector : FFT_DIT_spatial_unroll_CY_stream_vector_stream_stream_vector_0_data_0_1_2 | {7 8 }
	Port: FFT_DIT_spatial_unroll_CY_stream_vector : FFT_DIT_spatial_unroll_CY_stream_vector_stream_stream_vector_0_data_0_1_3 | {7 8 }
	Port: FFT_DIT_spatial_unroll_CY_stream_vector : FFT_DIT_spatial_unroll_CY_stream_vector_stream_stream_vector_0_data_1_0_0 | {9 10 }
	Port: FFT_DIT_spatial_unroll_CY_stream_vector : FFT_DIT_spatial_unroll_CY_stream_vector_stream_stream_vector_0_data_1_0_1 | {9 10 }
	Port: FFT_DIT_spatial_unroll_CY_stream_vector : FFT_DIT_spatial_unroll_CY_stream_vector_stream_stream_vector_0_data_1_1_0 | {9 10 }
	Port: FFT_DIT_spatial_unroll_CY_stream_vector : FFT_DIT_spatial_unroll_CY_stream_vector_stream_stream_vector_0_data_1_1_1 | {9 10 }
	Port: FFT_DIT_spatial_unroll_CY_stream_vector : FFT_DIT_spatial_unroll_CY_stream_vector_stream_stream_vector_0_data_2_0_0 | {11 12 }
	Port: FFT_DIT_spatial_unroll_CY_stream_vector : FFT_DIT_spatial_unroll_CY_stream_vector_stream_stream_vector_0_data_2_0_1 | {11 12 }
	Port: FFT_DIT_spatial_unroll_CY_stream_vector : FFT_DIT_spatial_unroll_CY_stream_vector_stream_stream_vector_0_data_2_1_0 | {11 12 }
	Port: FFT_DIT_spatial_unroll_CY_stream_vector : FFT_DIT_spatial_unroll_CY_stream_vector_stream_stream_vector_0_data_2_1_1 | {11 12 }
	Port: FFT_DIT_spatial_unroll_CY_stream_vector : FFT_DIT_spatial_unroll_CY_stream_vector_stream_stream_vector_0_data_3_0_0 | {13 14 }
	Port: FFT_DIT_spatial_unroll_CY_stream_vector : FFT_DIT_spatial_unroll_CY_stream_vector_stream_stream_vector_0_data_3_0_1 | {13 14 }
	Port: FFT_DIT_spatial_unroll_CY_stream_vector : FFT_DIT_spatial_unroll_CY_stream_vector_stream_stream_vector_0_data_3_1_0 | {13 14 }
	Port: FFT_DIT_spatial_unroll_CY_stream_vector : FFT_DIT_spatial_unroll_CY_stream_vector_stream_stream_vector_0_data_3_1_1 | {13 14 }
	Port: FFT_DIT_spatial_unroll_CY_stream_vector : FFT_DIT_spatial_unroll_CY_stream_vector_stream_stream_vector_0_data_4_0_0 | {15 16 }
	Port: FFT_DIT_spatial_unroll_CY_stream_vector : FFT_DIT_spatial_unroll_CY_stream_vector_stream_stream_vector_0_data_4_0_1 | {15 16 }
	Port: FFT_DIT_spatial_unroll_CY_stream_vector : FFT_DIT_spatial_unroll_CY_stream_vector_stream_stream_vector_0_data_4_1_0 | {15 16 }
	Port: FFT_DIT_spatial_unroll_CY_stream_vector : FFT_DIT_spatial_unroll_CY_stream_vector_stream_stream_vector_0_data_4_1_1 | {15 16 }
	Port: FFT_DIT_spatial_unroll_CY_stream_vector : FFT_DIT_spatial_unroll_CY_stream_vector_stream_stream_vector_0_data_5_0_0 | {17 18 }
	Port: FFT_DIT_spatial_unroll_CY_stream_vector : FFT_DIT_spatial_unroll_CY_stream_vector_stream_stream_vector_0_data_5_0_1 | {17 18 }
	Port: FFT_DIT_spatial_unroll_CY_stream_vector : FFT_DIT_spatial_unroll_CY_stream_vector_stream_stream_vector_0_data_5_1_0 | {17 18 }
	Port: FFT_DIT_spatial_unroll_CY_stream_vector : FFT_DIT_spatial_unroll_CY_stream_vector_stream_stream_vector_0_data_5_1_1 | {17 18 }
  - Chain level:
	State 1
		call_ln581 : 1
	State 2
	State 3
	State 4
	State 5
	State 6
	State 7
	State 8
	State 9
	State 10
	State 11
	State 12
	State 13
	State 14
	State 15
	State 16
	State 17
	State 18


============================================================
+ Verbose Summary: Datapath Resource usage 
============================================================

* Functional unit list:
|----------|----------------------------------------------------------|---------|---------|---------|---------|
| Operation|                      Functional Unit                     |   DSP   |  Delay  |    FF   |   LUT   |
|----------|----------------------------------------------------------|---------|---------|---------|---------|
|          |            grp_reverse_input_stream_UF2_fu_158           |    0    |  25.408 |   655   |   1106  |
|          |      grp_FFT_Stage1_vectorstream_parameterize_fu_197     |    0    |  25.408 |   5350  |   4930  |
|          | grp_FFT_Stage2_vectorstreamIn_arrayOut_parametize_fu_203 |    0    |  25.408 |   5614  |   4919  |
|          |          grp_FFT_stage_spatial_unroll_3_s_fu_224         |    24   |  31.76  |  10945  |  10362  |
|   call   |          grp_FFT_stage_spatial_unroll_4_s_fu_252         |    24   |  19.056 |  10551  |   9990  |
|          |          grp_FFT_stage_spatial_unroll_5_s_fu_272         |    24   |  19.056 |  10553  |  10079  |
|          |          grp_FFT_stage_spatial_unroll_6_s_fu_292         |    24   |  19.056 |  10555  |  10173  |
|          |          grp_FFT_stage_spatial_unroll_7_s_fu_312         |    24   |  19.056 |  10534  |  10424  |
|          |         grp_output_result_array_to_stream_fu_332         |    0    |  12.704 |    54   |    98   |
|----------|----------------------------------------------------------|---------|---------|---------|---------|
|   Total  |                                                          |   120   | 196.912 |  64811  |  62081  |
|----------|----------------------------------------------------------|---------|---------|---------|---------|

Memories:
N/A

* Register list:
+--------------------------------+--------+
|                                |   FF   |
+--------------------------------+--------+
|  data_s1_stream_vector_reg_352 |   256  |
|reverse_in_stream_vector_reg_346|   256  |
+--------------------------------+--------+
|              Total             |   512  |
+--------------------------------+--------+

* Multiplexer (MUX) list: 
|--------|------|------|------|--------|
|  Comp  |  Pin | Size |  BW  | S x BW |
|--------|------|------|------|--------|
|  Total |      |      |      |    0   |
|--------|------|------|------|--------|



* Summary:
+-----------+--------+--------+--------+--------+
|           |   DSP  |  Delay |   FF   |   LUT  |
+-----------+--------+--------+--------+--------+
|  Function |   120  |   196  |  64811 |  62081 |
|   Memory  |    -   |    -   |    -   |    -   |
|Multiplexer|    -   |    -   |    -   |    -   |
|  Register |    -   |    -   |   512  |    -   |
+-----------+--------+--------+--------+--------+
|   Total   |   120  |   196  |  65323 |  62081 |
+-----------+--------+--------+--------+--------+
