

================================================================
== Vitis HLS Report for 'FFT_Stage1_vectorstream_parameterize'
================================================================
* Date:           Wed Jul 16 18:22:36 2025

* Version:        2024.2 (Build 5238294 on Nov  8 2024)
* Project:        FFT_DIT_RN
* Solution:       FFT_DIT_RN (Vivado IP Flow Target)
* Product family: zynq
* Target device:  xc7z020-clg400-1


================================================================
== Performance Estimates
================================================================
+ Timing: 
    * Summary: 
    +--------+---------+----------+------------+
    |  Clock |  Target | Estimated| Uncertainty|
    +--------+---------+----------+------------+
    |ap_clk  |  4.00 ns|  4.956 ns|     1.08 ns|
    +--------+---------+----------+------------+

+ Latency: 
    * Summary: 
    +---------+---------+----------+----------+-----+-----+----------+
    |  Latency (cycles) |  Latency (absolute) |  Interval | Pipeline |
    |   min   |   max   |    min   |    max   | min | max |   Type   |
    +---------+---------+----------+----------+-----+-----+----------+
    |       46|       46|  0.228 us|  0.228 us|   32|   32|  dataflow|
    +---------+---------+----------+----------+-----+-----+----------+

    + Detail: 
        * Instance: 
        +---------------------------------------------------------------------+-----------------------------------------------------------+---------+---------+----------+----------+-----+-----+------------------------------------------------+
        |                                                                     |                                                           |  Latency (cycles) |  Latency (absolute) |  Interval |                    Pipeline                    |
        |                               Instance                              |                           Module                          |   min   |   max   |    min   |    max   | min | max |                      Type                      |
        +---------------------------------------------------------------------+-----------------------------------------------------------+---------+---------+----------+----------+-----+-----+------------------------------------------------+
        |grp_FFT_Stage1_vectorstream_parameterize_Loop_FFT_Stage1_proc_fu_20  |FFT_Stage1_vectorstream_parameterize_Loop_FFT_Stage1_proc  |       46|       46|  0.228 us|  0.228 us|   32|   32|  loop auto-rewind stp (delay=0 clock cycles(s))|
        +---------------------------------------------------------------------+-----------------------------------------------------------+---------+---------+----------+----------+-----+-----+------------------------------------------------+

        * Loop: 
        N/A

============================================================
+ Verbose Summary: Synthesis Manager
============================================================
InlineROM: 1
ExposeGlobal: 0
============================================================
+ Verbose Summary: CDFG Model
============================================================
IsTopModel: 0
ResetActiveHigh: 1
IsCombinational: 2
IsDatapathOnly: 0
HasWiredReturn: 1
HasMFsm: 0
HasVarLatency: 1
IsPipeline: 0
IsRtlPipelined: 0
IsInstanceOverlapped: 0
IsDontTouch: 0
HasImplIP: 0
IsGatedGlobalClock: 0


============================================================
+ Verbose Summary: Schedule
============================================================
* Number of FSM states : 2
* Pipeline : 0
* Dataflow Pipeline: 1
  DF-Pipeline-0: Size = 2, States = { 1 2 }

* FSM state transitions: 
1 --> 2 
2 --> 

* FSM state operations: 

State 1 <SV = 0> <Delay = 0.00>
ST_1 : Operation 3 [2/2] (0.00ns)   --->   "%call_ln496 = call void @FFT_Stage1_vectorstream_parameterize_Loop_FFT_Stage1_proc, i256 %reverse_in_stream_vector, i256 %data_s1_stream_vector" [FFT.cpp:496]   --->   Operation 3 'call' 'call_ln496' <Predicate = true> <Delay = 0.00> <CoreType = "Generic">   --->   Generic Core

State 2 <SV = 1> <Delay = 0.00>
ST_2 : Operation 4 [1/1] (0.00ns)   --->   "%specdataflowpipeline_ln494 = specdataflowpipeline void @_ssdm_op_SpecDataflowPipeline, i32 4294967295, i32 1, void @empty_71" [FFT.cpp:494]   --->   Operation 4 'specdataflowpipeline' 'specdataflowpipeline_ln494' <Predicate = true> <Delay = 0.00>
ST_2 : Operation 5 [1/1] (0.00ns)   --->   "%specinterface_ln0 = specinterface void @_ssdm_op_SpecInterface, i256 %data_s1_stream_vector, void @empty_70, i32 0, i32 0, void @empty_71, i32 0, i32 0, void @empty_71, void @empty_71, void @empty_71, i32 0, i32 0, i32 0, i32 0, void @empty_71, void @empty_71, i32 4294967295, i32 0, i32 0"   --->   Operation 5 'specinterface' 'specinterface_ln0' <Predicate = true> <Delay = 0.00>
ST_2 : Operation 6 [1/1] (0.00ns)   --->   "%specinterface_ln0 = specinterface void @_ssdm_op_SpecInterface, i256 %reverse_in_stream_vector, void @empty_70, i32 0, i32 0, void @empty_71, i32 0, i32 0, void @empty_71, void @empty_71, void @empty_71, i32 0, i32 0, i32 0, i32 0, void @empty_71, void @empty_71, i32 4294967295, i32 0, i32 0"   --->   Operation 6 'specinterface' 'specinterface_ln0' <Predicate = true> <Delay = 0.00>
ST_2 : Operation 7 [1/2] (0.00ns)   --->   "%call_ln496 = call void @FFT_Stage1_vectorstream_parameterize_Loop_FFT_Stage1_proc, i256 %reverse_in_stream_vector, i256 %data_s1_stream_vector" [FFT.cpp:496]   --->   Operation 7 'call' 'call_ln496' <Predicate = true> <Delay = 0.00> <CoreType = "Generic">   --->   Generic Core
ST_2 : Operation 8 [1/1] (0.00ns)   --->   "%ret_ln514 = ret" [FFT.cpp:514]   --->   Operation 8 'ret' 'ret_ln514' <Predicate = true> <Delay = 0.00>


============================================================
+ Verbose Summary: Binding
============================================================
STG Binding: 
---------------- STG Properties BEGIN ----------------
- Is combinational: 0
- Is one-state seq: 0
- Is datapath-only: 0
- Is pipelined: 0
- Is top level: 0
Port [ Return ] is wired: 1; IO mode=ap_ctrl_hs:ce=0
Port [ reverse_in_stream_vector]:  wired=1; compound=1; hidden=0; nouse=0; global=0; static=0; extern=0; dir=0; type=3; pingpong=0; private_global=0; IO mode=ap_fifo:ce=0
Port [ data_s1_stream_vector]:  wired=1; compound=1; hidden=0; nouse=0; global=0; static=0; extern=0; dir=1; type=3; pingpong=0; private_global=0; IO mode=ap_fifo:ce=0
---------------- STG Properties END ------------------

---------------- Datapath Model BEGIN ----------------

<LifeTime>
<method=bitvector/>
specdataflowpipeline_ln494 (specdataflowpipeline) [ 000]
specinterface_ln0          (specinterface       ) [ 000]
specinterface_ln0          (specinterface       ) [ 000]
call_ln496                 (call                ) [ 000]
ret_ln514                  (ret                 ) [ 000]
</LifeTime>

<model>

<comp_list>
<comp id="0" class="1000" name="reverse_in_stream_vector">
<pin_list>
<pin id="1" dir="1" index="0" bw="1" slack="0"/>
</pin_list>
<bind>
<StgValue><ssdm name="reverse_in_stream_vector"/></StgValue>
</bind>
</comp>

<comp id="2" class="1000" name="data_s1_stream_vector">
<pin_list>
<pin id="3" dir="1" index="0" bw="1" slack="0"/>
</pin_list>
<bind>
<StgValue><ssdm name="data_s1_stream_vector"/></StgValue>
</bind>
</comp>

<comp id="4" class="1001" name="const_4">
<pin_list>
<pin id="5" dir="1" index="0" bw="1" slack="0"/>
</pin_list>
<bind>
<StgValue><ssdm name="FFT_Stage1_vectorstream_parameterize_Loop_FFT_Stage1_proc"/></StgValue>
</bind>
</comp>

<comp id="6" class="1001" name="const_6">
<pin_list>
<pin id="7" dir="1" index="0" bw="1" slack="2147483647"/>
</pin_list>
<bind>
<StgValue><ssdm name="_ssdm_op_SpecDataflowPipeline"/></StgValue>
</bind>
</comp>

<comp id="8" class="1001" name="const_8">
<pin_list>
<pin id="9" dir="1" index="0" bw="1" slack="2147483647"/>
</pin_list>
<bind>
<StgValue><ssdm name=""/></StgValue>
</bind>
</comp>

<comp id="10" class="1001" name="const_10">
<pin_list>
<pin id="11" dir="1" index="0" bw="1" slack="2147483647"/>
</pin_list>
<bind>
<StgValue><ssdm name=""/></StgValue>
</bind>
</comp>

<comp id="12" class="1001" name="const_12">
<pin_list>
<pin id="13" dir="1" index="0" bw="1" slack="2147483647"/>
</pin_list>
<bind>
<StgValue><ssdm name="empty_71"/></StgValue>
</bind>
</comp>

<comp id="14" class="1001" name="const_14">
<pin_list>
<pin id="15" dir="1" index="0" bw="1" slack="2147483647"/>
</pin_list>
<bind>
<StgValue><ssdm name="_ssdm_op_SpecInterface"/></StgValue>
</bind>
</comp>

<comp id="16" class="1001" name="const_16">
<pin_list>
<pin id="17" dir="1" index="0" bw="1" slack="2147483647"/>
</pin_list>
<bind>
<StgValue><ssdm name="empty_70"/></StgValue>
</bind>
</comp>

<comp id="18" class="1001" name="const_18">
<pin_list>
<pin id="19" dir="1" index="0" bw="1" slack="2147483647"/>
</pin_list>
<bind>
<StgValue><ssdm name=""/></StgValue>
</bind>
</comp>

<comp id="20" class="1004" name="grp_FFT_Stage1_vectorstream_parameterize_Loop_FFT_Stage1_proc_fu_20">
<pin_list>
<pin id="21" dir="0" index="0" bw="0" slack="0"/>
<pin id="22" dir="0" index="1" bw="256" slack="0"/>
<pin id="23" dir="0" index="2" bw="256" slack="0"/>
<pin id="24" dir="1" index="3" bw="0" slack="2147483647"/>
</pin_list>
<bind>
<opcode="call(48) " fcode="call"/>
<opset="call_ln496/1 "/>
</bind>
</comp>

</comp_list>

<net_list>
<net id="25"><net_src comp="4" pin="0"/><net_sink comp="20" pin=0"/></net>

<net id="26"><net_src comp="0" pin="0"/><net_sink comp="20" pin=1"/></net>

<net id="27"><net_src comp="2" pin="0"/><net_sink comp="20" pin=2"/></net>

</net_list>

</model> 
---------------- Datapath Model END ------------------

* FSMD analyzer results:
  - Output states:
	Port: data_s1_stream_vector | {1 2 }
 - Input state : 
	Port: FFT_Stage1_vectorstream_parameterize : reverse_in_stream_vector | {1 2 }
  - Chain level:
	State 1
	State 2


============================================================
+ Verbose Summary: Datapath Resource usage 
============================================================

* Functional unit list:
|----------|---------------------------------------------------------------------|---------|---------|---------|---------|
| Operation|                           Functional Unit                           |   DSP   |  Delay  |    FF   |   LUT   |
|----------|---------------------------------------------------------------------|---------|---------|---------|---------|
|   call   | grp_FFT_Stage1_vectorstream_parameterize_Loop_FFT_Stage1_proc_fu_20 |    0    |  25.408 |   5350  |   4930  |
|----------|---------------------------------------------------------------------|---------|---------|---------|---------|
|   Total  |                                                                     |    0    |  25.408 |   5350  |   4930  |
|----------|---------------------------------------------------------------------|---------|---------|---------|---------|

Memories:
N/A

* Register list:
N/A

* Multiplexer (MUX) list: 
|--------|------|------|------|--------|
|  Comp  |  Pin | Size |  BW  | S x BW |
|--------|------|------|------|--------|
|  Total |      |      |      |    0   |
|--------|------|------|------|--------|



* Summary:
+-----------+--------+--------+--------+--------+
|           |   DSP  |  Delay |   FF   |   LUT  |
+-----------+--------+--------+--------+--------+
|  Function |    0   |   25   |  5350  |  4930  |
|   Memory  |    -   |    -   |    -   |    -   |
|Multiplexer|    -   |    -   |    -   |    -   |
|  Register |    -   |    -   |    -   |    -   |
+-----------+--------+--------+--------+--------+
|   Total   |    0   |   25   |  5350  |  4930  |
+-----------+--------+--------+--------+--------+
