

================================================================
== Vitis HLS Report for 'FFT_DIT_RN'
================================================================
* Date:           Wed Jul 16 18:22:37 2025

* Version:        2024.2 (Build 5238294 on Nov  8 2024)
* Project:        FFT_DIT_RN
* Solution:       FFT_DIT_RN (Vivado IP Flow Target)
* Product family: zynq
* Target device:  xc7z020-clg400-1


================================================================
== Performance Estimates
================================================================
+ Timing: 
    * Summary: 
    +--------+---------+----------+------------+
    |  Clock |  Target | Estimated| Uncertainty|
    +--------+---------+----------+------------+
    |ap_clk  |  4.00 ns|  5.091 ns|     1.08 ns|
    +--------+---------+----------+------------+

+ Latency: 
    * Summary: 
    +---------+---------+----------+----------+------+------+---------+
    |  Latency (cycles) |  Latency (absolute) |   Interval  | Pipeline|
    |   min   |   max   |    min   |    max   |  min |  max |   Type  |
    +---------+---------+----------+----------+------+------+---------+
    |     1258|     1258|  6.404 us|  6.404 us|  1259|  1259|       no|
    +---------+---------+----------+----------+------+------+---------+

    + Detail: 
        * Instance: 
        N/A

        * Loop: 
        N/A

============================================================
+ Verbose Summary: Synthesis Manager
============================================================
InlineROM: 1
ExposeGlobal: 0
============================================================
+ Verbose Summary: CDFG Model
============================================================
IsTopModel: 1
ResetActiveHigh: 1
IsCombinational: 0
IsDatapathOnly: 0
HasWiredReturn: 1
HasMFsm: 0
HasVarLatency: 1
IsPipeline: 0
IsRtlPipelined: 0
IsInstanceOverlapped: 0
IsDontTouch: 0
HasImplIP: 0
IsGatedGlobalClock: 0


============================================================
+ Verbose Summary: Schedule
============================================================
* Number of FSM states : 6
* Pipeline : 0
* Dataflow Pipeline: 0

* FSM state transitions: 
1 --> 2 
2 --> 3 
3 --> 4 
4 --> 5 
5 --> 6 
6 --> 

* FSM state operations: 

State 1 <SV = 0> <Delay = 0.00>
ST_1 : Operation 7 [1/1] (0.00ns)   --->   "%mid = alloca i64 1"   --->   Operation 7 'alloca' 'mid' <Predicate = true> <Delay = 0.00> <CoreInst = "FIFO">   --->   Core 77 'FIFO' <Latency = 0> <II = 1> <Delay = 3.79> <Storage> <Opcode : 'read' 'write' 'nbread' 'nbwrite'> <Ports = 0> <Width = 256> <Depth = 8> <FIFO>
ST_1 : Operation 8 [2/2] (0.00ns)   --->   "%call_ln754 = call void @FFT_pipeline_DIT, i256 %in_r, i256 %mid, i7 %revIdxTab, i32 %reverse_input_stream_UF2_stream_stream_vector_0_data_rev_stream_0_0, i32 %reverse_input_stream_UF2_stream_stream_vector_0_data_rev_stream_0_2, i32 %reverse_input_stream_UF2_stream_stream_vector_0_data_rev_stream_0_1, i32 %reverse_input_stream_UF2_stream_stream_vector_0_data_rev_stream_0_3, i32 %reverse_input_stream_UF2_stream_stream_vector_0_data_rev_stream_1_0, i32 %reverse_input_stream_UF2_stream_stream_vector_0_data_rev_stream_1_2, i32 %reverse_input_stream_UF2_stream_stream_vector_0_data_rev_stream_1_1, i32 %reverse_input_stream_UF2_stream_stream_vector_0_data_rev_stream_1_3, i32 %reverse_input_stream_UF2_stream_stream_vector_0_data_in_cyclic_0_0, i32 %reverse_input_stream_UF2_stream_stream_vector_0_data_in_cyclic_0_1, i32 %reverse_input_stream_UF2_stream_stream_vector_0_data_in_cyclic_0_2, i32 %reverse_input_stream_UF2_stream_stream_vector_0_data_in_cyclic_0_3, i32 %reverse_input_stream_UF2_stream_stream_vector_0_data_in_cyclic_1_0, i32 %reverse_input_stream_UF2_stream_stream_vector_0_data_in_cyclic_1_1, i32 %reverse_input_stream_UF2_stream_stream_vector_0_data_in_cyclic_1_2, i32 %reverse_input_stream_UF2_stream_stream_vector_0_data_in_cyclic_1_3, i32 %FFT_DIT_spatial_unroll_CY_stream_vector_stream_stream_vector_0_data_0_0_0, i32 %FFT_DIT_spatial_unroll_CY_stream_vector_stream_stream_vector_0_data_0_0_1, i32 %FFT_DIT_spatial_unroll_CY_stream_vector_stream_stream_vector_0_data_0_0_2, i32 %FFT_DIT_spatial_unroll_CY_stream_vector_stream_stream_vector_0_data_0_0_3, i32 %FFT_DIT_spatial_unroll_CY_stream_vector_stream_stream_vector_0_data_0_1_0, i32 %FFT_DIT_spatial_unroll_CY_stream_vector_stream_stream_vector_0_data_0_1_1, i32 %FFT_DIT_spatial_unroll_CY_stream_vector_stream_stream_vector_0_data_0_1_2, i32 %FFT_DIT_spatial_unroll_CY_stream_vector_stream_stream_vector_0_data_0_1_3, i32 %FFT_DIT_spatial_unroll_CY_stream_vector_stream_stream_vector_0_data_1_0_0, i32 %FFT_DIT_spatial_unroll_CY_stream_vector_stream_stream_vector_0_data_1_0_1, i32 %FFT_DIT_spatial_unroll_CY_stream_vector_stream_stream_vector_0_data_1_1_0, i32 %FFT_DIT_spatial_unroll_CY_stream_vector_stream_stream_vector_0_data_1_1_1, i32 %FFT_DIT_spatial_unroll_CY_stream_vector_stream_stream_vector_0_data_2_0_0, i32 %FFT_DIT_spatial_unroll_CY_stream_vector_stream_stream_vector_0_data_2_0_1, i32 %FFT_DIT_spatial_unroll_CY_stream_vector_stream_stream_vector_0_data_2_1_0, i32 %FFT_DIT_spatial_unroll_CY_stream_vector_stream_stream_vector_0_data_2_1_1, i32 %FFT_DIT_spatial_unroll_CY_stream_vector_stream_stream_vector_0_data_3_0_0, i32 %FFT_DIT_spatial_unroll_CY_stream_vector_stream_stream_vector_0_data_3_0_1, i32 %FFT_DIT_spatial_unroll_CY_stream_vector_stream_stream_vector_0_data_3_1_0, i32 %FFT_DIT_spatial_unroll_CY_stream_vector_stream_stream_vector_0_data_3_1_1, i32 %FFT_DIT_spatial_unroll_CY_stream_vector_stream_stream_vector_0_data_4_0_0, i32 %FFT_DIT_spatial_unroll_CY_stream_vector_stream_stream_vector_0_data_4_0_1, i32 %FFT_DIT_spatial_unroll_CY_stream_vector_stream_stream_vector_0_data_4_1_0, i32 %FFT_DIT_spatial_unroll_CY_stream_vector_stream_stream_vector_0_data_4_1_1, i32 %FFT_DIT_spatial_unroll_CY_stream_vector_stream_stream_vector_0_data_5_0_0, i32 %FFT_DIT_spatial_unroll_CY_stream_vector_stream_stream_vector_0_data_5_0_1, i32 %FFT_DIT_spatial_unroll_CY_stream_vector_stream_stream_vector_0_data_5_1_0, i32 %FFT_DIT_spatial_unroll_CY_stream_vector_stream_stream_vector_0_data_5_1_1" [FFT.cpp:754]   --->   Operation 8 'call' 'call_ln754' <Predicate = true> <Delay = 0.00> <CoreType = "Generic">   --->   Generic Core

State 2 <SV = 1> <Delay = 0.00>
ST_2 : Operation 9 [1/2] (0.00ns)   --->   "%call_ln754 = call void @FFT_pipeline_DIT, i256 %in_r, i256 %mid, i7 %revIdxTab, i32 %reverse_input_stream_UF2_stream_stream_vector_0_data_rev_stream_0_0, i32 %reverse_input_stream_UF2_stream_stream_vector_0_data_rev_stream_0_2, i32 %reverse_input_stream_UF2_stream_stream_vector_0_data_rev_stream_0_1, i32 %reverse_input_stream_UF2_stream_stream_vector_0_data_rev_stream_0_3, i32 %reverse_input_stream_UF2_stream_stream_vector_0_data_rev_stream_1_0, i32 %reverse_input_stream_UF2_stream_stream_vector_0_data_rev_stream_1_2, i32 %reverse_input_stream_UF2_stream_stream_vector_0_data_rev_stream_1_1, i32 %reverse_input_stream_UF2_stream_stream_vector_0_data_rev_stream_1_3, i32 %reverse_input_stream_UF2_stream_stream_vector_0_data_in_cyclic_0_0, i32 %reverse_input_stream_UF2_stream_stream_vector_0_data_in_cyclic_0_1, i32 %reverse_input_stream_UF2_stream_stream_vector_0_data_in_cyclic_0_2, i32 %reverse_input_stream_UF2_stream_stream_vector_0_data_in_cyclic_0_3, i32 %reverse_input_stream_UF2_stream_stream_vector_0_data_in_cyclic_1_0, i32 %reverse_input_stream_UF2_stream_stream_vector_0_data_in_cyclic_1_1, i32 %reverse_input_stream_UF2_stream_stream_vector_0_data_in_cyclic_1_2, i32 %reverse_input_stream_UF2_stream_stream_vector_0_data_in_cyclic_1_3, i32 %FFT_DIT_spatial_unroll_CY_stream_vector_stream_stream_vector_0_data_0_0_0, i32 %FFT_DIT_spatial_unroll_CY_stream_vector_stream_stream_vector_0_data_0_0_1, i32 %FFT_DIT_spatial_unroll_CY_stream_vector_stream_stream_vector_0_data_0_0_2, i32 %FFT_DIT_spatial_unroll_CY_stream_vector_stream_stream_vector_0_data_0_0_3, i32 %FFT_DIT_spatial_unroll_CY_stream_vector_stream_stream_vector_0_data_0_1_0, i32 %FFT_DIT_spatial_unroll_CY_stream_vector_stream_stream_vector_0_data_0_1_1, i32 %FFT_DIT_spatial_unroll_CY_stream_vector_stream_stream_vector_0_data_0_1_2, i32 %FFT_DIT_spatial_unroll_CY_stream_vector_stream_stream_vector_0_data_0_1_3, i32 %FFT_DIT_spatial_unroll_CY_stream_vector_stream_stream_vector_0_data_1_0_0, i32 %FFT_DIT_spatial_unroll_CY_stream_vector_stream_stream_vector_0_data_1_0_1, i32 %FFT_DIT_spatial_unroll_CY_stream_vector_stream_stream_vector_0_data_1_1_0, i32 %FFT_DIT_spatial_unroll_CY_stream_vector_stream_stream_vector_0_data_1_1_1, i32 %FFT_DIT_spatial_unroll_CY_stream_vector_stream_stream_vector_0_data_2_0_0, i32 %FFT_DIT_spatial_unroll_CY_stream_vector_stream_stream_vector_0_data_2_0_1, i32 %FFT_DIT_spatial_unroll_CY_stream_vector_stream_stream_vector_0_data_2_1_0, i32 %FFT_DIT_spatial_unroll_CY_stream_vector_stream_stream_vector_0_data_2_1_1, i32 %FFT_DIT_spatial_unroll_CY_stream_vector_stream_stream_vector_0_data_3_0_0, i32 %FFT_DIT_spatial_unroll_CY_stream_vector_stream_stream_vector_0_data_3_0_1, i32 %FFT_DIT_spatial_unroll_CY_stream_vector_stream_stream_vector_0_data_3_1_0, i32 %FFT_DIT_spatial_unroll_CY_stream_vector_stream_stream_vector_0_data_3_1_1, i32 %FFT_DIT_spatial_unroll_CY_stream_vector_stream_stream_vector_0_data_4_0_0, i32 %FFT_DIT_spatial_unroll_CY_stream_vector_stream_stream_vector_0_data_4_0_1, i32 %FFT_DIT_spatial_unroll_CY_stream_vector_stream_stream_vector_0_data_4_1_0, i32 %FFT_DIT_spatial_unroll_CY_stream_vector_stream_stream_vector_0_data_4_1_1, i32 %FFT_DIT_spatial_unroll_CY_stream_vector_stream_stream_vector_0_data_5_0_0, i32 %FFT_DIT_spatial_unroll_CY_stream_vector_stream_stream_vector_0_data_5_0_1, i32 %FFT_DIT_spatial_unroll_CY_stream_vector_stream_stream_vector_0_data_5_1_0, i32 %FFT_DIT_spatial_unroll_CY_stream_vector_stream_stream_vector_0_data_5_1_1" [FFT.cpp:754]   --->   Operation 9 'call' 'call_ln754' <Predicate = true> <Delay = 0.00> <CoreType = "Generic">   --->   Generic Core

State 3 <SV = 2> <Delay = 0.00>
ST_3 : Operation 10 [2/2] (0.00ns)   --->   "%call_ln0 = call void @FFT_DIT_RN_Pipeline_VITIS_LOOP_757_1, i256 %mid, i32 %FFT_DIT_RN_stream_stream_vector_complex_float_4ul_0_buffer_0_0, i32 %FFT_DIT_RN_stream_stream_vector_complex_float_4ul_0_buffer_0_1, i32 %FFT_DIT_RN_stream_stream_vector_complex_float_4ul_0_buffer_0_2, i32 %FFT_DIT_RN_stream_stream_vector_complex_float_4ul_0_buffer_0_3, i32 %FFT_DIT_RN_stream_stream_vector_complex_float_4ul_0_buffer_1_0, i32 %FFT_DIT_RN_stream_stream_vector_complex_float_4ul_0_buffer_1_1, i32 %FFT_DIT_RN_stream_stream_vector_complex_float_4ul_0_buffer_1_2, i32 %FFT_DIT_RN_stream_stream_vector_complex_float_4ul_0_buffer_1_3"   --->   Operation 10 'call' 'call_ln0' <Predicate = true> <Delay = 0.00> <CoreType = "Generic">   --->   Generic Core
ST_3 : Operation 11 [2/2] (0.00ns)   --->   "%call_ln0 = call void @FFT_DIT_RN_Pipeline_VITIS_LOOP_734_1, i7 %revIdxTab, i32 %p_buf_1, i32 %p_buf"   --->   Operation 11 'call' 'call_ln0' <Predicate = true> <Delay = 0.00> <CoreType = "Generic">   --->   Generic Core

State 4 <SV = 3> <Delay = 3.45>
ST_4 : Operation 12 [1/2] (3.45ns)   --->   "%call_ln0 = call void @FFT_DIT_RN_Pipeline_VITIS_LOOP_757_1, i256 %mid, i32 %FFT_DIT_RN_stream_stream_vector_complex_float_4ul_0_buffer_0_0, i32 %FFT_DIT_RN_stream_stream_vector_complex_float_4ul_0_buffer_0_1, i32 %FFT_DIT_RN_stream_stream_vector_complex_float_4ul_0_buffer_0_2, i32 %FFT_DIT_RN_stream_stream_vector_complex_float_4ul_0_buffer_0_3, i32 %FFT_DIT_RN_stream_stream_vector_complex_float_4ul_0_buffer_1_0, i32 %FFT_DIT_RN_stream_stream_vector_complex_float_4ul_0_buffer_1_1, i32 %FFT_DIT_RN_stream_stream_vector_complex_float_4ul_0_buffer_1_2, i32 %FFT_DIT_RN_stream_stream_vector_complex_float_4ul_0_buffer_1_3"   --->   Operation 12 'call' 'call_ln0' <Predicate = true> <Delay = 3.45> <CoreType = "Generic">   --->   Generic Core
ST_4 : Operation 13 [1/2] (0.00ns)   --->   "%call_ln0 = call void @FFT_DIT_RN_Pipeline_VITIS_LOOP_734_1, i7 %revIdxTab, i32 %p_buf_1, i32 %p_buf"   --->   Operation 13 'call' 'call_ln0' <Predicate = true> <Delay = 0.00> <CoreType = "Generic">   --->   Generic Core

State 5 <SV = 4> <Delay = 0.00>
ST_5 : Operation 14 [2/2] (0.00ns)   --->   "%call_ln0 = call void @FFT_DIT_RN_Pipeline_VITIS_LOOP_764_2, i256 %out_r, i32 %FFT_DIT_RN_stream_stream_vector_complex_float_4ul_0_buffer_0_0, i32 %FFT_DIT_RN_stream_stream_vector_complex_float_4ul_0_buffer_1_0, i32 %FFT_DIT_RN_stream_stream_vector_complex_float_4ul_0_buffer_0_1, i32 %FFT_DIT_RN_stream_stream_vector_complex_float_4ul_0_buffer_1_1, i32 %FFT_DIT_RN_stream_stream_vector_complex_float_4ul_0_buffer_0_2, i32 %FFT_DIT_RN_stream_stream_vector_complex_float_4ul_0_buffer_1_2, i32 %FFT_DIT_RN_stream_stream_vector_complex_float_4ul_0_buffer_0_3, i32 %FFT_DIT_RN_stream_stream_vector_complex_float_4ul_0_buffer_1_3"   --->   Operation 14 'call' 'call_ln0' <Predicate = true> <Delay = 0.00> <CoreType = "Generic">   --->   Generic Core

State 6 <SV = 5> <Delay = 0.00>
ST_6 : Operation 15 [1/1] (0.00ns)   --->   "%spectopmodule_ln745 = spectopmodule void @_ssdm_op_SpecTopModule, void @empty_72" [FFT.cpp:745]   --->   Operation 15 'spectopmodule' 'spectopmodule_ln745' <Predicate = true> <Delay = 0.00>
ST_6 : Operation 16 [1/1] (0.00ns)   --->   "%specinterface_ln0 = specinterface void @_ssdm_op_SpecInterface, i256 %in_r, void @empty_70, i32 0, i32 0, void @empty_71, i32 0, i32 0, void @empty_71, void @empty_71, void @empty_71, i32 0, i32 0, i32 0, i32 0, void @empty_71, void @empty_71, i32 4294967295, i32 0, i32 0"   --->   Operation 16 'specinterface' 'specinterface_ln0' <Predicate = true> <Delay = 0.00>
ST_6 : Operation 17 [1/1] (0.00ns)   --->   "%specbitsmap_ln0 = specbitsmap void @_ssdm_op_SpecBitsMap, i256 %in_r"   --->   Operation 17 'specbitsmap' 'specbitsmap_ln0' <Predicate = true> <Delay = 0.00>
ST_6 : Operation 18 [1/1] (0.00ns)   --->   "%specinterface_ln0 = specinterface void @_ssdm_op_SpecInterface, i256 %out_r, void @empty_70, i32 0, i32 0, void @empty_71, i32 0, i32 0, void @empty_71, void @empty_71, void @empty_71, i32 0, i32 0, i32 0, i32 0, void @empty_71, void @empty_71, i32 4294967295, i32 0, i32 0"   --->   Operation 18 'specinterface' 'specinterface_ln0' <Predicate = true> <Delay = 0.00>
ST_6 : Operation 19 [1/1] (0.00ns)   --->   "%specbitsmap_ln0 = specbitsmap void @_ssdm_op_SpecBitsMap, i256 %out_r"   --->   Operation 19 'specbitsmap' 'specbitsmap_ln0' <Predicate = true> <Delay = 0.00>
ST_6 : Operation 20 [1/1] (0.00ns)   --->   "%empty = specchannel i32 @_ssdm_op_SpecChannel, void @mid_str, i32 1, void @p_str, void @p_str, i32 8, i32 8, i256 %mid, i256 %mid"   --->   Operation 20 'specchannel' 'empty' <Predicate = true> <Delay = 0.00>
ST_6 : Operation 21 [1/1] (0.00ns)   --->   "%specinterface_ln0 = specinterface void @_ssdm_op_SpecInterface, i256 %mid, void @empty_70, i32 0, i32 0, void @empty_71, i32 0, i32 0, void @empty_71, void @empty_71, void @empty_71, i32 0, i32 0, i32 0, i32 0, void @empty_71, void @empty_71, i32 4294967295, i32 0, i32 0"   --->   Operation 21 'specinterface' 'specinterface_ln0' <Predicate = true> <Delay = 0.00>
ST_6 : Operation 22 [1/2] (0.00ns)   --->   "%call_ln0 = call void @FFT_DIT_RN_Pipeline_VITIS_LOOP_764_2, i256 %out_r, i32 %FFT_DIT_RN_stream_stream_vector_complex_float_4ul_0_buffer_0_0, i32 %FFT_DIT_RN_stream_stream_vector_complex_float_4ul_0_buffer_1_0, i32 %FFT_DIT_RN_stream_stream_vector_complex_float_4ul_0_buffer_0_1, i32 %FFT_DIT_RN_stream_stream_vector_complex_float_4ul_0_buffer_1_1, i32 %FFT_DIT_RN_stream_stream_vector_complex_float_4ul_0_buffer_0_2, i32 %FFT_DIT_RN_stream_stream_vector_complex_float_4ul_0_buffer_1_2, i32 %FFT_DIT_RN_stream_stream_vector_complex_float_4ul_0_buffer_0_3, i32 %FFT_DIT_RN_stream_stream_vector_complex_float_4ul_0_buffer_1_3"   --->   Operation 22 'call' 'call_ln0' <Predicate = true> <Delay = 0.00> <CoreType = "Generic">   --->   Generic Core
ST_6 : Operation 23 [1/1] (0.00ns)   --->   "%ret_ln768 = ret" [FFT.cpp:768]   --->   Operation 23 'ret' 'ret_ln768' <Predicate = true> <Delay = 0.00>


============================================================
+ Verbose Summary: Timing violations
============================================================
Target clock period: 4.000ns, clock uncertainty: 1.080ns.

 <State 1>: 0.000ns
The critical path consists of the following:

 <State 2>: 0.000ns
The critical path consists of the following:

 <State 3>: 0.000ns
The critical path consists of the following:

 <State 4>: 3.458ns
The critical path consists of the following:
	'call' operation 0 bit ('call_ln0') to 'FFT_DIT_RN_Pipeline_VITIS_LOOP_757_1' [67]  (3.458 ns)

 <State 5>: 0.000ns
The critical path consists of the following:

 <State 6>: 0.000ns
The critical path consists of the following:


============================================================
+ Verbose Summary: Binding
============================================================
N/A
* FSMD analyzer results:
  - Output states:
 - Input state : 
  - Chain level:
	State 1
	State 2
	State 3
	State 4
	State 5
	State 6


============================================================
+ Verbose Summary: Datapath Resource usage 
============================================================
N/A
