

================================================================
== Vitis HLS Report for 'output_result_array_to_stream'
================================================================
* Date:           Wed Jul 16 18:22:36 2025

* Version:        2024.2 (Build 5238294 on Nov  8 2024)
* Project:        FFT_DIT_RN
* Solution:       FFT_DIT_RN (Vivado IP Flow Target)
* Product family: zynq
* Target device:  xc7z020-clg400-1


================================================================
== Performance Estimates
================================================================
+ Timing: 
    * Summary: 
    +--------+---------+----------+------------+
    |  Clock |  Target | Estimated| Uncertainty|
    +--------+---------+----------+------------+
    |ap_clk  |  4.00 ns|  4.956 ns|     1.08 ns|
    +--------+---------+----------+------------+

+ Latency: 
    * Summary: 
    +---------+---------+----------+----------+-----+-----+------------------------------------------------+
    |  Latency (cycles) |  Latency (absolute) |  Interval |                    Pipeline                    |
    |   min   |   max   |    min   |    max   | min | max |                      Type                      |
    +---------+---------+----------+----------+-----+-----+------------------------------------------------+
    |       35|       35|  0.173 us|  0.173 us|   33|   33|  loop auto-rewind stp (delay=1 clock cycles(s))|
    +---------+---------+----------+----------+-----+-----+------------------------------------------------+

    + Detail: 
        * Instance: 
        N/A

        * Loop: 
        +------------------+---------+---------+----------+-----------+-----------+------+----------+
        |                  |  Latency (cycles) | Iteration|  Initiation Interval  | Trip |          |
        |     Loop Name    |   min   |   max   |  Latency |  achieved |   target  | Count| Pipelined|
        +------------------+---------+---------+----------+-----------+-----------+------+----------+
        |- PostP_Fwd_loop  |       33|       33|         3|          1|          1|    32|       yes|
        +------------------+---------+---------+----------+-----------+-----------+------+----------+

============================================================
+ Verbose Summary: Synthesis Manager
============================================================
InlineROM: 1
ExposeGlobal: 0
============================================================
+ Verbose Summary: CDFG Model
============================================================
IsTopModel: 0
ResetActiveHigh: 1
IsCombinational: 2
IsDatapathOnly: 0
HasWiredReturn: 1
HasMFsm: 2
HasVarLatency: 1
IsPipeline: 0
IsRtlPipelined: 0
IsInstanceOverlapped: 0
IsDontTouch: 0
HasImplIP: 0
IsGatedGlobalClock: 0

+ Individual pipeline summary: 
  * Pipeline-0: initiation interval (II) = 1, depth = 3


============================================================
+ Verbose Summary: Schedule
============================================================
* Number of FSM states : 3
* Pipeline : 1
  Pipeline-0 : II = 1, D = 3, States = { 1 2 3 }
* Dataflow Pipeline: 0

* FSM state transitions: 
1 --> 2 
2 --> 3 
3 --> 

* FSM state operations: 

State 1 <SV = 0> <Delay = 4.95>
ST_1 : Operation 6 [1/1] (0.00ns)   --->   "%i45 = alloca i32 1"   --->   Operation 6 'alloca' 'i45' <Predicate = true> <Delay = 0.00>
ST_1 : Operation 7 [1/1] (0.00ns)   --->   "%specinterface_ln0 = specinterface void @_ssdm_op_SpecInterface, i256 %mid, void @empty_70, i32 0, i32 0, void @empty_71, i32 0, i32 0, void @empty_71, void @empty_71, void @empty_71, i32 0, i32 0, i32 0, i32 0, void @empty_71, void @empty_71, i32 4294967295, i32 0, i32 0"   --->   Operation 7 'specinterface' 'specinterface_ln0' <Predicate = true> <Delay = 0.00>
ST_1 : Operation 8 [1/1] (0.00ns)   --->   "%specperformance_ln56 = specperformance void @_ssdm_op_SpecPerformance, i32 0, i64 32, i64 0, i64 0, i64 0, i64 0, i64 0, i32 0, void @empty_71" [FFT.cpp:56]   --->   Operation 8 'specperformance' 'specperformance_ln56' <Predicate = true> <Delay = 0.00>
ST_1 : Operation 9 [1/1] (1.58ns)   --->   "%store_ln0 = store i5 0, i5 %i45"   --->   Operation 9 'store' 'store_ln0' <Predicate = true> <Delay = 1.58>
ST_1 : Operation 10 [1/1] (0.00ns)   --->   "%br_ln56 = br void %VITIS_LOOP_60_1.split.i" [FFT.cpp:56]   --->   Operation 10 'br' 'br_ln56' <Predicate = true> <Delay = 0.00>
ST_1 : Operation 11 [1/1] (0.00ns)   --->   "%i45_load = load i5 %i45" [FFT.cpp:56]   --->   Operation 11 'load' 'i45_load' <Predicate = true> <Delay = 0.00>
ST_1 : Operation 12 [1/1] (0.00ns)   --->   "%tmp = bitconcatenate i6 @_ssdm_op_BitConcatenate.i6.i5.i1, i5 %i45_load, i1 0" [FFT.cpp:56]   --->   Operation 12 'bitconcatenate' 'tmp' <Predicate = true> <Delay = 0.00>
ST_1 : Operation 13 [1/1] (0.00ns)   --->   "%zext_ln61 = zext i6 %tmp" [FFT.cpp:61]   --->   Operation 13 'zext' 'zext_ln61' <Predicate = true> <Delay = 0.00>
ST_1 : Operation 14 [1/1] (0.00ns)   --->   "%FFT_DIT_spatial_unroll_CY_stream_vector_stream_stream_data_5_0_0_addr = getelementptr i32 %FFT_DIT_spatial_unroll_CY_stream_vector_stream_stream_vector_0_data_5_0_0, i64 0, i64 %zext_ln61" [FFT.cpp:61]   --->   Operation 14 'getelementptr' 'FFT_DIT_spatial_unroll_CY_stream_vector_stream_stream_data_5_0_0_addr' <Predicate = true> <Delay = 0.00>
ST_1 : Operation 15 [1/1] (0.00ns)   --->   "%FFT_DIT_spatial_unroll_CY_stream_vector_stream_stream_data_5_1_0_addr = getelementptr i32 %FFT_DIT_spatial_unroll_CY_stream_vector_stream_stream_vector_0_data_5_1_0, i64 0, i64 %zext_ln61" [FFT.cpp:61]   --->   Operation 15 'getelementptr' 'FFT_DIT_spatial_unroll_CY_stream_vector_stream_stream_data_5_1_0_addr' <Predicate = true> <Delay = 0.00>
ST_1 : Operation 16 [3/3] (1.68ns)   --->   "%FFT_DIT_spatial_unroll_CY_stream_vector_stream_stream_data_5_0_0_load = load i6 %FFT_DIT_spatial_unroll_CY_stream_vector_stream_stream_data_5_0_0_addr" [FFT.cpp:61]   --->   Operation 16 'load' 'FFT_DIT_spatial_unroll_CY_stream_vector_stream_stream_data_5_0_0_load' <Predicate = true> <Delay = 1.68> <CoreInst = "RAM">   --->   Core 81 'RAM' <Latency = 2> <II = 1> <Delay = 1.68> <Storage> <Opcode : 'load' 'store'> <Ports = 2> <Width = 32> <Depth = 64> <RAM>
ST_1 : Operation 17 [3/3] (1.68ns)   --->   "%FFT_DIT_spatial_unroll_CY_stream_vector_stream_stream_data_5_1_0_load = load i6 %FFT_DIT_spatial_unroll_CY_stream_vector_stream_stream_data_5_1_0_addr" [FFT.cpp:61]   --->   Operation 17 'load' 'FFT_DIT_spatial_unroll_CY_stream_vector_stream_stream_data_5_1_0_load' <Predicate = true> <Delay = 1.68> <CoreInst = "RAM">   --->   Core 81 'RAM' <Latency = 2> <II = 1> <Delay = 1.68> <Storage> <Opcode : 'load' 'store'> <Ports = 2> <Width = 32> <Depth = 64> <RAM>
ST_1 : Operation 18 [1/1] (0.00ns)   --->   "%FFT_DIT_spatial_unroll_CY_stream_vector_stream_stream_data_5_0_1_addr = getelementptr i32 %FFT_DIT_spatial_unroll_CY_stream_vector_stream_stream_vector_0_data_5_0_1, i64 0, i64 %zext_ln61" [FFT.cpp:61]   --->   Operation 18 'getelementptr' 'FFT_DIT_spatial_unroll_CY_stream_vector_stream_stream_data_5_0_1_addr' <Predicate = true> <Delay = 0.00>
ST_1 : Operation 19 [1/1] (0.00ns)   --->   "%FFT_DIT_spatial_unroll_CY_stream_vector_stream_stream_data_5_1_1_addr = getelementptr i32 %FFT_DIT_spatial_unroll_CY_stream_vector_stream_stream_vector_0_data_5_1_1, i64 0, i64 %zext_ln61" [FFT.cpp:61]   --->   Operation 19 'getelementptr' 'FFT_DIT_spatial_unroll_CY_stream_vector_stream_stream_data_5_1_1_addr' <Predicate = true> <Delay = 0.00>
ST_1 : Operation 20 [3/3] (1.68ns)   --->   "%FFT_DIT_spatial_unroll_CY_stream_vector_stream_stream_data_5_0_1_load = load i6 %FFT_DIT_spatial_unroll_CY_stream_vector_stream_stream_data_5_0_1_addr" [FFT.cpp:61]   --->   Operation 20 'load' 'FFT_DIT_spatial_unroll_CY_stream_vector_stream_stream_data_5_0_1_load' <Predicate = true> <Delay = 1.68> <CoreInst = "RAM">   --->   Core 81 'RAM' <Latency = 2> <II = 1> <Delay = 1.68> <Storage> <Opcode : 'load' 'store'> <Ports = 2> <Width = 32> <Depth = 64> <RAM>
ST_1 : Operation 21 [3/3] (1.68ns)   --->   "%FFT_DIT_spatial_unroll_CY_stream_vector_stream_stream_data_5_1_1_load = load i6 %FFT_DIT_spatial_unroll_CY_stream_vector_stream_stream_data_5_1_1_addr" [FFT.cpp:61]   --->   Operation 21 'load' 'FFT_DIT_spatial_unroll_CY_stream_vector_stream_stream_data_5_1_1_load' <Predicate = true> <Delay = 1.68> <CoreInst = "RAM">   --->   Core 81 'RAM' <Latency = 2> <II = 1> <Delay = 1.68> <Storage> <Opcode : 'load' 'store'> <Ports = 2> <Width = 32> <Depth = 64> <RAM>
ST_1 : Operation 22 [1/1] (0.00ns)   --->   "%or_ln = bitconcatenate i6 @_ssdm_op_BitConcatenate.i6.i5.i1, i5 %i45_load, i1 1" [FFT.cpp:61]   --->   Operation 22 'bitconcatenate' 'or_ln' <Predicate = true> <Delay = 0.00>
ST_1 : Operation 23 [1/1] (0.00ns)   --->   "%zext_ln61_1 = zext i6 %or_ln" [FFT.cpp:61]   --->   Operation 23 'zext' 'zext_ln61_1' <Predicate = true> <Delay = 0.00>
ST_1 : Operation 24 [1/1] (0.00ns)   --->   "%FFT_DIT_spatial_unroll_CY_stream_vector_stream_stream_data_5_0_0_addr_1 = getelementptr i32 %FFT_DIT_spatial_unroll_CY_stream_vector_stream_stream_vector_0_data_5_0_0, i64 0, i64 %zext_ln61_1" [FFT.cpp:61]   --->   Operation 24 'getelementptr' 'FFT_DIT_spatial_unroll_CY_stream_vector_stream_stream_data_5_0_0_addr_1' <Predicate = true> <Delay = 0.00>
ST_1 : Operation 25 [1/1] (0.00ns)   --->   "%FFT_DIT_spatial_unroll_CY_stream_vector_stream_stream_data_5_1_0_addr_1 = getelementptr i32 %FFT_DIT_spatial_unroll_CY_stream_vector_stream_stream_vector_0_data_5_1_0, i64 0, i64 %zext_ln61_1" [FFT.cpp:61]   --->   Operation 25 'getelementptr' 'FFT_DIT_spatial_unroll_CY_stream_vector_stream_stream_data_5_1_0_addr_1' <Predicate = true> <Delay = 0.00>
ST_1 : Operation 26 [3/3] (1.68ns)   --->   "%FFT_DIT_spatial_unroll_CY_stream_vector_stream_stream_data_5_0_0_load_1 = load i6 %FFT_DIT_spatial_unroll_CY_stream_vector_stream_stream_data_5_0_0_addr_1" [FFT.cpp:61]   --->   Operation 26 'load' 'FFT_DIT_spatial_unroll_CY_stream_vector_stream_stream_data_5_0_0_load_1' <Predicate = true> <Delay = 1.68> <CoreInst = "RAM">   --->   Core 81 'RAM' <Latency = 2> <II = 1> <Delay = 1.68> <Storage> <Opcode : 'load' 'store'> <Ports = 2> <Width = 32> <Depth = 64> <RAM>
ST_1 : Operation 27 [3/3] (1.68ns)   --->   "%FFT_DIT_spatial_unroll_CY_stream_vector_stream_stream_data_5_1_0_load_1 = load i6 %FFT_DIT_spatial_unroll_CY_stream_vector_stream_stream_data_5_1_0_addr_1" [FFT.cpp:61]   --->   Operation 27 'load' 'FFT_DIT_spatial_unroll_CY_stream_vector_stream_stream_data_5_1_0_load_1' <Predicate = true> <Delay = 1.68> <CoreInst = "RAM">   --->   Core 81 'RAM' <Latency = 2> <II = 1> <Delay = 1.68> <Storage> <Opcode : 'load' 'store'> <Ports = 2> <Width = 32> <Depth = 64> <RAM>
ST_1 : Operation 28 [1/1] (0.00ns)   --->   "%FFT_DIT_spatial_unroll_CY_stream_vector_stream_stream_data_5_0_1_addr_1 = getelementptr i32 %FFT_DIT_spatial_unroll_CY_stream_vector_stream_stream_vector_0_data_5_0_1, i64 0, i64 %zext_ln61_1" [FFT.cpp:61]   --->   Operation 28 'getelementptr' 'FFT_DIT_spatial_unroll_CY_stream_vector_stream_stream_data_5_0_1_addr_1' <Predicate = true> <Delay = 0.00>
ST_1 : Operation 29 [1/1] (0.00ns)   --->   "%FFT_DIT_spatial_unroll_CY_stream_vector_stream_stream_data_5_1_1_addr_1 = getelementptr i32 %FFT_DIT_spatial_unroll_CY_stream_vector_stream_stream_vector_0_data_5_1_1, i64 0, i64 %zext_ln61_1" [FFT.cpp:61]   --->   Operation 29 'getelementptr' 'FFT_DIT_spatial_unroll_CY_stream_vector_stream_stream_data_5_1_1_addr_1' <Predicate = true> <Delay = 0.00>
ST_1 : Operation 30 [3/3] (1.68ns)   --->   "%FFT_DIT_spatial_unroll_CY_stream_vector_stream_stream_data_5_0_1_load_1 = load i6 %FFT_DIT_spatial_unroll_CY_stream_vector_stream_stream_data_5_0_1_addr_1" [FFT.cpp:61]   --->   Operation 30 'load' 'FFT_DIT_spatial_unroll_CY_stream_vector_stream_stream_data_5_0_1_load_1' <Predicate = true> <Delay = 1.68> <CoreInst = "RAM">   --->   Core 81 'RAM' <Latency = 2> <II = 1> <Delay = 1.68> <Storage> <Opcode : 'load' 'store'> <Ports = 2> <Width = 32> <Depth = 64> <RAM>
ST_1 : Operation 31 [3/3] (1.68ns)   --->   "%FFT_DIT_spatial_unroll_CY_stream_vector_stream_stream_data_5_1_1_load_1 = load i6 %FFT_DIT_spatial_unroll_CY_stream_vector_stream_stream_data_5_1_1_addr_1" [FFT.cpp:61]   --->   Operation 31 'load' 'FFT_DIT_spatial_unroll_CY_stream_vector_stream_stream_data_5_1_1_load_1' <Predicate = true> <Delay = 1.68> <CoreInst = "RAM">   --->   Core 81 'RAM' <Latency = 2> <II = 1> <Delay = 1.68> <Storage> <Opcode : 'load' 'store'> <Ports = 2> <Width = 32> <Depth = 64> <RAM>
ST_1 : Operation 32 [1/1] (1.78ns)   --->   "%i = add i5 %i45_load, i5 1" [FFT.cpp:56]   --->   Operation 32 'add' 'i' <Predicate = true> <Delay = 1.78> <CoreInst = "Adder">   --->   Core 1 'Adder' <Latency = 0> <II = 1> <Delay = 1.78> <FuncUnit> <Opcode : 'add' 'sub'> <InPorts = 2> <OutPorts = 1>
ST_1 : Operation 33 [1/1] (1.78ns)   --->   "%icmp_ln56 = icmp_eq  i5 %i45_load, i5 31" [FFT.cpp:56]   --->   Operation 33 'icmp' 'icmp_ln56' <Predicate = true> <Delay = 1.78> <CoreInst = "Cmp">   --->   Core 9 'Cmp' <Latency = 0> <II = 1> <Delay = 1.78> <FuncUnit> <Opcode : 'seteq' 'setne' 'setle' 'setge' 'setlt' 'setgt'> <InPorts = 2> <OutPorts = 1>
ST_1 : Operation 34 [1/1] (1.58ns)   --->   "%store_ln56 = store i5 %i, i5 %i45" [FFT.cpp:56]   --->   Operation 34 'store' 'store_ln56' <Predicate = true> <Delay = 1.58>
ST_1 : Operation 35 [1/1] (0.00ns)   --->   "%br_ln56 = br i1 %icmp_ln56, void %VITIS_LOOP_60_1.split.i, void %output_result_array_to_stream.exit" [FFT.cpp:56]   --->   Operation 35 'br' 'br_ln56' <Predicate = true> <Delay = 0.00>

State 2 <SV = 1> <Delay = 0.00>
ST_2 : Operation 36 [2/3] (1.68ns)   --->   "%FFT_DIT_spatial_unroll_CY_stream_vector_stream_stream_data_5_0_0_load = load i6 %FFT_DIT_spatial_unroll_CY_stream_vector_stream_stream_data_5_0_0_addr" [FFT.cpp:61]   --->   Operation 36 'load' 'FFT_DIT_spatial_unroll_CY_stream_vector_stream_stream_data_5_0_0_load' <Predicate = true> <Delay = 1.68> <CoreInst = "RAM">   --->   Core 81 'RAM' <Latency = 2> <II = 1> <Delay = 1.68> <Storage> <Opcode : 'load' 'store'> <Ports = 2> <Width = 32> <Depth = 64> <RAM>
ST_2 : Operation 37 [2/3] (1.68ns)   --->   "%FFT_DIT_spatial_unroll_CY_stream_vector_stream_stream_data_5_1_0_load = load i6 %FFT_DIT_spatial_unroll_CY_stream_vector_stream_stream_data_5_1_0_addr" [FFT.cpp:61]   --->   Operation 37 'load' 'FFT_DIT_spatial_unroll_CY_stream_vector_stream_stream_data_5_1_0_load' <Predicate = true> <Delay = 1.68> <CoreInst = "RAM">   --->   Core 81 'RAM' <Latency = 2> <II = 1> <Delay = 1.68> <Storage> <Opcode : 'load' 'store'> <Ports = 2> <Width = 32> <Depth = 64> <RAM>
ST_2 : Operation 38 [2/3] (1.68ns)   --->   "%FFT_DIT_spatial_unroll_CY_stream_vector_stream_stream_data_5_0_1_load = load i6 %FFT_DIT_spatial_unroll_CY_stream_vector_stream_stream_data_5_0_1_addr" [FFT.cpp:61]   --->   Operation 38 'load' 'FFT_DIT_spatial_unroll_CY_stream_vector_stream_stream_data_5_0_1_load' <Predicate = true> <Delay = 1.68> <CoreInst = "RAM">   --->   Core 81 'RAM' <Latency = 2> <II = 1> <Delay = 1.68> <Storage> <Opcode : 'load' 'store'> <Ports = 2> <Width = 32> <Depth = 64> <RAM>
ST_2 : Operation 39 [2/3] (1.68ns)   --->   "%FFT_DIT_spatial_unroll_CY_stream_vector_stream_stream_data_5_1_1_load = load i6 %FFT_DIT_spatial_unroll_CY_stream_vector_stream_stream_data_5_1_1_addr" [FFT.cpp:61]   --->   Operation 39 'load' 'FFT_DIT_spatial_unroll_CY_stream_vector_stream_stream_data_5_1_1_load' <Predicate = true> <Delay = 1.68> <CoreInst = "RAM">   --->   Core 81 'RAM' <Latency = 2> <II = 1> <Delay = 1.68> <Storage> <Opcode : 'load' 'store'> <Ports = 2> <Width = 32> <Depth = 64> <RAM>
ST_2 : Operation 40 [2/3] (1.68ns)   --->   "%FFT_DIT_spatial_unroll_CY_stream_vector_stream_stream_data_5_0_0_load_1 = load i6 %FFT_DIT_spatial_unroll_CY_stream_vector_stream_stream_data_5_0_0_addr_1" [FFT.cpp:61]   --->   Operation 40 'load' 'FFT_DIT_spatial_unroll_CY_stream_vector_stream_stream_data_5_0_0_load_1' <Predicate = true> <Delay = 1.68> <CoreInst = "RAM">   --->   Core 81 'RAM' <Latency = 2> <II = 1> <Delay = 1.68> <Storage> <Opcode : 'load' 'store'> <Ports = 2> <Width = 32> <Depth = 64> <RAM>
ST_2 : Operation 41 [2/3] (1.68ns)   --->   "%FFT_DIT_spatial_unroll_CY_stream_vector_stream_stream_data_5_1_0_load_1 = load i6 %FFT_DIT_spatial_unroll_CY_stream_vector_stream_stream_data_5_1_0_addr_1" [FFT.cpp:61]   --->   Operation 41 'load' 'FFT_DIT_spatial_unroll_CY_stream_vector_stream_stream_data_5_1_0_load_1' <Predicate = true> <Delay = 1.68> <CoreInst = "RAM">   --->   Core 81 'RAM' <Latency = 2> <II = 1> <Delay = 1.68> <Storage> <Opcode : 'load' 'store'> <Ports = 2> <Width = 32> <Depth = 64> <RAM>
ST_2 : Operation 42 [2/3] (1.68ns)   --->   "%FFT_DIT_spatial_unroll_CY_stream_vector_stream_stream_data_5_0_1_load_1 = load i6 %FFT_DIT_spatial_unroll_CY_stream_vector_stream_stream_data_5_0_1_addr_1" [FFT.cpp:61]   --->   Operation 42 'load' 'FFT_DIT_spatial_unroll_CY_stream_vector_stream_stream_data_5_0_1_load_1' <Predicate = true> <Delay = 1.68> <CoreInst = "RAM">   --->   Core 81 'RAM' <Latency = 2> <II = 1> <Delay = 1.68> <Storage> <Opcode : 'load' 'store'> <Ports = 2> <Width = 32> <Depth = 64> <RAM>
ST_2 : Operation 43 [2/3] (1.68ns)   --->   "%FFT_DIT_spatial_unroll_CY_stream_vector_stream_stream_data_5_1_1_load_1 = load i6 %FFT_DIT_spatial_unroll_CY_stream_vector_stream_stream_data_5_1_1_addr_1" [FFT.cpp:61]   --->   Operation 43 'load' 'FFT_DIT_spatial_unroll_CY_stream_vector_stream_stream_data_5_1_1_load_1' <Predicate = true> <Delay = 1.68> <CoreInst = "RAM">   --->   Core 81 'RAM' <Latency = 2> <II = 1> <Delay = 1.68> <Storage> <Opcode : 'load' 'store'> <Ports = 2> <Width = 32> <Depth = 64> <RAM>

State 3 <SV = 2> <Delay = 3.14>
ST_3 : Operation 44 [1/1] (0.00ns)   --->   "%specpipeline_ln0 = specpipeline void @_ssdm_op_SpecPipeline, i32 1, i32 0, i32 0, i32 0, void @empty_71" [FFT.cpp:0]   --->   Operation 44 'specpipeline' 'specpipeline_ln0' <Predicate = true> <Delay = 0.00>
ST_3 : Operation 45 [1/1] (0.00ns)   --->   "%speclooptripcount_ln56 = speclooptripcount void @_ssdm_op_SpecLoopTripCount, i64 32, i64 32, i64 32" [FFT.cpp:56]   --->   Operation 45 'speclooptripcount' 'speclooptripcount_ln56' <Predicate = true> <Delay = 0.00>
ST_3 : Operation 46 [1/1] (0.00ns)   --->   "%specloopname_ln56 = specloopname void @_ssdm_op_SpecLoopName, void @empty_31" [FFT.cpp:56]   --->   Operation 46 'specloopname' 'specloopname_ln56' <Predicate = true> <Delay = 0.00>
ST_3 : Operation 47 [1/1] (0.00ns)   --->   "%specperformance_ln57 = specperformance void @_ssdm_op_SpecPerformance, i32 1, i64 32, i64 0, i64 0, i64 0, i64 0, i64 0, i32 0, void @empty_71" [FFT.cpp:57]   --->   Operation 47 'specperformance' 'specperformance_ln57' <Predicate = true> <Delay = 0.00>
ST_3 : Operation 48 [1/3] ( I:1.68ns O:1.68ns )   --->   "%FFT_DIT_spatial_unroll_CY_stream_vector_stream_stream_data_5_0_0_load = load i6 %FFT_DIT_spatial_unroll_CY_stream_vector_stream_stream_data_5_0_0_addr" [FFT.cpp:61]   --->   Operation 48 'load' 'FFT_DIT_spatial_unroll_CY_stream_vector_stream_stream_data_5_0_0_load' <Predicate = true> <Delay = 1.68> <CoreInst = "RAM">   --->   Core 81 'RAM' <Latency = 2> <II = 1> <Delay = 1.68> <Storage> <Opcode : 'load' 'store'> <Ports = 2> <Width = 32> <Depth = 64> <RAM>
ST_3 : Operation 49 [1/3] ( I:1.68ns O:1.68ns )   --->   "%FFT_DIT_spatial_unroll_CY_stream_vector_stream_stream_data_5_1_0_load = load i6 %FFT_DIT_spatial_unroll_CY_stream_vector_stream_stream_data_5_1_0_addr" [FFT.cpp:61]   --->   Operation 49 'load' 'FFT_DIT_spatial_unroll_CY_stream_vector_stream_stream_data_5_1_0_load' <Predicate = true> <Delay = 1.68> <CoreInst = "RAM">   --->   Core 81 'RAM' <Latency = 2> <II = 1> <Delay = 1.68> <Storage> <Opcode : 'load' 'store'> <Ports = 2> <Width = 32> <Depth = 64> <RAM>
ST_3 : Operation 50 [1/3] ( I:1.68ns O:1.68ns )   --->   "%FFT_DIT_spatial_unroll_CY_stream_vector_stream_stream_data_5_0_1_load = load i6 %FFT_DIT_spatial_unroll_CY_stream_vector_stream_stream_data_5_0_1_addr" [FFT.cpp:61]   --->   Operation 50 'load' 'FFT_DIT_spatial_unroll_CY_stream_vector_stream_stream_data_5_0_1_load' <Predicate = true> <Delay = 1.68> <CoreInst = "RAM">   --->   Core 81 'RAM' <Latency = 2> <II = 1> <Delay = 1.68> <Storage> <Opcode : 'load' 'store'> <Ports = 2> <Width = 32> <Depth = 64> <RAM>
ST_3 : Operation 51 [1/3] ( I:1.68ns O:1.68ns )   --->   "%FFT_DIT_spatial_unroll_CY_stream_vector_stream_stream_data_5_1_1_load = load i6 %FFT_DIT_spatial_unroll_CY_stream_vector_stream_stream_data_5_1_1_addr" [FFT.cpp:61]   --->   Operation 51 'load' 'FFT_DIT_spatial_unroll_CY_stream_vector_stream_stream_data_5_1_1_load' <Predicate = true> <Delay = 1.68> <CoreInst = "RAM">   --->   Core 81 'RAM' <Latency = 2> <II = 1> <Delay = 1.68> <Storage> <Opcode : 'load' 'store'> <Ports = 2> <Width = 32> <Depth = 64> <RAM>
ST_3 : Operation 52 [1/3] ( I:1.68ns O:1.68ns )   --->   "%FFT_DIT_spatial_unroll_CY_stream_vector_stream_stream_data_5_0_0_load_1 = load i6 %FFT_DIT_spatial_unroll_CY_stream_vector_stream_stream_data_5_0_0_addr_1" [FFT.cpp:61]   --->   Operation 52 'load' 'FFT_DIT_spatial_unroll_CY_stream_vector_stream_stream_data_5_0_0_load_1' <Predicate = true> <Delay = 1.68> <CoreInst = "RAM">   --->   Core 81 'RAM' <Latency = 2> <II = 1> <Delay = 1.68> <Storage> <Opcode : 'load' 'store'> <Ports = 2> <Width = 32> <Depth = 64> <RAM>
ST_3 : Operation 53 [1/3] ( I:1.68ns O:1.68ns )   --->   "%FFT_DIT_spatial_unroll_CY_stream_vector_stream_stream_data_5_1_0_load_1 = load i6 %FFT_DIT_spatial_unroll_CY_stream_vector_stream_stream_data_5_1_0_addr_1" [FFT.cpp:61]   --->   Operation 53 'load' 'FFT_DIT_spatial_unroll_CY_stream_vector_stream_stream_data_5_1_0_load_1' <Predicate = true> <Delay = 1.68> <CoreInst = "RAM">   --->   Core 81 'RAM' <Latency = 2> <II = 1> <Delay = 1.68> <Storage> <Opcode : 'load' 'store'> <Ports = 2> <Width = 32> <Depth = 64> <RAM>
ST_3 : Operation 54 [1/3] ( I:1.68ns O:1.68ns )   --->   "%FFT_DIT_spatial_unroll_CY_stream_vector_stream_stream_data_5_0_1_load_1 = load i6 %FFT_DIT_spatial_unroll_CY_stream_vector_stream_stream_data_5_0_1_addr_1" [FFT.cpp:61]   --->   Operation 54 'load' 'FFT_DIT_spatial_unroll_CY_stream_vector_stream_stream_data_5_0_1_load_1' <Predicate = true> <Delay = 1.68> <CoreInst = "RAM">   --->   Core 81 'RAM' <Latency = 2> <II = 1> <Delay = 1.68> <Storage> <Opcode : 'load' 'store'> <Ports = 2> <Width = 32> <Depth = 64> <RAM>
ST_3 : Operation 55 [1/3] ( I:1.68ns O:1.68ns )   --->   "%FFT_DIT_spatial_unroll_CY_stream_vector_stream_stream_data_5_1_1_load_1 = load i6 %FFT_DIT_spatial_unroll_CY_stream_vector_stream_stream_data_5_1_1_addr_1" [FFT.cpp:61]   --->   Operation 55 'load' 'FFT_DIT_spatial_unroll_CY_stream_vector_stream_stream_data_5_1_1_load_1' <Predicate = true> <Delay = 1.68> <CoreInst = "RAM">   --->   Core 81 'RAM' <Latency = 2> <II = 1> <Delay = 1.68> <Storage> <Opcode : 'load' 'store'> <Ports = 2> <Width = 32> <Depth = 64> <RAM>
ST_3 : Operation 56 [1/1] (0.00ns)   --->   "%bitcast_ln63 = bitcast i32 %FFT_DIT_spatial_unroll_CY_stream_vector_stream_stream_data_5_0_0_load" [FFT.cpp:63]   --->   Operation 56 'bitcast' 'bitcast_ln63' <Predicate = true> <Delay = 0.00>
ST_3 : Operation 57 [1/1] (0.00ns)   --->   "%bitcast_ln63_1 = bitcast i32 %FFT_DIT_spatial_unroll_CY_stream_vector_stream_stream_data_5_1_0_load" [FFT.cpp:63]   --->   Operation 57 'bitcast' 'bitcast_ln63_1' <Predicate = true> <Delay = 0.00>
ST_3 : Operation 58 [1/1] (0.00ns)   --->   "%bitcast_ln63_2 = bitcast i32 %FFT_DIT_spatial_unroll_CY_stream_vector_stream_stream_data_5_0_1_load" [FFT.cpp:63]   --->   Operation 58 'bitcast' 'bitcast_ln63_2' <Predicate = true> <Delay = 0.00>
ST_3 : Operation 59 [1/1] (0.00ns)   --->   "%bitcast_ln63_3 = bitcast i32 %FFT_DIT_spatial_unroll_CY_stream_vector_stream_stream_data_5_1_1_load" [FFT.cpp:63]   --->   Operation 59 'bitcast' 'bitcast_ln63_3' <Predicate = true> <Delay = 0.00>
ST_3 : Operation 60 [1/1] (0.00ns)   --->   "%bitcast_ln63_4 = bitcast i32 %FFT_DIT_spatial_unroll_CY_stream_vector_stream_stream_data_5_0_0_load_1" [FFT.cpp:63]   --->   Operation 60 'bitcast' 'bitcast_ln63_4' <Predicate = true> <Delay = 0.00>
ST_3 : Operation 61 [1/1] (0.00ns)   --->   "%bitcast_ln63_5 = bitcast i32 %FFT_DIT_spatial_unroll_CY_stream_vector_stream_stream_data_5_1_0_load_1" [FFT.cpp:63]   --->   Operation 61 'bitcast' 'bitcast_ln63_5' <Predicate = true> <Delay = 0.00>
ST_3 : Operation 62 [1/1] (0.00ns)   --->   "%bitcast_ln63_6 = bitcast i32 %FFT_DIT_spatial_unroll_CY_stream_vector_stream_stream_data_5_0_1_load_1" [FFT.cpp:63]   --->   Operation 62 'bitcast' 'bitcast_ln63_6' <Predicate = true> <Delay = 0.00>
ST_3 : Operation 63 [1/1] (0.00ns)   --->   "%bitcast_ln63_7 = bitcast i32 %FFT_DIT_spatial_unroll_CY_stream_vector_stream_stream_data_5_1_1_load_1" [FFT.cpp:63]   --->   Operation 63 'bitcast' 'bitcast_ln63_7' <Predicate = true> <Delay = 0.00>
ST_3 : Operation 64 [1/1] (0.00ns)   --->   "%or_ln63_5_i = bitconcatenate i256 @_ssdm_op_BitConcatenate.i256.i32.i32.i32.i32.i32.i32.i32.i32, i32 %bitcast_ln63_7, i32 %bitcast_ln63_6, i32 %bitcast_ln63_5, i32 %bitcast_ln63_4, i32 %bitcast_ln63_3, i32 %bitcast_ln63_2, i32 %bitcast_ln63_1, i32 %bitcast_ln63" [FFT.cpp:63]   --->   Operation 64 'bitconcatenate' 'or_ln63_5_i' <Predicate = true> <Delay = 0.00>
ST_3 : Operation 65 [1/1] ( I:1.46ns O:1.46ns )   --->   "%write_ln63 = write void @_ssdm_op_Write.ap_fifo.volatile.i256P0A, i256 %mid, i256 %or_ln63_5_i" [FFT.cpp:63]   --->   Operation 65 'write' 'write_ln63' <Predicate = true> <Delay = 1.46> <CoreInst = "FIFO">   --->   Core 77 'FIFO' <Latency = 0> <II = 1> <Delay = 3.79> <Storage> <Opcode : 'read' 'write' 'nbread' 'nbwrite'> <Ports = 0> <Width = 256> <Depth = 8> <FIFO>
ST_3 : Operation 66 [1/1] (1.58ns)   --->   "%ret_ln0 = ret"   --->   Operation 66 'ret' 'ret_ln0' <Predicate = (icmp_ln56)> <Delay = 1.58>


============================================================
+ Verbose Summary: Timing violations
============================================================
Target clock period: 4.000ns, clock uncertainty: 1.080ns.

 <State 1>: 4.956ns
The critical path consists of the following:
	'store' operation 0 bit ('store_ln0') of constant 0 on local variable 'i45' [9]  (1.588 ns)
	'load' operation 5 bit ('i45_load', FFT.cpp:56) on local variable 'i45' [12]  (0.000 ns)
	'add' operation 5 bit ('i', FFT.cpp:56) [47]  (1.780 ns)
	'store' operation 0 bit ('store_ln56', FFT.cpp:56) of variable 'i', FFT.cpp:56 on local variable 'i45' [49]  (1.588 ns)

 <State 2>: 0.000ns
The critical path consists of the following:

 <State 3>: 3.142ns
The critical path consists of the following:
	'load' operation 32 bit ('FFT_DIT_spatial_unroll_CY_stream_vector_stream_stream_data_5_0_0_load', FFT.cpp:61) on array 'FFT_DIT_spatial_unroll_CY_stream_vector_stream_stream_vector_0_data_5_0_0' [21]  (1.682 ns)
	fifo write operation ('write_ln63', FFT.cpp:63) on port 'mid' (FFT.cpp:63) [46]  (1.460 ns)


============================================================
+ Verbose Summary: Binding
============================================================
N/A
* FSMD analyzer results:
  - Output states:
 - Input state : 
  - Chain level:
	State 1
	State 2
	State 3


============================================================
+ Verbose Summary: Datapath Resource usage 
============================================================
N/A
