

================================================================
== Vitis HLS Report for 'FFT_Stage2_vectorstreamIn_arrayOut_parametize'
================================================================
* Date:           Wed Jul 16 18:22:37 2025

* Version:        2024.2 (Build 5238294 on Nov  8 2024)
* Project:        FFT_DIT_RN
* Solution:       FFT_DIT_RN (Vivado IP Flow Target)
* Product family: zynq
* Target device:  xc7z020-clg400-1


================================================================
== Performance Estimates
================================================================
+ Timing: 
    * Summary: 
    +--------+---------+----------+------------+
    |  Clock |  Target | Estimated| Uncertainty|
    +--------+---------+----------+------------+
    |ap_clk  |  4.00 ns|  5.091 ns|     1.08 ns|
    +--------+---------+----------+------------+

+ Latency: 
    * Summary: 
    +---------+---------+----------+----------+-----+-----+------------------------------------------------+
    |  Latency (cycles) |  Latency (absolute) |  Interval |                    Pipeline                    |
    |   min   |   max   |    min   |    max   | min | max |                      Type                      |
    +---------+---------+----------+----------+-----+-----+------------------------------------------------+
    |       47|       47|  0.239 us|  0.239 us|   32|   32|  loop auto-rewind stp (delay=0 clock cycles(s))|
    +---------+---------+----------+----------+-----+-----+------------------------------------------------+

    + Detail: 
        * Instance: 
        N/A

        * Loop: 
        +--------------+---------+---------+----------+-----------+-----------+------+----------+
        |              |  Latency (cycles) | Iteration|  Initiation Interval  | Trip |          |
        |   Loop Name  |   min   |   max   |  Latency |  achieved |   target  | Count| Pipelined|
        +--------------+---------+---------+----------+-----------+-----------+------+----------+
        |- FFT_Stage2  |       45|       45|        15|          1|          1|    32|       yes|
        +--------------+---------+---------+----------+-----------+-----------+------+----------+



================================================================
== Utilization Estimates
================================================================
* Summary: 
+-----------------+---------+-----+--------+-------+-----+
|       Name      | BRAM_18K| DSP |   FF   |  LUT  | URAM|
+-----------------+---------+-----+--------+-------+-----+
|DSP              |        -|    -|       -|      -|    -|
|Expression       |        -|    -|       0|     25|    -|
|FIFO             |        -|    -|       -|      -|    -|
|Instance         |        -|    0|    5088|   4760|    -|
|Memory           |        -|    -|       -|      -|    -|
|Multiplexer      |        -|    -|       0|     45|    -|
|Register         |        -|    -|     364|     32|    -|
+-----------------+---------+-----+--------+-------+-----+
|Total            |        0|    0|    5452|   4862|    0|
+-----------------+---------+-----+--------+-------+-----+
|Available        |      280|  220|  106400|  53200|    0|
+-----------------+---------+-----+--------+-------+-----+
|Utilization (%)  |        0|    0|       5|      9|    0|
+-----------------+---------+-----+--------+-------+-----+

+ Detail: 
    * Instance: 
    +-----------------------------------+-------------------------------+---------+----+-----+-----+-----+
    |              Instance             |             Module            | BRAM_18K| DSP|  FF | LUT | URAM|
    +-----------------------------------+-------------------------------+---------+----+-----+-----+-----+
    |fadd_32ns_32ns_32_14_no_dsp_1_U61  |fadd_32ns_32ns_32_14_no_dsp_1  |        0|   0|  636|  595|    0|
    |fadd_32ns_32ns_32_14_no_dsp_1_U62  |fadd_32ns_32ns_32_14_no_dsp_1  |        0|   0|  636|  595|    0|
    |fadd_32ns_32ns_32_14_no_dsp_1_U65  |fadd_32ns_32ns_32_14_no_dsp_1  |        0|   0|  636|  595|    0|
    |fadd_32ns_32ns_32_14_no_dsp_1_U68  |fadd_32ns_32ns_32_14_no_dsp_1  |        0|   0|  636|  595|    0|
    |fsub_32ns_32ns_32_14_no_dsp_1_U63  |fsub_32ns_32ns_32_14_no_dsp_1  |        0|   0|  636|  595|    0|
    |fsub_32ns_32ns_32_14_no_dsp_1_U64  |fsub_32ns_32ns_32_14_no_dsp_1  |        0|   0|  636|  595|    0|
    |fsub_32ns_32ns_32_14_no_dsp_1_U66  |fsub_32ns_32ns_32_14_no_dsp_1  |        0|   0|  636|  595|    0|
    |fsub_32ns_32ns_32_14_no_dsp_1_U67  |fsub_32ns_32ns_32_14_no_dsp_1  |        0|   0|  636|  595|    0|
    +-----------------------------------+-------------------------------+---------+----+-----+-----+-----+
    |Total                              |                               |        0|   0| 5088| 4760|    0|
    +-----------------------------------+-------------------------------+---------+----+-----+-----+-----+

    * DSP: 
    N/A

    * Memory: 
    N/A

    * FIFO: 
    N/A

    * Expression: 
    +----------------------------------+----------+----+---+----+------------+------------+
    |           Variable Name          | Operation| DSP| FF| LUT| Bitwidth P0| Bitwidth P1|
    +----------------------------------+----------+----+---+----+------------+------------+
    |m_fu_460_p2                       |         +|   0|  0|  15|           8|           3|
    |ap_condition_353                  |       and|   0|  0|   2|           1|           1|
    |ap_block_pp0_stage0_11001         |        or|   0|  0|   2|           1|           1|
    |ap_block_pp0_stage0_11001_grp0    |        or|   0|  0|   2|           1|           1|
    |ap_block_state1_pp0_stage0_iter0  |        or|   0|  0|   2|           1|           1|
    |ap_enable_pp0                     |       xor|   0|  0|   2|           1|           2|
    +----------------------------------+----------+----+---+----+------------+------------+
    |Total                             |          |   0|  0|  25|          13|           9|
    +----------------------------------+----------+----+---+----+------------+------------+

    * Multiplexer: 
    +-----------------------------------+----+-----------+-----+-----------+
    |                Name               | LUT| Input Size| Bits| Total Bits|
    +-----------------------------------+----+-----------+-----+-----------+
    |ap_done_int                        |   9|          2|    1|          2|
    |ap_loop_exit_ready_pp0_iter14_reg  |   9|          2|    1|          2|
    |ap_sig_allocacmp_m45_load          |   9|          2|    8|         16|
    |data_s1_stream_vector_blk_n        |   9|          2|    1|          2|
    |m45_fu_142                         |   9|          2|    8|         16|
    +-----------------------------------+----+-----------+-----+-----------+
    |Total                              |  45|         10|   19|         38|
    +-----------------------------------+----+-----------+-----+-----------+

    * Register: 
    +-------------------------------------------+----+----+-----+-----------+
    |                    Name                   | FF | LUT| Bits| Const Bits|
    +-------------------------------------------+----+----+-----+-----------+
    |ap_CS_fsm                                  |   1|   0|    1|          0|
    |ap_block_pp0_stage0_subdone_grp0_done_reg  |   1|   0|    1|          0|
    |ap_done_reg                                |   1|   0|    1|          0|
    |ap_enable_reg_pp0_iter1                    |   1|   0|    1|          0|
    |ap_enable_reg_pp0_iter10                   |   1|   0|    1|          0|
    |ap_enable_reg_pp0_iter11                   |   1|   0|    1|          0|
    |ap_enable_reg_pp0_iter12                   |   1|   0|    1|          0|
    |ap_enable_reg_pp0_iter13                   |   1|   0|    1|          0|
    |ap_enable_reg_pp0_iter14                   |   1|   0|    1|          0|
    |ap_enable_reg_pp0_iter2                    |   1|   0|    1|          0|
    |ap_enable_reg_pp0_iter3                    |   1|   0|    1|          0|
    |ap_enable_reg_pp0_iter4                    |   1|   0|    1|          0|
    |ap_enable_reg_pp0_iter5                    |   1|   0|    1|          0|
    |ap_enable_reg_pp0_iter6                    |   1|   0|    1|          0|
    |ap_enable_reg_pp0_iter7                    |   1|   0|    1|          0|
    |ap_enable_reg_pp0_iter8                    |   1|   0|    1|          0|
    |ap_enable_reg_pp0_iter9                    |   1|   0|    1|          0|
    |ap_loop_exit_ready_pp0_iter10_reg          |   1|   0|    1|          0|
    |ap_loop_exit_ready_pp0_iter11_reg          |   1|   0|    1|          0|
    |ap_loop_exit_ready_pp0_iter12_reg          |   1|   0|    1|          0|
    |ap_loop_exit_ready_pp0_iter13_reg          |   1|   0|    1|          0|
    |ap_loop_exit_ready_pp0_iter14_reg          |   1|   0|    1|          0|
    |ap_loop_exit_ready_pp0_iter1_reg           |   1|   0|    1|          0|
    |ap_loop_exit_ready_pp0_iter2_reg           |   1|   0|    1|          0|
    |ap_loop_exit_ready_pp0_iter3_reg           |   1|   0|    1|          0|
    |ap_loop_exit_ready_pp0_iter4_reg           |   1|   0|    1|          0|
    |ap_loop_exit_ready_pp0_iter5_reg           |   1|   0|    1|          0|
    |ap_loop_exit_ready_pp0_iter6_reg           |   1|   0|    1|          0|
    |ap_loop_exit_ready_pp0_iter7_reg           |   1|   0|    1|          0|
    |ap_loop_exit_ready_pp0_iter8_reg           |   1|   0|    1|          0|
    |ap_loop_exit_ready_pp0_iter9_reg           |   1|   0|    1|          0|
    |d2_imag_6_reg_579                          |  32|   0|   32|          0|
    |d2_imag_reg_559                            |  32|   0|   32|          0|
    |d2_real_6_reg_574                          |  32|   0|   32|          0|
    |d2_real_reg_554                            |  32|   0|   32|          0|
    |d3_imag_6_reg_589                          |  32|   0|   32|          0|
    |d3_imag_reg_569                            |  32|   0|   32|          0|
    |d3_real_6_reg_584                          |  32|   0|   32|          0|
    |d3_real_reg_564                            |  32|   0|   32|          0|
    |lshr_ln_reg_497                            |   5|   0|    5|          0|
    |m45_fu_142                                 |   8|   0|    8|          0|
    |lshr_ln_reg_497                            |  64|  32|    5|          0|
    +-------------------------------------------+----+----+-----+-----------+
    |Total                                      | 364|  32|  305|          0|
    +-------------------------------------------+----+----+-----+-----------+



================================================================
== Interface
================================================================
* Summary: 
+---------------------------------------------------------------------------------------------------------------------------------+-----+-----+------------+------------------------------------------------------------------------------------------------------------------------+--------------+
|                                                            RTL Ports                                                            | Dir | Bits|  Protocol  |                                                      Source Object                                                     |    C Type    |
+---------------------------------------------------------------------------------------------------------------------------------+-----+-----+------------+------------------------------------------------------------------------------------------------------------------------+--------------+
|ap_clk                                                                                                                           |   in|    1|  ap_ctrl_hs|                                                                           FFT_Stage2_vectorstreamIn_arrayOut_parametize|  return value|
|ap_rst                                                                                                                           |   in|    1|  ap_ctrl_hs|                                                                           FFT_Stage2_vectorstreamIn_arrayOut_parametize|  return value|
|ap_start                                                                                                                         |   in|    1|  ap_ctrl_hs|                                                                           FFT_Stage2_vectorstreamIn_arrayOut_parametize|  return value|
|ap_done                                                                                                                          |  out|    1|  ap_ctrl_hs|                                                                           FFT_Stage2_vectorstreamIn_arrayOut_parametize|  return value|
|ap_continue                                                                                                                      |   in|    1|  ap_ctrl_hs|                                                                           FFT_Stage2_vectorstreamIn_arrayOut_parametize|  return value|
|ap_idle                                                                                                                          |  out|    1|  ap_ctrl_hs|                                                                           FFT_Stage2_vectorstreamIn_arrayOut_parametize|  return value|
|ap_ready                                                                                                                         |  out|    1|  ap_ctrl_hs|                                                                           FFT_Stage2_vectorstreamIn_arrayOut_parametize|  return value|
|data_s1_stream_vector_dout                                                                                                       |   in|  256|     ap_fifo|                                                                                                   data_s1_stream_vector|       pointer|
|data_s1_stream_vector_empty_n                                                                                                    |   in|    1|     ap_fifo|                                                                                                   data_s1_stream_vector|       pointer|
|data_s1_stream_vector_read                                                                                                       |  out|    1|     ap_fifo|                                                                                                   data_s1_stream_vector|       pointer|
|data_s1_stream_vector_num_data_valid                                                                                             |   in|    3|     ap_fifo|                                                                                                   data_s1_stream_vector|       pointer|
|data_s1_stream_vector_fifo_cap                                                                                                   |   in|    3|     ap_fifo|                                                                                                   data_s1_stream_vector|       pointer|
|FFT_DIT_spatial_unroll_CY_stream_vector_stream_vector_complex_float_4ul_0_stream_vector_complex_float_4ul_0_data_0_0_0_address1  |  out|    5|   ap_memory|  FFT_DIT_spatial_unroll_CY_stream_vector_stream_vector_complex_float_4ul_0_stream_vector_complex_float_4ul_0_data_0_0_0|         array|
|FFT_DIT_spatial_unroll_CY_stream_vector_stream_vector_complex_float_4ul_0_stream_vector_complex_float_4ul_0_data_0_0_0_ce1       |  out|    1|   ap_memory|  FFT_DIT_spatial_unroll_CY_stream_vector_stream_vector_complex_float_4ul_0_stream_vector_complex_float_4ul_0_data_0_0_0|         array|
|FFT_DIT_spatial_unroll_CY_stream_vector_stream_vector_complex_float_4ul_0_stream_vector_complex_float_4ul_0_data_0_0_0_we1       |  out|    1|   ap_memory|  FFT_DIT_spatial_unroll_CY_stream_vector_stream_vector_complex_float_4ul_0_stream_vector_complex_float_4ul_0_data_0_0_0|         array|
|FFT_DIT_spatial_unroll_CY_stream_vector_stream_vector_complex_float_4ul_0_stream_vector_complex_float_4ul_0_data_0_0_0_d1        |  out|   32|   ap_memory|  FFT_DIT_spatial_unroll_CY_stream_vector_stream_vector_complex_float_4ul_0_stream_vector_complex_float_4ul_0_data_0_0_0|         array|
|FFT_DIT_spatial_unroll_CY_stream_vector_stream_vector_complex_float_4ul_0_stream_vector_complex_float_4ul_0_data_0_0_1_address1  |  out|    5|   ap_memory|  FFT_DIT_spatial_unroll_CY_stream_vector_stream_vector_complex_float_4ul_0_stream_vector_complex_float_4ul_0_data_0_0_1|         array|
|FFT_DIT_spatial_unroll_CY_stream_vector_stream_vector_complex_float_4ul_0_stream_vector_complex_float_4ul_0_data_0_0_1_ce1       |  out|    1|   ap_memory|  FFT_DIT_spatial_unroll_CY_stream_vector_stream_vector_complex_float_4ul_0_stream_vector_complex_float_4ul_0_data_0_0_1|         array|
|FFT_DIT_spatial_unroll_CY_stream_vector_stream_vector_complex_float_4ul_0_stream_vector_complex_float_4ul_0_data_0_0_1_we1       |  out|    1|   ap_memory|  FFT_DIT_spatial_unroll_CY_stream_vector_stream_vector_complex_float_4ul_0_stream_vector_complex_float_4ul_0_data_0_0_1|         array|
|FFT_DIT_spatial_unroll_CY_stream_vector_stream_vector_complex_float_4ul_0_stream_vector_complex_float_4ul_0_data_0_0_1_d1        |  out|   32|   ap_memory|  FFT_DIT_spatial_unroll_CY_stream_vector_stream_vector_complex_float_4ul_0_stream_vector_complex_float_4ul_0_data_0_0_1|         array|
|FFT_DIT_spatial_unroll_CY_stream_vector_stream_vector_complex_float_4ul_0_stream_vector_complex_float_4ul_0_data_0_0_2_address1  |  out|    5|   ap_memory|  FFT_DIT_spatial_unroll_CY_stream_vector_stream_vector_complex_float_4ul_0_stream_vector_complex_float_4ul_0_data_0_0_2|         array|
|FFT_DIT_spatial_unroll_CY_stream_vector_stream_vector_complex_float_4ul_0_stream_vector_complex_float_4ul_0_data_0_0_2_ce1       |  out|    1|   ap_memory|  FFT_DIT_spatial_unroll_CY_stream_vector_stream_vector_complex_float_4ul_0_stream_vector_complex_float_4ul_0_data_0_0_2|         array|
|FFT_DIT_spatial_unroll_CY_stream_vector_stream_vector_complex_float_4ul_0_stream_vector_complex_float_4ul_0_data_0_0_2_we1       |  out|    1|   ap_memory|  FFT_DIT_spatial_unroll_CY_stream_vector_stream_vector_complex_float_4ul_0_stream_vector_complex_float_4ul_0_data_0_0_2|         array|
|FFT_DIT_spatial_unroll_CY_stream_vector_stream_vector_complex_float_4ul_0_stream_vector_complex_float_4ul_0_data_0_0_2_d1        |  out|   32|   ap_memory|  FFT_DIT_spatial_unroll_CY_stream_vector_stream_vector_complex_float_4ul_0_stream_vector_complex_float_4ul_0_data_0_0_2|         array|
|FFT_DIT_spatial_unroll_CY_stream_vector_stream_vector_complex_float_4ul_0_stream_vector_complex_float_4ul_0_data_0_0_3_address1  |  out|    5|   ap_memory|  FFT_DIT_spatial_unroll_CY_stream_vector_stream_vector_complex_float_4ul_0_stream_vector_complex_float_4ul_0_data_0_0_3|         array|
|FFT_DIT_spatial_unroll_CY_stream_vector_stream_vector_complex_float_4ul_0_stream_vector_complex_float_4ul_0_data_0_0_3_ce1       |  out|    1|   ap_memory|  FFT_DIT_spatial_unroll_CY_stream_vector_stream_vector_complex_float_4ul_0_stream_vector_complex_float_4ul_0_data_0_0_3|         array|
|FFT_DIT_spatial_unroll_CY_stream_vector_stream_vector_complex_float_4ul_0_stream_vector_complex_float_4ul_0_data_0_0_3_we1       |  out|    1|   ap_memory|  FFT_DIT_spatial_unroll_CY_stream_vector_stream_vector_complex_float_4ul_0_stream_vector_complex_float_4ul_0_data_0_0_3|         array|
|FFT_DIT_spatial_unroll_CY_stream_vector_stream_vector_complex_float_4ul_0_stream_vector_complex_float_4ul_0_data_0_0_3_d1        |  out|   32|   ap_memory|  FFT_DIT_spatial_unroll_CY_stream_vector_stream_vector_complex_float_4ul_0_stream_vector_complex_float_4ul_0_data_0_0_3|         array|
|FFT_DIT_spatial_unroll_CY_stream_vector_stream_vector_complex_float_4ul_0_stream_vector_complex_float_4ul_0_data_0_1_0_address1  |  out|    5|   ap_memory|  FFT_DIT_spatial_unroll_CY_stream_vector_stream_vector_complex_float_4ul_0_stream_vector_complex_float_4ul_0_data_0_1_0|         array|
|FFT_DIT_spatial_unroll_CY_stream_vector_stream_vector_complex_float_4ul_0_stream_vector_complex_float_4ul_0_data_0_1_0_ce1       |  out|    1|   ap_memory|  FFT_DIT_spatial_unroll_CY_stream_vector_stream_vector_complex_float_4ul_0_stream_vector_complex_float_4ul_0_data_0_1_0|         array|
|FFT_DIT_spatial_unroll_CY_stream_vector_stream_vector_complex_float_4ul_0_stream_vector_complex_float_4ul_0_data_0_1_0_we1       |  out|    1|   ap_memory|  FFT_DIT_spatial_unroll_CY_stream_vector_stream_vector_complex_float_4ul_0_stream_vector_complex_float_4ul_0_data_0_1_0|         array|
|FFT_DIT_spatial_unroll_CY_stream_vector_stream_vector_complex_float_4ul_0_stream_vector_complex_float_4ul_0_data_0_1_0_d1        |  out|   32|   ap_memory|  FFT_DIT_spatial_unroll_CY_stream_vector_stream_vector_complex_float_4ul_0_stream_vector_complex_float_4ul_0_data_0_1_0|         array|
|FFT_DIT_spatial_unroll_CY_stream_vector_stream_vector_complex_float_4ul_0_stream_vector_complex_float_4ul_0_data_0_1_1_address1  |  out|    5|   ap_memory|  FFT_DIT_spatial_unroll_CY_stream_vector_stream_vector_complex_float_4ul_0_stream_vector_complex_float_4ul_0_data_0_1_1|         array|
|FFT_DIT_spatial_unroll_CY_stream_vector_stream_vector_complex_float_4ul_0_stream_vector_complex_float_4ul_0_data_0_1_1_ce1       |  out|    1|   ap_memory|  FFT_DIT_spatial_unroll_CY_stream_vector_stream_vector_complex_float_4ul_0_stream_vector_complex_float_4ul_0_data_0_1_1|         array|
|FFT_DIT_spatial_unroll_CY_stream_vector_stream_vector_complex_float_4ul_0_stream_vector_complex_float_4ul_0_data_0_1_1_we1       |  out|    1|   ap_memory|  FFT_DIT_spatial_unroll_CY_stream_vector_stream_vector_complex_float_4ul_0_stream_vector_complex_float_4ul_0_data_0_1_1|         array|
|FFT_DIT_spatial_unroll_CY_stream_vector_stream_vector_complex_float_4ul_0_stream_vector_complex_float_4ul_0_data_0_1_1_d1        |  out|   32|   ap_memory|  FFT_DIT_spatial_unroll_CY_stream_vector_stream_vector_complex_float_4ul_0_stream_vector_complex_float_4ul_0_data_0_1_1|         array|
|FFT_DIT_spatial_unroll_CY_stream_vector_stream_vector_complex_float_4ul_0_stream_vector_complex_float_4ul_0_data_0_1_2_address1  |  out|    5|   ap_memory|  FFT_DIT_spatial_unroll_CY_stream_vector_stream_vector_complex_float_4ul_0_stream_vector_complex_float_4ul_0_data_0_1_2|         array|
|FFT_DIT_spatial_unroll_CY_stream_vector_stream_vector_complex_float_4ul_0_stream_vector_complex_float_4ul_0_data_0_1_2_ce1       |  out|    1|   ap_memory|  FFT_DIT_spatial_unroll_CY_stream_vector_stream_vector_complex_float_4ul_0_stream_vector_complex_float_4ul_0_data_0_1_2|         array|
|FFT_DIT_spatial_unroll_CY_stream_vector_stream_vector_complex_float_4ul_0_stream_vector_complex_float_4ul_0_data_0_1_2_we1       |  out|    1|   ap_memory|  FFT_DIT_spatial_unroll_CY_stream_vector_stream_vector_complex_float_4ul_0_stream_vector_complex_float_4ul_0_data_0_1_2|         array|
|FFT_DIT_spatial_unroll_CY_stream_vector_stream_vector_complex_float_4ul_0_stream_vector_complex_float_4ul_0_data_0_1_2_d1        |  out|   32|   ap_memory|  FFT_DIT_spatial_unroll_CY_stream_vector_stream_vector_complex_float_4ul_0_stream_vector_complex_float_4ul_0_data_0_1_2|         array|
|FFT_DIT_spatial_unroll_CY_stream_vector_stream_vector_complex_float_4ul_0_stream_vector_complex_float_4ul_0_data_0_1_3_address1  |  out|    5|   ap_memory|  FFT_DIT_spatial_unroll_CY_stream_vector_stream_vector_complex_float_4ul_0_stream_vector_complex_float_4ul_0_data_0_1_3|         array|
|FFT_DIT_spatial_unroll_CY_stream_vector_stream_vector_complex_float_4ul_0_stream_vector_complex_float_4ul_0_data_0_1_3_ce1       |  out|    1|   ap_memory|  FFT_DIT_spatial_unroll_CY_stream_vector_stream_vector_complex_float_4ul_0_stream_vector_complex_float_4ul_0_data_0_1_3|         array|
|FFT_DIT_spatial_unroll_CY_stream_vector_stream_vector_complex_float_4ul_0_stream_vector_complex_float_4ul_0_data_0_1_3_we1       |  out|    1|   ap_memory|  FFT_DIT_spatial_unroll_CY_stream_vector_stream_vector_complex_float_4ul_0_stream_vector_complex_float_4ul_0_data_0_1_3|         array|
|FFT_DIT_spatial_unroll_CY_stream_vector_stream_vector_complex_float_4ul_0_stream_vector_complex_float_4ul_0_data_0_1_3_d1        |  out|   32|   ap_memory|  FFT_DIT_spatial_unroll_CY_stream_vector_stream_vector_complex_float_4ul_0_stream_vector_complex_float_4ul_0_data_0_1_3|         array|
+---------------------------------------------------------------------------------------------------------------------------------+-----+-----+------------+------------------------------------------------------------------------------------------------------------------------+--------------+

