

================================================================
== Vitis HLS Report for 'FFT_stage_spatial_unroll_3_s'
================================================================
* Date:           Wed Jul 16 18:22:37 2025

* Version:        2024.2 (Build 5238294 on Nov  8 2024)
* Project:        FFT_DIT_RN
* Solution:       FFT_DIT_RN (Vivado IP Flow Target)
* Product family: zynq
* Target device:  xc7z020-clg400-1


================================================================
== Performance Estimates
================================================================
+ Timing: 
    * Summary: 
    +--------+---------+----------+------------+
    |  Clock |  Target | Estimated| Uncertainty|
    +--------+---------+----------+------------+
    |ap_clk  |  4.00 ns|  4.956 ns|     1.08 ns|
    +--------+---------+----------+------------+

+ Latency: 
    * Summary: 
    +---------+---------+----------+----------+-----+-----+------------------------------------------------+
    |  Latency (cycles) |  Latency (absolute) |  Interval |                    Pipeline                    |
    |   min   |   max   |    min   |    max   | min | max |                      Type                      |
    +---------+---------+----------+----------+-----+-----+------------------------------------------------+
    |       74|       74|  0.367 us|  0.367 us|   33|   33|  loop auto-rewind stp (delay=1 clock cycles(s))|
    +---------+---------+----------+----------+-----+-----+------------------------------------------------+

    + Detail: 
        * Instance: 
        N/A

        * Loop: 
        +----------------------------+---------+---------+----------+-----------+-----------+------+----------+
        |                            |  Latency (cycles) | Iteration|  Initiation Interval  | Trip |          |
        |          Loop Name         |   min   |   max   |  Latency |  achieved |   target  | Count| Pipelined|
        +----------------------------+---------+---------+----------+-----------+-----------+------+----------+
        |- R_Pair_loop_R_Group_loop  |       72|       72|        42|          1|          1|    32|       yes|
        +----------------------------+---------+---------+----------+-----------+-----------+------+----------+



================================================================
== Utilization Estimates
================================================================
* Summary: 
+-----------------+---------+-----+--------+-------+-----+
|       Name      | BRAM_18K| DSP |   FF   |  LUT  | URAM|
+-----------------+---------+-----+--------+-------+-----+
|DSP              |        -|    -|       -|      -|    -|
|Expression       |        -|    -|       0|    455|    -|
|FIFO             |        -|    -|       -|      -|    -|
|Instance         |        -|   24|    9224|   9732|    -|
|Memory           |        -|    -|       -|      -|    -|
|Multiplexer      |        -|    -|       0|    118|    -|
|Register         |        -|    -|    4052|    352|    -|
+-----------------+---------+-----+--------+-------+-----+
|Total            |        0|   24|   13276|  10657|    0|
+-----------------+---------+-----+--------+-------+-----+
|Available        |      280|  220|  106400|  53200|    0|
+-----------------+---------+-----+--------+-------+-----+
|Utilization (%)  |        0|   10|      12|     20|    0|
+-----------------+---------+-----+--------+-------+-----+

+ Detail: 
    * Instance: 
    +-----------------------------------+-------------------------------+---------+----+-----+-----+-----+
    |              Instance             |             Module            | BRAM_18K| DSP|  FF | LUT | URAM|
    +-----------------------------------+-------------------------------+---------+----+-----+-----+-----+
    |fadd_32ns_32ns_32_14_no_dsp_1_U79  |fadd_32ns_32ns_32_14_no_dsp_1  |        0|   0|  636|  595|    0|
    |fadd_32ns_32ns_32_14_no_dsp_1_U81  |fadd_32ns_32ns_32_14_no_dsp_1  |        0|   0|  636|  595|    0|
    |fadd_32ns_32ns_32_14_no_dsp_1_U82  |fadd_32ns_32ns_32_14_no_dsp_1  |        0|   0|  636|  595|    0|
    |fadd_32ns_32ns_32_14_no_dsp_1_U83  |fadd_32ns_32ns_32_14_no_dsp_1  |        0|   0|  636|  595|    0|
    |fadd_32ns_32ns_32_14_no_dsp_1_U86  |fadd_32ns_32ns_32_14_no_dsp_1  |        0|   0|  636|  595|    0|
    |fadd_32ns_32ns_32_14_no_dsp_1_U87  |fadd_32ns_32ns_32_14_no_dsp_1  |        0|   0|  636|  595|    0|
    |fmul_32ns_32ns_32_8_max_dsp_1_U90  |fmul_32ns_32ns_32_8_max_dsp_1  |        0|   3|  199|  324|    0|
    |fmul_32ns_32ns_32_8_max_dsp_1_U91  |fmul_32ns_32ns_32_8_max_dsp_1  |        0|   3|  199|  324|    0|
    |fmul_32ns_32ns_32_8_max_dsp_1_U92  |fmul_32ns_32ns_32_8_max_dsp_1  |        0|   3|  199|  324|    0|
    |fmul_32ns_32ns_32_8_max_dsp_1_U93  |fmul_32ns_32ns_32_8_max_dsp_1  |        0|   3|  199|  324|    0|
    |fmul_32ns_32ns_32_8_max_dsp_1_U94  |fmul_32ns_32ns_32_8_max_dsp_1  |        0|   3|  199|  324|    0|
    |fmul_32ns_32ns_32_8_max_dsp_1_U95  |fmul_32ns_32ns_32_8_max_dsp_1  |        0|   3|  199|  324|    0|
    |fmul_32ns_32ns_32_8_max_dsp_1_U96  |fmul_32ns_32ns_32_8_max_dsp_1  |        0|   3|  199|  324|    0|
    |fmul_32ns_32ns_32_8_max_dsp_1_U97  |fmul_32ns_32ns_32_8_max_dsp_1  |        0|   3|  199|  324|    0|
    |fsub_32ns_32ns_32_14_no_dsp_1_U78  |fsub_32ns_32ns_32_14_no_dsp_1  |        0|   0|  636|  595|    0|
    |fsub_32ns_32ns_32_14_no_dsp_1_U80  |fsub_32ns_32ns_32_14_no_dsp_1  |        0|   0|  636|  595|    0|
    |fsub_32ns_32ns_32_14_no_dsp_1_U84  |fsub_32ns_32ns_32_14_no_dsp_1  |        0|   0|  636|  595|    0|
    |fsub_32ns_32ns_32_14_no_dsp_1_U85  |fsub_32ns_32ns_32_14_no_dsp_1  |        0|   0|  636|  595|    0|
    |fsub_32ns_32ns_32_14_no_dsp_1_U88  |fsub_32ns_32ns_32_14_no_dsp_1  |        0|   0|  636|  595|    0|
    |fsub_32ns_32ns_32_14_no_dsp_1_U89  |fsub_32ns_32ns_32_14_no_dsp_1  |        0|   0|  636|  595|    0|
    +-----------------------------------+-------------------------------+---------+----+-----+-----+-----+
    |Total                              |                               |        0|  24| 9224| 9732|    0|
    +-----------------------------------+-------------------------------+---------+----+-----+-----+-----+

    * DSP: 
    N/A

    * Memory: 
    N/A

    * FIFO: 
    N/A

    * Expression: 
    +---------------------------+----------+----+---+----+------------+------------+
    |       Variable Name       | Operation| DSP| FF| LUT| Bitwidth P0| Bitwidth P1|
    +---------------------------+----------+----+---+----+------------+------------+
    |add_ln413_4_fu_608_p2      |         +|   0|  0|  13|           5|           1|
    |add_ln413_fu_740_p2        |         +|   0|  0|  15|           8|           4|
    |k_fu_720_p2                |         +|   0|  0|  11|           3|           2|
    |ap_condition_1069          |       and|   0|  0|   2|           1|           1|
    |empty_fu_650_p2            |      icmp|   0|  0|  11|           3|           2|
    |icmp_ln11_1_fu_818_p2      |      icmp|   0|  0|  10|           2|           2|
    |icmp_ln11_fu_775_p2        |      icmp|   0|  0|  10|           2|           1|
    |icmp_ln413_fu_614_p2       |      icmp|   0|  0|  13|           5|           2|
    |ap_block_pp0_stage0_11001  |        or|   0|  0|   2|           1|           1|
    |a_fu_790_p3                |    select|   0|  0|  32|           1|          32|
    |c_fu_761_p3                |    select|   0|  0|  30|           1|          30|
    |d0_imag_fu_785_p3          |    select|   0|  0|  32|           1|          32|
    |d0_real_fu_780_p3          |    select|   0|  0|  32|           1|          32|
    |d1_22_fu_842_p3            |    select|   0|  0|  32|           1|          32|
    |d1_fu_830_p3               |    select|   0|  0|  32|           1|          32|
    |d1_real_13_fu_797_p3       |    select|   0|  0|  32|           1|          32|
    |d_fu_768_p3                |    select|   0|  0|  33|           1|          32|
    |m_fu_642_p3                |    select|   0|  0|   8|           1|           8|
    |select_ln11_2_fu_836_p3    |    select|   0|  0|  32|           1|          32|
    |select_ln11_fu_824_p3      |    select|   0|  0|  32|           1|          32|
    |select_ln413_fu_634_p3     |    select|   0|  0|   3|           1|           3|
    |tw_fu_804_p3               |    select|   0|  0|  32|           1|          32|
    |ap_enable_pp0              |       xor|   0|  0|   2|           1|           2|
    |xor_ln17_fu_859_p2         |       xor|   0|  0|   2|           1|           2|
    |xor_ln416_fu_734_p2        |       xor|   0|  0|   2|           1|           2|
    +---------------------------+----------+----+---+----+------------+------------+
    |Total                      |          |   0|  0| 455|          46|         383|
    +---------------------------+----------+----+---+----+------------+------------+

    * Multiplexer: 
    +------------------------------------------+----+-----------+-----+-----------+
    |                   Name                   | LUT| Input Size| Bits| Total Bits|
    +------------------------------------------+----+-----------+-----+-----------+
    |add_ln413146_fu_160                       |   9|          2|    8|         16|
    |ap_done_int                               |   9|          2|    1|          2|
    |ap_loop_exit_ready_pp0_iter41_reg         |   9|          2|    1|          2|
    |ap_phi_mux_icmp_ln416145_phi_fu_468_p4    |   9|          2|    1|          2|
    |ap_phi_reg_pp0_iter26_d1_imag_14_reg_487  |  14|          3|   32|         96|
    |ap_phi_reg_pp0_iter26_d1_real_14_reg_475  |  14|          3|   32|         96|
    |ap_phi_reg_pp0_iter4_d1_imag_14_reg_487   |   9|          2|   32|         64|
    |ap_phi_reg_pp0_iter4_d1_real_14_reg_475   |   9|          2|   32|         64|
    |ap_sig_allocacmp_indvar_flatten142_load   |   9|          2|    5|         10|
    |indvar_flatten142_fu_148                  |   9|          2|    5|         10|
    |k144_fu_156                               |   9|          2|    3|          6|
    |m143_fu_152                               |   9|          2|    8|         16|
    +------------------------------------------+----+-----------+-----+-----------+
    |Total                                     | 118|         26|  160|        384|
    +------------------------------------------+----+-----------+-----+-----------+

    * Register: 
    +----------------------------------------------------------------------------------+----+----+-----+-----------+
    |                                       Name                                       | FF | LUT| Bits| Const Bits|
    +----------------------------------------------------------------------------------+----+----+-----+-----------+
    |FFT_DIT_spatial_unroll_CY_stream_vector_stream_stream_data_0_0_0_load_1_reg_1097  |  32|   0|   32|          0|
    |FFT_DIT_spatial_unroll_CY_stream_vector_stream_stream_data_0_0_0_load_reg_1069    |  32|   0|   32|          0|
    |FFT_DIT_spatial_unroll_CY_stream_vector_stream_stream_data_0_0_1_load_1_reg_1127  |  32|   0|   32|          0|
    |FFT_DIT_spatial_unroll_CY_stream_vector_stream_stream_data_0_0_1_load_reg_1117    |  32|   0|   32|          0|
    |FFT_DIT_spatial_unroll_CY_stream_vector_stream_stream_data_0_0_2_load_1_reg_1102  |  32|   0|   32|          0|
    |FFT_DIT_spatial_unroll_CY_stream_vector_stream_stream_data_0_0_2_load_reg_1074    |  32|   0|   32|          0|
    |FFT_DIT_spatial_unroll_CY_stream_vector_stream_stream_data_0_0_3_load_1_reg_1132  |  32|   0|   32|          0|
    |FFT_DIT_spatial_unroll_CY_stream_vector_stream_stream_data_0_0_3_load_reg_1122    |  32|   0|   32|          0|
    |FFT_DIT_spatial_unroll_CY_stream_vector_stream_stream_data_0_1_0_load_1_reg_1107  |  32|   0|   32|          0|
    |FFT_DIT_spatial_unroll_CY_stream_vector_stream_stream_data_0_1_0_load_reg_1087    |  32|   0|   32|          0|
    |FFT_DIT_spatial_unroll_CY_stream_vector_stream_stream_data_0_1_1_load_1_reg_1147  |  32|   0|   32|          0|
    |FFT_DIT_spatial_unroll_CY_stream_vector_stream_stream_data_0_1_1_load_reg_1137    |  32|   0|   32|          0|
    |FFT_DIT_spatial_unroll_CY_stream_vector_stream_stream_data_0_1_2_load_1_reg_1112  |  32|   0|   32|          0|
    |FFT_DIT_spatial_unroll_CY_stream_vector_stream_stream_data_0_1_2_load_reg_1092    |  32|   0|   32|          0|
    |FFT_DIT_spatial_unroll_CY_stream_vector_stream_stream_data_0_1_3_load_1_reg_1152  |  32|   0|   32|          0|
    |FFT_DIT_spatial_unroll_CY_stream_vector_stream_stream_data_0_1_3_load_reg_1142    |  32|   0|   32|          0|
    |a_reg_1169                                                                        |  32|   0|   32|          0|
    |ac_5_reg_1235                                                                     |  32|   0|   32|          0|
    |ac_reg_1215                                                                       |  32|   0|   32|          0|
    |ad_5_reg_1245                                                                     |  32|   0|   32|          0|
    |ad_reg_1225                                                                       |  32|   0|   32|          0|
    |add_ln413146_fu_160                                                               |   8|   0|    8|          0|
    |ap_CS_fsm                                                                         |   1|   0|    1|          0|
    |ap_condition_exit_pp0_iter0_stage0_pp0_iter1_reg                                  |   1|   0|    1|          0|
    |ap_done_reg                                                                       |   1|   0|    1|          0|
    |ap_enable_reg_pp0_iter1                                                           |   1|   0|    1|          0|
    |ap_enable_reg_pp0_iter10                                                          |   1|   0|    1|          0|
    |ap_enable_reg_pp0_iter11                                                          |   1|   0|    1|          0|
    |ap_enable_reg_pp0_iter12                                                          |   1|   0|    1|          0|
    |ap_enable_reg_pp0_iter13                                                          |   1|   0|    1|          0|
    |ap_enable_reg_pp0_iter14                                                          |   1|   0|    1|          0|
    |ap_enable_reg_pp0_iter15                                                          |   1|   0|    1|          0|
    |ap_enable_reg_pp0_iter16                                                          |   1|   0|    1|          0|
    |ap_enable_reg_pp0_iter17                                                          |   1|   0|    1|          0|
    |ap_enable_reg_pp0_iter18                                                          |   1|   0|    1|          0|
    |ap_enable_reg_pp0_iter19                                                          |   1|   0|    1|          0|
    |ap_enable_reg_pp0_iter2                                                           |   1|   0|    1|          0|
    |ap_enable_reg_pp0_iter20                                                          |   1|   0|    1|          0|
    |ap_enable_reg_pp0_iter21                                                          |   1|   0|    1|          0|
    |ap_enable_reg_pp0_iter22                                                          |   1|   0|    1|          0|
    |ap_enable_reg_pp0_iter23                                                          |   1|   0|    1|          0|
    |ap_enable_reg_pp0_iter24                                                          |   1|   0|    1|          0|
    |ap_enable_reg_pp0_iter25                                                          |   1|   0|    1|          0|
    |ap_enable_reg_pp0_iter26                                                          |   1|   0|    1|          0|
    |ap_enable_reg_pp0_iter27                                                          |   1|   0|    1|          0|
    |ap_enable_reg_pp0_iter28                                                          |   1|   0|    1|          0|
    |ap_enable_reg_pp0_iter29                                                          |   1|   0|    1|          0|
    |ap_enable_reg_pp0_iter3                                                           |   1|   0|    1|          0|
    |ap_enable_reg_pp0_iter30                                                          |   1|   0|    1|          0|
    |ap_enable_reg_pp0_iter31                                                          |   1|   0|    1|          0|
    |ap_enable_reg_pp0_iter32                                                          |   1|   0|    1|          0|
    |ap_enable_reg_pp0_iter33                                                          |   1|   0|    1|          0|
    |ap_enable_reg_pp0_iter34                                                          |   1|   0|    1|          0|
    |ap_enable_reg_pp0_iter35                                                          |   1|   0|    1|          0|
    |ap_enable_reg_pp0_iter36                                                          |   1|   0|    1|          0|
    |ap_enable_reg_pp0_iter37                                                          |   1|   0|    1|          0|
    |ap_enable_reg_pp0_iter38                                                          |   1|   0|    1|          0|
    |ap_enable_reg_pp0_iter39                                                          |   1|   0|    1|          0|
    |ap_enable_reg_pp0_iter4                                                           |   1|   0|    1|          0|
    |ap_enable_reg_pp0_iter40                                                          |   1|   0|    1|          0|
    |ap_enable_reg_pp0_iter41                                                          |   1|   0|    1|          0|
    |ap_enable_reg_pp0_iter5                                                           |   1|   0|    1|          0|
    |ap_enable_reg_pp0_iter6                                                           |   1|   0|    1|          0|
    |ap_enable_reg_pp0_iter7                                                           |   1|   0|    1|          0|
    |ap_enable_reg_pp0_iter8                                                           |   1|   0|    1|          0|
    |ap_enable_reg_pp0_iter9                                                           |   1|   0|    1|          0|
    |ap_loop_exit_ready_pp0_iter10_reg                                                 |   1|   0|    1|          0|
    |ap_loop_exit_ready_pp0_iter11_reg                                                 |   1|   0|    1|          0|
    |ap_loop_exit_ready_pp0_iter12_reg                                                 |   1|   0|    1|          0|
    |ap_loop_exit_ready_pp0_iter13_reg                                                 |   1|   0|    1|          0|
    |ap_loop_exit_ready_pp0_iter14_reg                                                 |   1|   0|    1|          0|
    |ap_loop_exit_ready_pp0_iter15_reg                                                 |   1|   0|    1|          0|
    |ap_loop_exit_ready_pp0_iter16_reg                                                 |   1|   0|    1|          0|
    |ap_loop_exit_ready_pp0_iter17_reg                                                 |   1|   0|    1|          0|
    |ap_loop_exit_ready_pp0_iter18_reg                                                 |   1|   0|    1|          0|
    |ap_loop_exit_ready_pp0_iter19_reg                                                 |   1|   0|    1|          0|
    |ap_loop_exit_ready_pp0_iter1_reg                                                  |   1|   0|    1|          0|
    |ap_loop_exit_ready_pp0_iter20_reg                                                 |   1|   0|    1|          0|
    |ap_loop_exit_ready_pp0_iter21_reg                                                 |   1|   0|    1|          0|
    |ap_loop_exit_ready_pp0_iter22_reg                                                 |   1|   0|    1|          0|
    |ap_loop_exit_ready_pp0_iter23_reg                                                 |   1|   0|    1|          0|
    |ap_loop_exit_ready_pp0_iter24_reg                                                 |   1|   0|    1|          0|
    |ap_loop_exit_ready_pp0_iter25_reg                                                 |   1|   0|    1|          0|
    |ap_loop_exit_ready_pp0_iter26_reg                                                 |   1|   0|    1|          0|
    |ap_loop_exit_ready_pp0_iter27_reg                                                 |   1|   0|    1|          0|
    |ap_loop_exit_ready_pp0_iter28_reg                                                 |   1|   0|    1|          0|
    |ap_loop_exit_ready_pp0_iter29_reg                                                 |   1|   0|    1|          0|
    |ap_loop_exit_ready_pp0_iter2_reg                                                  |   1|   0|    1|          0|
    |ap_loop_exit_ready_pp0_iter30_reg                                                 |   1|   0|    1|          0|
    |ap_loop_exit_ready_pp0_iter31_reg                                                 |   1|   0|    1|          0|
    |ap_loop_exit_ready_pp0_iter32_reg                                                 |   1|   0|    1|          0|
    |ap_loop_exit_ready_pp0_iter33_reg                                                 |   1|   0|    1|          0|
    |ap_loop_exit_ready_pp0_iter34_reg                                                 |   1|   0|    1|          0|
    |ap_loop_exit_ready_pp0_iter35_reg                                                 |   1|   0|    1|          0|
    |ap_loop_exit_ready_pp0_iter36_reg                                                 |   1|   0|    1|          0|
    |ap_loop_exit_ready_pp0_iter37_reg                                                 |   1|   0|    1|          0|
    |ap_loop_exit_ready_pp0_iter38_reg                                                 |   1|   0|    1|          0|
    |ap_loop_exit_ready_pp0_iter39_reg                                                 |   1|   0|    1|          0|
    |ap_loop_exit_ready_pp0_iter3_reg                                                  |   1|   0|    1|          0|
    |ap_loop_exit_ready_pp0_iter40_reg                                                 |   1|   0|    1|          0|
    |ap_loop_exit_ready_pp0_iter41_reg                                                 |   1|   0|    1|          0|
    |ap_loop_exit_ready_pp0_iter4_reg                                                  |   1|   0|    1|          0|
    |ap_loop_exit_ready_pp0_iter5_reg                                                  |   1|   0|    1|          0|
    |ap_loop_exit_ready_pp0_iter6_reg                                                  |   1|   0|    1|          0|
    |ap_loop_exit_ready_pp0_iter7_reg                                                  |   1|   0|    1|          0|
    |ap_loop_exit_ready_pp0_iter8_reg                                                  |   1|   0|    1|          0|
    |ap_loop_exit_ready_pp0_iter9_reg                                                  |   1|   0|    1|          0|
    |ap_loop_init_pp0_iter1_reg                                                        |   1|   0|    1|          0|
    |ap_phi_reg_pp0_iter10_d1_imag_14_reg_487                                          |  32|   0|   32|          0|
    |ap_phi_reg_pp0_iter10_d1_real_14_reg_475                                          |  32|   0|   32|          0|
    |ap_phi_reg_pp0_iter11_d1_imag_14_reg_487                                          |  32|   0|   32|          0|
    |ap_phi_reg_pp0_iter11_d1_real_14_reg_475                                          |  32|   0|   32|          0|
    |ap_phi_reg_pp0_iter12_d1_imag_14_reg_487                                          |  32|   0|   32|          0|
    |ap_phi_reg_pp0_iter12_d1_real_14_reg_475                                          |  32|   0|   32|          0|
    |ap_phi_reg_pp0_iter13_d1_imag_14_reg_487                                          |  32|   0|   32|          0|
    |ap_phi_reg_pp0_iter13_d1_real_14_reg_475                                          |  32|   0|   32|          0|
    |ap_phi_reg_pp0_iter14_d1_imag_14_reg_487                                          |  32|   0|   32|          0|
    |ap_phi_reg_pp0_iter14_d1_real_14_reg_475                                          |  32|   0|   32|          0|
    |ap_phi_reg_pp0_iter15_d1_imag_14_reg_487                                          |  32|   0|   32|          0|
    |ap_phi_reg_pp0_iter15_d1_real_14_reg_475                                          |  32|   0|   32|          0|
    |ap_phi_reg_pp0_iter16_d1_imag_14_reg_487                                          |  32|   0|   32|          0|
    |ap_phi_reg_pp0_iter16_d1_real_14_reg_475                                          |  32|   0|   32|          0|
    |ap_phi_reg_pp0_iter17_d1_imag_14_reg_487                                          |  32|   0|   32|          0|
    |ap_phi_reg_pp0_iter17_d1_real_14_reg_475                                          |  32|   0|   32|          0|
    |ap_phi_reg_pp0_iter18_d1_imag_14_reg_487                                          |  32|   0|   32|          0|
    |ap_phi_reg_pp0_iter18_d1_real_14_reg_475                                          |  32|   0|   32|          0|
    |ap_phi_reg_pp0_iter19_d1_imag_14_reg_487                                          |  32|   0|   32|          0|
    |ap_phi_reg_pp0_iter19_d1_real_14_reg_475                                          |  32|   0|   32|          0|
    |ap_phi_reg_pp0_iter1_d1_imag_14_reg_487                                           |  32|   0|   32|          0|
    |ap_phi_reg_pp0_iter1_d1_real_14_reg_475                                           |  32|   0|   32|          0|
    |ap_phi_reg_pp0_iter20_d1_imag_14_reg_487                                          |  32|   0|   32|          0|
    |ap_phi_reg_pp0_iter20_d1_real_14_reg_475                                          |  32|   0|   32|          0|
    |ap_phi_reg_pp0_iter21_d1_imag_14_reg_487                                          |  32|   0|   32|          0|
    |ap_phi_reg_pp0_iter21_d1_real_14_reg_475                                          |  32|   0|   32|          0|
    |ap_phi_reg_pp0_iter22_d1_imag_14_reg_487                                          |  32|   0|   32|          0|
    |ap_phi_reg_pp0_iter22_d1_real_14_reg_475                                          |  32|   0|   32|          0|
    |ap_phi_reg_pp0_iter23_d1_imag_14_reg_487                                          |  32|   0|   32|          0|
    |ap_phi_reg_pp0_iter23_d1_real_14_reg_475                                          |  32|   0|   32|          0|
    |ap_phi_reg_pp0_iter24_d1_imag_14_reg_487                                          |  32|   0|   32|          0|
    |ap_phi_reg_pp0_iter24_d1_real_14_reg_475                                          |  32|   0|   32|          0|
    |ap_phi_reg_pp0_iter25_d1_imag_14_reg_487                                          |  32|   0|   32|          0|
    |ap_phi_reg_pp0_iter25_d1_real_14_reg_475                                          |  32|   0|   32|          0|
    |ap_phi_reg_pp0_iter26_d1_imag_14_reg_487                                          |  32|   0|   32|          0|
    |ap_phi_reg_pp0_iter26_d1_real_14_reg_475                                          |  32|   0|   32|          0|
    |ap_phi_reg_pp0_iter2_d1_imag_14_reg_487                                           |  32|   0|   32|          0|
    |ap_phi_reg_pp0_iter2_d1_real_14_reg_475                                           |  32|   0|   32|          0|
    |ap_phi_reg_pp0_iter3_d1_imag_14_reg_487                                           |  32|   0|   32|          0|
    |ap_phi_reg_pp0_iter3_d1_real_14_reg_475                                           |  32|   0|   32|          0|
    |ap_phi_reg_pp0_iter4_d1_imag_14_reg_487                                           |  32|   0|   32|          0|
    |ap_phi_reg_pp0_iter4_d1_real_14_reg_475                                           |  32|   0|   32|          0|
    |ap_phi_reg_pp0_iter5_d1_imag_14_reg_487                                           |  32|   0|   32|          0|
    |ap_phi_reg_pp0_iter5_d1_real_14_reg_475                                           |  32|   0|   32|          0|
    |ap_phi_reg_pp0_iter6_d1_imag_14_reg_487                                           |  32|   0|   32|          0|
    |ap_phi_reg_pp0_iter6_d1_real_14_reg_475                                           |  32|   0|   32|          0|
    |ap_phi_reg_pp0_iter7_d1_imag_14_reg_487                                           |  32|   0|   32|          0|
    |ap_phi_reg_pp0_iter7_d1_real_14_reg_475                                           |  32|   0|   32|          0|
    |ap_phi_reg_pp0_iter8_d1_imag_14_reg_487                                           |  32|   0|   32|          0|
    |ap_phi_reg_pp0_iter8_d1_real_14_reg_475                                           |  32|   0|   32|          0|
    |ap_phi_reg_pp0_iter9_d1_imag_14_reg_487                                           |  32|   0|   32|          0|
    |ap_phi_reg_pp0_iter9_d1_real_14_reg_475                                           |  32|   0|   32|          0|
    |bc_5_reg_1250                                                                     |  32|   0|   32|          0|
    |bc_reg_1230                                                                       |  32|   0|   32|          0|
    |bd_5_reg_1240                                                                     |  32|   0|   32|          0|
    |bd_reg_1220                                                                       |  32|   0|   32|          0|
    |c_reg_1057                                                                        |  13|   0|   32|         19|
    |d0_imag_reg_1163                                                                  |  32|   0|   32|          0|
    |d0_real_reg_1157                                                                  |  32|   0|   32|          0|
    |d1_22_reg_1209                                                                    |  32|   0|   32|          0|
    |d1_imag_15_reg_1276                                                               |  32|   0|   32|          0|
    |d1_imag_reg_1260                                                                  |  32|   0|   32|          0|
    |d1_real_13_reg_1177                                                               |  32|   0|   32|          0|
    |d1_real_15_reg_1270                                                               |  32|   0|   32|          0|
    |d1_real_reg_1255                                                                  |  32|   0|   32|          0|
    |d1_reg_1197                                                                       |  32|   0|   32|          0|
    |d2_imag_5_reg_1307                                                                |  32|   0|   32|          0|
    |d2_imag_reg_1287                                                                  |  32|   0|   32|          0|
    |d2_real_5_reg_1302                                                                |  32|   0|   32|          0|
    |d2_real_reg_1282                                                                  |  32|   0|   32|          0|
    |d3_imag_5_reg_1317                                                                |  32|   0|   32|          0|
    |d3_imag_5_reg_1317_pp0_iter40_reg                                                 |  32|   0|   32|          0|
    |d3_imag_reg_1297                                                                  |  32|   0|   32|          0|
    |d3_imag_reg_1297_pp0_iter40_reg                                                   |  32|   0|   32|          0|
    |d3_real_5_reg_1312                                                                |  32|   0|   32|          0|
    |d3_real_5_reg_1312_pp0_iter40_reg                                                 |  32|   0|   32|          0|
    |d3_real_reg_1292                                                                  |  32|   0|   32|          0|
    |d3_real_reg_1292_pp0_iter40_reg                                                   |  32|   0|   32|          0|
    |d_reg_1063                                                                        |   7|   0|   32|         25|
    |empty_reg_943                                                                     |   1|   0|    1|          0|
    |empty_reg_943_pp0_iter2_reg                                                       |   1|   0|    1|          0|
    |icmp_ln11_reg_1079                                                                |   1|   0|    1|          0|
    |icmp_ln413_reg_939                                                                |   1|   0|    1|          0|
    |indvar_flatten142_fu_148                                                          |   5|   0|    5|          0|
    |k144_fu_156                                                                       |   3|   0|    3|          0|
    |m143_fu_152                                                                       |   8|   0|    8|          0|
    |select_ln11_2_reg_1203                                                            |  32|   0|   32|          0|
    |select_ln11_reg_1191                                                              |  32|   0|   32|          0|
    |tmp_5_reg_960                                                                     |   1|   0|    1|          0|
    |tmp_reg_955                                                                       |   5|   0|    5|          0|
    |tmp_s_reg_967                                                                     |   4|   0|    4|          0|
    |trunc_ln423_reg_950                                                               |   2|   0|    2|          0|
    |tw_reg_1185                                                                       |   1|   0|   32|         31|
    |xor_ln416_reg_1052                                                                |   1|   0|    1|          0|
    |a_reg_1169                                                                        |  64|  32|   32|          0|
    |d0_imag_reg_1163                                                                  |  64|  32|   32|          0|
    |d0_real_reg_1157                                                                  |  64|  32|   32|          0|
    |d1_real_13_reg_1177                                                               |  64|  32|   32|          0|
    |icmp_ln413_reg_939                                                                |  64|  32|    1|          0|
    |select_ln11_2_reg_1203                                                            |  64|  32|   32|          0|
    |select_ln11_reg_1191                                                              |  64|  32|   32|          0|
    |tmp_5_reg_960                                                                     |  64|  32|    1|          0|
    |tmp_reg_955                                                                       |  64|  32|    5|          0|
    |tmp_s_reg_967                                                                     |  64|  32|    4|          0|
    |trunc_ln423_reg_950                                                               |  64|  32|    2|          0|
    +----------------------------------------------------------------------------------+----+----+-----+-----------+
    |Total                                                                             |4052| 352| 3628|         75|
    +----------------------------------------------------------------------------------+----+----+-----+-----------+



================================================================
== Interface
================================================================
* Summary: 
+---------------------------------------------------------------------------------------------------------------------------------+-----+-----+------------+------------------------------------------------------------------------------------------------------------------------+--------------+
|                                                            RTL Ports                                                            | Dir | Bits|  Protocol  |                                                      Source Object                                                     |    C Type    |
+---------------------------------------------------------------------------------------------------------------------------------+-----+-----+------------+------------------------------------------------------------------------------------------------------------------------+--------------+
|ap_clk                                                                                                                           |   in|    1|  ap_ctrl_hs|                                                                                             FFT_stage_spatial_unroll<3>|  return value|
|ap_rst                                                                                                                           |   in|    1|  ap_ctrl_hs|                                                                                             FFT_stage_spatial_unroll<3>|  return value|
|ap_start                                                                                                                         |   in|    1|  ap_ctrl_hs|                                                                                             FFT_stage_spatial_unroll<3>|  return value|
|ap_done                                                                                                                          |  out|    1|  ap_ctrl_hs|                                                                                             FFT_stage_spatial_unroll<3>|  return value|
|ap_continue                                                                                                                      |   in|    1|  ap_ctrl_hs|                                                                                             FFT_stage_spatial_unroll<3>|  return value|
|ap_idle                                                                                                                          |  out|    1|  ap_ctrl_hs|                                                                                             FFT_stage_spatial_unroll<3>|  return value|
|ap_ready                                                                                                                         |  out|    1|  ap_ctrl_hs|                                                                                             FFT_stage_spatial_unroll<3>|  return value|
|FFT_DIT_spatial_unroll_CY_stream_vector_stream_vector_complex_float_4ul_0_stream_vector_complex_float_4ul_0_data_1_0_0_address0  |  out|    6|   ap_memory|  FFT_DIT_spatial_unroll_CY_stream_vector_stream_vector_complex_float_4ul_0_stream_vector_complex_float_4ul_0_data_1_0_0|         array|
|FFT_DIT_spatial_unroll_CY_stream_vector_stream_vector_complex_float_4ul_0_stream_vector_complex_float_4ul_0_data_1_0_0_ce0       |  out|    1|   ap_memory|  FFT_DIT_spatial_unroll_CY_stream_vector_stream_vector_complex_float_4ul_0_stream_vector_complex_float_4ul_0_data_1_0_0|         array|
|FFT_DIT_spatial_unroll_CY_stream_vector_stream_vector_complex_float_4ul_0_stream_vector_complex_float_4ul_0_data_1_0_0_we0       |  out|    1|   ap_memory|  FFT_DIT_spatial_unroll_CY_stream_vector_stream_vector_complex_float_4ul_0_stream_vector_complex_float_4ul_0_data_1_0_0|         array|
|FFT_DIT_spatial_unroll_CY_stream_vector_stream_vector_complex_float_4ul_0_stream_vector_complex_float_4ul_0_data_1_0_0_d0        |  out|   32|   ap_memory|  FFT_DIT_spatial_unroll_CY_stream_vector_stream_vector_complex_float_4ul_0_stream_vector_complex_float_4ul_0_data_1_0_0|         array|
|FFT_DIT_spatial_unroll_CY_stream_vector_stream_vector_complex_float_4ul_0_stream_vector_complex_float_4ul_0_data_1_0_0_address1  |  out|    6|   ap_memory|  FFT_DIT_spatial_unroll_CY_stream_vector_stream_vector_complex_float_4ul_0_stream_vector_complex_float_4ul_0_data_1_0_0|         array|
|FFT_DIT_spatial_unroll_CY_stream_vector_stream_vector_complex_float_4ul_0_stream_vector_complex_float_4ul_0_data_1_0_0_ce1       |  out|    1|   ap_memory|  FFT_DIT_spatial_unroll_CY_stream_vector_stream_vector_complex_float_4ul_0_stream_vector_complex_float_4ul_0_data_1_0_0|         array|
|FFT_DIT_spatial_unroll_CY_stream_vector_stream_vector_complex_float_4ul_0_stream_vector_complex_float_4ul_0_data_1_0_0_we1       |  out|    1|   ap_memory|  FFT_DIT_spatial_unroll_CY_stream_vector_stream_vector_complex_float_4ul_0_stream_vector_complex_float_4ul_0_data_1_0_0|         array|
|FFT_DIT_spatial_unroll_CY_stream_vector_stream_vector_complex_float_4ul_0_stream_vector_complex_float_4ul_0_data_1_0_0_d1        |  out|   32|   ap_memory|  FFT_DIT_spatial_unroll_CY_stream_vector_stream_vector_complex_float_4ul_0_stream_vector_complex_float_4ul_0_data_1_0_0|         array|
|FFT_DIT_spatial_unroll_CY_stream_vector_stream_vector_complex_float_4ul_0_stream_vector_complex_float_4ul_0_data_1_0_1_address0  |  out|    6|   ap_memory|  FFT_DIT_spatial_unroll_CY_stream_vector_stream_vector_complex_float_4ul_0_stream_vector_complex_float_4ul_0_data_1_0_1|         array|
|FFT_DIT_spatial_unroll_CY_stream_vector_stream_vector_complex_float_4ul_0_stream_vector_complex_float_4ul_0_data_1_0_1_ce0       |  out|    1|   ap_memory|  FFT_DIT_spatial_unroll_CY_stream_vector_stream_vector_complex_float_4ul_0_stream_vector_complex_float_4ul_0_data_1_0_1|         array|
|FFT_DIT_spatial_unroll_CY_stream_vector_stream_vector_complex_float_4ul_0_stream_vector_complex_float_4ul_0_data_1_0_1_we0       |  out|    1|   ap_memory|  FFT_DIT_spatial_unroll_CY_stream_vector_stream_vector_complex_float_4ul_0_stream_vector_complex_float_4ul_0_data_1_0_1|         array|
|FFT_DIT_spatial_unroll_CY_stream_vector_stream_vector_complex_float_4ul_0_stream_vector_complex_float_4ul_0_data_1_0_1_d0        |  out|   32|   ap_memory|  FFT_DIT_spatial_unroll_CY_stream_vector_stream_vector_complex_float_4ul_0_stream_vector_complex_float_4ul_0_data_1_0_1|         array|
|FFT_DIT_spatial_unroll_CY_stream_vector_stream_vector_complex_float_4ul_0_stream_vector_complex_float_4ul_0_data_1_0_1_address1  |  out|    6|   ap_memory|  FFT_DIT_spatial_unroll_CY_stream_vector_stream_vector_complex_float_4ul_0_stream_vector_complex_float_4ul_0_data_1_0_1|         array|
|FFT_DIT_spatial_unroll_CY_stream_vector_stream_vector_complex_float_4ul_0_stream_vector_complex_float_4ul_0_data_1_0_1_ce1       |  out|    1|   ap_memory|  FFT_DIT_spatial_unroll_CY_stream_vector_stream_vector_complex_float_4ul_0_stream_vector_complex_float_4ul_0_data_1_0_1|         array|
|FFT_DIT_spatial_unroll_CY_stream_vector_stream_vector_complex_float_4ul_0_stream_vector_complex_float_4ul_0_data_1_0_1_we1       |  out|    1|   ap_memory|  FFT_DIT_spatial_unroll_CY_stream_vector_stream_vector_complex_float_4ul_0_stream_vector_complex_float_4ul_0_data_1_0_1|         array|
|FFT_DIT_spatial_unroll_CY_stream_vector_stream_vector_complex_float_4ul_0_stream_vector_complex_float_4ul_0_data_1_0_1_d1        |  out|   32|   ap_memory|  FFT_DIT_spatial_unroll_CY_stream_vector_stream_vector_complex_float_4ul_0_stream_vector_complex_float_4ul_0_data_1_0_1|         array|
|FFT_DIT_spatial_unroll_CY_stream_vector_stream_vector_complex_float_4ul_0_stream_vector_complex_float_4ul_0_data_1_1_0_address0  |  out|    6|   ap_memory|  FFT_DIT_spatial_unroll_CY_stream_vector_stream_vector_complex_float_4ul_0_stream_vector_complex_float_4ul_0_data_1_1_0|         array|
|FFT_DIT_spatial_unroll_CY_stream_vector_stream_vector_complex_float_4ul_0_stream_vector_complex_float_4ul_0_data_1_1_0_ce0       |  out|    1|   ap_memory|  FFT_DIT_spatial_unroll_CY_stream_vector_stream_vector_complex_float_4ul_0_stream_vector_complex_float_4ul_0_data_1_1_0|         array|
|FFT_DIT_spatial_unroll_CY_stream_vector_stream_vector_complex_float_4ul_0_stream_vector_complex_float_4ul_0_data_1_1_0_we0       |  out|    1|   ap_memory|  FFT_DIT_spatial_unroll_CY_stream_vector_stream_vector_complex_float_4ul_0_stream_vector_complex_float_4ul_0_data_1_1_0|         array|
|FFT_DIT_spatial_unroll_CY_stream_vector_stream_vector_complex_float_4ul_0_stream_vector_complex_float_4ul_0_data_1_1_0_d0        |  out|   32|   ap_memory|  FFT_DIT_spatial_unroll_CY_stream_vector_stream_vector_complex_float_4ul_0_stream_vector_complex_float_4ul_0_data_1_1_0|         array|
|FFT_DIT_spatial_unroll_CY_stream_vector_stream_vector_complex_float_4ul_0_stream_vector_complex_float_4ul_0_data_1_1_0_address1  |  out|    6|   ap_memory|  FFT_DIT_spatial_unroll_CY_stream_vector_stream_vector_complex_float_4ul_0_stream_vector_complex_float_4ul_0_data_1_1_0|         array|
|FFT_DIT_spatial_unroll_CY_stream_vector_stream_vector_complex_float_4ul_0_stream_vector_complex_float_4ul_0_data_1_1_0_ce1       |  out|    1|   ap_memory|  FFT_DIT_spatial_unroll_CY_stream_vector_stream_vector_complex_float_4ul_0_stream_vector_complex_float_4ul_0_data_1_1_0|         array|
|FFT_DIT_spatial_unroll_CY_stream_vector_stream_vector_complex_float_4ul_0_stream_vector_complex_float_4ul_0_data_1_1_0_we1       |  out|    1|   ap_memory|  FFT_DIT_spatial_unroll_CY_stream_vector_stream_vector_complex_float_4ul_0_stream_vector_complex_float_4ul_0_data_1_1_0|         array|
|FFT_DIT_spatial_unroll_CY_stream_vector_stream_vector_complex_float_4ul_0_stream_vector_complex_float_4ul_0_data_1_1_0_d1        |  out|   32|   ap_memory|  FFT_DIT_spatial_unroll_CY_stream_vector_stream_vector_complex_float_4ul_0_stream_vector_complex_float_4ul_0_data_1_1_0|         array|
|FFT_DIT_spatial_unroll_CY_stream_vector_stream_vector_complex_float_4ul_0_stream_vector_complex_float_4ul_0_data_1_1_1_address0  |  out|    6|   ap_memory|  FFT_DIT_spatial_unroll_CY_stream_vector_stream_vector_complex_float_4ul_0_stream_vector_complex_float_4ul_0_data_1_1_1|         array|
|FFT_DIT_spatial_unroll_CY_stream_vector_stream_vector_complex_float_4ul_0_stream_vector_complex_float_4ul_0_data_1_1_1_ce0       |  out|    1|   ap_memory|  FFT_DIT_spatial_unroll_CY_stream_vector_stream_vector_complex_float_4ul_0_stream_vector_complex_float_4ul_0_data_1_1_1|         array|
|FFT_DIT_spatial_unroll_CY_stream_vector_stream_vector_complex_float_4ul_0_stream_vector_complex_float_4ul_0_data_1_1_1_we0       |  out|    1|   ap_memory|  FFT_DIT_spatial_unroll_CY_stream_vector_stream_vector_complex_float_4ul_0_stream_vector_complex_float_4ul_0_data_1_1_1|         array|
|FFT_DIT_spatial_unroll_CY_stream_vector_stream_vector_complex_float_4ul_0_stream_vector_complex_float_4ul_0_data_1_1_1_d0        |  out|   32|   ap_memory|  FFT_DIT_spatial_unroll_CY_stream_vector_stream_vector_complex_float_4ul_0_stream_vector_complex_float_4ul_0_data_1_1_1|         array|
|FFT_DIT_spatial_unroll_CY_stream_vector_stream_vector_complex_float_4ul_0_stream_vector_complex_float_4ul_0_data_1_1_1_address1  |  out|    6|   ap_memory|  FFT_DIT_spatial_unroll_CY_stream_vector_stream_vector_complex_float_4ul_0_stream_vector_complex_float_4ul_0_data_1_1_1|         array|
|FFT_DIT_spatial_unroll_CY_stream_vector_stream_vector_complex_float_4ul_0_stream_vector_complex_float_4ul_0_data_1_1_1_ce1       |  out|    1|   ap_memory|  FFT_DIT_spatial_unroll_CY_stream_vector_stream_vector_complex_float_4ul_0_stream_vector_complex_float_4ul_0_data_1_1_1|         array|
|FFT_DIT_spatial_unroll_CY_stream_vector_stream_vector_complex_float_4ul_0_stream_vector_complex_float_4ul_0_data_1_1_1_we1       |  out|    1|   ap_memory|  FFT_DIT_spatial_unroll_CY_stream_vector_stream_vector_complex_float_4ul_0_stream_vector_complex_float_4ul_0_data_1_1_1|         array|
|FFT_DIT_spatial_unroll_CY_stream_vector_stream_vector_complex_float_4ul_0_stream_vector_complex_float_4ul_0_data_1_1_1_d1        |  out|   32|   ap_memory|  FFT_DIT_spatial_unroll_CY_stream_vector_stream_vector_complex_float_4ul_0_stream_vector_complex_float_4ul_0_data_1_1_1|         array|
|FFT_DIT_spatial_unroll_CY_stream_vector_stream_stream_vector_0_data_0_0_1_address0                                               |  out|    5|   ap_memory|                                               FFT_DIT_spatial_unroll_CY_stream_vector_stream_stream_vector_0_data_0_0_1|         array|
|FFT_DIT_spatial_unroll_CY_stream_vector_stream_stream_vector_0_data_0_0_1_ce0                                                    |  out|    1|   ap_memory|                                               FFT_DIT_spatial_unroll_CY_stream_vector_stream_stream_vector_0_data_0_0_1|         array|
|FFT_DIT_spatial_unroll_CY_stream_vector_stream_stream_vector_0_data_0_0_1_q0                                                     |   in|   32|   ap_memory|                                               FFT_DIT_spatial_unroll_CY_stream_vector_stream_stream_vector_0_data_0_0_1|         array|
|FFT_DIT_spatial_unroll_CY_stream_vector_stream_stream_vector_0_data_0_0_1_address1                                               |  out|    5|   ap_memory|                                               FFT_DIT_spatial_unroll_CY_stream_vector_stream_stream_vector_0_data_0_0_1|         array|
|FFT_DIT_spatial_unroll_CY_stream_vector_stream_stream_vector_0_data_0_0_1_ce1                                                    |  out|    1|   ap_memory|                                               FFT_DIT_spatial_unroll_CY_stream_vector_stream_stream_vector_0_data_0_0_1|         array|
|FFT_DIT_spatial_unroll_CY_stream_vector_stream_stream_vector_0_data_0_0_1_q1                                                     |   in|   32|   ap_memory|                                               FFT_DIT_spatial_unroll_CY_stream_vector_stream_stream_vector_0_data_0_0_1|         array|
|FFT_DIT_spatial_unroll_CY_stream_vector_stream_stream_vector_0_data_0_0_3_address0                                               |  out|    5|   ap_memory|                                               FFT_DIT_spatial_unroll_CY_stream_vector_stream_stream_vector_0_data_0_0_3|         array|
|FFT_DIT_spatial_unroll_CY_stream_vector_stream_stream_vector_0_data_0_0_3_ce0                                                    |  out|    1|   ap_memory|                                               FFT_DIT_spatial_unroll_CY_stream_vector_stream_stream_vector_0_data_0_0_3|         array|
|FFT_DIT_spatial_unroll_CY_stream_vector_stream_stream_vector_0_data_0_0_3_q0                                                     |   in|   32|   ap_memory|                                               FFT_DIT_spatial_unroll_CY_stream_vector_stream_stream_vector_0_data_0_0_3|         array|
|FFT_DIT_spatial_unroll_CY_stream_vector_stream_stream_vector_0_data_0_0_3_address1                                               |  out|    5|   ap_memory|                                               FFT_DIT_spatial_unroll_CY_stream_vector_stream_stream_vector_0_data_0_0_3|         array|
|FFT_DIT_spatial_unroll_CY_stream_vector_stream_stream_vector_0_data_0_0_3_ce1                                                    |  out|    1|   ap_memory|                                               FFT_DIT_spatial_unroll_CY_stream_vector_stream_stream_vector_0_data_0_0_3|         array|
|FFT_DIT_spatial_unroll_CY_stream_vector_stream_stream_vector_0_data_0_0_3_q1                                                     |   in|   32|   ap_memory|                                               FFT_DIT_spatial_unroll_CY_stream_vector_stream_stream_vector_0_data_0_0_3|         array|
|FFT_DIT_spatial_unroll_CY_stream_vector_stream_stream_vector_0_data_0_1_1_address0                                               |  out|    5|   ap_memory|                                               FFT_DIT_spatial_unroll_CY_stream_vector_stream_stream_vector_0_data_0_1_1|         array|
|FFT_DIT_spatial_unroll_CY_stream_vector_stream_stream_vector_0_data_0_1_1_ce0                                                    |  out|    1|   ap_memory|                                               FFT_DIT_spatial_unroll_CY_stream_vector_stream_stream_vector_0_data_0_1_1|         array|
|FFT_DIT_spatial_unroll_CY_stream_vector_stream_stream_vector_0_data_0_1_1_q0                                                     |   in|   32|   ap_memory|                                               FFT_DIT_spatial_unroll_CY_stream_vector_stream_stream_vector_0_data_0_1_1|         array|
|FFT_DIT_spatial_unroll_CY_stream_vector_stream_stream_vector_0_data_0_1_1_address1                                               |  out|    5|   ap_memory|                                               FFT_DIT_spatial_unroll_CY_stream_vector_stream_stream_vector_0_data_0_1_1|         array|
|FFT_DIT_spatial_unroll_CY_stream_vector_stream_stream_vector_0_data_0_1_1_ce1                                                    |  out|    1|   ap_memory|                                               FFT_DIT_spatial_unroll_CY_stream_vector_stream_stream_vector_0_data_0_1_1|         array|
|FFT_DIT_spatial_unroll_CY_stream_vector_stream_stream_vector_0_data_0_1_1_q1                                                     |   in|   32|   ap_memory|                                               FFT_DIT_spatial_unroll_CY_stream_vector_stream_stream_vector_0_data_0_1_1|         array|
|FFT_DIT_spatial_unroll_CY_stream_vector_stream_stream_vector_0_data_0_1_3_address0                                               |  out|    5|   ap_memory|                                               FFT_DIT_spatial_unroll_CY_stream_vector_stream_stream_vector_0_data_0_1_3|         array|
|FFT_DIT_spatial_unroll_CY_stream_vector_stream_stream_vector_0_data_0_1_3_ce0                                                    |  out|    1|   ap_memory|                                               FFT_DIT_spatial_unroll_CY_stream_vector_stream_stream_vector_0_data_0_1_3|         array|
|FFT_DIT_spatial_unroll_CY_stream_vector_stream_stream_vector_0_data_0_1_3_q0                                                     |   in|   32|   ap_memory|                                               FFT_DIT_spatial_unroll_CY_stream_vector_stream_stream_vector_0_data_0_1_3|         array|
|FFT_DIT_spatial_unroll_CY_stream_vector_stream_stream_vector_0_data_0_1_3_address1                                               |  out|    5|   ap_memory|                                               FFT_DIT_spatial_unroll_CY_stream_vector_stream_stream_vector_0_data_0_1_3|         array|
|FFT_DIT_spatial_unroll_CY_stream_vector_stream_stream_vector_0_data_0_1_3_ce1                                                    |  out|    1|   ap_memory|                                               FFT_DIT_spatial_unroll_CY_stream_vector_stream_stream_vector_0_data_0_1_3|         array|
|FFT_DIT_spatial_unroll_CY_stream_vector_stream_stream_vector_0_data_0_1_3_q1                                                     |   in|   32|   ap_memory|                                               FFT_DIT_spatial_unroll_CY_stream_vector_stream_stream_vector_0_data_0_1_3|         array|
|FFT_DIT_spatial_unroll_CY_stream_vector_stream_stream_vector_0_data_0_0_0_address0                                               |  out|    5|   ap_memory|                                               FFT_DIT_spatial_unroll_CY_stream_vector_stream_stream_vector_0_data_0_0_0|         array|
|FFT_DIT_spatial_unroll_CY_stream_vector_stream_stream_vector_0_data_0_0_0_ce0                                                    |  out|    1|   ap_memory|                                               FFT_DIT_spatial_unroll_CY_stream_vector_stream_stream_vector_0_data_0_0_0|         array|
|FFT_DIT_spatial_unroll_CY_stream_vector_stream_stream_vector_0_data_0_0_0_q0                                                     |   in|   32|   ap_memory|                                               FFT_DIT_spatial_unroll_CY_stream_vector_stream_stream_vector_0_data_0_0_0|         array|
|FFT_DIT_spatial_unroll_CY_stream_vector_stream_stream_vector_0_data_0_0_0_address1                                               |  out|    5|   ap_memory|                                               FFT_DIT_spatial_unroll_CY_stream_vector_stream_stream_vector_0_data_0_0_0|         array|
|FFT_DIT_spatial_unroll_CY_stream_vector_stream_stream_vector_0_data_0_0_0_ce1                                                    |  out|    1|   ap_memory|                                               FFT_DIT_spatial_unroll_CY_stream_vector_stream_stream_vector_0_data_0_0_0|         array|
|FFT_DIT_spatial_unroll_CY_stream_vector_stream_stream_vector_0_data_0_0_0_q1                                                     |   in|   32|   ap_memory|                                               FFT_DIT_spatial_unroll_CY_stream_vector_stream_stream_vector_0_data_0_0_0|         array|
|FFT_DIT_spatial_unroll_CY_stream_vector_stream_stream_vector_0_data_0_0_2_address0                                               |  out|    5|   ap_memory|                                               FFT_DIT_spatial_unroll_CY_stream_vector_stream_stream_vector_0_data_0_0_2|         array|
|FFT_DIT_spatial_unroll_CY_stream_vector_stream_stream_vector_0_data_0_0_2_ce0                                                    |  out|    1|   ap_memory|                                               FFT_DIT_spatial_unroll_CY_stream_vector_stream_stream_vector_0_data_0_0_2|         array|
|FFT_DIT_spatial_unroll_CY_stream_vector_stream_stream_vector_0_data_0_0_2_q0                                                     |   in|   32|   ap_memory|                                               FFT_DIT_spatial_unroll_CY_stream_vector_stream_stream_vector_0_data_0_0_2|         array|
|FFT_DIT_spatial_unroll_CY_stream_vector_stream_stream_vector_0_data_0_0_2_address1                                               |  out|    5|   ap_memory|                                               FFT_DIT_spatial_unroll_CY_stream_vector_stream_stream_vector_0_data_0_0_2|         array|
|FFT_DIT_spatial_unroll_CY_stream_vector_stream_stream_vector_0_data_0_0_2_ce1                                                    |  out|    1|   ap_memory|                                               FFT_DIT_spatial_unroll_CY_stream_vector_stream_stream_vector_0_data_0_0_2|         array|
|FFT_DIT_spatial_unroll_CY_stream_vector_stream_stream_vector_0_data_0_0_2_q1                                                     |   in|   32|   ap_memory|                                               FFT_DIT_spatial_unroll_CY_stream_vector_stream_stream_vector_0_data_0_0_2|         array|
|FFT_DIT_spatial_unroll_CY_stream_vector_stream_stream_vector_0_data_0_1_0_address0                                               |  out|    5|   ap_memory|                                               FFT_DIT_spatial_unroll_CY_stream_vector_stream_stream_vector_0_data_0_1_0|         array|
|FFT_DIT_spatial_unroll_CY_stream_vector_stream_stream_vector_0_data_0_1_0_ce0                                                    |  out|    1|   ap_memory|                                               FFT_DIT_spatial_unroll_CY_stream_vector_stream_stream_vector_0_data_0_1_0|         array|
|FFT_DIT_spatial_unroll_CY_stream_vector_stream_stream_vector_0_data_0_1_0_q0                                                     |   in|   32|   ap_memory|                                               FFT_DIT_spatial_unroll_CY_stream_vector_stream_stream_vector_0_data_0_1_0|         array|
|FFT_DIT_spatial_unroll_CY_stream_vector_stream_stream_vector_0_data_0_1_0_address1                                               |  out|    5|   ap_memory|                                               FFT_DIT_spatial_unroll_CY_stream_vector_stream_stream_vector_0_data_0_1_0|         array|
|FFT_DIT_spatial_unroll_CY_stream_vector_stream_stream_vector_0_data_0_1_0_ce1                                                    |  out|    1|   ap_memory|                                               FFT_DIT_spatial_unroll_CY_stream_vector_stream_stream_vector_0_data_0_1_0|         array|
|FFT_DIT_spatial_unroll_CY_stream_vector_stream_stream_vector_0_data_0_1_0_q1                                                     |   in|   32|   ap_memory|                                               FFT_DIT_spatial_unroll_CY_stream_vector_stream_stream_vector_0_data_0_1_0|         array|
|FFT_DIT_spatial_unroll_CY_stream_vector_stream_stream_vector_0_data_0_1_2_address0                                               |  out|    5|   ap_memory|                                               FFT_DIT_spatial_unroll_CY_stream_vector_stream_stream_vector_0_data_0_1_2|         array|
|FFT_DIT_spatial_unroll_CY_stream_vector_stream_stream_vector_0_data_0_1_2_ce0                                                    |  out|    1|   ap_memory|                                               FFT_DIT_spatial_unroll_CY_stream_vector_stream_stream_vector_0_data_0_1_2|         array|
|FFT_DIT_spatial_unroll_CY_stream_vector_stream_stream_vector_0_data_0_1_2_q0                                                     |   in|   32|   ap_memory|                                               FFT_DIT_spatial_unroll_CY_stream_vector_stream_stream_vector_0_data_0_1_2|         array|
|FFT_DIT_spatial_unroll_CY_stream_vector_stream_stream_vector_0_data_0_1_2_address1                                               |  out|    5|   ap_memory|                                               FFT_DIT_spatial_unroll_CY_stream_vector_stream_stream_vector_0_data_0_1_2|         array|
|FFT_DIT_spatial_unroll_CY_stream_vector_stream_stream_vector_0_data_0_1_2_ce1                                                    |  out|    1|   ap_memory|                                               FFT_DIT_spatial_unroll_CY_stream_vector_stream_stream_vector_0_data_0_1_2|         array|
|FFT_DIT_spatial_unroll_CY_stream_vector_stream_stream_vector_0_data_0_1_2_q1                                                     |   in|   32|   ap_memory|                                               FFT_DIT_spatial_unroll_CY_stream_vector_stream_stream_vector_0_data_0_1_2|         array|
+---------------------------------------------------------------------------------------------------------------------------------+-----+-----+------------+------------------------------------------------------------------------------------------------------------------------+--------------+

