==============================================================
Vitis HLS - High-Level Synthesis from C, C++ and OpenCL v2024.2 (64-bit)
Tool Version Limit: 2024.11
Copyright 1986-2022 Xilinx, Inc. All Rights Reserved.
Copyright 2022-2024 Advanced Micro Devices, Inc. All Rights Reserved.

==============================================================
INFO: [HLS 200-1505] Using default flow_target 'vivado'
INFO: [HLS 200-1510] Running: set_part xc7z020clg400-1 
INFO: [HLS 200-1510] Running: set_top FFT_DIF_NR 
INFO: [HLS 200-1510] Running: config_compile -unsafe_math_optimizations 
INFO: [XFORM 203-1172] Optimizing floating point zeros and discarding its signedness.
INFO: [XFORM 203-1176] Optimizing floating point comparison without checking NaN.
INFO: [XFORM 203-1173] Reordering floating point operations aggressively.
INFO: [HLS 200-1510] Running: source ../../common.tcl
INFO: [HLS 200-1510] Running: create_clock -period 4.0 
INFO: [SYN 201-201] Setting up clock 'default' with a period of 4ns.
INFO: [HLS 200-1510] Running: config_compile -unsafe_math_optimizations 
INFO: [XFORM 203-1172] Optimizing floating point zeros and discarding its signedness.
INFO: [XFORM 203-1176] Optimizing floating point comparison without checking NaN.
INFO: [XFORM 203-1173] Reordering floating point operations aggressively.
INFO: [HLS 200-1510] Running: csynth_design 
INFO: [HLS 200-111] Finished File checks and directory preparation: CPU user time: 0.05 seconds. CPU system time: 0.01 seconds. Elapsed time: 0.05 seconds; current allocated memory: 977.945 MB.
INFO: [HLS 200-10] Analyzing design file 'FFT.cpp' ... 
WARNING: [HLS 207-5577] Unroll pragma is ignored, because 'factor' is not positive integer  (FFT.cpp:382:27)
INFO: [HLS 207-4235] in instantiation of function template specialization 'FFT_stage_spatial_unroll<3>' requested here (FFT.cpp:584:5)
INFO: [HLS 207-4235] in instantiation of function template specialization 'FFT_stage_spatial_unroll<4>' requested here (FFT.cpp:585:5)
INFO: [HLS 207-4235] in instantiation of function template specialization 'FFT_stage_spatial_unroll<5>' requested here (FFT.cpp:586:5)
INFO: [HLS 207-4235] in instantiation of function template specialization 'FFT_stage_spatial_unroll<6>' requested here (FFT.cpp:587:5)
INFO: [HLS 207-4235] in instantiation of function template specialization 'FFT_stage_spatial_unroll<7>' requested here (FFT.cpp:588:5)
WARNING: [HLS 214-111] Static scalars and arrays declared inside a dataflow region will be treated like local variables (FFT.cpp:234:27)
WARNING: [HLS 214-111] Static scalars and arrays declared inside a dataflow region will be treated like local variables (FFT.cpp:236:27)
WARNING: [HLS 214-114] Since the only kind of statements allowed in a canonical dataflow region are variable declarations and function calls, the compiler may not be able to correctly handle the region (FFT.cpp:245:9)
WARNING: [HLS 214-114] Since the only kind of statements allowed in a canonical dataflow region are variable declarations and function calls, the compiler may not be able to correctly handle the region (FFT.cpp:494:9)
WARNING: [HLS 214-111] Static scalars and arrays declared inside a dataflow region will be treated like local variables (FFT.cpp:556:24)
WARNING: [HLS 214-111] Static scalars and arrays declared inside a dataflow region will be treated like local variables (FFT.cpp:557:27)
WARNING: [HLS 214-111] Static scalars and arrays declared inside a dataflow region will be treated like local variables (FFT.cpp:558:27)
WARNING: [HLS 214-111] Static scalars and arrays declared inside a dataflow region will be treated like local variables (FFT.cpp:559:27)
WARNING: [HLS 214-111] Static scalars and arrays declared inside a dataflow region will be treated like local variables (FFT.cpp:560:27)
WARNING: [HLS 214-111] Static scalars and arrays declared inside a dataflow region will be treated like local variables (FFT.cpp:561:27)
WARNING: [HLS 214-111] Static scalars and arrays declared inside a dataflow region will be treated like local variables (FFT.cpp:605:24)
WARNING: [HLS 214-111] Static scalars and arrays declared inside a dataflow region will be treated like local variables (FFT.cpp:606:27)
WARNING: [HLS 214-111] Static scalars and arrays declared inside a dataflow region will be treated like local variables (FFT.cpp:607:27)
WARNING: [HLS 214-111] Static scalars and arrays declared inside a dataflow region will be treated like local variables (FFT.cpp:608:27)
WARNING: [HLS 214-111] Static scalars and arrays declared inside a dataflow region will be treated like local variables (FFT.cpp:609:27)
WARNING: [HLS 214-111] Static scalars and arrays declared inside a dataflow region will be treated like local variables (FFT.cpp:610:27)
WARNING: [HLS 214-114] Since the only kind of statements allowed in a canonical dataflow region are variable declarations and function calls, the compiler may not be able to correctly handle the region (FFT.cpp:644:9)
WARNING: [HLS 214-114] Since the only kind of statements allowed in a canonical dataflow region are variable declarations and function calls, the compiler may not be able to correctly handle the region (FFT.cpp:669:9)
WARNING: [HLS 214-169] There are a total of 4 such instances of non-canonical statements in the dataflow region (FFT.cpp:669:9)
WARNING: [HLS 200-471] Dataflow form checks found 19 issue(s) in file FFT.cpp
WARNING: [HLS 207-5292] unused parameter 'data_type' (/opt/xilinx/tools/Vitis/2024.2/common/technology/autopilot/hls_fft.h:113:72)
WARNING: [HLS 207-5292] unused parameter 'cp_len_enable' (/opt/xilinx/tools/Vitis/2024.2/common/technology/autopilot/hls_fft.h:137:61)
WARNING: [HLS 207-5292] unused parameter 'scaling_opt' (/opt/xilinx/tools/Vitis/2024.2/common/technology/autopilot/hls_fft.h:150:63)
WARNING: [HLS 207-5292] unused parameter 'scaling_opt' (/opt/xilinx/tools/Vitis/2024.2/common/technology/autopilot/hls_fft.h:327:66)
WARNING: [HLS 207-5292] unused parameter 'has_ovflo' (/opt/xilinx/tools/Vitis/2024.2/common/technology/autopilot/hls_fft.h:340:61)
WARNING: [HLS 207-5292] unused parameter 'in' (/opt/xilinx/tools/Vitis/2024.2/common/technology/autopilot/hls_fft.h:2027:45)
WARNING: [HLS 207-5292] unused parameter 'out' (/opt/xilinx/tools/Vitis/2024.2/common/technology/autopilot/hls_fft.h:2028:45)
WARNING: [HLS 207-1017] unknown pragma ignored (FFT.cpp:87:9)
WARNING: [HLS 207-1017] unknown pragma ignored (FFT.cpp:127:9)
WARNING: [HLS 207-1017] unknown pragma ignored (FFT.cpp:215:9)
WARNING: [HLS 207-5292] unused parameter 'dataIn' (FFT.cpp:596:53)
INFO: [HLS 200-10] Analyzing design file 'testbench.cpp' ... 
WARNING: [HLS 207-5292] unused parameter 'data_type' (/opt/xilinx/tools/Vitis/2024.2/common/technology/autopilot/hls_fft.h:113:72)
WARNING: [HLS 207-5292] unused parameter 'cp_len_enable' (/opt/xilinx/tools/Vitis/2024.2/common/technology/autopilot/hls_fft.h:137:61)
WARNING: [HLS 207-5292] unused parameter 'scaling_opt' (/opt/xilinx/tools/Vitis/2024.2/common/technology/autopilot/hls_fft.h:150:63)
WARNING: [HLS 207-5292] unused parameter 'scaling_opt' (/opt/xilinx/tools/Vitis/2024.2/common/technology/autopilot/hls_fft.h:327:66)
WARNING: [HLS 207-5292] unused parameter 'has_ovflo' (/opt/xilinx/tools/Vitis/2024.2/common/technology/autopilot/hls_fft.h:340:61)
WARNING: [HLS 207-5292] unused parameter 'in' (/opt/xilinx/tools/Vitis/2024.2/common/technology/autopilot/hls_fft.h:2027:45)
WARNING: [HLS 207-5292] unused parameter 'out' (/opt/xilinx/tools/Vitis/2024.2/common/technology/autopilot/hls_fft.h:2028:45)
INFO: [HLS 200-111] Finished Source Code Analysis and Preprocessing: CPU user time: 7.14 seconds. CPU system time: 1.73 seconds. Elapsed time: 8.96 seconds; current allocated memory: 977.945 MB.
INFO: [HLS 200-777] Using interface defaults for 'Vivado' flow target.
INFO: [HLS 200-1995] There were 26,099 instructions in the design after the 'Compile/Link' phase of compilation. See the Design Size Report for more details: /scratch/juju/HP-FFT-HLS/n128/UF2/FFT_DIF_NR/FFT_DIF_NR/syn/report/csynth_design_size.rpt
INFO: [HLS 200-1995] There were 2,984 instructions in the design after the 'Unroll/Inline (step 1)' phase of compilation. See the Design Size Report for more details: /scratch/juju/HP-FFT-HLS/n128/UF2/FFT_DIF_NR/FFT_DIF_NR/syn/report/csynth_design_size.rpt
INFO: [HLS 200-1995] There were 2,579 instructions in the design after the 'Unroll/Inline (step 2)' phase of compilation. See the Design Size Report for more details: /scratch/juju/HP-FFT-HLS/n128/UF2/FFT_DIF_NR/FFT_DIF_NR/syn/report/csynth_design_size.rpt
INFO: [HLS 200-1995] There were 2,104 instructions in the design after the 'Unroll/Inline (step 3)' phase of compilation. See the Design Size Report for more details: /scratch/juju/HP-FFT-HLS/n128/UF2/FFT_DIF_NR/FFT_DIF_NR/syn/report/csynth_design_size.rpt
INFO: [HLS 200-1995] There were 1,033 instructions in the design after the 'Unroll/Inline (step 4)' phase of compilation. See the Design Size Report for more details: /scratch/juju/HP-FFT-HLS/n128/UF2/FFT_DIF_NR/FFT_DIF_NR/syn/report/csynth_design_size.rpt
INFO: [HLS 200-1995] There were 2,145 instructions in the design after the 'Array/Struct (step 1)' phase of compilation. See the Design Size Report for more details: /scratch/juju/HP-FFT-HLS/n128/UF2/FFT_DIF_NR/FFT_DIF_NR/syn/report/csynth_design_size.rpt
INFO: [HLS 200-1995] There were 1,090 instructions in the design after the 'Array/Struct (step 2)' phase of compilation. See the Design Size Report for more details: /scratch/juju/HP-FFT-HLS/n128/UF2/FFT_DIF_NR/FFT_DIF_NR/syn/report/csynth_design_size.rpt
INFO: [HLS 200-1995] There were 1,267 instructions in the design after the 'Array/Struct (step 3)' phase of compilation. See the Design Size Report for more details: /scratch/juju/HP-FFT-HLS/n128/UF2/FFT_DIF_NR/FFT_DIF_NR/syn/report/csynth_design_size.rpt
INFO: [HLS 200-1995] There were 1,473 instructions in the design after the 'Array/Struct (step 4)' phase of compilation. See the Design Size Report for more details: /scratch/juju/HP-FFT-HLS/n128/UF2/FFT_DIF_NR/FFT_DIF_NR/syn/report/csynth_design_size.rpt
INFO: [HLS 200-1995] There were 1,456 instructions in the design after the 'Array/Struct (step 5)' phase of compilation. See the Design Size Report for more details: /scratch/juju/HP-FFT-HLS/n128/UF2/FFT_DIF_NR/FFT_DIF_NR/syn/report/csynth_design_size.rpt
INFO: [HLS 200-1995] There were 1,462 instructions in the design after the 'Performance (step 1)' phase of compilation. See the Design Size Report for more details: /scratch/juju/HP-FFT-HLS/n128/UF2/FFT_DIF_NR/FFT_DIF_NR/syn/report/csynth_design_size.rpt
INFO: [HLS 200-1995] There were 1,435 instructions in the design after the 'Performance (step 2)' phase of compilation. See the Design Size Report for more details: /scratch/juju/HP-FFT-HLS/n128/UF2/FFT_DIF_NR/FFT_DIF_NR/syn/report/csynth_design_size.rpt
INFO: [HLS 200-1995] There were 1,435 instructions in the design after the 'Performance (step 3)' phase of compilation. See the Design Size Report for more details: /scratch/juju/HP-FFT-HLS/n128/UF2/FFT_DIF_NR/FFT_DIF_NR/syn/report/csynth_design_size.rpt
INFO: [HLS 200-1995] There were 1,435 instructions in the design after the 'Performance (step 4)' phase of compilation. See the Design Size Report for more details: /scratch/juju/HP-FFT-HLS/n128/UF2/FFT_DIF_NR/FFT_DIF_NR/syn/report/csynth_design_size.rpt
INFO: [HLS 200-1995] There were 1,415 instructions in the design after the 'HW Transforms (step 1)' phase of compilation. See the Design Size Report for more details: /scratch/juju/HP-FFT-HLS/n128/UF2/FFT_DIF_NR/FFT_DIF_NR/syn/report/csynth_design_size.rpt
INFO: [HLS 200-1995] There were 1,471 instructions in the design after the 'HW Transforms (step 2)' phase of compilation. See the Design Size Report for more details: /scratch/juju/HP-FFT-HLS/n128/UF2/FFT_DIF_NR/FFT_DIF_NR/syn/report/csynth_design_size.rpt
INFO: [HLS 214-131] Inlining function 'RADIX2_BFLY_double_buffer_quarter_onlycompute(std::complex<float>, std::complex<float>, std::complex<float>&, std::complex<float>&, bool, bool, std::complex<float>)' into 'FFT_Stage1_vectorstream_parameterize(hls::stream<hls::vector<std::complex<float>, 4ul>, 0>&, hls::stream<hls::vector<std::complex<float>, 4ul>, 0>&)' (FFT.cpp:507:13)
INFO: [HLS 214-131] Inlining function 'RADIX2_BFLY_double_buffer_quarter_onlycompute(std::complex<float>, std::complex<float>, std::complex<float>&, std::complex<float>&, bool, bool, std::complex<float>)' into 'FFT_Stage2_vectorstreamIn_arrayOut_parametize(hls::stream<hls::vector<std::complex<float>, 4ul>, 0>&, std::complex<float>*)' (FFT.cpp:537:13)
INFO: [HLS 214-131] Inlining function 'RADIX2_BFLY_double_buffer_quarter_CY(std::complex<float>*, std::complex<float>*, int, int, bool, bool, std::complex<float>)' into 'void FFT_stage_spatial_unroll<7>(std::complex<float>*, std::complex<float>*)' (FFT.cpp:408:17)
INFO: [HLS 214-131] Inlining function 'RADIX2_BFLY_double_buffer_quarter_CY(std::complex<float>*, std::complex<float>*, int, int, bool, bool, std::complex<float>)' into 'void FFT_stage_spatial_unroll<6>(std::complex<float>*, std::complex<float>*)' (FFT.cpp:426:2)
INFO: [HLS 214-131] Inlining function 'RADIX2_BFLY_double_buffer_quarter_CY(std::complex<float>*, std::complex<float>*, int, int, bool, bool, std::complex<float>)' into 'void FFT_stage_spatial_unroll<5>(std::complex<float>*, std::complex<float>*)' (FFT.cpp:426:2)
INFO: [HLS 214-131] Inlining function 'RADIX2_BFLY_double_buffer_quarter_CY(std::complex<float>*, std::complex<float>*, int, int, bool, bool, std::complex<float>)' into 'void FFT_stage_spatial_unroll<4>(std::complex<float>*, std::complex<float>*)' (FFT.cpp:426:2)
INFO: [HLS 214-131] Inlining function 'RADIX2_BFLY_double_buffer_quarter_CY(std::complex<float>*, std::complex<float>*, int, int, bool, bool, std::complex<float>)' into 'void FFT_stage_spatial_unroll<3>(std::complex<float>*, std::complex<float>*)' (FFT.cpp:426:2)
INFO: [HLS 214-291] Loop 'VITIS_LOOP_60_1' is marked as complete unroll implied by the pipeline pragma (FFT.cpp:60:26)
INFO: [HLS 214-291] Loop 'VITIS_LOOP_527_1' is marked as complete unroll implied by the pipeline pragma (FFT.cpp:527:27)
INFO: [HLS 214-291] Loop 'VITIS_LOOP_503_1' is marked as complete unroll implied by the pipeline pragma (FFT.cpp:503:27)
INFO: [HLS 214-291] Loop 'anonymous' is marked as complete unroll implied by the pipeline pragma (/opt/xilinx/tools/Vitis/2024.2/tps/lnx64/gcc-8.3.0/lib/gcc/x86_64-pc-linux-gnu/8.3.0/../../../../include/c++/8.3.0/array:94:12)
INFO: [HLS 214-186] Unrolling loop 'VITIS_LOOP_60_1' (FFT.cpp:60:26) in function 'output_result_array_to_stream' completely with a factor of 4 (FFT.cpp:54:0)
INFO: [HLS 214-188] Unrolling loop 'R_Group_loop' (FFT.cpp:416:13) in function 'FFT_stage_spatial_unroll<3>' partially with a factor of 2 (FFT.cpp:373:0)
INFO: [HLS 214-188] Unrolling loop 'R_Group_loop' (FFT.cpp:416:13) in function 'FFT_stage_spatial_unroll<4>' partially with a factor of 2 (FFT.cpp:373:0)
INFO: [HLS 214-188] Unrolling loop 'R_Group_loop' (FFT.cpp:416:13) in function 'FFT_stage_spatial_unroll<5>' partially with a factor of 2 (FFT.cpp:373:0)
INFO: [HLS 214-188] Unrolling loop 'R_Group_loop' (FFT.cpp:416:13) in function 'FFT_stage_spatial_unroll<6>' partially with a factor of 2 (FFT.cpp:373:0)
INFO: [HLS 214-188] Unrolling loop 'R_Group_loop_bflySize_equal_FFT_NUM' (FFT.cpp:398:13) in function 'FFT_stage_spatial_unroll<7>' partially with a factor of 2 (FFT.cpp:373:0)
INFO: [HLS 214-186] Unrolling loop 'VITIS_LOOP_527_1' (FFT.cpp:527:27) in function 'FFT_Stage2_vectorstreamIn_arrayOut_parametize' completely with a factor of 1 (FFT.cpp:520:0)
INFO: [HLS 214-186] Unrolling loop 'VITIS_LOOP_503_1' (FFT.cpp:503:27) in function 'FFT_Stage1_vectorstream_parameterize' completely with a factor of 2 (FFT.cpp:493:0)
INFO: [HLS 214-186] Unrolling loop 'anonymous' (/opt/xilinx/tools/Vitis/2024.2/tps/lnx64/gcc-8.3.0/lib/gcc/x86_64-pc-linux-gnu/8.3.0/../../../../include/c++/8.3.0/array:94:12) in function 'std::array<std::complex<float>, 4ul>::array' completely with a factor of 4 (/opt/xilinx/tools/Vitis/2024.2/tps/lnx64/gcc-8.3.0/lib/gcc/x86_64-pc-linux-gnu/8.3.0/../../../../include/c++/8.3.0/array:94:0)
WARNING: [HLS 214-366] Duplicating function 'std::complex<float>::complex(float, float) (.21.24.25.43.44.45.46.47.48.53.54.59.60.63.64.71.72.79.80.87.88.95)' as different function signatures were detected between this call site and other call site(s). This may impact the resources used in the design. (/opt/xilinx/tools/Vitis/2024.2/tps/lnx64/gcc-8.3.0/lib/gcc/x86_64-pc-linux-gnu/8.3.0/../../../../include/c++/8.3.0/array:94:12)
INFO: [HLS 214-178] Inlining function 'std::array<std::complex<float>, 4ul>::array()' into 'hls::vector<std::complex<float>, 4ul>::vector()' (/opt/xilinx/tools/Vitis/2024.2/common/technology/autopilot/hls_vector.h:109:0)
INFO: [HLS 214-178] Inlining function 'std::__array_traits<std::complex<float>, 4ul>::_S_ref(std::complex<float> const (&) [4], unsigned long)' into 'std::array<std::complex<float>, 4ul>::operator[](unsigned long)' (/opt/xilinx/tools/Vitis/2024.2/tps/lnx64/gcc-8.3.0/lib/gcc/x86_64-pc-linux-gnu/8.3.0/../../../../include/c++/8.3.0/array:186:0)
INFO: [HLS 214-178] Inlining function 'std::array<std::complex<float>, 4ul>::operator[](unsigned long)' into 'FFT_Stage1_vectorstream_parameterize(hls::stream<hls::vector<std::complex<float>, 4ul>, 0>&, hls::stream<hls::vector<std::complex<float>, 4ul>, 0>&)' (FFT.cpp:493:0)
INFO: [HLS 214-178] Inlining function 'hls::vector<std::complex<float>, 4ul>::vector()' into 'FFT_Stage1_vectorstream_parameterize(hls::stream<hls::vector<std::complex<float>, 4ul>, 0>&, hls::stream<hls::vector<std::complex<float>, 4ul>, 0>&)' (FFT.cpp:493:0)
INFO: [HLS 214-178] Inlining function 'std::array<std::complex<float>, 4ul>::operator[](unsigned long)' into 'FFT_Stage2_vectorstreamIn_arrayOut_parametize(hls::stream<hls::vector<std::complex<float>, 4ul>, 0>&, std::complex<float>*)' (FFT.cpp:520:0)
INFO: [HLS 214-178] Inlining function 'hls::vector<std::complex<float>, 4ul>::vector()' into 'FFT_Stage2_vectorstreamIn_arrayOut_parametize(hls::stream<hls::vector<std::complex<float>, 4ul>, 0>&, std::complex<float>*)' (FFT.cpp:520:0)
INFO: [HLS 214-178] Inlining function 'std::array<std::complex<float>, 4ul>::operator[](unsigned long)' into 'output_result_array_to_stream(std::complex<float>*, hls::stream<hls::vector<std::complex<float>, 4ul>, 0>&)' (FFT.cpp:54:0)
INFO: [HLS 214-178] Inlining function 'hls::vector<std::complex<float>, 4ul>::vector()' into 'output_result_array_to_stream(std::complex<float>*, hls::stream<hls::vector<std::complex<float>, 4ul>, 0>&)' (FFT.cpp:54:0)
INFO: [HLS 214-178] Inlining function 'std::array<std::complex<float>, 4ul>::array() (.108.114.120)' into 'hls::vector<std::complex<float>, 4ul>::vector() (.28.105)' (/opt/xilinx/tools/Vitis/2024.2/common/technology/autopilot/hls_vector.h:109:0)
INFO: [HLS 214-178] Inlining function 'hls::vector<std::complex<float>, 4ul>::vector()' into 'FFT_pipeline_DIF(hls::stream<hls::vector<std::complex<float>, 4ul>, 0>&, hls::stream<hls::vector<std::complex<float>, 4ul>, 0>&, bool, bool)' (FFT.cpp:667:0)
INFO: [HLS 214-178] Inlining function 'std::array<std::complex<float>, 4ul>::operator[](unsigned long)' into 'FFT_pipeline_DIF(hls::stream<hls::vector<std::complex<float>, 4ul>, 0>&, hls::stream<hls::vector<std::complex<float>, 4ul>, 0>&, bool, bool)' (FFT.cpp:667:0)
INFO: [HLS 214-178] Inlining function 'hls::vector<std::complex<float>, 4ul>::vector() (.28.105)' into 'FFT_pipeline_DIF(hls::stream<hls::vector<std::complex<float>, 4ul>, 0>&, hls::stream<hls::vector<std::complex<float>, 4ul>, 0>&, bool, bool)' (FFT.cpp:667:0)
WARNING: [HLS 214-167] The program may have out of bound array access on variable 'revIdxTab' (FFT.cpp:693:23)
WARNING: [HLS 214-167] The program may have out of bound array access on variable '_ZL4_buf.0' (FFT.cpp:698:25)
WARNING: [HLS 214-167] The program may have out of bound array access on variable '_ZL4_buf.1' (FFT.cpp:698:25)
INFO: [HLS 214-248] Applying array_partition to 'twiddles.1': Complete partitioning on dimension 1. (FFT.cpp:5:0)
INFO: [HLS 214-248] Applying array_partition to 'twiddles.0': Complete partitioning on dimension 1. (FFT.cpp:5:0)
INFO: [HLS 214-248] Applying array_partition to '_ZZ39FFT_DFT_spatial_unroll_CY_stream_vectorRN3hls6streamINS_6vectorISt7complexIfELm4EEELi0EEES6_E6data_0.1': Cyclic partitioning with factor 4 on dimension 1. (FFT.cpp:605:0)
INFO: [HLS 214-248] Applying array_partition to '_ZZ39FFT_DFT_spatial_unroll_CY_stream_vectorRN3hls6streamINS_6vectorISt7complexIfELm4EEELi0EEES6_E6data_0.0': Cyclic partitioning with factor 4 on dimension 1. (FFT.cpp:605:0)
INFO: [HLS 214-248] Applying array_partition to '_ZZ39FFT_DFT_spatial_unroll_CY_stream_vectorRN3hls6streamINS_6vectorISt7complexIfELm4EEELi0EEES6_E6data_1.1': Cyclic partitioning with factor 2 on dimension 1. (FFT.cpp:606:0)
INFO: [HLS 214-248] Applying array_partition to '_ZZ39FFT_DFT_spatial_unroll_CY_stream_vectorRN3hls6streamINS_6vectorISt7complexIfELm4EEELi0EEES6_E6data_1.0': Cyclic partitioning with factor 2 on dimension 1. (FFT.cpp:606:0)
INFO: [HLS 214-248] Applying array_partition to '_ZZ39FFT_DFT_spatial_unroll_CY_stream_vectorRN3hls6streamINS_6vectorISt7complexIfELm4EEELi0EEES6_E6data_2.1': Cyclic partitioning with factor 2 on dimension 1. (FFT.cpp:607:0)
INFO: [HLS 214-248] Applying array_partition to '_ZZ39FFT_DFT_spatial_unroll_CY_stream_vectorRN3hls6streamINS_6vectorISt7complexIfELm4EEELi0EEES6_E6data_2.0': Cyclic partitioning with factor 2 on dimension 1. (FFT.cpp:607:0)
INFO: [HLS 214-248] Applying array_partition to '_ZZ39FFT_DFT_spatial_unroll_CY_stream_vectorRN3hls6streamINS_6vectorISt7complexIfELm4EEELi0EEES6_E6data_3.1': Cyclic partitioning with factor 2 on dimension 1. (FFT.cpp:608:0)
INFO: [HLS 214-248] Applying array_partition to '_ZZ39FFT_DFT_spatial_unroll_CY_stream_vectorRN3hls6streamINS_6vectorISt7complexIfELm4EEELi0EEES6_E6data_3.0': Cyclic partitioning with factor 2 on dimension 1. (FFT.cpp:608:0)
INFO: [HLS 214-248] Applying array_partition to '_ZZ39FFT_DFT_spatial_unroll_CY_stream_vectorRN3hls6streamINS_6vectorISt7complexIfELm4EEELi0EEES6_E6data_4.1': Cyclic partitioning with factor 2 on dimension 1. (FFT.cpp:609:0)
INFO: [HLS 214-248] Applying array_partition to '_ZZ39FFT_DFT_spatial_unroll_CY_stream_vectorRN3hls6streamINS_6vectorISt7complexIfELm4EEELi0EEES6_E6data_4.0': Cyclic partitioning with factor 2 on dimension 1. (FFT.cpp:609:0)
INFO: [HLS 214-248] Applying array_partition to '_ZZ39FFT_DFT_spatial_unroll_CY_stream_vectorRN3hls6streamINS_6vectorISt7complexIfELm4EEELi0EEES6_E6data_5.1': Cyclic partitioning with factor 2 on dimension 1. (FFT.cpp:610:0)
INFO: [HLS 214-248] Applying array_partition to '_ZZ39FFT_DFT_spatial_unroll_CY_stream_vectorRN3hls6streamINS_6vectorISt7complexIfELm4EEELi0EEES6_E6data_5.0': Cyclic partitioning with factor 2 on dimension 1. (FFT.cpp:610:0)
INFO: [HLS 214-241] Aggregating fifo (hls::stream) variable 'stage0' with compact=bit mode in 256-bits (FFT.cpp:687:50)
INFO: [HLS 214-241] Aggregating fifo (hls::stream) variable 'stage1' with compact=bit mode in 256-bits (FFT.cpp:707:50)
INFO: [HLS 214-241] Aggregating fifo (hls::stream) variable 'data_s1_stream_vector' with compact=bit mode in 256-bits (FFT.cpp:624:51)
INFO: [HLS 214-241] Aggregating fifo (hls::stream) variable 'reverse_in_stream_vector' with compact=bit mode in 256-bits (FFT.cpp:623:48)
INFO: [HLS 214-241] Aggregating fifo (hls::stream) variable 'out' with compact=bit mode in 256-bits (FFT.cpp:773:0)
INFO: [HLS 214-241] Aggregating fifo (hls::stream) variable 'in' with compact=bit mode in 256-bits (FFT.cpp:773:0)
INFO: [HLS 214-241] Aggregating scalar variable 'outv' with compact=bit mode in 256-bits (FFT.cpp:696:45)
INFO: [HLS 214-241] Aggregating scalar variable 'v' with compact=bit mode in 256-bits (FFT.cpp:691:18)
INFO: [HLS 214-269] Inferring pragma 'pipeline II=1' for loop 'FFT_Stage2' (FFT.cpp:523:13) in function 'FFT_Stage2_vectorstreamIn_arrayOut_parametize' due to performance pragma (FFT.cpp:524:9)
INFO: [HLS 214-269] Inferring pragma 'pipeline II=1' for loop 'FFT_Stage1' (FFT.cpp:496:14) in function 'FFT_Stage1_vectorstream_parameterize' due to performance pragma (FFT.cpp:497:9)
INFO: [HLS 214-269] Inferring pragma 'pipeline II=1' for loop 'PostP_Fwd_loop' (FFT.cpp:56:18) in function 'output_result_array_to_stream' due to performance pragma (FFT.cpp:57:9)
INFO: [HLS 214-269] Inferring pragma 'pipeline II=1' for loop 'R_Group_loop' (FFT.cpp:416:13) in function 'FFT_stage_spatial_unroll<3>' due to performance pragma (FFT.cpp:414:9)
INFO: [HLS 214-339] Inferring pragma 'loop_flatten on' for loop 'R_Group_loop' (FFT.cpp:416:13) in function 'FFT_stage_spatial_unroll<3>' due to performance pragma (FFT.cpp:414:9)
INFO: [HLS 214-269] Inferring pragma 'pipeline II=1' for loop 'R_Group_loop' (FFT.cpp:416:13) in function 'FFT_stage_spatial_unroll<4>' due to performance pragma (FFT.cpp:414:9)
INFO: [HLS 214-339] Inferring pragma 'loop_flatten on' for loop 'R_Group_loop' (FFT.cpp:416:13) in function 'FFT_stage_spatial_unroll<4>' due to performance pragma (FFT.cpp:414:9)
INFO: [HLS 214-269] Inferring pragma 'pipeline II=1' for loop 'R_Group_loop' (FFT.cpp:416:13) in function 'FFT_stage_spatial_unroll<5>' due to performance pragma (FFT.cpp:414:9)
INFO: [HLS 214-339] Inferring pragma 'loop_flatten on' for loop 'R_Group_loop' (FFT.cpp:416:13) in function 'FFT_stage_spatial_unroll<5>' due to performance pragma (FFT.cpp:414:9)
INFO: [HLS 214-269] Inferring pragma 'pipeline II=1' for loop 'R_Group_loop' (FFT.cpp:416:13) in function 'FFT_stage_spatial_unroll<6>' due to performance pragma (FFT.cpp:414:9)
INFO: [HLS 214-339] Inferring pragma 'loop_flatten on' for loop 'R_Group_loop' (FFT.cpp:416:13) in function 'FFT_stage_spatial_unroll<6>' due to performance pragma (FFT.cpp:414:9)
INFO: [HLS 214-269] Inferring pragma 'pipeline II=1' for loop 'R_Group_loop_bflySize_equal_FFT_NUM' (FFT.cpp:398:13) in function 'FFT_stage_spatial_unroll<7>' due to performance pragma (FFT.cpp:401:9)
WARNING: [HLS 214-346] Cannot apply performance pragma for function 'FFT_DFT_spatial_unroll_CY_stream_vector(hls::stream<hls::vector<std::complex<float>, 4ul>, 0>&, hls::stream<hls::vector<std::complex<float>, 4ul>, 0>&)'because dataflow pragma takes precedence (FFT.cpp:598:0)
INFO: [HLS 214-376] automatically set the pipeline for Loop< VITIS_LOOP_690_2> at FFT.cpp:690:27 
INFO: [HLS 214-376] automatically set the pipeline for Loop< VITIS_LOOP_695_4> at FFT.cpp:695:27 
INFO: [HLS 214-376] automatically set the pipeline for Loop< VITIS_LOOP_725_11> at FFT.cpp:725:28 
INFO: [HLS 214-291] Loop 'VITIS_LOOP_697_5' is marked as complete unroll implied by the pipeline pragma (FFT.cpp:697:31)
INFO: [HLS 214-291] Loop 'VITIS_LOOP_692_3' is marked as complete unroll implied by the pipeline pragma (FFT.cpp:692:31)
INFO: [HLS 214-186] Unrolling loop 'VITIS_LOOP_697_5' (FFT.cpp:697:31) in function 'FFT_pipeline_DIF' completely with a factor of 4 (FFT.cpp:667:0)
INFO: [HLS 214-186] Unrolling loop 'VITIS_LOOP_692_3' (FFT.cpp:692:31) in function 'FFT_pipeline_DIF' completely with a factor of 4 (FFT.cpp:667:0)
INFO: [HLS 214-455] Changing loop 'FFT_pipeline_DIF_Loop_VITIS_LOOP_690_2_proc' (FFT.cpp:690:27) to a process function for dataflow in function 'FFT_pipeline_DIF' (FFT.cpp:690:27)
INFO: [HLS 214-455] Changing loop 'FFT_pipeline_DIF_Loop_VITIS_LOOP_695_4_proc' (FFT.cpp:695:27) to a process function for dataflow in function 'FFT_pipeline_DIF' (FFT.cpp:695:27)
INFO: [HLS 214-455] Changing loop 'FFT_pipeline_DIF_Loop_VITIS_LOOP_725_11_proc' (FFT.cpp:725:28) to a process function for dataflow in function 'FFT_pipeline_DIF' (FFT.cpp:725:28)
INFO: [HLS 214-455] Changing loop 'FFT_Stage1_vectorstream_parameterize_Loop_FFT_Stage1_proc' (FFT.cpp:496:14) to a process function for dataflow in function 'FFT_Stage1_vectorstream_parameterize' (FFT.cpp:496:14)
INFO: [HLS 200-111] Finished Compiling Optimization and Transform: CPU user time: 4.12 seconds. CPU system time: 1.32 seconds. Elapsed time: 8.08 seconds; current allocated memory: 977.945 MB.
INFO: [HLS 200-111] Finished Checking Pragmas: CPU user time: 0 seconds. CPU system time: 0 seconds. Elapsed time: 0 seconds; current allocated memory: 977.945 MB.
INFO: [HLS 200-10] Starting code transformations ...
INFO: [HLS 200-111] Finished Standard Transforms: CPU user time: 0.07 seconds. CPU system time: 0.01 seconds. Elapsed time: 0.08 seconds; current allocated memory: 977.945 MB.
INFO: [HLS 200-10] Checking synthesizability ...
INFO: [HLS 200-111] Finished Checking Synthesizability: CPU user time: 0.12 seconds. CPU system time: 0 seconds. Elapsed time: 0.12 seconds; current allocated memory: 977.945 MB.
WARNING: [XFORM 203-731] Internal stream variable 'reverse_in_stream_vector' is invalid: it has no data producer
WARNING: [HLS 200-805] An internal stream 'data_s1_stream_vector' with default size can result in deadlock. Please consider resizing the stream using the directive 'set_directive_stream' or the 'HLS stream' pragma.
ERROR: [HLS 200-971] Array 'FFT_DFT_spatial_unroll_CY_stream_vector(stream<vector<complex<float>, 4ul>, 0>&, stream<vector<complex<float>, 4ul>, 0>&)data_2.0_0' failed dataflow checking: Read-before-write is not supported on array.
INFO: [HLS 200-992] Internal global variable 'FFT_DFT_spatial_unroll_CY_stream_vector(stream<vector<complex<float>, 4ul>, 0>&, stream<vector<complex<float>, 4ul>, 0>&)data_2.0_0' has read operations in process function 'FFT_stage_spatial_unroll<5>' (FFT.cpp:0:13) (around FFT.cpp:632).
INFO: [HLS 200-992] Internal global variable 'FFT_DFT_spatial_unroll_CY_stream_vector(stream<vector<complex<float>, 4ul>, 0>&, stream<vector<complex<float>, 4ul>, 0>&)data_2.0_0' has write operations in process function 'FFT_stage_spatial_unroll<4>' (FFT.cpp:0:13) (around FFT.cpp:633).
ERROR: [HLS 200-971] Array 'FFT_DFT_spatial_unroll_CY_stream_vector(stream<vector<complex<float>, 4ul>, 0>&, stream<vector<complex<float>, 4ul>, 0>&)data_2.0_1' failed dataflow checking: Read-before-write is not supported on array.
INFO: [HLS 200-992] Internal global variable 'FFT_DFT_spatial_unroll_CY_stream_vector(stream<vector<complex<float>, 4ul>, 0>&, stream<vector<complex<float>, 4ul>, 0>&)data_2.0_1' has read operations in process function 'FFT_stage_spatial_unroll<5>' (FFT.cpp:0:13) (around FFT.cpp:632).
INFO: [HLS 200-992] Internal global variable 'FFT_DFT_spatial_unroll_CY_stream_vector(stream<vector<complex<float>, 4ul>, 0>&, stream<vector<complex<float>, 4ul>, 0>&)data_2.0_1' has write operations in process function 'FFT_stage_spatial_unroll<4>' (FFT.cpp:0:13) (around FFT.cpp:633).
ERROR: [HLS 200-971] Array 'FFT_DFT_spatial_unroll_CY_stream_vector(stream<vector<complex<float>, 4ul>, 0>&, stream<vector<complex<float>, 4ul>, 0>&)data_2.1_0' failed dataflow checking: Read-before-write is not supported on array.
INFO: [HLS 200-992] Internal global variable 'FFT_DFT_spatial_unroll_CY_stream_vector(stream<vector<complex<float>, 4ul>, 0>&, stream<vector<complex<float>, 4ul>, 0>&)data_2.1_0' has read operations in process function 'FFT_stage_spatial_unroll<5>' (FFT.cpp:0:13) (around FFT.cpp:632).
INFO: [HLS 200-992] Internal global variable 'FFT_DFT_spatial_unroll_CY_stream_vector(stream<vector<complex<float>, 4ul>, 0>&, stream<vector<complex<float>, 4ul>, 0>&)data_2.1_0' has write operations in process function 'FFT_stage_spatial_unroll<4>' (FFT.cpp:0:13) (around FFT.cpp:633).
ERROR: [HLS 200-971] Array 'FFT_DFT_spatial_unroll_CY_stream_vector(stream<vector<complex<float>, 4ul>, 0>&, stream<vector<complex<float>, 4ul>, 0>&)data_2.1_1' failed dataflow checking: Read-before-write is not supported on array.
INFO: [HLS 200-992] Internal global variable 'FFT_DFT_spatial_unroll_CY_stream_vector(stream<vector<complex<float>, 4ul>, 0>&, stream<vector<complex<float>, 4ul>, 0>&)data_2.1_1' has read operations in process function 'FFT_stage_spatial_unroll<5>' (FFT.cpp:0:13) (around FFT.cpp:632).
INFO: [HLS 200-992] Internal global variable 'FFT_DFT_spatial_unroll_CY_stream_vector(stream<vector<complex<float>, 4ul>, 0>&, stream<vector<complex<float>, 4ul>, 0>&)data_2.1_1' has write operations in process function 'FFT_stage_spatial_unroll<4>' (FFT.cpp:0:13) (around FFT.cpp:633).
ERROR: [HLS 200-968] Internal global variable 'FFT_DFT_spatial_unroll_CY_stream_vector(stream<vector<complex<float>, 4ul>, 0>&, stream<vector<complex<float>, 4ul>, 0>&)data_1.0_0' failed dataflow checking: it can only be read in one process function.
INFO: [HLS 200-992] Internal global variable 'FFT_DFT_spatial_unroll_CY_stream_vector(stream<vector<complex<float>, 4ul>, 0>&, stream<vector<complex<float>, 4ul>, 0>&)data_1.0_0' has read operations in process function 'FFT_stage_spatial_unroll<4>' (FFT.cpp:0:13) (around FFT.cpp:633).
INFO: [HLS 200-992] Internal global variable 'FFT_DFT_spatial_unroll_CY_stream_vector(stream<vector<complex<float>, 4ul>, 0>&, stream<vector<complex<float>, 4ul>, 0>&)data_1.0_0' has read operations in process function 'output_result_array_to_stream' (FFT.cpp:0:18) (around FFT.cpp:636).
ERROR: [HLS 200-779] Non-shared array 'FFT_DFT_spatial_unroll_CY_stream_vector(stream<vector<complex<float>, 4ul>, 0>&, stream<vector<complex<float>, 4ul>, 0>&)data_1.0_0' failed dataflow checking: it can only have a single reader and a single writer.
INFO: [HLS 200-992] Internal global variable 'FFT_DFT_spatial_unroll_CY_stream_vector(stream<vector<complex<float>, 4ul>, 0>&, stream<vector<complex<float>, 4ul>, 0>&)data_1.0_0' has read operations in process function 'FFT_stage_spatial_unroll<4>' (FFT.cpp:0:13) (around FFT.cpp:633).
INFO: [HLS 200-992] Internal global variable 'FFT_DFT_spatial_unroll_CY_stream_vector(stream<vector<complex<float>, 4ul>, 0>&, stream<vector<complex<float>, 4ul>, 0>&)data_1.0_0' has write operations in process function 'FFT_stage_spatial_unroll<3>' (FFT.cpp:0:13) (around FFT.cpp:634).
INFO: [HLS 200-992] Internal global variable 'FFT_DFT_spatial_unroll_CY_stream_vector(stream<vector<complex<float>, 4ul>, 0>&, stream<vector<complex<float>, 4ul>, 0>&)data_1.0_0' has read operations in process function 'output_result_array_to_stream' (FFT.cpp:0:18) (around FFT.cpp:636).
ERROR: [HLS 200-968] Internal global variable 'FFT_DFT_spatial_unroll_CY_stream_vector(stream<vector<complex<float>, 4ul>, 0>&, stream<vector<complex<float>, 4ul>, 0>&)data_1.0_1' failed dataflow checking: it can only be read in one process function.
INFO: [HLS 200-992] Internal global variable 'FFT_DFT_spatial_unroll_CY_stream_vector(stream<vector<complex<float>, 4ul>, 0>&, stream<vector<complex<float>, 4ul>, 0>&)data_1.0_1' has read operations in process function 'FFT_stage_spatial_unroll<4>' (FFT.cpp:0:13) (around FFT.cpp:633).
INFO: [HLS 200-992] Internal global variable 'FFT_DFT_spatial_unroll_CY_stream_vector(stream<vector<complex<float>, 4ul>, 0>&, stream<vector<complex<float>, 4ul>, 0>&)data_1.0_1' has read operations in process function 'output_result_array_to_stream' (FFT.cpp:0:18) (around FFT.cpp:636).
ERROR: [HLS 200-779] Non-shared array 'FFT_DFT_spatial_unroll_CY_stream_vector(stream<vector<complex<float>, 4ul>, 0>&, stream<vector<complex<float>, 4ul>, 0>&)data_1.0_1' failed dataflow checking: it can only have a single reader and a single writer.
INFO: [HLS 200-992] Internal global variable 'FFT_DFT_spatial_unroll_CY_stream_vector(stream<vector<complex<float>, 4ul>, 0>&, stream<vector<complex<float>, 4ul>, 0>&)data_1.0_1' has read operations in process function 'FFT_stage_spatial_unroll<4>' (FFT.cpp:0:13) (around FFT.cpp:633).
INFO: [HLS 200-992] Internal global variable 'FFT_DFT_spatial_unroll_CY_stream_vector(stream<vector<complex<float>, 4ul>, 0>&, stream<vector<complex<float>, 4ul>, 0>&)data_1.0_1' has write operations in process function 'FFT_stage_spatial_unroll<3>' (FFT.cpp:0:13) (around FFT.cpp:634).
INFO: [HLS 200-992] Internal global variable 'FFT_DFT_spatial_unroll_CY_stream_vector(stream<vector<complex<float>, 4ul>, 0>&, stream<vector<complex<float>, 4ul>, 0>&)data_1.0_1' has read operations in process function 'output_result_array_to_stream' (FFT.cpp:0:18) (around FFT.cpp:636).
ERROR: [HLS 200-968] Internal global variable 'FFT_DFT_spatial_unroll_CY_stream_vector(stream<vector<complex<float>, 4ul>, 0>&, stream<vector<complex<float>, 4ul>, 0>&)data_1.1_0' failed dataflow checking: it can only be read in one process function.
INFO: [HLS 200-992] Internal global variable 'FFT_DFT_spatial_unroll_CY_stream_vector(stream<vector<complex<float>, 4ul>, 0>&, stream<vector<complex<float>, 4ul>, 0>&)data_1.1_0' has read operations in process function 'FFT_stage_spatial_unroll<4>' (FFT.cpp:0:13) (around FFT.cpp:633).
INFO: [HLS 200-992] Internal global variable 'FFT_DFT_spatial_unroll_CY_stream_vector(stream<vector<complex<float>, 4ul>, 0>&, stream<vector<complex<float>, 4ul>, 0>&)data_1.1_0' has read operations in process function 'output_result_array_to_stream' (FFT.cpp:0:18) (around FFT.cpp:636).
ERROR: [HLS 200-779] Non-shared array 'FFT_DFT_spatial_unroll_CY_stream_vector(stream<vector<complex<float>, 4ul>, 0>&, stream<vector<complex<float>, 4ul>, 0>&)data_1.1_0' failed dataflow checking: it can only have a single reader and a single writer.
INFO: [HLS 200-992] Internal global variable 'FFT_DFT_spatial_unroll_CY_stream_vector(stream<vector<complex<float>, 4ul>, 0>&, stream<vector<complex<float>, 4ul>, 0>&)data_1.1_0' has read operations in process function 'FFT_stage_spatial_unroll<4>' (FFT.cpp:0:13) (around FFT.cpp:633).
INFO: [HLS 200-992] Internal global variable 'FFT_DFT_spatial_unroll_CY_stream_vector(stream<vector<complex<float>, 4ul>, 0>&, stream<vector<complex<float>, 4ul>, 0>&)data_1.1_0' has write operations in process function 'FFT_stage_spatial_unroll<3>' (FFT.cpp:0:13) (around FFT.cpp:634).
INFO: [HLS 200-992] Internal global variable 'FFT_DFT_spatial_unroll_CY_stream_vector(stream<vector<complex<float>, 4ul>, 0>&, stream<vector<complex<float>, 4ul>, 0>&)data_1.1_0' has read operations in process function 'output_result_array_to_stream' (FFT.cpp:0:18) (around FFT.cpp:636).
ERROR: [HLS 200-968] Internal global variable 'FFT_DFT_spatial_unroll_CY_stream_vector(stream<vector<complex<float>, 4ul>, 0>&, stream<vector<complex<float>, 4ul>, 0>&)data_1.1_1' failed dataflow checking: it can only be read in one process function.
INFO: [HLS 200-992] Internal global variable 'FFT_DFT_spatial_unroll_CY_stream_vector(stream<vector<complex<float>, 4ul>, 0>&, stream<vector<complex<float>, 4ul>, 0>&)data_1.1_1' has read operations in process function 'FFT_stage_spatial_unroll<4>' (FFT.cpp:0:13) (around FFT.cpp:633).
INFO: [HLS 200-992] Internal global variable 'FFT_DFT_spatial_unroll_CY_stream_vector(stream<vector<complex<float>, 4ul>, 0>&, stream<vector<complex<float>, 4ul>, 0>&)data_1.1_1' has read operations in process function 'output_result_array_to_stream' (FFT.cpp:0:18) (around FFT.cpp:636).
ERROR: [HLS 200-779] Non-shared array 'FFT_DFT_spatial_unroll_CY_stream_vector(stream<vector<complex<float>, 4ul>, 0>&, stream<vector<complex<float>, 4ul>, 0>&)data_1.1_1' failed dataflow checking: it can only have a single reader and a single writer.
INFO: [HLS 200-992] Internal global variable 'FFT_DFT_spatial_unroll_CY_stream_vector(stream<vector<complex<float>, 4ul>, 0>&, stream<vector<complex<float>, 4ul>, 0>&)data_1.1_1' has read operations in process function 'FFT_stage_spatial_unroll<4>' (FFT.cpp:0:13) (around FFT.cpp:633).
INFO: [HLS 200-992] Internal global variable 'FFT_DFT_spatial_unroll_CY_stream_vector(stream<vector<complex<float>, 4ul>, 0>&, stream<vector<complex<float>, 4ul>, 0>&)data_1.1_1' has write operations in process function 'FFT_stage_spatial_unroll<3>' (FFT.cpp:0:13) (around FFT.cpp:634).
INFO: [HLS 200-992] Internal global variable 'FFT_DFT_spatial_unroll_CY_stream_vector(stream<vector<complex<float>, 4ul>, 0>&, stream<vector<complex<float>, 4ul>, 0>&)data_1.1_1' has read operations in process function 'output_result_array_to_stream' (FFT.cpp:0:18) (around FFT.cpp:636).
ERROR: [HLS 200-1715] Encountered problem during source synthesis
ERROR: [HLS 200-70] Pre-synthesis failed.
INFO: [HLS 200-2161] Finished Command csynth_design Elapsed time: 00:00:17; Allocated memory: 0.000 MB.
