

================================================================
== Synthesis Summary Report of 'FFT_TOP'
================================================================
+ General Information: 
    * Date:           Fri Apr  4 16:39:18 2025
    * Version:        2024.2 (Build 5238294 on Nov  8 2024)
    * Project:        build
    * Solution:       FFT_250MHz (Vivado IP Flow Target)
    * Product family: versalpremium
    * Target device:  xcvp1802-lsvc4072-3HP-e-S
    

+ Performance & Resource Estimates: 
    
    PS: '+' for module; 'o' for loop; '*' for dataflow
    +----------------------------------------------------------------+------+------+---------+-----------+----------+---------+------+----------+------+----------+-------------+-------------+-----+
    |                             Modules                            | Issue|      | Latency |  Latency  | Iteration|         | Trip |          |      |          |             |             |     |
    |                             & Loops                            | Type | Slack| (cycles)|    (ns)   |  Latency | Interval| Count| Pipelined| BRAM |    DSP   |      FF     |     LUT     | URAM|
    +----------------------------------------------------------------+------+------+---------+-----------+----------+---------+------+----------+------+----------+-------------+-------------+-----+
    |+ FFT_TOP*                                                      |     -|  0.01|      397|  1.588e+03|         -|       32|     -|  dataflow|     -|  86 (~0%)|   77768 (1%)|   83123 (2%)|    -|
    | + FFT_DIT_spatial_unroll_CY_stream_vector*                     |     -|  0.01|      397|  1.588e+03|         -|       32|     -|  dataflow|     -|  86 (~0%)|   77768 (1%)|   83123 (2%)|    -|
    |  + reverse_input_stream_UF4                                    |     -|  1.03|       61|    244.000|         -|       32|     -|       yes|     -|         -|  23587 (~0%)|   2966 (~0%)|    -|
    |  + FFT_Stage1_vectorstream_parameterize*                       |     -|  0.35|       37|    148.000|         -|       32|     -|  dataflow|     -|         -|   3919 (~0%)|   6272 (~0%)|    -|
    |   + FFT_Stage1_vectorstream_parameterize_Loop_FFT_Stage1_proc  |     -|  0.35|       37|    148.000|         -|       37|     -|        no|     -|         -|   3919 (~0%)|   6272 (~0%)|    -|
    |    o FFT_Stage1                                                |     -|  2.92|       35|    140.000|         5|        1|    32|       yes|     -|         -|            -|            -|    -|
    |  + FFT_Stage2_vectorstreamIn_arrayOut_parametize               |     -|  0.35|       37|    148.000|         -|       37|     -|        no|     -|         -|   3928 (~0%)|   6289 (~0%)|    -|
    |   o FFT_Stage2                                                 |     -|  2.92|       35|    140.000|         5|        1|    32|       yes|     -|         -|            -|            -|    -|
    |  + FFT_stage_spatial_unroll_3_s                                |     -|  0.04|       43|    172.000|         -|       43|     -|        no|     -|   6 (~0%)|   5132 (~0%)|   7297 (~0%)|    -|
    |   o R_Pair_loop                                                |     -|  2.92|       41|    164.000|        11|        1|    32|       yes|     -|         -|            -|            -|    -|
    |  + FFT_stage_spatial_unroll_4_s                                |     -|  0.04|       43|    172.000|         -|       43|     -|        no|     -|  16 (~0%)|   6750 (~0%)|   7610 (~0%)|    -|
    |   o R_Pair_loop_R_Group_loop                                   |     -|  2.92|       41|    164.000|        11|        1|    32|       yes|     -|         -|            -|            -|    -|
    |  + FFT_stage_spatial_unroll_5_s                                |     -|  0.01|       42|    168.000|         -|       42|     -|        no|     -|  16 (~0%)|   7010 (~0%)|   8260 (~0%)|    -|
    |   o R_Pair_loop_R_Group_loop                                   |     -|  2.92|       40|    160.000|        10|        1|    32|       yes|     -|         -|            -|            -|    -|
    |  + FFT_stage_spatial_unroll_6_s                                |     -|  0.01|       42|    168.000|         -|       42|     -|        no|     -|  16 (~0%)|   7013 (~0%)|   9801 (~0%)|    -|
    |   o R_Pair_loop_R_Group_loop                                   |     -|  2.92|       40|    160.000|        10|        1|    32|       yes|     -|         -|            -|            -|    -|
    |  + FFT_stage_spatial_unroll_7_s                                |     -|  0.01|       42|    168.000|         -|       42|     -|        no|     -|  16 (~0%)|   7015 (~0%)|  12364 (~0%)|    -|
    |   o R_Pair_loop_R_Group_loop                                   |     -|  2.92|       40|    160.000|        10|        1|    32|       yes|     -|         -|            -|            -|    -|
    |  + FFT_stage_spatial_unroll_8_s                                |     -|  0.01|       41|    164.000|         -|       41|     -|        no|     -|  16 (~0%)|   6732 (~0%)|  17866 (~0%)|    -|
    |   o R_Group_loop_bflySize_equal_FFT_NUM                        |     -|  2.92|       39|    156.000|         9|        1|    32|       yes|     -|         -|            -|            -|    -|
    |  + output_result_array_to_stream                               |     -|  1.56|       34|    136.000|         -|       34|     -|        no|     -|         -|      9 (~0%)|     54 (~0%)|    -|
    |   o PostP_Fwd_loop                                             |     -|  2.92|       32|    128.000|         2|        1|    32|       yes|     -|         -|            -|            -|    -|
    +----------------------------------------------------------------+------+------+---------+-----------+----------+---------+------+----------+------+----------+-------------+-------------+-----+

+ Performance Pragma Report: 
    
    PS: '+' for module; 'o' for loop; '*' for dataflow
    +----------------------------------------------------------------+----------+------------+-------+----------+------------+-------+
    |                             Modules                            | Target TI| Achieved TI|       | Target TL| Achieved TL|       |
    |                             & Loops                            | (cycles) |  (cycles)  | TI met| (cycles) |  (cycles)  | TL met|
    +----------------------------------------------------------------+----------+------------+-------+----------+------------+-------+
    |+ FFT_TOP*                                                      |         -|           -|      -|         -|           -|      -|
    | + FFT_DIT_spatial_unroll_CY_stream_vector*                     |        32|          32|    yes|         -|           -|      -|
    |  + reverse_input_stream_UF4                                    |        32|          32|    yes|         -|           -|      -|
    |  + FFT_Stage1_vectorstream_parameterize*                       |        32|          32|    yes|         -|           -|      -|
    |   + FFT_Stage1_vectorstream_parameterize_Loop_FFT_Stage1_proc  |        32|          37|     no|         -|           -|      -|
    |    o FFT_Stage1                                                |        32|          32|    yes|         -|           -|      -|
    |  + FFT_Stage2_vectorstreamIn_arrayOut_parametize               |        32|          37|     no|         -|           -|      -|
    |   o FFT_Stage2                                                 |        32|          32|    yes|         -|           -|      -|
    |  + FFT_stage_spatial_unroll_3_s                                |         -|           -|      -|         -|           -|      -|
    |   o R_Pair_loop                                                |        32|          32|    yes|         -|           -|      -|
    |  + FFT_stage_spatial_unroll_4_s                                |         -|           -|      -|         -|           -|      -|
    |   o R_Pair_loop_R_Group_loop                                   |        32|          32|    yes|         -|           -|      -|
    |  + FFT_stage_spatial_unroll_5_s                                |         -|           -|      -|         -|           -|      -|
    |   o R_Pair_loop_R_Group_loop                                   |        32|          32|    yes|         -|           -|      -|
    |  + FFT_stage_spatial_unroll_6_s                                |         -|           -|      -|         -|           -|      -|
    |   o R_Pair_loop_R_Group_loop                                   |        32|          32|    yes|         -|           -|      -|
    |  + FFT_stage_spatial_unroll_7_s                                |         -|           -|      -|         -|           -|      -|
    |   o R_Pair_loop_R_Group_loop                                   |        32|          32|    yes|         -|           -|      -|
    |  + FFT_stage_spatial_unroll_8_s                                |         -|           -|      -|         -|           -|      -|
    |   o R_Group_loop_bflySize_equal_FFT_NUM                        |        32|          32|    yes|         -|           -|      -|
    |  + output_result_array_to_stream                               |        32|          34|     no|         -|           -|      -|
    |   o PostP_Fwd_loop                                             |        32|          32|    yes|         -|           -|      -|
    +----------------------------------------------------------------+----------+------------+-------+----------+------------+-------+


================================================================
== HW Interfaces
================================================================
* AP_FIFO
+-----------+-----------+------------+
| Interface | Direction | Data Width |
+-----------+-----------+------------+
| in_r      | in        | 512        |
| out_r     | out       | 512        |
+-----------+-----------+------------+

* TOP LEVEL CONTROL
+-----------+------------+-----------------------------------+
| Interface | Type       | Ports                             |
+-----------+------------+-----------------------------------+
| ap_clk    | clock      | ap_clk                            |
| ap_rst    | reset      | ap_rst                            |
| ap_ctrl   | ap_ctrl_hs | ap_done ap_idle ap_ready ap_start |
+-----------+------------+-----------------------------------+


================================================================
== SW I/O Information
================================================================
* Top Function Arguments
+----------+-----------+-------------------------------------------------+
| Argument | Direction | Datatype                                        |
+----------+-----------+-------------------------------------------------+
| in       | in        | stream<hls::vector<std::complex<float>, 8>, 0>& |
| out      | out       | stream<hls::vector<std::complex<float>, 8>, 0>& |
+----------+-----------+-------------------------------------------------+

* SW-to-HW Mapping
+----------+--------------+-----------+
| Argument | HW Interface | HW Type   |
+----------+--------------+-----------+
| in       | in_r         | interface |
| out      | out_r        | interface |
+----------+--------------+-----------+


================================================================
== Bind Op Report
================================================================
+----------------------------------------------------------------+-----+--------+---------------+-----------+--------------------------+---------+
| Name                                                           | DSP | Pragma | Variable      | Op        | Impl                     | Latency |
+----------------------------------------------------------------+-----+--------+---------------+-----------+--------------------------+---------+
| + FFT_TOP                                                      | 86  |        |               |           |                          |         |
|  + FFT_DIT_spatial_unroll_CY_stream_vector                     | 86  |        |               |           |                          |         |
|   + FFT_Stage1_vectorstream_parameterize                       | 0   |        |               |           |                          |         |
|    + FFT_Stage1_vectorstream_parameterize_Loop_FFT_Stage1_proc | 0   |        |               |           |                          |         |
|      m_fu_239_p2                                               |     |        | m             | add       | fabric                   | 0       |
|      fadd_32ns_32ns_32_4_no_dsp_1_U3                           |     | yes    | d2_real       | fadd      | fabric                   | 3       |
|      fadd_32ns_32ns_32_4_no_dsp_1_U4                           |     | yes    | d2_imag       | fadd      | fabric                   | 3       |
|      fsub_32ns_32ns_32_4_no_dsp_1_U5                           |     | yes    | d3_real       | fsub      | fabric                   | 3       |
|      fsub_32ns_32ns_32_4_no_dsp_1_U6                           |     | yes    | d3_imag       | fsub      | fabric                   | 3       |
|      fadd_32ns_32ns_32_4_no_dsp_1_U7                           |     | yes    | d2_real_10    | fadd      | fabric                   | 3       |
|      fadd_32ns_32ns_32_4_no_dsp_1_U8                           |     | yes    | d2_imag_10    | fadd      | fabric                   | 3       |
|      fsub_32ns_32ns_32_4_no_dsp_1_U9                           |     | yes    | d3_real_10    | fsub      | fabric                   | 3       |
|      fsub_32ns_32ns_32_4_no_dsp_1_U10                          |     | yes    | d3_imag_10    | fsub      | fabric                   | 3       |
|      fadd_32ns_32ns_32_4_no_dsp_1_U11                          |     | yes    | d2_real_11    | fadd      | fabric                   | 3       |
|      fadd_32ns_32ns_32_4_no_dsp_1_U12                          |     | yes    | d2_imag_11    | fadd      | fabric                   | 3       |
|      fsub_32ns_32ns_32_4_no_dsp_1_U13                          |     | yes    | d3_real_11    | fsub      | fabric                   | 3       |
|      fsub_32ns_32ns_32_4_no_dsp_1_U14                          |     | yes    | d3_imag_11    | fsub      | fabric                   | 3       |
|      fadd_32ns_32ns_32_4_no_dsp_1_U15                          |     | yes    | d2_real_12    | fadd      | fabric                   | 3       |
|      fadd_32ns_32ns_32_4_no_dsp_1_U16                          |     | yes    | d2_imag_12    | fadd      | fabric                   | 3       |
|      fsub_32ns_32ns_32_4_no_dsp_1_U17                          |     | yes    | d3_real_12    | fsub      | fabric                   | 3       |
|      fsub_32ns_32ns_32_4_no_dsp_1_U18                          |     | yes    | d3_imag_12    | fsub      | fabric                   | 3       |
|      icmp_ln451_fu_593_p2                                      |     |        | icmp_ln451    | seteq     | auto                     | 0       |
|   + FFT_Stage2_vectorstreamIn_arrayOut_parametize              | 0   |        |               |           |                          |         |
|     m_fu_592_p2                                                |     |        | m             | add       | fabric                   | 0       |
|     fadd_32ns_32ns_32_4_no_dsp_1_U25                           |     | yes    | d2_real       | fadd      | fabric                   | 3       |
|     fadd_32ns_32ns_32_4_no_dsp_1_U26                           |     | yes    | d2_imag       | fadd      | fabric                   | 3       |
|     fsub_32ns_32ns_32_4_no_dsp_1_U27                           |     | yes    | d3_real       | fsub      | fabric                   | 3       |
|     fsub_32ns_32ns_32_4_no_dsp_1_U28                           |     | yes    | d3_imag       | fsub      | fabric                   | 3       |
|     fadd_32ns_32ns_32_4_no_dsp_1_U29                           |     | yes    | d2_real_7     | fadd      | fabric                   | 3       |
|     fsub_32ns_32ns_32_4_no_dsp_1_U30                           |     | yes    | d2_imag_7     | fadd      | fabric                   | 3       |
|     fsub_32ns_32ns_32_4_no_dsp_1_U31                           |     | yes    | d3_real_7     | fsub      | fabric                   | 3       |
|     fadd_32ns_32ns_32_4_no_dsp_1_U32                           |     | yes    | d3_imag_7     | fsub      | fabric                   | 3       |
|     fadd_32ns_32ns_32_4_no_dsp_1_U33                           |     | yes    | d2_real_8     | fadd      | fabric                   | 3       |
|     fadd_32ns_32ns_32_4_no_dsp_1_U34                           |     | yes    | d2_imag_8     | fadd      | fabric                   | 3       |
|     fsub_32ns_32ns_32_4_no_dsp_1_U35                           |     | yes    | d3_real_8     | fsub      | fabric                   | 3       |
|     fsub_32ns_32ns_32_4_no_dsp_1_U36                           |     | yes    | d3_imag_8     | fsub      | fabric                   | 3       |
|     fadd_32ns_32ns_32_4_no_dsp_1_U37                           |     | yes    | d2_real_9     | fadd      | fabric                   | 3       |
|     fsub_32ns_32ns_32_4_no_dsp_1_U38                           |     | yes    | d2_imag_9     | fadd      | fabric                   | 3       |
|     fsub_32ns_32ns_32_4_no_dsp_1_U39                           |     | yes    | d3_real_9     | fsub      | fabric                   | 3       |
|     fadd_32ns_32ns_32_4_no_dsp_1_U40                           |     | yes    | d3_imag_9     | fsub      | fabric                   | 3       |
|   + FFT_stage_spatial_unroll_3_s                               | 6   |        |               |           |                          |         |
|     m_fu_814_p2                                                |     |        | m             | add       | fabric                   | 0       |
|     fadd_32ns_32ns_32_4_no_dsp_1_U60                           |     | yes    | d2_real       | fadd      | fabric                   | 3       |
|     fadd_32ns_32ns_32_4_no_dsp_1_U61                           |     | yes    | d2_imag       | fadd      | fabric                   | 3       |
|     fsub_32ns_32ns_32_4_no_dsp_1_U62                           |     | yes    | d3_real       | fsub      | fabric                   | 3       |
|     fsub_32ns_32ns_32_4_no_dsp_1_U63                           |     | yes    | d3_imag       | fsub      | fabric                   | 3       |
|     fmul_32ns_32ns_32_1_primitive_dsp_1_U78                    | 1   |        | bd_i          | fmul      | primitivedsp             | 0       |
|     fmul_32ns_32ns_32_1_primitive_dsp_1_U79                    | 1   |        | bc_i          | fmul      | primitivedsp             | 0       |
|     fmsub_32ns_32ns_32ns_32ns_32_1_primitive_dsp_1_U81         | 1   | yes    | d1_real_i     | fmsub     | primitivedsp             | 0       |
|     fmadd_32ns_32ns_32ns_32ns_32_1_primitive_dsp_1_U80         | 1   | yes    | d1_imag_i     | fmadd     | primitivedsp             | 0       |
|     fadd_32ns_32ns_32_4_no_dsp_1_U64                           |     | yes    | d2_real_15_i  | fadd      | fabric                   | 3       |
|     fadd_32ns_32ns_32_4_no_dsp_1_U65                           |     | yes    | d2_imag_15_i  | fadd      | fabric                   | 3       |
|     fsub_32ns_32ns_32_4_no_dsp_1_U66                           |     | yes    | d3_real_15_i  | fsub      | fabric                   | 3       |
|     fsub_32ns_32ns_32_4_no_dsp_1_U67                           |     | yes    | d3_imag_15_i  | fsub      | fabric                   | 3       |
|     fsub_32ns_32ns_32_4_no_dsp_1_U68                           |     | yes    | d2_imag_3_i   | fadd      | fabric                   | 3       |
|     fadd_32ns_32ns_32_4_no_dsp_1_U69                           |     | yes    | d3_imag_3_i   | fsub      | fabric                   | 3       |
|     fadd_32ns_32ns_32_4_no_dsp_1_U70                           |     | yes    | d2_real_3_i   | fadd      | fabric                   | 3       |
|     fsub_32ns_32ns_32_4_no_dsp_1_U71                           |     | yes    | d3_real_3_i   | fsub      | fabric                   | 3       |
|     fmul_32ns_32ns_32_1_primitive_dsp_1_U76                    | 1   |        | ac            | fmul      | primitivedsp             | 0       |
|     fmul_32ns_32ns_32_1_primitive_dsp_1_U77                    | 1   |        | bd            | fmul      | primitivedsp             | 0       |
|     fsub_32ns_32ns_32_4_no_dsp_1_U58                           |     | yes    | d1_real_16    | fsub      | fabric                   | 3       |
|     fadd_32ns_32ns_32_4_no_dsp_1_U59                           |     | yes    | d1_imag_16    | fadd      | fabric                   | 3       |
|     fadd_32ns_32ns_32_4_no_dsp_1_U72                           |     | yes    | d2_real_6     | fadd      | fabric                   | 3       |
|     fadd_32ns_32ns_32_4_no_dsp_1_U73                           |     | yes    | d2_imag_6     | fadd      | fabric                   | 3       |
|     fsub_32ns_32ns_32_4_no_dsp_1_U74                           |     | yes    | d3_real_6     | fsub      | fabric                   | 3       |
|     fsub_32ns_32ns_32_4_no_dsp_1_U75                           |     | yes    | d3_imag_6     | fsub      | fabric                   | 3       |
|   + FFT_stage_spatial_unroll_4_s                               | 16  |        |               |           |                          |         |
|     add_ln368_4_fu_1046_p2                                     |     |        | add_ln368_4   | add       | fabric                   | 0       |
|     select_ln368_fu_1052_p3                                    |     |        | select_ln368  | select    | auto_sel                 | 0       |
|     m_fu_1060_p3                                               |     |        | m             | select    | auto_sel                 | 0       |
|     empty_fu_1068_p2                                           |     |        | empty         | seteq     | auto                     | 0       |
|     c_fu_1362_p3                                               |     |        | c             | select    | auto_sel                 | 0       |
|     d_fu_1369_p3                                               |     |        | d             | select    | auto_sel                 | 0       |
|     icmp_ln10_fu_1376_p2                                       |     |        | icmp_ln10     | setne     | auto                     | 0       |
|     d0_real_fu_1381_p3                                         |     |        | d0_real       | select    | auto_sel                 | 0       |
|     d0_imag_fu_1389_p3                                         |     |        | d0_imag       | select    | auto_sel                 | 0       |
|     a_fu_1397_p3                                               |     |        | a             | select    | auto_sel                 | 0       |
|     d1_real_13_fu_1405_p3                                      |     |        | d1_real_13    | select    | auto_sel                 | 0       |
|     xor_ln16_fu_1700_p2                                        |     |        | xor_ln16      | xor       | auto                     | 0       |
|     fmul_32ns_32ns_32_1_primitive_dsp_1_U133                   | 1   |        | bd            | fmul      | primitivedsp             | 0       |
|     fmul_32ns_32ns_32_1_primitive_dsp_1_U134                   | 1   |        | bc            | fmul      | primitivedsp             | 0       |
|     fmsub_32ns_32ns_32ns_32ns_32_1_primitive_dsp_1_x_U145      | 1   | yes    | d1_real       | fmsub     | primitivedsp             | 0       |
|     fmadd_32ns_32ns_32ns_32ns_32_1_primitive_dsp_1_x_U141      | 1   | yes    | d1_imag       | fmadd     | primitivedsp             | 0       |
|     fadd_32ns_32ns_32_4_no_dsp_1_U117                          |     | yes    | d2_real       | fadd      | fabric                   | 3       |
|     fadd_32ns_32ns_32_4_no_dsp_1_U118                          |     | yes    | d2_imag       | fadd      | fabric                   | 3       |
|     fsub_32ns_32ns_32_4_no_dsp_1_U119                          |     | yes    | d3_real       | fsub      | fabric                   | 3       |
|     fsub_32ns_32ns_32_4_no_dsp_1_U120                          |     | yes    | d3_imag       | fsub      | fabric                   | 3       |
|     tw_46_i_fu_1421_p3                                         |     |        | tw_46_i       | select    | auto_sel                 | 0       |
|     tw_48_i_fu_1428_p3                                         |     |        | tw_48_i       | select    | auto_sel                 | 0       |
|     tw_fu_1435_p3                                              |     |        | tw            | select    | auto_sel                 | 0       |
|     tw_47_i_fu_1442_p3                                         |     |        | tw_47_i       | select    | auto_sel                 | 0       |
|     tw_21_fu_1449_p3                                           |     |        | tw_21         | select    | auto_sel                 | 0       |
|     icmp_ln10_1_fu_1216_p2                                     |     |        | icmp_ln10_1   | seteq     | auto                     | 0       |
|     select_ln10_fu_1463_p3                                     |     |        | select_ln10   | select    | auto_sel                 | 0       |
|     select_ln11_fu_1470_p3                                     |     |        | select_ln11   | select    | auto_sel                 | 0       |
|     icmp_ln10_2_fu_1477_p2                                     |     |        | icmp_ln10_2   | seteq     | auto                     | 0       |
|     select_ln10_2_fu_1483_p3                                   |     |        | select_ln10_2 | select    | auto_sel                 | 0       |
|     select_ln11_2_fu_1491_p3                                   |     |        | select_ln11_2 | select    | auto_sel                 | 0       |
|     icmp_ln10_3_fu_1499_p2                                     |     |        | icmp_ln10_3   | seteq     | auto                     | 0       |
|     select_ln10_3_fu_1505_p3                                   |     |        | select_ln10_3 | select    | auto_sel                 | 0       |
|     d1_fu_1513_p3                                              |     |        | d1            | select    | auto_sel                 | 0       |
|     select_ln10_4_fu_1521_p3                                   |     |        | select_ln10_4 | select    | auto_sel                 | 0       |
|     select_ln11_4_fu_1528_p3                                   |     |        | select_ln11_4 | select    | auto_sel                 | 0       |
|     fmul_32ns_32ns_32_1_primitive_dsp_1_U135                   | 1   |        | bd_13_i       | fmul      | primitivedsp             | 0       |
|     fmul_32ns_32ns_32_1_primitive_dsp_1_U136                   | 1   |        | bc_13_i       | fmul      | primitivedsp             | 0       |
|     fmsub_32ns_32ns_32ns_32ns_32_1_primitive_dsp_1_x_U146      | 1   | yes    | d1_real_22_i  | fmsub     | primitivedsp             | 0       |
|     fmadd_32ns_32ns_32ns_32ns_32_1_primitive_dsp_1_x_U142      | 1   | yes    | d1_imag_22_i  | fmadd     | primitivedsp             | 0       |
|     fadd_32ns_32ns_32_4_no_dsp_1_U121                          |     | yes    | d2_real_13_i  | fadd      | fabric                   | 3       |
|     fadd_32ns_32ns_32_4_no_dsp_1_U122                          |     | yes    | d2_imag_13_i  | fadd      | fabric                   | 3       |
|     fsub_32ns_32ns_32_4_no_dsp_1_U123                          |     | yes    | d3_real_13_i  | fsub      | fabric                   | 3       |
|     fsub_32ns_32ns_32_4_no_dsp_1_U124                          |     | yes    | d3_imag_13_i  | fsub      | fabric                   | 3       |
|     select_ln10_5_fu_1535_p3                                   |     |        | select_ln10_5 | select    | auto_sel                 | 0       |
|     select_ln11_5_fu_1543_p3                                   |     |        | select_ln11_5 | select    | auto_sel                 | 0       |
|     fmul_32ns_32ns_32_1_primitive_dsp_1_U137                   | 1   |        | bd_2_i        | fmul      | primitivedsp             | 0       |
|     fmul_32ns_32ns_32_1_primitive_dsp_1_U138                   | 1   |        | bc_2_i        | fmul      | primitivedsp             | 0       |
|     fmsub_32ns_32ns_32ns_32ns_32_1_primitive_dsp_1_x_U147      | 1   | yes    | d1_real_3_i   | fmsub     | primitivedsp             | 0       |
|     fmadd_32ns_32ns_32ns_32ns_32_1_primitive_dsp_1_x_U143      | 1   | yes    | d1_imag_3_i   | fmadd     | primitivedsp             | 0       |
|     fadd_32ns_32ns_32_4_no_dsp_1_U125                          |     | yes    | d2_real_2_i   | fadd      | fabric                   | 3       |
|     fadd_32ns_32ns_32_4_no_dsp_1_U126                          |     | yes    | d2_imag_2_i   | fadd      | fabric                   | 3       |
|     fsub_32ns_32ns_32_4_no_dsp_1_U127                          |     | yes    | d3_real_2_i   | fsub      | fabric                   | 3       |
|     fsub_32ns_32ns_32_4_no_dsp_1_U128                          |     | yes    | d3_imag_2_i   | fsub      | fabric                   | 3       |
|     select_ln10_6_fu_1551_p3                                   |     |        | select_ln10_6 | select    | auto_sel                 | 0       |
|     d1_22_fu_1559_p3                                           |     |        | d1_22         | select    | auto_sel                 | 0       |
|     fmul_32ns_32ns_32_1_primitive_dsp_1_U139                   | 1   |        | bd_5          | fmul      | primitivedsp             | 0       |
|     fmul_32ns_32ns_32_1_primitive_dsp_1_U140                   | 1   |        | bc_5          | fmul      | primitivedsp             | 0       |
|     fmsub_32ns_32ns_32ns_32ns_32_1_primitive_dsp_1_x_U148      | 1   | yes    | d1_real_15    | fmsub     | primitivedsp             | 0       |
|     fmadd_32ns_32ns_32ns_32ns_32_1_primitive_dsp_1_x_U144      | 1   | yes    | d1_imag_15    | fmadd     | primitivedsp             | 0       |
|     fadd_32ns_32ns_32_4_no_dsp_1_U129                          |     | yes    | d2_real_5     | fadd      | fabric                   | 3       |
|     fadd_32ns_32ns_32_4_no_dsp_1_U130                          |     | yes    | d2_imag_5     | fadd      | fabric                   | 3       |
|     fsub_32ns_32ns_32_4_no_dsp_1_U131                          |     | yes    | d3_real_5     | fsub      | fabric                   | 3       |
|     fsub_32ns_32ns_32_4_no_dsp_1_U132                          |     | yes    | d3_imag_5     | fsub      | fabric                   | 3       |
|     k_fu_1310_p2                                               |     |        | k             | add       | fabric                   | 0       |
|     xor_ln371_fu_1324_p2                                       |     |        | xor_ln371     | xor       | auto                     | 0       |
|     add_ln368_fu_1330_p2                                       |     |        | add_ln368     | add       | fabric                   | 0       |
|     icmp_ln368_fu_1336_p2                                      |     |        | icmp_ln368    | seteq     | auto                     | 0       |
|   + FFT_stage_spatial_unroll_5_s                               | 16  |        |               |           |                          |         |
|     add_ln368_3_fu_838_p2                                      |     |        | add_ln368_3   | add       | fabric                   | 0       |
|     select_ln368_fu_844_p3                                     |     |        | select_ln368  | select    | auto_sel                 | 0       |
|     m_fu_852_p3                                                |     |        | m             | select    | auto_sel                 | 0       |
|     sparsemux_9_4_32_1_1_U207                                  |     |        | c             | sparsemux | compactencoding_dontcare | 0       |
|     sparsemux_9_4_32_1_1_U208                                  |     |        | d             | sparsemux | compactencoding_dontcare | 0       |
|     xor_ln16_fu_1311_p2                                        |     |        | xor_ln16      | xor       | auto                     | 0       |
|     fmul_32ns_32ns_32_1_primitive_dsp_1_U191                   | 1   |        | bd            | fmul      | primitivedsp             | 0       |
|     fmul_32ns_32ns_32_1_primitive_dsp_1_U192                   | 1   |        | bc            | fmul      | primitivedsp             | 0       |
|     fmsub_32ns_32ns_32ns_32ns_32_1_primitive_dsp_1_x_U203      | 1   | yes    | d1_real       | fmsub     | primitivedsp             | 0       |
|     fmadd_32ns_32ns_32ns_32ns_32_1_primitive_dsp_1_x_U199      | 1   | yes    | d1_imag       | fmadd     | primitivedsp             | 0       |
|     fadd_32ns_32ns_32_4_no_dsp_1_U175                          |     | yes    | d2_real       | fadd      | fabric                   | 3       |
|     fadd_32ns_32ns_32_4_no_dsp_1_U176                          |     | yes    | d2_imag       | fadd      | fabric                   | 3       |
|     fsub_32ns_32ns_32_4_no_dsp_1_U177                          |     | yes    | d3_real       | fsub      | fabric                   | 3       |
|     fsub_32ns_32ns_32_4_no_dsp_1_U178                          |     | yes    | d3_imag       | fsub      | fabric                   | 3       |
|     sparsemux_9_4_32_1_1_U209                                  |     |        | tw_36_i       | sparsemux | compactencoding_dontcare | 0       |
|     sparsemux_9_4_32_1_1_U210                                  |     |        | tw_38_i       | sparsemux | compactencoding_dontcare | 0       |
|     sparsemux_9_4_32_1_1_U211                                  |     |        | tw            | sparsemux | compactencoding_dontcare | 0       |
|     sparsemux_9_4_32_1_1_U212                                  |     |        | tw_37_i       | sparsemux | compactencoding_dontcare | 0       |
|     sparsemux_9_4_32_1_1_U213                                  |     |        | tw_39_i       | sparsemux | compactencoding_dontcare | 0       |
|     sparsemux_9_4_32_1_1_U214                                  |     |        | tw_18         | sparsemux | compactencoding_dontcare | 0       |
|     fmul_32ns_32ns_32_1_primitive_dsp_1_U193                   | 1   |        | bd_11_i       | fmul      | primitivedsp             | 0       |
|     fmul_32ns_32ns_32_1_primitive_dsp_1_U194                   | 1   |        | bc_11_i       | fmul      | primitivedsp             | 0       |
|     fmsub_32ns_32ns_32ns_32ns_32_1_primitive_dsp_1_x_U204      | 1   | yes    | d1_real_18_i  | fmsub     | primitivedsp             | 0       |
|     fmadd_32ns_32ns_32ns_32ns_32_1_primitive_dsp_1_x_U200      | 1   | yes    | d1_imag_18_i  | fmadd     | primitivedsp             | 0       |
|     fadd_32ns_32ns_32_4_no_dsp_1_U179                          |     | yes    | d2_real_11_i  | fadd      | fabric                   | 3       |
|     fadd_32ns_32ns_32_4_no_dsp_1_U180                          |     | yes    | d2_imag_11_i  | fadd      | fabric                   | 3       |
|     fsub_32ns_32ns_32_4_no_dsp_1_U181                          |     | yes    | d3_real_11_i  | fsub      | fabric                   | 3       |
|     fsub_32ns_32ns_32_4_no_dsp_1_U182                          |     | yes    | d3_imag_11_i  | fsub      | fabric                   | 3       |
|     fmul_32ns_32ns_32_1_primitive_dsp_1_U195                   | 1   |        | bd_1_i        | fmul      | primitivedsp             | 0       |
|     fmul_32ns_32ns_32_1_primitive_dsp_1_U196                   | 1   |        | bc_1_i        | fmul      | primitivedsp             | 0       |
|     fmsub_32ns_32ns_32ns_32ns_32_1_primitive_dsp_1_x_U205      | 1   | yes    | d1_real_2_i   | fmsub     | primitivedsp             | 0       |
|     fmadd_32ns_32ns_32ns_32ns_32_1_primitive_dsp_1_x_U201      | 1   | yes    | d1_imag_2_i   | fmadd     | primitivedsp             | 0       |
|     fadd_32ns_32ns_32_4_no_dsp_1_U183                          |     | yes    | d2_real_1_i   | fadd      | fabric                   | 3       |
|     fadd_32ns_32ns_32_4_no_dsp_1_U184                          |     | yes    | d2_imag_1_i   | fadd      | fabric                   | 3       |
|     fsub_32ns_32ns_32_4_no_dsp_1_U185                          |     | yes    | d3_real_1_i   | fsub      | fabric                   | 3       |
|     fsub_32ns_32ns_32_4_no_dsp_1_U186                          |     | yes    | d3_imag_1_i   | fsub      | fabric                   | 3       |
|     fmul_32ns_32ns_32_1_primitive_dsp_1_U197                   | 1   |        | bd_4          | fmul      | primitivedsp             | 0       |
|     fmul_32ns_32ns_32_1_primitive_dsp_1_U198                   | 1   |        | bc_4          | fmul      | primitivedsp             | 0       |
|     fmsub_32ns_32ns_32ns_32ns_32_1_primitive_dsp_1_x_U206      | 1   | yes    | d1_real_12    | fmsub     | primitivedsp             | 0       |
|     fmadd_32ns_32ns_32ns_32ns_32_1_primitive_dsp_1_x_U202      | 1   | yes    | d1_imag_12    | fmadd     | primitivedsp             | 0       |
|     fadd_32ns_32ns_32_4_no_dsp_1_U187                          |     | yes    | d2_real_4     | fadd      | fabric                   | 3       |
|     fadd_32ns_32ns_32_4_no_dsp_1_U188                          |     | yes    | d2_imag_4     | fadd      | fabric                   | 3       |
|     fsub_32ns_32ns_32_4_no_dsp_1_U189                          |     | yes    | d3_real_4     | fsub      | fabric                   | 3       |
|     fsub_32ns_32ns_32_4_no_dsp_1_U190                          |     | yes    | d3_imag_4     | fsub      | fabric                   | 3       |
|     k_fu_1192_p2                                               |     |        | k             | add       | fabric                   | 0       |
|     xor_ln371_fu_1206_p2                                       |     |        | xor_ln371     | xor       | auto                     | 0       |
|     add_ln368_fu_1212_p2                                       |     |        | add_ln368     | add       | fabric                   | 0       |
|     icmp_ln368_fu_1218_p2                                      |     |        | icmp_ln368    | seteq     | auto                     | 0       |
|   + FFT_stage_spatial_unroll_6_s                               | 16  |        |               |           |                          |         |
|     add_ln368_2_fu_878_p2                                      |     |        | add_ln368_2   | add       | fabric                   | 0       |
|     select_ln368_fu_884_p3                                     |     |        | select_ln368  | select    | auto_sel                 | 0       |
|     m_fu_892_p3                                                |     |        | m             | select    | auto_sel                 | 0       |
|     sparsemux_17_5_32_1_1_U264                                 |     |        | c             | sparsemux | compactencoding_dontcare | 0       |
|     sparsemux_17_5_32_1_1_U265                                 |     |        | d             | sparsemux | compactencoding_dontcare | 0       |
|     xor_ln16_fu_1479_p2                                        |     |        | xor_ln16      | xor       | auto                     | 0       |
|     fmul_32ns_32ns_32_1_primitive_dsp_1_U248                   | 1   |        | bd            | fmul      | primitivedsp             | 0       |
|     fmul_32ns_32ns_32_1_primitive_dsp_1_U249                   | 1   |        | bc            | fmul      | primitivedsp             | 0       |
|     fmsub_32ns_32ns_32ns_32ns_32_1_primitive_dsp_1_x_U260      | 1   | yes    | d1_real       | fmsub     | primitivedsp             | 0       |
|     fmadd_32ns_32ns_32ns_32ns_32_1_primitive_dsp_1_x_U256      | 1   | yes    | d1_imag       | fmadd     | primitivedsp             | 0       |
|     fadd_32ns_32ns_32_4_no_dsp_1_U232                          |     | yes    | d2_real       | fadd      | fabric                   | 3       |
|     fadd_32ns_32ns_32_4_no_dsp_1_U233                          |     | yes    | d2_imag       | fadd      | fabric                   | 3       |
|     fsub_32ns_32ns_32_4_no_dsp_1_U234                          |     | yes    | d3_real       | fsub      | fabric                   | 3       |
|     fsub_32ns_32ns_32_4_no_dsp_1_U235                          |     | yes    | d3_imag       | fsub      | fabric                   | 3       |
|     sparsemux_17_5_32_1_1_U266                                 |     |        | tw_26_i       | sparsemux | compactencoding_dontcare | 0       |
|     sparsemux_17_5_32_1_1_U267                                 |     |        | tw_28_i       | sparsemux | compactencoding_dontcare | 0       |
|     sparsemux_17_5_32_1_1_U268                                 |     |        | tw            | sparsemux | compactencoding_dontcare | 0       |
|     sparsemux_17_5_32_1_1_U269                                 |     |        | tw_27_i       | sparsemux | compactencoding_dontcare | 0       |
|     sparsemux_17_5_32_1_1_U270                                 |     |        | tw_29_i       | sparsemux | compactencoding_dontcare | 0       |
|     sparsemux_17_5_32_1_1_U271                                 |     |        | tw_14         | sparsemux | compactencoding_dontcare | 0       |
|     fmul_32ns_32ns_32_1_primitive_dsp_1_U250                   | 1   |        | bd_7_i        | fmul      | primitivedsp             | 0       |
|     fmul_32ns_32ns_32_1_primitive_dsp_1_U251                   | 1   |        | bc_7_i        | fmul      | primitivedsp             | 0       |
|     fmsub_32ns_32ns_32ns_32ns_32_1_primitive_dsp_1_x_U261      | 1   | yes    | d1_real_14_i  | fmsub     | primitivedsp             | 0       |
|     fmadd_32ns_32ns_32ns_32ns_32_1_primitive_dsp_1_x_U257      | 1   | yes    | d1_imag_14_i  | fmadd     | primitivedsp             | 0       |
|     fadd_32ns_32ns_32_4_no_dsp_1_U236                          |     | yes    | d2_real_7_i   | fadd      | fabric                   | 3       |
|     fadd_32ns_32ns_32_4_no_dsp_1_U237                          |     | yes    | d2_imag_7_i   | fadd      | fabric                   | 3       |
|     fsub_32ns_32ns_32_4_no_dsp_1_U238                          |     | yes    | d3_real_7_i   | fsub      | fabric                   | 3       |
|     fsub_32ns_32ns_32_4_no_dsp_1_U239                          |     | yes    | d3_imag_7_i   | fsub      | fabric                   | 3       |
|     fmul_32ns_32ns_32_1_primitive_dsp_1_U252                   | 1   |        | bd_8_i        | fmul      | primitivedsp             | 0       |
|     fmul_32ns_32ns_32_1_primitive_dsp_1_U253                   | 1   |        | bc_8_i        | fmul      | primitivedsp             | 0       |
|     fmsub_32ns_32ns_32ns_32ns_32_1_primitive_dsp_1_x_U262      | 1   | yes    | d1_real_1_i   | fmsub     | primitivedsp             | 0       |
|     fmadd_32ns_32ns_32ns_32ns_32_1_primitive_dsp_1_x_U258      | 1   | yes    | d1_imag_1_i   | fmadd     | primitivedsp             | 0       |
|     fadd_32ns_32ns_32_4_no_dsp_1_U240                          |     | yes    | d2_real_8_i   | fadd      | fabric                   | 3       |
|     fadd_32ns_32ns_32_4_no_dsp_1_U241                          |     | yes    | d2_imag_8_i   | fadd      | fabric                   | 3       |
|     fsub_32ns_32ns_32_4_no_dsp_1_U242                          |     | yes    | d3_real_8_i   | fsub      | fabric                   | 3       |
|     fsub_32ns_32ns_32_4_no_dsp_1_U243                          |     | yes    | d3_imag_8_i   | fsub      | fabric                   | 3       |
|     fmul_32ns_32ns_32_1_primitive_dsp_1_U254                   | 1   |        | bd_3          | fmul      | primitivedsp             | 0       |
|     fmul_32ns_32ns_32_1_primitive_dsp_1_U255                   | 1   |        | bc_3          | fmul      | primitivedsp             | 0       |
|     fmsub_32ns_32ns_32ns_32ns_32_1_primitive_dsp_1_x_U263      | 1   | yes    | d1_real_9     | fmsub     | primitivedsp             | 0       |
|     fmadd_32ns_32ns_32ns_32ns_32_1_primitive_dsp_1_x_U259      | 1   | yes    | d1_imag_9     | fmadd     | primitivedsp             | 0       |
|     fadd_32ns_32ns_32_4_no_dsp_1_U244                          |     | yes    | d2_real_3     | fadd      | fabric                   | 3       |
|     fadd_32ns_32ns_32_4_no_dsp_1_U245                          |     | yes    | d2_imag_3     | fadd      | fabric                   | 3       |
|     fsub_32ns_32ns_32_4_no_dsp_1_U246                          |     | yes    | d3_real_3     | fsub      | fabric                   | 3       |
|     fsub_32ns_32ns_32_4_no_dsp_1_U247                          |     | yes    | d3_imag_3     | fsub      | fabric                   | 3       |
|     k_fu_1360_p2                                               |     |        | k             | add       | fabric                   | 0       |
|     xor_ln371_fu_1374_p2                                       |     |        | xor_ln371     | xor       | auto                     | 0       |
|     add_ln368_fu_1380_p2                                       |     |        | add_ln368     | add       | fabric                   | 0       |
|     icmp_ln368_fu_1386_p2                                      |     |        | icmp_ln368    | seteq     | auto                     | 0       |
|   + FFT_stage_spatial_unroll_7_s                               | 16  |        |               |           |                          |         |
|     add_ln368_1_fu_958_p2                                      |     |        | add_ln368_1   | add       | fabric                   | 0       |
|     select_ln368_fu_964_p3                                     |     |        | select_ln368  | select    | auto_sel                 | 0       |
|     m_fu_972_p3                                                |     |        | m             | select    | auto_sel                 | 0       |
|     sparsemux_33_6_32_1_1_U321                                 |     |        | c             | sparsemux | compactencoding_dontcare | 0       |
|     sparsemux_33_6_32_1_1_U322                                 |     |        | d             | sparsemux | compactencoding_dontcare | 0       |
|     xor_ln16_fu_1813_p2                                        |     |        | xor_ln16      | xor       | auto                     | 0       |
|     fmul_32ns_32ns_32_1_primitive_dsp_1_U305                   | 1   |        | bd            | fmul      | primitivedsp             | 0       |
|     fmul_32ns_32ns_32_1_primitive_dsp_1_U306                   | 1   |        | bc            | fmul      | primitivedsp             | 0       |
|     fmsub_32ns_32ns_32ns_32ns_32_1_primitive_dsp_1_x_U317      | 1   | yes    | d1_real       | fmsub     | primitivedsp             | 0       |
|     fmadd_32ns_32ns_32ns_32ns_32_1_primitive_dsp_1_x_U313      | 1   | yes    | d1_imag       | fmadd     | primitivedsp             | 0       |
|     fadd_32ns_32ns_32_4_no_dsp_1_U289                          |     | yes    | d2_real       | fadd      | fabric                   | 3       |
|     fadd_32ns_32ns_32_4_no_dsp_1_U290                          |     | yes    | d2_imag       | fadd      | fabric                   | 3       |
|     fsub_32ns_32ns_32_4_no_dsp_1_U291                          |     | yes    | d3_real       | fsub      | fabric                   | 3       |
|     fsub_32ns_32ns_32_4_no_dsp_1_U292                          |     | yes    | d3_imag       | fsub      | fabric                   | 3       |
|     sparsemux_33_6_32_1_1_U323                                 |     |        | tw_16_i       | sparsemux | compactencoding_dontcare | 0       |
|     sparsemux_33_6_32_1_1_U324                                 |     |        | tw_18_i       | sparsemux | compactencoding_dontcare | 0       |
|     sparsemux_33_6_32_1_1_U325                                 |     |        | tw            | sparsemux | compactencoding_dontcare | 0       |
|     sparsemux_33_6_32_1_1_U326                                 |     |        | tw_17_i       | sparsemux | compactencoding_dontcare | 0       |
|     sparsemux_33_6_32_1_1_U327                                 |     |        | tw_19_i       | sparsemux | compactencoding_dontcare | 0       |
|     sparsemux_33_6_32_1_1_U328                                 |     |        | tw_9          | sparsemux | compactencoding_dontcare | 0       |
|     fmul_32ns_32ns_32_1_primitive_dsp_1_U307                   | 1   |        | bd_4_i        | fmul      | primitivedsp             | 0       |
|     fmul_32ns_32ns_32_1_primitive_dsp_1_U308                   | 1   |        | bc_4_i        | fmul      | primitivedsp             | 0       |
|     fmsub_32ns_32ns_32ns_32ns_32_1_primitive_dsp_1_x_U318      | 1   | yes    | d1_real_8_i   | fmsub     | primitivedsp             | 0       |
|     fmadd_32ns_32ns_32ns_32ns_32_1_primitive_dsp_1_x_U314      | 1   | yes    | d1_imag_8_i   | fmadd     | primitivedsp             | 0       |
|     fadd_32ns_32ns_32_4_no_dsp_1_U293                          |     | yes    | d2_real_4_i   | fadd      | fabric                   | 3       |
|     fadd_32ns_32ns_32_4_no_dsp_1_U294                          |     | yes    | d2_imag_4_i   | fadd      | fabric                   | 3       |
|     fsub_32ns_32ns_32_4_no_dsp_1_U295                          |     | yes    | d3_real_4_i   | fsub      | fabric                   | 3       |
|     fsub_32ns_32ns_32_4_no_dsp_1_U296                          |     | yes    | d3_imag_4_i   | fsub      | fabric                   | 3       |
|     fmul_32ns_32ns_32_1_primitive_dsp_1_U309                   | 1   |        | bd_5_i        | fmul      | primitivedsp             | 0       |
|     fmul_32ns_32ns_32_1_primitive_dsp_1_U310                   | 1   |        | bc_5_i        | fmul      | primitivedsp             | 0       |
|     fmsub_32ns_32ns_32ns_32ns_32_1_primitive_dsp_1_x_U319      | 1   | yes    | d1_real_9_i   | fmsub     | primitivedsp             | 0       |
|     fmadd_32ns_32ns_32ns_32ns_32_1_primitive_dsp_1_x_U315      | 1   | yes    | d1_imag_9_i   | fmadd     | primitivedsp             | 0       |
|     fadd_32ns_32ns_32_4_no_dsp_1_U297                          |     | yes    | d2_real_5_i   | fadd      | fabric                   | 3       |
|     fadd_32ns_32ns_32_4_no_dsp_1_U298                          |     | yes    | d2_imag_5_i   | fadd      | fabric                   | 3       |
|     fsub_32ns_32ns_32_4_no_dsp_1_U299                          |     | yes    | d3_real_5_i   | fsub      | fabric                   | 3       |
|     fsub_32ns_32ns_32_4_no_dsp_1_U300                          |     | yes    | d3_imag_5_i   | fsub      | fabric                   | 3       |
|     fmul_32ns_32ns_32_1_primitive_dsp_1_U311                   | 1   |        | bd_2          | fmul      | primitivedsp             | 0       |
|     fmul_32ns_32ns_32_1_primitive_dsp_1_U312                   | 1   |        | bc_2          | fmul      | primitivedsp             | 0       |
|     fmsub_32ns_32ns_32ns_32ns_32_1_primitive_dsp_1_x_U320      | 1   | yes    | d1_real_6     | fmsub     | primitivedsp             | 0       |
|     fmadd_32ns_32ns_32ns_32ns_32_1_primitive_dsp_1_x_U316      | 1   | yes    | d1_imag_6     | fmadd     | primitivedsp             | 0       |
|     fadd_32ns_32ns_32_4_no_dsp_1_U301                          |     | yes    | d2_real_2     | fadd      | fabric                   | 3       |
|     fadd_32ns_32ns_32_4_no_dsp_1_U302                          |     | yes    | d2_imag_2     | fadd      | fabric                   | 3       |
|     fsub_32ns_32ns_32_4_no_dsp_1_U303                          |     | yes    | d3_real_2     | fsub      | fabric                   | 3       |
|     fsub_32ns_32ns_32_4_no_dsp_1_U304                          |     | yes    | d3_imag_2     | fsub      | fabric                   | 3       |
|     k_fu_1694_p2                                               |     |        | k             | add       | fabric                   | 0       |
|     xor_ln371_fu_1708_p2                                       |     |        | xor_ln371     | xor       | auto                     | 0       |
|     add_ln368_fu_1714_p2                                       |     |        | add_ln368     | add       | fabric                   | 0       |
|     icmp_ln368_fu_1720_p2                                      |     |        | icmp_ln368    | seteq     | auto                     | 0       |
|   + FFT_stage_spatial_unroll_8_s                               | 16  |        |               |           |                          |         |
|     sparsemux_65_7_32_1_1_U378                                 |     |        | tw            | sparsemux | compactencoding_dontcare | 0       |
|     sparsemux_65_7_32_1_1_U379                                 |     |        | tw_3          | sparsemux | compactencoding_dontcare | 0       |
|     xor_ln16_fu_2350_p2                                        |     |        | xor_ln16      | xor       | auto                     | 0       |
|     fmul_32ns_32ns_32_1_primitive_dsp_1_U362                   | 1   |        | bd            | fmul      | primitivedsp             | 0       |
|     fmul_32ns_32ns_32_1_primitive_dsp_1_U363                   | 1   |        | bc            | fmul      | primitivedsp             | 0       |
|     fmsub_32ns_32ns_32ns_32ns_32_1_primitive_dsp_1_x_U374      | 1   | yes    | d1_real       | fmsub     | primitivedsp             | 0       |
|     fmadd_32ns_32ns_32ns_32ns_32_1_primitive_dsp_1_x_U370      | 1   | yes    | d1_imag       | fmadd     | primitivedsp             | 0       |
|     k_fu_1400_p2                                               |     |        | k             | add       | fabric                   | 0       |
|     fadd_32ns_32ns_32_4_no_dsp_1_U346                          |     | yes    | d2_real       | fadd      | fabric                   | 3       |
|     fadd_32ns_32ns_32_4_no_dsp_1_U347                          |     | yes    | d2_imag       | fadd      | fabric                   | 3       |
|     fsub_32ns_32ns_32_4_no_dsp_1_U348                          |     | yes    | d3_real       | fsub      | fabric                   | 3       |
|     fsub_32ns_32ns_32_4_no_dsp_1_U349                          |     | yes    | d3_imag       | fsub      | fabric                   | 3       |
|     sparsemux_65_7_32_1_1_U380                                 |     |        | tw_6_i        | sparsemux | compactencoding_dontcare | 0       |
|     sparsemux_65_7_32_1_1_U381                                 |     |        | tw_8_i        | sparsemux | compactencoding_dontcare | 0       |
|     sparsemux_65_7_32_1_1_U382                                 |     |        | tw_4          | sparsemux | compactencoding_dontcare | 0       |
|     sparsemux_65_7_32_1_1_U383                                 |     |        | tw_7_i        | sparsemux | compactencoding_dontcare | 0       |
|     sparsemux_65_7_32_1_1_U384                                 |     |        | tw_9_i        | sparsemux | compactencoding_dontcare | 0       |
|     sparsemux_65_7_32_1_1_U385                                 |     |        | tw_5          | sparsemux | compactencoding_dontcare | 0       |
|     fmul_32ns_32ns_32_1_primitive_dsp_1_U364                   | 1   |        | bd_1_i        | fmul      | primitivedsp             | 0       |
|     fmul_32ns_32ns_32_1_primitive_dsp_1_U365                   | 1   |        | bc_1_i        | fmul      | primitivedsp             | 0       |
|     fmsub_32ns_32ns_32ns_32ns_32_1_primitive_dsp_1_x_U375      | 1   | yes    | d1_real_3_i   | fmsub     | primitivedsp             | 0       |
|     fmadd_32ns_32ns_32ns_32ns_32_1_primitive_dsp_1_x_U371      | 1   | yes    | d1_imag_3_i   | fmadd     | primitivedsp             | 0       |
|     fadd_32ns_32ns_32_4_no_dsp_1_U350                          |     | yes    | d2_real_1_i   | fadd      | fabric                   | 3       |
|     fadd_32ns_32ns_32_4_no_dsp_1_U351                          |     | yes    | d2_imag_1_i   | fadd      | fabric                   | 3       |
|     fsub_32ns_32ns_32_4_no_dsp_1_U352                          |     | yes    | d3_real_1_i   | fsub      | fabric                   | 3       |
|     fsub_32ns_32ns_32_4_no_dsp_1_U353                          |     | yes    | d3_imag_1_i   | fsub      | fabric                   | 3       |
|     fmul_32ns_32ns_32_1_primitive_dsp_1_U366                   | 1   |        | bd_2_i        | fmul      | primitivedsp             | 0       |
|     fmul_32ns_32ns_32_1_primitive_dsp_1_U367                   | 1   |        | bc_2_i        | fmul      | primitivedsp             | 0       |
|     fmsub_32ns_32ns_32ns_32ns_32_1_primitive_dsp_1_x_U376      | 1   | yes    | d1_real_4_i   | fmsub     | primitivedsp             | 0       |
|     fmadd_32ns_32ns_32ns_32ns_32_1_primitive_dsp_1_x_U372      | 1   | yes    | d1_imag_4_i   | fmadd     | primitivedsp             | 0       |
|     fadd_32ns_32ns_32_4_no_dsp_1_U354                          |     | yes    | d2_real_2_i   | fadd      | fabric                   | 3       |
|     fadd_32ns_32ns_32_4_no_dsp_1_U355                          |     | yes    | d2_imag_2_i   | fadd      | fabric                   | 3       |
|     fsub_32ns_32ns_32_4_no_dsp_1_U356                          |     | yes    | d3_real_2_i   | fsub      | fabric                   | 3       |
|     fsub_32ns_32ns_32_4_no_dsp_1_U357                          |     | yes    | d3_imag_2_i   | fsub      | fabric                   | 3       |
|     fmul_32ns_32ns_32_1_primitive_dsp_1_U368                   | 1   |        | bd_1          | fmul      | primitivedsp             | 0       |
|     fmul_32ns_32ns_32_1_primitive_dsp_1_U369                   | 1   |        | bc_1          | fmul      | primitivedsp             | 0       |
|     fmsub_32ns_32ns_32ns_32ns_32_1_primitive_dsp_1_x_U377      | 1   | yes    | d1_real_3     | fmsub     | primitivedsp             | 0       |
|     fmadd_32ns_32ns_32ns_32ns_32_1_primitive_dsp_1_x_U373      | 1   | yes    | d1_imag_3     | fmadd     | primitivedsp             | 0       |
|     fadd_32ns_32ns_32_4_no_dsp_1_U358                          |     | yes    | d2_real_1     | fadd      | fabric                   | 3       |
|     fadd_32ns_32ns_32_4_no_dsp_1_U359                          |     | yes    | d2_imag_1     | fadd      | fabric                   | 3       |
|     fsub_32ns_32ns_32_4_no_dsp_1_U360                          |     | yes    | d3_real_1     | fsub      | fabric                   | 3       |
|     fsub_32ns_32ns_32_4_no_dsp_1_U361                          |     | yes    | d3_imag_1     | fsub      | fabric                   | 3       |
|   + output_result_array_to_stream                              | 0   |        |               |           |                          |         |
|     i_fu_279_p2                                                |     |        | i             | add       | fabric                   | 0       |
|     icmp_ln55_fu_389_p2                                        |     |        | icmp_ln55     | seteq     | auto                     | 0       |
+----------------------------------------------------------------+-----+--------+---------------+-----------+--------------------------+---------+


================================================================
== Storage Report
================================================================
+--------------------------------------------------------------------------------+-----------------+--------+------+------+--------+---------------------------------------------------------------------------+--------+---------+------------------+
| Name                                                                           | Usage           | Type   | BRAM | URAM | Pragma | Variable                                                                  | Impl   | Latency | Bitwidth, Depth, |
|                                                                                |                 |        |      |      |        |                                                                           |        |         | Banks            |
+--------------------------------------------------------------------------------+-----------------+--------+------+------+--------+---------------------------------------------------------------------------+--------+---------+------------------+
| + FFT_TOP                                                                      |                 |        | 0    | 0    |        |                                                                           |        |         |                  |
|  + FFT_DIT_spatial_unroll_CY_stream_vector                                     |                 |        | 0    | 0    |        |                                                                           |        |         |                  |
|    reverse_in_stream_vector_U                                                  | fifo channel    | stream |      |      |        | reverse_in_stream_vector                                                  | srl    | 0       | 512, 2, 1        |
|    data_s1_stream_vector_U                                                     | fifo channel    | stream |      |      |        | data_s1_stream_vector                                                     | srl    | 0       | 512, 2, 1        |
|    FFT_DIT_spatial_unroll_CY_stream_vector_stream_stream_vector_0_data_0_0_0_U | ram_2p channel  | pipo   |      |      |        | FFT_DIT_spatial_unroll_CY_stream_vector_stream_stream_vector_0_data_0_0_0 | lutram | 1       | 32, 32, 2        |
|    FFT_DIT_spatial_unroll_CY_stream_vector_stream_stream_vector_0_data_0_0_1_U | ram_2p channel  | pipo   |      |      |        | FFT_DIT_spatial_unroll_CY_stream_vector_stream_stream_vector_0_data_0_0_1 | lutram | 1       | 32, 32, 2        |
|    FFT_DIT_spatial_unroll_CY_stream_vector_stream_stream_vector_0_data_0_0_2_U | ram_2p channel  | pipo   |      |      |        | FFT_DIT_spatial_unroll_CY_stream_vector_stream_stream_vector_0_data_0_0_2 | lutram | 1       | 32, 32, 2        |
|    FFT_DIT_spatial_unroll_CY_stream_vector_stream_stream_vector_0_data_0_0_3_U | ram_2p channel  | pipo   |      |      |        | FFT_DIT_spatial_unroll_CY_stream_vector_stream_stream_vector_0_data_0_0_3 | lutram | 1       | 32, 32, 2        |
|    FFT_DIT_spatial_unroll_CY_stream_vector_stream_stream_vector_0_data_0_0_4_U | ram_2p channel  | pipo   |      |      |        | FFT_DIT_spatial_unroll_CY_stream_vector_stream_stream_vector_0_data_0_0_4 | lutram | 1       | 32, 32, 2        |
|    FFT_DIT_spatial_unroll_CY_stream_vector_stream_stream_vector_0_data_0_0_5_U | ram_2p channel  | pipo   |      |      |        | FFT_DIT_spatial_unroll_CY_stream_vector_stream_stream_vector_0_data_0_0_5 | lutram | 1       | 32, 32, 2        |
|    FFT_DIT_spatial_unroll_CY_stream_vector_stream_stream_vector_0_data_0_0_6_U | ram_2p channel  | pipo   |      |      |        | FFT_DIT_spatial_unroll_CY_stream_vector_stream_stream_vector_0_data_0_0_6 | lutram | 1       | 32, 32, 2        |
|    FFT_DIT_spatial_unroll_CY_stream_vector_stream_stream_vector_0_data_0_0_7_U | ram_2p channel  | pipo   |      |      |        | FFT_DIT_spatial_unroll_CY_stream_vector_stream_stream_vector_0_data_0_0_7 | lutram | 1       | 32, 32, 2        |
|    FFT_DIT_spatial_unroll_CY_stream_vector_stream_stream_vector_0_data_0_1_0_U | ram_2p channel  | pipo   |      |      |        | FFT_DIT_spatial_unroll_CY_stream_vector_stream_stream_vector_0_data_0_1_0 | lutram | 1       | 32, 32, 2        |
|    FFT_DIT_spatial_unroll_CY_stream_vector_stream_stream_vector_0_data_0_1_1_U | ram_2p channel  | pipo   |      |      |        | FFT_DIT_spatial_unroll_CY_stream_vector_stream_stream_vector_0_data_0_1_1 | lutram | 1       | 32, 32, 2        |
|    FFT_DIT_spatial_unroll_CY_stream_vector_stream_stream_vector_0_data_0_1_2_U | ram_2p channel  | pipo   |      |      |        | FFT_DIT_spatial_unroll_CY_stream_vector_stream_stream_vector_0_data_0_1_2 | lutram | 1       | 32, 32, 2        |
|    FFT_DIT_spatial_unroll_CY_stream_vector_stream_stream_vector_0_data_0_1_3_U | ram_2p channel  | pipo   |      |      |        | FFT_DIT_spatial_unroll_CY_stream_vector_stream_stream_vector_0_data_0_1_3 | lutram | 1       | 32, 32, 2        |
|    FFT_DIT_spatial_unroll_CY_stream_vector_stream_stream_vector_0_data_0_1_4_U | ram_2p channel  | pipo   |      |      |        | FFT_DIT_spatial_unroll_CY_stream_vector_stream_stream_vector_0_data_0_1_4 | lutram | 1       | 32, 32, 2        |
|    FFT_DIT_spatial_unroll_CY_stream_vector_stream_stream_vector_0_data_0_1_5_U | ram_2p channel  | pipo   |      |      |        | FFT_DIT_spatial_unroll_CY_stream_vector_stream_stream_vector_0_data_0_1_5 | lutram | 1       | 32, 32, 2        |
|    FFT_DIT_spatial_unroll_CY_stream_vector_stream_stream_vector_0_data_0_1_6_U | ram_2p channel  | pipo   |      |      |        | FFT_DIT_spatial_unroll_CY_stream_vector_stream_stream_vector_0_data_0_1_6 | lutram | 1       | 32, 32, 2        |
|    FFT_DIT_spatial_unroll_CY_stream_vector_stream_stream_vector_0_data_0_1_7_U | ram_2p channel  | pipo   |      |      |        | FFT_DIT_spatial_unroll_CY_stream_vector_stream_stream_vector_0_data_0_1_7 | lutram | 1       | 32, 32, 2        |
|    FFT_DIT_spatial_unroll_CY_stream_vector_stream_stream_vector_0_data_1_0_0_U | ram_2p channel  | pipo   |      |      |        | FFT_DIT_spatial_unroll_CY_stream_vector_stream_stream_vector_0_data_1_0_0 | lutram | 1       | 32, 32, 2        |
|    FFT_DIT_spatial_unroll_CY_stream_vector_stream_stream_vector_0_data_1_0_1_U | ram_2p channel  | pipo   |      |      |        | FFT_DIT_spatial_unroll_CY_stream_vector_stream_stream_vector_0_data_1_0_1 | lutram | 1       | 32, 32, 2        |
|    FFT_DIT_spatial_unroll_CY_stream_vector_stream_stream_vector_0_data_1_0_2_U | ram_2p channel  | pipo   |      |      |        | FFT_DIT_spatial_unroll_CY_stream_vector_stream_stream_vector_0_data_1_0_2 | lutram | 1       | 32, 32, 2        |
|    FFT_DIT_spatial_unroll_CY_stream_vector_stream_stream_vector_0_data_1_0_3_U | ram_2p channel  | pipo   |      |      |        | FFT_DIT_spatial_unroll_CY_stream_vector_stream_stream_vector_0_data_1_0_3 | lutram | 1       | 32, 32, 2        |
|    FFT_DIT_spatial_unroll_CY_stream_vector_stream_stream_vector_0_data_1_0_4_U | ram_2p channel  | pipo   |      |      |        | FFT_DIT_spatial_unroll_CY_stream_vector_stream_stream_vector_0_data_1_0_4 | lutram | 1       | 32, 32, 2        |
|    FFT_DIT_spatial_unroll_CY_stream_vector_stream_stream_vector_0_data_1_0_5_U | ram_2p channel  | pipo   |      |      |        | FFT_DIT_spatial_unroll_CY_stream_vector_stream_stream_vector_0_data_1_0_5 | lutram | 1       | 32, 32, 2        |
|    FFT_DIT_spatial_unroll_CY_stream_vector_stream_stream_vector_0_data_1_0_6_U | ram_2p channel  | pipo   |      |      |        | FFT_DIT_spatial_unroll_CY_stream_vector_stream_stream_vector_0_data_1_0_6 | lutram | 1       | 32, 32, 2        |
|    FFT_DIT_spatial_unroll_CY_stream_vector_stream_stream_vector_0_data_1_0_7_U | ram_2p channel  | pipo   |      |      |        | FFT_DIT_spatial_unroll_CY_stream_vector_stream_stream_vector_0_data_1_0_7 | lutram | 1       | 32, 32, 2        |
|    FFT_DIT_spatial_unroll_CY_stream_vector_stream_stream_vector_0_data_1_1_0_U | ram_2p channel  | pipo   |      |      |        | FFT_DIT_spatial_unroll_CY_stream_vector_stream_stream_vector_0_data_1_1_0 | lutram | 1       | 32, 32, 2        |
|    FFT_DIT_spatial_unroll_CY_stream_vector_stream_stream_vector_0_data_1_1_1_U | ram_2p channel  | pipo   |      |      |        | FFT_DIT_spatial_unroll_CY_stream_vector_stream_stream_vector_0_data_1_1_1 | lutram | 1       | 32, 32, 2        |
|    FFT_DIT_spatial_unroll_CY_stream_vector_stream_stream_vector_0_data_1_1_2_U | ram_2p channel  | pipo   |      |      |        | FFT_DIT_spatial_unroll_CY_stream_vector_stream_stream_vector_0_data_1_1_2 | lutram | 1       | 32, 32, 2        |
|    FFT_DIT_spatial_unroll_CY_stream_vector_stream_stream_vector_0_data_1_1_3_U | ram_2p channel  | pipo   |      |      |        | FFT_DIT_spatial_unroll_CY_stream_vector_stream_stream_vector_0_data_1_1_3 | lutram | 1       | 32, 32, 2        |
|    FFT_DIT_spatial_unroll_CY_stream_vector_stream_stream_vector_0_data_1_1_4_U | ram_2p channel  | pipo   |      |      |        | FFT_DIT_spatial_unroll_CY_stream_vector_stream_stream_vector_0_data_1_1_4 | lutram | 1       | 32, 32, 2        |
|    FFT_DIT_spatial_unroll_CY_stream_vector_stream_stream_vector_0_data_1_1_5_U | ram_2p channel  | pipo   |      |      |        | FFT_DIT_spatial_unroll_CY_stream_vector_stream_stream_vector_0_data_1_1_5 | lutram | 1       | 32, 32, 2        |
|    FFT_DIT_spatial_unroll_CY_stream_vector_stream_stream_vector_0_data_1_1_6_U | ram_2p channel  | pipo   |      |      |        | FFT_DIT_spatial_unroll_CY_stream_vector_stream_stream_vector_0_data_1_1_6 | lutram | 1       | 32, 32, 2        |
|    FFT_DIT_spatial_unroll_CY_stream_vector_stream_stream_vector_0_data_1_1_7_U | ram_2p channel  | pipo   |      |      |        | FFT_DIT_spatial_unroll_CY_stream_vector_stream_stream_vector_0_data_1_1_7 | lutram | 1       | 32, 32, 2        |
|    FFT_DIT_spatial_unroll_CY_stream_vector_stream_stream_vector_0_data_2_0_0_U | ram_t2p channel | pipo   |      |      |        | FFT_DIT_spatial_unroll_CY_stream_vector_stream_stream_vector_0_data_2_0_0 | auto   | 1       | 32, 64, 2        |
|    FFT_DIT_spatial_unroll_CY_stream_vector_stream_stream_vector_0_data_2_0_1_U | ram_t2p channel | pipo   |      |      |        | FFT_DIT_spatial_unroll_CY_stream_vector_stream_stream_vector_0_data_2_0_1 | auto   | 1       | 32, 64, 2        |
|    FFT_DIT_spatial_unroll_CY_stream_vector_stream_stream_vector_0_data_2_0_2_U | ram_t2p channel | pipo   |      |      |        | FFT_DIT_spatial_unroll_CY_stream_vector_stream_stream_vector_0_data_2_0_2 | auto   | 1       | 32, 64, 2        |
|    FFT_DIT_spatial_unroll_CY_stream_vector_stream_stream_vector_0_data_2_0_3_U | ram_t2p channel | pipo   |      |      |        | FFT_DIT_spatial_unroll_CY_stream_vector_stream_stream_vector_0_data_2_0_3 | auto   | 1       | 32, 64, 2        |
|    FFT_DIT_spatial_unroll_CY_stream_vector_stream_stream_vector_0_data_2_1_0_U | ram_t2p channel | pipo   |      |      |        | FFT_DIT_spatial_unroll_CY_stream_vector_stream_stream_vector_0_data_2_1_0 | auto   | 1       | 32, 64, 2        |
|    FFT_DIT_spatial_unroll_CY_stream_vector_stream_stream_vector_0_data_2_1_1_U | ram_t2p channel | pipo   |      |      |        | FFT_DIT_spatial_unroll_CY_stream_vector_stream_stream_vector_0_data_2_1_1 | auto   | 1       | 32, 64, 2        |
|    FFT_DIT_spatial_unroll_CY_stream_vector_stream_stream_vector_0_data_2_1_2_U | ram_t2p channel | pipo   |      |      |        | FFT_DIT_spatial_unroll_CY_stream_vector_stream_stream_vector_0_data_2_1_2 | auto   | 1       | 32, 64, 2        |
|    FFT_DIT_spatial_unroll_CY_stream_vector_stream_stream_vector_0_data_2_1_3_U | ram_t2p channel | pipo   |      |      |        | FFT_DIT_spatial_unroll_CY_stream_vector_stream_stream_vector_0_data_2_1_3 | auto   | 1       | 32, 64, 2        |
|    FFT_DIT_spatial_unroll_CY_stream_vector_stream_stream_vector_0_data_3_0_0_U | ram_t2p channel | pipo   |      |      |        | FFT_DIT_spatial_unroll_CY_stream_vector_stream_stream_vector_0_data_3_0_0 | auto   | 1       | 32, 64, 2        |
|    FFT_DIT_spatial_unroll_CY_stream_vector_stream_stream_vector_0_data_3_0_1_U | ram_t2p channel | pipo   |      |      |        | FFT_DIT_spatial_unroll_CY_stream_vector_stream_stream_vector_0_data_3_0_1 | auto   | 1       | 32, 64, 2        |
|    FFT_DIT_spatial_unroll_CY_stream_vector_stream_stream_vector_0_data_3_0_2_U | ram_t2p channel | pipo   |      |      |        | FFT_DIT_spatial_unroll_CY_stream_vector_stream_stream_vector_0_data_3_0_2 | auto   | 1       | 32, 64, 2        |
|    FFT_DIT_spatial_unroll_CY_stream_vector_stream_stream_vector_0_data_3_0_3_U | ram_t2p channel | pipo   |      |      |        | FFT_DIT_spatial_unroll_CY_stream_vector_stream_stream_vector_0_data_3_0_3 | auto   | 1       | 32, 64, 2        |
|    FFT_DIT_spatial_unroll_CY_stream_vector_stream_stream_vector_0_data_3_1_0_U | ram_t2p channel | pipo   |      |      |        | FFT_DIT_spatial_unroll_CY_stream_vector_stream_stream_vector_0_data_3_1_0 | auto   | 1       | 32, 64, 2        |
|    FFT_DIT_spatial_unroll_CY_stream_vector_stream_stream_vector_0_data_3_1_1_U | ram_t2p channel | pipo   |      |      |        | FFT_DIT_spatial_unroll_CY_stream_vector_stream_stream_vector_0_data_3_1_1 | auto   | 1       | 32, 64, 2        |
|    FFT_DIT_spatial_unroll_CY_stream_vector_stream_stream_vector_0_data_3_1_2_U | ram_t2p channel | pipo   |      |      |        | FFT_DIT_spatial_unroll_CY_stream_vector_stream_stream_vector_0_data_3_1_2 | auto   | 1       | 32, 64, 2        |
|    FFT_DIT_spatial_unroll_CY_stream_vector_stream_stream_vector_0_data_3_1_3_U | ram_t2p channel | pipo   |      |      |        | FFT_DIT_spatial_unroll_CY_stream_vector_stream_stream_vector_0_data_3_1_3 | auto   | 1       | 32, 64, 2        |
|    FFT_DIT_spatial_unroll_CY_stream_vector_stream_stream_vector_0_data_4_0_0_U | ram_t2p channel | pipo   |      |      |        | FFT_DIT_spatial_unroll_CY_stream_vector_stream_stream_vector_0_data_4_0_0 | auto   | 1       | 32, 64, 2        |
|    FFT_DIT_spatial_unroll_CY_stream_vector_stream_stream_vector_0_data_4_0_1_U | ram_t2p channel | pipo   |      |      |        | FFT_DIT_spatial_unroll_CY_stream_vector_stream_stream_vector_0_data_4_0_1 | auto   | 1       | 32, 64, 2        |
|    FFT_DIT_spatial_unroll_CY_stream_vector_stream_stream_vector_0_data_4_0_2_U | ram_t2p channel | pipo   |      |      |        | FFT_DIT_spatial_unroll_CY_stream_vector_stream_stream_vector_0_data_4_0_2 | auto   | 1       | 32, 64, 2        |
|    FFT_DIT_spatial_unroll_CY_stream_vector_stream_stream_vector_0_data_4_0_3_U | ram_t2p channel | pipo   |      |      |        | FFT_DIT_spatial_unroll_CY_stream_vector_stream_stream_vector_0_data_4_0_3 | auto   | 1       | 32, 64, 2        |
|    FFT_DIT_spatial_unroll_CY_stream_vector_stream_stream_vector_0_data_4_1_0_U | ram_t2p channel | pipo   |      |      |        | FFT_DIT_spatial_unroll_CY_stream_vector_stream_stream_vector_0_data_4_1_0 | auto   | 1       | 32, 64, 2        |
|    FFT_DIT_spatial_unroll_CY_stream_vector_stream_stream_vector_0_data_4_1_1_U | ram_t2p channel | pipo   |      |      |        | FFT_DIT_spatial_unroll_CY_stream_vector_stream_stream_vector_0_data_4_1_1 | auto   | 1       | 32, 64, 2        |
|    FFT_DIT_spatial_unroll_CY_stream_vector_stream_stream_vector_0_data_4_1_2_U | ram_t2p channel | pipo   |      |      |        | FFT_DIT_spatial_unroll_CY_stream_vector_stream_stream_vector_0_data_4_1_2 | auto   | 1       | 32, 64, 2        |
|    FFT_DIT_spatial_unroll_CY_stream_vector_stream_stream_vector_0_data_4_1_3_U | ram_t2p channel | pipo   |      |      |        | FFT_DIT_spatial_unroll_CY_stream_vector_stream_stream_vector_0_data_4_1_3 | auto   | 1       | 32, 64, 2        |
|    FFT_DIT_spatial_unroll_CY_stream_vector_stream_stream_vector_0_data_5_0_0_U | ram_t2p channel | pipo   |      |      |        | FFT_DIT_spatial_unroll_CY_stream_vector_stream_stream_vector_0_data_5_0_0 | auto   | 1       | 32, 64, 2        |
|    FFT_DIT_spatial_unroll_CY_stream_vector_stream_stream_vector_0_data_5_0_1_U | ram_t2p channel | pipo   |      |      |        | FFT_DIT_spatial_unroll_CY_stream_vector_stream_stream_vector_0_data_5_0_1 | auto   | 1       | 32, 64, 2        |
|    FFT_DIT_spatial_unroll_CY_stream_vector_stream_stream_vector_0_data_5_0_2_U | ram_t2p channel | pipo   |      |      |        | FFT_DIT_spatial_unroll_CY_stream_vector_stream_stream_vector_0_data_5_0_2 | auto   | 1       | 32, 64, 2        |
|    FFT_DIT_spatial_unroll_CY_stream_vector_stream_stream_vector_0_data_5_0_3_U | ram_t2p channel | pipo   |      |      |        | FFT_DIT_spatial_unroll_CY_stream_vector_stream_stream_vector_0_data_5_0_3 | auto   | 1       | 32, 64, 2        |
|    FFT_DIT_spatial_unroll_CY_stream_vector_stream_stream_vector_0_data_5_1_0_U | ram_t2p channel | pipo   |      |      |        | FFT_DIT_spatial_unroll_CY_stream_vector_stream_stream_vector_0_data_5_1_0 | auto   | 1       | 32, 64, 2        |
|    FFT_DIT_spatial_unroll_CY_stream_vector_stream_stream_vector_0_data_5_1_1_U | ram_t2p channel | pipo   |      |      |        | FFT_DIT_spatial_unroll_CY_stream_vector_stream_stream_vector_0_data_5_1_1 | auto   | 1       | 32, 64, 2        |
|    FFT_DIT_spatial_unroll_CY_stream_vector_stream_stream_vector_0_data_5_1_2_U | ram_t2p channel | pipo   |      |      |        | FFT_DIT_spatial_unroll_CY_stream_vector_stream_stream_vector_0_data_5_1_2 | auto   | 1       | 32, 64, 2        |
|    FFT_DIT_spatial_unroll_CY_stream_vector_stream_stream_vector_0_data_5_1_3_U | ram_t2p channel | pipo   |      |      |        | FFT_DIT_spatial_unroll_CY_stream_vector_stream_stream_vector_0_data_5_1_3 | auto   | 1       | 32, 64, 2        |
|    FFT_DIT_spatial_unroll_CY_stream_vector_stream_stream_vector_0_data_6_0_0_U | ram_t2p channel | pipo   |      |      |        | FFT_DIT_spatial_unroll_CY_stream_vector_stream_stream_vector_0_data_6_0_0 | auto   | 1       | 32, 64, 2        |
|    FFT_DIT_spatial_unroll_CY_stream_vector_stream_stream_vector_0_data_6_0_1_U | ram_t2p channel | pipo   |      |      |        | FFT_DIT_spatial_unroll_CY_stream_vector_stream_stream_vector_0_data_6_0_1 | auto   | 1       | 32, 64, 2        |
|    FFT_DIT_spatial_unroll_CY_stream_vector_stream_stream_vector_0_data_6_0_2_U | ram_t2p channel | pipo   |      |      |        | FFT_DIT_spatial_unroll_CY_stream_vector_stream_stream_vector_0_data_6_0_2 | auto   | 1       | 32, 64, 2        |
|    FFT_DIT_spatial_unroll_CY_stream_vector_stream_stream_vector_0_data_6_0_3_U | ram_t2p channel | pipo   |      |      |        | FFT_DIT_spatial_unroll_CY_stream_vector_stream_stream_vector_0_data_6_0_3 | auto   | 1       | 32, 64, 2        |
|    FFT_DIT_spatial_unroll_CY_stream_vector_stream_stream_vector_0_data_6_1_0_U | ram_t2p channel | pipo   |      |      |        | FFT_DIT_spatial_unroll_CY_stream_vector_stream_stream_vector_0_data_6_1_0 | auto   | 1       | 32, 64, 2        |
|    FFT_DIT_spatial_unroll_CY_stream_vector_stream_stream_vector_0_data_6_1_1_U | ram_t2p channel | pipo   |      |      |        | FFT_DIT_spatial_unroll_CY_stream_vector_stream_stream_vector_0_data_6_1_1 | auto   | 1       | 32, 64, 2        |
|    FFT_DIT_spatial_unroll_CY_stream_vector_stream_stream_vector_0_data_6_1_2_U | ram_t2p channel | pipo   |      |      |        | FFT_DIT_spatial_unroll_CY_stream_vector_stream_stream_vector_0_data_6_1_2 | auto   | 1       | 32, 64, 2        |
|    FFT_DIT_spatial_unroll_CY_stream_vector_stream_stream_vector_0_data_6_1_3_U | ram_t2p channel | pipo   |      |      |        | FFT_DIT_spatial_unroll_CY_stream_vector_stream_stream_vector_0_data_6_1_3 | auto   | 1       | 32, 64, 2        |
+--------------------------------------------------------------------------------+-----------------+--------+------+------+--------+---------------------------------------------------------------------------+--------+---------+------------------+


================================================================
== Pragma Report
================================================================
* Pragmas with Warnings
+-------------+--------------------------------+--------------------------------------------------------+--------------------------------------------------------------------------------------------------------------------------------------------------------------------------------------------------------------------------------------------------------------+
| Type        | Options                        | Location                                               | Messages                                                                                                                                                                                                                                                     |
+-------------+--------------------------------+--------------------------------------------------------+--------------------------------------------------------------------------------------------------------------------------------------------------------------------------------------------------------------------------------------------------------------+
| performance | target_ti=256/(2*4) unit=cycle | FFT.cpp:89 in reverse_input_stream_uf4                 | Dropping performance directive for loop 'STREAM_OUT_REVERSE' (FFT.cpp:316:25) in function 'reverse_input_stream_UF4' because the loop is unrolled completely                                                                                                 |
|             |                                |                                                        | Dropping performance directive for loop 'FROM_BLOCK_TO_CYCLIC' (FFT.cpp:118:27) in function 'reverse_input_stream_UF4' because the loop is unrolled completely                                                                                               |
|             |                                |                                                        | Dropping performance directive for loop 'READ_STREAM_INPUT' (FFT.cpp:93:24) in function 'reverse_input_stream_UF4' because the loop is unrolled completely                                                                                                   |
| unroll      | factor=4>>(stage-1)            | FFT.cpp:337 in fft_stage_spatial_unroll                | Unroll pragma is ignored, because 'factor' is not positive integer                                                                                                                                                                                           |
| dataflow    | disable_start_propagation      | FFT.cpp:449 in fft_stage1_vectorstream_parameterize    | Since the only kind of statements allowed in a canonical dataflow region are variable declarations and function calls, the compiler may not be able to correctly handle the region                                                                           |
| performance | target_ti=256/(2*4) unit=cycle | FFT.cpp:450 in fft_stage1_vectorstream_parameterize    | Cannot apply performance pragma for function 'FFT_Stage1_vectorstream_parameterize(hls::stream<hls::vector<std::complex<float>, 8ul>, 0>&, hls::stream<hls::vector<std::complex<float>, 8ul>, 0>&)' (FFT.cpp:448)because dataflow pragma takes precedence    |
| performance | target_ti=256/(2*4) unit=cycle | FFT.cpp:509 in fft_dit_spatial_unroll_cy_stream_vector | Cannot apply performance pragma for function 'FFT_DIT_spatial_unroll_CY_stream_vector(hls::stream<hls::vector<std::complex<float>, 8ul>, 0>&, hls::stream<hls::vector<std::complex<float>, 8ul>, 0>&)' (FFT.cpp:506)because dataflow pragma takes precedence |
| dataflow    | disable_start_propagation      | FFT.cpp:549 in fft_top                                 | Since the only kind of statements allowed in a canonical dataflow region are variable declarations and function calls, the compiler may not be able to correctly handle the region                                                                           |
+-------------+--------------------------------+--------------------------------------------------------+--------------------------------------------------------------------------------------------------------------------------------------------------------------------------------------------------------------------------------------------------------------+

* Valid Pragma Syntax
+-----------------+----------------------------------------------------+-----------------------------------------------------------------------+
| Type            | Options                                            | Location                                                              |
+-----------------+----------------------------------------------------+-----------------------------------------------------------------------+
| inline          |                                                    | FFT.cpp:9 in radix2_bfly_double_buffer_quarter_cy                     |
| bind_op         | variable=d1_real op=fsub impl=fabric               | FFT.cpp:19 in radix2_bfly_double_buffer_quarter_cy, d1_real           |
| bind_op         | variable=d1_imag op=fadd impl=fabric               | FFT.cpp:20 in radix2_bfly_double_buffer_quarter_cy, d1_imag           |
| bind_op         | variable=d2_real op=fadd impl=fabric               | FFT.cpp:35 in radix2_bfly_double_buffer_quarter_cy, d2_real           |
| bind_op         | variable=d2_imag op=fadd impl=fabric               | FFT.cpp:36 in radix2_bfly_double_buffer_quarter_cy, d2_imag           |
| bind_op         | variable=d3_real op=fsub impl=fabric               | FFT.cpp:37 in radix2_bfly_double_buffer_quarter_cy, d3_real           |
| bind_op         | variable=d3_imag op=fsub impl=fabric               | FFT.cpp:38 in radix2_bfly_double_buffer_quarter_cy, d3_imag           |
| performance     | target_ti=256/(2*4) unit=cycle                     | FFT.cpp:54 in output_result_array_to_stream                           |
| performance     | target_ti=256/(2*4) unit=cycle                     | FFT.cpp:56 in output_result_array_to_stream                           |
| pipeline        |                                                    | FFT.cpp:57 in output_result_array_to_stream                           |
| inline          |                                                    | FFT.cpp:68 in bit_reverse                                             |
| unroll          |                                                    | FFT.cpp:71 in bit_reverse                                             |
| array_partition | variable=data_rev_stream type=complete dim=1       | FFT.cpp:85 in reverse_input_stream_uf4, data_rev_stream               |
| array_partition | variable=data_in_cyclic type=complete dim=1        | FFT.cpp:86 in reverse_input_stream_uf4, data_in_cyclic                |
| array_partition | variable=data_in_cyclic type=cyclic factor=4 dim=2 | FFT.cpp:87 in reverse_input_stream_uf4, data_in_cyclic                |
| pipeline        |                                                    | FFT.cpp:94 in reverse_input_stream_uf4                                |
| performance     | target_ti=256/(2*4) unit=cycle                     | FFT.cpp:95 in reverse_input_stream_uf4                                |
| array_partition | variable=original type=complete dim=1              | FFT.cpp:99 in reverse_input_stream_uf4, original                      |
| array_partition | variable=reversed type=complete dim=1              | FFT.cpp:104 in reverse_input_stream_uf4, reversed                     |
| pipeline        |                                                    | FFT.cpp:119 in reverse_input_stream_uf4                               |
| performance     | target_ti=256/(2*4) unit=cycle                     | FFT.cpp:120 in reverse_input_stream_uf4                               |
| array_partition | variable=offset type=complete dim=1                | FFT.cpp:122 in reverse_input_stream_uf4, offset                       |
| array_partition | variable=cyclic_offset type=complete dim=1         | FFT.cpp:127 in reverse_input_stream_uf4, cyclic_offset                |
| array_partition | variable=block_data type=complete dim=1            | FFT.cpp:129 in reverse_input_stream_uf4, block_data                   |
| array_partition | variable=cyclic_data type=complete dim=1           | FFT.cpp:134 in reverse_input_stream_uf4, cyclic_data                  |
| pipeline        |                                                    | FFT.cpp:317 in reverse_input_stream_uf4                               |
| performance     | target_ti=256/(2*4) unit=cycle                     | FFT.cpp:318 in reverse_input_stream_uf4                               |
| performance     | target_ti=256/(2*4) unit=cycle                     | FFT.cpp:336 in fft_stage_spatial_unroll                               |
| pipeline        |                                                    | FFT.cpp:338 in fft_stage_spatial_unroll                               |
| bind_op         | variable=index op=mul impl=fabric                  | FFT.cpp:343 in fft_stage_spatial_unroll, index                        |
| pipeline        |                                                    | FFT.cpp:354 in fft_stage_spatial_unroll                               |
| unroll          | factor=4                                           | FFT.cpp:355 in fft_stage_spatial_unroll                               |
| performance     | target_ti=256/(2*4) unit=cycle                     | FFT.cpp:356 in fft_stage_spatial_unroll                               |
| bind_op         | variable=index op=mul impl=fabric                  | FFT.cpp:359 in fft_stage_spatial_unroll, index                        |
| performance     | target_ti=256/(2*4) unit=cycle                     | FFT.cpp:369 in fft_stage_spatial_unroll                               |
| pipeline        |                                                    | FFT.cpp:372 in fft_stage_spatial_unroll                               |
| unroll          | factor=4                                           | FFT.cpp:373 in fft_stage_spatial_unroll                               |
| bind_op         | variable=index op=mul impl=fabric                  | FFT.cpp:376 in fft_stage_spatial_unroll, index                        |
| array_partition | variable=twiddles complete                         | FFT.cpp:380 in fft_stage_spatial_unroll, twiddles                     |
| inline          |                                                    | FFT.cpp:390 in radix2_bfly_double_buffer_quarter_onlycompute          |
| bind_op         | variable=d1_real op=fsub impl=fabric               | FFT.cpp:400 in radix2_bfly_double_buffer_quarter_onlycompute, d1_real |
| bind_op         | variable=d1_imag op=fadd impl=fabric               | FFT.cpp:401 in radix2_bfly_double_buffer_quarter_onlycompute, d1_imag |
| bind_op         | variable=d2_real op=fadd impl=fabric               | FFT.cpp:425 in radix2_bfly_double_buffer_quarter_onlycompute, d2_real |
| bind_op         | variable=d2_imag op=fadd impl=fabric               | FFT.cpp:426 in radix2_bfly_double_buffer_quarter_onlycompute, d2_imag |
| bind_op         | variable=d3_real op=fsub impl=fabric               | FFT.cpp:427 in radix2_bfly_double_buffer_quarter_onlycompute, d3_real |
| bind_op         | variable=d3_imag op=fsub impl=fabric               | FFT.cpp:428 in radix2_bfly_double_buffer_quarter_onlycompute, d3_imag |
| performance     | target_ti=256/(2*4) unit=cycle                     | FFT.cpp:452 in fft_stage1_vectorstream_parameterize                   |
| pipeline        |                                                    | FFT.cpp:453 in fft_stage1_vectorstream_parameterize                   |
| performance     | target_ti=256/(2*4) unit=cycle                     | FFT.cpp:477 in fft_stage2_vectorstreamin_arrayout_parametize          |
| performance     | target_ti=256/(2*4) unit=cycle                     | FFT.cpp:479 in fft_stage2_vectorstreamin_arrayout_parametize          |
| pipeline        |                                                    | FFT.cpp:480 in fft_stage2_vectorstreamin_arrayout_parametize          |
| dataflow        | disable_start_propagation                          | FFT.cpp:508 in fft_dit_spatial_unroll_cy_stream_vector                |
| array_partition | variable=data_0 type=cyclic factor=4*2 dim=1       | FFT.cpp:518 in fft_dit_spatial_unroll_cy_stream_vector, data_0        |
| bind_storage    | variable=data_0 type=RAM_2P impl=LUTRAM            | FFT.cpp:519 in fft_dit_spatial_unroll_cy_stream_vector, data_0        |
| array_partition | variable=data_1 type=cyclic factor=4*2 dim=1       | FFT.cpp:520 in fft_dit_spatial_unroll_cy_stream_vector, data_1        |
| bind_storage    | variable=data_1 type=RAM_2P impl=LUTRAM            | FFT.cpp:521 in fft_dit_spatial_unroll_cy_stream_vector, data_1        |
| array_partition | variable=data_2 type=cyclic factor=4 dim=1         | FFT.cpp:522 in fft_dit_spatial_unroll_cy_stream_vector, data_2        |
| array_partition | variable=data_3 type=cyclic factor=4 dim=1         | FFT.cpp:523 in fft_dit_spatial_unroll_cy_stream_vector, data_3        |
| array_partition | variable=data_4 type=cyclic factor=4 dim=1         | FFT.cpp:524 in fft_dit_spatial_unroll_cy_stream_vector, data_4        |
| array_partition | variable=data_5 type=cyclic factor=4 dim=1         | FFT.cpp:525 in fft_dit_spatial_unroll_cy_stream_vector, data_5        |
| array_partition | variable=data_6 type=cyclic factor=4 dim=1         | FFT.cpp:526 in fft_dit_spatial_unroll_cy_stream_vector, data_6        |
+-----------------+----------------------------------------------------+-----------------------------------------------------------------------+

* Inferred Pragmas
+--------------------------+-----------------+----------+------------------------------------------------------------------------------------------------------+
| Source                   | Inferred Pragma | Options  | Location                                                                                             |
+--------------------------+-----------------+----------+------------------------------------------------------------------------------------------------------+
| performance  FFT.cpp:56  | pipeline        | II=1     | loop PostP_Fwd_loop (FFT.cpp:55:18) in output_result_array_to_stream FFT.cpp:0:1                     |
| performance  FFT.cpp:89  | unroll          | COMPLETE | loop STREAM_OUT_REVERSE (FFT.cpp:316:25) in reverse_input_stream_uf4 FFT.cpp:0:17                    |
| performance  FFT.cpp:89  | unroll          | COMPLETE | loop FROM_BLOCK_TO_CYCLIC (FFT.cpp:118:27) in reverse_input_stream_uf4 FFT.cpp:0:18                  |
| performance  FFT.cpp:89  | unroll          | COMPLETE | loop READ_STREAM_INPUT (FFT.cpp:93:24) in reverse_input_stream_uf4 FFT.cpp:0:19                      |
| performance  FFT.cpp:89  | unroll          | COMPLETE | loop anonymous (FFT.cpp:84:20) in reverse_input_stream_uf4 FFT.cpp:0:20                              |
| performance  FFT.cpp:89  | unroll          | COMPLETE | loop anonymous (FFT.cpp:84:20) in reverse_input_stream_uf4 FFT.cpp:0:21                              |
| performance  FFT.cpp:89  | unroll          | COMPLETE | loop anonymous (FFT.cpp:83:20) in reverse_input_stream_uf4 FFT.cpp:0:22                              |
| performance  FFT.cpp:89  | unroll          | COMPLETE | loop anonymous (FFT.cpp:83:20) in reverse_input_stream_uf4 FFT.cpp:0:23                              |
| performance  FFT.cpp:89  | pipeline        | II=-1    | loop in reverse_input_stream_uf4 FFT.cpp:81                                                          |
| performance  FFT.cpp:95  | pipeline        | II=1     | loop READ_STREAM_INPUT (FFT.cpp:93:24) in reverse_input_stream_uf4 FFT.cpp:0:16                      |
| performance  FFT.cpp:120 | pipeline        | II=1     | loop FROM_BLOCK_TO_CYCLIC (FFT.cpp:118:27) in reverse_input_stream_uf4 FFT.cpp:0:15                  |
| performance  FFT.cpp:318 | pipeline        | II=1     | loop STREAM_OUT_REVERSE (FFT.cpp:316:25) in reverse_input_stream_uf4 FFT.cpp:0:14                    |
| performance  FFT.cpp:356 | pipeline        | II=1     | loop R_Group_loop_bflySize_equal_FFT_NUM (FFT.cpp:353:13) in fft_stage_spatial_unroll<8> FFT.cpp:0:2 |
| performance  FFT.cpp:369 | pipeline        | II=1     | loop R_Group_loop (FFT.cpp:371:13) in fft_stage_spatial_unroll<7> FFT.cpp:0:3                        |
| performance  FFT.cpp:369 | loop_flatten    | 1        | loop R_Group_loop (FFT.cpp:371:13) in fft_stage_spatial_unroll<7> FFT.cpp:0:4                        |
| performance  FFT.cpp:369 | pipeline        | II=1     | loop R_Group_loop (FFT.cpp:371:13) in fft_stage_spatial_unroll<6> FFT.cpp:0:5                        |
| performance  FFT.cpp:369 | loop_flatten    | 1        | loop R_Group_loop (FFT.cpp:371:13) in fft_stage_spatial_unroll<6> FFT.cpp:0:6                        |
| performance  FFT.cpp:369 | pipeline        | II=1     | loop R_Group_loop (FFT.cpp:371:13) in fft_stage_spatial_unroll<5> FFT.cpp:0:7                        |
| performance  FFT.cpp:369 | loop_flatten    | 1        | loop R_Group_loop (FFT.cpp:371:13) in fft_stage_spatial_unroll<5> FFT.cpp:0:8                        |
| performance  FFT.cpp:369 | pipeline        | II=1     | loop R_Group_loop (FFT.cpp:371:13) in fft_stage_spatial_unroll<4> FFT.cpp:0:9                        |
| performance  FFT.cpp:369 | loop_flatten    | 1        | loop R_Group_loop (FFT.cpp:371:13) in fft_stage_spatial_unroll<4> FFT.cpp:0:10                       |
| performance  FFT.cpp:369 | pipeline        | II=1     | loop R_Pair_loop (FFT.cpp:368:9) in fft_stage_spatial_unroll<3> FFT.cpp:0:11                         |
| performance  FFT.cpp:452 | pipeline        | II=1     | loop FFT_Stage1 (FFT.cpp:451:14) in fft_stage1_vectorstream_parameterize FFT.cpp:0:13                |
| performance  FFT.cpp:479 | pipeline        | II=1     | loop FFT_Stage2 (FFT.cpp:478:13) in fft_stage2_vectorstreamin_arrayout_parametize FFT.cpp:0:12       |
+--------------------------+-----------------+----------+------------------------------------------------------------------------------------------------------+


