================================================================
== Vivado RTL Synthesis Results
================================================================
+ General Information:
    * Date:            Fri Apr 04 16:52:20 PDT 2025
    * Version:         2024.2 (Build 5238294 on Nov  8 2024)
    * Project:         build
    * Solution:        FFT_250MHz (Vivado IP Flow Target)
    * Product family:  versalpremium
    * Target device:   xcvp1802-lsvc4072-3HP-e-S


================================================================
== Run Constraints & Options
================================================================
+ Design Constraints & Options:
    * RTL Synthesis target clock:  4 ns
    * C-Synthesis target clock:    4 ns
    * C-Synthesis uncertainty:     27%

+ RTL Synthesis Options:
    * config_export -vivado_synth_strategy:     default
    * config_export -vivado_synth_design_args:  -directive sdx_optimization_effort_high

+ Reporting Options:
    * config_export -vivado_report_level:      2
    * config_export -vivado_max_timing_paths:  10


================================================================
== RTL Synthesis Resource Summary
================================================================
LUT:              86909
FF:               73916
DSP:              82
BRAM:             160
URAM:             0
SRL:              811


================================================================
== RTL Synthesis Timing Summary
================================================================
* Timing was met
+----------------+-------------+
| Timing         | Period (ns) |
+----------------+-------------+
| Target         | 4.000       |
| Post-Synthesis | 3.408       |
+----------------+-------------+


================================================================
== RTL Synthesis Resources
================================================================
+---------------------------------------------------------------------------------+-------+-------+-----+------+------+-----+--------+------+---------+----------+--------+
| Name                                                                            | LUT   | FF    | DSP | BRAM | URAM | SRL | Pragma | Impl | Latency | Variable | Source |
+---------------------------------------------------------------------------------+-------+-------+-----+------+------+-----+--------+------+---------+----------+--------+
| inst                                                                            | 86909 | 73916 | 82  | 160  |      |     |        |      |         |          |        |
|   FFT_DIT_spatial_unroll_CY_stream_vector_U0                                    | 86909 | 73916 | 82  | 160  |      |     |        |      |         |          |        |
|     (FFT_DIT_spatial_unroll_CY_stream_vector_U0)                                | 1     | 8     |     |      |      |     |        |      |         |          |        |
|     FFT_DIT_spatial_unroll_CY_stream_vector_stream_stream_vector_0_data_0_0_0_U | 84    | 103   |     |      |      |     |        |      |         |          |        |
|     FFT_DIT_spatial_unroll_CY_stream_vector_stream_stream_vector_0_data_0_0_1_U | 84    | 103   |     |      |      |     |        |      |         |          |        |
|     FFT_DIT_spatial_unroll_CY_stream_vector_stream_stream_vector_0_data_0_0_2_U | 84    | 103   |     |      |      |     |        |      |         |          |        |
|     FFT_DIT_spatial_unroll_CY_stream_vector_stream_stream_vector_0_data_0_0_3_U | 84    | 103   |     |      |      |     |        |      |         |          |        |
|     FFT_DIT_spatial_unroll_CY_stream_vector_stream_stream_vector_0_data_0_0_4_U | 84    | 103   |     |      |      |     |        |      |         |          |        |
|     FFT_DIT_spatial_unroll_CY_stream_vector_stream_stream_vector_0_data_0_0_5_U | 84    | 103   |     |      |      |     |        |      |         |          |        |
|     FFT_DIT_spatial_unroll_CY_stream_vector_stream_stream_vector_0_data_0_0_6_U | 84    | 103   |     |      |      |     |        |      |         |          |        |
|     FFT_DIT_spatial_unroll_CY_stream_vector_stream_stream_vector_0_data_0_0_7_U | 84    | 103   |     |      |      |     |        |      |         |          |        |
|     FFT_DIT_spatial_unroll_CY_stream_vector_stream_stream_vector_0_data_0_1_0_U | 84    | 103   |     |      |      |     |        |      |         |          |        |
|     FFT_DIT_spatial_unroll_CY_stream_vector_stream_stream_vector_0_data_0_1_1_U | 84    | 103   |     |      |      |     |        |      |         |          |        |
|     FFT_DIT_spatial_unroll_CY_stream_vector_stream_stream_vector_0_data_0_1_2_U | 84    | 103   |     |      |      |     |        |      |         |          |        |
|     FFT_DIT_spatial_unroll_CY_stream_vector_stream_stream_vector_0_data_0_1_3_U | 84    | 104   |     |      |      |     |        |      |         |          |        |
|     FFT_DIT_spatial_unroll_CY_stream_vector_stream_stream_vector_0_data_0_1_4_U | 84    | 103   |     |      |      |     |        |      |         |          |        |
|     FFT_DIT_spatial_unroll_CY_stream_vector_stream_stream_vector_0_data_0_1_5_U | 84    | 103   |     |      |      |     |        |      |         |          |        |
|     FFT_DIT_spatial_unroll_CY_stream_vector_stream_stream_vector_0_data_0_1_6_U | 84    | 103   |     |      |      |     |        |      |         |          |        |
|     FFT_DIT_spatial_unroll_CY_stream_vector_stream_stream_vector_0_data_0_1_7_U | 88    | 103   |     |      |      |     |        |      |         |          |        |
|     FFT_DIT_spatial_unroll_CY_stream_vector_stream_stream_vector_0_data_1_0_0_U | 225   | 199   |     |      |      |     |        |      |         |          |        |
|     FFT_DIT_spatial_unroll_CY_stream_vector_stream_stream_vector_0_data_1_0_1_U | 225   | 199   |     |      |      |     |        |      |         |          |        |
|     FFT_DIT_spatial_unroll_CY_stream_vector_stream_stream_vector_0_data_1_0_2_U | 225   | 199   |     |      |      |     |        |      |         |          |        |
|     FFT_DIT_spatial_unroll_CY_stream_vector_stream_stream_vector_0_data_1_0_3_U | 225   | 199   |     |      |      |     |        |      |         |          |        |
|     FFT_DIT_spatial_unroll_CY_stream_vector_stream_stream_vector_0_data_1_0_4_U | 225   | 199   |     |      |      |     |        |      |         |          |        |
|     FFT_DIT_spatial_unroll_CY_stream_vector_stream_stream_vector_0_data_1_0_5_U | 257   | 199   |     |      |      |     |        |      |         |          |        |
|     FFT_DIT_spatial_unroll_CY_stream_vector_stream_stream_vector_0_data_1_0_6_U | 225   | 199   |     |      |      |     |        |      |         |          |        |
|     FFT_DIT_spatial_unroll_CY_stream_vector_stream_stream_vector_0_data_1_0_7_U | 225   | 199   |     |      |      |     |        |      |         |          |        |
|     FFT_DIT_spatial_unroll_CY_stream_vector_stream_stream_vector_0_data_1_1_0_U | 225   | 199   |     |      |      |     |        |      |         |          |        |
|     FFT_DIT_spatial_unroll_CY_stream_vector_stream_stream_vector_0_data_1_1_1_U | 225   | 199   |     |      |      |     |        |      |         |          |        |
|     FFT_DIT_spatial_unroll_CY_stream_vector_stream_stream_vector_0_data_1_1_2_U | 225   | 199   |     |      |      |     |        |      |         |          |        |
|     FFT_DIT_spatial_unroll_CY_stream_vector_stream_stream_vector_0_data_1_1_3_U | 225   | 199   |     |      |      |     |        |      |         |          |        |
|     FFT_DIT_spatial_unroll_CY_stream_vector_stream_stream_vector_0_data_1_1_4_U | 225   | 199   |     |      |      |     |        |      |         |          |        |
|     FFT_DIT_spatial_unroll_CY_stream_vector_stream_stream_vector_0_data_1_1_5_U | 257   | 199   |     |      |      |     |        |      |         |          |        |
|     FFT_DIT_spatial_unroll_CY_stream_vector_stream_stream_vector_0_data_1_1_6_U | 225   | 199   |     |      |      |     |        |      |         |          |        |
|     FFT_DIT_spatial_unroll_CY_stream_vector_stream_stream_vector_0_data_1_1_7_U | 225   | 200   |     |      |      |     |        |      |         |          |        |
|     FFT_DIT_spatial_unroll_CY_stream_vector_stream_stream_vector_0_data_2_0_0_U | 111   | 71    |     | 4    |      |     |        |      |         |          |        |
|     FFT_DIT_spatial_unroll_CY_stream_vector_stream_stream_vector_0_data_2_0_1_U | 111   | 71    |     | 4    |      |     |        |      |         |          |        |
|     FFT_DIT_spatial_unroll_CY_stream_vector_stream_stream_vector_0_data_2_0_2_U | 111   | 71    |     | 4    |      |     |        |      |         |          |        |
|     FFT_DIT_spatial_unroll_CY_stream_vector_stream_stream_vector_0_data_2_0_3_U | 111   | 71    |     | 4    |      |     |        |      |         |          |        |
|     FFT_DIT_spatial_unroll_CY_stream_vector_stream_stream_vector_0_data_2_1_0_U | 111   | 71    |     | 4    |      |     |        |      |         |          |        |
|     FFT_DIT_spatial_unroll_CY_stream_vector_stream_stream_vector_0_data_2_1_1_U | 111   | 71    |     | 4    |      |     |        |      |         |          |        |
|     FFT_DIT_spatial_unroll_CY_stream_vector_stream_stream_vector_0_data_2_1_2_U | 111   | 71    |     | 4    |      |     |        |      |         |          |        |
|     FFT_DIT_spatial_unroll_CY_stream_vector_stream_stream_vector_0_data_2_1_3_U | 111   | 72    |     | 4    |      |     |        |      |         |          |        |
|     FFT_DIT_spatial_unroll_CY_stream_vector_stream_stream_vector_0_data_3_0_0_U | 109   | 71    |     | 4    |      |     |        |      |         |          |        |
|     FFT_DIT_spatial_unroll_CY_stream_vector_stream_stream_vector_0_data_3_0_1_U | 109   | 71    |     | 4    |      |     |        |      |         |          |        |
|     FFT_DIT_spatial_unroll_CY_stream_vector_stream_stream_vector_0_data_3_0_2_U | 109   | 71    |     | 4    |      |     |        |      |         |          |        |
|     FFT_DIT_spatial_unroll_CY_stream_vector_stream_stream_vector_0_data_3_0_3_U | 109   | 71    |     | 4    |      |     |        |      |         |          |        |
|     FFT_DIT_spatial_unroll_CY_stream_vector_stream_stream_vector_0_data_3_1_0_U | 109   | 71    |     | 4    |      |     |        |      |         |          |        |
|     FFT_DIT_spatial_unroll_CY_stream_vector_stream_stream_vector_0_data_3_1_1_U | 109   | 71    |     | 4    |      |     |        |      |         |          |        |
|     FFT_DIT_spatial_unroll_CY_stream_vector_stream_stream_vector_0_data_3_1_2_U | 109   | 71    |     | 4    |      |     |        |      |         |          |        |
|     FFT_DIT_spatial_unroll_CY_stream_vector_stream_stream_vector_0_data_3_1_3_U | 109   | 72    |     | 4    |      |     |        |      |         |          |        |
|     FFT_DIT_spatial_unroll_CY_stream_vector_stream_stream_vector_0_data_4_0_0_U | 115   | 71    |     | 4    |      |     |        |      |         |          |        |
|     FFT_DIT_spatial_unroll_CY_stream_vector_stream_stream_vector_0_data_4_0_1_U | 115   | 71    |     | 4    |      |     |        |      |         |          |        |
|     FFT_DIT_spatial_unroll_CY_stream_vector_stream_stream_vector_0_data_4_0_2_U | 115   | 71    |     | 4    |      |     |        |      |         |          |        |
|     FFT_DIT_spatial_unroll_CY_stream_vector_stream_stream_vector_0_data_4_0_3_U | 115   | 71    |     | 4    |      |     |        |      |         |          |        |
|     FFT_DIT_spatial_unroll_CY_stream_vector_stream_stream_vector_0_data_4_1_0_U | 115   | 71    |     | 4    |      |     |        |      |         |          |        |
|     FFT_DIT_spatial_unroll_CY_stream_vector_stream_stream_vector_0_data_4_1_1_U | 115   | 71    |     | 4    |      |     |        |      |         |          |        |
|     FFT_DIT_spatial_unroll_CY_stream_vector_stream_stream_vector_0_data_4_1_2_U | 115   | 71    |     | 4    |      |     |        |      |         |          |        |
|     FFT_DIT_spatial_unroll_CY_stream_vector_stream_stream_vector_0_data_4_1_3_U | 115   | 72    |     | 4    |      |     |        |      |         |          |        |
|     FFT_DIT_spatial_unroll_CY_stream_vector_stream_stream_vector_0_data_5_0_0_U | 111   | 71    |     | 4    |      |     |        |      |         |          |        |
|     FFT_DIT_spatial_unroll_CY_stream_vector_stream_stream_vector_0_data_5_0_1_U | 111   | 71    |     | 4    |      |     |        |      |         |          |        |
|     FFT_DIT_spatial_unroll_CY_stream_vector_stream_stream_vector_0_data_5_0_2_U | 111   | 71    |     | 4    |      |     |        |      |         |          |        |
|     FFT_DIT_spatial_unroll_CY_stream_vector_stream_stream_vector_0_data_5_0_3_U | 111   | 71    |     | 4    |      |     |        |      |         |          |        |
|     FFT_DIT_spatial_unroll_CY_stream_vector_stream_stream_vector_0_data_5_1_0_U | 111   | 71    |     | 4    |      |     |        |      |         |          |        |
|     FFT_DIT_spatial_unroll_CY_stream_vector_stream_stream_vector_0_data_5_1_1_U | 111   | 71    |     | 4    |      |     |        |      |         |          |        |
|     FFT_DIT_spatial_unroll_CY_stream_vector_stream_stream_vector_0_data_5_1_2_U | 111   | 71    |     | 4    |      |     |        |      |         |          |        |
|     FFT_DIT_spatial_unroll_CY_stream_vector_stream_stream_vector_0_data_5_1_3_U | 120   | 73    |     | 4    |      |     |        |      |         |          |        |
|     FFT_DIT_spatial_unroll_CY_stream_vector_stream_stream_vector_0_data_6_0_0_U | 77    | 71    |     | 4    |      |     |        |      |         |          |        |
|     FFT_DIT_spatial_unroll_CY_stream_vector_stream_stream_vector_0_data_6_0_1_U | 77    | 71    |     | 4    |      |     |        |      |         |          |        |
|     FFT_DIT_spatial_unroll_CY_stream_vector_stream_stream_vector_0_data_6_0_2_U | 77    | 71    |     | 4    |      |     |        |      |         |          |        |
|     FFT_DIT_spatial_unroll_CY_stream_vector_stream_stream_vector_0_data_6_0_3_U | 77    | 71    |     | 4    |      |     |        |      |         |          |        |
|     FFT_DIT_spatial_unroll_CY_stream_vector_stream_stream_vector_0_data_6_1_0_U | 77    | 71    |     | 4    |      |     |        |      |         |          |        |
|     FFT_DIT_spatial_unroll_CY_stream_vector_stream_stream_vector_0_data_6_1_1_U | 77    | 71    |     | 4    |      |     |        |      |         |          |        |
|     FFT_DIT_spatial_unroll_CY_stream_vector_stream_stream_vector_0_data_6_1_2_U | 77    | 71    |     | 4    |      |     |        |      |         |          |        |
|     FFT_DIT_spatial_unroll_CY_stream_vector_stream_stream_vector_0_data_6_1_3_U | 85    | 72    |     | 4    |      |     |        |      |         |          |        |
|     FFT_Stage1_vectorstream_parameterize_U0                                     | 7937  | 3429  |     |      |      |     |        |      |         |          |        |
|         fadd_32ns_32ns_32_4_no_dsp_1_U11                                        | 481   | 150   |     |      |      |     |        |      |         |          |        |
|         fadd_32ns_32ns_32_4_no_dsp_1_U12                                        | 481   | 150   |     |      |      |     |        |      |         |          |        |
|         fadd_32ns_32ns_32_4_no_dsp_1_U15                                        | 481   | 150   |     |      |      |     |        |      |         |          |        |
|         fadd_32ns_32ns_32_4_no_dsp_1_U16                                        | 481   | 150   |     |      |      |     |        |      |         |          |        |
|         fadd_32ns_32ns_32_4_no_dsp_1_U3                                         | 481   | 150   |     |      |      |     |        |      |         |          |        |
|         fadd_32ns_32ns_32_4_no_dsp_1_U4                                         | 481   | 150   |     |      |      |     |        |      |         |          |        |
|         fadd_32ns_32ns_32_4_no_dsp_1_U7                                         | 481   | 150   |     |      |      |     |        |      |         |          |        |
|         fadd_32ns_32ns_32_4_no_dsp_1_U8                                         | 481   | 150   |     |      |      |     |        |      |         |          |        |
|         fsub_32ns_32ns_32_4_no_dsp_1_U10                                        | 481   | 150   |     |      |      |     |        |      |         |          |        |
|         fsub_32ns_32ns_32_4_no_dsp_1_U13                                        | 481   | 150   |     |      |      |     |        |      |         |          |        |
|         fsub_32ns_32ns_32_4_no_dsp_1_U14                                        | 481   | 150   |     |      |      |     |        |      |         |          |        |
|         fsub_32ns_32ns_32_4_no_dsp_1_U17                                        | 464   | 150   |     |      |      |     |        |      |         |          |        |
|         fsub_32ns_32ns_32_4_no_dsp_1_U18                                        | 481   | 150   |     |      |      |     |        |      |         |          |        |
|         fsub_32ns_32ns_32_4_no_dsp_1_U5                                         | 481   | 150   |     |      |      |     |        |      |         |          |        |
|         fsub_32ns_32ns_32_4_no_dsp_1_U6                                         | 481   | 150   |     |      |      |     |        |      |         |          |        |
|         fsub_32ns_32ns_32_4_no_dsp_1_U9                                         | 481   | 150   |     |      |      |     |        |      |         |          |        |
|     FFT_Stage2_vectorstreamIn_arrayOut_parametize_U0                            | 8469  | 3444  |     |      |      |     |        |      |         |          |        |
|       (FFT_Stage2_vectorstreamIn_arrayOut_parametize_U0)                        | 188   | 1043  |     |      |      |     |        |      |         |          |        |
|       fadd_32ns_32ns_32_4_no_dsp_1_U25                                          | 517   | 150   |     |      |      |     |        |      |         |          |        |
|       fadd_32ns_32ns_32_4_no_dsp_1_U26                                          | 517   | 150   |     |      |      |     |        |      |         |          |        |
|       fadd_32ns_32ns_32_4_no_dsp_1_U29                                          | 517   | 150   |     |      |      |     |        |      |         |          |        |
|       fadd_32ns_32ns_32_4_no_dsp_1_U32                                          | 517   | 150   |     |      |      |     |        |      |         |          |        |
|       fadd_32ns_32ns_32_4_no_dsp_1_U33                                          | 517   | 150   |     |      |      |     |        |      |         |          |        |
|       fadd_32ns_32ns_32_4_no_dsp_1_U34                                          | 517   | 150   |     |      |      |     |        |      |         |          |        |
|       fadd_32ns_32ns_32_4_no_dsp_1_U37                                          | 517   | 150   |     |      |      |     |        |      |         |          |        |
|       fadd_32ns_32ns_32_4_no_dsp_1_U40                                          | 517   | 150   |     |      |      |     |        |      |         |          |        |
|       flow_control_loop_pipe_U                                                  | 9     | 1     |     |      |      |     |        |      |         |          |        |
|       fsub_32ns_32ns_32_4_no_dsp_1_U27                                          | 517   | 150   |     |      |      |     |        |      |         |          |        |
|       fsub_32ns_32ns_32_4_no_dsp_1_U28                                          | 517   | 150   |     |      |      |     |        |      |         |          |        |
|       fsub_32ns_32ns_32_4_no_dsp_1_U30                                          | 517   | 150   |     |      |      |     |        |      |         |          |        |
|       fsub_32ns_32ns_32_4_no_dsp_1_U31                                          | 517   | 150   |     |      |      |     |        |      |         |          |        |
|       fsub_32ns_32ns_32_4_no_dsp_1_U35                                          | 517   | 150   |     |      |      |     |        |      |         |          |        |
|       fsub_32ns_32ns_32_4_no_dsp_1_U36                                          | 517   | 150   |     |      |      |     |        |      |         |          |        |
|       fsub_32ns_32ns_32_4_no_dsp_1_U38                                          | 517   | 150   |     |      |      |     |        |      |         |          |        |
|       fsub_32ns_32ns_32_4_no_dsp_1_U39                                          | 517   | 150   |     |      |      |     |        |      |         |          |        |
|     FFT_stage_spatial_unroll_3_U0                                               | 10327 | 4134  | 6   |      |      |     |        |      |         |          |        |
|       (FFT_stage_spatial_unroll_3_U0)                                           | 459   | 1433  |     |      |      |     |        |      |         |          |        |
|       fadd_32ns_32ns_32_4_no_dsp_1_U59                                          | 497   | 150   |     |      |      |     |        |      |         |          |        |
|       fadd_32ns_32ns_32_4_no_dsp_1_U60                                          | 545   | 150   |     |      |      |     |        |      |         |          |        |
|       fadd_32ns_32ns_32_4_no_dsp_1_U61                                          | 545   | 150   |     |      |      |     |        |      |         |          |        |
|       fadd_32ns_32ns_32_4_no_dsp_1_U64                                          | 545   | 150   |     |      |      |     |        |      |         |          |        |
|       fadd_32ns_32ns_32_4_no_dsp_1_U65                                          | 542   | 150   |     |      |      |     |        |      |         |          |        |
|       fadd_32ns_32ns_32_4_no_dsp_1_U69                                          | 542   | 150   |     |      |      |     |        |      |         |          |        |
|       fadd_32ns_32ns_32_4_no_dsp_1_U70                                          | 545   | 150   |     |      |      |     |        |      |         |          |        |
|       fadd_32ns_32ns_32_4_no_dsp_1_U72                                          | 545   | 150   |     |      |      |     |        |      |         |          |        |
|       fadd_32ns_32ns_32_4_no_dsp_1_U73                                          | 545   | 150   |     |      |      |     |        |      |         |          |        |
|       flow_control_loop_pipe_U                                                  | 166   | 1     |     |      |      |     |        |      |         |          |        |
|       fmadd_32ns_32ns_32ns_32ns_32_1_primitive_dsp_1_U80                        |       |       | 1   |      |      |     |        |      |         |          |        |
|       fmsub_32ns_32ns_32ns_32ns_32_1_primitive_dsp_1_U81                        |       |       | 1   |      |      |     |        |      |         |          |        |
|       fmul_32ns_32ns_32_1_primitive_dsp_1_U76                                   |       |       | 1   |      |      |     |        |      |         |          |        |
|       fmul_32ns_32ns_32_1_primitive_dsp_1_U77                                   |       |       | 1   |      |      |     |        |      |         |          |        |
|       fmul_32ns_32ns_32_1_primitive_dsp_1_U78                                   |       |       | 1   |      |      |     |        |      |         |          |        |
|       fmul_32ns_32ns_32_1_primitive_dsp_1_U79                                   |       |       | 1   |      |      |     |        |      |         |          |        |
|       fsub_32ns_32ns_32_4_no_dsp_1_U58                                          | 497   | 150   |     |      |      |     |        |      |         |          |        |
|       fsub_32ns_32ns_32_4_no_dsp_1_U62                                          | 545   | 150   |     |      |      |     |        |      |         |          |        |
|       fsub_32ns_32ns_32_4_no_dsp_1_U63                                          | 545   | 150   |     |      |      |     |        |      |         |          |        |
|       fsub_32ns_32ns_32_4_no_dsp_1_U66                                          | 545   | 150   |     |      |      |     |        |      |         |          |        |
|       fsub_32ns_32ns_32_4_no_dsp_1_U67                                          | 542   | 150   |     |      |      |     |        |      |         |          |        |
|       fsub_32ns_32ns_32_4_no_dsp_1_U68                                          | 542   | 150   |     |      |      |     |        |      |         |          |        |
|       fsub_32ns_32ns_32_4_no_dsp_1_U71                                          | 545   | 150   |     |      |      |     |        |      |         |          |        |
|       fsub_32ns_32ns_32_4_no_dsp_1_U74                                          | 545   | 150   |     |      |      |     |        |      |         |          |        |
|       fsub_32ns_32ns_32_4_no_dsp_1_U75                                          | 545   | 150   |     |      |      |     |        |      |         |          |        |
|     FFT_stage_spatial_unroll_4_U0                                               | 8704  | 5021  | 12  |      |      |     |        |      |         |          |        |
|       (FFT_stage_spatial_unroll_4_U0)                                           | 623   | 2619  |     |      |      |     |        |      |         |          |        |
|       fadd_32ns_32ns_32_4_no_dsp_1_U117                                         | 513   | 150   |     |      |      |     |        |      |         |          |        |
|       fadd_32ns_32ns_32_4_no_dsp_1_U118                                         | 513   | 150   |     |      |      |     |        |      |         |          |        |
|       fadd_32ns_32ns_32_4_no_dsp_1_U121                                         | 513   | 150   |     |      |      |     |        |      |         |          |        |
|       fadd_32ns_32ns_32_4_no_dsp_1_U122                                         | 513   | 150   |     |      |      |     |        |      |         |          |        |
|       fadd_32ns_32ns_32_4_no_dsp_1_U125                                         | 513   | 150   |     |      |      |     |        |      |         |          |        |
|       fadd_32ns_32ns_32_4_no_dsp_1_U126                                         | 513   | 150   |     |      |      |     |        |      |         |          |        |
|       fadd_32ns_32ns_32_4_no_dsp_1_U129                                         | 513   | 150   |     |      |      |     |        |      |         |          |        |
|       fadd_32ns_32ns_32_4_no_dsp_1_U130                                         | 513   | 150   |     |      |      |     |        |      |         |          |        |
|       flow_control_loop_delay_pipe_U                                            | 1     | 2     |     |      |      |     |        |      |         |          |        |
|       fmadd_32ns_32ns_32ns_32ns_32_1_primitive_dsp_1_x_U142                     |       |       | 1   |      |      |     |        |      |         |          |        |
|       fmadd_32ns_32ns_32ns_32ns_32_1_primitive_dsp_1_x_U143                     |       |       | 1   |      |      |     |        |      |         |          |        |
|       fmadd_32ns_32ns_32ns_32ns_32_1_primitive_dsp_1_x_U144                     |       |       | 1   |      |      |     |        |      |         |          |        |
|       fmsub_32ns_32ns_32ns_32ns_32_1_primitive_dsp_1_x_U146                     |       |       | 1   |      |      |     |        |      |         |          |        |
|       fmsub_32ns_32ns_32ns_32ns_32_1_primitive_dsp_1_x_U147                     |       |       | 1   |      |      |     |        |      |         |          |        |
|       fmsub_32ns_32ns_32ns_32ns_32_1_primitive_dsp_1_x_U148                     |       |       | 1   |      |      |     |        |      |         |          |        |
|       fmul_32ns_32ns_32_1_primitive_dsp_1_U135                                  |       |       | 1   |      |      |     |        |      |         |          |        |
|       fmul_32ns_32ns_32_1_primitive_dsp_1_U136                                  |       |       | 1   |      |      |     |        |      |         |          |        |
|       fmul_32ns_32ns_32_1_primitive_dsp_1_U137                                  |       |       | 1   |      |      |     |        |      |         |          |        |
|       fmul_32ns_32ns_32_1_primitive_dsp_1_U138                                  |       |       | 1   |      |      |     |        |      |         |          |        |
|       fmul_32ns_32ns_32_1_primitive_dsp_1_U139                                  |       |       | 1   |      |      |     |        |      |         |          |        |
|       fmul_32ns_32ns_32_1_primitive_dsp_1_U140                                  |       |       | 1   |      |      |     |        |      |         |          |        |
|       fsub_32ns_32ns_32_4_no_dsp_1_U119                                         | 497   | 150   |     |      |      |     |        |      |         |          |        |
|       fsub_32ns_32ns_32_4_no_dsp_1_U120                                         | 497   | 150   |     |      |      |     |        |      |         |          |        |
|       fsub_32ns_32ns_32_4_no_dsp_1_U123                                         | 497   | 150   |     |      |      |     |        |      |         |          |        |
|       fsub_32ns_32ns_32_4_no_dsp_1_U124                                         | 497   | 150   |     |      |      |     |        |      |         |          |        |
|       fsub_32ns_32ns_32_4_no_dsp_1_U127                                         | 497   | 150   |     |      |      |     |        |      |         |          |        |
|       fsub_32ns_32ns_32_4_no_dsp_1_U128                                         | 497   | 150   |     |      |      |     |        |      |         |          |        |
|       fsub_32ns_32ns_32_4_no_dsp_1_U131                                         | 497   | 150   |     |      |      |     |        |      |         |          |        |
|       fsub_32ns_32ns_32_4_no_dsp_1_U132                                         | 497   | 150   |     |      |      |     |        |      |         |          |        |
|     FFT_stage_spatial_unroll_5_U0                                               | 8253  | 5847  | 16  |      |      |     |        |      |         |          |        |
|       (FFT_stage_spatial_unroll_5_U0)                                           | 140   | 3445  |     |      |      |     |        |      |         |          |        |
|       fadd_32ns_32ns_32_4_no_dsp_1_U175                                         | 513   | 150   |     |      |      |     |        |      |         |          |        |
|       fadd_32ns_32ns_32_4_no_dsp_1_U176                                         | 513   | 150   |     |      |      |     |        |      |         |          |        |
|       fadd_32ns_32ns_32_4_no_dsp_1_U179                                         | 513   | 150   |     |      |      |     |        |      |         |          |        |
|       fadd_32ns_32ns_32_4_no_dsp_1_U180                                         | 513   | 150   |     |      |      |     |        |      |         |          |        |
|       fadd_32ns_32ns_32_4_no_dsp_1_U183                                         | 513   | 150   |     |      |      |     |        |      |         |          |        |
|       fadd_32ns_32ns_32_4_no_dsp_1_U184                                         | 513   | 150   |     |      |      |     |        |      |         |          |        |
|       fadd_32ns_32ns_32_4_no_dsp_1_U187                                         | 513   | 150   |     |      |      |     |        |      |         |          |        |
|       fadd_32ns_32ns_32_4_no_dsp_1_U188                                         | 513   | 150   |     |      |      |     |        |      |         |          |        |
|       flow_control_loop_delay_pipe_U                                            | 33    | 2     |     |      |      |     |        |      |         |          |        |
|       fmadd_32ns_32ns_32ns_32ns_32_1_primitive_dsp_1_x_U199                     |       |       | 1   |      |      |     |        |      |         |          |        |
|       fmadd_32ns_32ns_32ns_32ns_32_1_primitive_dsp_1_x_U200                     |       |       | 1   |      |      |     |        |      |         |          |        |
|       fmadd_32ns_32ns_32ns_32ns_32_1_primitive_dsp_1_x_U201                     |       |       | 1   |      |      |     |        |      |         |          |        |
|       fmadd_32ns_32ns_32ns_32ns_32_1_primitive_dsp_1_x_U202                     |       |       | 1   |      |      |     |        |      |         |          |        |
|       fmsub_32ns_32ns_32ns_32ns_32_1_primitive_dsp_1_x_U203                     |       |       | 1   |      |      |     |        |      |         |          |        |
|       fmsub_32ns_32ns_32ns_32ns_32_1_primitive_dsp_1_x_U204                     |       |       | 1   |      |      |     |        |      |         |          |        |
|       fmsub_32ns_32ns_32ns_32ns_32_1_primitive_dsp_1_x_U205                     |       |       | 1   |      |      |     |        |      |         |          |        |
|       fmsub_32ns_32ns_32ns_32ns_32_1_primitive_dsp_1_x_U206                     |       |       | 1   |      |      |     |        |      |         |          |        |
|       fmul_32ns_32ns_32_1_primitive_dsp_1_U191                                  |       |       | 1   |      |      |     |        |      |         |          |        |
|       fmul_32ns_32ns_32_1_primitive_dsp_1_U192                                  |       |       | 1   |      |      |     |        |      |         |          |        |
|       fmul_32ns_32ns_32_1_primitive_dsp_1_U193                                  |       |       | 1   |      |      |     |        |      |         |          |        |
|       fmul_32ns_32ns_32_1_primitive_dsp_1_U194                                  |       |       | 1   |      |      |     |        |      |         |          |        |
|       fmul_32ns_32ns_32_1_primitive_dsp_1_U195                                  |       |       | 1   |      |      |     |        |      |         |          |        |
|       fmul_32ns_32ns_32_1_primitive_dsp_1_U196                                  |       |       | 1   |      |      |     |        |      |         |          |        |
|       fmul_32ns_32ns_32_1_primitive_dsp_1_U197                                  |       |       | 1   |      |      |     |        |      |         |          |        |
|       fmul_32ns_32ns_32_1_primitive_dsp_1_U198                                  |       |       | 1   |      |      |     |        |      |         |          |        |
|       fsub_32ns_32ns_32_4_no_dsp_1_U177                                         | 497   | 150   |     |      |      |     |        |      |         |          |        |
|       fsub_32ns_32ns_32_4_no_dsp_1_U178                                         | 497   | 150   |     |      |      |     |        |      |         |          |        |
|       fsub_32ns_32ns_32_4_no_dsp_1_U181                                         | 497   | 150   |     |      |      |     |        |      |         |          |        |
|       fsub_32ns_32ns_32_4_no_dsp_1_U182                                         | 497   | 150   |     |      |      |     |        |      |         |          |        |
|       fsub_32ns_32ns_32_4_no_dsp_1_U185                                         | 497   | 150   |     |      |      |     |        |      |         |          |        |
|       fsub_32ns_32ns_32_4_no_dsp_1_U186                                         | 497   | 150   |     |      |      |     |        |      |         |          |        |
|       fsub_32ns_32ns_32_4_no_dsp_1_U189                                         | 497   | 150   |     |      |      |     |        |      |         |          |        |
|       fsub_32ns_32ns_32_4_no_dsp_1_U190                                         | 497   | 150   |     |      |      |     |        |      |         |          |        |
|     FFT_stage_spatial_unroll_6_U0                                               | 8344  | 6111  | 16  |      |      |     |        |      |         |          |        |
|       (FFT_stage_spatial_unroll_6_U0)                                           | 215   | 3709  |     |      |      |     |        |      |         |          |        |
|       fadd_32ns_32ns_32_4_no_dsp_1_U232                                         | 513   | 150   |     |      |      |     |        |      |         |          |        |
|       fadd_32ns_32ns_32_4_no_dsp_1_U233                                         | 513   | 150   |     |      |      |     |        |      |         |          |        |
|       fadd_32ns_32ns_32_4_no_dsp_1_U236                                         | 513   | 150   |     |      |      |     |        |      |         |          |        |
|       fadd_32ns_32ns_32_4_no_dsp_1_U237                                         | 513   | 150   |     |      |      |     |        |      |         |          |        |
|       fadd_32ns_32ns_32_4_no_dsp_1_U240                                         | 513   | 150   |     |      |      |     |        |      |         |          |        |
|       fadd_32ns_32ns_32_4_no_dsp_1_U241                                         | 513   | 150   |     |      |      |     |        |      |         |          |        |
|       fadd_32ns_32ns_32_4_no_dsp_1_U244                                         | 513   | 150   |     |      |      |     |        |      |         |          |        |
|       fadd_32ns_32ns_32_4_no_dsp_1_U245                                         | 513   | 150   |     |      |      |     |        |      |         |          |        |
|       flow_control_loop_delay_pipe_U                                            | 49    | 2     |     |      |      |     |        |      |         |          |        |
|       fmadd_32ns_32ns_32ns_32ns_32_1_primitive_dsp_1_x_U256                     |       |       | 1   |      |      |     |        |      |         |          |        |
|       fmadd_32ns_32ns_32ns_32ns_32_1_primitive_dsp_1_x_U257                     |       |       | 1   |      |      |     |        |      |         |          |        |
|       fmadd_32ns_32ns_32ns_32ns_32_1_primitive_dsp_1_x_U258                     |       |       | 1   |      |      |     |        |      |         |          |        |
|       fmadd_32ns_32ns_32ns_32ns_32_1_primitive_dsp_1_x_U259                     |       |       | 1   |      |      |     |        |      |         |          |        |
|       fmsub_32ns_32ns_32ns_32ns_32_1_primitive_dsp_1_x_U260                     |       |       | 1   |      |      |     |        |      |         |          |        |
|       fmsub_32ns_32ns_32ns_32ns_32_1_primitive_dsp_1_x_U261                     |       |       | 1   |      |      |     |        |      |         |          |        |
|       fmsub_32ns_32ns_32ns_32ns_32_1_primitive_dsp_1_x_U262                     |       |       | 1   |      |      |     |        |      |         |          |        |
|       fmsub_32ns_32ns_32ns_32ns_32_1_primitive_dsp_1_x_U263                     |       |       | 1   |      |      |     |        |      |         |          |        |
|       fmul_32ns_32ns_32_1_primitive_dsp_1_U248                                  |       |       | 1   |      |      |     |        |      |         |          |        |
|       fmul_32ns_32ns_32_1_primitive_dsp_1_U249                                  |       |       | 1   |      |      |     |        |      |         |          |        |
|       fmul_32ns_32ns_32_1_primitive_dsp_1_U250                                  |       |       | 1   |      |      |     |        |      |         |          |        |
|       fmul_32ns_32ns_32_1_primitive_dsp_1_U251                                  |       |       | 1   |      |      |     |        |      |         |          |        |
|       fmul_32ns_32ns_32_1_primitive_dsp_1_U252                                  |       |       | 1   |      |      |     |        |      |         |          |        |
|       fmul_32ns_32ns_32_1_primitive_dsp_1_U253                                  |       |       | 1   |      |      |     |        |      |         |          |        |
|       fmul_32ns_32ns_32_1_primitive_dsp_1_U254                                  |       |       | 1   |      |      |     |        |      |         |          |        |
|       fmul_32ns_32ns_32_1_primitive_dsp_1_U255                                  |       |       | 1   |      |      |     |        |      |         |          |        |
|       fsub_32ns_32ns_32_4_no_dsp_1_U234                                         | 497   | 150   |     |      |      |     |        |      |         |          |        |
|       fsub_32ns_32ns_32_4_no_dsp_1_U235                                         | 497   | 150   |     |      |      |     |        |      |         |          |        |
|       fsub_32ns_32ns_32_4_no_dsp_1_U238                                         | 497   | 150   |     |      |      |     |        |      |         |          |        |
|       fsub_32ns_32ns_32_4_no_dsp_1_U239                                         | 497   | 150   |     |      |      |     |        |      |         |          |        |
|       fsub_32ns_32ns_32_4_no_dsp_1_U242                                         | 497   | 150   |     |      |      |     |        |      |         |          |        |
|       fsub_32ns_32ns_32_4_no_dsp_1_U243                                         | 497   | 150   |     |      |      |     |        |      |         |          |        |
|       fsub_32ns_32ns_32_4_no_dsp_1_U246                                         | 497   | 150   |     |      |      |     |        |      |         |          |        |
|       fsub_32ns_32ns_32_4_no_dsp_1_U247                                         | 497   | 150   |     |      |      |     |        |      |         |          |        |
|     FFT_stage_spatial_unroll_7_U0                                               | 8316  | 6389  | 16  |      |      |     |        |      |         |          |        |
|       (FFT_stage_spatial_unroll_7_U0)                                           | 235   | 3987  |     |      |      |     |        |      |         |          |        |
|       fadd_32ns_32ns_32_4_no_dsp_1_U289                                         | 513   | 150   |     |      |      |     |        |      |         |          |        |
|       fadd_32ns_32ns_32_4_no_dsp_1_U290                                         | 513   | 150   |     |      |      |     |        |      |         |          |        |
|       fadd_32ns_32ns_32_4_no_dsp_1_U293                                         | 513   | 150   |     |      |      |     |        |      |         |          |        |
|       fadd_32ns_32ns_32_4_no_dsp_1_U294                                         | 513   | 150   |     |      |      |     |        |      |         |          |        |
|       fadd_32ns_32ns_32_4_no_dsp_1_U297                                         | 513   | 150   |     |      |      |     |        |      |         |          |        |
|       fadd_32ns_32ns_32_4_no_dsp_1_U298                                         | 513   | 150   |     |      |      |     |        |      |         |          |        |
|       fadd_32ns_32ns_32_4_no_dsp_1_U301                                         | 513   | 150   |     |      |      |     |        |      |         |          |        |
|       fadd_32ns_32ns_32_4_no_dsp_1_U302                                         | 513   | 150   |     |      |      |     |        |      |         |          |        |
|       flow_control_loop_delay_pipe_U                                            | 1     | 2     |     |      |      |     |        |      |         |          |        |
|       fmadd_32ns_32ns_32ns_32ns_32_1_primitive_dsp_1_x_U313                     |       |       | 1   |      |      |     |        |      |         |          |        |
|       fmadd_32ns_32ns_32ns_32ns_32_1_primitive_dsp_1_x_U314                     |       |       | 1   |      |      |     |        |      |         |          |        |
|       fmadd_32ns_32ns_32ns_32ns_32_1_primitive_dsp_1_x_U315                     |       |       | 1   |      |      |     |        |      |         |          |        |
|       fmadd_32ns_32ns_32ns_32ns_32_1_primitive_dsp_1_x_U316                     |       |       | 1   |      |      |     |        |      |         |          |        |
|       fmsub_32ns_32ns_32ns_32ns_32_1_primitive_dsp_1_x_U317                     |       |       | 1   |      |      |     |        |      |         |          |        |
|       fmsub_32ns_32ns_32ns_32ns_32_1_primitive_dsp_1_x_U318                     |       |       | 1   |      |      |     |        |      |         |          |        |
|       fmsub_32ns_32ns_32ns_32ns_32_1_primitive_dsp_1_x_U319                     |       |       | 1   |      |      |     |        |      |         |          |        |
|       fmsub_32ns_32ns_32ns_32ns_32_1_primitive_dsp_1_x_U320                     |       |       | 1   |      |      |     |        |      |         |          |        |
|       fmul_32ns_32ns_32_1_primitive_dsp_1_U305                                  |       |       | 1   |      |      |     |        |      |         |          |        |
|       fmul_32ns_32ns_32_1_primitive_dsp_1_U306                                  |       |       | 1   |      |      |     |        |      |         |          |        |
|       fmul_32ns_32ns_32_1_primitive_dsp_1_U307                                  |       |       | 1   |      |      |     |        |      |         |          |        |
|       fmul_32ns_32ns_32_1_primitive_dsp_1_U308                                  |       |       | 1   |      |      |     |        |      |         |          |        |
|       fmul_32ns_32ns_32_1_primitive_dsp_1_U309                                  |       |       | 1   |      |      |     |        |      |         |          |        |
|       fmul_32ns_32ns_32_1_primitive_dsp_1_U310                                  |       |       | 1   |      |      |     |        |      |         |          |        |
|       fmul_32ns_32ns_32_1_primitive_dsp_1_U311                                  |       |       | 1   |      |      |     |        |      |         |          |        |
|       fmul_32ns_32ns_32_1_primitive_dsp_1_U312                                  |       |       | 1   |      |      |     |        |      |         |          |        |
|       fsub_32ns_32ns_32_4_no_dsp_1_U291                                         | 497   | 150   |     |      |      |     |        |      |         |          |        |
|       fsub_32ns_32ns_32_4_no_dsp_1_U292                                         | 497   | 150   |     |      |      |     |        |      |         |          |        |
|       fsub_32ns_32ns_32_4_no_dsp_1_U295                                         | 497   | 150   |     |      |      |     |        |      |         |          |        |
|       fsub_32ns_32ns_32_4_no_dsp_1_U296                                         | 497   | 150   |     |      |      |     |        |      |         |          |        |
|       fsub_32ns_32ns_32_4_no_dsp_1_U299                                         | 497   | 150   |     |      |      |     |        |      |         |          |        |
|       fsub_32ns_32ns_32_4_no_dsp_1_U300                                         | 497   | 150   |     |      |      |     |        |      |         |          |        |
|       fsub_32ns_32ns_32_4_no_dsp_1_U303                                         | 497   | 150   |     |      |      |     |        |      |         |          |        |
|       fsub_32ns_32ns_32_4_no_dsp_1_U304                                         | 497   | 150   |     |      |      |     |        |      |         |          |        |
|     FFT_stage_spatial_unroll_8_U0                                               | 8685  | 6175  | 16  |      |      |     |        |      |         |          |        |
|       (FFT_stage_spatial_unroll_8_U0)                                           | 377   | 3774  |     |      |      |     |        |      |         |          |        |
|       fadd_32ns_32ns_32_4_no_dsp_1_U346                                         | 513   | 150   |     |      |      |     |        |      |         |          |        |
|       fadd_32ns_32ns_32_4_no_dsp_1_U347                                         | 513   | 150   |     |      |      |     |        |      |         |          |        |
|       fadd_32ns_32ns_32_4_no_dsp_1_U350                                         | 513   | 150   |     |      |      |     |        |      |         |          |        |
|       fadd_32ns_32ns_32_4_no_dsp_1_U351                                         | 513   | 150   |     |      |      |     |        |      |         |          |        |
|       fadd_32ns_32ns_32_4_no_dsp_1_U354                                         | 513   | 150   |     |      |      |     |        |      |         |          |        |
|       fadd_32ns_32ns_32_4_no_dsp_1_U355                                         | 513   | 150   |     |      |      |     |        |      |         |          |        |
|       fadd_32ns_32ns_32_4_no_dsp_1_U358                                         | 513   | 150   |     |      |      |     |        |      |         |          |        |
|       fadd_32ns_32ns_32_4_no_dsp_1_U359                                         | 513   | 150   |     |      |      |     |        |      |         |          |        |
|       flow_control_loop_pipe_U                                                  | 100   | 1     |     |      |      |     |        |      |         |          |        |
|       fmadd_32ns_32ns_32ns_32ns_32_1_primitive_dsp_1_x_U370                     |       |       | 1   |      |      |     |        |      |         |          |        |
|       fmadd_32ns_32ns_32ns_32ns_32_1_primitive_dsp_1_x_U371                     |       |       | 1   |      |      |     |        |      |         |          |        |
|       fmadd_32ns_32ns_32ns_32ns_32_1_primitive_dsp_1_x_U372                     |       |       | 1   |      |      |     |        |      |         |          |        |
|       fmadd_32ns_32ns_32ns_32ns_32_1_primitive_dsp_1_x_U373                     |       |       | 1   |      |      |     |        |      |         |          |        |
|       fmsub_32ns_32ns_32ns_32ns_32_1_primitive_dsp_1_x_U374                     |       |       | 1   |      |      |     |        |      |         |          |        |
|       fmsub_32ns_32ns_32ns_32ns_32_1_primitive_dsp_1_x_U375                     |       |       | 1   |      |      |     |        |      |         |          |        |
|       fmsub_32ns_32ns_32ns_32ns_32_1_primitive_dsp_1_x_U376                     |       |       | 1   |      |      |     |        |      |         |          |        |
|       fmsub_32ns_32ns_32ns_32ns_32_1_primitive_dsp_1_x_U377                     |       |       | 1   |      |      |     |        |      |         |          |        |
|       fmul_32ns_32ns_32_1_primitive_dsp_1_U362                                  |       |       | 1   |      |      |     |        |      |         |          |        |
|       fmul_32ns_32ns_32_1_primitive_dsp_1_U363                                  |       |       | 1   |      |      |     |        |      |         |          |        |
|       fmul_32ns_32ns_32_1_primitive_dsp_1_U364                                  |       |       | 1   |      |      |     |        |      |         |          |        |
|       fmul_32ns_32ns_32_1_primitive_dsp_1_U365                                  |       |       | 1   |      |      |     |        |      |         |          |        |
|       fmul_32ns_32ns_32_1_primitive_dsp_1_U366                                  |       |       | 1   |      |      |     |        |      |         |          |        |
|       fmul_32ns_32ns_32_1_primitive_dsp_1_U367                                  |       |       | 1   |      |      |     |        |      |         |          |        |
|       fmul_32ns_32ns_32_1_primitive_dsp_1_U368                                  |       |       | 1   |      |      |     |        |      |         |          |        |
|       fmul_32ns_32ns_32_1_primitive_dsp_1_U369                                  |       |       | 1   |      |      |     |        |      |         |          |        |
|       fsub_32ns_32ns_32_4_no_dsp_1_U348                                         | 513   | 150   |     |      |      |     |        |      |         |          |        |
|       fsub_32ns_32ns_32_4_no_dsp_1_U349                                         | 513   | 150   |     |      |      |     |        |      |         |          |        |
|       fsub_32ns_32ns_32_4_no_dsp_1_U352                                         | 513   | 150   |     |      |      |     |        |      |         |          |        |
|       fsub_32ns_32ns_32_4_no_dsp_1_U353                                         | 513   | 150   |     |      |      |     |        |      |         |          |        |
|       fsub_32ns_32ns_32_4_no_dsp_1_U356                                         | 513   | 150   |     |      |      |     |        |      |         |          |        |
|       fsub_32ns_32ns_32_4_no_dsp_1_U357                                         | 513   | 150   |     |      |      |     |        |      |         |          |        |
|       fsub_32ns_32ns_32_4_no_dsp_1_U360                                         | 513   | 150   |     |      |      |     |        |      |         |          |        |
|       fsub_32ns_32ns_32_4_no_dsp_1_U361                                         | 513   | 150   |     |      |      |     |        |      |         |          |        |
|     data_s1_stream_vector_U                                                     | 269   | 1037  |     |      |      |     |        |      |         |          |        |
|     output_result_array_to_stream_U0                                            | 52    | 8     |     |      |      |     |        |      |         |          |        |
|       (output_result_array_to_stream_U0)                                        | 3     | 7     |     |      |      |     |        |      |         |          |        |
|     reverse_in_stream_vector_U                                                  | 274   | 1037  |     |      |      |     |        |      |         |          |        |
|     reverse_input_stream_UF4_U0                                                 | 8065  | 23596 |     |      |      |     |        |      |         |          |        |
+---------------------------------------------------------------------------------+-------+-------+-----+------+------+-----+--------+------+---------+----------+--------+


================================================================
== RTL Synthesis Fail Fast
================================================================
+-----------------------------------------------------------+-----------+--------+--------+
| Criteria                                                  | Guideline | Actual | Status |
+-----------------------------------------------------------+-----------+--------+--------+
| LUT                                                       | 70%       | 2.59%  | OK     |
| FD                                                        | 50%       | 1.10%  | OK     |
| LUTRAM+SRL                                                | 25%       | 0.21%  | OK     |
| LOOKAHEAD8                                                | 25%       | 0.53%  | OK     |
| DSP                                                       | 80%       | 0.57%  | OK     |
| RAMB                                                      | 80%       | 1.62%  | OK     |
| URAM                                                      | 80%       | 0.00%  | OK     |
| DSP+RAMB+URAM (Avg)                                       | 70%       | 1.09%  | OK     |
| BUFGCE* + BUFGCTRL                                        | 24        | 0      | OK     |
| DONT_TOUCH (cells/nets)                                   | 0         | 0      | OK     |
| MARK_DEBUG (nets)                                         | 0         | 0      | OK     |
| Control Sets                                              | 63017     | 643    | OK     |
| Average Fanout for modules > 100k cells                   | 4         | 1.89   | OK     |
| Max Average Fanout for modules > 100k cells               | 4         | 1.89   | OK     |
| Non-FD high fanout nets > 10k loads                       | 0         | 0      | OK     |
+-----------------------------------------------------------+-----------+--------+--------+
| TIMING-6 (No common primary clock between related clocks) | 0         | 0      | OK     |
| TIMING-7 (No common node between related clocks)          | 0         | 0      | OK     |
| TIMING-8 (No common period between related clocks)        | 0         | 0      | OK     |
| TIMING-14 (LUT on the clock tree)                         | 0         | 0      | OK     |
| TIMING-35 (No common node in paths with the same clock)   | 0         | 0      | OK     |
+-----------------------------------------------------------+-----------+--------+--------+
| Number of paths above max LUT budgeting (0.250ns)         | 0         | 0      | OK     |
| Number of paths above max Net budgeting (0.177ns)         | 0         | 0      | OK     |
+-----------------------------------------------------------+-----------+--------+--------+


================================================================
== RTL Synthesis Timing Paths
================================================================
* Timing was met
+-------+-------+--------------------------------------------------------------------------------------------------+----------------------------------------------------------------------------------------------------------+--------------+------------+----------------+----------------+--------------+
| Path  | SLACK | STARTPOINT PIN                                                                                   | ENDPOINT PIN                                                                                             | LOGIC LEVELS | MAX FANOUT | DATAPATH DELAY | DATAPATH LOGIC | DATAPATH NET |
|       |       |                                                                                                  |                                                                                                          |              |            |                |          DELAY |        DELAY |
+-------+-------+--------------------------------------------------------------------------------------------------+----------------------------------------------------------------------------------------------------------+--------------+------------+----------------+----------------+--------------+
| Path1 | 0.592 | FFT_DIT_spatial_unroll_CY_stream_vector_U0/FFT_stage_spatial_unroll_4_U0/grp_fu_1007_p2_reg[1]/C | FFT_DIT_spatial_unroll_CY_stream_vector_U0/FFT_stage_spatial_unroll_4_U0/d1_imag_22_i_reg_2483_reg[23]/D |            8 |         32 |          3.079 |          2.551 |        0.528 |
| Path2 | 0.592 | FFT_DIT_spatial_unroll_CY_stream_vector_U0/FFT_stage_spatial_unroll_4_U0/grp_fu_1007_p2_reg[1]/C | FFT_DIT_spatial_unroll_CY_stream_vector_U0/FFT_stage_spatial_unroll_4_U0/d1_real_15_reg_2507_reg[23]/D   |            8 |         32 |          3.079 |          2.551 |        0.528 |
| Path3 | 0.594 | FFT_DIT_spatial_unroll_CY_stream_vector_U0/FFT_stage_spatial_unroll_4_U0/grp_fu_986_p2_reg[28]/C | FFT_DIT_spatial_unroll_CY_stream_vector_U0/FFT_stage_spatial_unroll_4_U0/d1_imag_15_reg_2515_reg[23]/D   |            8 |         30 |          3.077 |          2.551 |        0.526 |
| Path4 | 0.594 | FFT_DIT_spatial_unroll_CY_stream_vector_U0/FFT_stage_spatial_unroll_4_U0/grp_fu_1007_p2_reg[1]/C | FFT_DIT_spatial_unroll_CY_stream_vector_U0/FFT_stage_spatial_unroll_4_U0/d1_imag_22_i_reg_2483_reg[25]/D |            8 |         32 |          3.077 |          2.551 |        0.526 |
| Path5 | 0.594 | FFT_DIT_spatial_unroll_CY_stream_vector_U0/FFT_stage_spatial_unroll_4_U0/grp_fu_1007_p2_reg[1]/C | FFT_DIT_spatial_unroll_CY_stream_vector_U0/FFT_stage_spatial_unroll_4_U0/d1_real_15_reg_2507_reg[25]/D   |            8 |         32 |          3.077 |          2.551 |        0.526 |
+-------+-------+--------------------------------------------------------------------------------------------------+----------------------------------------------------------------------------------------------------------+--------------+------------+----------------+----------------+--------------+

    +--------------------------------------------------------------------------------------------------------+------------------------+
    | Path1 Cells                                                                                            | Primitive Type         |
    +--------------------------------------------------------------------------------------------------------+------------------------+
    | FFT_DIT_spatial_unroll_CY_stream_vector_U0/FFT_stage_spatial_unroll_4_U0/grp_fu_1007_p2_reg[1]         | REGISTER.SDR.FDRE      |
    | i_synth/UFMA_OP.OP/i_prim/DSP_FP_INREG_INST                                                            | ARITHMETIC.DSP.DSPFP32 |
    | i_synth/UFMA_OP.OP/i_prim/DSP_FP_INMUX_INST                                                            | ARITHMETIC.DSP.DSPFP32 |
    | i_synth/UFMA_OP.OP/i_prim/DSP_FPM_STAGE0_INST                                                          | ARITHMETIC.DSP.DSPFP32 |
    | i_synth/UFMA_OP.OP/i_prim/DSP_FPM_PIPEREG_INST                                                         | ARITHMETIC.DSP.DSPFP32 |
    | i_synth/UFMA_OP.OP/i_prim/DSP_FPM_STAGE1_INST                                                          | ARITHMETIC.DSP.DSPFP32 |
    | i_synth/UFMA_OP.OP/i_prim/DSP_FP_OUTPUT_INST                                                           | ARITHMETIC.DSP.DSPFP32 |
    | i_synth/UFMA_OP.OP/i_prim/DSP_FP_ADDER_INST                                                            | ARITHMETIC.DSP.DSPFP32 |
    | FFT_DIT_spatial_unroll_CY_stream_vector_U0/FFT_stage_spatial_unroll_4_U0/d1_imag_22_i_reg_2483_reg[23] | REGISTER.SDR.FDRE      |
    | FFT_DIT_spatial_unroll_CY_stream_vector_U0/FFT_stage_spatial_unroll_4_U0/grp_fu_1007_p2_reg[1]         | REGISTER.SDR.FDRE      |
    | i_synth/UFMA_OP.OP/i_prim/DSP_FP_INREG_INST                                                            | ARITHMETIC.DSP.DSPFP32 |
    | i_synth/UFMA_OP.OP/i_prim/DSP_FP_INMUX_INST                                                            | ARITHMETIC.DSP.DSPFP32 |
    | i_synth/UFMA_OP.OP/i_prim/DSP_FPM_STAGE0_INST                                                          | ARITHMETIC.DSP.DSPFP32 |
    | i_synth/UFMA_OP.OP/i_prim/DSP_FPM_PIPEREG_INST                                                         | ARITHMETIC.DSP.DSPFP32 |
    | i_synth/UFMA_OP.OP/i_prim/DSP_FPM_STAGE1_INST                                                          | ARITHMETIC.DSP.DSPFP32 |
    | i_synth/UFMA_OP.OP/i_prim/DSP_FP_OUTPUT_INST                                                           | ARITHMETIC.DSP.DSPFP32 |
    | i_synth/UFMA_OP.OP/i_prim/DSP_FP_ADDER_INST                                                            | ARITHMETIC.DSP.DSPFP32 |
    | FFT_DIT_spatial_unroll_CY_stream_vector_U0/FFT_stage_spatial_unroll_4_U0/d1_real_15_reg_2507_reg[23]   | REGISTER.SDR.FDRE      |
    | FFT_DIT_spatial_unroll_CY_stream_vector_U0/FFT_stage_spatial_unroll_4_U0/grp_fu_986_p2_reg[28]         | REGISTER.SDR.FDRE      |
    | i_synth/UFMA_OP.OP/i_prim/DSP_FP_INREG_INST                                                            | ARITHMETIC.DSP.DSPFP32 |
    | i_synth/UFMA_OP.OP/i_prim/DSP_FP_INMUX_INST                                                            | ARITHMETIC.DSP.DSPFP32 |
    | i_synth/UFMA_OP.OP/i_prim/DSP_FPM_STAGE0_INST                                                          | ARITHMETIC.DSP.DSPFP32 |
    | i_synth/UFMA_OP.OP/i_prim/DSP_FPM_PIPEREG_INST                                                         | ARITHMETIC.DSP.DSPFP32 |
    | i_synth/UFMA_OP.OP/i_prim/DSP_FPM_STAGE1_INST                                                          | ARITHMETIC.DSP.DSPFP32 |
    | i_synth/UFMA_OP.OP/i_prim/DSP_FP_OUTPUT_INST                                                           | ARITHMETIC.DSP.DSPFP32 |
    | i_synth/UFMA_OP.OP/i_prim/DSP_FP_ADDER_INST                                                            | ARITHMETIC.DSP.DSPFP32 |
    | FFT_DIT_spatial_unroll_CY_stream_vector_U0/FFT_stage_spatial_unroll_4_U0/d1_imag_15_reg_2515_reg[23]   | REGISTER.SDR.FDRE      |
    | FFT_DIT_spatial_unroll_CY_stream_vector_U0/FFT_stage_spatial_unroll_4_U0/grp_fu_1007_p2_reg[1]         | REGISTER.SDR.FDRE      |
    | i_synth/UFMA_OP.OP/i_prim/DSP_FP_INREG_INST                                                            | ARITHMETIC.DSP.DSPFP32 |
    | i_synth/UFMA_OP.OP/i_prim/DSP_FP_INMUX_INST                                                            | ARITHMETIC.DSP.DSPFP32 |
    | i_synth/UFMA_OP.OP/i_prim/DSP_FPM_STAGE0_INST                                                          | ARITHMETIC.DSP.DSPFP32 |
    | i_synth/UFMA_OP.OP/i_prim/DSP_FPM_PIPEREG_INST                                                         | ARITHMETIC.DSP.DSPFP32 |
    | i_synth/UFMA_OP.OP/i_prim/DSP_FPM_STAGE1_INST                                                          | ARITHMETIC.DSP.DSPFP32 |
    | i_synth/UFMA_OP.OP/i_prim/DSP_FP_OUTPUT_INST                                                           | ARITHMETIC.DSP.DSPFP32 |
    | i_synth/UFMA_OP.OP/i_prim/DSP_FP_ADDER_INST                                                            | ARITHMETIC.DSP.DSPFP32 |
    | FFT_DIT_spatial_unroll_CY_stream_vector_U0/FFT_stage_spatial_unroll_4_U0/d1_imag_22_i_reg_2483_reg[25] | REGISTER.SDR.FDRE      |
    | FFT_DIT_spatial_unroll_CY_stream_vector_U0/FFT_stage_spatial_unroll_4_U0/grp_fu_1007_p2_reg[1]         | REGISTER.SDR.FDRE      |
    | i_synth/UFMA_OP.OP/i_prim/DSP_FP_INREG_INST                                                            | ARITHMETIC.DSP.DSPFP32 |
    | i_synth/UFMA_OP.OP/i_prim/DSP_FP_INMUX_INST                                                            | ARITHMETIC.DSP.DSPFP32 |
    | i_synth/UFMA_OP.OP/i_prim/DSP_FPM_STAGE0_INST                                                          | ARITHMETIC.DSP.DSPFP32 |
    | i_synth/UFMA_OP.OP/i_prim/DSP_FPM_PIPEREG_INST                                                         | ARITHMETIC.DSP.DSPFP32 |
    | i_synth/UFMA_OP.OP/i_prim/DSP_FPM_STAGE1_INST                                                          | ARITHMETIC.DSP.DSPFP32 |
    | i_synth/UFMA_OP.OP/i_prim/DSP_FP_OUTPUT_INST                                                           | ARITHMETIC.DSP.DSPFP32 |
    | i_synth/UFMA_OP.OP/i_prim/DSP_FP_ADDER_INST                                                            | ARITHMETIC.DSP.DSPFP32 |
    | FFT_DIT_spatial_unroll_CY_stream_vector_U0/FFT_stage_spatial_unroll_4_U0/d1_real_15_reg_2507_reg[25]   | REGISTER.SDR.FDRE      |
    +--------------------------------------------------------------------------------------------------------+------------------------+

    +--------------------------------------------------------------------------------------------------------+------------------------+
    | Path2 Cells                                                                                            | Primitive Type         |
    +--------------------------------------------------------------------------------------------------------+------------------------+
    | FFT_DIT_spatial_unroll_CY_stream_vector_U0/FFT_stage_spatial_unroll_4_U0/grp_fu_1007_p2_reg[1]         | REGISTER.SDR.FDRE      |
    | i_synth/UFMA_OP.OP/i_prim/DSP_FP_INREG_INST                                                            | ARITHMETIC.DSP.DSPFP32 |
    | i_synth/UFMA_OP.OP/i_prim/DSP_FP_INMUX_INST                                                            | ARITHMETIC.DSP.DSPFP32 |
    | i_synth/UFMA_OP.OP/i_prim/DSP_FPM_STAGE0_INST                                                          | ARITHMETIC.DSP.DSPFP32 |
    | i_synth/UFMA_OP.OP/i_prim/DSP_FPM_PIPEREG_INST                                                         | ARITHMETIC.DSP.DSPFP32 |
    | i_synth/UFMA_OP.OP/i_prim/DSP_FPM_STAGE1_INST                                                          | ARITHMETIC.DSP.DSPFP32 |
    | i_synth/UFMA_OP.OP/i_prim/DSP_FP_OUTPUT_INST                                                           | ARITHMETIC.DSP.DSPFP32 |
    | i_synth/UFMA_OP.OP/i_prim/DSP_FP_ADDER_INST                                                            | ARITHMETIC.DSP.DSPFP32 |
    | FFT_DIT_spatial_unroll_CY_stream_vector_U0/FFT_stage_spatial_unroll_4_U0/d1_imag_22_i_reg_2483_reg[23] | REGISTER.SDR.FDRE      |
    | FFT_DIT_spatial_unroll_CY_stream_vector_U0/FFT_stage_spatial_unroll_4_U0/grp_fu_1007_p2_reg[1]         | REGISTER.SDR.FDRE      |
    | i_synth/UFMA_OP.OP/i_prim/DSP_FP_INREG_INST                                                            | ARITHMETIC.DSP.DSPFP32 |
    | i_synth/UFMA_OP.OP/i_prim/DSP_FP_INMUX_INST                                                            | ARITHMETIC.DSP.DSPFP32 |
    | i_synth/UFMA_OP.OP/i_prim/DSP_FPM_STAGE0_INST                                                          | ARITHMETIC.DSP.DSPFP32 |
    | i_synth/UFMA_OP.OP/i_prim/DSP_FPM_PIPEREG_INST                                                         | ARITHMETIC.DSP.DSPFP32 |
    | i_synth/UFMA_OP.OP/i_prim/DSP_FPM_STAGE1_INST                                                          | ARITHMETIC.DSP.DSPFP32 |
    | i_synth/UFMA_OP.OP/i_prim/DSP_FP_OUTPUT_INST                                                           | ARITHMETIC.DSP.DSPFP32 |
    | i_synth/UFMA_OP.OP/i_prim/DSP_FP_ADDER_INST                                                            | ARITHMETIC.DSP.DSPFP32 |
    | FFT_DIT_spatial_unroll_CY_stream_vector_U0/FFT_stage_spatial_unroll_4_U0/d1_real_15_reg_2507_reg[23]   | REGISTER.SDR.FDRE      |
    | FFT_DIT_spatial_unroll_CY_stream_vector_U0/FFT_stage_spatial_unroll_4_U0/grp_fu_986_p2_reg[28]         | REGISTER.SDR.FDRE      |
    | i_synth/UFMA_OP.OP/i_prim/DSP_FP_INREG_INST                                                            | ARITHMETIC.DSP.DSPFP32 |
    | i_synth/UFMA_OP.OP/i_prim/DSP_FP_INMUX_INST                                                            | ARITHMETIC.DSP.DSPFP32 |
    | i_synth/UFMA_OP.OP/i_prim/DSP_FPM_STAGE0_INST                                                          | ARITHMETIC.DSP.DSPFP32 |
    | i_synth/UFMA_OP.OP/i_prim/DSP_FPM_PIPEREG_INST                                                         | ARITHMETIC.DSP.DSPFP32 |
    | i_synth/UFMA_OP.OP/i_prim/DSP_FPM_STAGE1_INST                                                          | ARITHMETIC.DSP.DSPFP32 |
    | i_synth/UFMA_OP.OP/i_prim/DSP_FP_OUTPUT_INST                                                           | ARITHMETIC.DSP.DSPFP32 |
    | i_synth/UFMA_OP.OP/i_prim/DSP_FP_ADDER_INST                                                            | ARITHMETIC.DSP.DSPFP32 |
    | FFT_DIT_spatial_unroll_CY_stream_vector_U0/FFT_stage_spatial_unroll_4_U0/d1_imag_15_reg_2515_reg[23]   | REGISTER.SDR.FDRE      |
    | FFT_DIT_spatial_unroll_CY_stream_vector_U0/FFT_stage_spatial_unroll_4_U0/grp_fu_1007_p2_reg[1]         | REGISTER.SDR.FDRE      |
    | i_synth/UFMA_OP.OP/i_prim/DSP_FP_INREG_INST                                                            | ARITHMETIC.DSP.DSPFP32 |
    | i_synth/UFMA_OP.OP/i_prim/DSP_FP_INMUX_INST                                                            | ARITHMETIC.DSP.DSPFP32 |
    | i_synth/UFMA_OP.OP/i_prim/DSP_FPM_STAGE0_INST                                                          | ARITHMETIC.DSP.DSPFP32 |
    | i_synth/UFMA_OP.OP/i_prim/DSP_FPM_PIPEREG_INST                                                         | ARITHMETIC.DSP.DSPFP32 |
    | i_synth/UFMA_OP.OP/i_prim/DSP_FPM_STAGE1_INST                                                          | ARITHMETIC.DSP.DSPFP32 |
    | i_synth/UFMA_OP.OP/i_prim/DSP_FP_OUTPUT_INST                                                           | ARITHMETIC.DSP.DSPFP32 |
    | i_synth/UFMA_OP.OP/i_prim/DSP_FP_ADDER_INST                                                            | ARITHMETIC.DSP.DSPFP32 |
    | FFT_DIT_spatial_unroll_CY_stream_vector_U0/FFT_stage_spatial_unroll_4_U0/d1_imag_22_i_reg_2483_reg[25] | REGISTER.SDR.FDRE      |
    | FFT_DIT_spatial_unroll_CY_stream_vector_U0/FFT_stage_spatial_unroll_4_U0/grp_fu_1007_p2_reg[1]         | REGISTER.SDR.FDRE      |
    | i_synth/UFMA_OP.OP/i_prim/DSP_FP_INREG_INST                                                            | ARITHMETIC.DSP.DSPFP32 |
    | i_synth/UFMA_OP.OP/i_prim/DSP_FP_INMUX_INST                                                            | ARITHMETIC.DSP.DSPFP32 |
    | i_synth/UFMA_OP.OP/i_prim/DSP_FPM_STAGE0_INST                                                          | ARITHMETIC.DSP.DSPFP32 |
    | i_synth/UFMA_OP.OP/i_prim/DSP_FPM_PIPEREG_INST                                                         | ARITHMETIC.DSP.DSPFP32 |
    | i_synth/UFMA_OP.OP/i_prim/DSP_FPM_STAGE1_INST                                                          | ARITHMETIC.DSP.DSPFP32 |
    | i_synth/UFMA_OP.OP/i_prim/DSP_FP_OUTPUT_INST                                                           | ARITHMETIC.DSP.DSPFP32 |
    | i_synth/UFMA_OP.OP/i_prim/DSP_FP_ADDER_INST                                                            | ARITHMETIC.DSP.DSPFP32 |
    | FFT_DIT_spatial_unroll_CY_stream_vector_U0/FFT_stage_spatial_unroll_4_U0/d1_real_15_reg_2507_reg[25]   | REGISTER.SDR.FDRE      |
    +--------------------------------------------------------------------------------------------------------+------------------------+

    +--------------------------------------------------------------------------------------------------------+------------------------+
    | Path3 Cells                                                                                            | Primitive Type         |
    +--------------------------------------------------------------------------------------------------------+------------------------+
    | FFT_DIT_spatial_unroll_CY_stream_vector_U0/FFT_stage_spatial_unroll_4_U0/grp_fu_1007_p2_reg[1]         | REGISTER.SDR.FDRE      |
    | i_synth/UFMA_OP.OP/i_prim/DSP_FP_INREG_INST                                                            | ARITHMETIC.DSP.DSPFP32 |
    | i_synth/UFMA_OP.OP/i_prim/DSP_FP_INMUX_INST                                                            | ARITHMETIC.DSP.DSPFP32 |
    | i_synth/UFMA_OP.OP/i_prim/DSP_FPM_STAGE0_INST                                                          | ARITHMETIC.DSP.DSPFP32 |
    | i_synth/UFMA_OP.OP/i_prim/DSP_FPM_PIPEREG_INST                                                         | ARITHMETIC.DSP.DSPFP32 |
    | i_synth/UFMA_OP.OP/i_prim/DSP_FPM_STAGE1_INST                                                          | ARITHMETIC.DSP.DSPFP32 |
    | i_synth/UFMA_OP.OP/i_prim/DSP_FP_OUTPUT_INST                                                           | ARITHMETIC.DSP.DSPFP32 |
    | i_synth/UFMA_OP.OP/i_prim/DSP_FP_ADDER_INST                                                            | ARITHMETIC.DSP.DSPFP32 |
    | FFT_DIT_spatial_unroll_CY_stream_vector_U0/FFT_stage_spatial_unroll_4_U0/d1_imag_22_i_reg_2483_reg[23] | REGISTER.SDR.FDRE      |
    | FFT_DIT_spatial_unroll_CY_stream_vector_U0/FFT_stage_spatial_unroll_4_U0/grp_fu_1007_p2_reg[1]         | REGISTER.SDR.FDRE      |
    | i_synth/UFMA_OP.OP/i_prim/DSP_FP_INREG_INST                                                            | ARITHMETIC.DSP.DSPFP32 |
    | i_synth/UFMA_OP.OP/i_prim/DSP_FP_INMUX_INST                                                            | ARITHMETIC.DSP.DSPFP32 |
    | i_synth/UFMA_OP.OP/i_prim/DSP_FPM_STAGE0_INST                                                          | ARITHMETIC.DSP.DSPFP32 |
    | i_synth/UFMA_OP.OP/i_prim/DSP_FPM_PIPEREG_INST                                                         | ARITHMETIC.DSP.DSPFP32 |
    | i_synth/UFMA_OP.OP/i_prim/DSP_FPM_STAGE1_INST                                                          | ARITHMETIC.DSP.DSPFP32 |
    | i_synth/UFMA_OP.OP/i_prim/DSP_FP_OUTPUT_INST                                                           | ARITHMETIC.DSP.DSPFP32 |
    | i_synth/UFMA_OP.OP/i_prim/DSP_FP_ADDER_INST                                                            | ARITHMETIC.DSP.DSPFP32 |
    | FFT_DIT_spatial_unroll_CY_stream_vector_U0/FFT_stage_spatial_unroll_4_U0/d1_real_15_reg_2507_reg[23]   | REGISTER.SDR.FDRE      |
    | FFT_DIT_spatial_unroll_CY_stream_vector_U0/FFT_stage_spatial_unroll_4_U0/grp_fu_986_p2_reg[28]         | REGISTER.SDR.FDRE      |
    | i_synth/UFMA_OP.OP/i_prim/DSP_FP_INREG_INST                                                            | ARITHMETIC.DSP.DSPFP32 |
    | i_synth/UFMA_OP.OP/i_prim/DSP_FP_INMUX_INST                                                            | ARITHMETIC.DSP.DSPFP32 |
    | i_synth/UFMA_OP.OP/i_prim/DSP_FPM_STAGE0_INST                                                          | ARITHMETIC.DSP.DSPFP32 |
    | i_synth/UFMA_OP.OP/i_prim/DSP_FPM_PIPEREG_INST                                                         | ARITHMETIC.DSP.DSPFP32 |
    | i_synth/UFMA_OP.OP/i_prim/DSP_FPM_STAGE1_INST                                                          | ARITHMETIC.DSP.DSPFP32 |
    | i_synth/UFMA_OP.OP/i_prim/DSP_FP_OUTPUT_INST                                                           | ARITHMETIC.DSP.DSPFP32 |
    | i_synth/UFMA_OP.OP/i_prim/DSP_FP_ADDER_INST                                                            | ARITHMETIC.DSP.DSPFP32 |
    | FFT_DIT_spatial_unroll_CY_stream_vector_U0/FFT_stage_spatial_unroll_4_U0/d1_imag_15_reg_2515_reg[23]   | REGISTER.SDR.FDRE      |
    | FFT_DIT_spatial_unroll_CY_stream_vector_U0/FFT_stage_spatial_unroll_4_U0/grp_fu_1007_p2_reg[1]         | REGISTER.SDR.FDRE      |
    | i_synth/UFMA_OP.OP/i_prim/DSP_FP_INREG_INST                                                            | ARITHMETIC.DSP.DSPFP32 |
    | i_synth/UFMA_OP.OP/i_prim/DSP_FP_INMUX_INST                                                            | ARITHMETIC.DSP.DSPFP32 |
    | i_synth/UFMA_OP.OP/i_prim/DSP_FPM_STAGE0_INST                                                          | ARITHMETIC.DSP.DSPFP32 |
    | i_synth/UFMA_OP.OP/i_prim/DSP_FPM_PIPEREG_INST                                                         | ARITHMETIC.DSP.DSPFP32 |
    | i_synth/UFMA_OP.OP/i_prim/DSP_FPM_STAGE1_INST                                                          | ARITHMETIC.DSP.DSPFP32 |
    | i_synth/UFMA_OP.OP/i_prim/DSP_FP_OUTPUT_INST                                                           | ARITHMETIC.DSP.DSPFP32 |
    | i_synth/UFMA_OP.OP/i_prim/DSP_FP_ADDER_INST                                                            | ARITHMETIC.DSP.DSPFP32 |
    | FFT_DIT_spatial_unroll_CY_stream_vector_U0/FFT_stage_spatial_unroll_4_U0/d1_imag_22_i_reg_2483_reg[25] | REGISTER.SDR.FDRE      |
    | FFT_DIT_spatial_unroll_CY_stream_vector_U0/FFT_stage_spatial_unroll_4_U0/grp_fu_1007_p2_reg[1]         | REGISTER.SDR.FDRE      |
    | i_synth/UFMA_OP.OP/i_prim/DSP_FP_INREG_INST                                                            | ARITHMETIC.DSP.DSPFP32 |
    | i_synth/UFMA_OP.OP/i_prim/DSP_FP_INMUX_INST                                                            | ARITHMETIC.DSP.DSPFP32 |
    | i_synth/UFMA_OP.OP/i_prim/DSP_FPM_STAGE0_INST                                                          | ARITHMETIC.DSP.DSPFP32 |
    | i_synth/UFMA_OP.OP/i_prim/DSP_FPM_PIPEREG_INST                                                         | ARITHMETIC.DSP.DSPFP32 |
    | i_synth/UFMA_OP.OP/i_prim/DSP_FPM_STAGE1_INST                                                          | ARITHMETIC.DSP.DSPFP32 |
    | i_synth/UFMA_OP.OP/i_prim/DSP_FP_OUTPUT_INST                                                           | ARITHMETIC.DSP.DSPFP32 |
    | i_synth/UFMA_OP.OP/i_prim/DSP_FP_ADDER_INST                                                            | ARITHMETIC.DSP.DSPFP32 |
    | FFT_DIT_spatial_unroll_CY_stream_vector_U0/FFT_stage_spatial_unroll_4_U0/d1_real_15_reg_2507_reg[25]   | REGISTER.SDR.FDRE      |
    +--------------------------------------------------------------------------------------------------------+------------------------+

    +--------------------------------------------------------------------------------------------------------+------------------------+
    | Path4 Cells                                                                                            | Primitive Type         |
    +--------------------------------------------------------------------------------------------------------+------------------------+
    | FFT_DIT_spatial_unroll_CY_stream_vector_U0/FFT_stage_spatial_unroll_4_U0/grp_fu_1007_p2_reg[1]         | REGISTER.SDR.FDRE      |
    | i_synth/UFMA_OP.OP/i_prim/DSP_FP_INREG_INST                                                            | ARITHMETIC.DSP.DSPFP32 |
    | i_synth/UFMA_OP.OP/i_prim/DSP_FP_INMUX_INST                                                            | ARITHMETIC.DSP.DSPFP32 |
    | i_synth/UFMA_OP.OP/i_prim/DSP_FPM_STAGE0_INST                                                          | ARITHMETIC.DSP.DSPFP32 |
    | i_synth/UFMA_OP.OP/i_prim/DSP_FPM_PIPEREG_INST                                                         | ARITHMETIC.DSP.DSPFP32 |
    | i_synth/UFMA_OP.OP/i_prim/DSP_FPM_STAGE1_INST                                                          | ARITHMETIC.DSP.DSPFP32 |
    | i_synth/UFMA_OP.OP/i_prim/DSP_FP_OUTPUT_INST                                                           | ARITHMETIC.DSP.DSPFP32 |
    | i_synth/UFMA_OP.OP/i_prim/DSP_FP_ADDER_INST                                                            | ARITHMETIC.DSP.DSPFP32 |
    | FFT_DIT_spatial_unroll_CY_stream_vector_U0/FFT_stage_spatial_unroll_4_U0/d1_imag_22_i_reg_2483_reg[23] | REGISTER.SDR.FDRE      |
    | FFT_DIT_spatial_unroll_CY_stream_vector_U0/FFT_stage_spatial_unroll_4_U0/grp_fu_1007_p2_reg[1]         | REGISTER.SDR.FDRE      |
    | i_synth/UFMA_OP.OP/i_prim/DSP_FP_INREG_INST                                                            | ARITHMETIC.DSP.DSPFP32 |
    | i_synth/UFMA_OP.OP/i_prim/DSP_FP_INMUX_INST                                                            | ARITHMETIC.DSP.DSPFP32 |
    | i_synth/UFMA_OP.OP/i_prim/DSP_FPM_STAGE0_INST                                                          | ARITHMETIC.DSP.DSPFP32 |
    | i_synth/UFMA_OP.OP/i_prim/DSP_FPM_PIPEREG_INST                                                         | ARITHMETIC.DSP.DSPFP32 |
    | i_synth/UFMA_OP.OP/i_prim/DSP_FPM_STAGE1_INST                                                          | ARITHMETIC.DSP.DSPFP32 |
    | i_synth/UFMA_OP.OP/i_prim/DSP_FP_OUTPUT_INST                                                           | ARITHMETIC.DSP.DSPFP32 |
    | i_synth/UFMA_OP.OP/i_prim/DSP_FP_ADDER_INST                                                            | ARITHMETIC.DSP.DSPFP32 |
    | FFT_DIT_spatial_unroll_CY_stream_vector_U0/FFT_stage_spatial_unroll_4_U0/d1_real_15_reg_2507_reg[23]   | REGISTER.SDR.FDRE      |
    | FFT_DIT_spatial_unroll_CY_stream_vector_U0/FFT_stage_spatial_unroll_4_U0/grp_fu_986_p2_reg[28]         | REGISTER.SDR.FDRE      |
    | i_synth/UFMA_OP.OP/i_prim/DSP_FP_INREG_INST                                                            | ARITHMETIC.DSP.DSPFP32 |
    | i_synth/UFMA_OP.OP/i_prim/DSP_FP_INMUX_INST                                                            | ARITHMETIC.DSP.DSPFP32 |
    | i_synth/UFMA_OP.OP/i_prim/DSP_FPM_STAGE0_INST                                                          | ARITHMETIC.DSP.DSPFP32 |
    | i_synth/UFMA_OP.OP/i_prim/DSP_FPM_PIPEREG_INST                                                         | ARITHMETIC.DSP.DSPFP32 |
    | i_synth/UFMA_OP.OP/i_prim/DSP_FPM_STAGE1_INST                                                          | ARITHMETIC.DSP.DSPFP32 |
    | i_synth/UFMA_OP.OP/i_prim/DSP_FP_OUTPUT_INST                                                           | ARITHMETIC.DSP.DSPFP32 |
    | i_synth/UFMA_OP.OP/i_prim/DSP_FP_ADDER_INST                                                            | ARITHMETIC.DSP.DSPFP32 |
    | FFT_DIT_spatial_unroll_CY_stream_vector_U0/FFT_stage_spatial_unroll_4_U0/d1_imag_15_reg_2515_reg[23]   | REGISTER.SDR.FDRE      |
    | FFT_DIT_spatial_unroll_CY_stream_vector_U0/FFT_stage_spatial_unroll_4_U0/grp_fu_1007_p2_reg[1]         | REGISTER.SDR.FDRE      |
    | i_synth/UFMA_OP.OP/i_prim/DSP_FP_INREG_INST                                                            | ARITHMETIC.DSP.DSPFP32 |
    | i_synth/UFMA_OP.OP/i_prim/DSP_FP_INMUX_INST                                                            | ARITHMETIC.DSP.DSPFP32 |
    | i_synth/UFMA_OP.OP/i_prim/DSP_FPM_STAGE0_INST                                                          | ARITHMETIC.DSP.DSPFP32 |
    | i_synth/UFMA_OP.OP/i_prim/DSP_FPM_PIPEREG_INST                                                         | ARITHMETIC.DSP.DSPFP32 |
    | i_synth/UFMA_OP.OP/i_prim/DSP_FPM_STAGE1_INST                                                          | ARITHMETIC.DSP.DSPFP32 |
    | i_synth/UFMA_OP.OP/i_prim/DSP_FP_OUTPUT_INST                                                           | ARITHMETIC.DSP.DSPFP32 |
    | i_synth/UFMA_OP.OP/i_prim/DSP_FP_ADDER_INST                                                            | ARITHMETIC.DSP.DSPFP32 |
    | FFT_DIT_spatial_unroll_CY_stream_vector_U0/FFT_stage_spatial_unroll_4_U0/d1_imag_22_i_reg_2483_reg[25] | REGISTER.SDR.FDRE      |
    | FFT_DIT_spatial_unroll_CY_stream_vector_U0/FFT_stage_spatial_unroll_4_U0/grp_fu_1007_p2_reg[1]         | REGISTER.SDR.FDRE      |
    | i_synth/UFMA_OP.OP/i_prim/DSP_FP_INREG_INST                                                            | ARITHMETIC.DSP.DSPFP32 |
    | i_synth/UFMA_OP.OP/i_prim/DSP_FP_INMUX_INST                                                            | ARITHMETIC.DSP.DSPFP32 |
    | i_synth/UFMA_OP.OP/i_prim/DSP_FPM_STAGE0_INST                                                          | ARITHMETIC.DSP.DSPFP32 |
    | i_synth/UFMA_OP.OP/i_prim/DSP_FPM_PIPEREG_INST                                                         | ARITHMETIC.DSP.DSPFP32 |
    | i_synth/UFMA_OP.OP/i_prim/DSP_FPM_STAGE1_INST                                                          | ARITHMETIC.DSP.DSPFP32 |
    | i_synth/UFMA_OP.OP/i_prim/DSP_FP_OUTPUT_INST                                                           | ARITHMETIC.DSP.DSPFP32 |
    | i_synth/UFMA_OP.OP/i_prim/DSP_FP_ADDER_INST                                                            | ARITHMETIC.DSP.DSPFP32 |
    | FFT_DIT_spatial_unroll_CY_stream_vector_U0/FFT_stage_spatial_unroll_4_U0/d1_real_15_reg_2507_reg[25]   | REGISTER.SDR.FDRE      |
    +--------------------------------------------------------------------------------------------------------+------------------------+

    +--------------------------------------------------------------------------------------------------------+------------------------+
    | Path5 Cells                                                                                            | Primitive Type         |
    +--------------------------------------------------------------------------------------------------------+------------------------+
    | FFT_DIT_spatial_unroll_CY_stream_vector_U0/FFT_stage_spatial_unroll_4_U0/grp_fu_1007_p2_reg[1]         | REGISTER.SDR.FDRE      |
    | i_synth/UFMA_OP.OP/i_prim/DSP_FP_INREG_INST                                                            | ARITHMETIC.DSP.DSPFP32 |
    | i_synth/UFMA_OP.OP/i_prim/DSP_FP_INMUX_INST                                                            | ARITHMETIC.DSP.DSPFP32 |
    | i_synth/UFMA_OP.OP/i_prim/DSP_FPM_STAGE0_INST                                                          | ARITHMETIC.DSP.DSPFP32 |
    | i_synth/UFMA_OP.OP/i_prim/DSP_FPM_PIPEREG_INST                                                         | ARITHMETIC.DSP.DSPFP32 |
    | i_synth/UFMA_OP.OP/i_prim/DSP_FPM_STAGE1_INST                                                          | ARITHMETIC.DSP.DSPFP32 |
    | i_synth/UFMA_OP.OP/i_prim/DSP_FP_OUTPUT_INST                                                           | ARITHMETIC.DSP.DSPFP32 |
    | i_synth/UFMA_OP.OP/i_prim/DSP_FP_ADDER_INST                                                            | ARITHMETIC.DSP.DSPFP32 |
    | FFT_DIT_spatial_unroll_CY_stream_vector_U0/FFT_stage_spatial_unroll_4_U0/d1_imag_22_i_reg_2483_reg[23] | REGISTER.SDR.FDRE      |
    | FFT_DIT_spatial_unroll_CY_stream_vector_U0/FFT_stage_spatial_unroll_4_U0/grp_fu_1007_p2_reg[1]         | REGISTER.SDR.FDRE      |
    | i_synth/UFMA_OP.OP/i_prim/DSP_FP_INREG_INST                                                            | ARITHMETIC.DSP.DSPFP32 |
    | i_synth/UFMA_OP.OP/i_prim/DSP_FP_INMUX_INST                                                            | ARITHMETIC.DSP.DSPFP32 |
    | i_synth/UFMA_OP.OP/i_prim/DSP_FPM_STAGE0_INST                                                          | ARITHMETIC.DSP.DSPFP32 |
    | i_synth/UFMA_OP.OP/i_prim/DSP_FPM_PIPEREG_INST                                                         | ARITHMETIC.DSP.DSPFP32 |
    | i_synth/UFMA_OP.OP/i_prim/DSP_FPM_STAGE1_INST                                                          | ARITHMETIC.DSP.DSPFP32 |
    | i_synth/UFMA_OP.OP/i_prim/DSP_FP_OUTPUT_INST                                                           | ARITHMETIC.DSP.DSPFP32 |
    | i_synth/UFMA_OP.OP/i_prim/DSP_FP_ADDER_INST                                                            | ARITHMETIC.DSP.DSPFP32 |
    | FFT_DIT_spatial_unroll_CY_stream_vector_U0/FFT_stage_spatial_unroll_4_U0/d1_real_15_reg_2507_reg[23]   | REGISTER.SDR.FDRE      |
    | FFT_DIT_spatial_unroll_CY_stream_vector_U0/FFT_stage_spatial_unroll_4_U0/grp_fu_986_p2_reg[28]         | REGISTER.SDR.FDRE      |
    | i_synth/UFMA_OP.OP/i_prim/DSP_FP_INREG_INST                                                            | ARITHMETIC.DSP.DSPFP32 |
    | i_synth/UFMA_OP.OP/i_prim/DSP_FP_INMUX_INST                                                            | ARITHMETIC.DSP.DSPFP32 |
    | i_synth/UFMA_OP.OP/i_prim/DSP_FPM_STAGE0_INST                                                          | ARITHMETIC.DSP.DSPFP32 |
    | i_synth/UFMA_OP.OP/i_prim/DSP_FPM_PIPEREG_INST                                                         | ARITHMETIC.DSP.DSPFP32 |
    | i_synth/UFMA_OP.OP/i_prim/DSP_FPM_STAGE1_INST                                                          | ARITHMETIC.DSP.DSPFP32 |
    | i_synth/UFMA_OP.OP/i_prim/DSP_FP_OUTPUT_INST                                                           | ARITHMETIC.DSP.DSPFP32 |
    | i_synth/UFMA_OP.OP/i_prim/DSP_FP_ADDER_INST                                                            | ARITHMETIC.DSP.DSPFP32 |
    | FFT_DIT_spatial_unroll_CY_stream_vector_U0/FFT_stage_spatial_unroll_4_U0/d1_imag_15_reg_2515_reg[23]   | REGISTER.SDR.FDRE      |
    | FFT_DIT_spatial_unroll_CY_stream_vector_U0/FFT_stage_spatial_unroll_4_U0/grp_fu_1007_p2_reg[1]         | REGISTER.SDR.FDRE      |
    | i_synth/UFMA_OP.OP/i_prim/DSP_FP_INREG_INST                                                            | ARITHMETIC.DSP.DSPFP32 |
    | i_synth/UFMA_OP.OP/i_prim/DSP_FP_INMUX_INST                                                            | ARITHMETIC.DSP.DSPFP32 |
    | i_synth/UFMA_OP.OP/i_prim/DSP_FPM_STAGE0_INST                                                          | ARITHMETIC.DSP.DSPFP32 |
    | i_synth/UFMA_OP.OP/i_prim/DSP_FPM_PIPEREG_INST                                                         | ARITHMETIC.DSP.DSPFP32 |
    | i_synth/UFMA_OP.OP/i_prim/DSP_FPM_STAGE1_INST                                                          | ARITHMETIC.DSP.DSPFP32 |
    | i_synth/UFMA_OP.OP/i_prim/DSP_FP_OUTPUT_INST                                                           | ARITHMETIC.DSP.DSPFP32 |
    | i_synth/UFMA_OP.OP/i_prim/DSP_FP_ADDER_INST                                                            | ARITHMETIC.DSP.DSPFP32 |
    | FFT_DIT_spatial_unroll_CY_stream_vector_U0/FFT_stage_spatial_unroll_4_U0/d1_imag_22_i_reg_2483_reg[25] | REGISTER.SDR.FDRE      |
    | FFT_DIT_spatial_unroll_CY_stream_vector_U0/FFT_stage_spatial_unroll_4_U0/grp_fu_1007_p2_reg[1]         | REGISTER.SDR.FDRE      |
    | i_synth/UFMA_OP.OP/i_prim/DSP_FP_INREG_INST                                                            | ARITHMETIC.DSP.DSPFP32 |
    | i_synth/UFMA_OP.OP/i_prim/DSP_FP_INMUX_INST                                                            | ARITHMETIC.DSP.DSPFP32 |
    | i_synth/UFMA_OP.OP/i_prim/DSP_FPM_STAGE0_INST                                                          | ARITHMETIC.DSP.DSPFP32 |
    | i_synth/UFMA_OP.OP/i_prim/DSP_FPM_PIPEREG_INST                                                         | ARITHMETIC.DSP.DSPFP32 |
    | i_synth/UFMA_OP.OP/i_prim/DSP_FPM_STAGE1_INST                                                          | ARITHMETIC.DSP.DSPFP32 |
    | i_synth/UFMA_OP.OP/i_prim/DSP_FP_OUTPUT_INST                                                           | ARITHMETIC.DSP.DSPFP32 |
    | i_synth/UFMA_OP.OP/i_prim/DSP_FP_ADDER_INST                                                            | ARITHMETIC.DSP.DSPFP32 |
    | FFT_DIT_spatial_unroll_CY_stream_vector_U0/FFT_stage_spatial_unroll_4_U0/d1_real_15_reg_2507_reg[25]   | REGISTER.SDR.FDRE      |
    +--------------------------------------------------------------------------------------------------------+------------------------+


================================================================
== RTL Synthesis Vivado Reports
================================================================
+--------------------------+----------------------------------------------------------------+
| Report Type              | Report Location                                                |
+--------------------------+----------------------------------------------------------------+
| design_analysis          | impl/verilog/report/FFT_TOP_design_analysis_synth.rpt          |
| failfast                 | impl/verilog/report/FFT_TOP_failfast_synth.rpt                 |
| power                    | impl/verilog/report/FFT_TOP_power_synth.rpt                    |
| timing                   | impl/verilog/report/FFT_TOP_timing_synth.rpt                   |
| timing_paths             | impl/verilog/report/FFT_TOP_timing_paths_synth.rpt             |
| utilization              | impl/verilog/report/FFT_TOP_utilization_synth.rpt              |
| utilization_hierarchical | impl/verilog/report/FFT_TOP_utilization_hierarchical_synth.rpt |
+--------------------------+----------------------------------------------------------------+


