

================================================================
== Synthesis Summary Report of 'FFT_TOP'
================================================================
+ General Information: 
    * Date:           Fri Apr  4 16:29:07 2025
    * Version:        2024.2 (Build 5238294 on Nov  8 2024)
    * Project:        build
    * Solution:       FFT_250MHz (Vivado IP Flow Target)
    * Product family: versalpremium
    * Target device:  xcvp1802-lsvc4072-3HP-e-S
    

+ Performance & Resource Estimates: 
    
    PS: '+' for module; 'o' for loop; '*' for dataflow
    +----------------------------------------------------------------+------+------+---------+-----------+----------+---------+------+----------+------+----------+-------------+------------+-----+
    |                             Modules                            | Issue|      | Latency |  Latency  | Iteration|         | Trip |          |      |          |             |            |     |
    |                             & Loops                            | Type | Slack| (cycles)|    (ns)   |  Latency | Interval| Count| Pipelined| BRAM |    DSP   |      FF     |     LUT    | URAM|
    +----------------------------------------------------------------+------+------+---------+-----------+----------+---------+------+----------+------+----------+-------------+------------+-----+
    |+ FFT_TOP*                                                      |     -|  0.04|      597|  2.388e+03|         -|       64|     -|  dataflow|     -|  48 (~0%)|  29565 (~0%)|  47299 (1%)|    -|
    | + FFT_DIT_spatial_unroll_CY_stream_vector*                     |     -|  0.04|      597|  2.388e+03|         -|       64|     -|  dataflow|     -|  48 (~0%)|  29565 (~0%)|  47299 (1%)|    -|
    |  + reverse_input_stream_UF2*                                   |     -|  1.06|      199|    796.000|         -|       64|     -|  dataflow|     -|         -|    560 (~0%)|  2442 (~0%)|    -|
    |   + reverse_input_stream_UF2_Loop_READ_STREAM_INPUT_proc       |     -|  1.56|       65|    260.000|         -|       65|     -|        no|     -|         -|      8 (~0%)|    43 (~0%)|    -|
    |    o READ_STREAM_INPUT                                         |     -|  2.92|       63|    252.000|         1|        1|    64|       yes|     -|         -|            -|           -|    -|
    |   + reverse_input_stream_UF2_Loop_FROM_BLOCK_TO_CYCLIC_proc    |     -|  1.06|       66|    264.000|         -|       66|     -|        no|     -|         -|     28 (~0%)|   766 (~0%)|    -|
    |    o FROM_BLOCK_TO_CYCLIC                                      |     -|  2.92|       64|    256.000|         2|        1|    64|       yes|     -|         -|            -|           -|    -|
    |   + reverse_input_stream_UF2_Loop_STREAM_OUT_REVERSE_proc      |     -|  1.56|       66|    264.000|         -|       66|     -|        no|     -|         -|     10 (~0%)|    55 (~0%)|    -|
    |    o STREAM_OUT_REVERSE                                        |     -|  2.92|       64|    256.000|         2|        1|    64|       yes|     -|         -|            -|           -|    -|
    |  + FFT_Stage1_vectorstream_parameterize*                       |     -|  0.35|       69|    276.000|         -|       64|     -|  dataflow|     -|         -|   1968 (~0%)|  3169 (~0%)|    -|
    |   + FFT_Stage1_vectorstream_parameterize_Loop_FFT_Stage1_proc  |     -|  0.35|       69|    276.000|         -|       69|     -|        no|     -|         -|   1968 (~0%)|  3169 (~0%)|    -|
    |    o FFT_Stage1                                                |     -|  2.92|       67|    268.000|         5|        1|    64|       yes|     -|         -|            -|           -|    -|
    |  + FFT_Stage2_vectorstreamIn_arrayOut_parametize               |     -|  0.35|       69|    276.000|         -|       69|     -|        no|     -|         -|   1977 (~0%)|  3185 (~0%)|    -|
    |   o FFT_Stage2                                                 |     -|  2.92|       67|    268.000|         5|        1|    64|       yes|     -|         -|            -|           -|    -|
    |  + FFT_stage_spatial_unroll_3_s                                |     -|  0.04|       75|    300.000|         -|       75|     -|        no|     -|   8 (~0%)|   3521 (~0%)|  3981 (~0%)|    -|
    |   o R_Pair_loop_R_Group_loop                                   |     -|  2.92|       73|    292.000|        11|        1|    64|       yes|     -|         -|            -|           -|    -|
    |  + FFT_stage_spatial_unroll_4_s                                |     -|  0.04|       74|    296.000|         -|       74|     -|        no|     -|   8 (~0%)|   3715 (~0%)|  4065 (~0%)|    -|
    |   o R_Pair_loop_R_Group_loop                                   |     -|  2.92|       72|    288.000|        10|        1|    64|       yes|     -|         -|            -|           -|    -|
    |  + FFT_stage_spatial_unroll_5_s                                |     -|  0.04|       74|    296.000|         -|       74|     -|        no|     -|   8 (~0%)|   3717 (~0%)|  4321 (~0%)|    -|
    |   o R_Pair_loop_R_Group_loop                                   |     -|  2.92|       72|    288.000|        10|        1|    64|       yes|     -|         -|            -|           -|    -|
    |  + FFT_stage_spatial_unroll_6_s                                |     -|  0.04|       74|    296.000|         -|       74|     -|        no|     -|   8 (~0%)|   3720 (~0%)|  5094 (~0%)|    -|
    |   o R_Pair_loop_R_Group_loop                                   |     -|  2.92|       72|    288.000|        10|        1|    64|       yes|     -|         -|            -|           -|    -|
    |  + FFT_stage_spatial_unroll_7_s                                |     -|  0.04|       74|    296.000|         -|       74|     -|        no|     -|   8 (~0%)|   3722 (~0%)|  6377 (~0%)|    -|
    |   o R_Pair_loop_R_Group_loop                                   |     -|  2.92|       72|    288.000|        10|        1|    64|       yes|     -|         -|            -|           -|    -|
    |  + FFT_stage_spatial_unroll_8_s                                |     -|  0.04|       73|    292.000|         -|       73|     -|        no|     -|   8 (~0%)|   3566 (~0%)|  9066 (~0%)|    -|
    |   o R_Group_loop_bflySize_equal_FFT_NUM                        |     -|  2.92|       71|    284.000|         9|        1|    64|       yes|     -|         -|            -|           -|    -|
    |  + output_result_array_to_stream                               |     -|  1.56|       66|    264.000|         -|       66|     -|        no|     -|         -|     10 (~0%)|    55 (~0%)|    -|
    |   o PostP_Fwd_loop                                             |     -|  2.92|       64|    256.000|         2|        1|    64|       yes|     -|         -|            -|           -|    -|
    +----------------------------------------------------------------+------+------+---------+-----------+----------+---------+------+----------+------+----------+-------------+------------+-----+

+ Performance Pragma Report: 
    
    PS: '+' for module; 'o' for loop; '*' for dataflow
    +----------------------------------------------------------------+----------+------------+-------+----------+------------+-------+
    |                             Modules                            | Target TI| Achieved TI|       | Target TL| Achieved TL|       |
    |                             & Loops                            | (cycles) |  (cycles)  | TI met| (cycles) |  (cycles)  | TL met|
    +----------------------------------------------------------------+----------+------------+-------+----------+------------+-------+
    |+ FFT_TOP*                                                      |         -|           -|      -|         -|           -|      -|
    | + FFT_DIT_spatial_unroll_CY_stream_vector*                     |        64|          64|    yes|         -|           -|      -|
    |  + reverse_input_stream_UF2*                                   |        64|          64|    yes|         -|           -|      -|
    |   + reverse_input_stream_UF2_Loop_READ_STREAM_INPUT_proc       |        64|          65|     no|         -|           -|      -|
    |    o READ_STREAM_INPUT                                         |         -|           -|      -|         -|           -|      -|
    |   + reverse_input_stream_UF2_Loop_FROM_BLOCK_TO_CYCLIC_proc    |        64|          66|     no|         -|           -|      -|
    |    o FROM_BLOCK_TO_CYCLIC                                      |         -|           -|      -|         -|           -|      -|
    |   + reverse_input_stream_UF2_Loop_STREAM_OUT_REVERSE_proc      |        64|          66|     no|         -|           -|      -|
    |    o STREAM_OUT_REVERSE                                        |         -|           -|      -|         -|           -|      -|
    |  + FFT_Stage1_vectorstream_parameterize*                       |         -|           -|      -|         -|           -|      -|
    |   + FFT_Stage1_vectorstream_parameterize_Loop_FFT_Stage1_proc  |         -|           -|      -|         -|           -|      -|
    |    o FFT_Stage1                                                |        64|          64|    yes|         -|           -|      -|
    |  + FFT_Stage2_vectorstreamIn_arrayOut_parametize               |        64|          69|     no|         -|           -|      -|
    |   o FFT_Stage2                                                 |        64|          64|    yes|         -|           -|      -|
    |  + FFT_stage_spatial_unroll_3_s                                |         -|           -|      -|         -|           -|      -|
    |   o R_Pair_loop_R_Group_loop                                   |        64|          64|    yes|         -|           -|      -|
    |  + FFT_stage_spatial_unroll_4_s                                |         -|           -|      -|         -|           -|      -|
    |   o R_Pair_loop_R_Group_loop                                   |        64|          64|    yes|         -|           -|      -|
    |  + FFT_stage_spatial_unroll_5_s                                |         -|           -|      -|         -|           -|      -|
    |   o R_Pair_loop_R_Group_loop                                   |        64|          64|    yes|         -|           -|      -|
    |  + FFT_stage_spatial_unroll_6_s                                |         -|           -|      -|         -|           -|      -|
    |   o R_Pair_loop_R_Group_loop                                   |        64|          64|    yes|         -|           -|      -|
    |  + FFT_stage_spatial_unroll_7_s                                |         -|           -|      -|         -|           -|      -|
    |   o R_Pair_loop_R_Group_loop                                   |        64|          64|    yes|         -|           -|      -|
    |  + FFT_stage_spatial_unroll_8_s                                |         -|           -|      -|         -|           -|      -|
    |   o R_Group_loop_bflySize_equal_FFT_NUM                        |        64|          64|    yes|         -|           -|      -|
    |  + output_result_array_to_stream                               |        64|          66|     no|         -|           -|      -|
    |   o PostP_Fwd_loop                                             |        64|          64|    yes|         -|           -|      -|
    +----------------------------------------------------------------+----------+------------+-------+----------+------------+-------+


================================================================
== HW Interfaces
================================================================
* AP_FIFO
+-----------+-----------+------------+
| Interface | Direction | Data Width |
+-----------+-----------+------------+
| in_r      | in        | 256        |
| out_r     | out       | 256        |
+-----------+-----------+------------+

* TOP LEVEL CONTROL
+-----------+------------+-----------------------------------+
| Interface | Type       | Ports                             |
+-----------+------------+-----------------------------------+
| ap_clk    | clock      | ap_clk                            |
| ap_rst    | reset      | ap_rst                            |
| ap_ctrl   | ap_ctrl_hs | ap_done ap_idle ap_ready ap_start |
+-----------+------------+-----------------------------------+


================================================================
== SW I/O Information
================================================================
* Top Function Arguments
+----------+-----------+-------------------------------------------------+
| Argument | Direction | Datatype                                        |
+----------+-----------+-------------------------------------------------+
| in       | in        | stream<hls::vector<std::complex<float>, 4>, 0>& |
| out      | out       | stream<hls::vector<std::complex<float>, 4>, 0>& |
+----------+-----------+-------------------------------------------------+

* SW-to-HW Mapping
+----------+--------------+-----------+
| Argument | HW Interface | HW Type   |
+----------+--------------+-----------+
| in       | in_r         | interface |
| out      | out_r        | interface |
+----------+--------------+-----------+


================================================================
== Bind Op Report
================================================================
+----------------------------------------------------------------+-----+--------+-----------------+-----------+--------------------------+---------+
| Name                                                           | DSP | Pragma | Variable        | Op        | Impl                     | Latency |
+----------------------------------------------------------------+-----+--------+-----------------+-----------+--------------------------+---------+
| + FFT_TOP                                                      | 48  |        |                 |           |                          |         |
|  + FFT_DIT_spatial_unroll_CY_stream_vector                     | 48  |        |                 |           |                          |         |
|   + reverse_input_stream_UF2                                   | 0   |        |                 |           |                          |         |
|    + reverse_input_stream_UF2_Loop_READ_STREAM_INPUT_proc      | 0   |        |                 |           |                          |         |
|      i_fu_220_p2                                               |     |        | i               | add       | fabric                   | 0       |
|      icmp_ln257_fu_502_p2                                      |     |        | icmp_ln257      | seteq     | auto                     | 0       |
|    + reverse_input_stream_UF2_Loop_FROM_BLOCK_TO_CYCLIC_proc   | 0   |        |                 |           |                          |         |
|      i_fu_302_p2                                               |     |        | i               | add       | fabric                   | 0       |
|      add_ln284_fu_318_p2                                       |     |        | add_ln284       | add       | fabric                   | 0       |
|      add_ln284_1_fu_324_p2                                     |     |        | add_ln284_1     | add       | fabric                   | 0       |
|      icmp_ln297_fu_467_p2                                      |     |        | icmp_ln297      | seteq     | auto                     | 0       |
|      select_ln297_fu_472_p3                                    |     |        | select_ln297    | select    | auto_sel                 | 0       |
|      icmp_ln297_1_fu_480_p2                                    |     |        | icmp_ln297_1    | seteq     | auto                     | 0       |
|      select_ln297_1_fu_485_p3                                  |     |        | select_ln297_1  | select    | auto_sel                 | 0       |
|      icmp_ln297_2_fu_493_p2                                    |     |        | icmp_ln297_2    | seteq     | auto                     | 0       |
|      p_0_079_i_fu_498_p3                                       |     |        | p_0_079_i       | select    | auto_sel                 | 0       |
|      select_ln297_2_fu_507_p3                                  |     |        | select_ln297_2  | select    | auto_sel                 | 0       |
|      select_ln297_3_fu_515_p3                                  |     |        | select_ln297_3  | select    | auto_sel                 | 0       |
|      p_0_180_i_fu_523_p3                                       |     |        | p_0_180_i       | select    | auto_sel                 | 0       |
|      select_ln297_4_fu_532_p3                                  |     |        | select_ln297_4  | select    | auto_sel                 | 0       |
|      select_ln297_5_fu_540_p3                                  |     |        | select_ln297_5  | select    | auto_sel                 | 0       |
|      p_0_079_1_i_fu_548_p3                                     |     |        | p_0_079_1_i     | select    | auto_sel                 | 0       |
|      select_ln297_6_fu_557_p3                                  |     |        | select_ln297_6  | select    | auto_sel                 | 0       |
|      select_ln297_7_fu_565_p3                                  |     |        | select_ln297_7  | select    | auto_sel                 | 0       |
|      p_0_180_1_i_fu_573_p3                                     |     |        | p_0_180_1_i     | select    | auto_sel                 | 0       |
|      select_ln297_8_fu_582_p3                                  |     |        | select_ln297_8  | select    | auto_sel                 | 0       |
|      select_ln297_9_fu_590_p3                                  |     |        | select_ln297_9  | select    | auto_sel                 | 0       |
|      p_0_079_2_i_fu_598_p3                                     |     |        | p_0_079_2_i     | select    | auto_sel                 | 0       |
|      select_ln297_10_fu_607_p3                                 |     |        | select_ln297_10 | select    | auto_sel                 | 0       |
|      select_ln297_11_fu_615_p3                                 |     |        | select_ln297_11 | select    | auto_sel                 | 0       |
|      p_0_180_2_i_fu_623_p3                                     |     |        | p_0_180_2_i     | select    | auto_sel                 | 0       |
|      select_ln297_12_fu_632_p3                                 |     |        | select_ln297_12 | select    | auto_sel                 | 0       |
|      select_ln297_13_fu_640_p3                                 |     |        | select_ln297_13 | select    | auto_sel                 | 0       |
|      p_0_079_3_i_fu_648_p3                                     |     |        | p_0_079_3_i     | select    | auto_sel                 | 0       |
|      select_ln297_14_fu_657_p3                                 |     |        | select_ln297_14 | select    | auto_sel                 | 0       |
|      select_ln297_15_fu_665_p3                                 |     |        | select_ln297_15 | select    | auto_sel                 | 0       |
|      p_0_180_3_i_fu_673_p3                                     |     |        | p_0_180_3_i     | select    | auto_sel                 | 0       |
|      sparsemux_7_2_6_1_1_U10                                   |     |        | cyclic_offset_3 | sparsemux | compactencoding_realdef  | 0       |
|      sparsemux_7_2_6_1_1_U11                                   |     |        | cyclic_offset_4 | sparsemux | compactencoding_realdef  | 0       |
|      sparsemux_7_2_6_1_1_U12                                   |     |        | cyclic_offset_5 | sparsemux | compactencoding_realdef  | 0       |
|      sparsemux_7_2_6_1_1_U13                                   |     |        | cyclic_offset_6 | sparsemux | compactencoding_realdef  | 0       |
|      icmp_ln278_fu_420_p2                                      |     |        | icmp_ln278      | seteq     | auto                     | 0       |
|    + reverse_input_stream_UF2_Loop_STREAM_OUT_REVERSE_proc     | 0   |        |                 |           |                          |         |
|      i_fu_177_p2                                               |     |        | i               | add       | fabric                   | 0       |
|      icmp_ln356_fu_227_p2                                      |     |        | icmp_ln356      | seteq     | auto                     | 0       |
|   + FFT_Stage1_vectorstream_parameterize                       | 0   |        |                 |           |                          |         |
|    + FFT_Stage1_vectorstream_parameterize_Loop_FFT_Stage1_proc | 0   |        |                 |           |                          |         |
|      m_fu_159_p2                                               |     |        | m               | add       | fabric                   | 0       |
|      fadd_32ns_32ns_32_4_no_dsp_1_U46                          |     | yes    | d2_real         | fadd      | fabric                   | 3       |
|      fadd_32ns_32ns_32_4_no_dsp_1_U47                          |     | yes    | d2_imag         | fadd      | fabric                   | 3       |
|      fsub_32ns_32ns_32_4_no_dsp_1_U48                          |     | yes    | d3_real         | fsub      | fabric                   | 3       |
|      fsub_32ns_32ns_32_4_no_dsp_1_U49                          |     | yes    | d3_imag         | fsub      | fabric                   | 3       |
|      fadd_32ns_32ns_32_4_no_dsp_1_U50                          |     | yes    | d2_real_8       | fadd      | fabric                   | 3       |
|      fadd_32ns_32ns_32_4_no_dsp_1_U51                          |     | yes    | d2_imag_8       | fadd      | fabric                   | 3       |
|      fsub_32ns_32ns_32_4_no_dsp_1_U52                          |     | yes    | d3_real_8       | fsub      | fabric                   | 3       |
|      fsub_32ns_32ns_32_4_no_dsp_1_U53                          |     | yes    | d3_imag_8       | fsub      | fabric                   | 3       |
|      icmp_ln495_fu_337_p2                                      |     |        | icmp_ln495      | seteq     | auto                     | 0       |
|   + FFT_Stage2_vectorstreamIn_arrayOut_parametize              | 0   |        |                 |           |                          |         |
|     m_fu_336_p2                                                |     |        | m               | add       | fabric                   | 0       |
|     fadd_32ns_32ns_32_4_no_dsp_1_U60                           |     | yes    | d2_real         | fadd      | fabric                   | 3       |
|     fadd_32ns_32ns_32_4_no_dsp_1_U61                           |     | yes    | d2_imag         | fadd      | fabric                   | 3       |
|     fsub_32ns_32ns_32_4_no_dsp_1_U62                           |     | yes    | d3_real         | fsub      | fabric                   | 3       |
|     fsub_32ns_32ns_32_4_no_dsp_1_U63                           |     | yes    | d3_imag         | fsub      | fabric                   | 3       |
|     fadd_32ns_32ns_32_4_no_dsp_1_U64                           |     | yes    | d2_real_7       | fadd      | fabric                   | 3       |
|     fsub_32ns_32ns_32_4_no_dsp_1_U65                           |     | yes    | d2_imag_7       | fadd      | fabric                   | 3       |
|     fsub_32ns_32ns_32_4_no_dsp_1_U66                           |     | yes    | d3_real_7       | fsub      | fabric                   | 3       |
|     fadd_32ns_32ns_32_4_no_dsp_1_U67                           |     | yes    | d3_imag_7       | fsub      | fabric                   | 3       |
|   + FFT_stage_spatial_unroll_3_s                               | 8   |        |                 |           |                          |         |
|     add_ln412_5_fu_620_p2                                      |     |        | add_ln412_5     | add       | fabric                   | 0       |
|     select_ln412_fu_626_p3                                     |     |        | select_ln412    | select    | auto_sel                 | 0       |
|     m_fu_634_p3                                                |     |        | m               | select    | auto_sel                 | 0       |
|     empty_fu_642_p2                                            |     |        | empty           | seteq     | auto                     | 0       |
|     c_fu_828_p3                                                |     |        | c               | select    | auto_sel                 | 0       |
|     d_fu_835_p3                                                |     |        | d               | select    | auto_sel                 | 0       |
|     icmp_ln10_fu_842_p2                                        |     |        | icmp_ln10       | setne     | auto                     | 0       |
|     d0_real_fu_847_p3                                          |     |        | d0_real         | select    | auto_sel                 | 0       |
|     d0_imag_fu_855_p3                                          |     |        | d0_imag         | select    | auto_sel                 | 0       |
|     a_fu_863_p3                                                |     |        | a               | select    | auto_sel                 | 0       |
|     d1_real_16_fu_871_p3                                       |     |        | d1_real_16      | select    | auto_sel                 | 0       |
|     xor_ln16_fu_1004_p2                                        |     |        | xor_ln16        | xor       | auto                     | 0       |
|     fmul_32ns_32ns_32_1_primitive_dsp_1_U85                    | 1   |        | bd              | fmul      | primitivedsp             | 0       |
|     fmul_32ns_32ns_32_1_primitive_dsp_1_U86                    | 1   |        | bc              | fmul      | primitivedsp             | 0       |
|     fmsub_32ns_32ns_32ns_32ns_32_1_primitive_dsp_1_U91         | 1   | yes    | d1_real         | fmsub     | primitivedsp             | 0       |
|     fmadd_32ns_32ns_32ns_32ns_32_1_primitive_dsp_1_U89         | 1   | yes    | d1_imag         | fmadd     | primitivedsp             | 0       |
|     fadd_32ns_32ns_32_4_no_dsp_1_U77                           |     | yes    | d2_real         | fadd      | fabric                   | 3       |
|     fadd_32ns_32ns_32_4_no_dsp_1_U78                           |     | yes    | d2_imag         | fadd      | fabric                   | 3       |
|     fsub_32ns_32ns_32_4_no_dsp_1_U79                           |     | yes    | d3_real         | fsub      | fabric                   | 3       |
|     fsub_32ns_32ns_32_4_no_dsp_1_U80                           |     | yes    | d3_imag         | fsub      | fabric                   | 3       |
|     tw_fu_879_p3                                               |     |        | tw              | select    | auto_sel                 | 0       |
|     icmp_ln10_1_fu_893_p2                                      |     |        | icmp_ln10_1     | seteq     | auto                     | 0       |
|     select_ln10_fu_899_p3                                      |     |        | select_ln10     | select    | auto_sel                 | 0       |
|     d1_fu_907_p3                                               |     |        | d1              | select    | auto_sel                 | 0       |
|     select_ln10_2_fu_915_p3                                    |     |        | select_ln10_2   | select    | auto_sel                 | 0       |
|     d1_26_fu_923_p3                                            |     |        | d1_26           | select    | auto_sel                 | 0       |
|     fmul_32ns_32ns_32_1_primitive_dsp_1_U87                    | 1   |        | bd_6            | fmul      | primitivedsp             | 0       |
|     fmul_32ns_32ns_32_1_primitive_dsp_1_U88                    | 1   |        | bc_6            | fmul      | primitivedsp             | 0       |
|     fmsub_32ns_32ns_32ns_32ns_32_1_primitive_dsp_1_U92         | 1   | yes    | d1_real_18      | fmsub     | primitivedsp             | 0       |
|     fmadd_32ns_32ns_32ns_32ns_32_1_primitive_dsp_1_U90         | 1   | yes    | d1_imag_18      | fmadd     | primitivedsp             | 0       |
|     fadd_32ns_32ns_32_4_no_dsp_1_U81                           |     | yes    | d2_real_6       | fadd      | fabric                   | 3       |
|     fadd_32ns_32ns_32_4_no_dsp_1_U82                           |     | yes    | d2_imag_6       | fadd      | fabric                   | 3       |
|     fsub_32ns_32ns_32_4_no_dsp_1_U83                           |     | yes    | d3_real_6       | fsub      | fabric                   | 3       |
|     fsub_32ns_32ns_32_4_no_dsp_1_U84                           |     | yes    | d3_imag_6       | fsub      | fabric                   | 3       |
|     k_fu_776_p2                                                |     |        | k               | add       | fabric                   | 0       |
|     xor_ln415_fu_790_p2                                        |     |        | xor_ln415       | xor       | auto                     | 0       |
|     add_ln412_fu_796_p2                                        |     |        | add_ln412       | add       | fabric                   | 0       |
|     icmp_ln412_fu_802_p2                                       |     |        | icmp_ln412      | seteq     | auto                     | 0       |
|   + FFT_stage_spatial_unroll_4_s                               | 8   |        |                 |           |                          |         |
|     add_ln412_4_fu_522_p2                                      |     |        | add_ln412_4     | add       | fabric                   | 0       |
|     select_ln412_fu_528_p3                                     |     |        | select_ln412    | select    | auto_sel                 | 0       |
|     m_fu_536_p3                                                |     |        | m               | select    | auto_sel                 | 0       |
|     sparsemux_9_3_32_1_1_U124                                  |     |        | c               | sparsemux | compactencoding_dontcare | 0       |
|     sparsemux_9_3_32_1_1_U125                                  |     |        | d               | sparsemux | compactencoding_dontcare | 0       |
|     xor_ln16_fu_831_p2                                         |     |        | xor_ln16        | xor       | auto                     | 0       |
|     fmul_32ns_32ns_32_1_primitive_dsp_1_U116                   | 1   |        | bd              | fmul      | primitivedsp             | 0       |
|     fmul_32ns_32ns_32_1_primitive_dsp_1_U117                   | 1   |        | bc              | fmul      | primitivedsp             | 0       |
|     fmsub_32ns_32ns_32ns_32ns_32_1_primitive_dsp_1_U122        | 1   | yes    | d1_real         | fmsub     | primitivedsp             | 0       |
|     fmadd_32ns_32ns_32ns_32ns_32_1_primitive_dsp_1_U120        | 1   | yes    | d1_imag         | fmadd     | primitivedsp             | 0       |
|     fadd_32ns_32ns_32_4_no_dsp_1_U108                          |     | yes    | d2_real         | fadd      | fabric                   | 3       |
|     fadd_32ns_32ns_32_4_no_dsp_1_U109                          |     | yes    | d2_imag         | fadd      | fabric                   | 3       |
|     fsub_32ns_32ns_32_4_no_dsp_1_U110                          |     | yes    | d3_real         | fsub      | fabric                   | 3       |
|     fsub_32ns_32ns_32_4_no_dsp_1_U111                          |     | yes    | d3_imag         | fsub      | fabric                   | 3       |
|     sparsemux_9_3_32_1_1_U126                                  |     |        | tw              | sparsemux | compactencoding_dontcare | 0       |
|     sparsemux_9_3_32_1_1_U127                                  |     |        | tw_22           | sparsemux | compactencoding_dontcare | 0       |
|     fmul_32ns_32ns_32_1_primitive_dsp_1_U118                   | 1   |        | bd_5            | fmul      | primitivedsp             | 0       |
|     fmul_32ns_32ns_32_1_primitive_dsp_1_U119                   | 1   |        | bc_5            | fmul      | primitivedsp             | 0       |
|     fmsub_32ns_32ns_32ns_32ns_32_1_primitive_dsp_1_U123        | 1   | yes    | d1_real_15      | fmsub     | primitivedsp             | 0       |
|     fmadd_32ns_32ns_32ns_32ns_32_1_primitive_dsp_1_U121        | 1   | yes    | d1_imag_15      | fmadd     | primitivedsp             | 0       |
|     fadd_32ns_32ns_32_4_no_dsp_1_U112                          |     | yes    | d2_real_5       | fadd      | fabric                   | 3       |
|     fadd_32ns_32ns_32_4_no_dsp_1_U113                          |     | yes    | d2_imag_5       | fadd      | fabric                   | 3       |
|     fsub_32ns_32ns_32_4_no_dsp_1_U114                          |     | yes    | d3_real_5       | fsub      | fabric                   | 3       |
|     fsub_32ns_32ns_32_4_no_dsp_1_U115                          |     | yes    | d3_imag_5       | fsub      | fabric                   | 3       |
|     k_fu_740_p2                                                |     |        | k               | add       | fabric                   | 0       |
|     xor_ln415_fu_754_p2                                        |     |        | xor_ln415       | xor       | auto                     | 0       |
|     add_ln412_fu_760_p2                                        |     |        | add_ln412       | add       | fabric                   | 0       |
|     icmp_ln412_fu_766_p2                                       |     |        | icmp_ln412      | seteq     | auto                     | 0       |
|   + FFT_stage_spatial_unroll_5_s                               | 8   |        |                 |           |                          |         |
|     add_ln412_3_fu_546_p2                                      |     |        | add_ln412_3     | add       | fabric                   | 0       |
|     select_ln412_fu_552_p3                                     |     |        | select_ln412    | select    | auto_sel                 | 0       |
|     m_fu_560_p3                                                |     |        | m               | select    | auto_sel                 | 0       |
|     sparsemux_17_4_32_1_1_U153                                 |     |        | c               | sparsemux | compactencoding_dontcare | 0       |
|     sparsemux_17_4_32_1_1_U154                                 |     |        | d               | sparsemux | compactencoding_dontcare | 0       |
|     xor_ln16_fu_919_p2                                         |     |        | xor_ln16        | xor       | auto                     | 0       |
|     fmul_32ns_32ns_32_1_primitive_dsp_1_U145                   | 1   |        | bd              | fmul      | primitivedsp             | 0       |
|     fmul_32ns_32ns_32_1_primitive_dsp_1_U146                   | 1   |        | bc              | fmul      | primitivedsp             | 0       |
|     fmsub_32ns_32ns_32ns_32ns_32_1_primitive_dsp_1_U151        | 1   | yes    | d1_real         | fmsub     | primitivedsp             | 0       |
|     fmadd_32ns_32ns_32ns_32ns_32_1_primitive_dsp_1_U149        | 1   | yes    | d1_imag         | fmadd     | primitivedsp             | 0       |
|     fadd_32ns_32ns_32_4_no_dsp_1_U137                          |     | yes    | d2_real         | fadd      | fabric                   | 3       |
|     fadd_32ns_32ns_32_4_no_dsp_1_U138                          |     | yes    | d2_imag         | fadd      | fabric                   | 3       |
|     fsub_32ns_32ns_32_4_no_dsp_1_U139                          |     | yes    | d3_real         | fsub      | fabric                   | 3       |
|     fsub_32ns_32ns_32_4_no_dsp_1_U140                          |     | yes    | d3_imag         | fsub      | fabric                   | 3       |
|     sparsemux_17_4_32_1_1_U155                                 |     |        | tw              | sparsemux | compactencoding_dontcare | 0       |
|     sparsemux_17_4_32_1_1_U156                                 |     |        | tw_18           | sparsemux | compactencoding_dontcare | 0       |
|     fmul_32ns_32ns_32_1_primitive_dsp_1_U147                   | 1   |        | bd_4            | fmul      | primitivedsp             | 0       |
|     fmul_32ns_32ns_32_1_primitive_dsp_1_U148                   | 1   |        | bc_4            | fmul      | primitivedsp             | 0       |
|     fmsub_32ns_32ns_32ns_32ns_32_1_primitive_dsp_1_U152        | 1   | yes    | d1_real_12      | fmsub     | primitivedsp             | 0       |
|     fmadd_32ns_32ns_32ns_32ns_32_1_primitive_dsp_1_U150        | 1   | yes    | d1_imag_12      | fmadd     | primitivedsp             | 0       |
|     fadd_32ns_32ns_32_4_no_dsp_1_U141                          |     | yes    | d2_real_4       | fadd      | fabric                   | 3       |
|     fadd_32ns_32ns_32_4_no_dsp_1_U142                          |     | yes    | d2_imag_4       | fadd      | fabric                   | 3       |
|     fsub_32ns_32ns_32_4_no_dsp_1_U143                          |     | yes    | d3_real_4       | fsub      | fabric                   | 3       |
|     fsub_32ns_32ns_32_4_no_dsp_1_U144                          |     | yes    | d3_imag_4       | fsub      | fabric                   | 3       |
|     k_fu_828_p2                                                |     |        | k               | add       | fabric                   | 0       |
|     xor_ln415_fu_842_p2                                        |     |        | xor_ln415       | xor       | auto                     | 0       |
|     add_ln412_fu_848_p2                                        |     |        | add_ln412       | add       | fabric                   | 0       |
|     icmp_ln412_fu_854_p2                                       |     |        | icmp_ln412      | seteq     | auto                     | 0       |
|   + FFT_stage_spatial_unroll_6_s                               | 8   |        |                 |           |                          |         |
|     add_ln412_2_fu_592_p2                                      |     |        | add_ln412_2     | add       | fabric                   | 0       |
|     select_ln412_fu_598_p3                                     |     |        | select_ln412    | select    | auto_sel                 | 0       |
|     m_fu_606_p3                                                |     |        | m               | select    | auto_sel                 | 0       |
|     sparsemux_33_5_32_1_1_U182                                 |     |        | c               | sparsemux | compactencoding_dontcare | 0       |
|     sparsemux_33_5_32_1_1_U183                                 |     |        | d               | sparsemux | compactencoding_dontcare | 0       |
|     xor_ln16_fu_1093_p2                                        |     |        | xor_ln16        | xor       | auto                     | 0       |
|     fmul_32ns_32ns_32_1_primitive_dsp_1_U174                   | 1   |        | bd              | fmul      | primitivedsp             | 0       |
|     fmul_32ns_32ns_32_1_primitive_dsp_1_U175                   | 1   |        | bc              | fmul      | primitivedsp             | 0       |
|     fmsub_32ns_32ns_32ns_32ns_32_1_primitive_dsp_1_U180        | 1   | yes    | d1_real         | fmsub     | primitivedsp             | 0       |
|     fmadd_32ns_32ns_32ns_32ns_32_1_primitive_dsp_1_U178        | 1   | yes    | d1_imag         | fmadd     | primitivedsp             | 0       |
|     fadd_32ns_32ns_32_4_no_dsp_1_U166                          |     | yes    | d2_real         | fadd      | fabric                   | 3       |
|     fadd_32ns_32ns_32_4_no_dsp_1_U167                          |     | yes    | d2_imag         | fadd      | fabric                   | 3       |
|     fsub_32ns_32ns_32_4_no_dsp_1_U168                          |     | yes    | d3_real         | fsub      | fabric                   | 3       |
|     fsub_32ns_32ns_32_4_no_dsp_1_U169                          |     | yes    | d3_imag         | fsub      | fabric                   | 3       |
|     sparsemux_33_5_32_1_1_U184                                 |     |        | tw              | sparsemux | compactencoding_dontcare | 0       |
|     sparsemux_33_5_32_1_1_U185                                 |     |        | tw_14           | sparsemux | compactencoding_dontcare | 0       |
|     fmul_32ns_32ns_32_1_primitive_dsp_1_U176                   | 1   |        | bd_3            | fmul      | primitivedsp             | 0       |
|     fmul_32ns_32ns_32_1_primitive_dsp_1_U177                   | 1   |        | bc_3            | fmul      | primitivedsp             | 0       |
|     fmsub_32ns_32ns_32ns_32ns_32_1_primitive_dsp_1_U181        | 1   | yes    | d1_real_9       | fmsub     | primitivedsp             | 0       |
|     fmadd_32ns_32ns_32ns_32ns_32_1_primitive_dsp_1_U179        | 1   | yes    | d1_imag_9       | fmadd     | primitivedsp             | 0       |
|     fadd_32ns_32ns_32_4_no_dsp_1_U170                          |     | yes    | d2_real_3       | fadd      | fabric                   | 3       |
|     fadd_32ns_32ns_32_4_no_dsp_1_U171                          |     | yes    | d2_imag_3       | fadd      | fabric                   | 3       |
|     fsub_32ns_32ns_32_4_no_dsp_1_U172                          |     | yes    | d3_real_3       | fsub      | fabric                   | 3       |
|     fsub_32ns_32ns_32_4_no_dsp_1_U173                          |     | yes    | d3_imag_3       | fsub      | fabric                   | 3       |
|     k_fu_1002_p2                                               |     |        | k               | add       | fabric                   | 0       |
|     xor_ln415_fu_1016_p2                                       |     |        | xor_ln415       | xor       | auto                     | 0       |
|     add_ln412_fu_1022_p2                                       |     |        | add_ln412       | add       | fabric                   | 0       |
|     icmp_ln412_fu_1028_p2                                      |     |        | icmp_ln412      | seteq     | auto                     | 0       |
|   + FFT_stage_spatial_unroll_7_s                               | 8   |        |                 |           |                          |         |
|     add_ln412_1_fu_686_p2                                      |     |        | add_ln412_1     | add       | fabric                   | 0       |
|     select_ln412_fu_692_p3                                     |     |        | select_ln412    | select    | auto_sel                 | 0       |
|     m_fu_700_p3                                                |     |        | m               | select    | auto_sel                 | 0       |
|     sparsemux_65_6_32_1_1_U211                                 |     |        | c               | sparsemux | compactencoding_dontcare | 0       |
|     sparsemux_65_6_32_1_1_U212                                 |     |        | d               | sparsemux | compactencoding_dontcare | 0       |
|     xor_ln16_fu_1441_p2                                        |     |        | xor_ln16        | xor       | auto                     | 0       |
|     fmul_32ns_32ns_32_1_primitive_dsp_1_U203                   | 1   |        | bd              | fmul      | primitivedsp             | 0       |
|     fmul_32ns_32ns_32_1_primitive_dsp_1_U204                   | 1   |        | bc              | fmul      | primitivedsp             | 0       |
|     fmsub_32ns_32ns_32ns_32ns_32_1_primitive_dsp_1_U209        | 1   | yes    | d1_real         | fmsub     | primitivedsp             | 0       |
|     fmadd_32ns_32ns_32ns_32ns_32_1_primitive_dsp_1_U207        | 1   | yes    | d1_imag         | fmadd     | primitivedsp             | 0       |
|     fadd_32ns_32ns_32_4_no_dsp_1_U195                          |     | yes    | d2_real         | fadd      | fabric                   | 3       |
|     fadd_32ns_32ns_32_4_no_dsp_1_U196                          |     | yes    | d2_imag         | fadd      | fabric                   | 3       |
|     fsub_32ns_32ns_32_4_no_dsp_1_U197                          |     | yes    | d3_real         | fsub      | fabric                   | 3       |
|     fsub_32ns_32ns_32_4_no_dsp_1_U198                          |     | yes    | d3_imag         | fsub      | fabric                   | 3       |
|     sparsemux_65_6_32_1_1_U213                                 |     |        | tw              | sparsemux | compactencoding_dontcare | 0       |
|     sparsemux_65_6_32_1_1_U214                                 |     |        | tw_9            | sparsemux | compactencoding_dontcare | 0       |
|     fmul_32ns_32ns_32_1_primitive_dsp_1_U205                   | 1   |        | bd_2            | fmul      | primitivedsp             | 0       |
|     fmul_32ns_32ns_32_1_primitive_dsp_1_U206                   | 1   |        | bc_2            | fmul      | primitivedsp             | 0       |
|     fmsub_32ns_32ns_32ns_32ns_32_1_primitive_dsp_1_U210        | 1   | yes    | d1_real_6       | fmsub     | primitivedsp             | 0       |
|     fmadd_32ns_32ns_32ns_32ns_32_1_primitive_dsp_1_U208        | 1   | yes    | d1_imag_6       | fmadd     | primitivedsp             | 0       |
|     fadd_32ns_32ns_32_4_no_dsp_1_U199                          |     | yes    | d2_real_2       | fadd      | fabric                   | 3       |
|     fadd_32ns_32ns_32_4_no_dsp_1_U200                          |     | yes    | d2_imag_2       | fadd      | fabric                   | 3       |
|     fsub_32ns_32ns_32_4_no_dsp_1_U201                          |     | yes    | d3_real_2       | fsub      | fabric                   | 3       |
|     fsub_32ns_32ns_32_4_no_dsp_1_U202                          |     | yes    | d3_imag_2       | fsub      | fabric                   | 3       |
|     k_fu_1350_p2                                               |     |        | k               | add       | fabric                   | 0       |
|     xor_ln415_fu_1364_p2                                       |     |        | xor_ln415       | xor       | auto                     | 0       |
|     add_ln412_fu_1370_p2                                       |     |        | add_ln412       | add       | fabric                   | 0       |
|     icmp_ln412_fu_1376_p2                                      |     |        | icmp_ln412      | seteq     | auto                     | 0       |
|   + FFT_stage_spatial_unroll_8_s                               | 8   |        |                 |           |                          |         |
|     sparsemux_129_7_32_1_1_U240                                |     |        | tw              | sparsemux | compactencoding_dontcare | 0       |
|     sparsemux_129_7_32_1_1_U241                                |     |        | tw_3            | sparsemux | compactencoding_dontcare | 0       |
|     xor_ln16_fu_2008_p2                                        |     |        | xor_ln16        | xor       | auto                     | 0       |
|     fmul_32ns_32ns_32_1_primitive_dsp_1_U232                   | 1   |        | bd              | fmul      | primitivedsp             | 0       |
|     fmul_32ns_32ns_32_1_primitive_dsp_1_U233                   | 1   |        | bc              | fmul      | primitivedsp             | 0       |
|     fmsub_32ns_32ns_32ns_32ns_32_1_primitive_dsp_1_U238        | 1   | yes    | d1_real         | fmsub     | primitivedsp             | 0       |
|     fmadd_32ns_32ns_32ns_32ns_32_1_primitive_dsp_1_U236        | 1   | yes    | d1_imag         | fmadd     | primitivedsp             | 0       |
|     k_fu_1406_p2                                               |     |        | k               | add       | fabric                   | 0       |
|     fadd_32ns_32ns_32_4_no_dsp_1_U224                          |     | yes    | d2_real         | fadd      | fabric                   | 3       |
|     fadd_32ns_32ns_32_4_no_dsp_1_U225                          |     | yes    | d2_imag         | fadd      | fabric                   | 3       |
|     fsub_32ns_32ns_32_4_no_dsp_1_U226                          |     | yes    | d3_real         | fsub      | fabric                   | 3       |
|     fsub_32ns_32ns_32_4_no_dsp_1_U227                          |     | yes    | d3_imag         | fsub      | fabric                   | 3       |
|     sparsemux_129_7_32_1_1_U242                                |     |        | tw_4            | sparsemux | compactencoding_dontcare | 0       |
|     sparsemux_129_7_32_1_1_U243                                |     |        | tw_5            | sparsemux | compactencoding_dontcare | 0       |
|     fmul_32ns_32ns_32_1_primitive_dsp_1_U234                   | 1   |        | bd_1            | fmul      | primitivedsp             | 0       |
|     fmul_32ns_32ns_32_1_primitive_dsp_1_U235                   | 1   |        | bc_1            | fmul      | primitivedsp             | 0       |
|     fmsub_32ns_32ns_32ns_32ns_32_1_primitive_dsp_1_U239        | 1   | yes    | d1_real_3       | fmsub     | primitivedsp             | 0       |
|     fmadd_32ns_32ns_32ns_32ns_32_1_primitive_dsp_1_U237        | 1   | yes    | d1_imag_3       | fmadd     | primitivedsp             | 0       |
|     fadd_32ns_32ns_32_4_no_dsp_1_U228                          |     | yes    | d2_real_1       | fadd      | fabric                   | 3       |
|     fadd_32ns_32ns_32_4_no_dsp_1_U229                          |     | yes    | d2_imag_1       | fadd      | fabric                   | 3       |
|     fsub_32ns_32ns_32_4_no_dsp_1_U230                          |     | yes    | d3_real_1       | fsub      | fabric                   | 3       |
|     fsub_32ns_32ns_32_4_no_dsp_1_U231                          |     | yes    | d3_imag_1       | fsub      | fabric                   | 3       |
|   + output_result_array_to_stream                              | 0   |        |                 |           |                          |         |
|     i_fu_171_p2                                                |     |        | i               | add       | fabric                   | 0       |
|     icmp_ln55_fu_241_p2                                        |     |        | icmp_ln55       | seteq     | auto                     | 0       |
+----------------------------------------------------------------+-----+--------+-----------------+-----------+--------------------------+---------+


================================================================
== Storage Report
================================================================
+--------------------------------------------------------------------------------+-----------------+--------+------+------+--------+---------------------------------------------------------------------------+--------+---------+------------------+
| Name                                                                           | Usage           | Type   | BRAM | URAM | Pragma | Variable                                                                  | Impl   | Latency | Bitwidth, Depth, |
|                                                                                |                 |        |      |      |        |                                                                           |        |         | Banks            |
+--------------------------------------------------------------------------------+-----------------+--------+------+------+--------+---------------------------------------------------------------------------+--------+---------+------------------+
| + FFT_TOP                                                                      |                 |        | 0    | 0    |        |                                                                           |        |         |                  |
|  + FFT_DIT_spatial_unroll_CY_stream_vector                                     |                 |        | 0    | 0    |        |                                                                           |        |         |                  |
|    reverse_in_stream_vector_U                                                  | fifo channel    | stream |      |      |        | reverse_in_stream_vector                                                  | srl    | 0       | 256, 2, 1        |
|    data_s1_stream_vector_U                                                     | fifo channel    | stream |      |      |        | data_s1_stream_vector                                                     | srl    | 0       | 256, 2, 1        |
|    FFT_DIT_spatial_unroll_CY_stream_vector_stream_stream_vector_0_data_0_0_0_U | ram_2p channel  | pipo   |      |      |        | FFT_DIT_spatial_unroll_CY_stream_vector_stream_stream_vector_0_data_0_0_0 | lutram | 1       | 32, 64, 2        |
|    FFT_DIT_spatial_unroll_CY_stream_vector_stream_stream_vector_0_data_0_0_1_U | ram_2p channel  | pipo   |      |      |        | FFT_DIT_spatial_unroll_CY_stream_vector_stream_stream_vector_0_data_0_0_1 | lutram | 1       | 32, 64, 2        |
|    FFT_DIT_spatial_unroll_CY_stream_vector_stream_stream_vector_0_data_0_0_2_U | ram_2p channel  | pipo   |      |      |        | FFT_DIT_spatial_unroll_CY_stream_vector_stream_stream_vector_0_data_0_0_2 | lutram | 1       | 32, 64, 2        |
|    FFT_DIT_spatial_unroll_CY_stream_vector_stream_stream_vector_0_data_0_0_3_U | ram_2p channel  | pipo   |      |      |        | FFT_DIT_spatial_unroll_CY_stream_vector_stream_stream_vector_0_data_0_0_3 | lutram | 1       | 32, 64, 2        |
|    FFT_DIT_spatial_unroll_CY_stream_vector_stream_stream_vector_0_data_0_1_0_U | ram_2p channel  | pipo   |      |      |        | FFT_DIT_spatial_unroll_CY_stream_vector_stream_stream_vector_0_data_0_1_0 | lutram | 1       | 32, 64, 2        |
|    FFT_DIT_spatial_unroll_CY_stream_vector_stream_stream_vector_0_data_0_1_1_U | ram_2p channel  | pipo   |      |      |        | FFT_DIT_spatial_unroll_CY_stream_vector_stream_stream_vector_0_data_0_1_1 | lutram | 1       | 32, 64, 2        |
|    FFT_DIT_spatial_unroll_CY_stream_vector_stream_stream_vector_0_data_0_1_2_U | ram_2p channel  | pipo   |      |      |        | FFT_DIT_spatial_unroll_CY_stream_vector_stream_stream_vector_0_data_0_1_2 | lutram | 1       | 32, 64, 2        |
|    FFT_DIT_spatial_unroll_CY_stream_vector_stream_stream_vector_0_data_0_1_3_U | ram_2p channel  | pipo   |      |      |        | FFT_DIT_spatial_unroll_CY_stream_vector_stream_stream_vector_0_data_0_1_3 | lutram | 1       | 32, 64, 2        |
|    FFT_DIT_spatial_unroll_CY_stream_vector_stream_stream_vector_0_data_1_0_0_U | ram_t2p channel | pipo   | 2    |      |        | FFT_DIT_spatial_unroll_CY_stream_vector_stream_stream_vector_0_data_1_0_0 | auto   | 1       | 32, 128, 2       |
|    FFT_DIT_spatial_unroll_CY_stream_vector_stream_stream_vector_0_data_1_0_1_U | ram_t2p channel | pipo   | 2    |      |        | FFT_DIT_spatial_unroll_CY_stream_vector_stream_stream_vector_0_data_1_0_1 | auto   | 1       | 32, 128, 2       |
|    FFT_DIT_spatial_unroll_CY_stream_vector_stream_stream_vector_0_data_1_1_0_U | ram_t2p channel | pipo   | 2    |      |        | FFT_DIT_spatial_unroll_CY_stream_vector_stream_stream_vector_0_data_1_1_0 | auto   | 1       | 32, 128, 2       |
|    FFT_DIT_spatial_unroll_CY_stream_vector_stream_stream_vector_0_data_1_1_1_U | ram_t2p channel | pipo   | 2    |      |        | FFT_DIT_spatial_unroll_CY_stream_vector_stream_stream_vector_0_data_1_1_1 | auto   | 1       | 32, 128, 2       |
|    FFT_DIT_spatial_unroll_CY_stream_vector_stream_stream_vector_0_data_2_0_0_U | ram_t2p channel | pipo   | 2    |      |        | FFT_DIT_spatial_unroll_CY_stream_vector_stream_stream_vector_0_data_2_0_0 | auto   | 1       | 32, 128, 2       |
|    FFT_DIT_spatial_unroll_CY_stream_vector_stream_stream_vector_0_data_2_0_1_U | ram_t2p channel | pipo   | 2    |      |        | FFT_DIT_spatial_unroll_CY_stream_vector_stream_stream_vector_0_data_2_0_1 | auto   | 1       | 32, 128, 2       |
|    FFT_DIT_spatial_unroll_CY_stream_vector_stream_stream_vector_0_data_2_1_0_U | ram_t2p channel | pipo   | 2    |      |        | FFT_DIT_spatial_unroll_CY_stream_vector_stream_stream_vector_0_data_2_1_0 | auto   | 1       | 32, 128, 2       |
|    FFT_DIT_spatial_unroll_CY_stream_vector_stream_stream_vector_0_data_2_1_1_U | ram_t2p channel | pipo   | 2    |      |        | FFT_DIT_spatial_unroll_CY_stream_vector_stream_stream_vector_0_data_2_1_1 | auto   | 1       | 32, 128, 2       |
|    FFT_DIT_spatial_unroll_CY_stream_vector_stream_stream_vector_0_data_3_0_0_U | ram_t2p channel | pipo   | 2    |      |        | FFT_DIT_spatial_unroll_CY_stream_vector_stream_stream_vector_0_data_3_0_0 | auto   | 1       | 32, 128, 2       |
|    FFT_DIT_spatial_unroll_CY_stream_vector_stream_stream_vector_0_data_3_0_1_U | ram_t2p channel | pipo   | 2    |      |        | FFT_DIT_spatial_unroll_CY_stream_vector_stream_stream_vector_0_data_3_0_1 | auto   | 1       | 32, 128, 2       |
|    FFT_DIT_spatial_unroll_CY_stream_vector_stream_stream_vector_0_data_3_1_0_U | ram_t2p channel | pipo   | 2    |      |        | FFT_DIT_spatial_unroll_CY_stream_vector_stream_stream_vector_0_data_3_1_0 | auto   | 1       | 32, 128, 2       |
|    FFT_DIT_spatial_unroll_CY_stream_vector_stream_stream_vector_0_data_3_1_1_U | ram_t2p channel | pipo   | 2    |      |        | FFT_DIT_spatial_unroll_CY_stream_vector_stream_stream_vector_0_data_3_1_1 | auto   | 1       | 32, 128, 2       |
|    FFT_DIT_spatial_unroll_CY_stream_vector_stream_stream_vector_0_data_4_0_0_U | ram_t2p channel | pipo   | 2    |      |        | FFT_DIT_spatial_unroll_CY_stream_vector_stream_stream_vector_0_data_4_0_0 | auto   | 1       | 32, 128, 2       |
|    FFT_DIT_spatial_unroll_CY_stream_vector_stream_stream_vector_0_data_4_0_1_U | ram_t2p channel | pipo   | 2    |      |        | FFT_DIT_spatial_unroll_CY_stream_vector_stream_stream_vector_0_data_4_0_1 | auto   | 1       | 32, 128, 2       |
|    FFT_DIT_spatial_unroll_CY_stream_vector_stream_stream_vector_0_data_4_1_0_U | ram_t2p channel | pipo   | 2    |      |        | FFT_DIT_spatial_unroll_CY_stream_vector_stream_stream_vector_0_data_4_1_0 | auto   | 1       | 32, 128, 2       |
|    FFT_DIT_spatial_unroll_CY_stream_vector_stream_stream_vector_0_data_4_1_1_U | ram_t2p channel | pipo   | 2    |      |        | FFT_DIT_spatial_unroll_CY_stream_vector_stream_stream_vector_0_data_4_1_1 | auto   | 1       | 32, 128, 2       |
|    FFT_DIT_spatial_unroll_CY_stream_vector_stream_stream_vector_0_data_5_0_0_U | ram_t2p channel | pipo   | 2    |      |        | FFT_DIT_spatial_unroll_CY_stream_vector_stream_stream_vector_0_data_5_0_0 | auto   | 1       | 32, 128, 2       |
|    FFT_DIT_spatial_unroll_CY_stream_vector_stream_stream_vector_0_data_5_0_1_U | ram_t2p channel | pipo   | 2    |      |        | FFT_DIT_spatial_unroll_CY_stream_vector_stream_stream_vector_0_data_5_0_1 | auto   | 1       | 32, 128, 2       |
|    FFT_DIT_spatial_unroll_CY_stream_vector_stream_stream_vector_0_data_5_1_0_U | ram_t2p channel | pipo   | 2    |      |        | FFT_DIT_spatial_unroll_CY_stream_vector_stream_stream_vector_0_data_5_1_0 | auto   | 1       | 32, 128, 2       |
|    FFT_DIT_spatial_unroll_CY_stream_vector_stream_stream_vector_0_data_5_1_1_U | ram_t2p channel | pipo   | 2    |      |        | FFT_DIT_spatial_unroll_CY_stream_vector_stream_stream_vector_0_data_5_1_1 | auto   | 1       | 32, 128, 2       |
|    FFT_DIT_spatial_unroll_CY_stream_vector_stream_stream_vector_0_data_6_0_0_U | ram_t2p channel | pipo   | 2    |      |        | FFT_DIT_spatial_unroll_CY_stream_vector_stream_stream_vector_0_data_6_0_0 | auto   | 1       | 32, 128, 2       |
|    FFT_DIT_spatial_unroll_CY_stream_vector_stream_stream_vector_0_data_6_0_1_U | ram_t2p channel | pipo   | 2    |      |        | FFT_DIT_spatial_unroll_CY_stream_vector_stream_stream_vector_0_data_6_0_1 | auto   | 1       | 32, 128, 2       |
|    FFT_DIT_spatial_unroll_CY_stream_vector_stream_stream_vector_0_data_6_1_0_U | ram_t2p channel | pipo   | 2    |      |        | FFT_DIT_spatial_unroll_CY_stream_vector_stream_stream_vector_0_data_6_1_0 | auto   | 1       | 32, 128, 2       |
|    FFT_DIT_spatial_unroll_CY_stream_vector_stream_stream_vector_0_data_6_1_1_U | ram_t2p channel | pipo   | 2    |      |        | FFT_DIT_spatial_unroll_CY_stream_vector_stream_stream_vector_0_data_6_1_1 | auto   | 1       | 32, 128, 2       |
|   + reverse_input_stream_UF2                                                   |                 |        | 0    | 0    |        |                                                                           |        |         |                  |
|     reverse_input_stream_UF2_stream_stream_vector_0_data_rev_stream_0_0_U      | ram_1p channel  | pipo   |      |      |        | reverse_input_stream_UF2_stream_stream_vector_0_data_rev_stream_0_0       | auto   | 1       | 32, 64, 2        |
|     reverse_input_stream_UF2_stream_stream_vector_0_data_rev_stream_0_2_U      | ram_1p channel  | pipo   |      |      |        | reverse_input_stream_UF2_stream_stream_vector_0_data_rev_stream_0_2       | auto   | 1       | 32, 64, 2        |
|     reverse_input_stream_UF2_stream_stream_vector_0_data_rev_stream_0_1_U      | ram_1p channel  | pipo   |      |      |        | reverse_input_stream_UF2_stream_stream_vector_0_data_rev_stream_0_1       | auto   | 1       | 32, 64, 2        |
|     reverse_input_stream_UF2_stream_stream_vector_0_data_rev_stream_0_3_U      | ram_1p channel  | pipo   |      |      |        | reverse_input_stream_UF2_stream_stream_vector_0_data_rev_stream_0_3       | auto   | 1       | 32, 64, 2        |
|     reverse_input_stream_UF2_stream_stream_vector_0_data_rev_stream_1_0_U      | ram_1p channel  | pipo   |      |      |        | reverse_input_stream_UF2_stream_stream_vector_0_data_rev_stream_1_0       | auto   | 1       | 32, 64, 2        |
|     reverse_input_stream_UF2_stream_stream_vector_0_data_rev_stream_1_2_U      | ram_1p channel  | pipo   |      |      |        | reverse_input_stream_UF2_stream_stream_vector_0_data_rev_stream_1_2       | auto   | 1       | 32, 64, 2        |
|     reverse_input_stream_UF2_stream_stream_vector_0_data_rev_stream_1_1_U      | ram_1p channel  | pipo   |      |      |        | reverse_input_stream_UF2_stream_stream_vector_0_data_rev_stream_1_1       | auto   | 1       | 32, 64, 2        |
|     reverse_input_stream_UF2_stream_stream_vector_0_data_rev_stream_1_3_U      | ram_1p channel  | pipo   |      |      |        | reverse_input_stream_UF2_stream_stream_vector_0_data_rev_stream_1_3       | auto   | 1       | 32, 64, 2        |
|     reverse_input_stream_UF2_stream_stream_vector_0_data_in_cyclic_0_0_U       | ram_1p channel  | pipo   |      |      |        | reverse_input_stream_UF2_stream_stream_vector_0_data_in_cyclic_0_0        | auto   | 1       | 32, 64, 2        |
|     reverse_input_stream_UF2_stream_stream_vector_0_data_in_cyclic_0_1_U       | ram_1p channel  | pipo   |      |      |        | reverse_input_stream_UF2_stream_stream_vector_0_data_in_cyclic_0_1        | auto   | 1       | 32, 64, 2        |
|     reverse_input_stream_UF2_stream_stream_vector_0_data_in_cyclic_0_2_U       | ram_1p channel  | pipo   |      |      |        | reverse_input_stream_UF2_stream_stream_vector_0_data_in_cyclic_0_2        | auto   | 1       | 32, 64, 2        |
|     reverse_input_stream_UF2_stream_stream_vector_0_data_in_cyclic_0_3_U       | ram_1p channel  | pipo   |      |      |        | reverse_input_stream_UF2_stream_stream_vector_0_data_in_cyclic_0_3        | auto   | 1       | 32, 64, 2        |
|     reverse_input_stream_UF2_stream_stream_vector_0_data_in_cyclic_1_0_U       | ram_1p channel  | pipo   |      |      |        | reverse_input_stream_UF2_stream_stream_vector_0_data_in_cyclic_1_0        | auto   | 1       | 32, 64, 2        |
|     reverse_input_stream_UF2_stream_stream_vector_0_data_in_cyclic_1_1_U       | ram_1p channel  | pipo   |      |      |        | reverse_input_stream_UF2_stream_stream_vector_0_data_in_cyclic_1_1        | auto   | 1       | 32, 64, 2        |
|     reverse_input_stream_UF2_stream_stream_vector_0_data_in_cyclic_1_2_U       | ram_1p channel  | pipo   |      |      |        | reverse_input_stream_UF2_stream_stream_vector_0_data_in_cyclic_1_2        | auto   | 1       | 32, 64, 2        |
|     reverse_input_stream_UF2_stream_stream_vector_0_data_in_cyclic_1_3_U       | ram_1p channel  | pipo   |      |      |        | reverse_input_stream_UF2_stream_stream_vector_0_data_in_cyclic_1_3        | auto   | 1       | 32, 64, 2        |
+--------------------------------------------------------------------------------+-----------------+--------+------+------+--------+---------------------------------------------------------------------------+--------+---------+------------------+


================================================================
== Pragma Report
================================================================
* Pragmas with Warnings
+-------------+--------------------------------+--------------------------------------------------------+--------------------------------------------------------------------------------------------------------------------------------------------------------------------------------------------------------------------------------------------------------------+
| Type        | Options                        | Location                                               | Messages                                                                                                                                                                                                                                                     |
+-------------+--------------------------------+--------------------------------------------------------+--------------------------------------------------------------------------------------------------------------------------------------------------------------------------------------------------------------------------------------------------------------+
| dataflow    | disable_start_propagation      | FFT.cpp:244 in reverse_input_stream_uf2                | Since the only kind of statements allowed in a canonical dataflow region are variable declarations and function calls, the compiler may not be able to correctly handle the region                                                                           |
| performance | target_ti=256/(2*2) unit=cycle | FFT.cpp:245 in reverse_input_stream_uf2                | Cannot apply performance pragma for function 'reverse_input_stream_UF2(hls::stream<hls::vector<std::complex<float>, 4ul>, 0>&, hls::stream<hls::vector<std::complex<float>, 4ul>, 0>&)' (FFT.cpp:231)because dataflow pragma takes precedence                |
| unroll      | factor=2>>(stage-1)            | FFT.cpp:381 in fft_stage_spatial_unroll                | Unroll pragma is ignored, because 'factor' is not positive integer                                                                                                                                                                                           |
| dataflow    | disable_start_propagation      | FFT.cpp:493 in fft_stage1_vectorstream_parameterize    | Since the only kind of statements allowed in a canonical dataflow region are variable declarations and function calls, the compiler may not be able to correctly handle the region                                                                           |
| performance | target_ti=256/(2*2) unit=cycle | FFT.cpp:553 in fft_dit_spatial_unroll_cy_stream_vector | Cannot apply performance pragma for function 'FFT_DIT_spatial_unroll_CY_stream_vector(hls::stream<hls::vector<std::complex<float>, 4ul>, 0>&, hls::stream<hls::vector<std::complex<float>, 4ul>, 0>&)' (FFT.cpp:550)because dataflow pragma takes precedence |
| dataflow    | disable_start_propagation      | FFT.cpp:598 in fft_top                                 | Since the only kind of statements allowed in a canonical dataflow region are variable declarations and function calls, the compiler may not be able to correctly handle the region                                                                           |
+-------------+--------------------------------+--------------------------------------------------------+--------------------------------------------------------------------------------------------------------------------------------------------------------------------------------------------------------------------------------------------------------------+

* Valid Pragma Syntax
+-----------------+------------------------------------------------------+-----------------------------------------------------------------------+
| Type            | Options                                              | Location                                                              |
+-----------------+------------------------------------------------------+-----------------------------------------------------------------------+
| inline          |                                                      | FFT.cpp:9 in radix2_bfly_double_buffer_quarter_cy                     |
| bind_op         | variable=d1_real op=fsub impl=fabric                 | FFT.cpp:19 in radix2_bfly_double_buffer_quarter_cy, d1_real           |
| bind_op         | variable=d1_imag op=fadd impl=fabric                 | FFT.cpp:20 in radix2_bfly_double_buffer_quarter_cy, d1_imag           |
| bind_op         | variable=d2_real op=fadd impl=fabric                 | FFT.cpp:35 in radix2_bfly_double_buffer_quarter_cy, d2_real           |
| bind_op         | variable=d2_imag op=fadd impl=fabric                 | FFT.cpp:36 in radix2_bfly_double_buffer_quarter_cy, d2_imag           |
| bind_op         | variable=d3_real op=fsub impl=fabric                 | FFT.cpp:37 in radix2_bfly_double_buffer_quarter_cy, d3_real           |
| bind_op         | variable=d3_imag op=fsub impl=fabric                 | FFT.cpp:38 in radix2_bfly_double_buffer_quarter_cy, d3_imag           |
| performance     | target_ti=256/(2*2) unit=cycle                       | FFT.cpp:54 in output_result_array_to_stream                           |
| performance     | target_ti=256/(2*2) unit=cycle                       | FFT.cpp:56 in output_result_array_to_stream                           |
| pipeline        |                                                      | FFT.cpp:57 in output_result_array_to_stream                           |
| inline          |                                                      | FFT.cpp:68 in bit_reverse                                             |
| unroll          |                                                      | FFT.cpp:71 in bit_reverse                                             |
| pipeline        | II=1                                                 | FFT.cpp:89 in reverse_read_stream_input                               |
| performance     | target_ti=256/(2*2) unit=cycle                       | FFT.cpp:90 in reverse_read_stream_input                               |
| array_partition | variable=original type=complete dim=1                | FFT.cpp:94 in reverse_read_stream_input, original                     |
| array_partition | variable=reversed type=complete dim=1                | FFT.cpp:99 in reverse_read_stream_input, reversed                     |
| dependence      | variable=data_rev_stream_0 inter direction=WAW false | FFT.cpp:104 in reverse_read_stream_input, data_rev_stream_0           |
| dependence      | variable=data_rev_stream_1 inter direction=WAW false | FFT.cpp:105 in reverse_read_stream_input, data_rev_stream_1           |
| dependence      | variable=data_rev_stream_2 inter direction=WAW false | FFT.cpp:106 in reverse_read_stream_input, data_rev_stream_2           |
| dependence      | variable=data_rev_stream_3 inter direction=WAW false | FFT.cpp:107 in reverse_read_stream_input, data_rev_stream_3           |
| pipeline        | II=1                                                 | FFT.cpp:130 in reverse_from_block_to_cyclic                           |
| performance     | target_ti=256/(2*2) unit=cycle                       | FFT.cpp:131 in reverse_from_block_to_cyclic                           |
| array_partition | variable=offset type=complete dim=1                  | FFT.cpp:133 in reverse_from_block_to_cyclic, offset                   |
| array_partition | variable=cyclic_offset type=complete dim=1           | FFT.cpp:138 in reverse_from_block_to_cyclic, cyclic_offset            |
| array_partition | variable=block_data type=complete dim=1              | FFT.cpp:140 in reverse_from_block_to_cyclic, block_data               |
| array_partition | variable=cyclic_data type=complete dim=1             | FFT.cpp:150 in reverse_from_block_to_cyclic, cyclic_data              |
| dependence      | variable=data_in_cyclic inter direction=WAW false    | FFT.cpp:197 in reverse_from_block_to_cyclic, data_in_cyclic           |
| dependence      | variable=data_in_cyclic inter direction=WAW false    | FFT.cpp:201 in reverse_from_block_to_cyclic, data_in_cyclic           |
| pipeline        | II=1                                                 | FFT.cpp:217 in reverse_write_stream_output                            |
| performance     | target_ti=256/(2*2) unit=cycle                       | FFT.cpp:218 in reverse_write_stream_output                            |
| array_partition | variable=data_in_cyclic type=complete dim=1          | FFT.cpp:237 in reverse_input_stream_uf2, data_in_cyclic               |
| array_partition | variable=data_rev_stream type=complete dim=1         | FFT.cpp:238 in reverse_input_stream_uf2, data_rev_stream              |
| stream          | type=pipo variable=data_in_cyclic                    | FFT.cpp:241 in reverse_input_stream_uf2, data_in_cyclic               |
| stream          | type=pipo variable=data_rev_stream                   | FFT.cpp:242 in reverse_input_stream_uf2, data_rev_stream              |
| pipeline        | II=1                                                 | FFT.cpp:258 in reverse_input_stream_uf2                               |
| array_partition | variable=original type=complete dim=1                | FFT.cpp:263 in reverse_input_stream_uf2, original                     |
| array_partition | variable=reversed type=complete dim=1                | FFT.cpp:268 in reverse_input_stream_uf2, reversed                     |
| pipeline        | II=1                                                 | FFT.cpp:279 in reverse_input_stream_uf2                               |
| array_partition | variable=offset type=complete dim=1                  | FFT.cpp:282 in reverse_input_stream_uf2, offset                       |
| array_partition | variable=cyclic_offset type=complete dim=1           | FFT.cpp:287 in reverse_input_stream_uf2, cyclic_offset                |
| array_partition | variable=block_data type=complete dim=1              | FFT.cpp:289 in reverse_input_stream_uf2, block_data                   |
| array_partition | variable=cyclic_data type=complete dim=1             | FFT.cpp:295 in reverse_input_stream_uf2, cyclic_data                  |
| pipeline        | II=1                                                 | FFT.cpp:357 in reverse_input_stream_uf2                               |
| performance     | target_ti=256/(2*2) unit=cycle                       | FFT.cpp:380 in fft_stage_spatial_unroll                               |
| pipeline        |                                                      | FFT.cpp:382 in fft_stage_spatial_unroll                               |
| bind_op         | variable=index op=mul impl=fabric                    | FFT.cpp:387 in fft_stage_spatial_unroll, index                        |
| pipeline        |                                                      | FFT.cpp:398 in fft_stage_spatial_unroll                               |
| unroll          | factor=2                                             | FFT.cpp:399 in fft_stage_spatial_unroll                               |
| performance     | target_ti=256/(2*2) unit=cycle                       | FFT.cpp:400 in fft_stage_spatial_unroll                               |
| bind_op         | variable=index op=mul impl=fabric                    | FFT.cpp:403 in fft_stage_spatial_unroll, index                        |
| performance     | target_ti=256/(2*2) unit=cycle                       | FFT.cpp:413 in fft_stage_spatial_unroll                               |
| pipeline        |                                                      | FFT.cpp:416 in fft_stage_spatial_unroll                               |
| unroll          | factor=2                                             | FFT.cpp:417 in fft_stage_spatial_unroll                               |
| bind_op         | variable=index op=mul impl=fabric                    | FFT.cpp:420 in fft_stage_spatial_unroll, index                        |
| array_partition | variable=twiddles complete                           | FFT.cpp:424 in fft_stage_spatial_unroll, twiddles                     |
| inline          |                                                      | FFT.cpp:434 in radix2_bfly_double_buffer_quarter_onlycompute          |
| bind_op         | variable=d1_real op=fsub impl=fabric                 | FFT.cpp:444 in radix2_bfly_double_buffer_quarter_onlycompute, d1_real |
| bind_op         | variable=d1_imag op=fadd impl=fabric                 | FFT.cpp:445 in radix2_bfly_double_buffer_quarter_onlycompute, d1_imag |
| bind_op         | variable=d2_real op=fadd impl=fabric                 | FFT.cpp:469 in radix2_bfly_double_buffer_quarter_onlycompute, d2_real |
| bind_op         | variable=d2_imag op=fadd impl=fabric                 | FFT.cpp:470 in radix2_bfly_double_buffer_quarter_onlycompute, d2_imag |
| bind_op         | variable=d3_real op=fsub impl=fabric                 | FFT.cpp:471 in radix2_bfly_double_buffer_quarter_onlycompute, d3_real |
| bind_op         | variable=d3_imag op=fsub impl=fabric                 | FFT.cpp:472 in radix2_bfly_double_buffer_quarter_onlycompute, d3_imag |
| performance     | target_ti=256/(2*2) unit=cycle                       | FFT.cpp:496 in fft_stage1_vectorstream_parameterize                   |
| pipeline        |                                                      | FFT.cpp:497 in fft_stage1_vectorstream_parameterize                   |
| performance     | target_ti=256/(2*2) unit=cycle                       | FFT.cpp:521 in fft_stage2_vectorstreamin_arrayout_parametize          |
| performance     | target_ti=256/(2*2) unit=cycle                       | FFT.cpp:523 in fft_stage2_vectorstreamin_arrayout_parametize          |
| pipeline        |                                                      | FFT.cpp:524 in fft_stage2_vectorstreamin_arrayout_parametize          |
| dataflow        | disable_start_propagation                            | FFT.cpp:552 in fft_dit_spatial_unroll_cy_stream_vector                |
| array_partition | variable=data_0 type=cyclic factor=2*2 dim=1         | FFT.cpp:565 in fft_dit_spatial_unroll_cy_stream_vector, data_0        |
| bind_storage    | variable=data_0 type=RAM_2P impl=LUTRAM              | FFT.cpp:566 in fft_dit_spatial_unroll_cy_stream_vector, data_0        |
| array_partition | variable=data_1 type=cyclic factor=2 dim=1           | FFT.cpp:569 in fft_dit_spatial_unroll_cy_stream_vector, data_1        |
| array_partition | variable=data_2 type=cyclic factor=2 dim=1           | FFT.cpp:570 in fft_dit_spatial_unroll_cy_stream_vector, data_2        |
| array_partition | variable=data_3 type=cyclic factor=2 dim=1           | FFT.cpp:571 in fft_dit_spatial_unroll_cy_stream_vector, data_3        |
| array_partition | variable=data_4 type=cyclic factor=2 dim=1           | FFT.cpp:572 in fft_dit_spatial_unroll_cy_stream_vector, data_4        |
| array_partition | variable=data_5 type=cyclic factor=2 dim=1           | FFT.cpp:573 in fft_dit_spatial_unroll_cy_stream_vector, data_5        |
| array_partition | variable=data_6 type=cyclic factor=2 dim=1           | FFT.cpp:574 in fft_dit_spatial_unroll_cy_stream_vector, data_6        |
+-----------------+------------------------------------------------------+-----------------------------------------------------------------------+

* Inferred Pragmas
+--------------------------+-----------------+---------+------------------------------------------------------------------------------------------------------+
| Source                   | Inferred Pragma | Options | Location                                                                                             |
+--------------------------+-----------------+---------+------------------------------------------------------------------------------------------------------+
| performance  FFT.cpp:56  | pipeline        | II=1    | loop PostP_Fwd_loop (FFT.cpp:55:18) in output_result_array_to_stream FFT.cpp:0:1                     |
| performance  FFT.cpp:400 | pipeline        | II=1    | loop R_Group_loop_bflySize_equal_FFT_NUM (FFT.cpp:397:13) in fft_stage_spatial_unroll<8> FFT.cpp:0:2 |
| performance  FFT.cpp:413 | pipeline        | II=1    | loop R_Group_loop (FFT.cpp:415:13) in fft_stage_spatial_unroll<7> FFT.cpp:0:3                        |
| performance  FFT.cpp:413 | loop_flatten    | 1       | loop R_Group_loop (FFT.cpp:415:13) in fft_stage_spatial_unroll<7> FFT.cpp:0:4                        |
| performance  FFT.cpp:413 | pipeline        | II=1    | loop R_Group_loop (FFT.cpp:415:13) in fft_stage_spatial_unroll<6> FFT.cpp:0:5                        |
| performance  FFT.cpp:413 | loop_flatten    | 1       | loop R_Group_loop (FFT.cpp:415:13) in fft_stage_spatial_unroll<6> FFT.cpp:0:6                        |
| performance  FFT.cpp:413 | pipeline        | II=1    | loop R_Group_loop (FFT.cpp:415:13) in fft_stage_spatial_unroll<5> FFT.cpp:0:7                        |
| performance  FFT.cpp:413 | loop_flatten    | 1       | loop R_Group_loop (FFT.cpp:415:13) in fft_stage_spatial_unroll<5> FFT.cpp:0:8                        |
| performance  FFT.cpp:413 | pipeline        | II=1    | loop R_Group_loop (FFT.cpp:415:13) in fft_stage_spatial_unroll<4> FFT.cpp:0:9                        |
| performance  FFT.cpp:413 | loop_flatten    | 1       | loop R_Group_loop (FFT.cpp:415:13) in fft_stage_spatial_unroll<4> FFT.cpp:0:10                       |
| performance  FFT.cpp:413 | pipeline        | II=1    | loop R_Group_loop (FFT.cpp:415:13) in fft_stage_spatial_unroll<3> FFT.cpp:0:11                       |
| performance  FFT.cpp:413 | loop_flatten    | 1       | loop R_Group_loop (FFT.cpp:415:13) in fft_stage_spatial_unroll<3> FFT.cpp:0:12                       |
| performance  FFT.cpp:496 | pipeline        | II=1    | loop FFT_Stage1 (FFT.cpp:495:14) in fft_stage1_vectorstream_parameterize FFT.cpp:0:14                |
| performance  FFT.cpp:523 | pipeline        | II=1    | loop FFT_Stage2 (FFT.cpp:522:13) in fft_stage2_vectorstreamin_arrayout_parametize FFT.cpp:0:13       |
+--------------------------+-----------------+---------+------------------------------------------------------------------------------------------------------+


