

================================================================
== Vitis HLS Report for 'FFT_stage_spatial_unroll_5_s'
================================================================
* Date:           Wed Apr  2 21:41:35 2025

* Version:        2024.2 (Build 5238294 on Nov  8 2024)
* Project:        build
* Solution:       FFT_250MHz (Vivado IP Flow Target)
* Product family: versalpremium
* Target device:  xcvp1802-lsvc4072-3HP-e-S


================================================================
== Performance Estimates
================================================================
+ Timing: 
    * Summary: 
    +--------+---------+----------+------------+
    |  Clock |  Target | Estimated| Uncertainty|
    +--------+---------+----------+------------+
    |ap_clk  |  4.00 ns|  2.908 ns|     1.08 ns|
    +--------+---------+----------+------------+

+ Latency: 
    * Summary: 
    +---------+---------+----------+----------+-----+-----+------------------------------------------------+
    |  Latency (cycles) |  Latency (absolute) |  Interval |                    Pipeline                    |
    |   min   |   max   |    min   |    max   | min | max |                      Type                      |
    +---------+---------+----------+----------+-----+-----+------------------------------------------------+
    |       42|       42|  0.168 us|  0.168 us|   33|   33|  loop auto-rewind stp (delay=1 clock cycles(s))|
    +---------+---------+----------+----------+-----+-----+------------------------------------------------+

    + Detail: 
        * Instance: 
        N/A

        * Loop: 
        +----------------------------+---------+---------+----------+-----------+-----------+------+----------+
        |                            |  Latency (cycles) | Iteration|  Initiation Interval  | Trip |          |
        |          Loop Name         |   min   |   max   |  Latency |  achieved |   target  | Count| Pipelined|
        +----------------------------+---------+---------+----------+-----------+-----------+------+----------+
        |- R_Pair_loop_R_Group_loop  |       40|       40|        10|          1|          1|    32|       yes|
        +----------------------------+---------+---------+----------+-----------+-----------+------+----------+



================================================================
== Utilization Estimates
================================================================
* Summary: 
+---------------------+---------+-------+---------+---------+------+
|         Name        | BRAM_18K|  DSP  |    FF   |   LUT   | URAM |
+---------------------+---------+-------+---------+---------+------+
|DSP                  |        -|      -|        -|        -|     -|
|Expression           |        -|      -|        0|       48|     -|
|FIFO                 |        -|      -|        -|        -|     -|
|Instance             |        -|     16|     2352|     6984|     -|
|Memory               |        -|      -|        -|        -|     -|
|Multiplexer          |        -|      -|        0|      824|     -|
|Register             |        -|      -|     4658|      404|     -|
+---------------------+---------+-------+---------+---------+------+
|Total                |        0|     16|     7010|     8260|     0|
+---------------------+---------+-------+---------+---------+------+
|Available SLR        |     2470|   3588|  1680448|   840224|   637|
+---------------------+---------+-------+---------+---------+------+
|Utilization SLR (%)  |        0|     ~0|       ~0|       ~0|     0|
+---------------------+---------+-------+---------+---------+------+
|Available            |     9882|  14352|  6721792|  3360896|  2549|
+---------------------+---------+-------+---------+---------+------+
|Utilization (%)      |        0|     ~0|       ~0|       ~0|     0|
+---------------------+---------+-------+---------+---------+------+

+ Detail: 
    * Instance: 
    +-------------------------------------------------------+--------------------------------------------------+---------+----+-----+-----+-----+
    |                        Instance                       |                      Module                      | BRAM_18K| DSP|  FF | LUT | URAM|
    +-------------------------------------------------------+--------------------------------------------------+---------+----+-----+-----+-----+
    |fadd_32ns_32ns_32_4_no_dsp_1_U175                      |fadd_32ns_32ns_32_4_no_dsp_1                      |        0|   0|  147|  356|    0|
    |fadd_32ns_32ns_32_4_no_dsp_1_U176                      |fadd_32ns_32ns_32_4_no_dsp_1                      |        0|   0|  147|  356|    0|
    |fadd_32ns_32ns_32_4_no_dsp_1_U179                      |fadd_32ns_32ns_32_4_no_dsp_1                      |        0|   0|  147|  356|    0|
    |fadd_32ns_32ns_32_4_no_dsp_1_U180                      |fadd_32ns_32ns_32_4_no_dsp_1                      |        0|   0|  147|  356|    0|
    |fadd_32ns_32ns_32_4_no_dsp_1_U183                      |fadd_32ns_32ns_32_4_no_dsp_1                      |        0|   0|  147|  356|    0|
    |fadd_32ns_32ns_32_4_no_dsp_1_U184                      |fadd_32ns_32ns_32_4_no_dsp_1                      |        0|   0|  147|  356|    0|
    |fadd_32ns_32ns_32_4_no_dsp_1_U187                      |fadd_32ns_32ns_32_4_no_dsp_1                      |        0|   0|  147|  356|    0|
    |fadd_32ns_32ns_32_4_no_dsp_1_U188                      |fadd_32ns_32ns_32_4_no_dsp_1                      |        0|   0|  147|  356|    0|
    |fmadd_32ns_32ns_32ns_32ns_32_1_primitive_dsp_1_x_U199  |fmadd_32ns_32ns_32ns_32ns_32_1_primitive_dsp_1_x  |        0|   1|    0|    1|    0|
    |fmadd_32ns_32ns_32ns_32ns_32_1_primitive_dsp_1_x_U200  |fmadd_32ns_32ns_32ns_32ns_32_1_primitive_dsp_1_x  |        0|   1|    0|    1|    0|
    |fmadd_32ns_32ns_32ns_32ns_32_1_primitive_dsp_1_x_U201  |fmadd_32ns_32ns_32ns_32ns_32_1_primitive_dsp_1_x  |        0|   1|    0|    1|    0|
    |fmadd_32ns_32ns_32ns_32ns_32_1_primitive_dsp_1_x_U202  |fmadd_32ns_32ns_32ns_32ns_32_1_primitive_dsp_1_x  |        0|   1|    0|    1|    0|
    |fmsub_32ns_32ns_32ns_32ns_32_1_primitive_dsp_1_x_U203  |fmsub_32ns_32ns_32ns_32ns_32_1_primitive_dsp_1_x  |        0|   1|    0|    1|    0|
    |fmsub_32ns_32ns_32ns_32ns_32_1_primitive_dsp_1_x_U204  |fmsub_32ns_32ns_32ns_32ns_32_1_primitive_dsp_1_x  |        0|   1|    0|    1|    0|
    |fmsub_32ns_32ns_32ns_32ns_32_1_primitive_dsp_1_x_U205  |fmsub_32ns_32ns_32ns_32ns_32_1_primitive_dsp_1_x  |        0|   1|    0|    1|    0|
    |fmsub_32ns_32ns_32ns_32ns_32_1_primitive_dsp_1_x_U206  |fmsub_32ns_32ns_32ns_32ns_32_1_primitive_dsp_1_x  |        0|   1|    0|    1|    0|
    |fmul_32ns_32ns_32_1_primitive_dsp_1_U191               |fmul_32ns_32ns_32_1_primitive_dsp_1               |        0|   1|    0|    0|    0|
    |fmul_32ns_32ns_32_1_primitive_dsp_1_U192               |fmul_32ns_32ns_32_1_primitive_dsp_1               |        0|   1|    0|    0|    0|
    |fmul_32ns_32ns_32_1_primitive_dsp_1_U193               |fmul_32ns_32ns_32_1_primitive_dsp_1               |        0|   1|    0|    0|    0|
    |fmul_32ns_32ns_32_1_primitive_dsp_1_U194               |fmul_32ns_32ns_32_1_primitive_dsp_1               |        0|   1|    0|    0|    0|
    |fmul_32ns_32ns_32_1_primitive_dsp_1_U195               |fmul_32ns_32ns_32_1_primitive_dsp_1               |        0|   1|    0|    0|    0|
    |fmul_32ns_32ns_32_1_primitive_dsp_1_U196               |fmul_32ns_32ns_32_1_primitive_dsp_1               |        0|   1|    0|    0|    0|
    |fmul_32ns_32ns_32_1_primitive_dsp_1_U197               |fmul_32ns_32ns_32_1_primitive_dsp_1               |        0|   1|    0|    0|    0|
    |fmul_32ns_32ns_32_1_primitive_dsp_1_U198               |fmul_32ns_32ns_32_1_primitive_dsp_1               |        0|   1|    0|    0|    0|
    |fsub_32ns_32ns_32_4_no_dsp_1_U177                      |fsub_32ns_32ns_32_4_no_dsp_1                      |        0|   0|  147|  356|    0|
    |fsub_32ns_32ns_32_4_no_dsp_1_U178                      |fsub_32ns_32ns_32_4_no_dsp_1                      |        0|   0|  147|  356|    0|
    |fsub_32ns_32ns_32_4_no_dsp_1_U181                      |fsub_32ns_32ns_32_4_no_dsp_1                      |        0|   0|  147|  356|    0|
    |fsub_32ns_32ns_32_4_no_dsp_1_U182                      |fsub_32ns_32ns_32_4_no_dsp_1                      |        0|   0|  147|  356|    0|
    |fsub_32ns_32ns_32_4_no_dsp_1_U185                      |fsub_32ns_32ns_32_4_no_dsp_1                      |        0|   0|  147|  356|    0|
    |fsub_32ns_32ns_32_4_no_dsp_1_U186                      |fsub_32ns_32ns_32_4_no_dsp_1                      |        0|   0|  147|  356|    0|
    |fsub_32ns_32ns_32_4_no_dsp_1_U189                      |fsub_32ns_32ns_32_4_no_dsp_1                      |        0|   0|  147|  356|    0|
    |fsub_32ns_32ns_32_4_no_dsp_1_U190                      |fsub_32ns_32ns_32_4_no_dsp_1                      |        0|   0|  147|  356|    0|
    |sparsemux_9_4_32_1_1_U207                              |sparsemux_9_4_32_1_1                              |        0|   0|    0|  160|    0|
    |sparsemux_9_4_32_1_1_U208                              |sparsemux_9_4_32_1_1                              |        0|   0|    0|  160|    0|
    |sparsemux_9_4_32_1_1_U209                              |sparsemux_9_4_32_1_1                              |        0|   0|    0|  160|    0|
    |sparsemux_9_4_32_1_1_U210                              |sparsemux_9_4_32_1_1                              |        0|   0|    0|  160|    0|
    |sparsemux_9_4_32_1_1_U211                              |sparsemux_9_4_32_1_1                              |        0|   0|    0|  160|    0|
    |sparsemux_9_4_32_1_1_U212                              |sparsemux_9_4_32_1_1                              |        0|   0|    0|  160|    0|
    |sparsemux_9_4_32_1_1_U213                              |sparsemux_9_4_32_1_1                              |        0|   0|    0|  160|    0|
    |sparsemux_9_4_32_1_1_U214                              |sparsemux_9_4_32_1_1                              |        0|   0|    0|  160|    0|
    +-------------------------------------------------------+--------------------------------------------------+---------+----+-----+-----+-----+
    |Total                                                  |                                                  |        0|  16| 2352| 6984|    0|
    +-------------------------------------------------------+--------------------------------------------------+---------+----+-----+-----+-----+

    * DSP: 
    N/A

    * Memory: 
    N/A

    * FIFO: 
    N/A

    * Expression: 
    +---------------------------+----------+----+---+----+------------+------------+
    |       Variable Name       | Operation| DSP| FF| LUT| Bitwidth P0| Bitwidth P1|
    +---------------------------+----------+----+---+----+------------+------------+
    |add_ln368_3_fu_838_p2      |         +|   0|  0|   6|           5|           1|
    |add_ln368_fu_1212_p2       |         +|   0|  0|   9|           9|           6|
    |k_fu_1192_p2               |         +|   0|  0|   6|           5|           3|
    |ap_condition_1306          |       and|   0|  0|   2|           1|           1|
    |ap_condition_362           |       and|   0|  0|   2|           1|           1|
    |ap_condition_377           |       and|   0|  0|   2|           1|           1|
    |icmp_ln368_fu_1218_p2      |      icmp|   0|  0|   2|           5|           2|
    |ap_block_pp0_stage0_11001  |        or|   0|  0|   2|           1|           1|
    |m_fu_852_p3                |    select|   0|  0|   7|           1|           9|
    |select_ln368_fu_844_p3     |    select|   0|  0|   4|           1|           5|
    |ap_enable_pp0              |       xor|   0|  0|   2|           1|           2|
    |xor_ln16_fu_1311_p2        |       xor|   0|  0|   2|           1|           2|
    |xor_ln371_fu_1206_p2       |       xor|   0|  0|   2|           1|           2|
    +---------------------------+----------+----+---+----+------------+------------+
    |Total                      |          |   0|  0|  48|          33|          36|
    +---------------------------+----------+----+---+----+------------+------------+

    * Multiplexer: 
    +-----------------------------------------+----+-----------+-----+-----------+
    |                   Name                  | LUT| Input Size| Bits| Total Bits|
    +-----------------------------------------+----+-----------+-----+-----------+
    |add_ln368194_fu_196                      |  16|          2|    9|         18|
    |ap_done_int                              |   8|          2|    1|          2|
    |ap_loop_exit_ready_pp0_iter9_reg         |   8|          2|    1|          2|
    |ap_phi_mux_d1_imag_11_phi_fu_625_p6      |  32|          2|   32|         64|
    |ap_phi_mux_d1_real_11_phi_fu_613_p6      |  32|          2|   32|         64|
    |ap_phi_mux_icmp_ln371193_phi_fu_603_p4   |   8|          2|    1|          2|
    |ap_phi_reg_pp0_iter2_d1_imag_11_reg_622  |  32|          2|   32|         64|
    |ap_phi_reg_pp0_iter2_d1_real_11_reg_610  |  32|          2|   32|         64|
    |ap_phi_reg_pp0_iter4_d1_imag_11_reg_622  |  32|          2|   32|         64|
    |ap_phi_reg_pp0_iter4_d1_real_11_reg_610  |  32|          2|   32|         64|
    |ap_sig_allocacmp_add_ln368194_load       |  16|          2|    9|         18|
    |ap_sig_allocacmp_indvar_flatten190_load  |   8|          2|    5|         10|
    |ap_sig_allocacmp_k192_load               |   8|          2|    5|         10|
    |ap_sig_allocacmp_m191_load               |  16|          2|    9|         18|
    |grp_fu_634_p2                            |  32|          2|   32|         64|
    |grp_fu_640_p2                            |  32|          2|   32|         64|
    |grp_fu_646_p2                            |  32|          2|   32|         64|
    |grp_fu_651_p2                            |  32|          2|   32|         64|
    |grp_fu_656_p2                            |  32|          2|   32|         64|
    |grp_fu_661_p2                            |  32|          2|   32|         64|
    |grp_fu_666_p2                            |  32|          2|   32|         64|
    |grp_fu_670_p2                            |  32|          2|   32|         64|
    |grp_fu_674_p2                            |  32|          2|   32|         64|
    |grp_fu_679_p2                            |  32|          2|   32|         64|
    |grp_fu_684_p2                            |  32|          2|   32|         64|
    |grp_fu_688_p2                            |  32|          2|   32|         64|
    |grp_fu_692_p2                            |  32|          2|   32|         64|
    |grp_fu_697_p2                            |  32|          2|   32|         64|
    |grp_fu_702_p2                            |  32|          2|   32|         64|
    |grp_fu_706_p2                            |  32|          2|   32|         64|
    |indvar_flatten190_fu_184                 |   8|          2|    5|         10|
    |k192_fu_192                              |   8|          2|    5|         10|
    |m191_fu_188                              |  16|          2|    9|         18|
    +-----------------------------------------+----+-----------+-----+-----------+
    |Total                                    | 824|         66|  763|       1526|
    +-----------------------------------------+----+-----------+-----+-----------+

    * Register: 
    +----------------------------------------------------------------------------------+----+----+-----+-----------+
    |                                       Name                                       | FF | LUT| Bits| Const Bits|
    +----------------------------------------------------------------------------------+----+----+-----+-----------+
    |FFT_DIT_spatial_unroll_CY_stream_vector_stream_stream_data_2_0_1_load_1_reg_1886  |  32|   0|   32|          0|
    |FFT_DIT_spatial_unroll_CY_stream_vector_stream_stream_data_2_0_1_load_reg_1878    |  32|   0|   32|          0|
    |FFT_DIT_spatial_unroll_CY_stream_vector_stream_stream_data_2_0_2_load_1_reg_1902  |  32|   0|   32|          0|
    |FFT_DIT_spatial_unroll_CY_stream_vector_stream_stream_data_2_0_2_load_reg_1894    |  32|   0|   32|          0|
    |FFT_DIT_spatial_unroll_CY_stream_vector_stream_stream_data_2_0_3_load_reg_1910    |  32|   0|   32|          0|
    |FFT_DIT_spatial_unroll_CY_stream_vector_stream_stream_data_2_1_1_load_reg_1926    |  32|   0|   32|          0|
    |FFT_DIT_spatial_unroll_CY_stream_vector_stream_stream_data_2_1_2_load_reg_1946    |  32|   0|   32|          0|
    |FFT_DIT_spatial_unroll_CY_stream_vector_stream_stream_data_2_1_3_load_reg_1966    |  32|   0|   32|          0|
    |a_reg_1850                                                                        |  32|   0|   32|          0|
    |a_reg_1850_pp0_iter2_reg                                                          |  32|   0|   32|          0|
    |add_ln368194_fu_196                                                               |   9|   0|    9|          0|
    |ap_CS_fsm                                                                         |   1|   0|    1|          0|
    |ap_condition_exit_pp0_iter0_stage0_pp0_iter1_reg                                  |   1|   0|    1|          0|
    |ap_done_reg                                                                       |   1|   0|    1|          0|
    |ap_enable_reg_pp0_iter1                                                           |   1|   0|    1|          0|
    |ap_enable_reg_pp0_iter2                                                           |   1|   0|    1|          0|
    |ap_enable_reg_pp0_iter3                                                           |   1|   0|    1|          0|
    |ap_enable_reg_pp0_iter4                                                           |   1|   0|    1|          0|
    |ap_enable_reg_pp0_iter5                                                           |   1|   0|    1|          0|
    |ap_enable_reg_pp0_iter6                                                           |   1|   0|    1|          0|
    |ap_enable_reg_pp0_iter7                                                           |   1|   0|    1|          0|
    |ap_enable_reg_pp0_iter8                                                           |   1|   0|    1|          0|
    |ap_enable_reg_pp0_iter9                                                           |   1|   0|    1|          0|
    |ap_loop_exit_ready_pp0_iter1_reg                                                  |   1|   0|    1|          0|
    |ap_loop_exit_ready_pp0_iter2_reg                                                  |   1|   0|    1|          0|
    |ap_loop_exit_ready_pp0_iter3_reg                                                  |   1|   0|    1|          0|
    |ap_loop_exit_ready_pp0_iter4_reg                                                  |   1|   0|    1|          0|
    |ap_loop_exit_ready_pp0_iter5_reg                                                  |   1|   0|    1|          0|
    |ap_loop_exit_ready_pp0_iter6_reg                                                  |   1|   0|    1|          0|
    |ap_loop_exit_ready_pp0_iter7_reg                                                  |   1|   0|    1|          0|
    |ap_loop_exit_ready_pp0_iter8_reg                                                  |   1|   0|    1|          0|
    |ap_loop_exit_ready_pp0_iter9_reg                                                  |   1|   0|    1|          0|
    |ap_phi_reg_pp0_iter1_d1_imag_11_reg_622                                           |  32|   0|   32|          0|
    |ap_phi_reg_pp0_iter1_d1_real_11_reg_610                                           |  32|   0|   32|          0|
    |ap_phi_reg_pp0_iter2_d1_imag_11_reg_622                                           |  32|   0|   32|          0|
    |ap_phi_reg_pp0_iter2_d1_real_11_reg_610                                           |  32|   0|   32|          0|
    |ap_phi_reg_pp0_iter3_d1_imag_11_reg_622                                           |  32|   0|   32|          0|
    |ap_phi_reg_pp0_iter3_d1_real_11_reg_610                                           |  32|   0|   32|          0|
    |ap_phi_reg_pp0_iter4_d1_imag_11_reg_622                                           |  32|   0|   32|          0|
    |ap_phi_reg_pp0_iter4_d1_real_11_reg_610                                           |  32|   0|   32|          0|
    |bc_11_i_reg_1940                                                                  |  32|   0|   32|          0|
    |bc_1_i_reg_1960                                                                   |  32|   0|   32|          0|
    |bc_4_reg_1980                                                                     |  32|   0|   32|          0|
    |bc_reg_1872                                                                       |  32|   0|   32|          0|
    |bd_11_i_reg_1934                                                                  |  32|   0|   32|          0|
    |bd_1_i_reg_1954                                                                   |  32|   0|   32|          0|
    |bd_4_reg_1974                                                                     |  32|   0|   32|          0|
    |bd_reg_1866                                                                       |  32|   0|   32|          0|
    |c_reg_1657                                                                        |  32|   0|   32|          0|
    |d0_imag_reg_1842                                                                  |  32|   0|   32|          0|
    |d0_real_reg_1834                                                                  |  32|   0|   32|          0|
    |d1_imag_12_reg_2041                                                               |  32|   0|   32|          0|
    |d1_imag_18_i_reg_2009                                                             |  32|   0|   32|          0|
    |d1_imag_2_i_reg_2025                                                              |  32|   0|   32|          0|
    |d1_imag_reg_1996                                                                  |  32|   0|   32|          0|
    |d1_real_10_reg_1860                                                               |  32|   0|   32|          0|
    |d1_real_10_reg_1860_pp0_iter2_reg                                                 |  32|   0|   32|          0|
    |d1_real_12_reg_2033                                                               |  32|   0|   32|          0|
    |d1_real_18_i_reg_2001                                                             |  32|   0|   32|          0|
    |d1_real_2_i_reg_2017                                                              |  32|   0|   32|          0|
    |d1_real_reg_1991                                                                  |  32|   0|   32|          0|
    |d1_reg_1918                                                                       |  32|   0|   32|          0|
    |d3_imag_11_i_reg_2067                                                             |  32|   0|   32|          0|
    |d3_imag_1_i_reg_2079                                                              |  32|   0|   32|          0|
    |d3_imag_4_reg_2091                                                                |  32|   0|   32|          0|
    |d3_imag_reg_2055                                                                  |  32|   0|   32|          0|
    |d3_real_11_i_reg_2061                                                             |  32|   0|   32|          0|
    |d3_real_1_i_reg_2073                                                              |  32|   0|   32|          0|
    |d3_real_4_reg_2085                                                                |  32|   0|   32|          0|
    |d3_real_reg_2049                                                                  |  32|   0|   32|          0|
    |d_reg_1665                                                                        |  32|   0|   32|          0|
    |grp_fu_634_ce                                                                     |   1|   0|    1|          0|
    |grp_fu_634_p0                                                                     |  32|   0|   32|          0|
    |grp_fu_634_p1                                                                     |  32|   0|   32|          0|
    |grp_fu_640_ce                                                                     |   1|   0|    1|          0|
    |grp_fu_640_p0                                                                     |  32|   0|   32|          0|
    |grp_fu_640_p1                                                                     |  32|   0|   32|          0|
    |grp_fu_646_ce                                                                     |   1|   0|    1|          0|
    |grp_fu_646_p0                                                                     |  32|   0|   32|          0|
    |grp_fu_646_p1                                                                     |  32|   0|   32|          0|
    |grp_fu_651_ce                                                                     |   1|   0|    1|          0|
    |grp_fu_651_p0                                                                     |  32|   0|   32|          0|
    |grp_fu_651_p1                                                                     |  32|   0|   32|          0|
    |grp_fu_656_ce                                                                     |   1|   0|    1|          0|
    |grp_fu_656_p0                                                                     |  32|   0|   32|          0|
    |grp_fu_656_p1                                                                     |  32|   0|   32|          0|
    |grp_fu_661_ce                                                                     |   1|   0|    1|          0|
    |grp_fu_661_p0                                                                     |  32|   0|   32|          0|
    |grp_fu_661_p1                                                                     |  32|   0|   32|          0|
    |grp_fu_666_ce                                                                     |   1|   0|    1|          0|
    |grp_fu_666_p0                                                                     |  32|   0|   32|          0|
    |grp_fu_666_p1                                                                     |  32|   0|   32|          0|
    |grp_fu_670_ce                                                                     |   1|   0|    1|          0|
    |grp_fu_670_p0                                                                     |  32|   0|   32|          0|
    |grp_fu_670_p1                                                                     |  32|   0|   32|          0|
    |grp_fu_674_ce                                                                     |   1|   0|    1|          0|
    |grp_fu_674_p0                                                                     |  32|   0|   32|          0|
    |grp_fu_674_p1                                                                     |  32|   0|   32|          0|
    |grp_fu_679_ce                                                                     |   1|   0|    1|          0|
    |grp_fu_679_p0                                                                     |  32|   0|   32|          0|
    |grp_fu_679_p1                                                                     |  32|   0|   32|          0|
    |grp_fu_684_ce                                                                     |   1|   0|    1|          0|
    |grp_fu_684_p0                                                                     |  32|   0|   32|          0|
    |grp_fu_684_p1                                                                     |  32|   0|   32|          0|
    |grp_fu_688_ce                                                                     |   1|   0|    1|          0|
    |grp_fu_688_p0                                                                     |  32|   0|   32|          0|
    |grp_fu_688_p1                                                                     |  32|   0|   32|          0|
    |grp_fu_692_ce                                                                     |   1|   0|    1|          0|
    |grp_fu_692_p0                                                                     |  32|   0|   32|          0|
    |grp_fu_692_p1                                                                     |  32|   0|   32|          0|
    |grp_fu_697_ce                                                                     |   1|   0|    1|          0|
    |grp_fu_697_p0                                                                     |  32|   0|   32|          0|
    |grp_fu_697_p1                                                                     |  32|   0|   32|          0|
    |grp_fu_702_ce                                                                     |   1|   0|    1|          0|
    |grp_fu_702_p0                                                                     |  32|   0|   32|          0|
    |grp_fu_702_p1                                                                     |  32|   0|   32|          0|
    |grp_fu_706_ce                                                                     |   1|   0|    1|          0|
    |grp_fu_706_p0                                                                     |  32|   0|   32|          0|
    |grp_fu_706_p1                                                                     |  32|   0|   32|          0|
    |grp_fu_750_p1                                                                     |  32|   0|   32|          0|
    |grp_fu_750_p2                                                                     |  32|   0|   32|          0|
    |grp_fu_750_p3                                                                     |  32|   0|   32|          0|
    |grp_fu_757_p1                                                                     |  32|   0|   32|          0|
    |grp_fu_757_p2                                                                     |  32|   0|   32|          0|
    |grp_fu_757_p3                                                                     |  32|   0|   32|          0|
    |grp_fu_764_p1                                                                     |  32|   0|   32|          0|
    |grp_fu_764_p2                                                                     |  32|   0|   32|          0|
    |grp_fu_764_p3                                                                     |  32|   0|   32|          0|
    |grp_fu_771_p1                                                                     |  32|   0|   32|          0|
    |grp_fu_771_p2                                                                     |  32|   0|   32|          0|
    |grp_fu_771_p3                                                                     |  32|   0|   32|          0|
    |grp_fu_778_p1                                                                     |  32|   0|   32|          0|
    |grp_fu_778_p2                                                                     |  32|   0|   32|          0|
    |grp_fu_778_p3                                                                     |  32|   0|   32|          0|
    |grp_fu_785_p1                                                                     |  32|   0|   32|          0|
    |grp_fu_785_p2                                                                     |  32|   0|   32|          0|
    |grp_fu_785_p3                                                                     |  32|   0|   32|          0|
    |grp_fu_792_p1                                                                     |  32|   0|   32|          0|
    |grp_fu_792_p2                                                                     |  32|   0|   32|          0|
    |grp_fu_792_p3                                                                     |  32|   0|   32|          0|
    |grp_fu_799_p1                                                                     |  32|   0|   32|          0|
    |grp_fu_799_p2                                                                     |  32|   0|   32|          0|
    |grp_fu_799_p3                                                                     |  32|   0|   32|          0|
    |icmp_ln368_reg_1830                                                               |   1|   0|    1|          0|
    |indvar_flatten190_fu_184                                                          |   5|   0|    5|          0|
    |k192_fu_192                                                                       |   5|   0|    5|          0|
    |m191_fu_188                                                                       |   9|   0|    9|          0|
    |pre_grp_fu_634_p2_reg                                                             |  32|   0|   32|          0|
    |pre_grp_fu_640_p2_reg                                                             |  32|   0|   32|          0|
    |pre_grp_fu_646_p2_reg                                                             |  32|   0|   32|          0|
    |pre_grp_fu_651_p2_reg                                                             |  32|   0|   32|          0|
    |pre_grp_fu_656_p2_reg                                                             |  32|   0|   32|          0|
    |pre_grp_fu_661_p2_reg                                                             |  32|   0|   32|          0|
    |pre_grp_fu_666_p2_reg                                                             |  32|   0|   32|          0|
    |pre_grp_fu_670_p2_reg                                                             |  32|   0|   32|          0|
    |pre_grp_fu_674_p2_reg                                                             |  32|   0|   32|          0|
    |pre_grp_fu_679_p2_reg                                                             |  32|   0|   32|          0|
    |pre_grp_fu_684_p2_reg                                                             |  32|   0|   32|          0|
    |pre_grp_fu_688_p2_reg                                                             |  32|   0|   32|          0|
    |pre_grp_fu_692_p2_reg                                                             |  32|   0|   32|          0|
    |pre_grp_fu_697_p2_reg                                                             |  32|   0|   32|          0|
    |pre_grp_fu_702_p2_reg                                                             |  32|   0|   32|          0|
    |pre_grp_fu_706_p2_reg                                                             |  32|   0|   32|          0|
    |trunc_ln371_reg_1653                                                              |   4|   0|    4|          0|
    |tw_18_reg_1797                                                                    |  32|   0|   32|          0|
    |tw_36_i_reg_1757                                                                  |  32|   0|   32|          0|
    |tw_37_i_reg_1781                                                                  |  32|   0|   32|          0|
    |tw_38_i_reg_1765                                                                  |  32|   0|   32|          0|
    |tw_39_i_reg_1789                                                                  |  32|   0|   32|          0|
    |tw_reg_1773                                                                       |  32|   0|   32|          0|
    |xor_ln371_reg_1825                                                                |   1|   0|    1|          0|
    |zext_ln381_reg_1673                                                               |   6|   0|   64|         58|
    |zext_ln7_reg_1685                                                                 |   5|   0|   64|         59|
    |FFT_DIT_spatial_unroll_CY_stream_vector_stream_stream_data_2_0_1_load_reg_1878    |   0|  16|   32|          0|
    |FFT_DIT_spatial_unroll_CY_stream_vector_stream_stream_data_2_0_2_load_reg_1894    |   0|  16|   32|          0|
    |FFT_DIT_spatial_unroll_CY_stream_vector_stream_stream_data_2_0_3_load_reg_1910    |   0|  16|   32|          0|
    |FFT_DIT_spatial_unroll_CY_stream_vector_stream_stream_data_2_1_1_load_reg_1926    |   0|  16|   32|          0|
    |FFT_DIT_spatial_unroll_CY_stream_vector_stream_stream_data_2_1_2_load_reg_1946    |   0|  16|   32|          0|
    |FFT_DIT_spatial_unroll_CY_stream_vector_stream_stream_data_2_1_3_load_reg_1966    |   0|  16|   32|          0|
    |c_reg_1657                                                                        |  64|  32|   32|          0|
    |d0_imag_reg_1842                                                                  |   0|  16|   32|          0|
    |d0_real_reg_1834                                                                  |   0|  16|   32|          0|
    |d_reg_1665                                                                        |  64|  32|   32|          0|
    |trunc_ln371_reg_1653                                                              |   0|   4|    4|          0|
    |tw_18_reg_1797                                                                    |  64|  32|   32|          0|
    |tw_36_i_reg_1757                                                                  |  64|  32|   32|          0|
    |tw_37_i_reg_1781                                                                  |  64|  32|   32|          0|
    |tw_38_i_reg_1765                                                                  |  64|  32|   32|          0|
    |tw_39_i_reg_1789                                                                  |  64|  32|   32|          0|
    |tw_reg_1773                                                                       |  64|  32|   32|          0|
    |zext_ln381_reg_1673                                                               |   0|   8|   64|         58|
    |zext_ln7_reg_1685                                                                 |   0|   8|   64|         59|
    +----------------------------------------------------------------------------------+----+----+-----+-----------+
    |Total                                                                             |4658| 404| 4907|        234|
    +----------------------------------------------------------------------------------+----+----+-----+-----------+



================================================================
== Interface
================================================================
* Summary: 
+---------------------------------------------------------------------------------------------------------------------------------+-----+-----+------------+------------------------------------------------------------------------------------------------------------------------+--------------+
|                                                            RTL Ports                                                            | Dir | Bits|  Protocol  |                                                      Source Object                                                     |    C Type    |
+---------------------------------------------------------------------------------------------------------------------------------+-----+-----+------------+------------------------------------------------------------------------------------------------------------------------+--------------+
|ap_clk                                                                                                                           |   in|    1|  ap_ctrl_hs|                                                                                             FFT_stage_spatial_unroll<5>|  return value|
|ap_rst                                                                                                                           |   in|    1|  ap_ctrl_hs|                                                                                             FFT_stage_spatial_unroll<5>|  return value|
|ap_start                                                                                                                         |   in|    1|  ap_ctrl_hs|                                                                                             FFT_stage_spatial_unroll<5>|  return value|
|ap_done                                                                                                                          |  out|    1|  ap_ctrl_hs|                                                                                             FFT_stage_spatial_unroll<5>|  return value|
|ap_continue                                                                                                                      |   in|    1|  ap_ctrl_hs|                                                                                             FFT_stage_spatial_unroll<5>|  return value|
|ap_idle                                                                                                                          |  out|    1|  ap_ctrl_hs|                                                                                             FFT_stage_spatial_unroll<5>|  return value|
|ap_ready                                                                                                                         |  out|    1|  ap_ctrl_hs|                                                                                             FFT_stage_spatial_unroll<5>|  return value|
|FFT_DIT_spatial_unroll_CY_stream_vector_stream_vector_complex_float_8ul_0_stream_vector_complex_float_8ul_0_data_3_0_0_address0  |  out|    6|   ap_memory|  FFT_DIT_spatial_unroll_CY_stream_vector_stream_vector_complex_float_8ul_0_stream_vector_complex_float_8ul_0_data_3_0_0|         array|
|FFT_DIT_spatial_unroll_CY_stream_vector_stream_vector_complex_float_8ul_0_stream_vector_complex_float_8ul_0_data_3_0_0_ce0       |  out|    1|   ap_memory|  FFT_DIT_spatial_unroll_CY_stream_vector_stream_vector_complex_float_8ul_0_stream_vector_complex_float_8ul_0_data_3_0_0|         array|
|FFT_DIT_spatial_unroll_CY_stream_vector_stream_vector_complex_float_8ul_0_stream_vector_complex_float_8ul_0_data_3_0_0_we0       |  out|    1|   ap_memory|  FFT_DIT_spatial_unroll_CY_stream_vector_stream_vector_complex_float_8ul_0_stream_vector_complex_float_8ul_0_data_3_0_0|         array|
|FFT_DIT_spatial_unroll_CY_stream_vector_stream_vector_complex_float_8ul_0_stream_vector_complex_float_8ul_0_data_3_0_0_d0        |  out|   32|   ap_memory|  FFT_DIT_spatial_unroll_CY_stream_vector_stream_vector_complex_float_8ul_0_stream_vector_complex_float_8ul_0_data_3_0_0|         array|
|FFT_DIT_spatial_unroll_CY_stream_vector_stream_vector_complex_float_8ul_0_stream_vector_complex_float_8ul_0_data_3_0_0_address1  |  out|    6|   ap_memory|  FFT_DIT_spatial_unroll_CY_stream_vector_stream_vector_complex_float_8ul_0_stream_vector_complex_float_8ul_0_data_3_0_0|         array|
|FFT_DIT_spatial_unroll_CY_stream_vector_stream_vector_complex_float_8ul_0_stream_vector_complex_float_8ul_0_data_3_0_0_ce1       |  out|    1|   ap_memory|  FFT_DIT_spatial_unroll_CY_stream_vector_stream_vector_complex_float_8ul_0_stream_vector_complex_float_8ul_0_data_3_0_0|         array|
|FFT_DIT_spatial_unroll_CY_stream_vector_stream_vector_complex_float_8ul_0_stream_vector_complex_float_8ul_0_data_3_0_0_we1       |  out|    1|   ap_memory|  FFT_DIT_spatial_unroll_CY_stream_vector_stream_vector_complex_float_8ul_0_stream_vector_complex_float_8ul_0_data_3_0_0|         array|
|FFT_DIT_spatial_unroll_CY_stream_vector_stream_vector_complex_float_8ul_0_stream_vector_complex_float_8ul_0_data_3_0_0_d1        |  out|   32|   ap_memory|  FFT_DIT_spatial_unroll_CY_stream_vector_stream_vector_complex_float_8ul_0_stream_vector_complex_float_8ul_0_data_3_0_0|         array|
|FFT_DIT_spatial_unroll_CY_stream_vector_stream_vector_complex_float_8ul_0_stream_vector_complex_float_8ul_0_data_3_0_1_address0  |  out|    6|   ap_memory|  FFT_DIT_spatial_unroll_CY_stream_vector_stream_vector_complex_float_8ul_0_stream_vector_complex_float_8ul_0_data_3_0_1|         array|
|FFT_DIT_spatial_unroll_CY_stream_vector_stream_vector_complex_float_8ul_0_stream_vector_complex_float_8ul_0_data_3_0_1_ce0       |  out|    1|   ap_memory|  FFT_DIT_spatial_unroll_CY_stream_vector_stream_vector_complex_float_8ul_0_stream_vector_complex_float_8ul_0_data_3_0_1|         array|
|FFT_DIT_spatial_unroll_CY_stream_vector_stream_vector_complex_float_8ul_0_stream_vector_complex_float_8ul_0_data_3_0_1_we0       |  out|    1|   ap_memory|  FFT_DIT_spatial_unroll_CY_stream_vector_stream_vector_complex_float_8ul_0_stream_vector_complex_float_8ul_0_data_3_0_1|         array|
|FFT_DIT_spatial_unroll_CY_stream_vector_stream_vector_complex_float_8ul_0_stream_vector_complex_float_8ul_0_data_3_0_1_d0        |  out|   32|   ap_memory|  FFT_DIT_spatial_unroll_CY_stream_vector_stream_vector_complex_float_8ul_0_stream_vector_complex_float_8ul_0_data_3_0_1|         array|
|FFT_DIT_spatial_unroll_CY_stream_vector_stream_vector_complex_float_8ul_0_stream_vector_complex_float_8ul_0_data_3_0_1_address1  |  out|    6|   ap_memory|  FFT_DIT_spatial_unroll_CY_stream_vector_stream_vector_complex_float_8ul_0_stream_vector_complex_float_8ul_0_data_3_0_1|         array|
|FFT_DIT_spatial_unroll_CY_stream_vector_stream_vector_complex_float_8ul_0_stream_vector_complex_float_8ul_0_data_3_0_1_ce1       |  out|    1|   ap_memory|  FFT_DIT_spatial_unroll_CY_stream_vector_stream_vector_complex_float_8ul_0_stream_vector_complex_float_8ul_0_data_3_0_1|         array|
|FFT_DIT_spatial_unroll_CY_stream_vector_stream_vector_complex_float_8ul_0_stream_vector_complex_float_8ul_0_data_3_0_1_we1       |  out|    1|   ap_memory|  FFT_DIT_spatial_unroll_CY_stream_vector_stream_vector_complex_float_8ul_0_stream_vector_complex_float_8ul_0_data_3_0_1|         array|
|FFT_DIT_spatial_unroll_CY_stream_vector_stream_vector_complex_float_8ul_0_stream_vector_complex_float_8ul_0_data_3_0_1_d1        |  out|   32|   ap_memory|  FFT_DIT_spatial_unroll_CY_stream_vector_stream_vector_complex_float_8ul_0_stream_vector_complex_float_8ul_0_data_3_0_1|         array|
|FFT_DIT_spatial_unroll_CY_stream_vector_stream_vector_complex_float_8ul_0_stream_vector_complex_float_8ul_0_data_3_0_2_address0  |  out|    6|   ap_memory|  FFT_DIT_spatial_unroll_CY_stream_vector_stream_vector_complex_float_8ul_0_stream_vector_complex_float_8ul_0_data_3_0_2|         array|
|FFT_DIT_spatial_unroll_CY_stream_vector_stream_vector_complex_float_8ul_0_stream_vector_complex_float_8ul_0_data_3_0_2_ce0       |  out|    1|   ap_memory|  FFT_DIT_spatial_unroll_CY_stream_vector_stream_vector_complex_float_8ul_0_stream_vector_complex_float_8ul_0_data_3_0_2|         array|
|FFT_DIT_spatial_unroll_CY_stream_vector_stream_vector_complex_float_8ul_0_stream_vector_complex_float_8ul_0_data_3_0_2_we0       |  out|    1|   ap_memory|  FFT_DIT_spatial_unroll_CY_stream_vector_stream_vector_complex_float_8ul_0_stream_vector_complex_float_8ul_0_data_3_0_2|         array|
|FFT_DIT_spatial_unroll_CY_stream_vector_stream_vector_complex_float_8ul_0_stream_vector_complex_float_8ul_0_data_3_0_2_d0        |  out|   32|   ap_memory|  FFT_DIT_spatial_unroll_CY_stream_vector_stream_vector_complex_float_8ul_0_stream_vector_complex_float_8ul_0_data_3_0_2|         array|
|FFT_DIT_spatial_unroll_CY_stream_vector_stream_vector_complex_float_8ul_0_stream_vector_complex_float_8ul_0_data_3_0_2_address1  |  out|    6|   ap_memory|  FFT_DIT_spatial_unroll_CY_stream_vector_stream_vector_complex_float_8ul_0_stream_vector_complex_float_8ul_0_data_3_0_2|         array|
|FFT_DIT_spatial_unroll_CY_stream_vector_stream_vector_complex_float_8ul_0_stream_vector_complex_float_8ul_0_data_3_0_2_ce1       |  out|    1|   ap_memory|  FFT_DIT_spatial_unroll_CY_stream_vector_stream_vector_complex_float_8ul_0_stream_vector_complex_float_8ul_0_data_3_0_2|         array|
|FFT_DIT_spatial_unroll_CY_stream_vector_stream_vector_complex_float_8ul_0_stream_vector_complex_float_8ul_0_data_3_0_2_we1       |  out|    1|   ap_memory|  FFT_DIT_spatial_unroll_CY_stream_vector_stream_vector_complex_float_8ul_0_stream_vector_complex_float_8ul_0_data_3_0_2|         array|
|FFT_DIT_spatial_unroll_CY_stream_vector_stream_vector_complex_float_8ul_0_stream_vector_complex_float_8ul_0_data_3_0_2_d1        |  out|   32|   ap_memory|  FFT_DIT_spatial_unroll_CY_stream_vector_stream_vector_complex_float_8ul_0_stream_vector_complex_float_8ul_0_data_3_0_2|         array|
|FFT_DIT_spatial_unroll_CY_stream_vector_stream_vector_complex_float_8ul_0_stream_vector_complex_float_8ul_0_data_3_0_3_address0  |  out|    6|   ap_memory|  FFT_DIT_spatial_unroll_CY_stream_vector_stream_vector_complex_float_8ul_0_stream_vector_complex_float_8ul_0_data_3_0_3|         array|
|FFT_DIT_spatial_unroll_CY_stream_vector_stream_vector_complex_float_8ul_0_stream_vector_complex_float_8ul_0_data_3_0_3_ce0       |  out|    1|   ap_memory|  FFT_DIT_spatial_unroll_CY_stream_vector_stream_vector_complex_float_8ul_0_stream_vector_complex_float_8ul_0_data_3_0_3|         array|
|FFT_DIT_spatial_unroll_CY_stream_vector_stream_vector_complex_float_8ul_0_stream_vector_complex_float_8ul_0_data_3_0_3_we0       |  out|    1|   ap_memory|  FFT_DIT_spatial_unroll_CY_stream_vector_stream_vector_complex_float_8ul_0_stream_vector_complex_float_8ul_0_data_3_0_3|         array|
|FFT_DIT_spatial_unroll_CY_stream_vector_stream_vector_complex_float_8ul_0_stream_vector_complex_float_8ul_0_data_3_0_3_d0        |  out|   32|   ap_memory|  FFT_DIT_spatial_unroll_CY_stream_vector_stream_vector_complex_float_8ul_0_stream_vector_complex_float_8ul_0_data_3_0_3|         array|
|FFT_DIT_spatial_unroll_CY_stream_vector_stream_vector_complex_float_8ul_0_stream_vector_complex_float_8ul_0_data_3_0_3_address1  |  out|    6|   ap_memory|  FFT_DIT_spatial_unroll_CY_stream_vector_stream_vector_complex_float_8ul_0_stream_vector_complex_float_8ul_0_data_3_0_3|         array|
|FFT_DIT_spatial_unroll_CY_stream_vector_stream_vector_complex_float_8ul_0_stream_vector_complex_float_8ul_0_data_3_0_3_ce1       |  out|    1|   ap_memory|  FFT_DIT_spatial_unroll_CY_stream_vector_stream_vector_complex_float_8ul_0_stream_vector_complex_float_8ul_0_data_3_0_3|         array|
|FFT_DIT_spatial_unroll_CY_stream_vector_stream_vector_complex_float_8ul_0_stream_vector_complex_float_8ul_0_data_3_0_3_we1       |  out|    1|   ap_memory|  FFT_DIT_spatial_unroll_CY_stream_vector_stream_vector_complex_float_8ul_0_stream_vector_complex_float_8ul_0_data_3_0_3|         array|
|FFT_DIT_spatial_unroll_CY_stream_vector_stream_vector_complex_float_8ul_0_stream_vector_complex_float_8ul_0_data_3_0_3_d1        |  out|   32|   ap_memory|  FFT_DIT_spatial_unroll_CY_stream_vector_stream_vector_complex_float_8ul_0_stream_vector_complex_float_8ul_0_data_3_0_3|         array|
|FFT_DIT_spatial_unroll_CY_stream_vector_stream_vector_complex_float_8ul_0_stream_vector_complex_float_8ul_0_data_3_1_0_address0  |  out|    6|   ap_memory|  FFT_DIT_spatial_unroll_CY_stream_vector_stream_vector_complex_float_8ul_0_stream_vector_complex_float_8ul_0_data_3_1_0|         array|
|FFT_DIT_spatial_unroll_CY_stream_vector_stream_vector_complex_float_8ul_0_stream_vector_complex_float_8ul_0_data_3_1_0_ce0       |  out|    1|   ap_memory|  FFT_DIT_spatial_unroll_CY_stream_vector_stream_vector_complex_float_8ul_0_stream_vector_complex_float_8ul_0_data_3_1_0|         array|
|FFT_DIT_spatial_unroll_CY_stream_vector_stream_vector_complex_float_8ul_0_stream_vector_complex_float_8ul_0_data_3_1_0_we0       |  out|    1|   ap_memory|  FFT_DIT_spatial_unroll_CY_stream_vector_stream_vector_complex_float_8ul_0_stream_vector_complex_float_8ul_0_data_3_1_0|         array|
|FFT_DIT_spatial_unroll_CY_stream_vector_stream_vector_complex_float_8ul_0_stream_vector_complex_float_8ul_0_data_3_1_0_d0        |  out|   32|   ap_memory|  FFT_DIT_spatial_unroll_CY_stream_vector_stream_vector_complex_float_8ul_0_stream_vector_complex_float_8ul_0_data_3_1_0|         array|
|FFT_DIT_spatial_unroll_CY_stream_vector_stream_vector_complex_float_8ul_0_stream_vector_complex_float_8ul_0_data_3_1_0_address1  |  out|    6|   ap_memory|  FFT_DIT_spatial_unroll_CY_stream_vector_stream_vector_complex_float_8ul_0_stream_vector_complex_float_8ul_0_data_3_1_0|         array|
|FFT_DIT_spatial_unroll_CY_stream_vector_stream_vector_complex_float_8ul_0_stream_vector_complex_float_8ul_0_data_3_1_0_ce1       |  out|    1|   ap_memory|  FFT_DIT_spatial_unroll_CY_stream_vector_stream_vector_complex_float_8ul_0_stream_vector_complex_float_8ul_0_data_3_1_0|         array|
|FFT_DIT_spatial_unroll_CY_stream_vector_stream_vector_complex_float_8ul_0_stream_vector_complex_float_8ul_0_data_3_1_0_we1       |  out|    1|   ap_memory|  FFT_DIT_spatial_unroll_CY_stream_vector_stream_vector_complex_float_8ul_0_stream_vector_complex_float_8ul_0_data_3_1_0|         array|
|FFT_DIT_spatial_unroll_CY_stream_vector_stream_vector_complex_float_8ul_0_stream_vector_complex_float_8ul_0_data_3_1_0_d1        |  out|   32|   ap_memory|  FFT_DIT_spatial_unroll_CY_stream_vector_stream_vector_complex_float_8ul_0_stream_vector_complex_float_8ul_0_data_3_1_0|         array|
|FFT_DIT_spatial_unroll_CY_stream_vector_stream_vector_complex_float_8ul_0_stream_vector_complex_float_8ul_0_data_3_1_1_address0  |  out|    6|   ap_memory|  FFT_DIT_spatial_unroll_CY_stream_vector_stream_vector_complex_float_8ul_0_stream_vector_complex_float_8ul_0_data_3_1_1|         array|
|FFT_DIT_spatial_unroll_CY_stream_vector_stream_vector_complex_float_8ul_0_stream_vector_complex_float_8ul_0_data_3_1_1_ce0       |  out|    1|   ap_memory|  FFT_DIT_spatial_unroll_CY_stream_vector_stream_vector_complex_float_8ul_0_stream_vector_complex_float_8ul_0_data_3_1_1|         array|
|FFT_DIT_spatial_unroll_CY_stream_vector_stream_vector_complex_float_8ul_0_stream_vector_complex_float_8ul_0_data_3_1_1_we0       |  out|    1|   ap_memory|  FFT_DIT_spatial_unroll_CY_stream_vector_stream_vector_complex_float_8ul_0_stream_vector_complex_float_8ul_0_data_3_1_1|         array|
|FFT_DIT_spatial_unroll_CY_stream_vector_stream_vector_complex_float_8ul_0_stream_vector_complex_float_8ul_0_data_3_1_1_d0        |  out|   32|   ap_memory|  FFT_DIT_spatial_unroll_CY_stream_vector_stream_vector_complex_float_8ul_0_stream_vector_complex_float_8ul_0_data_3_1_1|         array|
|FFT_DIT_spatial_unroll_CY_stream_vector_stream_vector_complex_float_8ul_0_stream_vector_complex_float_8ul_0_data_3_1_1_address1  |  out|    6|   ap_memory|  FFT_DIT_spatial_unroll_CY_stream_vector_stream_vector_complex_float_8ul_0_stream_vector_complex_float_8ul_0_data_3_1_1|         array|
|FFT_DIT_spatial_unroll_CY_stream_vector_stream_vector_complex_float_8ul_0_stream_vector_complex_float_8ul_0_data_3_1_1_ce1       |  out|    1|   ap_memory|  FFT_DIT_spatial_unroll_CY_stream_vector_stream_vector_complex_float_8ul_0_stream_vector_complex_float_8ul_0_data_3_1_1|         array|
|FFT_DIT_spatial_unroll_CY_stream_vector_stream_vector_complex_float_8ul_0_stream_vector_complex_float_8ul_0_data_3_1_1_we1       |  out|    1|   ap_memory|  FFT_DIT_spatial_unroll_CY_stream_vector_stream_vector_complex_float_8ul_0_stream_vector_complex_float_8ul_0_data_3_1_1|         array|
|FFT_DIT_spatial_unroll_CY_stream_vector_stream_vector_complex_float_8ul_0_stream_vector_complex_float_8ul_0_data_3_1_1_d1        |  out|   32|   ap_memory|  FFT_DIT_spatial_unroll_CY_stream_vector_stream_vector_complex_float_8ul_0_stream_vector_complex_float_8ul_0_data_3_1_1|         array|
|FFT_DIT_spatial_unroll_CY_stream_vector_stream_vector_complex_float_8ul_0_stream_vector_complex_float_8ul_0_data_3_1_2_address0  |  out|    6|   ap_memory|  FFT_DIT_spatial_unroll_CY_stream_vector_stream_vector_complex_float_8ul_0_stream_vector_complex_float_8ul_0_data_3_1_2|         array|
|FFT_DIT_spatial_unroll_CY_stream_vector_stream_vector_complex_float_8ul_0_stream_vector_complex_float_8ul_0_data_3_1_2_ce0       |  out|    1|   ap_memory|  FFT_DIT_spatial_unroll_CY_stream_vector_stream_vector_complex_float_8ul_0_stream_vector_complex_float_8ul_0_data_3_1_2|         array|
|FFT_DIT_spatial_unroll_CY_stream_vector_stream_vector_complex_float_8ul_0_stream_vector_complex_float_8ul_0_data_3_1_2_we0       |  out|    1|   ap_memory|  FFT_DIT_spatial_unroll_CY_stream_vector_stream_vector_complex_float_8ul_0_stream_vector_complex_float_8ul_0_data_3_1_2|         array|
|FFT_DIT_spatial_unroll_CY_stream_vector_stream_vector_complex_float_8ul_0_stream_vector_complex_float_8ul_0_data_3_1_2_d0        |  out|   32|   ap_memory|  FFT_DIT_spatial_unroll_CY_stream_vector_stream_vector_complex_float_8ul_0_stream_vector_complex_float_8ul_0_data_3_1_2|         array|
|FFT_DIT_spatial_unroll_CY_stream_vector_stream_vector_complex_float_8ul_0_stream_vector_complex_float_8ul_0_data_3_1_2_address1  |  out|    6|   ap_memory|  FFT_DIT_spatial_unroll_CY_stream_vector_stream_vector_complex_float_8ul_0_stream_vector_complex_float_8ul_0_data_3_1_2|         array|
|FFT_DIT_spatial_unroll_CY_stream_vector_stream_vector_complex_float_8ul_0_stream_vector_complex_float_8ul_0_data_3_1_2_ce1       |  out|    1|   ap_memory|  FFT_DIT_spatial_unroll_CY_stream_vector_stream_vector_complex_float_8ul_0_stream_vector_complex_float_8ul_0_data_3_1_2|         array|
|FFT_DIT_spatial_unroll_CY_stream_vector_stream_vector_complex_float_8ul_0_stream_vector_complex_float_8ul_0_data_3_1_2_we1       |  out|    1|   ap_memory|  FFT_DIT_spatial_unroll_CY_stream_vector_stream_vector_complex_float_8ul_0_stream_vector_complex_float_8ul_0_data_3_1_2|         array|
|FFT_DIT_spatial_unroll_CY_stream_vector_stream_vector_complex_float_8ul_0_stream_vector_complex_float_8ul_0_data_3_1_2_d1        |  out|   32|   ap_memory|  FFT_DIT_spatial_unroll_CY_stream_vector_stream_vector_complex_float_8ul_0_stream_vector_complex_float_8ul_0_data_3_1_2|         array|
|FFT_DIT_spatial_unroll_CY_stream_vector_stream_vector_complex_float_8ul_0_stream_vector_complex_float_8ul_0_data_3_1_3_address0  |  out|    6|   ap_memory|  FFT_DIT_spatial_unroll_CY_stream_vector_stream_vector_complex_float_8ul_0_stream_vector_complex_float_8ul_0_data_3_1_3|         array|
|FFT_DIT_spatial_unroll_CY_stream_vector_stream_vector_complex_float_8ul_0_stream_vector_complex_float_8ul_0_data_3_1_3_ce0       |  out|    1|   ap_memory|  FFT_DIT_spatial_unroll_CY_stream_vector_stream_vector_complex_float_8ul_0_stream_vector_complex_float_8ul_0_data_3_1_3|         array|
|FFT_DIT_spatial_unroll_CY_stream_vector_stream_vector_complex_float_8ul_0_stream_vector_complex_float_8ul_0_data_3_1_3_we0       |  out|    1|   ap_memory|  FFT_DIT_spatial_unroll_CY_stream_vector_stream_vector_complex_float_8ul_0_stream_vector_complex_float_8ul_0_data_3_1_3|         array|
|FFT_DIT_spatial_unroll_CY_stream_vector_stream_vector_complex_float_8ul_0_stream_vector_complex_float_8ul_0_data_3_1_3_d0        |  out|   32|   ap_memory|  FFT_DIT_spatial_unroll_CY_stream_vector_stream_vector_complex_float_8ul_0_stream_vector_complex_float_8ul_0_data_3_1_3|         array|
|FFT_DIT_spatial_unroll_CY_stream_vector_stream_vector_complex_float_8ul_0_stream_vector_complex_float_8ul_0_data_3_1_3_address1  |  out|    6|   ap_memory|  FFT_DIT_spatial_unroll_CY_stream_vector_stream_vector_complex_float_8ul_0_stream_vector_complex_float_8ul_0_data_3_1_3|         array|
|FFT_DIT_spatial_unroll_CY_stream_vector_stream_vector_complex_float_8ul_0_stream_vector_complex_float_8ul_0_data_3_1_3_ce1       |  out|    1|   ap_memory|  FFT_DIT_spatial_unroll_CY_stream_vector_stream_vector_complex_float_8ul_0_stream_vector_complex_float_8ul_0_data_3_1_3|         array|
|FFT_DIT_spatial_unroll_CY_stream_vector_stream_vector_complex_float_8ul_0_stream_vector_complex_float_8ul_0_data_3_1_3_we1       |  out|    1|   ap_memory|  FFT_DIT_spatial_unroll_CY_stream_vector_stream_vector_complex_float_8ul_0_stream_vector_complex_float_8ul_0_data_3_1_3|         array|
|FFT_DIT_spatial_unroll_CY_stream_vector_stream_vector_complex_float_8ul_0_stream_vector_complex_float_8ul_0_data_3_1_3_d1        |  out|   32|   ap_memory|  FFT_DIT_spatial_unroll_CY_stream_vector_stream_vector_complex_float_8ul_0_stream_vector_complex_float_8ul_0_data_3_1_3|         array|
|FFT_DIT_spatial_unroll_CY_stream_vector_stream_stream_vector_0_data_2_0_1_address0                                               |  out|    6|   ap_memory|                                               FFT_DIT_spatial_unroll_CY_stream_vector_stream_stream_vector_0_data_2_0_1|         array|
|FFT_DIT_spatial_unroll_CY_stream_vector_stream_stream_vector_0_data_2_0_1_ce0                                                    |  out|    1|   ap_memory|                                               FFT_DIT_spatial_unroll_CY_stream_vector_stream_stream_vector_0_data_2_0_1|         array|
|FFT_DIT_spatial_unroll_CY_stream_vector_stream_stream_vector_0_data_2_0_1_q0                                                     |   in|   32|   ap_memory|                                               FFT_DIT_spatial_unroll_CY_stream_vector_stream_stream_vector_0_data_2_0_1|         array|
|FFT_DIT_spatial_unroll_CY_stream_vector_stream_stream_vector_0_data_2_0_1_address1                                               |  out|    6|   ap_memory|                                               FFT_DIT_spatial_unroll_CY_stream_vector_stream_stream_vector_0_data_2_0_1|         array|
|FFT_DIT_spatial_unroll_CY_stream_vector_stream_stream_vector_0_data_2_0_1_ce1                                                    |  out|    1|   ap_memory|                                               FFT_DIT_spatial_unroll_CY_stream_vector_stream_stream_vector_0_data_2_0_1|         array|
|FFT_DIT_spatial_unroll_CY_stream_vector_stream_stream_vector_0_data_2_0_1_q1                                                     |   in|   32|   ap_memory|                                               FFT_DIT_spatial_unroll_CY_stream_vector_stream_stream_vector_0_data_2_0_1|         array|
|FFT_DIT_spatial_unroll_CY_stream_vector_stream_stream_vector_0_data_2_0_2_address0                                               |  out|    6|   ap_memory|                                               FFT_DIT_spatial_unroll_CY_stream_vector_stream_stream_vector_0_data_2_0_2|         array|
|FFT_DIT_spatial_unroll_CY_stream_vector_stream_stream_vector_0_data_2_0_2_ce0                                                    |  out|    1|   ap_memory|                                               FFT_DIT_spatial_unroll_CY_stream_vector_stream_stream_vector_0_data_2_0_2|         array|
|FFT_DIT_spatial_unroll_CY_stream_vector_stream_stream_vector_0_data_2_0_2_q0                                                     |   in|   32|   ap_memory|                                               FFT_DIT_spatial_unroll_CY_stream_vector_stream_stream_vector_0_data_2_0_2|         array|
|FFT_DIT_spatial_unroll_CY_stream_vector_stream_stream_vector_0_data_2_0_2_address1                                               |  out|    6|   ap_memory|                                               FFT_DIT_spatial_unroll_CY_stream_vector_stream_stream_vector_0_data_2_0_2|         array|
|FFT_DIT_spatial_unroll_CY_stream_vector_stream_stream_vector_0_data_2_0_2_ce1                                                    |  out|    1|   ap_memory|                                               FFT_DIT_spatial_unroll_CY_stream_vector_stream_stream_vector_0_data_2_0_2|         array|
|FFT_DIT_spatial_unroll_CY_stream_vector_stream_stream_vector_0_data_2_0_2_q1                                                     |   in|   32|   ap_memory|                                               FFT_DIT_spatial_unroll_CY_stream_vector_stream_stream_vector_0_data_2_0_2|         array|
|FFT_DIT_spatial_unroll_CY_stream_vector_stream_stream_vector_0_data_2_0_3_address0                                               |  out|    6|   ap_memory|                                               FFT_DIT_spatial_unroll_CY_stream_vector_stream_stream_vector_0_data_2_0_3|         array|
|FFT_DIT_spatial_unroll_CY_stream_vector_stream_stream_vector_0_data_2_0_3_ce0                                                    |  out|    1|   ap_memory|                                               FFT_DIT_spatial_unroll_CY_stream_vector_stream_stream_vector_0_data_2_0_3|         array|
|FFT_DIT_spatial_unroll_CY_stream_vector_stream_stream_vector_0_data_2_0_3_q0                                                     |   in|   32|   ap_memory|                                               FFT_DIT_spatial_unroll_CY_stream_vector_stream_stream_vector_0_data_2_0_3|         array|
|FFT_DIT_spatial_unroll_CY_stream_vector_stream_stream_vector_0_data_2_0_3_address1                                               |  out|    6|   ap_memory|                                               FFT_DIT_spatial_unroll_CY_stream_vector_stream_stream_vector_0_data_2_0_3|         array|
|FFT_DIT_spatial_unroll_CY_stream_vector_stream_stream_vector_0_data_2_0_3_ce1                                                    |  out|    1|   ap_memory|                                               FFT_DIT_spatial_unroll_CY_stream_vector_stream_stream_vector_0_data_2_0_3|         array|
|FFT_DIT_spatial_unroll_CY_stream_vector_stream_stream_vector_0_data_2_0_3_q1                                                     |   in|   32|   ap_memory|                                               FFT_DIT_spatial_unroll_CY_stream_vector_stream_stream_vector_0_data_2_0_3|         array|
|FFT_DIT_spatial_unroll_CY_stream_vector_stream_stream_vector_0_data_2_1_1_address0                                               |  out|    6|   ap_memory|                                               FFT_DIT_spatial_unroll_CY_stream_vector_stream_stream_vector_0_data_2_1_1|         array|
|FFT_DIT_spatial_unroll_CY_stream_vector_stream_stream_vector_0_data_2_1_1_ce0                                                    |  out|    1|   ap_memory|                                               FFT_DIT_spatial_unroll_CY_stream_vector_stream_stream_vector_0_data_2_1_1|         array|
|FFT_DIT_spatial_unroll_CY_stream_vector_stream_stream_vector_0_data_2_1_1_q0                                                     |   in|   32|   ap_memory|                                               FFT_DIT_spatial_unroll_CY_stream_vector_stream_stream_vector_0_data_2_1_1|         array|
|FFT_DIT_spatial_unroll_CY_stream_vector_stream_stream_vector_0_data_2_1_1_address1                                               |  out|    6|   ap_memory|                                               FFT_DIT_spatial_unroll_CY_stream_vector_stream_stream_vector_0_data_2_1_1|         array|
|FFT_DIT_spatial_unroll_CY_stream_vector_stream_stream_vector_0_data_2_1_1_ce1                                                    |  out|    1|   ap_memory|                                               FFT_DIT_spatial_unroll_CY_stream_vector_stream_stream_vector_0_data_2_1_1|         array|
|FFT_DIT_spatial_unroll_CY_stream_vector_stream_stream_vector_0_data_2_1_1_q1                                                     |   in|   32|   ap_memory|                                               FFT_DIT_spatial_unroll_CY_stream_vector_stream_stream_vector_0_data_2_1_1|         array|
|FFT_DIT_spatial_unroll_CY_stream_vector_stream_stream_vector_0_data_2_1_2_address0                                               |  out|    6|   ap_memory|                                               FFT_DIT_spatial_unroll_CY_stream_vector_stream_stream_vector_0_data_2_1_2|         array|
|FFT_DIT_spatial_unroll_CY_stream_vector_stream_stream_vector_0_data_2_1_2_ce0                                                    |  out|    1|   ap_memory|                                               FFT_DIT_spatial_unroll_CY_stream_vector_stream_stream_vector_0_data_2_1_2|         array|
|FFT_DIT_spatial_unroll_CY_stream_vector_stream_stream_vector_0_data_2_1_2_q0                                                     |   in|   32|   ap_memory|                                               FFT_DIT_spatial_unroll_CY_stream_vector_stream_stream_vector_0_data_2_1_2|         array|
|FFT_DIT_spatial_unroll_CY_stream_vector_stream_stream_vector_0_data_2_1_2_address1                                               |  out|    6|   ap_memory|                                               FFT_DIT_spatial_unroll_CY_stream_vector_stream_stream_vector_0_data_2_1_2|         array|
|FFT_DIT_spatial_unroll_CY_stream_vector_stream_stream_vector_0_data_2_1_2_ce1                                                    |  out|    1|   ap_memory|                                               FFT_DIT_spatial_unroll_CY_stream_vector_stream_stream_vector_0_data_2_1_2|         array|
|FFT_DIT_spatial_unroll_CY_stream_vector_stream_stream_vector_0_data_2_1_2_q1                                                     |   in|   32|   ap_memory|                                               FFT_DIT_spatial_unroll_CY_stream_vector_stream_stream_vector_0_data_2_1_2|         array|
|FFT_DIT_spatial_unroll_CY_stream_vector_stream_stream_vector_0_data_2_1_3_address0                                               |  out|    6|   ap_memory|                                               FFT_DIT_spatial_unroll_CY_stream_vector_stream_stream_vector_0_data_2_1_3|         array|
|FFT_DIT_spatial_unroll_CY_stream_vector_stream_stream_vector_0_data_2_1_3_ce0                                                    |  out|    1|   ap_memory|                                               FFT_DIT_spatial_unroll_CY_stream_vector_stream_stream_vector_0_data_2_1_3|         array|
|FFT_DIT_spatial_unroll_CY_stream_vector_stream_stream_vector_0_data_2_1_3_q0                                                     |   in|   32|   ap_memory|                                               FFT_DIT_spatial_unroll_CY_stream_vector_stream_stream_vector_0_data_2_1_3|         array|
|FFT_DIT_spatial_unroll_CY_stream_vector_stream_stream_vector_0_data_2_1_3_address1                                               |  out|    6|   ap_memory|                                               FFT_DIT_spatial_unroll_CY_stream_vector_stream_stream_vector_0_data_2_1_3|         array|
|FFT_DIT_spatial_unroll_CY_stream_vector_stream_stream_vector_0_data_2_1_3_ce1                                                    |  out|    1|   ap_memory|                                               FFT_DIT_spatial_unroll_CY_stream_vector_stream_stream_vector_0_data_2_1_3|         array|
|FFT_DIT_spatial_unroll_CY_stream_vector_stream_stream_vector_0_data_2_1_3_q1                                                     |   in|   32|   ap_memory|                                               FFT_DIT_spatial_unroll_CY_stream_vector_stream_stream_vector_0_data_2_1_3|         array|
|FFT_DIT_spatial_unroll_CY_stream_vector_stream_stream_vector_0_data_2_0_0_address0                                               |  out|    6|   ap_memory|                                               FFT_DIT_spatial_unroll_CY_stream_vector_stream_stream_vector_0_data_2_0_0|         array|
|FFT_DIT_spatial_unroll_CY_stream_vector_stream_stream_vector_0_data_2_0_0_ce0                                                    |  out|    1|   ap_memory|                                               FFT_DIT_spatial_unroll_CY_stream_vector_stream_stream_vector_0_data_2_0_0|         array|
|FFT_DIT_spatial_unroll_CY_stream_vector_stream_stream_vector_0_data_2_0_0_q0                                                     |   in|   32|   ap_memory|                                               FFT_DIT_spatial_unroll_CY_stream_vector_stream_stream_vector_0_data_2_0_0|         array|
|FFT_DIT_spatial_unroll_CY_stream_vector_stream_stream_vector_0_data_2_0_0_address1                                               |  out|    6|   ap_memory|                                               FFT_DIT_spatial_unroll_CY_stream_vector_stream_stream_vector_0_data_2_0_0|         array|
|FFT_DIT_spatial_unroll_CY_stream_vector_stream_stream_vector_0_data_2_0_0_ce1                                                    |  out|    1|   ap_memory|                                               FFT_DIT_spatial_unroll_CY_stream_vector_stream_stream_vector_0_data_2_0_0|         array|
|FFT_DIT_spatial_unroll_CY_stream_vector_stream_stream_vector_0_data_2_0_0_q1                                                     |   in|   32|   ap_memory|                                               FFT_DIT_spatial_unroll_CY_stream_vector_stream_stream_vector_0_data_2_0_0|         array|
|FFT_DIT_spatial_unroll_CY_stream_vector_stream_stream_vector_0_data_2_1_0_address0                                               |  out|    6|   ap_memory|                                               FFT_DIT_spatial_unroll_CY_stream_vector_stream_stream_vector_0_data_2_1_0|         array|
|FFT_DIT_spatial_unroll_CY_stream_vector_stream_stream_vector_0_data_2_1_0_ce0                                                    |  out|    1|   ap_memory|                                               FFT_DIT_spatial_unroll_CY_stream_vector_stream_stream_vector_0_data_2_1_0|         array|
|FFT_DIT_spatial_unroll_CY_stream_vector_stream_stream_vector_0_data_2_1_0_q0                                                     |   in|   32|   ap_memory|                                               FFT_DIT_spatial_unroll_CY_stream_vector_stream_stream_vector_0_data_2_1_0|         array|
|FFT_DIT_spatial_unroll_CY_stream_vector_stream_stream_vector_0_data_2_1_0_address1                                               |  out|    6|   ap_memory|                                               FFT_DIT_spatial_unroll_CY_stream_vector_stream_stream_vector_0_data_2_1_0|         array|
|FFT_DIT_spatial_unroll_CY_stream_vector_stream_stream_vector_0_data_2_1_0_ce1                                                    |  out|    1|   ap_memory|                                               FFT_DIT_spatial_unroll_CY_stream_vector_stream_stream_vector_0_data_2_1_0|         array|
|FFT_DIT_spatial_unroll_CY_stream_vector_stream_stream_vector_0_data_2_1_0_q1                                                     |   in|   32|   ap_memory|                                               FFT_DIT_spatial_unroll_CY_stream_vector_stream_stream_vector_0_data_2_1_0|         array|
+---------------------------------------------------------------------------------------------------------------------------------+-----+-----+------------+------------------------------------------------------------------------------------------------------------------------+--------------+

