

================================================================
== Vitis HLS Report for 'FFT_stage_spatial_unroll_7_s'
================================================================
* Date:           Wed Apr  2 21:41:36 2025

* Version:        2024.2 (Build 5238294 on Nov  8 2024)
* Project:        build
* Solution:       FFT_250MHz (Vivado IP Flow Target)
* Product family: versalpremium
* Target device:  xcvp1802-lsvc4072-3HP-e-S


================================================================
== Performance Estimates
================================================================
+ Timing: 
    * Summary: 
    +--------+---------+----------+------------+
    |  Clock |  Target | Estimated| Uncertainty|
    +--------+---------+----------+------------+
    |ap_clk  |  4.00 ns|  2.908 ns|     1.08 ns|
    +--------+---------+----------+------------+

+ Latency: 
    * Summary: 
    +---------+---------+----------+----------+-----+-----+------------------------------------------------+
    |  Latency (cycles) |  Latency (absolute) |  Interval |                    Pipeline                    |
    |   min   |   max   |    min   |    max   | min | max |                      Type                      |
    +---------+---------+----------+----------+-----+-----+------------------------------------------------+
    |       42|       42|  0.168 us|  0.168 us|   33|   33|  loop auto-rewind stp (delay=1 clock cycles(s))|
    +---------+---------+----------+----------+-----+-----+------------------------------------------------+

    + Detail: 
        * Instance: 
        N/A

        * Loop: 
        +----------------------------+---------+---------+----------+-----------+-----------+------+----------+
        |                            |  Latency (cycles) | Iteration|  Initiation Interval  | Trip |          |
        |          Loop Name         |   min   |   max   |  Latency |  achieved |   target  | Count| Pipelined|
        +----------------------------+---------+---------+----------+-----------+-----------+------+----------+
        |- R_Pair_loop_R_Group_loop  |       40|       40|        10|          1|          1|    32|       yes|
        +----------------------------+---------+---------+----------+-----------+-----------+------+----------+



================================================================
== Utilization Estimates
================================================================
* Summary: 
+---------------------+---------+-------+---------+---------+------+
|         Name        | BRAM_18K|  DSP  |    FF   |   LUT   | URAM |
+---------------------+---------+-------+---------+---------+------+
|DSP                  |        -|      -|        -|        -|     -|
|Expression           |        -|      -|        0|       52|     -|
|FIFO                 |        -|      -|        -|        -|     -|
|Instance             |        -|     16|     2352|    11080|     -|
|Memory               |        -|      -|        -|        -|     -|
|Multiplexer          |        -|      -|        0|      824|     -|
|Register             |        -|      -|     4663|      408|     -|
+---------------------+---------+-------+---------+---------+------+
|Total                |        0|     16|     7015|    12364|     0|
+---------------------+---------+-------+---------+---------+------+
|Available SLR        |     2470|   3588|  1680448|   840224|   637|
+---------------------+---------+-------+---------+---------+------+
|Utilization SLR (%)  |        0|     ~0|       ~0|        1|     0|
+---------------------+---------+-------+---------+---------+------+
|Available            |     9882|  14352|  6721792|  3360896|  2549|
+---------------------+---------+-------+---------+---------+------+
|Utilization (%)      |        0|     ~0|       ~0|       ~0|     0|
+---------------------+---------+-------+---------+---------+------+

+ Detail: 
    * Instance: 
    +-------------------------------------------------------+--------------------------------------------------+---------+----+-----+-----+-----+
    |                        Instance                       |                      Module                      | BRAM_18K| DSP|  FF | LUT | URAM|
    +-------------------------------------------------------+--------------------------------------------------+---------+----+-----+-----+-----+
    |fadd_32ns_32ns_32_4_no_dsp_1_U289                      |fadd_32ns_32ns_32_4_no_dsp_1                      |        0|   0|  147|  356|    0|
    |fadd_32ns_32ns_32_4_no_dsp_1_U290                      |fadd_32ns_32ns_32_4_no_dsp_1                      |        0|   0|  147|  356|    0|
    |fadd_32ns_32ns_32_4_no_dsp_1_U293                      |fadd_32ns_32ns_32_4_no_dsp_1                      |        0|   0|  147|  356|    0|
    |fadd_32ns_32ns_32_4_no_dsp_1_U294                      |fadd_32ns_32ns_32_4_no_dsp_1                      |        0|   0|  147|  356|    0|
    |fadd_32ns_32ns_32_4_no_dsp_1_U297                      |fadd_32ns_32ns_32_4_no_dsp_1                      |        0|   0|  147|  356|    0|
    |fadd_32ns_32ns_32_4_no_dsp_1_U298                      |fadd_32ns_32ns_32_4_no_dsp_1                      |        0|   0|  147|  356|    0|
    |fadd_32ns_32ns_32_4_no_dsp_1_U301                      |fadd_32ns_32ns_32_4_no_dsp_1                      |        0|   0|  147|  356|    0|
    |fadd_32ns_32ns_32_4_no_dsp_1_U302                      |fadd_32ns_32ns_32_4_no_dsp_1                      |        0|   0|  147|  356|    0|
    |fmadd_32ns_32ns_32ns_32ns_32_1_primitive_dsp_1_x_U313  |fmadd_32ns_32ns_32ns_32ns_32_1_primitive_dsp_1_x  |        0|   1|    0|    1|    0|
    |fmadd_32ns_32ns_32ns_32ns_32_1_primitive_dsp_1_x_U314  |fmadd_32ns_32ns_32ns_32ns_32_1_primitive_dsp_1_x  |        0|   1|    0|    1|    0|
    |fmadd_32ns_32ns_32ns_32ns_32_1_primitive_dsp_1_x_U315  |fmadd_32ns_32ns_32ns_32ns_32_1_primitive_dsp_1_x  |        0|   1|    0|    1|    0|
    |fmadd_32ns_32ns_32ns_32ns_32_1_primitive_dsp_1_x_U316  |fmadd_32ns_32ns_32ns_32ns_32_1_primitive_dsp_1_x  |        0|   1|    0|    1|    0|
    |fmsub_32ns_32ns_32ns_32ns_32_1_primitive_dsp_1_x_U317  |fmsub_32ns_32ns_32ns_32ns_32_1_primitive_dsp_1_x  |        0|   1|    0|    1|    0|
    |fmsub_32ns_32ns_32ns_32ns_32_1_primitive_dsp_1_x_U318  |fmsub_32ns_32ns_32ns_32ns_32_1_primitive_dsp_1_x  |        0|   1|    0|    1|    0|
    |fmsub_32ns_32ns_32ns_32ns_32_1_primitive_dsp_1_x_U319  |fmsub_32ns_32ns_32ns_32ns_32_1_primitive_dsp_1_x  |        0|   1|    0|    1|    0|
    |fmsub_32ns_32ns_32ns_32ns_32_1_primitive_dsp_1_x_U320  |fmsub_32ns_32ns_32ns_32ns_32_1_primitive_dsp_1_x  |        0|   1|    0|    1|    0|
    |fmul_32ns_32ns_32_1_primitive_dsp_1_U305               |fmul_32ns_32ns_32_1_primitive_dsp_1               |        0|   1|    0|    0|    0|
    |fmul_32ns_32ns_32_1_primitive_dsp_1_U306               |fmul_32ns_32ns_32_1_primitive_dsp_1               |        0|   1|    0|    0|    0|
    |fmul_32ns_32ns_32_1_primitive_dsp_1_U307               |fmul_32ns_32ns_32_1_primitive_dsp_1               |        0|   1|    0|    0|    0|
    |fmul_32ns_32ns_32_1_primitive_dsp_1_U308               |fmul_32ns_32ns_32_1_primitive_dsp_1               |        0|   1|    0|    0|    0|
    |fmul_32ns_32ns_32_1_primitive_dsp_1_U309               |fmul_32ns_32ns_32_1_primitive_dsp_1               |        0|   1|    0|    0|    0|
    |fmul_32ns_32ns_32_1_primitive_dsp_1_U310               |fmul_32ns_32ns_32_1_primitive_dsp_1               |        0|   1|    0|    0|    0|
    |fmul_32ns_32ns_32_1_primitive_dsp_1_U311               |fmul_32ns_32ns_32_1_primitive_dsp_1               |        0|   1|    0|    0|    0|
    |fmul_32ns_32ns_32_1_primitive_dsp_1_U312               |fmul_32ns_32ns_32_1_primitive_dsp_1               |        0|   1|    0|    0|    0|
    |fsub_32ns_32ns_32_4_no_dsp_1_U291                      |fsub_32ns_32ns_32_4_no_dsp_1                      |        0|   0|  147|  356|    0|
    |fsub_32ns_32ns_32_4_no_dsp_1_U292                      |fsub_32ns_32ns_32_4_no_dsp_1                      |        0|   0|  147|  356|    0|
    |fsub_32ns_32ns_32_4_no_dsp_1_U295                      |fsub_32ns_32ns_32_4_no_dsp_1                      |        0|   0|  147|  356|    0|
    |fsub_32ns_32ns_32_4_no_dsp_1_U296                      |fsub_32ns_32ns_32_4_no_dsp_1                      |        0|   0|  147|  356|    0|
    |fsub_32ns_32ns_32_4_no_dsp_1_U299                      |fsub_32ns_32ns_32_4_no_dsp_1                      |        0|   0|  147|  356|    0|
    |fsub_32ns_32ns_32_4_no_dsp_1_U300                      |fsub_32ns_32ns_32_4_no_dsp_1                      |        0|   0|  147|  356|    0|
    |fsub_32ns_32ns_32_4_no_dsp_1_U303                      |fsub_32ns_32ns_32_4_no_dsp_1                      |        0|   0|  147|  356|    0|
    |fsub_32ns_32ns_32_4_no_dsp_1_U304                      |fsub_32ns_32ns_32_4_no_dsp_1                      |        0|   0|  147|  356|    0|
    |sparsemux_33_6_32_1_1_U321                             |sparsemux_33_6_32_1_1                             |        0|   0|    0|  672|    0|
    |sparsemux_33_6_32_1_1_U322                             |sparsemux_33_6_32_1_1                             |        0|   0|    0|  672|    0|
    |sparsemux_33_6_32_1_1_U323                             |sparsemux_33_6_32_1_1                             |        0|   0|    0|  672|    0|
    |sparsemux_33_6_32_1_1_U324                             |sparsemux_33_6_32_1_1                             |        0|   0|    0|  672|    0|
    |sparsemux_33_6_32_1_1_U325                             |sparsemux_33_6_32_1_1                             |        0|   0|    0|  672|    0|
    |sparsemux_33_6_32_1_1_U326                             |sparsemux_33_6_32_1_1                             |        0|   0|    0|  672|    0|
    |sparsemux_33_6_32_1_1_U327                             |sparsemux_33_6_32_1_1                             |        0|   0|    0|  672|    0|
    |sparsemux_33_6_32_1_1_U328                             |sparsemux_33_6_32_1_1                             |        0|   0|    0|  672|    0|
    +-------------------------------------------------------+--------------------------------------------------+---------+----+-----+-----+-----+
    |Total                                                  |                                                  |        0|  16| 2352|11080|    0|
    +-------------------------------------------------------+--------------------------------------------------+---------+----+-----+-----+-----+

    * DSP: 
    N/A

    * Memory: 
    N/A

    * FIFO: 
    N/A

    * Expression: 
    +---------------------------+----------+----+---+----+------------+------------+
    |       Variable Name       | Operation| DSP| FF| LUT| Bitwidth P0| Bitwidth P1|
    +---------------------------+----------+----+---+----+------------+------------+
    |add_ln368_1_fu_958_p2      |         +|   0|  0|   6|           5|           1|
    |add_ln368_fu_1714_p2       |         +|   0|  0|   9|           9|           8|
    |k_fu_1694_p2               |         +|   0|  0|   8|           7|           3|
    |ap_condition_1566          |       and|   0|  0|   2|           1|           1|
    |ap_condition_362           |       and|   0|  0|   2|           1|           1|
    |ap_condition_377           |       and|   0|  0|   2|           1|           1|
    |icmp_ln368_fu_1720_p2      |      icmp|   0|  0|   2|           5|           2|
    |ap_block_pp0_stage0_11001  |        or|   0|  0|   2|           1|           1|
    |m_fu_972_p3                |    select|   0|  0|   7|           1|           9|
    |select_ln368_fu_964_p3     |    select|   0|  0|   6|           1|           7|
    |ap_enable_pp0              |       xor|   0|  0|   2|           1|           2|
    |xor_ln16_fu_1813_p2        |       xor|   0|  0|   2|           1|           2|
    |xor_ln371_fu_1708_p2       |       xor|   0|  0|   2|           1|           2|
    +---------------------------+----------+----+---+----+------------+------------+
    |Total                      |          |   0|  0|  52|          35|          40|
    +---------------------------+----------+----+---+----+------------+------------+

    * Multiplexer: 
    +-----------------------------------------+----+-----------+-----+-----------+
    |                   Name                  | LUT| Input Size| Bits| Total Bits|
    +-----------------------------------------+----+-----------+-----+-----------+
    |add_ln368194_fu_316                      |  16|          2|    9|         18|
    |ap_done_int                              |   8|          2|    1|          2|
    |ap_loop_exit_ready_pp0_iter9_reg         |   8|          2|    1|          2|
    |ap_phi_mux_d1_imag_5_phi_fu_745_p6       |  32|          2|   32|         64|
    |ap_phi_mux_d1_real_5_phi_fu_733_p6       |  32|          2|   32|         64|
    |ap_phi_mux_icmp_ln371193_phi_fu_723_p4   |   8|          2|    1|          2|
    |ap_phi_reg_pp0_iter2_d1_imag_5_reg_742   |  32|          2|   32|         64|
    |ap_phi_reg_pp0_iter2_d1_real_5_reg_730   |  32|          2|   32|         64|
    |ap_phi_reg_pp0_iter4_d1_imag_5_reg_742   |  32|          2|   32|         64|
    |ap_phi_reg_pp0_iter4_d1_real_5_reg_730   |  32|          2|   32|         64|
    |ap_sig_allocacmp_add_ln368194_load       |  16|          2|    9|         18|
    |ap_sig_allocacmp_indvar_flatten190_load  |   8|          2|    5|         10|
    |ap_sig_allocacmp_k192_load               |   8|          2|    7|         14|
    |ap_sig_allocacmp_m191_load               |  16|          2|    9|         18|
    |grp_fu_754_p2                            |  32|          2|   32|         64|
    |grp_fu_760_p2                            |  32|          2|   32|         64|
    |grp_fu_766_p2                            |  32|          2|   32|         64|
    |grp_fu_771_p2                            |  32|          2|   32|         64|
    |grp_fu_776_p2                            |  32|          2|   32|         64|
    |grp_fu_781_p2                            |  32|          2|   32|         64|
    |grp_fu_786_p2                            |  32|          2|   32|         64|
    |grp_fu_790_p2                            |  32|          2|   32|         64|
    |grp_fu_794_p2                            |  32|          2|   32|         64|
    |grp_fu_799_p2                            |  32|          2|   32|         64|
    |grp_fu_804_p2                            |  32|          2|   32|         64|
    |grp_fu_808_p2                            |  32|          2|   32|         64|
    |grp_fu_812_p2                            |  32|          2|   32|         64|
    |grp_fu_817_p2                            |  32|          2|   32|         64|
    |grp_fu_822_p2                            |  32|          2|   32|         64|
    |grp_fu_826_p2                            |  32|          2|   32|         64|
    |indvar_flatten190_fu_304                 |   8|          2|    5|         10|
    |k192_fu_312                              |   8|          2|    7|         14|
    |m191_fu_308                              |  16|          2|    9|         18|
    +-----------------------------------------+----+-----------+-----+-----------+
    |Total                                    | 824|         66|  767|       1534|
    +-----------------------------------------+----+-----------+-----+-----------+

    * Register: 
    +----------------------------------------------------------------------------------+----+----+-----+-----------+
    |                                       Name                                       | FF | LUT| Bits| Const Bits|
    +----------------------------------------------------------------------------------+----+----+-----+-----------+
    |FFT_DIT_spatial_unroll_CY_stream_vector_stream_stream_data_4_0_1_load_1_reg_2388  |  32|   0|   32|          0|
    |FFT_DIT_spatial_unroll_CY_stream_vector_stream_stream_data_4_0_1_load_reg_2380    |  32|   0|   32|          0|
    |FFT_DIT_spatial_unroll_CY_stream_vector_stream_stream_data_4_0_2_load_1_reg_2404  |  32|   0|   32|          0|
    |FFT_DIT_spatial_unroll_CY_stream_vector_stream_stream_data_4_0_2_load_reg_2396    |  32|   0|   32|          0|
    |FFT_DIT_spatial_unroll_CY_stream_vector_stream_stream_data_4_0_3_load_reg_2412    |  32|   0|   32|          0|
    |FFT_DIT_spatial_unroll_CY_stream_vector_stream_stream_data_4_1_1_load_reg_2428    |  32|   0|   32|          0|
    |FFT_DIT_spatial_unroll_CY_stream_vector_stream_stream_data_4_1_2_load_reg_2448    |  32|   0|   32|          0|
    |FFT_DIT_spatial_unroll_CY_stream_vector_stream_stream_data_4_1_3_load_reg_2468    |  32|   0|   32|          0|
    |a_reg_2352                                                                        |  32|   0|   32|          0|
    |a_reg_2352_pp0_iter2_reg                                                          |  32|   0|   32|          0|
    |add_ln368194_fu_316                                                               |   9|   0|    9|          0|
    |ap_CS_fsm                                                                         |   1|   0|    1|          0|
    |ap_condition_exit_pp0_iter0_stage0_pp0_iter1_reg                                  |   1|   0|    1|          0|
    |ap_done_reg                                                                       |   1|   0|    1|          0|
    |ap_enable_reg_pp0_iter1                                                           |   1|   0|    1|          0|
    |ap_enable_reg_pp0_iter2                                                           |   1|   0|    1|          0|
    |ap_enable_reg_pp0_iter3                                                           |   1|   0|    1|          0|
    |ap_enable_reg_pp0_iter4                                                           |   1|   0|    1|          0|
    |ap_enable_reg_pp0_iter5                                                           |   1|   0|    1|          0|
    |ap_enable_reg_pp0_iter6                                                           |   1|   0|    1|          0|
    |ap_enable_reg_pp0_iter7                                                           |   1|   0|    1|          0|
    |ap_enable_reg_pp0_iter8                                                           |   1|   0|    1|          0|
    |ap_enable_reg_pp0_iter9                                                           |   1|   0|    1|          0|
    |ap_loop_exit_ready_pp0_iter1_reg                                                  |   1|   0|    1|          0|
    |ap_loop_exit_ready_pp0_iter2_reg                                                  |   1|   0|    1|          0|
    |ap_loop_exit_ready_pp0_iter3_reg                                                  |   1|   0|    1|          0|
    |ap_loop_exit_ready_pp0_iter4_reg                                                  |   1|   0|    1|          0|
    |ap_loop_exit_ready_pp0_iter5_reg                                                  |   1|   0|    1|          0|
    |ap_loop_exit_ready_pp0_iter6_reg                                                  |   1|   0|    1|          0|
    |ap_loop_exit_ready_pp0_iter7_reg                                                  |   1|   0|    1|          0|
    |ap_loop_exit_ready_pp0_iter8_reg                                                  |   1|   0|    1|          0|
    |ap_loop_exit_ready_pp0_iter9_reg                                                  |   1|   0|    1|          0|
    |ap_phi_reg_pp0_iter1_d1_imag_5_reg_742                                            |  32|   0|   32|          0|
    |ap_phi_reg_pp0_iter1_d1_real_5_reg_730                                            |  32|   0|   32|          0|
    |ap_phi_reg_pp0_iter2_d1_imag_5_reg_742                                            |  32|   0|   32|          0|
    |ap_phi_reg_pp0_iter2_d1_real_5_reg_730                                            |  32|   0|   32|          0|
    |ap_phi_reg_pp0_iter3_d1_imag_5_reg_742                                            |  32|   0|   32|          0|
    |ap_phi_reg_pp0_iter3_d1_real_5_reg_730                                            |  32|   0|   32|          0|
    |ap_phi_reg_pp0_iter4_d1_imag_5_reg_742                                            |  32|   0|   32|          0|
    |ap_phi_reg_pp0_iter4_d1_real_5_reg_730                                            |  32|   0|   32|          0|
    |ap_predicate_pred588_state3                                                       |   1|   0|    1|          0|
    |bc_2_reg_2482                                                                     |  32|   0|   32|          0|
    |bc_4_i_reg_2442                                                                   |  32|   0|   32|          0|
    |bc_5_i_reg_2462                                                                   |  32|   0|   32|          0|
    |bc_reg_2374                                                                       |  32|   0|   32|          0|
    |bd_2_reg_2476                                                                     |  32|   0|   32|          0|
    |bd_4_i_reg_2436                                                                   |  32|   0|   32|          0|
    |bd_5_i_reg_2456                                                                   |  32|   0|   32|          0|
    |bd_reg_2368                                                                       |  32|   0|   32|          0|
    |c_reg_2159                                                                        |  32|   0|   32|          0|
    |d0_imag_reg_2344                                                                  |  32|   0|   32|          0|
    |d0_real_reg_2336                                                                  |  32|   0|   32|          0|
    |d1_imag_6_reg_2543                                                                |  32|   0|   32|          0|
    |d1_imag_8_i_reg_2511                                                              |  32|   0|   32|          0|
    |d1_imag_9_i_reg_2527                                                              |  32|   0|   32|          0|
    |d1_imag_reg_2498                                                                  |  32|   0|   32|          0|
    |d1_real_4_reg_2362                                                                |  32|   0|   32|          0|
    |d1_real_4_reg_2362_pp0_iter2_reg                                                  |  32|   0|   32|          0|
    |d1_real_6_reg_2535                                                                |  32|   0|   32|          0|
    |d1_real_8_i_reg_2503                                                              |  32|   0|   32|          0|
    |d1_real_9_i_reg_2519                                                              |  32|   0|   32|          0|
    |d1_real_reg_2493                                                                  |  32|   0|   32|          0|
    |d1_reg_2420                                                                       |  32|   0|   32|          0|
    |d3_imag_2_reg_2593                                                                |  32|   0|   32|          0|
    |d3_imag_4_i_reg_2569                                                              |  32|   0|   32|          0|
    |d3_imag_5_i_reg_2581                                                              |  32|   0|   32|          0|
    |d3_imag_reg_2557                                                                  |  32|   0|   32|          0|
    |d3_real_2_reg_2587                                                                |  32|   0|   32|          0|
    |d3_real_4_i_reg_2563                                                              |  32|   0|   32|          0|
    |d3_real_5_i_reg_2575                                                              |  32|   0|   32|          0|
    |d3_real_reg_2551                                                                  |  32|   0|   32|          0|
    |d_reg_2167                                                                        |  32|   0|   32|          0|
    |grp_fu_754_ce                                                                     |   1|   0|    1|          0|
    |grp_fu_754_p0                                                                     |  32|   0|   32|          0|
    |grp_fu_754_p1                                                                     |  32|   0|   32|          0|
    |grp_fu_760_ce                                                                     |   1|   0|    1|          0|
    |grp_fu_760_p0                                                                     |  32|   0|   32|          0|
    |grp_fu_760_p1                                                                     |  32|   0|   32|          0|
    |grp_fu_766_ce                                                                     |   1|   0|    1|          0|
    |grp_fu_766_p0                                                                     |  32|   0|   32|          0|
    |grp_fu_766_p1                                                                     |  32|   0|   32|          0|
    |grp_fu_771_ce                                                                     |   1|   0|    1|          0|
    |grp_fu_771_p0                                                                     |  32|   0|   32|          0|
    |grp_fu_771_p1                                                                     |  32|   0|   32|          0|
    |grp_fu_776_ce                                                                     |   1|   0|    1|          0|
    |grp_fu_776_p0                                                                     |  32|   0|   32|          0|
    |grp_fu_776_p1                                                                     |  32|   0|   32|          0|
    |grp_fu_781_ce                                                                     |   1|   0|    1|          0|
    |grp_fu_781_p0                                                                     |  32|   0|   32|          0|
    |grp_fu_781_p1                                                                     |  32|   0|   32|          0|
    |grp_fu_786_ce                                                                     |   1|   0|    1|          0|
    |grp_fu_786_p0                                                                     |  32|   0|   32|          0|
    |grp_fu_786_p1                                                                     |  32|   0|   32|          0|
    |grp_fu_790_ce                                                                     |   1|   0|    1|          0|
    |grp_fu_790_p0                                                                     |  32|   0|   32|          0|
    |grp_fu_790_p1                                                                     |  32|   0|   32|          0|
    |grp_fu_794_ce                                                                     |   1|   0|    1|          0|
    |grp_fu_794_p0                                                                     |  32|   0|   32|          0|
    |grp_fu_794_p1                                                                     |  32|   0|   32|          0|
    |grp_fu_799_ce                                                                     |   1|   0|    1|          0|
    |grp_fu_799_p0                                                                     |  32|   0|   32|          0|
    |grp_fu_799_p1                                                                     |  32|   0|   32|          0|
    |grp_fu_804_ce                                                                     |   1|   0|    1|          0|
    |grp_fu_804_p0                                                                     |  32|   0|   32|          0|
    |grp_fu_804_p1                                                                     |  32|   0|   32|          0|
    |grp_fu_808_ce                                                                     |   1|   0|    1|          0|
    |grp_fu_808_p0                                                                     |  32|   0|   32|          0|
    |grp_fu_808_p1                                                                     |  32|   0|   32|          0|
    |grp_fu_812_ce                                                                     |   1|   0|    1|          0|
    |grp_fu_812_p0                                                                     |  32|   0|   32|          0|
    |grp_fu_812_p1                                                                     |  32|   0|   32|          0|
    |grp_fu_817_ce                                                                     |   1|   0|    1|          0|
    |grp_fu_817_p0                                                                     |  32|   0|   32|          0|
    |grp_fu_817_p1                                                                     |  32|   0|   32|          0|
    |grp_fu_822_ce                                                                     |   1|   0|    1|          0|
    |grp_fu_822_p0                                                                     |  32|   0|   32|          0|
    |grp_fu_822_p1                                                                     |  32|   0|   32|          0|
    |grp_fu_826_ce                                                                     |   1|   0|    1|          0|
    |grp_fu_826_p0                                                                     |  32|   0|   32|          0|
    |grp_fu_826_p1                                                                     |  32|   0|   32|          0|
    |grp_fu_870_p1                                                                     |  32|   0|   32|          0|
    |grp_fu_870_p2                                                                     |  32|   0|   32|          0|
    |grp_fu_870_p3                                                                     |  32|   0|   32|          0|
    |grp_fu_877_p1                                                                     |  32|   0|   32|          0|
    |grp_fu_877_p2                                                                     |  32|   0|   32|          0|
    |grp_fu_877_p3                                                                     |  32|   0|   32|          0|
    |grp_fu_884_p1                                                                     |  32|   0|   32|          0|
    |grp_fu_884_p2                                                                     |  32|   0|   32|          0|
    |grp_fu_884_p3                                                                     |  32|   0|   32|          0|
    |grp_fu_891_p1                                                                     |  32|   0|   32|          0|
    |grp_fu_891_p2                                                                     |  32|   0|   32|          0|
    |grp_fu_891_p3                                                                     |  32|   0|   32|          0|
    |grp_fu_898_p1                                                                     |  32|   0|   32|          0|
    |grp_fu_898_p2                                                                     |  32|   0|   32|          0|
    |grp_fu_898_p3                                                                     |  32|   0|   32|          0|
    |grp_fu_905_p1                                                                     |  32|   0|   32|          0|
    |grp_fu_905_p2                                                                     |  32|   0|   32|          0|
    |grp_fu_905_p3                                                                     |  32|   0|   32|          0|
    |grp_fu_912_p1                                                                     |  32|   0|   32|          0|
    |grp_fu_912_p2                                                                     |  32|   0|   32|          0|
    |grp_fu_912_p3                                                                     |  32|   0|   32|          0|
    |grp_fu_919_p1                                                                     |  32|   0|   32|          0|
    |grp_fu_919_p2                                                                     |  32|   0|   32|          0|
    |grp_fu_919_p3                                                                     |  32|   0|   32|          0|
    |icmp_ln368_reg_2332                                                               |   1|   0|    1|          0|
    |indvar_flatten190_fu_304                                                          |   5|   0|    5|          0|
    |k192_fu_312                                                                       |   7|   0|    7|          0|
    |m191_fu_308                                                                       |   9|   0|    9|          0|
    |pre_grp_fu_754_p2_reg                                                             |  32|   0|   32|          0|
    |pre_grp_fu_760_p2_reg                                                             |  32|   0|   32|          0|
    |pre_grp_fu_766_p2_reg                                                             |  32|   0|   32|          0|
    |pre_grp_fu_771_p2_reg                                                             |  32|   0|   32|          0|
    |pre_grp_fu_776_p2_reg                                                             |  32|   0|   32|          0|
    |pre_grp_fu_781_p2_reg                                                             |  32|   0|   32|          0|
    |pre_grp_fu_786_p2_reg                                                             |  32|   0|   32|          0|
    |pre_grp_fu_790_p2_reg                                                             |  32|   0|   32|          0|
    |pre_grp_fu_794_p2_reg                                                             |  32|   0|   32|          0|
    |pre_grp_fu_799_p2_reg                                                             |  32|   0|   32|          0|
    |pre_grp_fu_804_p2_reg                                                             |  32|   0|   32|          0|
    |pre_grp_fu_808_p2_reg                                                             |  32|   0|   32|          0|
    |pre_grp_fu_812_p2_reg                                                             |  32|   0|   32|          0|
    |pre_grp_fu_817_p2_reg                                                             |  32|   0|   32|          0|
    |pre_grp_fu_822_p2_reg                                                             |  32|   0|   32|          0|
    |pre_grp_fu_826_p2_reg                                                             |  32|   0|   32|          0|
    |trunc_ln371_reg_2155                                                              |   6|   0|    6|          0|
    |tw_16_i_reg_2259                                                                  |  32|   0|   32|          0|
    |tw_17_i_reg_2283                                                                  |  32|   0|   32|          0|
    |tw_18_i_reg_2267                                                                  |  32|   0|   32|          0|
    |tw_19_i_reg_2291                                                                  |  32|   0|   32|          0|
    |tw_9_reg_2299                                                                     |  32|   0|   32|          0|
    |tw_reg_2275                                                                       |  32|   0|   32|          0|
    |xor_ln371_reg_2327                                                                |   1|   0|    1|          0|
    |zext_ln381_reg_2175                                                               |   6|   0|   64|         58|
    |zext_ln7_reg_2187                                                                 |   5|   0|   64|         59|
    |FFT_DIT_spatial_unroll_CY_stream_vector_stream_stream_data_4_0_1_load_reg_2380    |   0|  16|   32|          0|
    |FFT_DIT_spatial_unroll_CY_stream_vector_stream_stream_data_4_0_2_load_reg_2396    |   0|  16|   32|          0|
    |FFT_DIT_spatial_unroll_CY_stream_vector_stream_stream_data_4_0_3_load_reg_2412    |   0|  16|   32|          0|
    |FFT_DIT_spatial_unroll_CY_stream_vector_stream_stream_data_4_1_1_load_reg_2428    |   0|  16|   32|          0|
    |FFT_DIT_spatial_unroll_CY_stream_vector_stream_stream_data_4_1_2_load_reg_2448    |   0|  16|   32|          0|
    |FFT_DIT_spatial_unroll_CY_stream_vector_stream_stream_data_4_1_3_load_reg_2468    |   0|  16|   32|          0|
    |c_reg_2159                                                                        |  64|  32|   32|          0|
    |d0_imag_reg_2344                                                                  |   0|  16|   32|          0|
    |d0_real_reg_2336                                                                  |   0|  16|   32|          0|
    |d_reg_2167                                                                        |  64|  32|   32|          0|
    |trunc_ln371_reg_2155                                                              |   0|   8|    6|          0|
    |tw_16_i_reg_2259                                                                  |  64|  32|   32|          0|
    |tw_17_i_reg_2283                                                                  |  64|  32|   32|          0|
    |tw_18_i_reg_2267                                                                  |  64|  32|   32|          0|
    |tw_19_i_reg_2291                                                                  |  64|  32|   32|          0|
    |tw_9_reg_2299                                                                     |  64|  32|   32|          0|
    |tw_reg_2275                                                                       |  64|  32|   32|          0|
    |zext_ln381_reg_2175                                                               |   0|   8|   64|         58|
    |zext_ln7_reg_2187                                                                 |   0|   8|   64|         59|
    +----------------------------------------------------------------------------------+----+----+-----+-----------+
    |Total                                                                             |4663| 408| 4914|        234|
    +----------------------------------------------------------------------------------+----+----+-----+-----------+



================================================================
== Interface
================================================================
* Summary: 
+---------------------------------------------------------------------------------------------------------------------------------+-----+-----+------------+------------------------------------------------------------------------------------------------------------------------+--------------+
|                                                            RTL Ports                                                            | Dir | Bits|  Protocol  |                                                      Source Object                                                     |    C Type    |
+---------------------------------------------------------------------------------------------------------------------------------+-----+-----+------------+------------------------------------------------------------------------------------------------------------------------+--------------+
|ap_clk                                                                                                                           |   in|    1|  ap_ctrl_hs|                                                                                             FFT_stage_spatial_unroll<7>|  return value|
|ap_rst                                                                                                                           |   in|    1|  ap_ctrl_hs|                                                                                             FFT_stage_spatial_unroll<7>|  return value|
|ap_start                                                                                                                         |   in|    1|  ap_ctrl_hs|                                                                                             FFT_stage_spatial_unroll<7>|  return value|
|ap_done                                                                                                                          |  out|    1|  ap_ctrl_hs|                                                                                             FFT_stage_spatial_unroll<7>|  return value|
|ap_continue                                                                                                                      |   in|    1|  ap_ctrl_hs|                                                                                             FFT_stage_spatial_unroll<7>|  return value|
|ap_idle                                                                                                                          |  out|    1|  ap_ctrl_hs|                                                                                             FFT_stage_spatial_unroll<7>|  return value|
|ap_ready                                                                                                                         |  out|    1|  ap_ctrl_hs|                                                                                             FFT_stage_spatial_unroll<7>|  return value|
|FFT_DIT_spatial_unroll_CY_stream_vector_stream_vector_complex_float_8ul_0_stream_vector_complex_float_8ul_0_data_5_0_0_address0  |  out|    6|   ap_memory|  FFT_DIT_spatial_unroll_CY_stream_vector_stream_vector_complex_float_8ul_0_stream_vector_complex_float_8ul_0_data_5_0_0|         array|
|FFT_DIT_spatial_unroll_CY_stream_vector_stream_vector_complex_float_8ul_0_stream_vector_complex_float_8ul_0_data_5_0_0_ce0       |  out|    1|   ap_memory|  FFT_DIT_spatial_unroll_CY_stream_vector_stream_vector_complex_float_8ul_0_stream_vector_complex_float_8ul_0_data_5_0_0|         array|
|FFT_DIT_spatial_unroll_CY_stream_vector_stream_vector_complex_float_8ul_0_stream_vector_complex_float_8ul_0_data_5_0_0_we0       |  out|    1|   ap_memory|  FFT_DIT_spatial_unroll_CY_stream_vector_stream_vector_complex_float_8ul_0_stream_vector_complex_float_8ul_0_data_5_0_0|         array|
|FFT_DIT_spatial_unroll_CY_stream_vector_stream_vector_complex_float_8ul_0_stream_vector_complex_float_8ul_0_data_5_0_0_d0        |  out|   32|   ap_memory|  FFT_DIT_spatial_unroll_CY_stream_vector_stream_vector_complex_float_8ul_0_stream_vector_complex_float_8ul_0_data_5_0_0|         array|
|FFT_DIT_spatial_unroll_CY_stream_vector_stream_vector_complex_float_8ul_0_stream_vector_complex_float_8ul_0_data_5_0_0_address1  |  out|    6|   ap_memory|  FFT_DIT_spatial_unroll_CY_stream_vector_stream_vector_complex_float_8ul_0_stream_vector_complex_float_8ul_0_data_5_0_0|         array|
|FFT_DIT_spatial_unroll_CY_stream_vector_stream_vector_complex_float_8ul_0_stream_vector_complex_float_8ul_0_data_5_0_0_ce1       |  out|    1|   ap_memory|  FFT_DIT_spatial_unroll_CY_stream_vector_stream_vector_complex_float_8ul_0_stream_vector_complex_float_8ul_0_data_5_0_0|         array|
|FFT_DIT_spatial_unroll_CY_stream_vector_stream_vector_complex_float_8ul_0_stream_vector_complex_float_8ul_0_data_5_0_0_we1       |  out|    1|   ap_memory|  FFT_DIT_spatial_unroll_CY_stream_vector_stream_vector_complex_float_8ul_0_stream_vector_complex_float_8ul_0_data_5_0_0|         array|
|FFT_DIT_spatial_unroll_CY_stream_vector_stream_vector_complex_float_8ul_0_stream_vector_complex_float_8ul_0_data_5_0_0_d1        |  out|   32|   ap_memory|  FFT_DIT_spatial_unroll_CY_stream_vector_stream_vector_complex_float_8ul_0_stream_vector_complex_float_8ul_0_data_5_0_0|         array|
|FFT_DIT_spatial_unroll_CY_stream_vector_stream_vector_complex_float_8ul_0_stream_vector_complex_float_8ul_0_data_5_0_1_address0  |  out|    6|   ap_memory|  FFT_DIT_spatial_unroll_CY_stream_vector_stream_vector_complex_float_8ul_0_stream_vector_complex_float_8ul_0_data_5_0_1|         array|
|FFT_DIT_spatial_unroll_CY_stream_vector_stream_vector_complex_float_8ul_0_stream_vector_complex_float_8ul_0_data_5_0_1_ce0       |  out|    1|   ap_memory|  FFT_DIT_spatial_unroll_CY_stream_vector_stream_vector_complex_float_8ul_0_stream_vector_complex_float_8ul_0_data_5_0_1|         array|
|FFT_DIT_spatial_unroll_CY_stream_vector_stream_vector_complex_float_8ul_0_stream_vector_complex_float_8ul_0_data_5_0_1_we0       |  out|    1|   ap_memory|  FFT_DIT_spatial_unroll_CY_stream_vector_stream_vector_complex_float_8ul_0_stream_vector_complex_float_8ul_0_data_5_0_1|         array|
|FFT_DIT_spatial_unroll_CY_stream_vector_stream_vector_complex_float_8ul_0_stream_vector_complex_float_8ul_0_data_5_0_1_d0        |  out|   32|   ap_memory|  FFT_DIT_spatial_unroll_CY_stream_vector_stream_vector_complex_float_8ul_0_stream_vector_complex_float_8ul_0_data_5_0_1|         array|
|FFT_DIT_spatial_unroll_CY_stream_vector_stream_vector_complex_float_8ul_0_stream_vector_complex_float_8ul_0_data_5_0_1_address1  |  out|    6|   ap_memory|  FFT_DIT_spatial_unroll_CY_stream_vector_stream_vector_complex_float_8ul_0_stream_vector_complex_float_8ul_0_data_5_0_1|         array|
|FFT_DIT_spatial_unroll_CY_stream_vector_stream_vector_complex_float_8ul_0_stream_vector_complex_float_8ul_0_data_5_0_1_ce1       |  out|    1|   ap_memory|  FFT_DIT_spatial_unroll_CY_stream_vector_stream_vector_complex_float_8ul_0_stream_vector_complex_float_8ul_0_data_5_0_1|         array|
|FFT_DIT_spatial_unroll_CY_stream_vector_stream_vector_complex_float_8ul_0_stream_vector_complex_float_8ul_0_data_5_0_1_we1       |  out|    1|   ap_memory|  FFT_DIT_spatial_unroll_CY_stream_vector_stream_vector_complex_float_8ul_0_stream_vector_complex_float_8ul_0_data_5_0_1|         array|
|FFT_DIT_spatial_unroll_CY_stream_vector_stream_vector_complex_float_8ul_0_stream_vector_complex_float_8ul_0_data_5_0_1_d1        |  out|   32|   ap_memory|  FFT_DIT_spatial_unroll_CY_stream_vector_stream_vector_complex_float_8ul_0_stream_vector_complex_float_8ul_0_data_5_0_1|         array|
|FFT_DIT_spatial_unroll_CY_stream_vector_stream_vector_complex_float_8ul_0_stream_vector_complex_float_8ul_0_data_5_0_2_address0  |  out|    6|   ap_memory|  FFT_DIT_spatial_unroll_CY_stream_vector_stream_vector_complex_float_8ul_0_stream_vector_complex_float_8ul_0_data_5_0_2|         array|
|FFT_DIT_spatial_unroll_CY_stream_vector_stream_vector_complex_float_8ul_0_stream_vector_complex_float_8ul_0_data_5_0_2_ce0       |  out|    1|   ap_memory|  FFT_DIT_spatial_unroll_CY_stream_vector_stream_vector_complex_float_8ul_0_stream_vector_complex_float_8ul_0_data_5_0_2|         array|
|FFT_DIT_spatial_unroll_CY_stream_vector_stream_vector_complex_float_8ul_0_stream_vector_complex_float_8ul_0_data_5_0_2_we0       |  out|    1|   ap_memory|  FFT_DIT_spatial_unroll_CY_stream_vector_stream_vector_complex_float_8ul_0_stream_vector_complex_float_8ul_0_data_5_0_2|         array|
|FFT_DIT_spatial_unroll_CY_stream_vector_stream_vector_complex_float_8ul_0_stream_vector_complex_float_8ul_0_data_5_0_2_d0        |  out|   32|   ap_memory|  FFT_DIT_spatial_unroll_CY_stream_vector_stream_vector_complex_float_8ul_0_stream_vector_complex_float_8ul_0_data_5_0_2|         array|
|FFT_DIT_spatial_unroll_CY_stream_vector_stream_vector_complex_float_8ul_0_stream_vector_complex_float_8ul_0_data_5_0_2_address1  |  out|    6|   ap_memory|  FFT_DIT_spatial_unroll_CY_stream_vector_stream_vector_complex_float_8ul_0_stream_vector_complex_float_8ul_0_data_5_0_2|         array|
|FFT_DIT_spatial_unroll_CY_stream_vector_stream_vector_complex_float_8ul_0_stream_vector_complex_float_8ul_0_data_5_0_2_ce1       |  out|    1|   ap_memory|  FFT_DIT_spatial_unroll_CY_stream_vector_stream_vector_complex_float_8ul_0_stream_vector_complex_float_8ul_0_data_5_0_2|         array|
|FFT_DIT_spatial_unroll_CY_stream_vector_stream_vector_complex_float_8ul_0_stream_vector_complex_float_8ul_0_data_5_0_2_we1       |  out|    1|   ap_memory|  FFT_DIT_spatial_unroll_CY_stream_vector_stream_vector_complex_float_8ul_0_stream_vector_complex_float_8ul_0_data_5_0_2|         array|
|FFT_DIT_spatial_unroll_CY_stream_vector_stream_vector_complex_float_8ul_0_stream_vector_complex_float_8ul_0_data_5_0_2_d1        |  out|   32|   ap_memory|  FFT_DIT_spatial_unroll_CY_stream_vector_stream_vector_complex_float_8ul_0_stream_vector_complex_float_8ul_0_data_5_0_2|         array|
|FFT_DIT_spatial_unroll_CY_stream_vector_stream_vector_complex_float_8ul_0_stream_vector_complex_float_8ul_0_data_5_0_3_address0  |  out|    6|   ap_memory|  FFT_DIT_spatial_unroll_CY_stream_vector_stream_vector_complex_float_8ul_0_stream_vector_complex_float_8ul_0_data_5_0_3|         array|
|FFT_DIT_spatial_unroll_CY_stream_vector_stream_vector_complex_float_8ul_0_stream_vector_complex_float_8ul_0_data_5_0_3_ce0       |  out|    1|   ap_memory|  FFT_DIT_spatial_unroll_CY_stream_vector_stream_vector_complex_float_8ul_0_stream_vector_complex_float_8ul_0_data_5_0_3|         array|
|FFT_DIT_spatial_unroll_CY_stream_vector_stream_vector_complex_float_8ul_0_stream_vector_complex_float_8ul_0_data_5_0_3_we0       |  out|    1|   ap_memory|  FFT_DIT_spatial_unroll_CY_stream_vector_stream_vector_complex_float_8ul_0_stream_vector_complex_float_8ul_0_data_5_0_3|         array|
|FFT_DIT_spatial_unroll_CY_stream_vector_stream_vector_complex_float_8ul_0_stream_vector_complex_float_8ul_0_data_5_0_3_d0        |  out|   32|   ap_memory|  FFT_DIT_spatial_unroll_CY_stream_vector_stream_vector_complex_float_8ul_0_stream_vector_complex_float_8ul_0_data_5_0_3|         array|
|FFT_DIT_spatial_unroll_CY_stream_vector_stream_vector_complex_float_8ul_0_stream_vector_complex_float_8ul_0_data_5_0_3_address1  |  out|    6|   ap_memory|  FFT_DIT_spatial_unroll_CY_stream_vector_stream_vector_complex_float_8ul_0_stream_vector_complex_float_8ul_0_data_5_0_3|         array|
|FFT_DIT_spatial_unroll_CY_stream_vector_stream_vector_complex_float_8ul_0_stream_vector_complex_float_8ul_0_data_5_0_3_ce1       |  out|    1|   ap_memory|  FFT_DIT_spatial_unroll_CY_stream_vector_stream_vector_complex_float_8ul_0_stream_vector_complex_float_8ul_0_data_5_0_3|         array|
|FFT_DIT_spatial_unroll_CY_stream_vector_stream_vector_complex_float_8ul_0_stream_vector_complex_float_8ul_0_data_5_0_3_we1       |  out|    1|   ap_memory|  FFT_DIT_spatial_unroll_CY_stream_vector_stream_vector_complex_float_8ul_0_stream_vector_complex_float_8ul_0_data_5_0_3|         array|
|FFT_DIT_spatial_unroll_CY_stream_vector_stream_vector_complex_float_8ul_0_stream_vector_complex_float_8ul_0_data_5_0_3_d1        |  out|   32|   ap_memory|  FFT_DIT_spatial_unroll_CY_stream_vector_stream_vector_complex_float_8ul_0_stream_vector_complex_float_8ul_0_data_5_0_3|         array|
|FFT_DIT_spatial_unroll_CY_stream_vector_stream_vector_complex_float_8ul_0_stream_vector_complex_float_8ul_0_data_5_1_0_address0  |  out|    6|   ap_memory|  FFT_DIT_spatial_unroll_CY_stream_vector_stream_vector_complex_float_8ul_0_stream_vector_complex_float_8ul_0_data_5_1_0|         array|
|FFT_DIT_spatial_unroll_CY_stream_vector_stream_vector_complex_float_8ul_0_stream_vector_complex_float_8ul_0_data_5_1_0_ce0       |  out|    1|   ap_memory|  FFT_DIT_spatial_unroll_CY_stream_vector_stream_vector_complex_float_8ul_0_stream_vector_complex_float_8ul_0_data_5_1_0|         array|
|FFT_DIT_spatial_unroll_CY_stream_vector_stream_vector_complex_float_8ul_0_stream_vector_complex_float_8ul_0_data_5_1_0_we0       |  out|    1|   ap_memory|  FFT_DIT_spatial_unroll_CY_stream_vector_stream_vector_complex_float_8ul_0_stream_vector_complex_float_8ul_0_data_5_1_0|         array|
|FFT_DIT_spatial_unroll_CY_stream_vector_stream_vector_complex_float_8ul_0_stream_vector_complex_float_8ul_0_data_5_1_0_d0        |  out|   32|   ap_memory|  FFT_DIT_spatial_unroll_CY_stream_vector_stream_vector_complex_float_8ul_0_stream_vector_complex_float_8ul_0_data_5_1_0|         array|
|FFT_DIT_spatial_unroll_CY_stream_vector_stream_vector_complex_float_8ul_0_stream_vector_complex_float_8ul_0_data_5_1_0_address1  |  out|    6|   ap_memory|  FFT_DIT_spatial_unroll_CY_stream_vector_stream_vector_complex_float_8ul_0_stream_vector_complex_float_8ul_0_data_5_1_0|         array|
|FFT_DIT_spatial_unroll_CY_stream_vector_stream_vector_complex_float_8ul_0_stream_vector_complex_float_8ul_0_data_5_1_0_ce1       |  out|    1|   ap_memory|  FFT_DIT_spatial_unroll_CY_stream_vector_stream_vector_complex_float_8ul_0_stream_vector_complex_float_8ul_0_data_5_1_0|         array|
|FFT_DIT_spatial_unroll_CY_stream_vector_stream_vector_complex_float_8ul_0_stream_vector_complex_float_8ul_0_data_5_1_0_we1       |  out|    1|   ap_memory|  FFT_DIT_spatial_unroll_CY_stream_vector_stream_vector_complex_float_8ul_0_stream_vector_complex_float_8ul_0_data_5_1_0|         array|
|FFT_DIT_spatial_unroll_CY_stream_vector_stream_vector_complex_float_8ul_0_stream_vector_complex_float_8ul_0_data_5_1_0_d1        |  out|   32|   ap_memory|  FFT_DIT_spatial_unroll_CY_stream_vector_stream_vector_complex_float_8ul_0_stream_vector_complex_float_8ul_0_data_5_1_0|         array|
|FFT_DIT_spatial_unroll_CY_stream_vector_stream_vector_complex_float_8ul_0_stream_vector_complex_float_8ul_0_data_5_1_1_address0  |  out|    6|   ap_memory|  FFT_DIT_spatial_unroll_CY_stream_vector_stream_vector_complex_float_8ul_0_stream_vector_complex_float_8ul_0_data_5_1_1|         array|
|FFT_DIT_spatial_unroll_CY_stream_vector_stream_vector_complex_float_8ul_0_stream_vector_complex_float_8ul_0_data_5_1_1_ce0       |  out|    1|   ap_memory|  FFT_DIT_spatial_unroll_CY_stream_vector_stream_vector_complex_float_8ul_0_stream_vector_complex_float_8ul_0_data_5_1_1|         array|
|FFT_DIT_spatial_unroll_CY_stream_vector_stream_vector_complex_float_8ul_0_stream_vector_complex_float_8ul_0_data_5_1_1_we0       |  out|    1|   ap_memory|  FFT_DIT_spatial_unroll_CY_stream_vector_stream_vector_complex_float_8ul_0_stream_vector_complex_float_8ul_0_data_5_1_1|         array|
|FFT_DIT_spatial_unroll_CY_stream_vector_stream_vector_complex_float_8ul_0_stream_vector_complex_float_8ul_0_data_5_1_1_d0        |  out|   32|   ap_memory|  FFT_DIT_spatial_unroll_CY_stream_vector_stream_vector_complex_float_8ul_0_stream_vector_complex_float_8ul_0_data_5_1_1|         array|
|FFT_DIT_spatial_unroll_CY_stream_vector_stream_vector_complex_float_8ul_0_stream_vector_complex_float_8ul_0_data_5_1_1_address1  |  out|    6|   ap_memory|  FFT_DIT_spatial_unroll_CY_stream_vector_stream_vector_complex_float_8ul_0_stream_vector_complex_float_8ul_0_data_5_1_1|         array|
|FFT_DIT_spatial_unroll_CY_stream_vector_stream_vector_complex_float_8ul_0_stream_vector_complex_float_8ul_0_data_5_1_1_ce1       |  out|    1|   ap_memory|  FFT_DIT_spatial_unroll_CY_stream_vector_stream_vector_complex_float_8ul_0_stream_vector_complex_float_8ul_0_data_5_1_1|         array|
|FFT_DIT_spatial_unroll_CY_stream_vector_stream_vector_complex_float_8ul_0_stream_vector_complex_float_8ul_0_data_5_1_1_we1       |  out|    1|   ap_memory|  FFT_DIT_spatial_unroll_CY_stream_vector_stream_vector_complex_float_8ul_0_stream_vector_complex_float_8ul_0_data_5_1_1|         array|
|FFT_DIT_spatial_unroll_CY_stream_vector_stream_vector_complex_float_8ul_0_stream_vector_complex_float_8ul_0_data_5_1_1_d1        |  out|   32|   ap_memory|  FFT_DIT_spatial_unroll_CY_stream_vector_stream_vector_complex_float_8ul_0_stream_vector_complex_float_8ul_0_data_5_1_1|         array|
|FFT_DIT_spatial_unroll_CY_stream_vector_stream_vector_complex_float_8ul_0_stream_vector_complex_float_8ul_0_data_5_1_2_address0  |  out|    6|   ap_memory|  FFT_DIT_spatial_unroll_CY_stream_vector_stream_vector_complex_float_8ul_0_stream_vector_complex_float_8ul_0_data_5_1_2|         array|
|FFT_DIT_spatial_unroll_CY_stream_vector_stream_vector_complex_float_8ul_0_stream_vector_complex_float_8ul_0_data_5_1_2_ce0       |  out|    1|   ap_memory|  FFT_DIT_spatial_unroll_CY_stream_vector_stream_vector_complex_float_8ul_0_stream_vector_complex_float_8ul_0_data_5_1_2|         array|
|FFT_DIT_spatial_unroll_CY_stream_vector_stream_vector_complex_float_8ul_0_stream_vector_complex_float_8ul_0_data_5_1_2_we0       |  out|    1|   ap_memory|  FFT_DIT_spatial_unroll_CY_stream_vector_stream_vector_complex_float_8ul_0_stream_vector_complex_float_8ul_0_data_5_1_2|         array|
|FFT_DIT_spatial_unroll_CY_stream_vector_stream_vector_complex_float_8ul_0_stream_vector_complex_float_8ul_0_data_5_1_2_d0        |  out|   32|   ap_memory|  FFT_DIT_spatial_unroll_CY_stream_vector_stream_vector_complex_float_8ul_0_stream_vector_complex_float_8ul_0_data_5_1_2|         array|
|FFT_DIT_spatial_unroll_CY_stream_vector_stream_vector_complex_float_8ul_0_stream_vector_complex_float_8ul_0_data_5_1_2_address1  |  out|    6|   ap_memory|  FFT_DIT_spatial_unroll_CY_stream_vector_stream_vector_complex_float_8ul_0_stream_vector_complex_float_8ul_0_data_5_1_2|         array|
|FFT_DIT_spatial_unroll_CY_stream_vector_stream_vector_complex_float_8ul_0_stream_vector_complex_float_8ul_0_data_5_1_2_ce1       |  out|    1|   ap_memory|  FFT_DIT_spatial_unroll_CY_stream_vector_stream_vector_complex_float_8ul_0_stream_vector_complex_float_8ul_0_data_5_1_2|         array|
|FFT_DIT_spatial_unroll_CY_stream_vector_stream_vector_complex_float_8ul_0_stream_vector_complex_float_8ul_0_data_5_1_2_we1       |  out|    1|   ap_memory|  FFT_DIT_spatial_unroll_CY_stream_vector_stream_vector_complex_float_8ul_0_stream_vector_complex_float_8ul_0_data_5_1_2|         array|
|FFT_DIT_spatial_unroll_CY_stream_vector_stream_vector_complex_float_8ul_0_stream_vector_complex_float_8ul_0_data_5_1_2_d1        |  out|   32|   ap_memory|  FFT_DIT_spatial_unroll_CY_stream_vector_stream_vector_complex_float_8ul_0_stream_vector_complex_float_8ul_0_data_5_1_2|         array|
|FFT_DIT_spatial_unroll_CY_stream_vector_stream_vector_complex_float_8ul_0_stream_vector_complex_float_8ul_0_data_5_1_3_address0  |  out|    6|   ap_memory|  FFT_DIT_spatial_unroll_CY_stream_vector_stream_vector_complex_float_8ul_0_stream_vector_complex_float_8ul_0_data_5_1_3|         array|
|FFT_DIT_spatial_unroll_CY_stream_vector_stream_vector_complex_float_8ul_0_stream_vector_complex_float_8ul_0_data_5_1_3_ce0       |  out|    1|   ap_memory|  FFT_DIT_spatial_unroll_CY_stream_vector_stream_vector_complex_float_8ul_0_stream_vector_complex_float_8ul_0_data_5_1_3|         array|
|FFT_DIT_spatial_unroll_CY_stream_vector_stream_vector_complex_float_8ul_0_stream_vector_complex_float_8ul_0_data_5_1_3_we0       |  out|    1|   ap_memory|  FFT_DIT_spatial_unroll_CY_stream_vector_stream_vector_complex_float_8ul_0_stream_vector_complex_float_8ul_0_data_5_1_3|         array|
|FFT_DIT_spatial_unroll_CY_stream_vector_stream_vector_complex_float_8ul_0_stream_vector_complex_float_8ul_0_data_5_1_3_d0        |  out|   32|   ap_memory|  FFT_DIT_spatial_unroll_CY_stream_vector_stream_vector_complex_float_8ul_0_stream_vector_complex_float_8ul_0_data_5_1_3|         array|
|FFT_DIT_spatial_unroll_CY_stream_vector_stream_vector_complex_float_8ul_0_stream_vector_complex_float_8ul_0_data_5_1_3_address1  |  out|    6|   ap_memory|  FFT_DIT_spatial_unroll_CY_stream_vector_stream_vector_complex_float_8ul_0_stream_vector_complex_float_8ul_0_data_5_1_3|         array|
|FFT_DIT_spatial_unroll_CY_stream_vector_stream_vector_complex_float_8ul_0_stream_vector_complex_float_8ul_0_data_5_1_3_ce1       |  out|    1|   ap_memory|  FFT_DIT_spatial_unroll_CY_stream_vector_stream_vector_complex_float_8ul_0_stream_vector_complex_float_8ul_0_data_5_1_3|         array|
|FFT_DIT_spatial_unroll_CY_stream_vector_stream_vector_complex_float_8ul_0_stream_vector_complex_float_8ul_0_data_5_1_3_we1       |  out|    1|   ap_memory|  FFT_DIT_spatial_unroll_CY_stream_vector_stream_vector_complex_float_8ul_0_stream_vector_complex_float_8ul_0_data_5_1_3|         array|
|FFT_DIT_spatial_unroll_CY_stream_vector_stream_vector_complex_float_8ul_0_stream_vector_complex_float_8ul_0_data_5_1_3_d1        |  out|   32|   ap_memory|  FFT_DIT_spatial_unroll_CY_stream_vector_stream_vector_complex_float_8ul_0_stream_vector_complex_float_8ul_0_data_5_1_3|         array|
|FFT_DIT_spatial_unroll_CY_stream_vector_stream_stream_vector_0_data_4_0_1_address0                                               |  out|    6|   ap_memory|                                               FFT_DIT_spatial_unroll_CY_stream_vector_stream_stream_vector_0_data_4_0_1|         array|
|FFT_DIT_spatial_unroll_CY_stream_vector_stream_stream_vector_0_data_4_0_1_ce0                                                    |  out|    1|   ap_memory|                                               FFT_DIT_spatial_unroll_CY_stream_vector_stream_stream_vector_0_data_4_0_1|         array|
|FFT_DIT_spatial_unroll_CY_stream_vector_stream_stream_vector_0_data_4_0_1_q0                                                     |   in|   32|   ap_memory|                                               FFT_DIT_spatial_unroll_CY_stream_vector_stream_stream_vector_0_data_4_0_1|         array|
|FFT_DIT_spatial_unroll_CY_stream_vector_stream_stream_vector_0_data_4_0_1_address1                                               |  out|    6|   ap_memory|                                               FFT_DIT_spatial_unroll_CY_stream_vector_stream_stream_vector_0_data_4_0_1|         array|
|FFT_DIT_spatial_unroll_CY_stream_vector_stream_stream_vector_0_data_4_0_1_ce1                                                    |  out|    1|   ap_memory|                                               FFT_DIT_spatial_unroll_CY_stream_vector_stream_stream_vector_0_data_4_0_1|         array|
|FFT_DIT_spatial_unroll_CY_stream_vector_stream_stream_vector_0_data_4_0_1_q1                                                     |   in|   32|   ap_memory|                                               FFT_DIT_spatial_unroll_CY_stream_vector_stream_stream_vector_0_data_4_0_1|         array|
|FFT_DIT_spatial_unroll_CY_stream_vector_stream_stream_vector_0_data_4_0_2_address0                                               |  out|    6|   ap_memory|                                               FFT_DIT_spatial_unroll_CY_stream_vector_stream_stream_vector_0_data_4_0_2|         array|
|FFT_DIT_spatial_unroll_CY_stream_vector_stream_stream_vector_0_data_4_0_2_ce0                                                    |  out|    1|   ap_memory|                                               FFT_DIT_spatial_unroll_CY_stream_vector_stream_stream_vector_0_data_4_0_2|         array|
|FFT_DIT_spatial_unroll_CY_stream_vector_stream_stream_vector_0_data_4_0_2_q0                                                     |   in|   32|   ap_memory|                                               FFT_DIT_spatial_unroll_CY_stream_vector_stream_stream_vector_0_data_4_0_2|         array|
|FFT_DIT_spatial_unroll_CY_stream_vector_stream_stream_vector_0_data_4_0_2_address1                                               |  out|    6|   ap_memory|                                               FFT_DIT_spatial_unroll_CY_stream_vector_stream_stream_vector_0_data_4_0_2|         array|
|FFT_DIT_spatial_unroll_CY_stream_vector_stream_stream_vector_0_data_4_0_2_ce1                                                    |  out|    1|   ap_memory|                                               FFT_DIT_spatial_unroll_CY_stream_vector_stream_stream_vector_0_data_4_0_2|         array|
|FFT_DIT_spatial_unroll_CY_stream_vector_stream_stream_vector_0_data_4_0_2_q1                                                     |   in|   32|   ap_memory|                                               FFT_DIT_spatial_unroll_CY_stream_vector_stream_stream_vector_0_data_4_0_2|         array|
|FFT_DIT_spatial_unroll_CY_stream_vector_stream_stream_vector_0_data_4_0_3_address0                                               |  out|    6|   ap_memory|                                               FFT_DIT_spatial_unroll_CY_stream_vector_stream_stream_vector_0_data_4_0_3|         array|
|FFT_DIT_spatial_unroll_CY_stream_vector_stream_stream_vector_0_data_4_0_3_ce0                                                    |  out|    1|   ap_memory|                                               FFT_DIT_spatial_unroll_CY_stream_vector_stream_stream_vector_0_data_4_0_3|         array|
|FFT_DIT_spatial_unroll_CY_stream_vector_stream_stream_vector_0_data_4_0_3_q0                                                     |   in|   32|   ap_memory|                                               FFT_DIT_spatial_unroll_CY_stream_vector_stream_stream_vector_0_data_4_0_3|         array|
|FFT_DIT_spatial_unroll_CY_stream_vector_stream_stream_vector_0_data_4_0_3_address1                                               |  out|    6|   ap_memory|                                               FFT_DIT_spatial_unroll_CY_stream_vector_stream_stream_vector_0_data_4_0_3|         array|
|FFT_DIT_spatial_unroll_CY_stream_vector_stream_stream_vector_0_data_4_0_3_ce1                                                    |  out|    1|   ap_memory|                                               FFT_DIT_spatial_unroll_CY_stream_vector_stream_stream_vector_0_data_4_0_3|         array|
|FFT_DIT_spatial_unroll_CY_stream_vector_stream_stream_vector_0_data_4_0_3_q1                                                     |   in|   32|   ap_memory|                                               FFT_DIT_spatial_unroll_CY_stream_vector_stream_stream_vector_0_data_4_0_3|         array|
|FFT_DIT_spatial_unroll_CY_stream_vector_stream_stream_vector_0_data_4_1_1_address0                                               |  out|    6|   ap_memory|                                               FFT_DIT_spatial_unroll_CY_stream_vector_stream_stream_vector_0_data_4_1_1|         array|
|FFT_DIT_spatial_unroll_CY_stream_vector_stream_stream_vector_0_data_4_1_1_ce0                                                    |  out|    1|   ap_memory|                                               FFT_DIT_spatial_unroll_CY_stream_vector_stream_stream_vector_0_data_4_1_1|         array|
|FFT_DIT_spatial_unroll_CY_stream_vector_stream_stream_vector_0_data_4_1_1_q0                                                     |   in|   32|   ap_memory|                                               FFT_DIT_spatial_unroll_CY_stream_vector_stream_stream_vector_0_data_4_1_1|         array|
|FFT_DIT_spatial_unroll_CY_stream_vector_stream_stream_vector_0_data_4_1_1_address1                                               |  out|    6|   ap_memory|                                               FFT_DIT_spatial_unroll_CY_stream_vector_stream_stream_vector_0_data_4_1_1|         array|
|FFT_DIT_spatial_unroll_CY_stream_vector_stream_stream_vector_0_data_4_1_1_ce1                                                    |  out|    1|   ap_memory|                                               FFT_DIT_spatial_unroll_CY_stream_vector_stream_stream_vector_0_data_4_1_1|         array|
|FFT_DIT_spatial_unroll_CY_stream_vector_stream_stream_vector_0_data_4_1_1_q1                                                     |   in|   32|   ap_memory|                                               FFT_DIT_spatial_unroll_CY_stream_vector_stream_stream_vector_0_data_4_1_1|         array|
|FFT_DIT_spatial_unroll_CY_stream_vector_stream_stream_vector_0_data_4_1_2_address0                                               |  out|    6|   ap_memory|                                               FFT_DIT_spatial_unroll_CY_stream_vector_stream_stream_vector_0_data_4_1_2|         array|
|FFT_DIT_spatial_unroll_CY_stream_vector_stream_stream_vector_0_data_4_1_2_ce0                                                    |  out|    1|   ap_memory|                                               FFT_DIT_spatial_unroll_CY_stream_vector_stream_stream_vector_0_data_4_1_2|         array|
|FFT_DIT_spatial_unroll_CY_stream_vector_stream_stream_vector_0_data_4_1_2_q0                                                     |   in|   32|   ap_memory|                                               FFT_DIT_spatial_unroll_CY_stream_vector_stream_stream_vector_0_data_4_1_2|         array|
|FFT_DIT_spatial_unroll_CY_stream_vector_stream_stream_vector_0_data_4_1_2_address1                                               |  out|    6|   ap_memory|                                               FFT_DIT_spatial_unroll_CY_stream_vector_stream_stream_vector_0_data_4_1_2|         array|
|FFT_DIT_spatial_unroll_CY_stream_vector_stream_stream_vector_0_data_4_1_2_ce1                                                    |  out|    1|   ap_memory|                                               FFT_DIT_spatial_unroll_CY_stream_vector_stream_stream_vector_0_data_4_1_2|         array|
|FFT_DIT_spatial_unroll_CY_stream_vector_stream_stream_vector_0_data_4_1_2_q1                                                     |   in|   32|   ap_memory|                                               FFT_DIT_spatial_unroll_CY_stream_vector_stream_stream_vector_0_data_4_1_2|         array|
|FFT_DIT_spatial_unroll_CY_stream_vector_stream_stream_vector_0_data_4_1_3_address0                                               |  out|    6|   ap_memory|                                               FFT_DIT_spatial_unroll_CY_stream_vector_stream_stream_vector_0_data_4_1_3|         array|
|FFT_DIT_spatial_unroll_CY_stream_vector_stream_stream_vector_0_data_4_1_3_ce0                                                    |  out|    1|   ap_memory|                                               FFT_DIT_spatial_unroll_CY_stream_vector_stream_stream_vector_0_data_4_1_3|         array|
|FFT_DIT_spatial_unroll_CY_stream_vector_stream_stream_vector_0_data_4_1_3_q0                                                     |   in|   32|   ap_memory|                                               FFT_DIT_spatial_unroll_CY_stream_vector_stream_stream_vector_0_data_4_1_3|         array|
|FFT_DIT_spatial_unroll_CY_stream_vector_stream_stream_vector_0_data_4_1_3_address1                                               |  out|    6|   ap_memory|                                               FFT_DIT_spatial_unroll_CY_stream_vector_stream_stream_vector_0_data_4_1_3|         array|
|FFT_DIT_spatial_unroll_CY_stream_vector_stream_stream_vector_0_data_4_1_3_ce1                                                    |  out|    1|   ap_memory|                                               FFT_DIT_spatial_unroll_CY_stream_vector_stream_stream_vector_0_data_4_1_3|         array|
|FFT_DIT_spatial_unroll_CY_stream_vector_stream_stream_vector_0_data_4_1_3_q1                                                     |   in|   32|   ap_memory|                                               FFT_DIT_spatial_unroll_CY_stream_vector_stream_stream_vector_0_data_4_1_3|         array|
|FFT_DIT_spatial_unroll_CY_stream_vector_stream_stream_vector_0_data_4_0_0_address0                                               |  out|    6|   ap_memory|                                               FFT_DIT_spatial_unroll_CY_stream_vector_stream_stream_vector_0_data_4_0_0|         array|
|FFT_DIT_spatial_unroll_CY_stream_vector_stream_stream_vector_0_data_4_0_0_ce0                                                    |  out|    1|   ap_memory|                                               FFT_DIT_spatial_unroll_CY_stream_vector_stream_stream_vector_0_data_4_0_0|         array|
|FFT_DIT_spatial_unroll_CY_stream_vector_stream_stream_vector_0_data_4_0_0_q0                                                     |   in|   32|   ap_memory|                                               FFT_DIT_spatial_unroll_CY_stream_vector_stream_stream_vector_0_data_4_0_0|         array|
|FFT_DIT_spatial_unroll_CY_stream_vector_stream_stream_vector_0_data_4_0_0_address1                                               |  out|    6|   ap_memory|                                               FFT_DIT_spatial_unroll_CY_stream_vector_stream_stream_vector_0_data_4_0_0|         array|
|FFT_DIT_spatial_unroll_CY_stream_vector_stream_stream_vector_0_data_4_0_0_ce1                                                    |  out|    1|   ap_memory|                                               FFT_DIT_spatial_unroll_CY_stream_vector_stream_stream_vector_0_data_4_0_0|         array|
|FFT_DIT_spatial_unroll_CY_stream_vector_stream_stream_vector_0_data_4_0_0_q1                                                     |   in|   32|   ap_memory|                                               FFT_DIT_spatial_unroll_CY_stream_vector_stream_stream_vector_0_data_4_0_0|         array|
|FFT_DIT_spatial_unroll_CY_stream_vector_stream_stream_vector_0_data_4_1_0_address0                                               |  out|    6|   ap_memory|                                               FFT_DIT_spatial_unroll_CY_stream_vector_stream_stream_vector_0_data_4_1_0|         array|
|FFT_DIT_spatial_unroll_CY_stream_vector_stream_stream_vector_0_data_4_1_0_ce0                                                    |  out|    1|   ap_memory|                                               FFT_DIT_spatial_unroll_CY_stream_vector_stream_stream_vector_0_data_4_1_0|         array|
|FFT_DIT_spatial_unroll_CY_stream_vector_stream_stream_vector_0_data_4_1_0_q0                                                     |   in|   32|   ap_memory|                                               FFT_DIT_spatial_unroll_CY_stream_vector_stream_stream_vector_0_data_4_1_0|         array|
|FFT_DIT_spatial_unroll_CY_stream_vector_stream_stream_vector_0_data_4_1_0_address1                                               |  out|    6|   ap_memory|                                               FFT_DIT_spatial_unroll_CY_stream_vector_stream_stream_vector_0_data_4_1_0|         array|
|FFT_DIT_spatial_unroll_CY_stream_vector_stream_stream_vector_0_data_4_1_0_ce1                                                    |  out|    1|   ap_memory|                                               FFT_DIT_spatial_unroll_CY_stream_vector_stream_stream_vector_0_data_4_1_0|         array|
|FFT_DIT_spatial_unroll_CY_stream_vector_stream_stream_vector_0_data_4_1_0_q1                                                     |   in|   32|   ap_memory|                                               FFT_DIT_spatial_unroll_CY_stream_vector_stream_stream_vector_0_data_4_1_0|         array|
+---------------------------------------------------------------------------------------------------------------------------------+-----+-----+------------+------------------------------------------------------------------------------------------------------------------------+--------------+

