

================================================================
== Vitis HLS Report for 'FFT_Stage2_vectorstreamIn_arrayOut_parametize'
================================================================
* Date:           Wed Apr  2 21:41:33 2025

* Version:        2024.2 (Build 5238294 on Nov  8 2024)
* Project:        build
* Solution:       FFT_250MHz (Vivado IP Flow Target)
* Product family: versalpremium
* Target device:  xcvp1802-lsvc4072-3HP-e-S


================================================================
== Performance Estimates
================================================================
+ Timing: 
    * Summary: 
    +--------+---------+----------+------------+
    |  Clock |  Target | Estimated| Uncertainty|
    +--------+---------+----------+------------+
    |ap_clk  |  4.00 ns|  2.566 ns|     1.08 ns|
    +--------+---------+----------+------------+

+ Latency: 
    * Summary: 
    +---------+---------+----------+----------+-----+-----+------------------------------------------------+
    |  Latency (cycles) |  Latency (absolute) |  Interval |                    Pipeline                    |
    |   min   |   max   |    min   |    max   | min | max |                      Type                      |
    +---------+---------+----------+----------+-----+-----+------------------------------------------------+
    |       37|       37|  0.148 us|  0.148 us|   32|   32|  loop auto-rewind stp (delay=0 clock cycles(s))|
    +---------+---------+----------+----------+-----+-----+------------------------------------------------+

    + Detail: 
        * Instance: 
        N/A

        * Loop: 
        +--------------+---------+---------+----------+-----------+-----------+------+----------+
        |              |  Latency (cycles) | Iteration|  Initiation Interval  | Trip |          |
        |   Loop Name  |   min   |   max   |  Latency |  achieved |   target  | Count| Pipelined|
        +--------------+---------+---------+----------+-----------+-----------+------+----------+
        |- FFT_Stage2  |       35|       35|         5|          1|          1|    32|       yes|
        +--------------+---------+---------+----------+-----------+-----------+------+----------+



================================================================
== Utilization Estimates
================================================================
* Summary: 
+---------------------+---------+-------+---------+---------+------+
|         Name        | BRAM_18K|  DSP  |    FF   |   LUT   | URAM |
+---------------------+---------+-------+---------+---------+------+
|DSP                  |        -|      -|        -|        -|     -|
|Expression           |        -|      -|        0|       17|     -|
|FIFO                 |        -|      -|        -|        -|     -|
|Instance             |        -|      0|     2352|     5696|     -|
|Memory               |        -|      -|        -|        -|     -|
|Multiplexer          |        -|      -|        0|      568|     -|
|Register             |        -|      -|     1576|        8|     -|
+---------------------+---------+-------+---------+---------+------+
|Total                |        0|      0|     3928|     6289|     0|
+---------------------+---------+-------+---------+---------+------+
|Available SLR        |     2470|   3588|  1680448|   840224|   637|
+---------------------+---------+-------+---------+---------+------+
|Utilization SLR (%)  |        0|      0|       ~0|       ~0|     0|
+---------------------+---------+-------+---------+---------+------+
|Available            |     9882|  14352|  6721792|  3360896|  2549|
+---------------------+---------+-------+---------+---------+------+
|Utilization (%)      |        0|      0|       ~0|       ~0|     0|
+---------------------+---------+-------+---------+---------+------+

+ Detail: 
    * Instance: 
    +----------------------------------+------------------------------+---------+----+-----+-----+-----+
    |             Instance             |            Module            | BRAM_18K| DSP|  FF | LUT | URAM|
    +----------------------------------+------------------------------+---------+----+-----+-----+-----+
    |fadd_32ns_32ns_32_4_no_dsp_1_U25  |fadd_32ns_32ns_32_4_no_dsp_1  |        0|   0|  147|  356|    0|
    |fadd_32ns_32ns_32_4_no_dsp_1_U26  |fadd_32ns_32ns_32_4_no_dsp_1  |        0|   0|  147|  356|    0|
    |fadd_32ns_32ns_32_4_no_dsp_1_U29  |fadd_32ns_32ns_32_4_no_dsp_1  |        0|   0|  147|  356|    0|
    |fadd_32ns_32ns_32_4_no_dsp_1_U32  |fadd_32ns_32ns_32_4_no_dsp_1  |        0|   0|  147|  356|    0|
    |fadd_32ns_32ns_32_4_no_dsp_1_U33  |fadd_32ns_32ns_32_4_no_dsp_1  |        0|   0|  147|  356|    0|
    |fadd_32ns_32ns_32_4_no_dsp_1_U34  |fadd_32ns_32ns_32_4_no_dsp_1  |        0|   0|  147|  356|    0|
    |fadd_32ns_32ns_32_4_no_dsp_1_U37  |fadd_32ns_32ns_32_4_no_dsp_1  |        0|   0|  147|  356|    0|
    |fadd_32ns_32ns_32_4_no_dsp_1_U40  |fadd_32ns_32ns_32_4_no_dsp_1  |        0|   0|  147|  356|    0|
    |fsub_32ns_32ns_32_4_no_dsp_1_U27  |fsub_32ns_32ns_32_4_no_dsp_1  |        0|   0|  147|  356|    0|
    |fsub_32ns_32ns_32_4_no_dsp_1_U28  |fsub_32ns_32ns_32_4_no_dsp_1  |        0|   0|  147|  356|    0|
    |fsub_32ns_32ns_32_4_no_dsp_1_U30  |fsub_32ns_32ns_32_4_no_dsp_1  |        0|   0|  147|  356|    0|
    |fsub_32ns_32ns_32_4_no_dsp_1_U31  |fsub_32ns_32ns_32_4_no_dsp_1  |        0|   0|  147|  356|    0|
    |fsub_32ns_32ns_32_4_no_dsp_1_U35  |fsub_32ns_32ns_32_4_no_dsp_1  |        0|   0|  147|  356|    0|
    |fsub_32ns_32ns_32_4_no_dsp_1_U36  |fsub_32ns_32ns_32_4_no_dsp_1  |        0|   0|  147|  356|    0|
    |fsub_32ns_32ns_32_4_no_dsp_1_U38  |fsub_32ns_32ns_32_4_no_dsp_1  |        0|   0|  147|  356|    0|
    |fsub_32ns_32ns_32_4_no_dsp_1_U39  |fsub_32ns_32ns_32_4_no_dsp_1  |        0|   0|  147|  356|    0|
    +----------------------------------+------------------------------+---------+----+-----+-----+-----+
    |Total                             |                              |        0|   0| 2352| 5696|    0|
    +----------------------------------+------------------------------+---------+----+-----+-----+-----+

    * DSP: 
    N/A

    * Memory: 
    N/A

    * FIFO: 
    N/A

    * Expression: 
    +----------------------------------+----------+----+---+----+------------+------------+
    |           Variable Name          | Operation| DSP| FF| LUT| Bitwidth P0| Bitwidth P1|
    +----------------------------------+----------+----+---+----+------------+------------+
    |m_fu_592_p2                       |         +|   0|  0|   9|           9|           4|
    |ap_condition_324                  |       and|   0|  0|   2|           1|           1|
    |ap_block_pp0_stage0_11001         |        or|   0|  0|   2|           1|           1|
    |ap_block_state1_pp0_stage0_iter0  |        or|   0|  0|   2|           1|           1|
    |ap_enable_pp0                     |       xor|   0|  0|   2|           1|           2|
    +----------------------------------+----------+----+---+----+------------+------------+
    |Total                             |          |   0|  0|  17|          13|           9|
    +----------------------------------+----------+----+---+----+------------+------------+

    * Multiplexer: 
    +----------------------------------+----+-----------+-----+-----------+
    |               Name               | LUT| Input Size| Bits| Total Bits|
    +----------------------------------+----+-----------+-----+-----------+
    |ap_done_int                       |   8|          2|    1|          2|
    |ap_loop_exit_ready_pp0_iter4_reg  |   8|          2|    1|          2|
    |ap_sig_allocacmp_m93_load         |  16|          2|    9|         18|
    |data_s1_stream_vector_blk_n       |   8|          2|    1|          2|
    |grp_fu_504_p2                     |  32|          2|   32|         64|
    |grp_fu_509_p2                     |  32|          2|   32|         64|
    |grp_fu_514_p2                     |  32|          2|   32|         64|
    |grp_fu_519_p2                     |  32|          2|   32|         64|
    |grp_fu_524_p2                     |  32|          2|   32|         64|
    |grp_fu_529_p2                     |  32|          2|   32|         64|
    |grp_fu_534_p2                     |  32|          2|   32|         64|
    |grp_fu_539_p2                     |  32|          2|   32|         64|
    |grp_fu_544_p2                     |  32|          2|   32|         64|
    |grp_fu_549_p2                     |  32|          2|   32|         64|
    |grp_fu_554_p2                     |  32|          2|   32|         64|
    |grp_fu_559_p2                     |  32|          2|   32|         64|
    |grp_fu_564_p2                     |  32|          2|   32|         64|
    |grp_fu_569_p2                     |  32|          2|   32|         64|
    |grp_fu_574_p2                     |  32|          2|   32|         64|
    |grp_fu_579_p2                     |  32|          2|   32|         64|
    |m93_fu_222                        |  16|          2|    9|         18|
    +----------------------------------+----+-----------+-----+-----------+
    |Total                             | 568|         42|  533|       1066|
    +----------------------------------+----+-----------+-----+-----------+

    * Register: 
    +----------------------------------+----+----+-----+-----------+
    |               Name               | FF | LUT| Bits| Const Bits|
    +----------------------------------+----+----+-----+-----------+
    |ap_CS_fsm                         |   1|   0|    1|          0|
    |ap_done_reg                       |   1|   0|    1|          0|
    |ap_enable_reg_pp0_iter1           |   1|   0|    1|          0|
    |ap_enable_reg_pp0_iter2           |   1|   0|    1|          0|
    |ap_enable_reg_pp0_iter3           |   1|   0|    1|          0|
    |ap_enable_reg_pp0_iter4           |   1|   0|    1|          0|
    |ap_loop_exit_ready_pp0_iter1_reg  |   1|   0|    1|          0|
    |ap_loop_exit_ready_pp0_iter2_reg  |   1|   0|    1|          0|
    |ap_loop_exit_ready_pp0_iter3_reg  |   1|   0|    1|          0|
    |ap_loop_exit_ready_pp0_iter4_reg  |   1|   0|    1|          0|
    |grp_fu_504_ce                     |   1|   0|    1|          0|
    |grp_fu_504_p0                     |  32|   0|   32|          0|
    |grp_fu_504_p1                     |  32|   0|   32|          0|
    |grp_fu_509_ce                     |   1|   0|    1|          0|
    |grp_fu_509_p0                     |  32|   0|   32|          0|
    |grp_fu_509_p1                     |  32|   0|   32|          0|
    |grp_fu_514_ce                     |   1|   0|    1|          0|
    |grp_fu_514_p0                     |  32|   0|   32|          0|
    |grp_fu_514_p1                     |  32|   0|   32|          0|
    |grp_fu_519_ce                     |   1|   0|    1|          0|
    |grp_fu_519_p0                     |  32|   0|   32|          0|
    |grp_fu_519_p1                     |  32|   0|   32|          0|
    |grp_fu_524_ce                     |   1|   0|    1|          0|
    |grp_fu_524_p0                     |  32|   0|   32|          0|
    |grp_fu_524_p1                     |  32|   0|   32|          0|
    |grp_fu_529_ce                     |   1|   0|    1|          0|
    |grp_fu_529_p0                     |  32|   0|   32|          0|
    |grp_fu_529_p1                     |  32|   0|   32|          0|
    |grp_fu_534_ce                     |   1|   0|    1|          0|
    |grp_fu_534_p0                     |  32|   0|   32|          0|
    |grp_fu_534_p1                     |  32|   0|   32|          0|
    |grp_fu_539_ce                     |   1|   0|    1|          0|
    |grp_fu_539_p0                     |  32|   0|   32|          0|
    |grp_fu_539_p1                     |  32|   0|   32|          0|
    |grp_fu_544_ce                     |   1|   0|    1|          0|
    |grp_fu_544_p0                     |  32|   0|   32|          0|
    |grp_fu_544_p1                     |  32|   0|   32|          0|
    |grp_fu_549_ce                     |   1|   0|    1|          0|
    |grp_fu_549_p0                     |  32|   0|   32|          0|
    |grp_fu_549_p1                     |  32|   0|   32|          0|
    |grp_fu_554_ce                     |   1|   0|    1|          0|
    |grp_fu_554_p0                     |  32|   0|   32|          0|
    |grp_fu_554_p1                     |  32|   0|   32|          0|
    |grp_fu_559_ce                     |   1|   0|    1|          0|
    |grp_fu_559_p0                     |  32|   0|   32|          0|
    |grp_fu_559_p1                     |  32|   0|   32|          0|
    |grp_fu_564_ce                     |   1|   0|    1|          0|
    |grp_fu_564_p0                     |  32|   0|   32|          0|
    |grp_fu_564_p1                     |  32|   0|   32|          0|
    |grp_fu_569_ce                     |   1|   0|    1|          0|
    |grp_fu_569_p0                     |  32|   0|   32|          0|
    |grp_fu_569_p1                     |  32|   0|   32|          0|
    |grp_fu_574_ce                     |   1|   0|    1|          0|
    |grp_fu_574_p0                     |  32|   0|   32|          0|
    |grp_fu_574_p1                     |  32|   0|   32|          0|
    |grp_fu_579_ce                     |   1|   0|    1|          0|
    |grp_fu_579_p0                     |  32|   0|   32|          0|
    |grp_fu_579_p1                     |  32|   0|   32|          0|
    |lshr_ln_reg_1123                  |   5|   0|    5|          0|
    |m93_fu_222                        |   9|   0|    9|          0|
    |pre_grp_fu_504_p2_reg             |  32|   0|   32|          0|
    |pre_grp_fu_509_p2_reg             |  32|   0|   32|          0|
    |pre_grp_fu_514_p2_reg             |  32|   0|   32|          0|
    |pre_grp_fu_519_p2_reg             |  32|   0|   32|          0|
    |pre_grp_fu_524_p2_reg             |  32|   0|   32|          0|
    |pre_grp_fu_529_p2_reg             |  32|   0|   32|          0|
    |pre_grp_fu_534_p2_reg             |  32|   0|   32|          0|
    |pre_grp_fu_539_p2_reg             |  32|   0|   32|          0|
    |pre_grp_fu_544_p2_reg             |  32|   0|   32|          0|
    |pre_grp_fu_549_p2_reg             |  32|   0|   32|          0|
    |pre_grp_fu_554_p2_reg             |  32|   0|   32|          0|
    |pre_grp_fu_559_p2_reg             |  32|   0|   32|          0|
    |pre_grp_fu_564_p2_reg             |  32|   0|   32|          0|
    |pre_grp_fu_569_p2_reg             |  32|   0|   32|          0|
    |pre_grp_fu_574_p2_reg             |  32|   0|   32|          0|
    |pre_grp_fu_579_p2_reg             |  32|   0|   32|          0|
    |lshr_ln_reg_1123                  |   0|   8|    5|          0|
    +----------------------------------+----+----+-----+-----------+
    |Total                             |1576|   8| 1581|          0|
    +----------------------------------+----+----+-----+-----------+



================================================================
== Interface
================================================================
* Summary: 
+---------------------------------------------------------------------------------------------------------------------------------+-----+-----+------------+------------------------------------------------------------------------------------------------------------------------+--------------+
|                                                            RTL Ports                                                            | Dir | Bits|  Protocol  |                                                      Source Object                                                     |    C Type    |
+---------------------------------------------------------------------------------------------------------------------------------+-----+-----+------------+------------------------------------------------------------------------------------------------------------------------+--------------+
|ap_clk                                                                                                                           |   in|    1|  ap_ctrl_hs|                                                                           FFT_Stage2_vectorstreamIn_arrayOut_parametize|  return value|
|ap_rst                                                                                                                           |   in|    1|  ap_ctrl_hs|                                                                           FFT_Stage2_vectorstreamIn_arrayOut_parametize|  return value|
|ap_start                                                                                                                         |   in|    1|  ap_ctrl_hs|                                                                           FFT_Stage2_vectorstreamIn_arrayOut_parametize|  return value|
|ap_done                                                                                                                          |  out|    1|  ap_ctrl_hs|                                                                           FFT_Stage2_vectorstreamIn_arrayOut_parametize|  return value|
|ap_continue                                                                                                                      |   in|    1|  ap_ctrl_hs|                                                                           FFT_Stage2_vectorstreamIn_arrayOut_parametize|  return value|
|ap_idle                                                                                                                          |  out|    1|  ap_ctrl_hs|                                                                           FFT_Stage2_vectorstreamIn_arrayOut_parametize|  return value|
|ap_ready                                                                                                                         |  out|    1|  ap_ctrl_hs|                                                                           FFT_Stage2_vectorstreamIn_arrayOut_parametize|  return value|
|data_s1_stream_vector_dout                                                                                                       |   in|  512|     ap_fifo|                                                                                                   data_s1_stream_vector|       pointer|
|data_s1_stream_vector_empty_n                                                                                                    |   in|    1|     ap_fifo|                                                                                                   data_s1_stream_vector|       pointer|
|data_s1_stream_vector_read                                                                                                       |  out|    1|     ap_fifo|                                                                                                   data_s1_stream_vector|       pointer|
|data_s1_stream_vector_num_data_valid                                                                                             |   in|    3|     ap_fifo|                                                                                                   data_s1_stream_vector|       pointer|
|data_s1_stream_vector_fifo_cap                                                                                                   |   in|    3|     ap_fifo|                                                                                                   data_s1_stream_vector|       pointer|
|FFT_DIT_spatial_unroll_CY_stream_vector_stream_vector_complex_float_8ul_0_stream_vector_complex_float_8ul_0_data_0_0_0_address1  |  out|    5|   ap_memory|  FFT_DIT_spatial_unroll_CY_stream_vector_stream_vector_complex_float_8ul_0_stream_vector_complex_float_8ul_0_data_0_0_0|         array|
|FFT_DIT_spatial_unroll_CY_stream_vector_stream_vector_complex_float_8ul_0_stream_vector_complex_float_8ul_0_data_0_0_0_ce1       |  out|    1|   ap_memory|  FFT_DIT_spatial_unroll_CY_stream_vector_stream_vector_complex_float_8ul_0_stream_vector_complex_float_8ul_0_data_0_0_0|         array|
|FFT_DIT_spatial_unroll_CY_stream_vector_stream_vector_complex_float_8ul_0_stream_vector_complex_float_8ul_0_data_0_0_0_we1       |  out|    1|   ap_memory|  FFT_DIT_spatial_unroll_CY_stream_vector_stream_vector_complex_float_8ul_0_stream_vector_complex_float_8ul_0_data_0_0_0|         array|
|FFT_DIT_spatial_unroll_CY_stream_vector_stream_vector_complex_float_8ul_0_stream_vector_complex_float_8ul_0_data_0_0_0_d1        |  out|   32|   ap_memory|  FFT_DIT_spatial_unroll_CY_stream_vector_stream_vector_complex_float_8ul_0_stream_vector_complex_float_8ul_0_data_0_0_0|         array|
|FFT_DIT_spatial_unroll_CY_stream_vector_stream_vector_complex_float_8ul_0_stream_vector_complex_float_8ul_0_data_0_0_1_address1  |  out|    5|   ap_memory|  FFT_DIT_spatial_unroll_CY_stream_vector_stream_vector_complex_float_8ul_0_stream_vector_complex_float_8ul_0_data_0_0_1|         array|
|FFT_DIT_spatial_unroll_CY_stream_vector_stream_vector_complex_float_8ul_0_stream_vector_complex_float_8ul_0_data_0_0_1_ce1       |  out|    1|   ap_memory|  FFT_DIT_spatial_unroll_CY_stream_vector_stream_vector_complex_float_8ul_0_stream_vector_complex_float_8ul_0_data_0_0_1|         array|
|FFT_DIT_spatial_unroll_CY_stream_vector_stream_vector_complex_float_8ul_0_stream_vector_complex_float_8ul_0_data_0_0_1_we1       |  out|    1|   ap_memory|  FFT_DIT_spatial_unroll_CY_stream_vector_stream_vector_complex_float_8ul_0_stream_vector_complex_float_8ul_0_data_0_0_1|         array|
|FFT_DIT_spatial_unroll_CY_stream_vector_stream_vector_complex_float_8ul_0_stream_vector_complex_float_8ul_0_data_0_0_1_d1        |  out|   32|   ap_memory|  FFT_DIT_spatial_unroll_CY_stream_vector_stream_vector_complex_float_8ul_0_stream_vector_complex_float_8ul_0_data_0_0_1|         array|
|FFT_DIT_spatial_unroll_CY_stream_vector_stream_vector_complex_float_8ul_0_stream_vector_complex_float_8ul_0_data_0_0_2_address1  |  out|    5|   ap_memory|  FFT_DIT_spatial_unroll_CY_stream_vector_stream_vector_complex_float_8ul_0_stream_vector_complex_float_8ul_0_data_0_0_2|         array|
|FFT_DIT_spatial_unroll_CY_stream_vector_stream_vector_complex_float_8ul_0_stream_vector_complex_float_8ul_0_data_0_0_2_ce1       |  out|    1|   ap_memory|  FFT_DIT_spatial_unroll_CY_stream_vector_stream_vector_complex_float_8ul_0_stream_vector_complex_float_8ul_0_data_0_0_2|         array|
|FFT_DIT_spatial_unroll_CY_stream_vector_stream_vector_complex_float_8ul_0_stream_vector_complex_float_8ul_0_data_0_0_2_we1       |  out|    1|   ap_memory|  FFT_DIT_spatial_unroll_CY_stream_vector_stream_vector_complex_float_8ul_0_stream_vector_complex_float_8ul_0_data_0_0_2|         array|
|FFT_DIT_spatial_unroll_CY_stream_vector_stream_vector_complex_float_8ul_0_stream_vector_complex_float_8ul_0_data_0_0_2_d1        |  out|   32|   ap_memory|  FFT_DIT_spatial_unroll_CY_stream_vector_stream_vector_complex_float_8ul_0_stream_vector_complex_float_8ul_0_data_0_0_2|         array|
|FFT_DIT_spatial_unroll_CY_stream_vector_stream_vector_complex_float_8ul_0_stream_vector_complex_float_8ul_0_data_0_0_3_address1  |  out|    5|   ap_memory|  FFT_DIT_spatial_unroll_CY_stream_vector_stream_vector_complex_float_8ul_0_stream_vector_complex_float_8ul_0_data_0_0_3|         array|
|FFT_DIT_spatial_unroll_CY_stream_vector_stream_vector_complex_float_8ul_0_stream_vector_complex_float_8ul_0_data_0_0_3_ce1       |  out|    1|   ap_memory|  FFT_DIT_spatial_unroll_CY_stream_vector_stream_vector_complex_float_8ul_0_stream_vector_complex_float_8ul_0_data_0_0_3|         array|
|FFT_DIT_spatial_unroll_CY_stream_vector_stream_vector_complex_float_8ul_0_stream_vector_complex_float_8ul_0_data_0_0_3_we1       |  out|    1|   ap_memory|  FFT_DIT_spatial_unroll_CY_stream_vector_stream_vector_complex_float_8ul_0_stream_vector_complex_float_8ul_0_data_0_0_3|         array|
|FFT_DIT_spatial_unroll_CY_stream_vector_stream_vector_complex_float_8ul_0_stream_vector_complex_float_8ul_0_data_0_0_3_d1        |  out|   32|   ap_memory|  FFT_DIT_spatial_unroll_CY_stream_vector_stream_vector_complex_float_8ul_0_stream_vector_complex_float_8ul_0_data_0_0_3|         array|
|FFT_DIT_spatial_unroll_CY_stream_vector_stream_vector_complex_float_8ul_0_stream_vector_complex_float_8ul_0_data_0_0_4_address1  |  out|    5|   ap_memory|  FFT_DIT_spatial_unroll_CY_stream_vector_stream_vector_complex_float_8ul_0_stream_vector_complex_float_8ul_0_data_0_0_4|         array|
|FFT_DIT_spatial_unroll_CY_stream_vector_stream_vector_complex_float_8ul_0_stream_vector_complex_float_8ul_0_data_0_0_4_ce1       |  out|    1|   ap_memory|  FFT_DIT_spatial_unroll_CY_stream_vector_stream_vector_complex_float_8ul_0_stream_vector_complex_float_8ul_0_data_0_0_4|         array|
|FFT_DIT_spatial_unroll_CY_stream_vector_stream_vector_complex_float_8ul_0_stream_vector_complex_float_8ul_0_data_0_0_4_we1       |  out|    1|   ap_memory|  FFT_DIT_spatial_unroll_CY_stream_vector_stream_vector_complex_float_8ul_0_stream_vector_complex_float_8ul_0_data_0_0_4|         array|
|FFT_DIT_spatial_unroll_CY_stream_vector_stream_vector_complex_float_8ul_0_stream_vector_complex_float_8ul_0_data_0_0_4_d1        |  out|   32|   ap_memory|  FFT_DIT_spatial_unroll_CY_stream_vector_stream_vector_complex_float_8ul_0_stream_vector_complex_float_8ul_0_data_0_0_4|         array|
|FFT_DIT_spatial_unroll_CY_stream_vector_stream_vector_complex_float_8ul_0_stream_vector_complex_float_8ul_0_data_0_0_5_address1  |  out|    5|   ap_memory|  FFT_DIT_spatial_unroll_CY_stream_vector_stream_vector_complex_float_8ul_0_stream_vector_complex_float_8ul_0_data_0_0_5|         array|
|FFT_DIT_spatial_unroll_CY_stream_vector_stream_vector_complex_float_8ul_0_stream_vector_complex_float_8ul_0_data_0_0_5_ce1       |  out|    1|   ap_memory|  FFT_DIT_spatial_unroll_CY_stream_vector_stream_vector_complex_float_8ul_0_stream_vector_complex_float_8ul_0_data_0_0_5|         array|
|FFT_DIT_spatial_unroll_CY_stream_vector_stream_vector_complex_float_8ul_0_stream_vector_complex_float_8ul_0_data_0_0_5_we1       |  out|    1|   ap_memory|  FFT_DIT_spatial_unroll_CY_stream_vector_stream_vector_complex_float_8ul_0_stream_vector_complex_float_8ul_0_data_0_0_5|         array|
|FFT_DIT_spatial_unroll_CY_stream_vector_stream_vector_complex_float_8ul_0_stream_vector_complex_float_8ul_0_data_0_0_5_d1        |  out|   32|   ap_memory|  FFT_DIT_spatial_unroll_CY_stream_vector_stream_vector_complex_float_8ul_0_stream_vector_complex_float_8ul_0_data_0_0_5|         array|
|FFT_DIT_spatial_unroll_CY_stream_vector_stream_vector_complex_float_8ul_0_stream_vector_complex_float_8ul_0_data_0_0_6_address1  |  out|    5|   ap_memory|  FFT_DIT_spatial_unroll_CY_stream_vector_stream_vector_complex_float_8ul_0_stream_vector_complex_float_8ul_0_data_0_0_6|         array|
|FFT_DIT_spatial_unroll_CY_stream_vector_stream_vector_complex_float_8ul_0_stream_vector_complex_float_8ul_0_data_0_0_6_ce1       |  out|    1|   ap_memory|  FFT_DIT_spatial_unroll_CY_stream_vector_stream_vector_complex_float_8ul_0_stream_vector_complex_float_8ul_0_data_0_0_6|         array|
|FFT_DIT_spatial_unroll_CY_stream_vector_stream_vector_complex_float_8ul_0_stream_vector_complex_float_8ul_0_data_0_0_6_we1       |  out|    1|   ap_memory|  FFT_DIT_spatial_unroll_CY_stream_vector_stream_vector_complex_float_8ul_0_stream_vector_complex_float_8ul_0_data_0_0_6|         array|
|FFT_DIT_spatial_unroll_CY_stream_vector_stream_vector_complex_float_8ul_0_stream_vector_complex_float_8ul_0_data_0_0_6_d1        |  out|   32|   ap_memory|  FFT_DIT_spatial_unroll_CY_stream_vector_stream_vector_complex_float_8ul_0_stream_vector_complex_float_8ul_0_data_0_0_6|         array|
|FFT_DIT_spatial_unroll_CY_stream_vector_stream_vector_complex_float_8ul_0_stream_vector_complex_float_8ul_0_data_0_0_7_address1  |  out|    5|   ap_memory|  FFT_DIT_spatial_unroll_CY_stream_vector_stream_vector_complex_float_8ul_0_stream_vector_complex_float_8ul_0_data_0_0_7|         array|
|FFT_DIT_spatial_unroll_CY_stream_vector_stream_vector_complex_float_8ul_0_stream_vector_complex_float_8ul_0_data_0_0_7_ce1       |  out|    1|   ap_memory|  FFT_DIT_spatial_unroll_CY_stream_vector_stream_vector_complex_float_8ul_0_stream_vector_complex_float_8ul_0_data_0_0_7|         array|
|FFT_DIT_spatial_unroll_CY_stream_vector_stream_vector_complex_float_8ul_0_stream_vector_complex_float_8ul_0_data_0_0_7_we1       |  out|    1|   ap_memory|  FFT_DIT_spatial_unroll_CY_stream_vector_stream_vector_complex_float_8ul_0_stream_vector_complex_float_8ul_0_data_0_0_7|         array|
|FFT_DIT_spatial_unroll_CY_stream_vector_stream_vector_complex_float_8ul_0_stream_vector_complex_float_8ul_0_data_0_0_7_d1        |  out|   32|   ap_memory|  FFT_DIT_spatial_unroll_CY_stream_vector_stream_vector_complex_float_8ul_0_stream_vector_complex_float_8ul_0_data_0_0_7|         array|
|FFT_DIT_spatial_unroll_CY_stream_vector_stream_vector_complex_float_8ul_0_stream_vector_complex_float_8ul_0_data_0_1_0_address1  |  out|    5|   ap_memory|  FFT_DIT_spatial_unroll_CY_stream_vector_stream_vector_complex_float_8ul_0_stream_vector_complex_float_8ul_0_data_0_1_0|         array|
|FFT_DIT_spatial_unroll_CY_stream_vector_stream_vector_complex_float_8ul_0_stream_vector_complex_float_8ul_0_data_0_1_0_ce1       |  out|    1|   ap_memory|  FFT_DIT_spatial_unroll_CY_stream_vector_stream_vector_complex_float_8ul_0_stream_vector_complex_float_8ul_0_data_0_1_0|         array|
|FFT_DIT_spatial_unroll_CY_stream_vector_stream_vector_complex_float_8ul_0_stream_vector_complex_float_8ul_0_data_0_1_0_we1       |  out|    1|   ap_memory|  FFT_DIT_spatial_unroll_CY_stream_vector_stream_vector_complex_float_8ul_0_stream_vector_complex_float_8ul_0_data_0_1_0|         array|
|FFT_DIT_spatial_unroll_CY_stream_vector_stream_vector_complex_float_8ul_0_stream_vector_complex_float_8ul_0_data_0_1_0_d1        |  out|   32|   ap_memory|  FFT_DIT_spatial_unroll_CY_stream_vector_stream_vector_complex_float_8ul_0_stream_vector_complex_float_8ul_0_data_0_1_0|         array|
|FFT_DIT_spatial_unroll_CY_stream_vector_stream_vector_complex_float_8ul_0_stream_vector_complex_float_8ul_0_data_0_1_1_address1  |  out|    5|   ap_memory|  FFT_DIT_spatial_unroll_CY_stream_vector_stream_vector_complex_float_8ul_0_stream_vector_complex_float_8ul_0_data_0_1_1|         array|
|FFT_DIT_spatial_unroll_CY_stream_vector_stream_vector_complex_float_8ul_0_stream_vector_complex_float_8ul_0_data_0_1_1_ce1       |  out|    1|   ap_memory|  FFT_DIT_spatial_unroll_CY_stream_vector_stream_vector_complex_float_8ul_0_stream_vector_complex_float_8ul_0_data_0_1_1|         array|
|FFT_DIT_spatial_unroll_CY_stream_vector_stream_vector_complex_float_8ul_0_stream_vector_complex_float_8ul_0_data_0_1_1_we1       |  out|    1|   ap_memory|  FFT_DIT_spatial_unroll_CY_stream_vector_stream_vector_complex_float_8ul_0_stream_vector_complex_float_8ul_0_data_0_1_1|         array|
|FFT_DIT_spatial_unroll_CY_stream_vector_stream_vector_complex_float_8ul_0_stream_vector_complex_float_8ul_0_data_0_1_1_d1        |  out|   32|   ap_memory|  FFT_DIT_spatial_unroll_CY_stream_vector_stream_vector_complex_float_8ul_0_stream_vector_complex_float_8ul_0_data_0_1_1|         array|
|FFT_DIT_spatial_unroll_CY_stream_vector_stream_vector_complex_float_8ul_0_stream_vector_complex_float_8ul_0_data_0_1_2_address1  |  out|    5|   ap_memory|  FFT_DIT_spatial_unroll_CY_stream_vector_stream_vector_complex_float_8ul_0_stream_vector_complex_float_8ul_0_data_0_1_2|         array|
|FFT_DIT_spatial_unroll_CY_stream_vector_stream_vector_complex_float_8ul_0_stream_vector_complex_float_8ul_0_data_0_1_2_ce1       |  out|    1|   ap_memory|  FFT_DIT_spatial_unroll_CY_stream_vector_stream_vector_complex_float_8ul_0_stream_vector_complex_float_8ul_0_data_0_1_2|         array|
|FFT_DIT_spatial_unroll_CY_stream_vector_stream_vector_complex_float_8ul_0_stream_vector_complex_float_8ul_0_data_0_1_2_we1       |  out|    1|   ap_memory|  FFT_DIT_spatial_unroll_CY_stream_vector_stream_vector_complex_float_8ul_0_stream_vector_complex_float_8ul_0_data_0_1_2|         array|
|FFT_DIT_spatial_unroll_CY_stream_vector_stream_vector_complex_float_8ul_0_stream_vector_complex_float_8ul_0_data_0_1_2_d1        |  out|   32|   ap_memory|  FFT_DIT_spatial_unroll_CY_stream_vector_stream_vector_complex_float_8ul_0_stream_vector_complex_float_8ul_0_data_0_1_2|         array|
|FFT_DIT_spatial_unroll_CY_stream_vector_stream_vector_complex_float_8ul_0_stream_vector_complex_float_8ul_0_data_0_1_3_address1  |  out|    5|   ap_memory|  FFT_DIT_spatial_unroll_CY_stream_vector_stream_vector_complex_float_8ul_0_stream_vector_complex_float_8ul_0_data_0_1_3|         array|
|FFT_DIT_spatial_unroll_CY_stream_vector_stream_vector_complex_float_8ul_0_stream_vector_complex_float_8ul_0_data_0_1_3_ce1       |  out|    1|   ap_memory|  FFT_DIT_spatial_unroll_CY_stream_vector_stream_vector_complex_float_8ul_0_stream_vector_complex_float_8ul_0_data_0_1_3|         array|
|FFT_DIT_spatial_unroll_CY_stream_vector_stream_vector_complex_float_8ul_0_stream_vector_complex_float_8ul_0_data_0_1_3_we1       |  out|    1|   ap_memory|  FFT_DIT_spatial_unroll_CY_stream_vector_stream_vector_complex_float_8ul_0_stream_vector_complex_float_8ul_0_data_0_1_3|         array|
|FFT_DIT_spatial_unroll_CY_stream_vector_stream_vector_complex_float_8ul_0_stream_vector_complex_float_8ul_0_data_0_1_3_d1        |  out|   32|   ap_memory|  FFT_DIT_spatial_unroll_CY_stream_vector_stream_vector_complex_float_8ul_0_stream_vector_complex_float_8ul_0_data_0_1_3|         array|
|FFT_DIT_spatial_unroll_CY_stream_vector_stream_vector_complex_float_8ul_0_stream_vector_complex_float_8ul_0_data_0_1_4_address1  |  out|    5|   ap_memory|  FFT_DIT_spatial_unroll_CY_stream_vector_stream_vector_complex_float_8ul_0_stream_vector_complex_float_8ul_0_data_0_1_4|         array|
|FFT_DIT_spatial_unroll_CY_stream_vector_stream_vector_complex_float_8ul_0_stream_vector_complex_float_8ul_0_data_0_1_4_ce1       |  out|    1|   ap_memory|  FFT_DIT_spatial_unroll_CY_stream_vector_stream_vector_complex_float_8ul_0_stream_vector_complex_float_8ul_0_data_0_1_4|         array|
|FFT_DIT_spatial_unroll_CY_stream_vector_stream_vector_complex_float_8ul_0_stream_vector_complex_float_8ul_0_data_0_1_4_we1       |  out|    1|   ap_memory|  FFT_DIT_spatial_unroll_CY_stream_vector_stream_vector_complex_float_8ul_0_stream_vector_complex_float_8ul_0_data_0_1_4|         array|
|FFT_DIT_spatial_unroll_CY_stream_vector_stream_vector_complex_float_8ul_0_stream_vector_complex_float_8ul_0_data_0_1_4_d1        |  out|   32|   ap_memory|  FFT_DIT_spatial_unroll_CY_stream_vector_stream_vector_complex_float_8ul_0_stream_vector_complex_float_8ul_0_data_0_1_4|         array|
|FFT_DIT_spatial_unroll_CY_stream_vector_stream_vector_complex_float_8ul_0_stream_vector_complex_float_8ul_0_data_0_1_5_address1  |  out|    5|   ap_memory|  FFT_DIT_spatial_unroll_CY_stream_vector_stream_vector_complex_float_8ul_0_stream_vector_complex_float_8ul_0_data_0_1_5|         array|
|FFT_DIT_spatial_unroll_CY_stream_vector_stream_vector_complex_float_8ul_0_stream_vector_complex_float_8ul_0_data_0_1_5_ce1       |  out|    1|   ap_memory|  FFT_DIT_spatial_unroll_CY_stream_vector_stream_vector_complex_float_8ul_0_stream_vector_complex_float_8ul_0_data_0_1_5|         array|
|FFT_DIT_spatial_unroll_CY_stream_vector_stream_vector_complex_float_8ul_0_stream_vector_complex_float_8ul_0_data_0_1_5_we1       |  out|    1|   ap_memory|  FFT_DIT_spatial_unroll_CY_stream_vector_stream_vector_complex_float_8ul_0_stream_vector_complex_float_8ul_0_data_0_1_5|         array|
|FFT_DIT_spatial_unroll_CY_stream_vector_stream_vector_complex_float_8ul_0_stream_vector_complex_float_8ul_0_data_0_1_5_d1        |  out|   32|   ap_memory|  FFT_DIT_spatial_unroll_CY_stream_vector_stream_vector_complex_float_8ul_0_stream_vector_complex_float_8ul_0_data_0_1_5|         array|
|FFT_DIT_spatial_unroll_CY_stream_vector_stream_vector_complex_float_8ul_0_stream_vector_complex_float_8ul_0_data_0_1_6_address1  |  out|    5|   ap_memory|  FFT_DIT_spatial_unroll_CY_stream_vector_stream_vector_complex_float_8ul_0_stream_vector_complex_float_8ul_0_data_0_1_6|         array|
|FFT_DIT_spatial_unroll_CY_stream_vector_stream_vector_complex_float_8ul_0_stream_vector_complex_float_8ul_0_data_0_1_6_ce1       |  out|    1|   ap_memory|  FFT_DIT_spatial_unroll_CY_stream_vector_stream_vector_complex_float_8ul_0_stream_vector_complex_float_8ul_0_data_0_1_6|         array|
|FFT_DIT_spatial_unroll_CY_stream_vector_stream_vector_complex_float_8ul_0_stream_vector_complex_float_8ul_0_data_0_1_6_we1       |  out|    1|   ap_memory|  FFT_DIT_spatial_unroll_CY_stream_vector_stream_vector_complex_float_8ul_0_stream_vector_complex_float_8ul_0_data_0_1_6|         array|
|FFT_DIT_spatial_unroll_CY_stream_vector_stream_vector_complex_float_8ul_0_stream_vector_complex_float_8ul_0_data_0_1_6_d1        |  out|   32|   ap_memory|  FFT_DIT_spatial_unroll_CY_stream_vector_stream_vector_complex_float_8ul_0_stream_vector_complex_float_8ul_0_data_0_1_6|         array|
|FFT_DIT_spatial_unroll_CY_stream_vector_stream_vector_complex_float_8ul_0_stream_vector_complex_float_8ul_0_data_0_1_7_address1  |  out|    5|   ap_memory|  FFT_DIT_spatial_unroll_CY_stream_vector_stream_vector_complex_float_8ul_0_stream_vector_complex_float_8ul_0_data_0_1_7|         array|
|FFT_DIT_spatial_unroll_CY_stream_vector_stream_vector_complex_float_8ul_0_stream_vector_complex_float_8ul_0_data_0_1_7_ce1       |  out|    1|   ap_memory|  FFT_DIT_spatial_unroll_CY_stream_vector_stream_vector_complex_float_8ul_0_stream_vector_complex_float_8ul_0_data_0_1_7|         array|
|FFT_DIT_spatial_unroll_CY_stream_vector_stream_vector_complex_float_8ul_0_stream_vector_complex_float_8ul_0_data_0_1_7_we1       |  out|    1|   ap_memory|  FFT_DIT_spatial_unroll_CY_stream_vector_stream_vector_complex_float_8ul_0_stream_vector_complex_float_8ul_0_data_0_1_7|         array|
|FFT_DIT_spatial_unroll_CY_stream_vector_stream_vector_complex_float_8ul_0_stream_vector_complex_float_8ul_0_data_0_1_7_d1        |  out|   32|   ap_memory|  FFT_DIT_spatial_unroll_CY_stream_vector_stream_vector_complex_float_8ul_0_stream_vector_complex_float_8ul_0_data_0_1_7|         array|
+---------------------------------------------------------------------------------------------------------------------------------+-----+-----+------------+------------------------------------------------------------------------------------------------------------------------+--------------+

