

================================================================
== Vitis HLS Report for 'FFT_DIT_spatial_unroll_CY_stream_vector'
================================================================
* Date:           Wed Apr  2 21:41:38 2025

* Version:        2024.2 (Build 5238294 on Nov  8 2024)
* Project:        build
* Solution:       FFT_250MHz (Vivado IP Flow Target)
* Product family: versalpremium
* Target device:  xcvp1802-lsvc4072-3HP-e-S


================================================================
== Performance Estimates
================================================================
+ Timing: 
    * Summary: 
    +--------+---------+----------+------------+
    |  Clock |  Target | Estimated| Uncertainty|
    +--------+---------+----------+------------+
    |ap_clk  |  4.00 ns|  2.908 ns|     1.08 ns|
    +--------+---------+----------+------------+

+ Latency: 
    * Summary: 
    +---------+---------+----------+----------+-----+-----+----------+
    |  Latency (cycles) |  Latency (absolute) |  Interval | Pipeline |
    |   min   |   max   |    min   |    max   | min | max |   Type   |
    +---------+---------+----------+----------+-----+-----+----------+
    |      397|      397|  1.588 us|  1.588 us|   32|   32|  dataflow|
    +---------+---------+----------+----------+-----+-----+----------+

    + Detail: 
        * Instance: 
        +--------------------------------------------------+-----------------------------------------------+---------+---------+----------+----------+-----+-----+------------------------------------------------+
        |                                                  |                                               |  Latency (cycles) |  Latency (absolute) |  Interval |                    Pipeline                    |
        |                     Instance                     |                     Module                    |   min   |   max   |    min   |    max   | min | max |                      Type                      |
        +--------------------------------------------------+-----------------------------------------------+---------+---------+----------+----------+-----+-----+------------------------------------------------+
        |reverse_input_stream_UF4_U0                       |reverse_input_stream_UF4                       |       61|       61|  0.244 us|  0.244 us|   32|   32|                                             yes|
        |FFT_Stage1_vectorstream_parameterize_U0           |FFT_Stage1_vectorstream_parameterize           |       37|       37|  0.148 us|  0.148 us|   32|   32|                                        dataflow|
        |FFT_Stage2_vectorstreamIn_arrayOut_parametize_U0  |FFT_Stage2_vectorstreamIn_arrayOut_parametize  |       37|       37|  0.148 us|  0.148 us|   32|   32|  loop auto-rewind stp (delay=0 clock cycles(s))|
        |FFT_stage_spatial_unroll_3_U0                     |FFT_stage_spatial_unroll_3_s                   |       43|       43|  0.172 us|  0.172 us|   32|   32|  loop auto-rewind stp (delay=0 clock cycles(s))|
        |FFT_stage_spatial_unroll_4_U0                     |FFT_stage_spatial_unroll_4_s                   |       43|       43|  0.172 us|  0.172 us|   33|   33|  loop auto-rewind stp (delay=1 clock cycles(s))|
        |FFT_stage_spatial_unroll_5_U0                     |FFT_stage_spatial_unroll_5_s                   |       42|       42|  0.168 us|  0.168 us|   33|   33|  loop auto-rewind stp (delay=1 clock cycles(s))|
        |FFT_stage_spatial_unroll_6_U0                     |FFT_stage_spatial_unroll_6_s                   |       42|       42|  0.168 us|  0.168 us|   33|   33|  loop auto-rewind stp (delay=1 clock cycles(s))|
        |FFT_stage_spatial_unroll_7_U0                     |FFT_stage_spatial_unroll_7_s                   |       42|       42|  0.168 us|  0.168 us|   33|   33|  loop auto-rewind stp (delay=1 clock cycles(s))|
        |FFT_stage_spatial_unroll_8_U0                     |FFT_stage_spatial_unroll_8_s                   |       41|       41|  0.164 us|  0.164 us|   32|   32|  loop auto-rewind stp (delay=0 clock cycles(s))|
        |output_result_array_to_stream_U0                  |output_result_array_to_stream                  |       34|       34|  0.136 us|  0.136 us|   32|   32|  loop auto-rewind stp (delay=0 clock cycles(s))|
        +--------------------------------------------------+-----------------------------------------------+---------+---------+----------+----------+-----+-----+------------------------------------------------+

        * Loop: 
        N/A



================================================================
== Utilization Estimates
================================================================
* Summary: 
+---------------------+---------+-------+---------+---------+------+
|         Name        | BRAM_18K|  DSP  |    FF   |   LUT   | URAM |
+---------------------+---------+-------+---------+---------+------+
|DSP                  |        -|      -|        -|        -|     -|
|Expression           |        -|      -|        0|       34|     -|
|FIFO                 |        -|      -|     2056|      526|     -|
|Instance             |        -|     86|    71095|    78779|     -|
|Memory               |        0|      -|     4608|     3728|     0|
|Multiplexer          |        -|      -|        0|       56|     -|
|Register             |        -|      -|        9|        -|     -|
+---------------------+---------+-------+---------+---------+------+
|Total                |        0|     86|    77768|    83123|     0|
+---------------------+---------+-------+---------+---------+------+
|Available SLR        |     2470|   3588|  1680448|   840224|   637|
+---------------------+---------+-------+---------+---------+------+
|Utilization SLR (%)  |        0|      2|        4|        9|     0|
+---------------------+---------+-------+---------+---------+------+
|Available            |     9882|  14352|  6721792|  3360896|  2549|
+---------------------+---------+-------+---------+---------+------+
|Utilization (%)      |        0|     ~0|        1|        2|     0|
+---------------------+---------+-------+---------+---------+------+

+ Detail: 
    * Instance: 
    +--------------------------------------------------+-----------------------------------------------+---------+----+-------+-------+-----+
    |                     Instance                     |                     Module                    | BRAM_18K| DSP|   FF  |  LUT  | URAM|
    +--------------------------------------------------+-----------------------------------------------+---------+----+-------+-------+-----+
    |FFT_Stage1_vectorstream_parameterize_U0           |FFT_Stage1_vectorstream_parameterize           |        0|   0|   3919|   6272|    0|
    |FFT_Stage2_vectorstreamIn_arrayOut_parametize_U0  |FFT_Stage2_vectorstreamIn_arrayOut_parametize  |        0|   0|   3928|   6289|    0|
    |FFT_stage_spatial_unroll_3_U0                     |FFT_stage_spatial_unroll_3_s                   |        0|   6|   5132|   7297|    0|
    |FFT_stage_spatial_unroll_4_U0                     |FFT_stage_spatial_unroll_4_s                   |        0|  16|   6750|   7610|    0|
    |FFT_stage_spatial_unroll_5_U0                     |FFT_stage_spatial_unroll_5_s                   |        0|  16|   7010|   8260|    0|
    |FFT_stage_spatial_unroll_6_U0                     |FFT_stage_spatial_unroll_6_s                   |        0|  16|   7013|   9801|    0|
    |FFT_stage_spatial_unroll_7_U0                     |FFT_stage_spatial_unroll_7_s                   |        0|  16|   7015|  12364|    0|
    |FFT_stage_spatial_unroll_8_U0                     |FFT_stage_spatial_unroll_8_s                   |        0|  16|   6732|  17866|    0|
    |output_result_array_to_stream_U0                  |output_result_array_to_stream                  |        0|   0|      9|     54|    0|
    |reverse_input_stream_UF4_U0                       |reverse_input_stream_UF4                       |        0|   0|  23587|   2966|    0|
    +--------------------------------------------------+-----------------------------------------------+---------+----+-------+-------+-----+
    |Total                                             |                                               |        0|  86|  71095|  78779|    0|
    +--------------------------------------------------+-----------------------------------------------+---------+----+-------+-------+-----+

    * DSP: 
    N/A

    * Memory: 
    +-----------------------------------------------------------------------------+----------------------------------------------------------------------------------+---------+----+----+-----+------+-----+------+-------------+
    |                                    Memory                                   |                                      Module                                      | BRAM_18K| FF | LUT| URAM| Words| Bits| Banks| W*Bits*Banks|
    +-----------------------------------------------------------------------------+----------------------------------------------------------------------------------+---------+----+----+-----+------+-----+------+-------------+
    |FFT_DIT_spatial_unroll_CY_stream_vector_stream_stream_vector_0_data_2_0_0_U  |FFT_DIT_spatial_unroll_CY_stream_vector_FFT_DIT_spatial_unroll_CY_stream_vectHfu  |        0|  64|  66|    0|    64|   32|     1|         2048|
    |FFT_DIT_spatial_unroll_CY_stream_vector_stream_stream_vector_0_data_2_0_1_U  |FFT_DIT_spatial_unroll_CY_stream_vector_FFT_DIT_spatial_unroll_CY_stream_vectHfu  |        0|  64|  66|    0|    64|   32|     1|         2048|
    |FFT_DIT_spatial_unroll_CY_stream_vector_stream_stream_vector_0_data_2_0_2_U  |FFT_DIT_spatial_unroll_CY_stream_vector_FFT_DIT_spatial_unroll_CY_stream_vectHfu  |        0|  64|  66|    0|    64|   32|     1|         2048|
    |FFT_DIT_spatial_unroll_CY_stream_vector_stream_stream_vector_0_data_2_0_3_U  |FFT_DIT_spatial_unroll_CY_stream_vector_FFT_DIT_spatial_unroll_CY_stream_vectHfu  |        0|  64|  66|    0|    64|   32|     1|         2048|
    |FFT_DIT_spatial_unroll_CY_stream_vector_stream_stream_vector_0_data_2_1_0_U  |FFT_DIT_spatial_unroll_CY_stream_vector_FFT_DIT_spatial_unroll_CY_stream_vectHfu  |        0|  64|  66|    0|    64|   32|     1|         2048|
    |FFT_DIT_spatial_unroll_CY_stream_vector_stream_stream_vector_0_data_2_1_1_U  |FFT_DIT_spatial_unroll_CY_stream_vector_FFT_DIT_spatial_unroll_CY_stream_vectHfu  |        0|  64|  66|    0|    64|   32|     1|         2048|
    |FFT_DIT_spatial_unroll_CY_stream_vector_stream_stream_vector_0_data_2_1_2_U  |FFT_DIT_spatial_unroll_CY_stream_vector_FFT_DIT_spatial_unroll_CY_stream_vectHfu  |        0|  64|  66|    0|    64|   32|     1|         2048|
    |FFT_DIT_spatial_unroll_CY_stream_vector_stream_stream_vector_0_data_2_1_3_U  |FFT_DIT_spatial_unroll_CY_stream_vector_FFT_DIT_spatial_unroll_CY_stream_vectHfu  |        0|  64|  66|    0|    64|   32|     1|         2048|
    |FFT_DIT_spatial_unroll_CY_stream_vector_stream_stream_vector_0_data_3_0_0_U  |FFT_DIT_spatial_unroll_CY_stream_vector_FFT_DIT_spatial_unroll_CY_stream_vectHfu  |        0|  64|  66|    0|    64|   32|     1|         2048|
    |FFT_DIT_spatial_unroll_CY_stream_vector_stream_stream_vector_0_data_3_0_1_U  |FFT_DIT_spatial_unroll_CY_stream_vector_FFT_DIT_spatial_unroll_CY_stream_vectHfu  |        0|  64|  66|    0|    64|   32|     1|         2048|
    |FFT_DIT_spatial_unroll_CY_stream_vector_stream_stream_vector_0_data_3_0_2_U  |FFT_DIT_spatial_unroll_CY_stream_vector_FFT_DIT_spatial_unroll_CY_stream_vectHfu  |        0|  64|  66|    0|    64|   32|     1|         2048|
    |FFT_DIT_spatial_unroll_CY_stream_vector_stream_stream_vector_0_data_3_0_3_U  |FFT_DIT_spatial_unroll_CY_stream_vector_FFT_DIT_spatial_unroll_CY_stream_vectHfu  |        0|  64|  66|    0|    64|   32|     1|         2048|
    |FFT_DIT_spatial_unroll_CY_stream_vector_stream_stream_vector_0_data_3_1_0_U  |FFT_DIT_spatial_unroll_CY_stream_vector_FFT_DIT_spatial_unroll_CY_stream_vectHfu  |        0|  64|  66|    0|    64|   32|     1|         2048|
    |FFT_DIT_spatial_unroll_CY_stream_vector_stream_stream_vector_0_data_3_1_1_U  |FFT_DIT_spatial_unroll_CY_stream_vector_FFT_DIT_spatial_unroll_CY_stream_vectHfu  |        0|  64|  66|    0|    64|   32|     1|         2048|
    |FFT_DIT_spatial_unroll_CY_stream_vector_stream_stream_vector_0_data_3_1_2_U  |FFT_DIT_spatial_unroll_CY_stream_vector_FFT_DIT_spatial_unroll_CY_stream_vectHfu  |        0|  64|  66|    0|    64|   32|     1|         2048|
    |FFT_DIT_spatial_unroll_CY_stream_vector_stream_stream_vector_0_data_3_1_3_U  |FFT_DIT_spatial_unroll_CY_stream_vector_FFT_DIT_spatial_unroll_CY_stream_vectHfu  |        0|  64|  66|    0|    64|   32|     1|         2048|
    |FFT_DIT_spatial_unroll_CY_stream_vector_stream_stream_vector_0_data_4_0_0_U  |FFT_DIT_spatial_unroll_CY_stream_vector_FFT_DIT_spatial_unroll_CY_stream_vectHfu  |        0|  64|  66|    0|    64|   32|     1|         2048|
    |FFT_DIT_spatial_unroll_CY_stream_vector_stream_stream_vector_0_data_4_0_1_U  |FFT_DIT_spatial_unroll_CY_stream_vector_FFT_DIT_spatial_unroll_CY_stream_vectHfu  |        0|  64|  66|    0|    64|   32|     1|         2048|
    |FFT_DIT_spatial_unroll_CY_stream_vector_stream_stream_vector_0_data_4_0_2_U  |FFT_DIT_spatial_unroll_CY_stream_vector_FFT_DIT_spatial_unroll_CY_stream_vectHfu  |        0|  64|  66|    0|    64|   32|     1|         2048|
    |FFT_DIT_spatial_unroll_CY_stream_vector_stream_stream_vector_0_data_4_0_3_U  |FFT_DIT_spatial_unroll_CY_stream_vector_FFT_DIT_spatial_unroll_CY_stream_vectHfu  |        0|  64|  66|    0|    64|   32|     1|         2048|
    |FFT_DIT_spatial_unroll_CY_stream_vector_stream_stream_vector_0_data_4_1_0_U  |FFT_DIT_spatial_unroll_CY_stream_vector_FFT_DIT_spatial_unroll_CY_stream_vectHfu  |        0|  64|  66|    0|    64|   32|     1|         2048|
    |FFT_DIT_spatial_unroll_CY_stream_vector_stream_stream_vector_0_data_4_1_1_U  |FFT_DIT_spatial_unroll_CY_stream_vector_FFT_DIT_spatial_unroll_CY_stream_vectHfu  |        0|  64|  66|    0|    64|   32|     1|         2048|
    |FFT_DIT_spatial_unroll_CY_stream_vector_stream_stream_vector_0_data_4_1_2_U  |FFT_DIT_spatial_unroll_CY_stream_vector_FFT_DIT_spatial_unroll_CY_stream_vectHfu  |        0|  64|  66|    0|    64|   32|     1|         2048|
    |FFT_DIT_spatial_unroll_CY_stream_vector_stream_stream_vector_0_data_4_1_3_U  |FFT_DIT_spatial_unroll_CY_stream_vector_FFT_DIT_spatial_unroll_CY_stream_vectHfu  |        0|  64|  66|    0|    64|   32|     1|         2048|
    |FFT_DIT_spatial_unroll_CY_stream_vector_stream_stream_vector_0_data_5_0_0_U  |FFT_DIT_spatial_unroll_CY_stream_vector_FFT_DIT_spatial_unroll_CY_stream_vectHfu  |        0|  64|  66|    0|    64|   32|     1|         2048|
    |FFT_DIT_spatial_unroll_CY_stream_vector_stream_stream_vector_0_data_5_0_1_U  |FFT_DIT_spatial_unroll_CY_stream_vector_FFT_DIT_spatial_unroll_CY_stream_vectHfu  |        0|  64|  66|    0|    64|   32|     1|         2048|
    |FFT_DIT_spatial_unroll_CY_stream_vector_stream_stream_vector_0_data_5_0_2_U  |FFT_DIT_spatial_unroll_CY_stream_vector_FFT_DIT_spatial_unroll_CY_stream_vectHfu  |        0|  64|  66|    0|    64|   32|     1|         2048|
    |FFT_DIT_spatial_unroll_CY_stream_vector_stream_stream_vector_0_data_5_0_3_U  |FFT_DIT_spatial_unroll_CY_stream_vector_FFT_DIT_spatial_unroll_CY_stream_vectHfu  |        0|  64|  66|    0|    64|   32|     1|         2048|
    |FFT_DIT_spatial_unroll_CY_stream_vector_stream_stream_vector_0_data_5_1_0_U  |FFT_DIT_spatial_unroll_CY_stream_vector_FFT_DIT_spatial_unroll_CY_stream_vectHfu  |        0|  64|  66|    0|    64|   32|     1|         2048|
    |FFT_DIT_spatial_unroll_CY_stream_vector_stream_stream_vector_0_data_5_1_1_U  |FFT_DIT_spatial_unroll_CY_stream_vector_FFT_DIT_spatial_unroll_CY_stream_vectHfu  |        0|  64|  66|    0|    64|   32|     1|         2048|
    |FFT_DIT_spatial_unroll_CY_stream_vector_stream_stream_vector_0_data_5_1_2_U  |FFT_DIT_spatial_unroll_CY_stream_vector_FFT_DIT_spatial_unroll_CY_stream_vectHfu  |        0|  64|  66|    0|    64|   32|     1|         2048|
    |FFT_DIT_spatial_unroll_CY_stream_vector_stream_stream_vector_0_data_5_1_3_U  |FFT_DIT_spatial_unroll_CY_stream_vector_FFT_DIT_spatial_unroll_CY_stream_vectHfu  |        0|  64|  66|    0|    64|   32|     1|         2048|
    |FFT_DIT_spatial_unroll_CY_stream_vector_stream_stream_vector_0_data_6_0_0_U  |FFT_DIT_spatial_unroll_CY_stream_vector_FFT_DIT_spatial_unroll_CY_stream_vectHfu  |        0|  64|  66|    0|    64|   32|     1|         2048|
    |FFT_DIT_spatial_unroll_CY_stream_vector_stream_stream_vector_0_data_6_0_1_U  |FFT_DIT_spatial_unroll_CY_stream_vector_FFT_DIT_spatial_unroll_CY_stream_vectHfu  |        0|  64|  66|    0|    64|   32|     1|         2048|
    |FFT_DIT_spatial_unroll_CY_stream_vector_stream_stream_vector_0_data_6_0_2_U  |FFT_DIT_spatial_unroll_CY_stream_vector_FFT_DIT_spatial_unroll_CY_stream_vectHfu  |        0|  64|  66|    0|    64|   32|     1|         2048|
    |FFT_DIT_spatial_unroll_CY_stream_vector_stream_stream_vector_0_data_6_0_3_U  |FFT_DIT_spatial_unroll_CY_stream_vector_FFT_DIT_spatial_unroll_CY_stream_vectHfu  |        0|  64|  66|    0|    64|   32|     1|         2048|
    |FFT_DIT_spatial_unroll_CY_stream_vector_stream_stream_vector_0_data_6_1_0_U  |FFT_DIT_spatial_unroll_CY_stream_vector_FFT_DIT_spatial_unroll_CY_stream_vectHfu  |        0|  64|  66|    0|    64|   32|     1|         2048|
    |FFT_DIT_spatial_unroll_CY_stream_vector_stream_stream_vector_0_data_6_1_1_U  |FFT_DIT_spatial_unroll_CY_stream_vector_FFT_DIT_spatial_unroll_CY_stream_vectHfu  |        0|  64|  66|    0|    64|   32|     1|         2048|
    |FFT_DIT_spatial_unroll_CY_stream_vector_stream_stream_vector_0_data_6_1_2_U  |FFT_DIT_spatial_unroll_CY_stream_vector_FFT_DIT_spatial_unroll_CY_stream_vectHfu  |        0|  64|  66|    0|    64|   32|     1|         2048|
    |FFT_DIT_spatial_unroll_CY_stream_vector_stream_stream_vector_0_data_6_1_3_U  |FFT_DIT_spatial_unroll_CY_stream_vector_FFT_DIT_spatial_unroll_CY_stream_vectHfu  |        0|  64|  66|    0|    64|   32|     1|         2048|
    |FFT_DIT_spatial_unroll_CY_stream_vector_stream_stream_vector_0_data_0_0_0_U  |FFT_DIT_spatial_unroll_CY_stream_vector_FFT_DIT_spatial_unroll_CY_stream_vectbkb  |        0|  64|  34|    0|    32|   32|     1|         1024|
    |FFT_DIT_spatial_unroll_CY_stream_vector_stream_stream_vector_0_data_0_0_1_U  |FFT_DIT_spatial_unroll_CY_stream_vector_FFT_DIT_spatial_unroll_CY_stream_vectbkb  |        0|  64|  34|    0|    32|   32|     1|         1024|
    |FFT_DIT_spatial_unroll_CY_stream_vector_stream_stream_vector_0_data_0_0_2_U  |FFT_DIT_spatial_unroll_CY_stream_vector_FFT_DIT_spatial_unroll_CY_stream_vectbkb  |        0|  64|  34|    0|    32|   32|     1|         1024|
    |FFT_DIT_spatial_unroll_CY_stream_vector_stream_stream_vector_0_data_0_0_3_U  |FFT_DIT_spatial_unroll_CY_stream_vector_FFT_DIT_spatial_unroll_CY_stream_vectbkb  |        0|  64|  34|    0|    32|   32|     1|         1024|
    |FFT_DIT_spatial_unroll_CY_stream_vector_stream_stream_vector_0_data_0_0_4_U  |FFT_DIT_spatial_unroll_CY_stream_vector_FFT_DIT_spatial_unroll_CY_stream_vectbkb  |        0|  64|  34|    0|    32|   32|     1|         1024|
    |FFT_DIT_spatial_unroll_CY_stream_vector_stream_stream_vector_0_data_0_0_5_U  |FFT_DIT_spatial_unroll_CY_stream_vector_FFT_DIT_spatial_unroll_CY_stream_vectbkb  |        0|  64|  34|    0|    32|   32|     1|         1024|
    |FFT_DIT_spatial_unroll_CY_stream_vector_stream_stream_vector_0_data_0_0_6_U  |FFT_DIT_spatial_unroll_CY_stream_vector_FFT_DIT_spatial_unroll_CY_stream_vectbkb  |        0|  64|  34|    0|    32|   32|     1|         1024|
    |FFT_DIT_spatial_unroll_CY_stream_vector_stream_stream_vector_0_data_0_0_7_U  |FFT_DIT_spatial_unroll_CY_stream_vector_FFT_DIT_spatial_unroll_CY_stream_vectbkb  |        0|  64|  34|    0|    32|   32|     1|         1024|
    |FFT_DIT_spatial_unroll_CY_stream_vector_stream_stream_vector_0_data_0_1_0_U  |FFT_DIT_spatial_unroll_CY_stream_vector_FFT_DIT_spatial_unroll_CY_stream_vectbkb  |        0|  64|  34|    0|    32|   32|     1|         1024|
    |FFT_DIT_spatial_unroll_CY_stream_vector_stream_stream_vector_0_data_0_1_1_U  |FFT_DIT_spatial_unroll_CY_stream_vector_FFT_DIT_spatial_unroll_CY_stream_vectbkb  |        0|  64|  34|    0|    32|   32|     1|         1024|
    |FFT_DIT_spatial_unroll_CY_stream_vector_stream_stream_vector_0_data_0_1_2_U  |FFT_DIT_spatial_unroll_CY_stream_vector_FFT_DIT_spatial_unroll_CY_stream_vectbkb  |        0|  64|  34|    0|    32|   32|     1|         1024|
    |FFT_DIT_spatial_unroll_CY_stream_vector_stream_stream_vector_0_data_0_1_3_U  |FFT_DIT_spatial_unroll_CY_stream_vector_FFT_DIT_spatial_unroll_CY_stream_vectbkb  |        0|  64|  34|    0|    32|   32|     1|         1024|
    |FFT_DIT_spatial_unroll_CY_stream_vector_stream_stream_vector_0_data_0_1_4_U  |FFT_DIT_spatial_unroll_CY_stream_vector_FFT_DIT_spatial_unroll_CY_stream_vectbkb  |        0|  64|  34|    0|    32|   32|     1|         1024|
    |FFT_DIT_spatial_unroll_CY_stream_vector_stream_stream_vector_0_data_0_1_5_U  |FFT_DIT_spatial_unroll_CY_stream_vector_FFT_DIT_spatial_unroll_CY_stream_vectbkb  |        0|  64|  34|    0|    32|   32|     1|         1024|
    |FFT_DIT_spatial_unroll_CY_stream_vector_stream_stream_vector_0_data_0_1_6_U  |FFT_DIT_spatial_unroll_CY_stream_vector_FFT_DIT_spatial_unroll_CY_stream_vectbkb  |        0|  64|  34|    0|    32|   32|     1|         1024|
    |FFT_DIT_spatial_unroll_CY_stream_vector_stream_stream_vector_0_data_0_1_7_U  |FFT_DIT_spatial_unroll_CY_stream_vector_FFT_DIT_spatial_unroll_CY_stream_vectbkb  |        0|  64|  34|    0|    32|   32|     1|         1024|
    |FFT_DIT_spatial_unroll_CY_stream_vector_stream_stream_vector_0_data_1_0_0_U  |FFT_DIT_spatial_unroll_CY_stream_vector_FFT_DIT_spatial_unroll_CY_stream_vectrcU  |        0|  64|  34|    0|    32|   32|     1|         1024|
    |FFT_DIT_spatial_unroll_CY_stream_vector_stream_stream_vector_0_data_1_0_1_U  |FFT_DIT_spatial_unroll_CY_stream_vector_FFT_DIT_spatial_unroll_CY_stream_vectrcU  |        0|  64|  34|    0|    32|   32|     1|         1024|
    |FFT_DIT_spatial_unroll_CY_stream_vector_stream_stream_vector_0_data_1_0_2_U  |FFT_DIT_spatial_unroll_CY_stream_vector_FFT_DIT_spatial_unroll_CY_stream_vectrcU  |        0|  64|  34|    0|    32|   32|     1|         1024|
    |FFT_DIT_spatial_unroll_CY_stream_vector_stream_stream_vector_0_data_1_0_3_U  |FFT_DIT_spatial_unroll_CY_stream_vector_FFT_DIT_spatial_unroll_CY_stream_vectrcU  |        0|  64|  34|    0|    32|   32|     1|         1024|
    |FFT_DIT_spatial_unroll_CY_stream_vector_stream_stream_vector_0_data_1_0_4_U  |FFT_DIT_spatial_unroll_CY_stream_vector_FFT_DIT_spatial_unroll_CY_stream_vectrcU  |        0|  64|  34|    0|    32|   32|     1|         1024|
    |FFT_DIT_spatial_unroll_CY_stream_vector_stream_stream_vector_0_data_1_0_5_U  |FFT_DIT_spatial_unroll_CY_stream_vector_FFT_DIT_spatial_unroll_CY_stream_vectrcU  |        0|  64|  34|    0|    32|   32|     1|         1024|
    |FFT_DIT_spatial_unroll_CY_stream_vector_stream_stream_vector_0_data_1_0_6_U  |FFT_DIT_spatial_unroll_CY_stream_vector_FFT_DIT_spatial_unroll_CY_stream_vectrcU  |        0|  64|  34|    0|    32|   32|     1|         1024|
    |FFT_DIT_spatial_unroll_CY_stream_vector_stream_stream_vector_0_data_1_0_7_U  |FFT_DIT_spatial_unroll_CY_stream_vector_FFT_DIT_spatial_unroll_CY_stream_vectrcU  |        0|  64|  34|    0|    32|   32|     1|         1024|
    |FFT_DIT_spatial_unroll_CY_stream_vector_stream_stream_vector_0_data_1_1_0_U  |FFT_DIT_spatial_unroll_CY_stream_vector_FFT_DIT_spatial_unroll_CY_stream_vectrcU  |        0|  64|  34|    0|    32|   32|     1|         1024|
    |FFT_DIT_spatial_unroll_CY_stream_vector_stream_stream_vector_0_data_1_1_1_U  |FFT_DIT_spatial_unroll_CY_stream_vector_FFT_DIT_spatial_unroll_CY_stream_vectrcU  |        0|  64|  34|    0|    32|   32|     1|         1024|
    |FFT_DIT_spatial_unroll_CY_stream_vector_stream_stream_vector_0_data_1_1_2_U  |FFT_DIT_spatial_unroll_CY_stream_vector_FFT_DIT_spatial_unroll_CY_stream_vectrcU  |        0|  64|  34|    0|    32|   32|     1|         1024|
    |FFT_DIT_spatial_unroll_CY_stream_vector_stream_stream_vector_0_data_1_1_3_U  |FFT_DIT_spatial_unroll_CY_stream_vector_FFT_DIT_spatial_unroll_CY_stream_vectrcU  |        0|  64|  34|    0|    32|   32|     1|         1024|
    |FFT_DIT_spatial_unroll_CY_stream_vector_stream_stream_vector_0_data_1_1_4_U  |FFT_DIT_spatial_unroll_CY_stream_vector_FFT_DIT_spatial_unroll_CY_stream_vectrcU  |        0|  64|  34|    0|    32|   32|     1|         1024|
    |FFT_DIT_spatial_unroll_CY_stream_vector_stream_stream_vector_0_data_1_1_5_U  |FFT_DIT_spatial_unroll_CY_stream_vector_FFT_DIT_spatial_unroll_CY_stream_vectrcU  |        0|  64|  34|    0|    32|   32|     1|         1024|
    |FFT_DIT_spatial_unroll_CY_stream_vector_stream_stream_vector_0_data_1_1_6_U  |FFT_DIT_spatial_unroll_CY_stream_vector_FFT_DIT_spatial_unroll_CY_stream_vectrcU  |        0|  64|  34|    0|    32|   32|     1|         1024|
    |FFT_DIT_spatial_unroll_CY_stream_vector_stream_stream_vector_0_data_1_1_7_U  |FFT_DIT_spatial_unroll_CY_stream_vector_FFT_DIT_spatial_unroll_CY_stream_vectrcU  |        0|  64|  34|    0|    32|   32|     1|         1024|
    +-----------------------------------------------------------------------------+----------------------------------------------------------------------------------+---------+----+----+-----+------+-----+------+-------------+
    |Total                                                                        |                                                                                  |        0|4608|3728|    0|  3584| 2304|    72|       114688|
    +-----------------------------------------------------------------------------+----------------------------------------------------------------------------------+---------+----+----+-----+------+-----+------+-------------+

    * FIFO: 
    +----------------------------+---------+------+----+-----+------+-----+---------+
    |            Name            | BRAM_18K|  FF  | LUT| URAM| Depth| Bits| Size:D*B|
    +----------------------------+---------+------+----+-----+------+-----+---------+
    |data_s1_stream_vector_U     |        0|  1028|   0|    -|     2|  512|     1024|
    |reverse_in_stream_vector_U  |        0|  1028|   0|    -|     2|  512|     1024|
    +----------------------------+---------+------+----+-----+------+-----+---------+
    |Total                       |        0|  2056|   0|    0|     4| 1024|     2048|
    +----------------------------+---------+------+----+-----+------+-----+---------+

    * Expression: 
    +-------------------------------------------------------------------------------------------------+----------+----+---+----+------------+------------+
    |                                          Variable Name                                          | Operation| DSP| FF| LUT| Bitwidth P0| Bitwidth P1|
    +-------------------------------------------------------------------------------------------------+----------+----+---+----+------------+------------+
    |ap_channel_done_FFT_DIT_spatial_unroll_CY_stream_vector_stream_stream_vector_0_data_0_1_7        |       and|   0|  0|   2|           1|           1|
    |ap_channel_done_FFT_DIT_spatial_unroll_CY_stream_vector_stream_stream_vector_0_data_1_1_7        |       and|   0|  0|   2|           1|           1|
    |ap_channel_done_FFT_DIT_spatial_unroll_CY_stream_vector_stream_stream_vector_0_data_2_1_3        |       and|   0|  0|   2|           1|           1|
    |ap_channel_done_FFT_DIT_spatial_unroll_CY_stream_vector_stream_stream_vector_0_data_3_1_3        |       and|   0|  0|   2|           1|           1|
    |ap_channel_done_FFT_DIT_spatial_unroll_CY_stream_vector_stream_stream_vector_0_data_4_1_3        |       and|   0|  0|   2|           1|           1|
    |ap_channel_done_FFT_DIT_spatial_unroll_CY_stream_vector_stream_stream_vector_0_data_5_1_3        |       and|   0|  0|   2|           1|           1|
    |ap_channel_done_FFT_DIT_spatial_unroll_CY_stream_vector_stream_stream_vector_0_data_6_1_3        |       and|   0|  0|   2|           1|           1|
    |ap_idle                                                                                          |       and|   0|  0|   2|           1|           1|
    |FFT_Stage1_vectorstream_parameterize_U0_ap_start                                                 |        or|   0|  0|   2|           1|           1|
    |FFT_Stage2_vectorstreamIn_arrayOut_parametize_U0_ap_start                                        |        or|   0|  0|   2|           1|           1|
    |ap_sync_channel_write_FFT_DIT_spatial_unroll_CY_stream_vector_stream_stream_vector_0_data_0_1_7  |        or|   0|  0|   2|           1|           1|
    |ap_sync_channel_write_FFT_DIT_spatial_unroll_CY_stream_vector_stream_stream_vector_0_data_1_1_7  |        or|   0|  0|   2|           1|           1|
    |ap_sync_channel_write_FFT_DIT_spatial_unroll_CY_stream_vector_stream_stream_vector_0_data_2_1_3  |        or|   0|  0|   2|           1|           1|
    |ap_sync_channel_write_FFT_DIT_spatial_unroll_CY_stream_vector_stream_stream_vector_0_data_3_1_3  |        or|   0|  0|   2|           1|           1|
    |ap_sync_channel_write_FFT_DIT_spatial_unroll_CY_stream_vector_stream_stream_vector_0_data_4_1_3  |        or|   0|  0|   2|           1|           1|
    |ap_sync_channel_write_FFT_DIT_spatial_unroll_CY_stream_vector_stream_stream_vector_0_data_5_1_3  |        or|   0|  0|   2|           1|           1|
    |ap_sync_channel_write_FFT_DIT_spatial_unroll_CY_stream_vector_stream_stream_vector_0_data_6_1_3  |        or|   0|  0|   2|           1|           1|
    +-------------------------------------------------------------------------------------------------+----------+----+---+----+------------+------------+
    |Total                                                                                            |          |   0|  0|  34|          17|          17|
    +-------------------------------------------------------------------------------------------------+----------+----+---+----+------------+------------+

    * Multiplexer: 
    +-----------------------------------------------------------------------------------------------------+----+-----------+-----+-----------+
    |                                                 Name                                                | LUT| Input Size| Bits| Total Bits|
    +-----------------------------------------------------------------------------------------------------+----+-----------+-----+-----------+
    |ap_sync_reg_channel_write_FFT_DIT_spatial_unroll_CY_stream_vector_stream_stream_vector_0_data_0_1_7  |   8|          2|    1|          2|
    |ap_sync_reg_channel_write_FFT_DIT_spatial_unroll_CY_stream_vector_stream_stream_vector_0_data_1_1_7  |   8|          2|    1|          2|
    |ap_sync_reg_channel_write_FFT_DIT_spatial_unroll_CY_stream_vector_stream_stream_vector_0_data_2_1_3  |   8|          2|    1|          2|
    |ap_sync_reg_channel_write_FFT_DIT_spatial_unroll_CY_stream_vector_stream_stream_vector_0_data_3_1_3  |   8|          2|    1|          2|
    |ap_sync_reg_channel_write_FFT_DIT_spatial_unroll_CY_stream_vector_stream_stream_vector_0_data_4_1_3  |   8|          2|    1|          2|
    |ap_sync_reg_channel_write_FFT_DIT_spatial_unroll_CY_stream_vector_stream_stream_vector_0_data_5_1_3  |   8|          2|    1|          2|
    |ap_sync_reg_channel_write_FFT_DIT_spatial_unroll_CY_stream_vector_stream_stream_vector_0_data_6_1_3  |   8|          2|    1|          2|
    +-----------------------------------------------------------------------------------------------------+----+-----------+-----+-----------+
    |Total                                                                                                |  56|         14|    7|         14|
    +-----------------------------------------------------------------------------------------------------+----+-----------+-----+-----------+

    * Register: 
    +-----------------------------------------------------------------------------------------------------+---+----+-----+-----------+
    |                                                 Name                                                | FF| LUT| Bits| Const Bits|
    +-----------------------------------------------------------------------------------------------------+---+----+-----+-----------+
    |ap_sync_reg_FFT_Stage1_vectorstream_parameterize_U0_ap_start                                         |  1|   0|    1|          0|
    |ap_sync_reg_FFT_Stage2_vectorstreamIn_arrayOut_parametize_U0_ap_start                                |  1|   0|    1|          0|
    |ap_sync_reg_channel_write_FFT_DIT_spatial_unroll_CY_stream_vector_stream_stream_vector_0_data_0_1_7  |  1|   0|    1|          0|
    |ap_sync_reg_channel_write_FFT_DIT_spatial_unroll_CY_stream_vector_stream_stream_vector_0_data_1_1_7  |  1|   0|    1|          0|
    |ap_sync_reg_channel_write_FFT_DIT_spatial_unroll_CY_stream_vector_stream_stream_vector_0_data_2_1_3  |  1|   0|    1|          0|
    |ap_sync_reg_channel_write_FFT_DIT_spatial_unroll_CY_stream_vector_stream_stream_vector_0_data_3_1_3  |  1|   0|    1|          0|
    |ap_sync_reg_channel_write_FFT_DIT_spatial_unroll_CY_stream_vector_stream_stream_vector_0_data_4_1_3  |  1|   0|    1|          0|
    |ap_sync_reg_channel_write_FFT_DIT_spatial_unroll_CY_stream_vector_stream_stream_vector_0_data_5_1_3  |  1|   0|    1|          0|
    |ap_sync_reg_channel_write_FFT_DIT_spatial_unroll_CY_stream_vector_stream_stream_vector_0_data_6_1_3  |  1|   0|    1|          0|
    +-----------------------------------------------------------------------------------------------------+---+----+-----+-----------+
    |Total                                                                                                |  9|   0|    9|          0|
    +-----------------------------------------------------------------------------------------------------+---+----+-----+-----------+



================================================================
== Interface
================================================================
* Summary: 
+--------------+-----+-----+------------+-----------------------------------------+--------------+
|   RTL Ports  | Dir | Bits|  Protocol  |              Source Object              |    C Type    |
+--------------+-----+-----+------------+-----------------------------------------+--------------+
|in_r_dout     |   in|  512|     ap_fifo|                                     in_r|       pointer|
|in_r_empty_n  |   in|    1|     ap_fifo|                                     in_r|       pointer|
|in_r_read     |  out|    1|     ap_fifo|                                     in_r|       pointer|
|out_r_din     |  out|  512|     ap_fifo|                                    out_r|       pointer|
|out_r_full_n  |   in|    1|     ap_fifo|                                    out_r|       pointer|
|out_r_write   |  out|    1|     ap_fifo|                                    out_r|       pointer|
|ap_clk        |   in|    1|  ap_ctrl_hs|  FFT_DIT_spatial_unroll_CY_stream_vector|  return value|
|ap_rst        |   in|    1|  ap_ctrl_hs|  FFT_DIT_spatial_unroll_CY_stream_vector|  return value|
|ap_start      |   in|    1|  ap_ctrl_hs|  FFT_DIT_spatial_unroll_CY_stream_vector|  return value|
|ap_done       |  out|    1|  ap_ctrl_hs|  FFT_DIT_spatial_unroll_CY_stream_vector|  return value|
|ap_ready      |  out|    1|  ap_ctrl_hs|  FFT_DIT_spatial_unroll_CY_stream_vector|  return value|
|ap_idle       |  out|    1|  ap_ctrl_hs|  FFT_DIT_spatial_unroll_CY_stream_vector|  return value|
|ap_continue   |   in|    1|  ap_ctrl_hs|  FFT_DIT_spatial_unroll_CY_stream_vector|  return value|
+--------------+-----+-----+------------+-----------------------------------------+--------------+

