

================================================================
== Vitis HLS Report for 'FFT_stage_spatial_unroll_6_s'
================================================================
* Date:           Wed Apr  2 21:41:35 2025

* Version:        2024.2 (Build 5238294 on Nov  8 2024)
* Project:        build
* Solution:       FFT_250MHz (Vivado IP Flow Target)
* Product family: versalpremium
* Target device:  xcvp1802-lsvc4072-3HP-e-S


================================================================
== Performance Estimates
================================================================
+ Timing: 
    * Summary: 
    +--------+---------+----------+------------+
    |  Clock |  Target | Estimated| Uncertainty|
    +--------+---------+----------+------------+
    |ap_clk  |  4.00 ns|  2.908 ns|     1.08 ns|
    +--------+---------+----------+------------+

+ Latency: 
    * Summary: 
    +---------+---------+----------+----------+-----+-----+------------------------------------------------+
    |  Latency (cycles) |  Latency (absolute) |  Interval |                    Pipeline                    |
    |   min   |   max   |    min   |    max   | min | max |                      Type                      |
    +---------+---------+----------+----------+-----+-----+------------------------------------------------+
    |       42|       42|  0.168 us|  0.168 us|   33|   33|  loop auto-rewind stp (delay=1 clock cycles(s))|
    +---------+---------+----------+----------+-----+-----+------------------------------------------------+

    + Detail: 
        * Instance: 
        N/A

        * Loop: 
        +----------------------------+---------+---------+----------+-----------+-----------+------+----------+
        |                            |  Latency (cycles) | Iteration|  Initiation Interval  | Trip |          |
        |          Loop Name         |   min   |   max   |  Latency |  achieved |   target  | Count| Pipelined|
        +----------------------------+---------+---------+----------+-----------+-----------+------+----------+
        |- R_Pair_loop_R_Group_loop  |       40|       40|        10|          1|          1|    32|       yes|
        +----------------------------+---------+---------+----------+-----------+-----------+------+----------+



================================================================
== Utilization Estimates
================================================================
* Summary: 
+---------------------+---------+-------+---------+---------+------+
|         Name        | BRAM_18K|  DSP  |    FF   |   LUT   | URAM |
+---------------------+---------+-------+---------+---------+------+
|DSP                  |        -|      -|        -|        -|     -|
|Expression           |        -|      -|        0|       49|     -|
|FIFO                 |        -|      -|        -|        -|     -|
|Instance             |        -|     16|     2352|     8520|     -|
|Memory               |        -|      -|        -|        -|     -|
|Multiplexer          |        -|      -|        0|      824|     -|
|Register             |        -|      -|     4661|      408|     -|
+---------------------+---------+-------+---------+---------+------+
|Total                |        0|     16|     7013|     9801|     0|
+---------------------+---------+-------+---------+---------+------+
|Available SLR        |     2470|   3588|  1680448|   840224|   637|
+---------------------+---------+-------+---------+---------+------+
|Utilization SLR (%)  |        0|     ~0|       ~0|        1|     0|
+---------------------+---------+-------+---------+---------+------+
|Available            |     9882|  14352|  6721792|  3360896|  2549|
+---------------------+---------+-------+---------+---------+------+
|Utilization (%)      |        0|     ~0|       ~0|       ~0|     0|
+---------------------+---------+-------+---------+---------+------+

+ Detail: 
    * Instance: 
    +-------------------------------------------------------+--------------------------------------------------+---------+----+-----+-----+-----+
    |                        Instance                       |                      Module                      | BRAM_18K| DSP|  FF | LUT | URAM|
    +-------------------------------------------------------+--------------------------------------------------+---------+----+-----+-----+-----+
    |fadd_32ns_32ns_32_4_no_dsp_1_U232                      |fadd_32ns_32ns_32_4_no_dsp_1                      |        0|   0|  147|  356|    0|
    |fadd_32ns_32ns_32_4_no_dsp_1_U233                      |fadd_32ns_32ns_32_4_no_dsp_1                      |        0|   0|  147|  356|    0|
    |fadd_32ns_32ns_32_4_no_dsp_1_U236                      |fadd_32ns_32ns_32_4_no_dsp_1                      |        0|   0|  147|  356|    0|
    |fadd_32ns_32ns_32_4_no_dsp_1_U237                      |fadd_32ns_32ns_32_4_no_dsp_1                      |        0|   0|  147|  356|    0|
    |fadd_32ns_32ns_32_4_no_dsp_1_U240                      |fadd_32ns_32ns_32_4_no_dsp_1                      |        0|   0|  147|  356|    0|
    |fadd_32ns_32ns_32_4_no_dsp_1_U241                      |fadd_32ns_32ns_32_4_no_dsp_1                      |        0|   0|  147|  356|    0|
    |fadd_32ns_32ns_32_4_no_dsp_1_U244                      |fadd_32ns_32ns_32_4_no_dsp_1                      |        0|   0|  147|  356|    0|
    |fadd_32ns_32ns_32_4_no_dsp_1_U245                      |fadd_32ns_32ns_32_4_no_dsp_1                      |        0|   0|  147|  356|    0|
    |fmadd_32ns_32ns_32ns_32ns_32_1_primitive_dsp_1_x_U256  |fmadd_32ns_32ns_32ns_32ns_32_1_primitive_dsp_1_x  |        0|   1|    0|    1|    0|
    |fmadd_32ns_32ns_32ns_32ns_32_1_primitive_dsp_1_x_U257  |fmadd_32ns_32ns_32ns_32ns_32_1_primitive_dsp_1_x  |        0|   1|    0|    1|    0|
    |fmadd_32ns_32ns_32ns_32ns_32_1_primitive_dsp_1_x_U258  |fmadd_32ns_32ns_32ns_32ns_32_1_primitive_dsp_1_x  |        0|   1|    0|    1|    0|
    |fmadd_32ns_32ns_32ns_32ns_32_1_primitive_dsp_1_x_U259  |fmadd_32ns_32ns_32ns_32ns_32_1_primitive_dsp_1_x  |        0|   1|    0|    1|    0|
    |fmsub_32ns_32ns_32ns_32ns_32_1_primitive_dsp_1_x_U260  |fmsub_32ns_32ns_32ns_32ns_32_1_primitive_dsp_1_x  |        0|   1|    0|    1|    0|
    |fmsub_32ns_32ns_32ns_32ns_32_1_primitive_dsp_1_x_U261  |fmsub_32ns_32ns_32ns_32ns_32_1_primitive_dsp_1_x  |        0|   1|    0|    1|    0|
    |fmsub_32ns_32ns_32ns_32ns_32_1_primitive_dsp_1_x_U262  |fmsub_32ns_32ns_32ns_32ns_32_1_primitive_dsp_1_x  |        0|   1|    0|    1|    0|
    |fmsub_32ns_32ns_32ns_32ns_32_1_primitive_dsp_1_x_U263  |fmsub_32ns_32ns_32ns_32ns_32_1_primitive_dsp_1_x  |        0|   1|    0|    1|    0|
    |fmul_32ns_32ns_32_1_primitive_dsp_1_U248               |fmul_32ns_32ns_32_1_primitive_dsp_1               |        0|   1|    0|    0|    0|
    |fmul_32ns_32ns_32_1_primitive_dsp_1_U249               |fmul_32ns_32ns_32_1_primitive_dsp_1               |        0|   1|    0|    0|    0|
    |fmul_32ns_32ns_32_1_primitive_dsp_1_U250               |fmul_32ns_32ns_32_1_primitive_dsp_1               |        0|   1|    0|    0|    0|
    |fmul_32ns_32ns_32_1_primitive_dsp_1_U251               |fmul_32ns_32ns_32_1_primitive_dsp_1               |        0|   1|    0|    0|    0|
    |fmul_32ns_32ns_32_1_primitive_dsp_1_U252               |fmul_32ns_32ns_32_1_primitive_dsp_1               |        0|   1|    0|    0|    0|
    |fmul_32ns_32ns_32_1_primitive_dsp_1_U253               |fmul_32ns_32ns_32_1_primitive_dsp_1               |        0|   1|    0|    0|    0|
    |fmul_32ns_32ns_32_1_primitive_dsp_1_U254               |fmul_32ns_32ns_32_1_primitive_dsp_1               |        0|   1|    0|    0|    0|
    |fmul_32ns_32ns_32_1_primitive_dsp_1_U255               |fmul_32ns_32ns_32_1_primitive_dsp_1               |        0|   1|    0|    0|    0|
    |fsub_32ns_32ns_32_4_no_dsp_1_U234                      |fsub_32ns_32ns_32_4_no_dsp_1                      |        0|   0|  147|  356|    0|
    |fsub_32ns_32ns_32_4_no_dsp_1_U235                      |fsub_32ns_32ns_32_4_no_dsp_1                      |        0|   0|  147|  356|    0|
    |fsub_32ns_32ns_32_4_no_dsp_1_U238                      |fsub_32ns_32ns_32_4_no_dsp_1                      |        0|   0|  147|  356|    0|
    |fsub_32ns_32ns_32_4_no_dsp_1_U239                      |fsub_32ns_32ns_32_4_no_dsp_1                      |        0|   0|  147|  356|    0|
    |fsub_32ns_32ns_32_4_no_dsp_1_U242                      |fsub_32ns_32ns_32_4_no_dsp_1                      |        0|   0|  147|  356|    0|
    |fsub_32ns_32ns_32_4_no_dsp_1_U243                      |fsub_32ns_32ns_32_4_no_dsp_1                      |        0|   0|  147|  356|    0|
    |fsub_32ns_32ns_32_4_no_dsp_1_U246                      |fsub_32ns_32ns_32_4_no_dsp_1                      |        0|   0|  147|  356|    0|
    |fsub_32ns_32ns_32_4_no_dsp_1_U247                      |fsub_32ns_32ns_32_4_no_dsp_1                      |        0|   0|  147|  356|    0|
    |sparsemux_17_5_32_1_1_U264                             |sparsemux_17_5_32_1_1                             |        0|   0|    0|  352|    0|
    |sparsemux_17_5_32_1_1_U265                             |sparsemux_17_5_32_1_1                             |        0|   0|    0|  352|    0|
    |sparsemux_17_5_32_1_1_U266                             |sparsemux_17_5_32_1_1                             |        0|   0|    0|  352|    0|
    |sparsemux_17_5_32_1_1_U267                             |sparsemux_17_5_32_1_1                             |        0|   0|    0|  352|    0|
    |sparsemux_17_5_32_1_1_U268                             |sparsemux_17_5_32_1_1                             |        0|   0|    0|  352|    0|
    |sparsemux_17_5_32_1_1_U269                             |sparsemux_17_5_32_1_1                             |        0|   0|    0|  352|    0|
    |sparsemux_17_5_32_1_1_U270                             |sparsemux_17_5_32_1_1                             |        0|   0|    0|  352|    0|
    |sparsemux_17_5_32_1_1_U271                             |sparsemux_17_5_32_1_1                             |        0|   0|    0|  352|    0|
    +-------------------------------------------------------+--------------------------------------------------+---------+----+-----+-----+-----+
    |Total                                                  |                                                  |        0|  16| 2352| 8520|    0|
    +-------------------------------------------------------+--------------------------------------------------+---------+----+-----+-----+-----+

    * DSP: 
    N/A

    * Memory: 
    N/A

    * FIFO: 
    N/A

    * Expression: 
    +---------------------------+----------+----+---+----+------------+------------+
    |       Variable Name       | Operation| DSP| FF| LUT| Bitwidth P0| Bitwidth P1|
    +---------------------------+----------+----+---+----+------------+------------+
    |add_ln368_2_fu_878_p2      |         +|   0|  0|   6|           5|           1|
    |add_ln368_fu_1380_p2       |         +|   0|  0|   9|           9|           7|
    |k_fu_1360_p2               |         +|   0|  0|   6|           6|           3|
    |ap_condition_1399          |       and|   0|  0|   2|           1|           1|
    |ap_condition_362           |       and|   0|  0|   2|           1|           1|
    |ap_condition_377           |       and|   0|  0|   2|           1|           1|
    |icmp_ln368_fu_1386_p2      |      icmp|   0|  0|   2|           5|           2|
    |ap_block_pp0_stage0_11001  |        or|   0|  0|   2|           1|           1|
    |m_fu_892_p3                |    select|   0|  0|   7|           1|           9|
    |select_ln368_fu_884_p3     |    select|   0|  0|   5|           1|           6|
    |ap_enable_pp0              |       xor|   0|  0|   2|           1|           2|
    |xor_ln16_fu_1479_p2        |       xor|   0|  0|   2|           1|           2|
    |xor_ln371_fu_1374_p2       |       xor|   0|  0|   2|           1|           2|
    +---------------------------+----------+----+---+----+------------+------------+
    |Total                      |          |   0|  0|  49|          34|          38|
    +---------------------------+----------+----+---+----+------------+------------+

    * Multiplexer: 
    +-----------------------------------------+----+-----------+-----+-----------+
    |                   Name                  | LUT| Input Size| Bits| Total Bits|
    +-----------------------------------------+----+-----------+-----+-----------+
    |add_ln368194_fu_236                      |  16|          2|    9|         18|
    |ap_done_int                              |   8|          2|    1|          2|
    |ap_loop_exit_ready_pp0_iter9_reg         |   8|          2|    1|          2|
    |ap_phi_mux_d1_imag_8_phi_fu_665_p6       |  32|          2|   32|         64|
    |ap_phi_mux_d1_real_8_phi_fu_653_p6       |  32|          2|   32|         64|
    |ap_phi_mux_icmp_ln371193_phi_fu_643_p4   |   8|          2|    1|          2|
    |ap_phi_reg_pp0_iter2_d1_imag_8_reg_662   |  32|          2|   32|         64|
    |ap_phi_reg_pp0_iter2_d1_real_8_reg_650   |  32|          2|   32|         64|
    |ap_phi_reg_pp0_iter4_d1_imag_8_reg_662   |  32|          2|   32|         64|
    |ap_phi_reg_pp0_iter4_d1_real_8_reg_650   |  32|          2|   32|         64|
    |ap_sig_allocacmp_add_ln368194_load       |  16|          2|    9|         18|
    |ap_sig_allocacmp_indvar_flatten190_load  |   8|          2|    5|         10|
    |ap_sig_allocacmp_k192_load               |   8|          2|    6|         12|
    |ap_sig_allocacmp_m191_load               |  16|          2|    9|         18|
    |grp_fu_674_p2                            |  32|          2|   32|         64|
    |grp_fu_680_p2                            |  32|          2|   32|         64|
    |grp_fu_686_p2                            |  32|          2|   32|         64|
    |grp_fu_691_p2                            |  32|          2|   32|         64|
    |grp_fu_696_p2                            |  32|          2|   32|         64|
    |grp_fu_701_p2                            |  32|          2|   32|         64|
    |grp_fu_706_p2                            |  32|          2|   32|         64|
    |grp_fu_710_p2                            |  32|          2|   32|         64|
    |grp_fu_714_p2                            |  32|          2|   32|         64|
    |grp_fu_719_p2                            |  32|          2|   32|         64|
    |grp_fu_724_p2                            |  32|          2|   32|         64|
    |grp_fu_728_p2                            |  32|          2|   32|         64|
    |grp_fu_732_p2                            |  32|          2|   32|         64|
    |grp_fu_737_p2                            |  32|          2|   32|         64|
    |grp_fu_742_p2                            |  32|          2|   32|         64|
    |grp_fu_746_p2                            |  32|          2|   32|         64|
    |indvar_flatten190_fu_224                 |   8|          2|    5|         10|
    |k192_fu_232                              |   8|          2|    6|         12|
    |m191_fu_228                              |  16|          2|    9|         18|
    +-----------------------------------------+----+-----------+-----+-----------+
    |Total                                    | 824|         66|  765|       1530|
    +-----------------------------------------+----+-----------+-----+-----------+

    * Register: 
    +----------------------------------------------------------------------------------+----+----+-----+-----------+
    |                                       Name                                       | FF | LUT| Bits| Const Bits|
    +----------------------------------------------------------------------------------+----+----+-----+-----------+
    |FFT_DIT_spatial_unroll_CY_stream_vector_stream_stream_data_3_0_1_load_1_reg_2054  |  32|   0|   32|          0|
    |FFT_DIT_spatial_unroll_CY_stream_vector_stream_stream_data_3_0_1_load_reg_2046    |  32|   0|   32|          0|
    |FFT_DIT_spatial_unroll_CY_stream_vector_stream_stream_data_3_0_2_load_1_reg_2070  |  32|   0|   32|          0|
    |FFT_DIT_spatial_unroll_CY_stream_vector_stream_stream_data_3_0_2_load_reg_2062    |  32|   0|   32|          0|
    |FFT_DIT_spatial_unroll_CY_stream_vector_stream_stream_data_3_0_3_load_reg_2078    |  32|   0|   32|          0|
    |FFT_DIT_spatial_unroll_CY_stream_vector_stream_stream_data_3_1_1_load_reg_2094    |  32|   0|   32|          0|
    |FFT_DIT_spatial_unroll_CY_stream_vector_stream_stream_data_3_1_2_load_reg_2114    |  32|   0|   32|          0|
    |FFT_DIT_spatial_unroll_CY_stream_vector_stream_stream_data_3_1_3_load_reg_2134    |  32|   0|   32|          0|
    |a_reg_2018                                                                        |  32|   0|   32|          0|
    |a_reg_2018_pp0_iter2_reg                                                          |  32|   0|   32|          0|
    |add_ln368194_fu_236                                                               |   9|   0|    9|          0|
    |ap_CS_fsm                                                                         |   1|   0|    1|          0|
    |ap_condition_exit_pp0_iter0_stage0_pp0_iter1_reg                                  |   1|   0|    1|          0|
    |ap_done_reg                                                                       |   1|   0|    1|          0|
    |ap_enable_reg_pp0_iter1                                                           |   1|   0|    1|          0|
    |ap_enable_reg_pp0_iter2                                                           |   1|   0|    1|          0|
    |ap_enable_reg_pp0_iter3                                                           |   1|   0|    1|          0|
    |ap_enable_reg_pp0_iter4                                                           |   1|   0|    1|          0|
    |ap_enable_reg_pp0_iter5                                                           |   1|   0|    1|          0|
    |ap_enable_reg_pp0_iter6                                                           |   1|   0|    1|          0|
    |ap_enable_reg_pp0_iter7                                                           |   1|   0|    1|          0|
    |ap_enable_reg_pp0_iter8                                                           |   1|   0|    1|          0|
    |ap_enable_reg_pp0_iter9                                                           |   1|   0|    1|          0|
    |ap_loop_exit_ready_pp0_iter1_reg                                                  |   1|   0|    1|          0|
    |ap_loop_exit_ready_pp0_iter2_reg                                                  |   1|   0|    1|          0|
    |ap_loop_exit_ready_pp0_iter3_reg                                                  |   1|   0|    1|          0|
    |ap_loop_exit_ready_pp0_iter4_reg                                                  |   1|   0|    1|          0|
    |ap_loop_exit_ready_pp0_iter5_reg                                                  |   1|   0|    1|          0|
    |ap_loop_exit_ready_pp0_iter6_reg                                                  |   1|   0|    1|          0|
    |ap_loop_exit_ready_pp0_iter7_reg                                                  |   1|   0|    1|          0|
    |ap_loop_exit_ready_pp0_iter8_reg                                                  |   1|   0|    1|          0|
    |ap_loop_exit_ready_pp0_iter9_reg                                                  |   1|   0|    1|          0|
    |ap_phi_reg_pp0_iter1_d1_imag_8_reg_662                                            |  32|   0|   32|          0|
    |ap_phi_reg_pp0_iter1_d1_real_8_reg_650                                            |  32|   0|   32|          0|
    |ap_phi_reg_pp0_iter2_d1_imag_8_reg_662                                            |  32|   0|   32|          0|
    |ap_phi_reg_pp0_iter2_d1_real_8_reg_650                                            |  32|   0|   32|          0|
    |ap_phi_reg_pp0_iter3_d1_imag_8_reg_662                                            |  32|   0|   32|          0|
    |ap_phi_reg_pp0_iter3_d1_real_8_reg_650                                            |  32|   0|   32|          0|
    |ap_phi_reg_pp0_iter4_d1_imag_8_reg_662                                            |  32|   0|   32|          0|
    |ap_phi_reg_pp0_iter4_d1_real_8_reg_650                                            |  32|   0|   32|          0|
    |ap_predicate_pred588_state3                                                       |   1|   0|    1|          0|
    |bc_3_reg_2148                                                                     |  32|   0|   32|          0|
    |bc_7_i_reg_2108                                                                   |  32|   0|   32|          0|
    |bc_8_i_reg_2128                                                                   |  32|   0|   32|          0|
    |bc_reg_2040                                                                       |  32|   0|   32|          0|
    |bd_3_reg_2142                                                                     |  32|   0|   32|          0|
    |bd_7_i_reg_2102                                                                   |  32|   0|   32|          0|
    |bd_8_i_reg_2122                                                                   |  32|   0|   32|          0|
    |bd_reg_2034                                                                       |  32|   0|   32|          0|
    |c_reg_1825                                                                        |  32|   0|   32|          0|
    |d0_imag_reg_2010                                                                  |  32|   0|   32|          0|
    |d0_real_reg_2002                                                                  |  32|   0|   32|          0|
    |d1_imag_14_i_reg_2177                                                             |  32|   0|   32|          0|
    |d1_imag_1_i_reg_2193                                                              |  32|   0|   32|          0|
    |d1_imag_9_reg_2209                                                                |  32|   0|   32|          0|
    |d1_imag_reg_2164                                                                  |  32|   0|   32|          0|
    |d1_real_14_i_reg_2169                                                             |  32|   0|   32|          0|
    |d1_real_1_i_reg_2185                                                              |  32|   0|   32|          0|
    |d1_real_7_reg_2028                                                                |  32|   0|   32|          0|
    |d1_real_7_reg_2028_pp0_iter2_reg                                                  |  32|   0|   32|          0|
    |d1_real_9_reg_2201                                                                |  32|   0|   32|          0|
    |d1_real_reg_2159                                                                  |  32|   0|   32|          0|
    |d1_reg_2086                                                                       |  32|   0|   32|          0|
    |d3_imag_3_reg_2259                                                                |  32|   0|   32|          0|
    |d3_imag_7_i_reg_2235                                                              |  32|   0|   32|          0|
    |d3_imag_8_i_reg_2247                                                              |  32|   0|   32|          0|
    |d3_imag_reg_2223                                                                  |  32|   0|   32|          0|
    |d3_real_3_reg_2253                                                                |  32|   0|   32|          0|
    |d3_real_7_i_reg_2229                                                              |  32|   0|   32|          0|
    |d3_real_8_i_reg_2241                                                              |  32|   0|   32|          0|
    |d3_real_reg_2217                                                                  |  32|   0|   32|          0|
    |d_reg_1833                                                                        |  32|   0|   32|          0|
    |grp_fu_674_ce                                                                     |   1|   0|    1|          0|
    |grp_fu_674_p0                                                                     |  32|   0|   32|          0|
    |grp_fu_674_p1                                                                     |  32|   0|   32|          0|
    |grp_fu_680_ce                                                                     |   1|   0|    1|          0|
    |grp_fu_680_p0                                                                     |  32|   0|   32|          0|
    |grp_fu_680_p1                                                                     |  32|   0|   32|          0|
    |grp_fu_686_ce                                                                     |   1|   0|    1|          0|
    |grp_fu_686_p0                                                                     |  32|   0|   32|          0|
    |grp_fu_686_p1                                                                     |  32|   0|   32|          0|
    |grp_fu_691_ce                                                                     |   1|   0|    1|          0|
    |grp_fu_691_p0                                                                     |  32|   0|   32|          0|
    |grp_fu_691_p1                                                                     |  32|   0|   32|          0|
    |grp_fu_696_ce                                                                     |   1|   0|    1|          0|
    |grp_fu_696_p0                                                                     |  32|   0|   32|          0|
    |grp_fu_696_p1                                                                     |  32|   0|   32|          0|
    |grp_fu_701_ce                                                                     |   1|   0|    1|          0|
    |grp_fu_701_p0                                                                     |  32|   0|   32|          0|
    |grp_fu_701_p1                                                                     |  32|   0|   32|          0|
    |grp_fu_706_ce                                                                     |   1|   0|    1|          0|
    |grp_fu_706_p0                                                                     |  32|   0|   32|          0|
    |grp_fu_706_p1                                                                     |  32|   0|   32|          0|
    |grp_fu_710_ce                                                                     |   1|   0|    1|          0|
    |grp_fu_710_p0                                                                     |  32|   0|   32|          0|
    |grp_fu_710_p1                                                                     |  32|   0|   32|          0|
    |grp_fu_714_ce                                                                     |   1|   0|    1|          0|
    |grp_fu_714_p0                                                                     |  32|   0|   32|          0|
    |grp_fu_714_p1                                                                     |  32|   0|   32|          0|
    |grp_fu_719_ce                                                                     |   1|   0|    1|          0|
    |grp_fu_719_p0                                                                     |  32|   0|   32|          0|
    |grp_fu_719_p1                                                                     |  32|   0|   32|          0|
    |grp_fu_724_ce                                                                     |   1|   0|    1|          0|
    |grp_fu_724_p0                                                                     |  32|   0|   32|          0|
    |grp_fu_724_p1                                                                     |  32|   0|   32|          0|
    |grp_fu_728_ce                                                                     |   1|   0|    1|          0|
    |grp_fu_728_p0                                                                     |  32|   0|   32|          0|
    |grp_fu_728_p1                                                                     |  32|   0|   32|          0|
    |grp_fu_732_ce                                                                     |   1|   0|    1|          0|
    |grp_fu_732_p0                                                                     |  32|   0|   32|          0|
    |grp_fu_732_p1                                                                     |  32|   0|   32|          0|
    |grp_fu_737_ce                                                                     |   1|   0|    1|          0|
    |grp_fu_737_p0                                                                     |  32|   0|   32|          0|
    |grp_fu_737_p1                                                                     |  32|   0|   32|          0|
    |grp_fu_742_ce                                                                     |   1|   0|    1|          0|
    |grp_fu_742_p0                                                                     |  32|   0|   32|          0|
    |grp_fu_742_p1                                                                     |  32|   0|   32|          0|
    |grp_fu_746_ce                                                                     |   1|   0|    1|          0|
    |grp_fu_746_p0                                                                     |  32|   0|   32|          0|
    |grp_fu_746_p1                                                                     |  32|   0|   32|          0|
    |grp_fu_790_p1                                                                     |  32|   0|   32|          0|
    |grp_fu_790_p2                                                                     |  32|   0|   32|          0|
    |grp_fu_790_p3                                                                     |  32|   0|   32|          0|
    |grp_fu_797_p1                                                                     |  32|   0|   32|          0|
    |grp_fu_797_p2                                                                     |  32|   0|   32|          0|
    |grp_fu_797_p3                                                                     |  32|   0|   32|          0|
    |grp_fu_804_p1                                                                     |  32|   0|   32|          0|
    |grp_fu_804_p2                                                                     |  32|   0|   32|          0|
    |grp_fu_804_p3                                                                     |  32|   0|   32|          0|
    |grp_fu_811_p1                                                                     |  32|   0|   32|          0|
    |grp_fu_811_p2                                                                     |  32|   0|   32|          0|
    |grp_fu_811_p3                                                                     |  32|   0|   32|          0|
    |grp_fu_818_p1                                                                     |  32|   0|   32|          0|
    |grp_fu_818_p2                                                                     |  32|   0|   32|          0|
    |grp_fu_818_p3                                                                     |  32|   0|   32|          0|
    |grp_fu_825_p1                                                                     |  32|   0|   32|          0|
    |grp_fu_825_p2                                                                     |  32|   0|   32|          0|
    |grp_fu_825_p3                                                                     |  32|   0|   32|          0|
    |grp_fu_832_p1                                                                     |  32|   0|   32|          0|
    |grp_fu_832_p2                                                                     |  32|   0|   32|          0|
    |grp_fu_832_p3                                                                     |  32|   0|   32|          0|
    |grp_fu_839_p1                                                                     |  32|   0|   32|          0|
    |grp_fu_839_p2                                                                     |  32|   0|   32|          0|
    |grp_fu_839_p3                                                                     |  32|   0|   32|          0|
    |icmp_ln368_reg_1998                                                               |   1|   0|    1|          0|
    |indvar_flatten190_fu_224                                                          |   5|   0|    5|          0|
    |k192_fu_232                                                                       |   6|   0|    6|          0|
    |m191_fu_228                                                                       |   9|   0|    9|          0|
    |pre_grp_fu_674_p2_reg                                                             |  32|   0|   32|          0|
    |pre_grp_fu_680_p2_reg                                                             |  32|   0|   32|          0|
    |pre_grp_fu_686_p2_reg                                                             |  32|   0|   32|          0|
    |pre_grp_fu_691_p2_reg                                                             |  32|   0|   32|          0|
    |pre_grp_fu_696_p2_reg                                                             |  32|   0|   32|          0|
    |pre_grp_fu_701_p2_reg                                                             |  32|   0|   32|          0|
    |pre_grp_fu_706_p2_reg                                                             |  32|   0|   32|          0|
    |pre_grp_fu_710_p2_reg                                                             |  32|   0|   32|          0|
    |pre_grp_fu_714_p2_reg                                                             |  32|   0|   32|          0|
    |pre_grp_fu_719_p2_reg                                                             |  32|   0|   32|          0|
    |pre_grp_fu_724_p2_reg                                                             |  32|   0|   32|          0|
    |pre_grp_fu_728_p2_reg                                                             |  32|   0|   32|          0|
    |pre_grp_fu_732_p2_reg                                                             |  32|   0|   32|          0|
    |pre_grp_fu_737_p2_reg                                                             |  32|   0|   32|          0|
    |pre_grp_fu_742_p2_reg                                                             |  32|   0|   32|          0|
    |pre_grp_fu_746_p2_reg                                                             |  32|   0|   32|          0|
    |trunc_ln371_reg_1821                                                              |   5|   0|    5|          0|
    |tw_14_reg_1965                                                                    |  32|   0|   32|          0|
    |tw_26_i_reg_1925                                                                  |  32|   0|   32|          0|
    |tw_27_i_reg_1949                                                                  |  32|   0|   32|          0|
    |tw_28_i_reg_1933                                                                  |  32|   0|   32|          0|
    |tw_29_i_reg_1957                                                                  |  32|   0|   32|          0|
    |tw_reg_1941                                                                       |  32|   0|   32|          0|
    |xor_ln371_reg_1993                                                                |   1|   0|    1|          0|
    |zext_ln381_reg_1841                                                               |   6|   0|   64|         58|
    |zext_ln7_reg_1853                                                                 |   5|   0|   64|         59|
    |FFT_DIT_spatial_unroll_CY_stream_vector_stream_stream_data_3_0_1_load_reg_2046    |   0|  16|   32|          0|
    |FFT_DIT_spatial_unroll_CY_stream_vector_stream_stream_data_3_0_2_load_reg_2062    |   0|  16|   32|          0|
    |FFT_DIT_spatial_unroll_CY_stream_vector_stream_stream_data_3_0_3_load_reg_2078    |   0|  16|   32|          0|
    |FFT_DIT_spatial_unroll_CY_stream_vector_stream_stream_data_3_1_1_load_reg_2094    |   0|  16|   32|          0|
    |FFT_DIT_spatial_unroll_CY_stream_vector_stream_stream_data_3_1_2_load_reg_2114    |   0|  16|   32|          0|
    |FFT_DIT_spatial_unroll_CY_stream_vector_stream_stream_data_3_1_3_load_reg_2134    |   0|  16|   32|          0|
    |c_reg_1825                                                                        |  64|  32|   32|          0|
    |d0_imag_reg_2010                                                                  |   0|  16|   32|          0|
    |d0_real_reg_2002                                                                  |   0|  16|   32|          0|
    |d_reg_1833                                                                        |  64|  32|   32|          0|
    |trunc_ln371_reg_1821                                                              |   0|   8|    5|          0|
    |tw_14_reg_1965                                                                    |  64|  32|   32|          0|
    |tw_26_i_reg_1925                                                                  |  64|  32|   32|          0|
    |tw_27_i_reg_1949                                                                  |  64|  32|   32|          0|
    |tw_28_i_reg_1933                                                                  |  64|  32|   32|          0|
    |tw_29_i_reg_1957                                                                  |  64|  32|   32|          0|
    |tw_reg_1941                                                                       |  64|  32|   32|          0|
    |zext_ln381_reg_1841                                                               |   0|   8|   64|         58|
    |zext_ln7_reg_1853                                                                 |   0|   8|   64|         59|
    +----------------------------------------------------------------------------------+----+----+-----+-----------+
    |Total                                                                             |4661| 408| 4911|        234|
    +----------------------------------------------------------------------------------+----+----+-----+-----------+



================================================================
== Interface
================================================================
* Summary: 
+---------------------------------------------------------------------------------------------------------------------------------+-----+-----+------------+------------------------------------------------------------------------------------------------------------------------+--------------+
|                                                            RTL Ports                                                            | Dir | Bits|  Protocol  |                                                      Source Object                                                     |    C Type    |
+---------------------------------------------------------------------------------------------------------------------------------+-----+-----+------------+------------------------------------------------------------------------------------------------------------------------+--------------+
|ap_clk                                                                                                                           |   in|    1|  ap_ctrl_hs|                                                                                             FFT_stage_spatial_unroll<6>|  return value|
|ap_rst                                                                                                                           |   in|    1|  ap_ctrl_hs|                                                                                             FFT_stage_spatial_unroll<6>|  return value|
|ap_start                                                                                                                         |   in|    1|  ap_ctrl_hs|                                                                                             FFT_stage_spatial_unroll<6>|  return value|
|ap_done                                                                                                                          |  out|    1|  ap_ctrl_hs|                                                                                             FFT_stage_spatial_unroll<6>|  return value|
|ap_continue                                                                                                                      |   in|    1|  ap_ctrl_hs|                                                                                             FFT_stage_spatial_unroll<6>|  return value|
|ap_idle                                                                                                                          |  out|    1|  ap_ctrl_hs|                                                                                             FFT_stage_spatial_unroll<6>|  return value|
|ap_ready                                                                                                                         |  out|    1|  ap_ctrl_hs|                                                                                             FFT_stage_spatial_unroll<6>|  return value|
|FFT_DIT_spatial_unroll_CY_stream_vector_stream_vector_complex_float_8ul_0_stream_vector_complex_float_8ul_0_data_4_0_0_address0  |  out|    6|   ap_memory|  FFT_DIT_spatial_unroll_CY_stream_vector_stream_vector_complex_float_8ul_0_stream_vector_complex_float_8ul_0_data_4_0_0|         array|
|FFT_DIT_spatial_unroll_CY_stream_vector_stream_vector_complex_float_8ul_0_stream_vector_complex_float_8ul_0_data_4_0_0_ce0       |  out|    1|   ap_memory|  FFT_DIT_spatial_unroll_CY_stream_vector_stream_vector_complex_float_8ul_0_stream_vector_complex_float_8ul_0_data_4_0_0|         array|
|FFT_DIT_spatial_unroll_CY_stream_vector_stream_vector_complex_float_8ul_0_stream_vector_complex_float_8ul_0_data_4_0_0_we0       |  out|    1|   ap_memory|  FFT_DIT_spatial_unroll_CY_stream_vector_stream_vector_complex_float_8ul_0_stream_vector_complex_float_8ul_0_data_4_0_0|         array|
|FFT_DIT_spatial_unroll_CY_stream_vector_stream_vector_complex_float_8ul_0_stream_vector_complex_float_8ul_0_data_4_0_0_d0        |  out|   32|   ap_memory|  FFT_DIT_spatial_unroll_CY_stream_vector_stream_vector_complex_float_8ul_0_stream_vector_complex_float_8ul_0_data_4_0_0|         array|
|FFT_DIT_spatial_unroll_CY_stream_vector_stream_vector_complex_float_8ul_0_stream_vector_complex_float_8ul_0_data_4_0_0_address1  |  out|    6|   ap_memory|  FFT_DIT_spatial_unroll_CY_stream_vector_stream_vector_complex_float_8ul_0_stream_vector_complex_float_8ul_0_data_4_0_0|         array|
|FFT_DIT_spatial_unroll_CY_stream_vector_stream_vector_complex_float_8ul_0_stream_vector_complex_float_8ul_0_data_4_0_0_ce1       |  out|    1|   ap_memory|  FFT_DIT_spatial_unroll_CY_stream_vector_stream_vector_complex_float_8ul_0_stream_vector_complex_float_8ul_0_data_4_0_0|         array|
|FFT_DIT_spatial_unroll_CY_stream_vector_stream_vector_complex_float_8ul_0_stream_vector_complex_float_8ul_0_data_4_0_0_we1       |  out|    1|   ap_memory|  FFT_DIT_spatial_unroll_CY_stream_vector_stream_vector_complex_float_8ul_0_stream_vector_complex_float_8ul_0_data_4_0_0|         array|
|FFT_DIT_spatial_unroll_CY_stream_vector_stream_vector_complex_float_8ul_0_stream_vector_complex_float_8ul_0_data_4_0_0_d1        |  out|   32|   ap_memory|  FFT_DIT_spatial_unroll_CY_stream_vector_stream_vector_complex_float_8ul_0_stream_vector_complex_float_8ul_0_data_4_0_0|         array|
|FFT_DIT_spatial_unroll_CY_stream_vector_stream_vector_complex_float_8ul_0_stream_vector_complex_float_8ul_0_data_4_0_1_address0  |  out|    6|   ap_memory|  FFT_DIT_spatial_unroll_CY_stream_vector_stream_vector_complex_float_8ul_0_stream_vector_complex_float_8ul_0_data_4_0_1|         array|
|FFT_DIT_spatial_unroll_CY_stream_vector_stream_vector_complex_float_8ul_0_stream_vector_complex_float_8ul_0_data_4_0_1_ce0       |  out|    1|   ap_memory|  FFT_DIT_spatial_unroll_CY_stream_vector_stream_vector_complex_float_8ul_0_stream_vector_complex_float_8ul_0_data_4_0_1|         array|
|FFT_DIT_spatial_unroll_CY_stream_vector_stream_vector_complex_float_8ul_0_stream_vector_complex_float_8ul_0_data_4_0_1_we0       |  out|    1|   ap_memory|  FFT_DIT_spatial_unroll_CY_stream_vector_stream_vector_complex_float_8ul_0_stream_vector_complex_float_8ul_0_data_4_0_1|         array|
|FFT_DIT_spatial_unroll_CY_stream_vector_stream_vector_complex_float_8ul_0_stream_vector_complex_float_8ul_0_data_4_0_1_d0        |  out|   32|   ap_memory|  FFT_DIT_spatial_unroll_CY_stream_vector_stream_vector_complex_float_8ul_0_stream_vector_complex_float_8ul_0_data_4_0_1|         array|
|FFT_DIT_spatial_unroll_CY_stream_vector_stream_vector_complex_float_8ul_0_stream_vector_complex_float_8ul_0_data_4_0_1_address1  |  out|    6|   ap_memory|  FFT_DIT_spatial_unroll_CY_stream_vector_stream_vector_complex_float_8ul_0_stream_vector_complex_float_8ul_0_data_4_0_1|         array|
|FFT_DIT_spatial_unroll_CY_stream_vector_stream_vector_complex_float_8ul_0_stream_vector_complex_float_8ul_0_data_4_0_1_ce1       |  out|    1|   ap_memory|  FFT_DIT_spatial_unroll_CY_stream_vector_stream_vector_complex_float_8ul_0_stream_vector_complex_float_8ul_0_data_4_0_1|         array|
|FFT_DIT_spatial_unroll_CY_stream_vector_stream_vector_complex_float_8ul_0_stream_vector_complex_float_8ul_0_data_4_0_1_we1       |  out|    1|   ap_memory|  FFT_DIT_spatial_unroll_CY_stream_vector_stream_vector_complex_float_8ul_0_stream_vector_complex_float_8ul_0_data_4_0_1|         array|
|FFT_DIT_spatial_unroll_CY_stream_vector_stream_vector_complex_float_8ul_0_stream_vector_complex_float_8ul_0_data_4_0_1_d1        |  out|   32|   ap_memory|  FFT_DIT_spatial_unroll_CY_stream_vector_stream_vector_complex_float_8ul_0_stream_vector_complex_float_8ul_0_data_4_0_1|         array|
|FFT_DIT_spatial_unroll_CY_stream_vector_stream_vector_complex_float_8ul_0_stream_vector_complex_float_8ul_0_data_4_0_2_address0  |  out|    6|   ap_memory|  FFT_DIT_spatial_unroll_CY_stream_vector_stream_vector_complex_float_8ul_0_stream_vector_complex_float_8ul_0_data_4_0_2|         array|
|FFT_DIT_spatial_unroll_CY_stream_vector_stream_vector_complex_float_8ul_0_stream_vector_complex_float_8ul_0_data_4_0_2_ce0       |  out|    1|   ap_memory|  FFT_DIT_spatial_unroll_CY_stream_vector_stream_vector_complex_float_8ul_0_stream_vector_complex_float_8ul_0_data_4_0_2|         array|
|FFT_DIT_spatial_unroll_CY_stream_vector_stream_vector_complex_float_8ul_0_stream_vector_complex_float_8ul_0_data_4_0_2_we0       |  out|    1|   ap_memory|  FFT_DIT_spatial_unroll_CY_stream_vector_stream_vector_complex_float_8ul_0_stream_vector_complex_float_8ul_0_data_4_0_2|         array|
|FFT_DIT_spatial_unroll_CY_stream_vector_stream_vector_complex_float_8ul_0_stream_vector_complex_float_8ul_0_data_4_0_2_d0        |  out|   32|   ap_memory|  FFT_DIT_spatial_unroll_CY_stream_vector_stream_vector_complex_float_8ul_0_stream_vector_complex_float_8ul_0_data_4_0_2|         array|
|FFT_DIT_spatial_unroll_CY_stream_vector_stream_vector_complex_float_8ul_0_stream_vector_complex_float_8ul_0_data_4_0_2_address1  |  out|    6|   ap_memory|  FFT_DIT_spatial_unroll_CY_stream_vector_stream_vector_complex_float_8ul_0_stream_vector_complex_float_8ul_0_data_4_0_2|         array|
|FFT_DIT_spatial_unroll_CY_stream_vector_stream_vector_complex_float_8ul_0_stream_vector_complex_float_8ul_0_data_4_0_2_ce1       |  out|    1|   ap_memory|  FFT_DIT_spatial_unroll_CY_stream_vector_stream_vector_complex_float_8ul_0_stream_vector_complex_float_8ul_0_data_4_0_2|         array|
|FFT_DIT_spatial_unroll_CY_stream_vector_stream_vector_complex_float_8ul_0_stream_vector_complex_float_8ul_0_data_4_0_2_we1       |  out|    1|   ap_memory|  FFT_DIT_spatial_unroll_CY_stream_vector_stream_vector_complex_float_8ul_0_stream_vector_complex_float_8ul_0_data_4_0_2|         array|
|FFT_DIT_spatial_unroll_CY_stream_vector_stream_vector_complex_float_8ul_0_stream_vector_complex_float_8ul_0_data_4_0_2_d1        |  out|   32|   ap_memory|  FFT_DIT_spatial_unroll_CY_stream_vector_stream_vector_complex_float_8ul_0_stream_vector_complex_float_8ul_0_data_4_0_2|         array|
|FFT_DIT_spatial_unroll_CY_stream_vector_stream_vector_complex_float_8ul_0_stream_vector_complex_float_8ul_0_data_4_0_3_address0  |  out|    6|   ap_memory|  FFT_DIT_spatial_unroll_CY_stream_vector_stream_vector_complex_float_8ul_0_stream_vector_complex_float_8ul_0_data_4_0_3|         array|
|FFT_DIT_spatial_unroll_CY_stream_vector_stream_vector_complex_float_8ul_0_stream_vector_complex_float_8ul_0_data_4_0_3_ce0       |  out|    1|   ap_memory|  FFT_DIT_spatial_unroll_CY_stream_vector_stream_vector_complex_float_8ul_0_stream_vector_complex_float_8ul_0_data_4_0_3|         array|
|FFT_DIT_spatial_unroll_CY_stream_vector_stream_vector_complex_float_8ul_0_stream_vector_complex_float_8ul_0_data_4_0_3_we0       |  out|    1|   ap_memory|  FFT_DIT_spatial_unroll_CY_stream_vector_stream_vector_complex_float_8ul_0_stream_vector_complex_float_8ul_0_data_4_0_3|         array|
|FFT_DIT_spatial_unroll_CY_stream_vector_stream_vector_complex_float_8ul_0_stream_vector_complex_float_8ul_0_data_4_0_3_d0        |  out|   32|   ap_memory|  FFT_DIT_spatial_unroll_CY_stream_vector_stream_vector_complex_float_8ul_0_stream_vector_complex_float_8ul_0_data_4_0_3|         array|
|FFT_DIT_spatial_unroll_CY_stream_vector_stream_vector_complex_float_8ul_0_stream_vector_complex_float_8ul_0_data_4_0_3_address1  |  out|    6|   ap_memory|  FFT_DIT_spatial_unroll_CY_stream_vector_stream_vector_complex_float_8ul_0_stream_vector_complex_float_8ul_0_data_4_0_3|         array|
|FFT_DIT_spatial_unroll_CY_stream_vector_stream_vector_complex_float_8ul_0_stream_vector_complex_float_8ul_0_data_4_0_3_ce1       |  out|    1|   ap_memory|  FFT_DIT_spatial_unroll_CY_stream_vector_stream_vector_complex_float_8ul_0_stream_vector_complex_float_8ul_0_data_4_0_3|         array|
|FFT_DIT_spatial_unroll_CY_stream_vector_stream_vector_complex_float_8ul_0_stream_vector_complex_float_8ul_0_data_4_0_3_we1       |  out|    1|   ap_memory|  FFT_DIT_spatial_unroll_CY_stream_vector_stream_vector_complex_float_8ul_0_stream_vector_complex_float_8ul_0_data_4_0_3|         array|
|FFT_DIT_spatial_unroll_CY_stream_vector_stream_vector_complex_float_8ul_0_stream_vector_complex_float_8ul_0_data_4_0_3_d1        |  out|   32|   ap_memory|  FFT_DIT_spatial_unroll_CY_stream_vector_stream_vector_complex_float_8ul_0_stream_vector_complex_float_8ul_0_data_4_0_3|         array|
|FFT_DIT_spatial_unroll_CY_stream_vector_stream_vector_complex_float_8ul_0_stream_vector_complex_float_8ul_0_data_4_1_0_address0  |  out|    6|   ap_memory|  FFT_DIT_spatial_unroll_CY_stream_vector_stream_vector_complex_float_8ul_0_stream_vector_complex_float_8ul_0_data_4_1_0|         array|
|FFT_DIT_spatial_unroll_CY_stream_vector_stream_vector_complex_float_8ul_0_stream_vector_complex_float_8ul_0_data_4_1_0_ce0       |  out|    1|   ap_memory|  FFT_DIT_spatial_unroll_CY_stream_vector_stream_vector_complex_float_8ul_0_stream_vector_complex_float_8ul_0_data_4_1_0|         array|
|FFT_DIT_spatial_unroll_CY_stream_vector_stream_vector_complex_float_8ul_0_stream_vector_complex_float_8ul_0_data_4_1_0_we0       |  out|    1|   ap_memory|  FFT_DIT_spatial_unroll_CY_stream_vector_stream_vector_complex_float_8ul_0_stream_vector_complex_float_8ul_0_data_4_1_0|         array|
|FFT_DIT_spatial_unroll_CY_stream_vector_stream_vector_complex_float_8ul_0_stream_vector_complex_float_8ul_0_data_4_1_0_d0        |  out|   32|   ap_memory|  FFT_DIT_spatial_unroll_CY_stream_vector_stream_vector_complex_float_8ul_0_stream_vector_complex_float_8ul_0_data_4_1_0|         array|
|FFT_DIT_spatial_unroll_CY_stream_vector_stream_vector_complex_float_8ul_0_stream_vector_complex_float_8ul_0_data_4_1_0_address1  |  out|    6|   ap_memory|  FFT_DIT_spatial_unroll_CY_stream_vector_stream_vector_complex_float_8ul_0_stream_vector_complex_float_8ul_0_data_4_1_0|         array|
|FFT_DIT_spatial_unroll_CY_stream_vector_stream_vector_complex_float_8ul_0_stream_vector_complex_float_8ul_0_data_4_1_0_ce1       |  out|    1|   ap_memory|  FFT_DIT_spatial_unroll_CY_stream_vector_stream_vector_complex_float_8ul_0_stream_vector_complex_float_8ul_0_data_4_1_0|         array|
|FFT_DIT_spatial_unroll_CY_stream_vector_stream_vector_complex_float_8ul_0_stream_vector_complex_float_8ul_0_data_4_1_0_we1       |  out|    1|   ap_memory|  FFT_DIT_spatial_unroll_CY_stream_vector_stream_vector_complex_float_8ul_0_stream_vector_complex_float_8ul_0_data_4_1_0|         array|
|FFT_DIT_spatial_unroll_CY_stream_vector_stream_vector_complex_float_8ul_0_stream_vector_complex_float_8ul_0_data_4_1_0_d1        |  out|   32|   ap_memory|  FFT_DIT_spatial_unroll_CY_stream_vector_stream_vector_complex_float_8ul_0_stream_vector_complex_float_8ul_0_data_4_1_0|         array|
|FFT_DIT_spatial_unroll_CY_stream_vector_stream_vector_complex_float_8ul_0_stream_vector_complex_float_8ul_0_data_4_1_1_address0  |  out|    6|   ap_memory|  FFT_DIT_spatial_unroll_CY_stream_vector_stream_vector_complex_float_8ul_0_stream_vector_complex_float_8ul_0_data_4_1_1|         array|
|FFT_DIT_spatial_unroll_CY_stream_vector_stream_vector_complex_float_8ul_0_stream_vector_complex_float_8ul_0_data_4_1_1_ce0       |  out|    1|   ap_memory|  FFT_DIT_spatial_unroll_CY_stream_vector_stream_vector_complex_float_8ul_0_stream_vector_complex_float_8ul_0_data_4_1_1|         array|
|FFT_DIT_spatial_unroll_CY_stream_vector_stream_vector_complex_float_8ul_0_stream_vector_complex_float_8ul_0_data_4_1_1_we0       |  out|    1|   ap_memory|  FFT_DIT_spatial_unroll_CY_stream_vector_stream_vector_complex_float_8ul_0_stream_vector_complex_float_8ul_0_data_4_1_1|         array|
|FFT_DIT_spatial_unroll_CY_stream_vector_stream_vector_complex_float_8ul_0_stream_vector_complex_float_8ul_0_data_4_1_1_d0        |  out|   32|   ap_memory|  FFT_DIT_spatial_unroll_CY_stream_vector_stream_vector_complex_float_8ul_0_stream_vector_complex_float_8ul_0_data_4_1_1|         array|
|FFT_DIT_spatial_unroll_CY_stream_vector_stream_vector_complex_float_8ul_0_stream_vector_complex_float_8ul_0_data_4_1_1_address1  |  out|    6|   ap_memory|  FFT_DIT_spatial_unroll_CY_stream_vector_stream_vector_complex_float_8ul_0_stream_vector_complex_float_8ul_0_data_4_1_1|         array|
|FFT_DIT_spatial_unroll_CY_stream_vector_stream_vector_complex_float_8ul_0_stream_vector_complex_float_8ul_0_data_4_1_1_ce1       |  out|    1|   ap_memory|  FFT_DIT_spatial_unroll_CY_stream_vector_stream_vector_complex_float_8ul_0_stream_vector_complex_float_8ul_0_data_4_1_1|         array|
|FFT_DIT_spatial_unroll_CY_stream_vector_stream_vector_complex_float_8ul_0_stream_vector_complex_float_8ul_0_data_4_1_1_we1       |  out|    1|   ap_memory|  FFT_DIT_spatial_unroll_CY_stream_vector_stream_vector_complex_float_8ul_0_stream_vector_complex_float_8ul_0_data_4_1_1|         array|
|FFT_DIT_spatial_unroll_CY_stream_vector_stream_vector_complex_float_8ul_0_stream_vector_complex_float_8ul_0_data_4_1_1_d1        |  out|   32|   ap_memory|  FFT_DIT_spatial_unroll_CY_stream_vector_stream_vector_complex_float_8ul_0_stream_vector_complex_float_8ul_0_data_4_1_1|         array|
|FFT_DIT_spatial_unroll_CY_stream_vector_stream_vector_complex_float_8ul_0_stream_vector_complex_float_8ul_0_data_4_1_2_address0  |  out|    6|   ap_memory|  FFT_DIT_spatial_unroll_CY_stream_vector_stream_vector_complex_float_8ul_0_stream_vector_complex_float_8ul_0_data_4_1_2|         array|
|FFT_DIT_spatial_unroll_CY_stream_vector_stream_vector_complex_float_8ul_0_stream_vector_complex_float_8ul_0_data_4_1_2_ce0       |  out|    1|   ap_memory|  FFT_DIT_spatial_unroll_CY_stream_vector_stream_vector_complex_float_8ul_0_stream_vector_complex_float_8ul_0_data_4_1_2|         array|
|FFT_DIT_spatial_unroll_CY_stream_vector_stream_vector_complex_float_8ul_0_stream_vector_complex_float_8ul_0_data_4_1_2_we0       |  out|    1|   ap_memory|  FFT_DIT_spatial_unroll_CY_stream_vector_stream_vector_complex_float_8ul_0_stream_vector_complex_float_8ul_0_data_4_1_2|         array|
|FFT_DIT_spatial_unroll_CY_stream_vector_stream_vector_complex_float_8ul_0_stream_vector_complex_float_8ul_0_data_4_1_2_d0        |  out|   32|   ap_memory|  FFT_DIT_spatial_unroll_CY_stream_vector_stream_vector_complex_float_8ul_0_stream_vector_complex_float_8ul_0_data_4_1_2|         array|
|FFT_DIT_spatial_unroll_CY_stream_vector_stream_vector_complex_float_8ul_0_stream_vector_complex_float_8ul_0_data_4_1_2_address1  |  out|    6|   ap_memory|  FFT_DIT_spatial_unroll_CY_stream_vector_stream_vector_complex_float_8ul_0_stream_vector_complex_float_8ul_0_data_4_1_2|         array|
|FFT_DIT_spatial_unroll_CY_stream_vector_stream_vector_complex_float_8ul_0_stream_vector_complex_float_8ul_0_data_4_1_2_ce1       |  out|    1|   ap_memory|  FFT_DIT_spatial_unroll_CY_stream_vector_stream_vector_complex_float_8ul_0_stream_vector_complex_float_8ul_0_data_4_1_2|         array|
|FFT_DIT_spatial_unroll_CY_stream_vector_stream_vector_complex_float_8ul_0_stream_vector_complex_float_8ul_0_data_4_1_2_we1       |  out|    1|   ap_memory|  FFT_DIT_spatial_unroll_CY_stream_vector_stream_vector_complex_float_8ul_0_stream_vector_complex_float_8ul_0_data_4_1_2|         array|
|FFT_DIT_spatial_unroll_CY_stream_vector_stream_vector_complex_float_8ul_0_stream_vector_complex_float_8ul_0_data_4_1_2_d1        |  out|   32|   ap_memory|  FFT_DIT_spatial_unroll_CY_stream_vector_stream_vector_complex_float_8ul_0_stream_vector_complex_float_8ul_0_data_4_1_2|         array|
|FFT_DIT_spatial_unroll_CY_stream_vector_stream_vector_complex_float_8ul_0_stream_vector_complex_float_8ul_0_data_4_1_3_address0  |  out|    6|   ap_memory|  FFT_DIT_spatial_unroll_CY_stream_vector_stream_vector_complex_float_8ul_0_stream_vector_complex_float_8ul_0_data_4_1_3|         array|
|FFT_DIT_spatial_unroll_CY_stream_vector_stream_vector_complex_float_8ul_0_stream_vector_complex_float_8ul_0_data_4_1_3_ce0       |  out|    1|   ap_memory|  FFT_DIT_spatial_unroll_CY_stream_vector_stream_vector_complex_float_8ul_0_stream_vector_complex_float_8ul_0_data_4_1_3|         array|
|FFT_DIT_spatial_unroll_CY_stream_vector_stream_vector_complex_float_8ul_0_stream_vector_complex_float_8ul_0_data_4_1_3_we0       |  out|    1|   ap_memory|  FFT_DIT_spatial_unroll_CY_stream_vector_stream_vector_complex_float_8ul_0_stream_vector_complex_float_8ul_0_data_4_1_3|         array|
|FFT_DIT_spatial_unroll_CY_stream_vector_stream_vector_complex_float_8ul_0_stream_vector_complex_float_8ul_0_data_4_1_3_d0        |  out|   32|   ap_memory|  FFT_DIT_spatial_unroll_CY_stream_vector_stream_vector_complex_float_8ul_0_stream_vector_complex_float_8ul_0_data_4_1_3|         array|
|FFT_DIT_spatial_unroll_CY_stream_vector_stream_vector_complex_float_8ul_0_stream_vector_complex_float_8ul_0_data_4_1_3_address1  |  out|    6|   ap_memory|  FFT_DIT_spatial_unroll_CY_stream_vector_stream_vector_complex_float_8ul_0_stream_vector_complex_float_8ul_0_data_4_1_3|         array|
|FFT_DIT_spatial_unroll_CY_stream_vector_stream_vector_complex_float_8ul_0_stream_vector_complex_float_8ul_0_data_4_1_3_ce1       |  out|    1|   ap_memory|  FFT_DIT_spatial_unroll_CY_stream_vector_stream_vector_complex_float_8ul_0_stream_vector_complex_float_8ul_0_data_4_1_3|         array|
|FFT_DIT_spatial_unroll_CY_stream_vector_stream_vector_complex_float_8ul_0_stream_vector_complex_float_8ul_0_data_4_1_3_we1       |  out|    1|   ap_memory|  FFT_DIT_spatial_unroll_CY_stream_vector_stream_vector_complex_float_8ul_0_stream_vector_complex_float_8ul_0_data_4_1_3|         array|
|FFT_DIT_spatial_unroll_CY_stream_vector_stream_vector_complex_float_8ul_0_stream_vector_complex_float_8ul_0_data_4_1_3_d1        |  out|   32|   ap_memory|  FFT_DIT_spatial_unroll_CY_stream_vector_stream_vector_complex_float_8ul_0_stream_vector_complex_float_8ul_0_data_4_1_3|         array|
|FFT_DIT_spatial_unroll_CY_stream_vector_stream_stream_vector_0_data_3_0_1_address0                                               |  out|    6|   ap_memory|                                               FFT_DIT_spatial_unroll_CY_stream_vector_stream_stream_vector_0_data_3_0_1|         array|
|FFT_DIT_spatial_unroll_CY_stream_vector_stream_stream_vector_0_data_3_0_1_ce0                                                    |  out|    1|   ap_memory|                                               FFT_DIT_spatial_unroll_CY_stream_vector_stream_stream_vector_0_data_3_0_1|         array|
|FFT_DIT_spatial_unroll_CY_stream_vector_stream_stream_vector_0_data_3_0_1_q0                                                     |   in|   32|   ap_memory|                                               FFT_DIT_spatial_unroll_CY_stream_vector_stream_stream_vector_0_data_3_0_1|         array|
|FFT_DIT_spatial_unroll_CY_stream_vector_stream_stream_vector_0_data_3_0_1_address1                                               |  out|    6|   ap_memory|                                               FFT_DIT_spatial_unroll_CY_stream_vector_stream_stream_vector_0_data_3_0_1|         array|
|FFT_DIT_spatial_unroll_CY_stream_vector_stream_stream_vector_0_data_3_0_1_ce1                                                    |  out|    1|   ap_memory|                                               FFT_DIT_spatial_unroll_CY_stream_vector_stream_stream_vector_0_data_3_0_1|         array|
|FFT_DIT_spatial_unroll_CY_stream_vector_stream_stream_vector_0_data_3_0_1_q1                                                     |   in|   32|   ap_memory|                                               FFT_DIT_spatial_unroll_CY_stream_vector_stream_stream_vector_0_data_3_0_1|         array|
|FFT_DIT_spatial_unroll_CY_stream_vector_stream_stream_vector_0_data_3_0_2_address0                                               |  out|    6|   ap_memory|                                               FFT_DIT_spatial_unroll_CY_stream_vector_stream_stream_vector_0_data_3_0_2|         array|
|FFT_DIT_spatial_unroll_CY_stream_vector_stream_stream_vector_0_data_3_0_2_ce0                                                    |  out|    1|   ap_memory|                                               FFT_DIT_spatial_unroll_CY_stream_vector_stream_stream_vector_0_data_3_0_2|         array|
|FFT_DIT_spatial_unroll_CY_stream_vector_stream_stream_vector_0_data_3_0_2_q0                                                     |   in|   32|   ap_memory|                                               FFT_DIT_spatial_unroll_CY_stream_vector_stream_stream_vector_0_data_3_0_2|         array|
|FFT_DIT_spatial_unroll_CY_stream_vector_stream_stream_vector_0_data_3_0_2_address1                                               |  out|    6|   ap_memory|                                               FFT_DIT_spatial_unroll_CY_stream_vector_stream_stream_vector_0_data_3_0_2|         array|
|FFT_DIT_spatial_unroll_CY_stream_vector_stream_stream_vector_0_data_3_0_2_ce1                                                    |  out|    1|   ap_memory|                                               FFT_DIT_spatial_unroll_CY_stream_vector_stream_stream_vector_0_data_3_0_2|         array|
|FFT_DIT_spatial_unroll_CY_stream_vector_stream_stream_vector_0_data_3_0_2_q1                                                     |   in|   32|   ap_memory|                                               FFT_DIT_spatial_unroll_CY_stream_vector_stream_stream_vector_0_data_3_0_2|         array|
|FFT_DIT_spatial_unroll_CY_stream_vector_stream_stream_vector_0_data_3_0_3_address0                                               |  out|    6|   ap_memory|                                               FFT_DIT_spatial_unroll_CY_stream_vector_stream_stream_vector_0_data_3_0_3|         array|
|FFT_DIT_spatial_unroll_CY_stream_vector_stream_stream_vector_0_data_3_0_3_ce0                                                    |  out|    1|   ap_memory|                                               FFT_DIT_spatial_unroll_CY_stream_vector_stream_stream_vector_0_data_3_0_3|         array|
|FFT_DIT_spatial_unroll_CY_stream_vector_stream_stream_vector_0_data_3_0_3_q0                                                     |   in|   32|   ap_memory|                                               FFT_DIT_spatial_unroll_CY_stream_vector_stream_stream_vector_0_data_3_0_3|         array|
|FFT_DIT_spatial_unroll_CY_stream_vector_stream_stream_vector_0_data_3_0_3_address1                                               |  out|    6|   ap_memory|                                               FFT_DIT_spatial_unroll_CY_stream_vector_stream_stream_vector_0_data_3_0_3|         array|
|FFT_DIT_spatial_unroll_CY_stream_vector_stream_stream_vector_0_data_3_0_3_ce1                                                    |  out|    1|   ap_memory|                                               FFT_DIT_spatial_unroll_CY_stream_vector_stream_stream_vector_0_data_3_0_3|         array|
|FFT_DIT_spatial_unroll_CY_stream_vector_stream_stream_vector_0_data_3_0_3_q1                                                     |   in|   32|   ap_memory|                                               FFT_DIT_spatial_unroll_CY_stream_vector_stream_stream_vector_0_data_3_0_3|         array|
|FFT_DIT_spatial_unroll_CY_stream_vector_stream_stream_vector_0_data_3_1_1_address0                                               |  out|    6|   ap_memory|                                               FFT_DIT_spatial_unroll_CY_stream_vector_stream_stream_vector_0_data_3_1_1|         array|
|FFT_DIT_spatial_unroll_CY_stream_vector_stream_stream_vector_0_data_3_1_1_ce0                                                    |  out|    1|   ap_memory|                                               FFT_DIT_spatial_unroll_CY_stream_vector_stream_stream_vector_0_data_3_1_1|         array|
|FFT_DIT_spatial_unroll_CY_stream_vector_stream_stream_vector_0_data_3_1_1_q0                                                     |   in|   32|   ap_memory|                                               FFT_DIT_spatial_unroll_CY_stream_vector_stream_stream_vector_0_data_3_1_1|         array|
|FFT_DIT_spatial_unroll_CY_stream_vector_stream_stream_vector_0_data_3_1_1_address1                                               |  out|    6|   ap_memory|                                               FFT_DIT_spatial_unroll_CY_stream_vector_stream_stream_vector_0_data_3_1_1|         array|
|FFT_DIT_spatial_unroll_CY_stream_vector_stream_stream_vector_0_data_3_1_1_ce1                                                    |  out|    1|   ap_memory|                                               FFT_DIT_spatial_unroll_CY_stream_vector_stream_stream_vector_0_data_3_1_1|         array|
|FFT_DIT_spatial_unroll_CY_stream_vector_stream_stream_vector_0_data_3_1_1_q1                                                     |   in|   32|   ap_memory|                                               FFT_DIT_spatial_unroll_CY_stream_vector_stream_stream_vector_0_data_3_1_1|         array|
|FFT_DIT_spatial_unroll_CY_stream_vector_stream_stream_vector_0_data_3_1_2_address0                                               |  out|    6|   ap_memory|                                               FFT_DIT_spatial_unroll_CY_stream_vector_stream_stream_vector_0_data_3_1_2|         array|
|FFT_DIT_spatial_unroll_CY_stream_vector_stream_stream_vector_0_data_3_1_2_ce0                                                    |  out|    1|   ap_memory|                                               FFT_DIT_spatial_unroll_CY_stream_vector_stream_stream_vector_0_data_3_1_2|         array|
|FFT_DIT_spatial_unroll_CY_stream_vector_stream_stream_vector_0_data_3_1_2_q0                                                     |   in|   32|   ap_memory|                                               FFT_DIT_spatial_unroll_CY_stream_vector_stream_stream_vector_0_data_3_1_2|         array|
|FFT_DIT_spatial_unroll_CY_stream_vector_stream_stream_vector_0_data_3_1_2_address1                                               |  out|    6|   ap_memory|                                               FFT_DIT_spatial_unroll_CY_stream_vector_stream_stream_vector_0_data_3_1_2|         array|
|FFT_DIT_spatial_unroll_CY_stream_vector_stream_stream_vector_0_data_3_1_2_ce1                                                    |  out|    1|   ap_memory|                                               FFT_DIT_spatial_unroll_CY_stream_vector_stream_stream_vector_0_data_3_1_2|         array|
|FFT_DIT_spatial_unroll_CY_stream_vector_stream_stream_vector_0_data_3_1_2_q1                                                     |   in|   32|   ap_memory|                                               FFT_DIT_spatial_unroll_CY_stream_vector_stream_stream_vector_0_data_3_1_2|         array|
|FFT_DIT_spatial_unroll_CY_stream_vector_stream_stream_vector_0_data_3_1_3_address0                                               |  out|    6|   ap_memory|                                               FFT_DIT_spatial_unroll_CY_stream_vector_stream_stream_vector_0_data_3_1_3|         array|
|FFT_DIT_spatial_unroll_CY_stream_vector_stream_stream_vector_0_data_3_1_3_ce0                                                    |  out|    1|   ap_memory|                                               FFT_DIT_spatial_unroll_CY_stream_vector_stream_stream_vector_0_data_3_1_3|         array|
|FFT_DIT_spatial_unroll_CY_stream_vector_stream_stream_vector_0_data_3_1_3_q0                                                     |   in|   32|   ap_memory|                                               FFT_DIT_spatial_unroll_CY_stream_vector_stream_stream_vector_0_data_3_1_3|         array|
|FFT_DIT_spatial_unroll_CY_stream_vector_stream_stream_vector_0_data_3_1_3_address1                                               |  out|    6|   ap_memory|                                               FFT_DIT_spatial_unroll_CY_stream_vector_stream_stream_vector_0_data_3_1_3|         array|
|FFT_DIT_spatial_unroll_CY_stream_vector_stream_stream_vector_0_data_3_1_3_ce1                                                    |  out|    1|   ap_memory|                                               FFT_DIT_spatial_unroll_CY_stream_vector_stream_stream_vector_0_data_3_1_3|         array|
|FFT_DIT_spatial_unroll_CY_stream_vector_stream_stream_vector_0_data_3_1_3_q1                                                     |   in|   32|   ap_memory|                                               FFT_DIT_spatial_unroll_CY_stream_vector_stream_stream_vector_0_data_3_1_3|         array|
|FFT_DIT_spatial_unroll_CY_stream_vector_stream_stream_vector_0_data_3_0_0_address0                                               |  out|    6|   ap_memory|                                               FFT_DIT_spatial_unroll_CY_stream_vector_stream_stream_vector_0_data_3_0_0|         array|
|FFT_DIT_spatial_unroll_CY_stream_vector_stream_stream_vector_0_data_3_0_0_ce0                                                    |  out|    1|   ap_memory|                                               FFT_DIT_spatial_unroll_CY_stream_vector_stream_stream_vector_0_data_3_0_0|         array|
|FFT_DIT_spatial_unroll_CY_stream_vector_stream_stream_vector_0_data_3_0_0_q0                                                     |   in|   32|   ap_memory|                                               FFT_DIT_spatial_unroll_CY_stream_vector_stream_stream_vector_0_data_3_0_0|         array|
|FFT_DIT_spatial_unroll_CY_stream_vector_stream_stream_vector_0_data_3_0_0_address1                                               |  out|    6|   ap_memory|                                               FFT_DIT_spatial_unroll_CY_stream_vector_stream_stream_vector_0_data_3_0_0|         array|
|FFT_DIT_spatial_unroll_CY_stream_vector_stream_stream_vector_0_data_3_0_0_ce1                                                    |  out|    1|   ap_memory|                                               FFT_DIT_spatial_unroll_CY_stream_vector_stream_stream_vector_0_data_3_0_0|         array|
|FFT_DIT_spatial_unroll_CY_stream_vector_stream_stream_vector_0_data_3_0_0_q1                                                     |   in|   32|   ap_memory|                                               FFT_DIT_spatial_unroll_CY_stream_vector_stream_stream_vector_0_data_3_0_0|         array|
|FFT_DIT_spatial_unroll_CY_stream_vector_stream_stream_vector_0_data_3_1_0_address0                                               |  out|    6|   ap_memory|                                               FFT_DIT_spatial_unroll_CY_stream_vector_stream_stream_vector_0_data_3_1_0|         array|
|FFT_DIT_spatial_unroll_CY_stream_vector_stream_stream_vector_0_data_3_1_0_ce0                                                    |  out|    1|   ap_memory|                                               FFT_DIT_spatial_unroll_CY_stream_vector_stream_stream_vector_0_data_3_1_0|         array|
|FFT_DIT_spatial_unroll_CY_stream_vector_stream_stream_vector_0_data_3_1_0_q0                                                     |   in|   32|   ap_memory|                                               FFT_DIT_spatial_unroll_CY_stream_vector_stream_stream_vector_0_data_3_1_0|         array|
|FFT_DIT_spatial_unroll_CY_stream_vector_stream_stream_vector_0_data_3_1_0_address1                                               |  out|    6|   ap_memory|                                               FFT_DIT_spatial_unroll_CY_stream_vector_stream_stream_vector_0_data_3_1_0|         array|
|FFT_DIT_spatial_unroll_CY_stream_vector_stream_stream_vector_0_data_3_1_0_ce1                                                    |  out|    1|   ap_memory|                                               FFT_DIT_spatial_unroll_CY_stream_vector_stream_stream_vector_0_data_3_1_0|         array|
|FFT_DIT_spatial_unroll_CY_stream_vector_stream_stream_vector_0_data_3_1_0_q1                                                     |   in|   32|   ap_memory|                                               FFT_DIT_spatial_unroll_CY_stream_vector_stream_stream_vector_0_data_3_1_0|         array|
+---------------------------------------------------------------------------------------------------------------------------------+-----+-----+------------+------------------------------------------------------------------------------------------------------------------------+--------------+

