

================================================================
== Vitis HLS Report for 'FFT_TOP'
================================================================
* Date:           Wed Apr  2 21:41:39 2025

* Version:        2024.2 (Build 5238294 on Nov  8 2024)
* Project:        build
* Solution:       FFT_250MHz (Vivado IP Flow Target)
* Product family: versalpremium
* Target device:  xcvp1802-lsvc4072-3HP-e-S


================================================================
== Performance Estimates
================================================================
+ Timing: 
    * Summary: 
    +--------+---------+----------+------------+
    |  Clock |  Target | Estimated| Uncertainty|
    +--------+---------+----------+------------+
    |ap_clk  |  4.00 ns|  2.908 ns|     1.08 ns|
    +--------+---------+----------+------------+

+ Latency: 
    * Summary: 
    +---------+---------+----------+----------+-----+-----+----------+
    |  Latency (cycles) |  Latency (absolute) |  Interval | Pipeline |
    |   min   |   max   |    min   |    max   | min | max |   Type   |
    +---------+---------+----------+----------+-----+-----+----------+
    |      397|      397|  1.588 us|  1.588 us|   32|   32|  dataflow|
    +---------+---------+----------+----------+-----+-----+----------+

    + Detail: 
        * Instance: 
        +--------------------------------------------+-----------------------------------------+---------+---------+----------+----------+-----+-----+----------+
        |                                            |                                         |  Latency (cycles) |  Latency (absolute) |  Interval | Pipeline |
        |                  Instance                  |                  Module                 |   min   |   max   |    min   |    max   | min | max |   Type   |
        +--------------------------------------------+-----------------------------------------+---------+---------+----------+----------+-----+-----+----------+
        |FFT_DIT_spatial_unroll_CY_stream_vector_U0  |FFT_DIT_spatial_unroll_CY_stream_vector  |      397|      397|  1.588 us|  1.588 us|   32|   32|  dataflow|
        +--------------------------------------------+-----------------------------------------+---------+---------+----------+----------+-----+-----+----------+

        * Loop: 
        N/A



================================================================
== Utilization Estimates
================================================================
* Summary: 
+---------------------+---------+-------+---------+---------+------+
|         Name        | BRAM_18K|  DSP  |    FF   |   LUT   | URAM |
+---------------------+---------+-------+---------+---------+------+
|DSP                  |        -|      -|        -|        -|     -|
|Expression           |        -|      -|        -|        -|     -|
|FIFO                 |        -|      -|        -|        -|     -|
|Instance             |        0|     86|    77768|    83123|     0|
|Memory               |        -|      -|        -|        -|     -|
|Multiplexer          |        -|      -|        -|        -|     -|
|Register             |        -|      -|        -|        -|     -|
+---------------------+---------+-------+---------+---------+------+
|Total                |        0|     86|    77768|    83123|     0|
+---------------------+---------+-------+---------+---------+------+
|Available SLR        |     2470|   3588|  1680448|   840224|   637|
+---------------------+---------+-------+---------+---------+------+
|Utilization SLR (%)  |        0|      2|        4|        9|     0|
+---------------------+---------+-------+---------+---------+------+
|Available            |     9882|  14352|  6721792|  3360896|  2549|
+---------------------+---------+-------+---------+---------+------+
|Utilization (%)      |        0|     ~0|        1|        2|     0|
+---------------------+---------+-------+---------+---------+------+

+ Detail: 
    * Instance: 
    +--------------------------------------------+-----------------------------------------+---------+----+-------+-------+-----+
    |                  Instance                  |                  Module                 | BRAM_18K| DSP|   FF  |  LUT  | URAM|
    +--------------------------------------------+-----------------------------------------+---------+----+-------+-------+-----+
    |FFT_DIT_spatial_unroll_CY_stream_vector_U0  |FFT_DIT_spatial_unroll_CY_stream_vector  |        0|  86|  77768|  83123|    0|
    +--------------------------------------------+-----------------------------------------+---------+----+-------+-------+-----+
    |Total                                       |                                         |        0|  86|  77768|  83123|    0|
    +--------------------------------------------+-----------------------------------------+---------+----+-------+-------+-----+

    * DSP: 
    N/A

    * Memory: 
    N/A

    * FIFO: 
    N/A

    * Expression: 
    N/A

    * Multiplexer: 
    N/A

    * Register: 
    N/A



================================================================
== Interface
================================================================
* Summary: 
+--------------+-----+-----+------------+--------------+--------------+
|   RTL Ports  | Dir | Bits|  Protocol  | Source Object|    C Type    |
+--------------+-----+-----+------------+--------------+--------------+
|in_r_dout     |   in|  512|     ap_fifo|          in_r|       pointer|
|in_r_empty_n  |   in|    1|     ap_fifo|          in_r|       pointer|
|in_r_read     |  out|    1|     ap_fifo|          in_r|       pointer|
|out_r_din     |  out|  512|     ap_fifo|         out_r|       pointer|
|out_r_full_n  |   in|    1|     ap_fifo|         out_r|       pointer|
|out_r_write   |  out|    1|     ap_fifo|         out_r|       pointer|
|ap_clk        |   in|    1|  ap_ctrl_hs|       FFT_TOP|  return value|
|ap_rst        |   in|    1|  ap_ctrl_hs|       FFT_TOP|  return value|
|ap_start      |   in|    1|  ap_ctrl_hs|       FFT_TOP|  return value|
|ap_done       |  out|    1|  ap_ctrl_hs|       FFT_TOP|  return value|
|ap_ready      |  out|    1|  ap_ctrl_hs|       FFT_TOP|  return value|
|ap_idle       |  out|    1|  ap_ctrl_hs|       FFT_TOP|  return value|
+--------------+-----+-----+------------+--------------+--------------+

