

================================================================
== Vitis HLS Report for 'FFT_stage_spatial_unroll_4_s'
================================================================
* Date:           Wed Apr  2 21:41:34 2025

* Version:        2024.2 (Build 5238294 on Nov  8 2024)
* Project:        build
* Solution:       FFT_250MHz (Vivado IP Flow Target)
* Product family: versalpremium
* Target device:  xcvp1802-lsvc4072-3HP-e-S


================================================================
== Performance Estimates
================================================================
+ Timing: 
    * Summary: 
    +--------+---------+----------+------------+
    |  Clock |  Target | Estimated| Uncertainty|
    +--------+---------+----------+------------+
    |ap_clk  |  4.00 ns|  2.885 ns|     1.08 ns|
    +--------+---------+----------+------------+

+ Latency: 
    * Summary: 
    +---------+---------+----------+----------+-----+-----+------------------------------------------------+
    |  Latency (cycles) |  Latency (absolute) |  Interval |                    Pipeline                    |
    |   min   |   max   |    min   |    max   | min | max |                      Type                      |
    +---------+---------+----------+----------+-----+-----+------------------------------------------------+
    |       43|       43|  0.172 us|  0.172 us|   33|   33|  loop auto-rewind stp (delay=1 clock cycles(s))|
    +---------+---------+----------+----------+-----+-----+------------------------------------------------+

    + Detail: 
        * Instance: 
        N/A

        * Loop: 
        +----------------------------+---------+---------+----------+-----------+-----------+------+----------+
        |                            |  Latency (cycles) | Iteration|  Initiation Interval  | Trip |          |
        |          Loop Name         |   min   |   max   |  Latency |  achieved |   target  | Count| Pipelined|
        +----------------------------+---------+---------+----------+-----------+-----------+------+----------+
        |- R_Pair_loop_R_Group_loop  |       41|       41|        11|          1|          1|    32|       yes|
        +----------------------------+---------+---------+----------+-----------+-----------+------+----------+



================================================================
== Utilization Estimates
================================================================
* Summary: 
+---------------------+---------+-------+---------+---------+------+
|         Name        | BRAM_18K|  DSP  |    FF   |   LUT   | URAM |
+---------------------+---------+-------+---------+---------+------+
|DSP                  |        -|      -|        -|        -|     -|
|Expression           |        -|      -|        0|      697|     -|
|FIFO                 |        -|      -|        -|        -|     -|
|Instance             |        -|     16|     2352|     5704|     -|
|Memory               |        -|      -|        -|        -|     -|
|Multiplexer          |        -|      -|        0|      824|     -|
|Register             |        -|      -|     4398|      385|     -|
+---------------------+---------+-------+---------+---------+------+
|Total                |        0|     16|     6750|     7610|     0|
+---------------------+---------+-------+---------+---------+------+
|Available SLR        |     2470|   3588|  1680448|   840224|   637|
+---------------------+---------+-------+---------+---------+------+
|Utilization SLR (%)  |        0|     ~0|       ~0|       ~0|     0|
+---------------------+---------+-------+---------+---------+------+
|Available            |     9882|  14352|  6721792|  3360896|  2549|
+---------------------+---------+-------+---------+---------+------+
|Utilization (%)      |        0|     ~0|       ~0|       ~0|     0|
+---------------------+---------+-------+---------+---------+------+

+ Detail: 
    * Instance: 
    +-------------------------------------------------------+--------------------------------------------------+---------+----+-----+-----+-----+
    |                        Instance                       |                      Module                      | BRAM_18K| DSP|  FF | LUT | URAM|
    +-------------------------------------------------------+--------------------------------------------------+---------+----+-----+-----+-----+
    |fadd_32ns_32ns_32_4_no_dsp_1_U117                      |fadd_32ns_32ns_32_4_no_dsp_1                      |        0|   0|  147|  356|    0|
    |fadd_32ns_32ns_32_4_no_dsp_1_U118                      |fadd_32ns_32ns_32_4_no_dsp_1                      |        0|   0|  147|  356|    0|
    |fadd_32ns_32ns_32_4_no_dsp_1_U121                      |fadd_32ns_32ns_32_4_no_dsp_1                      |        0|   0|  147|  356|    0|
    |fadd_32ns_32ns_32_4_no_dsp_1_U122                      |fadd_32ns_32ns_32_4_no_dsp_1                      |        0|   0|  147|  356|    0|
    |fadd_32ns_32ns_32_4_no_dsp_1_U125                      |fadd_32ns_32ns_32_4_no_dsp_1                      |        0|   0|  147|  356|    0|
    |fadd_32ns_32ns_32_4_no_dsp_1_U126                      |fadd_32ns_32ns_32_4_no_dsp_1                      |        0|   0|  147|  356|    0|
    |fadd_32ns_32ns_32_4_no_dsp_1_U129                      |fadd_32ns_32ns_32_4_no_dsp_1                      |        0|   0|  147|  356|    0|
    |fadd_32ns_32ns_32_4_no_dsp_1_U130                      |fadd_32ns_32ns_32_4_no_dsp_1                      |        0|   0|  147|  356|    0|
    |fmadd_32ns_32ns_32ns_32ns_32_1_primitive_dsp_1_x_U141  |fmadd_32ns_32ns_32ns_32ns_32_1_primitive_dsp_1_x  |        0|   1|    0|    1|    0|
    |fmadd_32ns_32ns_32ns_32ns_32_1_primitive_dsp_1_x_U142  |fmadd_32ns_32ns_32ns_32ns_32_1_primitive_dsp_1_x  |        0|   1|    0|    1|    0|
    |fmadd_32ns_32ns_32ns_32ns_32_1_primitive_dsp_1_x_U143  |fmadd_32ns_32ns_32ns_32ns_32_1_primitive_dsp_1_x  |        0|   1|    0|    1|    0|
    |fmadd_32ns_32ns_32ns_32ns_32_1_primitive_dsp_1_x_U144  |fmadd_32ns_32ns_32ns_32ns_32_1_primitive_dsp_1_x  |        0|   1|    0|    1|    0|
    |fmsub_32ns_32ns_32ns_32ns_32_1_primitive_dsp_1_x_U145  |fmsub_32ns_32ns_32ns_32ns_32_1_primitive_dsp_1_x  |        0|   1|    0|    1|    0|
    |fmsub_32ns_32ns_32ns_32ns_32_1_primitive_dsp_1_x_U146  |fmsub_32ns_32ns_32ns_32ns_32_1_primitive_dsp_1_x  |        0|   1|    0|    1|    0|
    |fmsub_32ns_32ns_32ns_32ns_32_1_primitive_dsp_1_x_U147  |fmsub_32ns_32ns_32ns_32ns_32_1_primitive_dsp_1_x  |        0|   1|    0|    1|    0|
    |fmsub_32ns_32ns_32ns_32ns_32_1_primitive_dsp_1_x_U148  |fmsub_32ns_32ns_32ns_32ns_32_1_primitive_dsp_1_x  |        0|   1|    0|    1|    0|
    |fmul_32ns_32ns_32_1_primitive_dsp_1_U133               |fmul_32ns_32ns_32_1_primitive_dsp_1               |        0|   1|    0|    0|    0|
    |fmul_32ns_32ns_32_1_primitive_dsp_1_U134               |fmul_32ns_32ns_32_1_primitive_dsp_1               |        0|   1|    0|    0|    0|
    |fmul_32ns_32ns_32_1_primitive_dsp_1_U135               |fmul_32ns_32ns_32_1_primitive_dsp_1               |        0|   1|    0|    0|    0|
    |fmul_32ns_32ns_32_1_primitive_dsp_1_U136               |fmul_32ns_32ns_32_1_primitive_dsp_1               |        0|   1|    0|    0|    0|
    |fmul_32ns_32ns_32_1_primitive_dsp_1_U137               |fmul_32ns_32ns_32_1_primitive_dsp_1               |        0|   1|    0|    0|    0|
    |fmul_32ns_32ns_32_1_primitive_dsp_1_U138               |fmul_32ns_32ns_32_1_primitive_dsp_1               |        0|   1|    0|    0|    0|
    |fmul_32ns_32ns_32_1_primitive_dsp_1_U139               |fmul_32ns_32ns_32_1_primitive_dsp_1               |        0|   1|    0|    0|    0|
    |fmul_32ns_32ns_32_1_primitive_dsp_1_U140               |fmul_32ns_32ns_32_1_primitive_dsp_1               |        0|   1|    0|    0|    0|
    |fsub_32ns_32ns_32_4_no_dsp_1_U119                      |fsub_32ns_32ns_32_4_no_dsp_1                      |        0|   0|  147|  356|    0|
    |fsub_32ns_32ns_32_4_no_dsp_1_U120                      |fsub_32ns_32ns_32_4_no_dsp_1                      |        0|   0|  147|  356|    0|
    |fsub_32ns_32ns_32_4_no_dsp_1_U123                      |fsub_32ns_32ns_32_4_no_dsp_1                      |        0|   0|  147|  356|    0|
    |fsub_32ns_32ns_32_4_no_dsp_1_U124                      |fsub_32ns_32ns_32_4_no_dsp_1                      |        0|   0|  147|  356|    0|
    |fsub_32ns_32ns_32_4_no_dsp_1_U127                      |fsub_32ns_32ns_32_4_no_dsp_1                      |        0|   0|  147|  356|    0|
    |fsub_32ns_32ns_32_4_no_dsp_1_U128                      |fsub_32ns_32ns_32_4_no_dsp_1                      |        0|   0|  147|  356|    0|
    |fsub_32ns_32ns_32_4_no_dsp_1_U131                      |fsub_32ns_32ns_32_4_no_dsp_1                      |        0|   0|  147|  356|    0|
    |fsub_32ns_32ns_32_4_no_dsp_1_U132                      |fsub_32ns_32ns_32_4_no_dsp_1                      |        0|   0|  147|  356|    0|
    +-------------------------------------------------------+--------------------------------------------------+---------+----+-----+-----+-----+
    |Total                                                  |                                                  |        0|  16| 2352| 5704|    0|
    +-------------------------------------------------------+--------------------------------------------------+---------+----+-----+-----+-----+

    * DSP: 
    N/A

    * Memory: 
    N/A

    * FIFO: 
    N/A

    * Expression: 
    +---------------------------+----------+----+---+----+------------+------------+
    |       Variable Name       | Operation| DSP| FF| LUT| Bitwidth P0| Bitwidth P1|
    +---------------------------+----------+----+---+----+------------+------------+
    |add_ln368_4_fu_1046_p2     |         +|   0|  0|   6|           5|           1|
    |add_ln368_fu_1330_p2       |         +|   0|  0|   9|           9|           5|
    |k_fu_1310_p2               |         +|   0|  0|   6|           4|           3|
    |ap_condition_1609          |       and|   0|  0|   2|           1|           1|
    |ap_condition_450           |       and|   0|  0|   2|           1|           1|
    |ap_condition_711           |       and|   0|  0|   2|           1|           1|
    |empty_fu_1068_p2           |      icmp|   0|  0|   2|           4|           3|
    |icmp_ln10_1_fu_1216_p2     |      icmp|   0|  0|   1|           3|           3|
    |icmp_ln10_2_fu_1477_p2     |      icmp|   0|  0|   1|           3|           3|
    |icmp_ln10_3_fu_1499_p2     |      icmp|   0|  0|   1|           3|           2|
    |icmp_ln10_fu_1376_p2       |      icmp|   0|  0|   1|           3|           1|
    |icmp_ln368_fu_1336_p2      |      icmp|   0|  0|   2|           5|           2|
    |ap_block_pp0_stage0_11001  |        or|   0|  0|   2|           1|           1|
    |a_fu_1397_p3               |    select|   0|  0|  28|           1|          32|
    |c_fu_1362_p3               |    select|   0|  0|  26|           1|          30|
    |d0_imag_fu_1389_p3         |    select|   0|  0|  28|           1|          32|
    |d0_real_fu_1381_p3         |    select|   0|  0|  28|           1|          32|
    |d1_22_fu_1559_p3           |    select|   0|  0|  28|           1|          32|
    |d1_fu_1513_p3              |    select|   0|  0|  28|           1|          32|
    |d1_real_13_fu_1405_p3      |    select|   0|  0|  28|           1|          32|
    |d_fu_1369_p3               |    select|   0|  0|  29|           1|          32|
    |m_fu_1060_p3               |    select|   0|  0|   7|           1|           9|
    |select_ln10_2_fu_1483_p3   |    select|   0|  0|  28|           1|          32|
    |select_ln10_3_fu_1505_p3   |    select|   0|  0|  28|           1|          32|
    |select_ln10_4_fu_1521_p3   |    select|   0|  0|  28|           1|          32|
    |select_ln10_5_fu_1535_p3   |    select|   0|  0|  28|           1|          32|
    |select_ln10_6_fu_1551_p3   |    select|   0|  0|  28|           1|          32|
    |select_ln10_fu_1463_p3     |    select|   0|  0|  28|           1|          32|
    |select_ln11_2_fu_1491_p3   |    select|   0|  0|  28|           1|          32|
    |select_ln11_4_fu_1528_p3   |    select|   0|  0|  28|           1|          32|
    |select_ln11_5_fu_1543_p3   |    select|   0|  0|  28|           1|          32|
    |select_ln11_fu_1470_p3     |    select|   0|  0|  28|           1|          32|
    |select_ln368_fu_1052_p3    |    select|   0|  0|   4|           1|           4|
    |tw_21_fu_1449_p3           |    select|   0|  0|  28|           1|          32|
    |tw_46_i_fu_1421_p3         |    select|   0|  0|  28|           1|          32|
    |tw_47_i_fu_1442_p3         |    select|   0|  0|  28|           1|          32|
    |tw_48_i_fu_1428_p3         |    select|   0|  0|  28|           1|          32|
    |tw_fu_1435_p3              |    select|   0|  0|  28|           1|          32|
    |ap_enable_pp0              |       xor|   0|  0|   2|           1|           2|
    |xor_ln16_fu_1700_p2        |       xor|   0|  0|   2|           1|           2|
    |xor_ln371_fu_1324_p2       |       xor|   0|  0|   2|           1|           2|
    +---------------------------+----------+----+---+----+------------+------------+
    |Total                      |          |   0|  0| 697|          71|         780|
    +---------------------------+----------+----+---+----+------------+------------+

    * Multiplexer: 
    +-----------------------------------------+----+-----------+-----+-----------+
    |                   Name                  | LUT| Input Size| Bits| Total Bits|
    +-----------------------------------------+----+-----------+-----+-----------+
    |add_ln368290_fu_210                      |  16|          2|    9|         18|
    |ap_done_int                              |   8|          2|    1|          2|
    |ap_loop_exit_ready_pp0_iter10_reg        |   8|          2|    1|          2|
    |ap_phi_mux_d1_imag_14_phi_fu_839_p6      |  32|          2|   32|         64|
    |ap_phi_mux_d1_real_14_phi_fu_827_p6      |  32|          2|   32|         64|
    |ap_phi_mux_icmp_ln371289_phi_fu_817_p4   |   8|          2|    1|          2|
    |ap_phi_reg_pp0_iter2_d1_imag_14_reg_836  |  32|          2|   32|         64|
    |ap_phi_reg_pp0_iter2_d1_real_14_reg_824  |  32|          2|   32|         64|
    |ap_phi_reg_pp0_iter5_d1_imag_14_reg_836  |  32|          2|   32|         64|
    |ap_phi_reg_pp0_iter5_d1_real_14_reg_824  |  32|          2|   32|         64|
    |ap_sig_allocacmp_add_ln368290_load       |  16|          2|    9|         18|
    |ap_sig_allocacmp_indvar_flatten286_load  |   8|          2|    5|         10|
    |ap_sig_allocacmp_k288_load               |   8|          2|    4|          8|
    |ap_sig_allocacmp_m287_load               |  16|          2|    9|         18|
    |grp_fu_848_p2                            |  32|          2|   32|         64|
    |grp_fu_854_p2                            |  32|          2|   32|         64|
    |grp_fu_860_p2                            |  32|          2|   32|         64|
    |grp_fu_865_p2                            |  32|          2|   32|         64|
    |grp_fu_870_p2                            |  32|          2|   32|         64|
    |grp_fu_875_p2                            |  32|          2|   32|         64|
    |grp_fu_880_p2                            |  32|          2|   32|         64|
    |grp_fu_884_p2                            |  32|          2|   32|         64|
    |grp_fu_888_p2                            |  32|          2|   32|         64|
    |grp_fu_893_p2                            |  32|          2|   32|         64|
    |grp_fu_898_p2                            |  32|          2|   32|         64|
    |grp_fu_902_p2                            |  32|          2|   32|         64|
    |grp_fu_906_p2                            |  32|          2|   32|         64|
    |grp_fu_911_p2                            |  32|          2|   32|         64|
    |grp_fu_916_p2                            |  32|          2|   32|         64|
    |grp_fu_920_p2                            |  32|          2|   32|         64|
    |indvar_flatten286_fu_198                 |   8|          2|    5|         10|
    |k288_fu_206                              |   8|          2|    4|          8|
    |m287_fu_202                              |  16|          2|    9|         18|
    +-----------------------------------------+----+-----------+-----+-----------+
    |Total                                    | 824|         66|  761|       1522|
    +-----------------------------------------+----+-----------+-----+-----------+

    * Register: 
    +--------------------------------------------------+----+----+-----+-----------+
    |                       Name                       | FF | LUT| Bits| Const Bits|
    +--------------------------------------------------+----+----+-----+-----------+
    |a_reg_2256                                        |  32|   0|   32|          0|
    |add_ln368290_fu_210                               |   9|   0|    9|          0|
    |ap_CS_fsm                                         |   1|   0|    1|          0|
    |ap_condition_exit_pp0_iter0_stage0_pp0_iter1_reg  |   1|   0|    1|          0|
    |ap_done_reg                                       |   1|   0|    1|          0|
    |ap_enable_reg_pp0_iter1                           |   1|   0|    1|          0|
    |ap_enable_reg_pp0_iter10                          |   1|   0|    1|          0|
    |ap_enable_reg_pp0_iter2                           |   1|   0|    1|          0|
    |ap_enable_reg_pp0_iter3                           |   1|   0|    1|          0|
    |ap_enable_reg_pp0_iter4                           |   1|   0|    1|          0|
    |ap_enable_reg_pp0_iter5                           |   1|   0|    1|          0|
    |ap_enable_reg_pp0_iter6                           |   1|   0|    1|          0|
    |ap_enable_reg_pp0_iter7                           |   1|   0|    1|          0|
    |ap_enable_reg_pp0_iter8                           |   1|   0|    1|          0|
    |ap_enable_reg_pp0_iter9                           |   1|   0|    1|          0|
    |ap_loop_exit_ready_pp0_iter10_reg                 |   1|   0|    1|          0|
    |ap_loop_exit_ready_pp0_iter1_reg                  |   1|   0|    1|          0|
    |ap_loop_exit_ready_pp0_iter2_reg                  |   1|   0|    1|          0|
    |ap_loop_exit_ready_pp0_iter3_reg                  |   1|   0|    1|          0|
    |ap_loop_exit_ready_pp0_iter4_reg                  |   1|   0|    1|          0|
    |ap_loop_exit_ready_pp0_iter5_reg                  |   1|   0|    1|          0|
    |ap_loop_exit_ready_pp0_iter6_reg                  |   1|   0|    1|          0|
    |ap_loop_exit_ready_pp0_iter7_reg                  |   1|   0|    1|          0|
    |ap_loop_exit_ready_pp0_iter8_reg                  |   1|   0|    1|          0|
    |ap_loop_exit_ready_pp0_iter9_reg                  |   1|   0|    1|          0|
    |ap_phi_reg_pp0_iter1_d1_imag_14_reg_836           |  32|   0|   32|          0|
    |ap_phi_reg_pp0_iter1_d1_real_14_reg_824           |  32|   0|   32|          0|
    |ap_phi_reg_pp0_iter2_d1_imag_14_reg_836           |  32|   0|   32|          0|
    |ap_phi_reg_pp0_iter2_d1_real_14_reg_824           |  32|   0|   32|          0|
    |ap_phi_reg_pp0_iter3_d1_imag_14_reg_836           |  32|   0|   32|          0|
    |ap_phi_reg_pp0_iter3_d1_real_14_reg_824           |  32|   0|   32|          0|
    |ap_phi_reg_pp0_iter4_d1_imag_14_reg_836           |  32|   0|   32|          0|
    |ap_phi_reg_pp0_iter4_d1_real_14_reg_824           |  32|   0|   32|          0|
    |ap_phi_reg_pp0_iter5_d1_imag_14_reg_836           |  32|   0|   32|          0|
    |ap_phi_reg_pp0_iter5_d1_real_14_reg_824           |  32|   0|   32|          0|
    |bc_13_i_reg_2430                                  |  32|   0|   32|          0|
    |bc_2_i_reg_2442                                   |  32|   0|   32|          0|
    |bc_5_reg_2454                                     |  32|   0|   32|          0|
    |bc_reg_2418                                       |  32|   0|   32|          0|
    |bd_13_i_reg_2424                                  |  32|   0|   32|          0|
    |bd_2_i_reg_2436                                   |  32|   0|   32|          0|
    |bd_5_reg_2448                                     |  32|   0|   32|          0|
    |bd_reg_2412                                       |  32|   0|   32|          0|
    |c_reg_2224                                        |  13|   0|   32|         19|
    |d0_imag_reg_2248                                  |  32|   0|   32|          0|
    |d0_real_reg_2240                                  |  32|   0|   32|          0|
    |d1_22_reg_2404                                    |  32|   0|   32|          0|
    |d1_imag_15_reg_2515                               |  32|   0|   32|          0|
    |d1_imag_22_i_reg_2483                             |  32|   0|   32|          0|
    |d1_imag_3_i_reg_2499                              |  32|   0|   32|          0|
    |d1_imag_reg_2470                                  |  32|   0|   32|          0|
    |d1_real_13_reg_2266                               |  32|   0|   32|          0|
    |d1_real_15_reg_2507                               |  32|   0|   32|          0|
    |d1_real_22_i_reg_2475                             |  32|   0|   32|          0|
    |d1_real_3_i_reg_2491                              |  32|   0|   32|          0|
    |d1_real_reg_2465                                  |  32|   0|   32|          0|
    |d1_reg_2356                                       |  32|   0|   32|          0|
    |d3_imag_13_i_reg_2541                             |  32|   0|   32|          0|
    |d3_imag_2_i_reg_2553                              |  32|   0|   32|          0|
    |d3_imag_5_reg_2565                                |  32|   0|   32|          0|
    |d3_imag_reg_2529                                  |  32|   0|   32|          0|
    |d3_real_13_i_reg_2535                             |  32|   0|   32|          0|
    |d3_real_2_i_reg_2547                              |  32|   0|   32|          0|
    |d3_real_5_reg_2559                                |  32|   0|   32|          0|
    |d3_real_reg_2523                                  |  32|   0|   32|          0|
    |d_reg_2232                                        |   7|   0|   32|         25|
    |empty_reg_2008                                    |   1|   0|    1|          0|
    |grp_fu_1000_p1                                    |  32|   0|   32|          0|
    |grp_fu_1000_p2                                    |   1|   0|   32|         31|
    |grp_fu_1000_p3                                    |  32|   0|   32|          0|
    |grp_fu_1007_p1                                    |  32|   0|   32|          0|
    |grp_fu_1007_p2                                    |  16|   0|   32|         16|
    |grp_fu_1007_p3                                    |  32|   0|   32|          0|
    |grp_fu_848_ce                                     |   1|   0|    1|          0|
    |grp_fu_848_p0                                     |  32|   0|   32|          0|
    |grp_fu_848_p1                                     |  32|   0|   32|          0|
    |grp_fu_854_ce                                     |   1|   0|    1|          0|
    |grp_fu_854_p0                                     |  32|   0|   32|          0|
    |grp_fu_854_p1                                     |  32|   0|   32|          0|
    |grp_fu_860_ce                                     |   1|   0|    1|          0|
    |grp_fu_860_p0                                     |  32|   0|   32|          0|
    |grp_fu_860_p1                                     |  32|   0|   32|          0|
    |grp_fu_865_ce                                     |   1|   0|    1|          0|
    |grp_fu_865_p0                                     |  32|   0|   32|          0|
    |grp_fu_865_p1                                     |  32|   0|   32|          0|
    |grp_fu_870_ce                                     |   1|   0|    1|          0|
    |grp_fu_870_p0                                     |  32|   0|   32|          0|
    |grp_fu_870_p1                                     |  32|   0|   32|          0|
    |grp_fu_875_ce                                     |   1|   0|    1|          0|
    |grp_fu_875_p0                                     |  32|   0|   32|          0|
    |grp_fu_875_p1                                     |  32|   0|   32|          0|
    |grp_fu_880_ce                                     |   1|   0|    1|          0|
    |grp_fu_880_p0                                     |  32|   0|   32|          0|
    |grp_fu_880_p1                                     |  32|   0|   32|          0|
    |grp_fu_884_ce                                     |   1|   0|    1|          0|
    |grp_fu_884_p0                                     |  32|   0|   32|          0|
    |grp_fu_884_p1                                     |  32|   0|   32|          0|
    |grp_fu_888_ce                                     |   1|   0|    1|          0|
    |grp_fu_888_p0                                     |  32|   0|   32|          0|
    |grp_fu_888_p1                                     |  32|   0|   32|          0|
    |grp_fu_893_ce                                     |   1|   0|    1|          0|
    |grp_fu_893_p0                                     |  32|   0|   32|          0|
    |grp_fu_893_p1                                     |  32|   0|   32|          0|
    |grp_fu_898_ce                                     |   1|   0|    1|          0|
    |grp_fu_898_p0                                     |  32|   0|   32|          0|
    |grp_fu_898_p1                                     |  32|   0|   32|          0|
    |grp_fu_902_ce                                     |   1|   0|    1|          0|
    |grp_fu_902_p0                                     |  32|   0|   32|          0|
    |grp_fu_902_p1                                     |  32|   0|   32|          0|
    |grp_fu_906_ce                                     |   1|   0|    1|          0|
    |grp_fu_906_p0                                     |  32|   0|   32|          0|
    |grp_fu_906_p1                                     |  32|   0|   32|          0|
    |grp_fu_911_ce                                     |   1|   0|    1|          0|
    |grp_fu_911_p0                                     |  32|   0|   32|          0|
    |grp_fu_911_p1                                     |  32|   0|   32|          0|
    |grp_fu_916_ce                                     |   1|   0|    1|          0|
    |grp_fu_916_p0                                     |  32|   0|   32|          0|
    |grp_fu_916_p1                                     |  32|   0|   32|          0|
    |grp_fu_920_ce                                     |   1|   0|    1|          0|
    |grp_fu_920_p0                                     |  32|   0|   32|          0|
    |grp_fu_920_p1                                     |  32|   0|   32|          0|
    |grp_fu_957_p1                                     |  32|   0|   32|          0|
    |grp_fu_957_p2                                     |   7|   0|   32|         25|
    |grp_fu_957_p3                                     |  32|   0|   32|          0|
    |grp_fu_964_p1                                     |  32|   0|   32|          0|
    |grp_fu_964_p2                                     |  15|   0|   32|         17|
    |grp_fu_964_p3                                     |  32|   0|   32|          0|
    |grp_fu_971_p1                                     |  32|   0|   32|          0|
    |grp_fu_971_p3                                     |  32|   0|   32|          0|
    |grp_fu_979_p1                                     |  32|   0|   32|          0|
    |grp_fu_979_p2                                     |  15|   0|   32|         17|
    |grp_fu_979_p3                                     |  32|   0|   32|          0|
    |grp_fu_986_p1                                     |  32|   0|   32|          0|
    |grp_fu_986_p2                                     |  13|   0|   32|         19|
    |grp_fu_986_p3                                     |  32|   0|   32|          0|
    |grp_fu_993_p1                                     |  32|   0|   32|          0|
    |grp_fu_993_p2                                     |  16|   0|   32|         16|
    |grp_fu_993_p3                                     |  32|   0|   32|          0|
    |icmp_ln10_1_reg_2207                              |   1|   0|    1|          0|
    |icmp_ln368_reg_2220                               |   1|   0|    1|          0|
    |indvar_flatten286_fu_198                          |   5|   0|    5|          0|
    |k288_fu_206                                       |   4|   0|    4|          0|
    |m287_fu_202                                       |   9|   0|    9|          0|
    |pre_grp_fu_848_p2_reg                             |  32|   0|   32|          0|
    |pre_grp_fu_854_p2_reg                             |  32|   0|   32|          0|
    |pre_grp_fu_860_p2_reg                             |  32|   0|   32|          0|
    |pre_grp_fu_865_p2_reg                             |  32|   0|   32|          0|
    |pre_grp_fu_870_p2_reg                             |  32|   0|   32|          0|
    |pre_grp_fu_875_p2_reg                             |  32|   0|   32|          0|
    |pre_grp_fu_880_p2_reg                             |  32|   0|   32|          0|
    |pre_grp_fu_884_p2_reg                             |  32|   0|   32|          0|
    |pre_grp_fu_888_p2_reg                             |  32|   0|   32|          0|
    |pre_grp_fu_893_p2_reg                             |  32|   0|   32|          0|
    |pre_grp_fu_898_p2_reg                             |  32|   0|   32|          0|
    |pre_grp_fu_902_p2_reg                             |  32|   0|   32|          0|
    |pre_grp_fu_906_p2_reg                             |  32|   0|   32|          0|
    |pre_grp_fu_911_p2_reg                             |  32|   0|   32|          0|
    |pre_grp_fu_916_p2_reg                             |  32|   0|   32|          0|
    |pre_grp_fu_920_p2_reg                             |  32|   0|   32|          0|
    |select_ln10_2_reg_2332                            |  32|   0|   32|          0|
    |select_ln10_3_reg_2348                            |  32|   0|   32|          0|
    |select_ln10_4_reg_2364                            |  32|   0|   32|          0|
    |select_ln10_5_reg_2380                            |  32|   0|   32|          0|
    |select_ln10_6_reg_2396                            |  32|   0|   32|          0|
    |select_ln10_reg_2316                              |  32|   0|   32|          0|
    |select_ln11_2_reg_2340                            |  32|   0|   32|          0|
    |select_ln11_4_reg_2372                            |  32|   0|   32|          0|
    |select_ln11_5_reg_2388                            |  32|   0|   32|          0|
    |select_ln11_reg_2324                              |  32|   0|   32|          0|
    |tmp_5_reg_2029                                    |   1|   0|    1|          0|
    |tmp_reg_2024                                      |   5|   0|    5|          0|
    |tmp_s_reg_2037                                    |   4|   0|    4|          0|
    |trunc_ln378_1_reg_2122                            |   1|   0|    1|          0|
    |trunc_ln378_reg_2019                              |   3|   0|    3|          0|
    |tw_21_reg_2308                                    |  15|   0|   32|         17|
    |tw_46_i_reg_2276                                  |  16|   0|   32|         16|
    |tw_47_i_reg_2300                                  |  15|   0|   32|         17|
    |tw_48_i_reg_2284                                  |   1|   0|   32|         31|
    |tw_reg_2292                                       |  16|   0|   32|         16|
    |xor_ln371_reg_2215                                |   1|   0|    1|          0|
    |a_reg_2256                                        |  64|  32|   32|          0|
    |c_reg_2224                                        |  32|  14|   32|         19|
    |d0_imag_reg_2248                                  |   0|  16|   32|          0|
    |d0_real_reg_2240                                  |   0|  16|   32|          0|
    |d1_real_13_reg_2266                               |  64|  32|   32|          0|
    |d1_reg_2356                                       |  64|  32|   32|          0|
    |d_reg_2232                                        |  16|   7|   32|         25|
    |select_ln10_2_reg_2332                            |   0|  16|   32|          0|
    |select_ln10_3_reg_2348                            |   0|  16|   32|          0|
    |select_ln10_4_reg_2364                            |   0|  16|   32|          0|
    |select_ln10_5_reg_2380                            |   0|  16|   32|          0|
    |select_ln10_6_reg_2396                            |   0|  16|   32|          0|
    |select_ln10_reg_2316                              |   0|  16|   32|          0|
    |select_ln11_2_reg_2340                            |  64|  32|   32|          0|
    |select_ln11_reg_2324                              |  64|  32|   32|          0|
    |tmp_5_reg_2029                                    |   0|   2|    1|          0|
    |tmp_reg_2024                                      |   0|   8|    5|          0|
    |tmp_s_reg_2037                                    |   0|   4|    4|          0|
    |trunc_ln378_reg_2019                              |   0|   4|    3|          0|
    |tw_21_reg_2308                                    |  32|  14|   32|         17|
    |tw_46_i_reg_2276                                  |  32|  14|   32|         16|
    |tw_47_i_reg_2300                                  |  32|  14|   32|         17|
    |tw_48_i_reg_2284                                  |   4|   2|   32|         31|
    |tw_reg_2292                                       |  32|  14|   32|         16|
    +--------------------------------------------------+----+----+-----+-----------+
    |Total                                             |4398| 385| 4833|        423|
    +--------------------------------------------------+----+----+-----+-----------+



================================================================
== Interface
================================================================
* Summary: 
+---------------------------------------------------------------------------------------------------------------------------------+-----+-----+------------+------------------------------------------------------------------------------------------------------------------------+--------------+
|                                                            RTL Ports                                                            | Dir | Bits|  Protocol  |                                                      Source Object                                                     |    C Type    |
+---------------------------------------------------------------------------------------------------------------------------------+-----+-----+------------+------------------------------------------------------------------------------------------------------------------------+--------------+
|ap_clk                                                                                                                           |   in|    1|  ap_ctrl_hs|                                                                                             FFT_stage_spatial_unroll<4>|  return value|
|ap_rst                                                                                                                           |   in|    1|  ap_ctrl_hs|                                                                                             FFT_stage_spatial_unroll<4>|  return value|
|ap_start                                                                                                                         |   in|    1|  ap_ctrl_hs|                                                                                             FFT_stage_spatial_unroll<4>|  return value|
|ap_done                                                                                                                          |  out|    1|  ap_ctrl_hs|                                                                                             FFT_stage_spatial_unroll<4>|  return value|
|ap_continue                                                                                                                      |   in|    1|  ap_ctrl_hs|                                                                                             FFT_stage_spatial_unroll<4>|  return value|
|ap_idle                                                                                                                          |  out|    1|  ap_ctrl_hs|                                                                                             FFT_stage_spatial_unroll<4>|  return value|
|ap_ready                                                                                                                         |  out|    1|  ap_ctrl_hs|                                                                                             FFT_stage_spatial_unroll<4>|  return value|
|FFT_DIT_spatial_unroll_CY_stream_vector_stream_vector_complex_float_8ul_0_stream_vector_complex_float_8ul_0_data_2_0_0_address0  |  out|    6|   ap_memory|  FFT_DIT_spatial_unroll_CY_stream_vector_stream_vector_complex_float_8ul_0_stream_vector_complex_float_8ul_0_data_2_0_0|         array|
|FFT_DIT_spatial_unroll_CY_stream_vector_stream_vector_complex_float_8ul_0_stream_vector_complex_float_8ul_0_data_2_0_0_ce0       |  out|    1|   ap_memory|  FFT_DIT_spatial_unroll_CY_stream_vector_stream_vector_complex_float_8ul_0_stream_vector_complex_float_8ul_0_data_2_0_0|         array|
|FFT_DIT_spatial_unroll_CY_stream_vector_stream_vector_complex_float_8ul_0_stream_vector_complex_float_8ul_0_data_2_0_0_we0       |  out|    1|   ap_memory|  FFT_DIT_spatial_unroll_CY_stream_vector_stream_vector_complex_float_8ul_0_stream_vector_complex_float_8ul_0_data_2_0_0|         array|
|FFT_DIT_spatial_unroll_CY_stream_vector_stream_vector_complex_float_8ul_0_stream_vector_complex_float_8ul_0_data_2_0_0_d0        |  out|   32|   ap_memory|  FFT_DIT_spatial_unroll_CY_stream_vector_stream_vector_complex_float_8ul_0_stream_vector_complex_float_8ul_0_data_2_0_0|         array|
|FFT_DIT_spatial_unroll_CY_stream_vector_stream_vector_complex_float_8ul_0_stream_vector_complex_float_8ul_0_data_2_0_0_address1  |  out|    6|   ap_memory|  FFT_DIT_spatial_unroll_CY_stream_vector_stream_vector_complex_float_8ul_0_stream_vector_complex_float_8ul_0_data_2_0_0|         array|
|FFT_DIT_spatial_unroll_CY_stream_vector_stream_vector_complex_float_8ul_0_stream_vector_complex_float_8ul_0_data_2_0_0_ce1       |  out|    1|   ap_memory|  FFT_DIT_spatial_unroll_CY_stream_vector_stream_vector_complex_float_8ul_0_stream_vector_complex_float_8ul_0_data_2_0_0|         array|
|FFT_DIT_spatial_unroll_CY_stream_vector_stream_vector_complex_float_8ul_0_stream_vector_complex_float_8ul_0_data_2_0_0_we1       |  out|    1|   ap_memory|  FFT_DIT_spatial_unroll_CY_stream_vector_stream_vector_complex_float_8ul_0_stream_vector_complex_float_8ul_0_data_2_0_0|         array|
|FFT_DIT_spatial_unroll_CY_stream_vector_stream_vector_complex_float_8ul_0_stream_vector_complex_float_8ul_0_data_2_0_0_d1        |  out|   32|   ap_memory|  FFT_DIT_spatial_unroll_CY_stream_vector_stream_vector_complex_float_8ul_0_stream_vector_complex_float_8ul_0_data_2_0_0|         array|
|FFT_DIT_spatial_unroll_CY_stream_vector_stream_vector_complex_float_8ul_0_stream_vector_complex_float_8ul_0_data_2_0_1_address0  |  out|    6|   ap_memory|  FFT_DIT_spatial_unroll_CY_stream_vector_stream_vector_complex_float_8ul_0_stream_vector_complex_float_8ul_0_data_2_0_1|         array|
|FFT_DIT_spatial_unroll_CY_stream_vector_stream_vector_complex_float_8ul_0_stream_vector_complex_float_8ul_0_data_2_0_1_ce0       |  out|    1|   ap_memory|  FFT_DIT_spatial_unroll_CY_stream_vector_stream_vector_complex_float_8ul_0_stream_vector_complex_float_8ul_0_data_2_0_1|         array|
|FFT_DIT_spatial_unroll_CY_stream_vector_stream_vector_complex_float_8ul_0_stream_vector_complex_float_8ul_0_data_2_0_1_we0       |  out|    1|   ap_memory|  FFT_DIT_spatial_unroll_CY_stream_vector_stream_vector_complex_float_8ul_0_stream_vector_complex_float_8ul_0_data_2_0_1|         array|
|FFT_DIT_spatial_unroll_CY_stream_vector_stream_vector_complex_float_8ul_0_stream_vector_complex_float_8ul_0_data_2_0_1_d0        |  out|   32|   ap_memory|  FFT_DIT_spatial_unroll_CY_stream_vector_stream_vector_complex_float_8ul_0_stream_vector_complex_float_8ul_0_data_2_0_1|         array|
|FFT_DIT_spatial_unroll_CY_stream_vector_stream_vector_complex_float_8ul_0_stream_vector_complex_float_8ul_0_data_2_0_1_address1  |  out|    6|   ap_memory|  FFT_DIT_spatial_unroll_CY_stream_vector_stream_vector_complex_float_8ul_0_stream_vector_complex_float_8ul_0_data_2_0_1|         array|
|FFT_DIT_spatial_unroll_CY_stream_vector_stream_vector_complex_float_8ul_0_stream_vector_complex_float_8ul_0_data_2_0_1_ce1       |  out|    1|   ap_memory|  FFT_DIT_spatial_unroll_CY_stream_vector_stream_vector_complex_float_8ul_0_stream_vector_complex_float_8ul_0_data_2_0_1|         array|
|FFT_DIT_spatial_unroll_CY_stream_vector_stream_vector_complex_float_8ul_0_stream_vector_complex_float_8ul_0_data_2_0_1_we1       |  out|    1|   ap_memory|  FFT_DIT_spatial_unroll_CY_stream_vector_stream_vector_complex_float_8ul_0_stream_vector_complex_float_8ul_0_data_2_0_1|         array|
|FFT_DIT_spatial_unroll_CY_stream_vector_stream_vector_complex_float_8ul_0_stream_vector_complex_float_8ul_0_data_2_0_1_d1        |  out|   32|   ap_memory|  FFT_DIT_spatial_unroll_CY_stream_vector_stream_vector_complex_float_8ul_0_stream_vector_complex_float_8ul_0_data_2_0_1|         array|
|FFT_DIT_spatial_unroll_CY_stream_vector_stream_vector_complex_float_8ul_0_stream_vector_complex_float_8ul_0_data_2_0_2_address0  |  out|    6|   ap_memory|  FFT_DIT_spatial_unroll_CY_stream_vector_stream_vector_complex_float_8ul_0_stream_vector_complex_float_8ul_0_data_2_0_2|         array|
|FFT_DIT_spatial_unroll_CY_stream_vector_stream_vector_complex_float_8ul_0_stream_vector_complex_float_8ul_0_data_2_0_2_ce0       |  out|    1|   ap_memory|  FFT_DIT_spatial_unroll_CY_stream_vector_stream_vector_complex_float_8ul_0_stream_vector_complex_float_8ul_0_data_2_0_2|         array|
|FFT_DIT_spatial_unroll_CY_stream_vector_stream_vector_complex_float_8ul_0_stream_vector_complex_float_8ul_0_data_2_0_2_we0       |  out|    1|   ap_memory|  FFT_DIT_spatial_unroll_CY_stream_vector_stream_vector_complex_float_8ul_0_stream_vector_complex_float_8ul_0_data_2_0_2|         array|
|FFT_DIT_spatial_unroll_CY_stream_vector_stream_vector_complex_float_8ul_0_stream_vector_complex_float_8ul_0_data_2_0_2_d0        |  out|   32|   ap_memory|  FFT_DIT_spatial_unroll_CY_stream_vector_stream_vector_complex_float_8ul_0_stream_vector_complex_float_8ul_0_data_2_0_2|         array|
|FFT_DIT_spatial_unroll_CY_stream_vector_stream_vector_complex_float_8ul_0_stream_vector_complex_float_8ul_0_data_2_0_2_address1  |  out|    6|   ap_memory|  FFT_DIT_spatial_unroll_CY_stream_vector_stream_vector_complex_float_8ul_0_stream_vector_complex_float_8ul_0_data_2_0_2|         array|
|FFT_DIT_spatial_unroll_CY_stream_vector_stream_vector_complex_float_8ul_0_stream_vector_complex_float_8ul_0_data_2_0_2_ce1       |  out|    1|   ap_memory|  FFT_DIT_spatial_unroll_CY_stream_vector_stream_vector_complex_float_8ul_0_stream_vector_complex_float_8ul_0_data_2_0_2|         array|
|FFT_DIT_spatial_unroll_CY_stream_vector_stream_vector_complex_float_8ul_0_stream_vector_complex_float_8ul_0_data_2_0_2_we1       |  out|    1|   ap_memory|  FFT_DIT_spatial_unroll_CY_stream_vector_stream_vector_complex_float_8ul_0_stream_vector_complex_float_8ul_0_data_2_0_2|         array|
|FFT_DIT_spatial_unroll_CY_stream_vector_stream_vector_complex_float_8ul_0_stream_vector_complex_float_8ul_0_data_2_0_2_d1        |  out|   32|   ap_memory|  FFT_DIT_spatial_unroll_CY_stream_vector_stream_vector_complex_float_8ul_0_stream_vector_complex_float_8ul_0_data_2_0_2|         array|
|FFT_DIT_spatial_unroll_CY_stream_vector_stream_vector_complex_float_8ul_0_stream_vector_complex_float_8ul_0_data_2_0_3_address0  |  out|    6|   ap_memory|  FFT_DIT_spatial_unroll_CY_stream_vector_stream_vector_complex_float_8ul_0_stream_vector_complex_float_8ul_0_data_2_0_3|         array|
|FFT_DIT_spatial_unroll_CY_stream_vector_stream_vector_complex_float_8ul_0_stream_vector_complex_float_8ul_0_data_2_0_3_ce0       |  out|    1|   ap_memory|  FFT_DIT_spatial_unroll_CY_stream_vector_stream_vector_complex_float_8ul_0_stream_vector_complex_float_8ul_0_data_2_0_3|         array|
|FFT_DIT_spatial_unroll_CY_stream_vector_stream_vector_complex_float_8ul_0_stream_vector_complex_float_8ul_0_data_2_0_3_we0       |  out|    1|   ap_memory|  FFT_DIT_spatial_unroll_CY_stream_vector_stream_vector_complex_float_8ul_0_stream_vector_complex_float_8ul_0_data_2_0_3|         array|
|FFT_DIT_spatial_unroll_CY_stream_vector_stream_vector_complex_float_8ul_0_stream_vector_complex_float_8ul_0_data_2_0_3_d0        |  out|   32|   ap_memory|  FFT_DIT_spatial_unroll_CY_stream_vector_stream_vector_complex_float_8ul_0_stream_vector_complex_float_8ul_0_data_2_0_3|         array|
|FFT_DIT_spatial_unroll_CY_stream_vector_stream_vector_complex_float_8ul_0_stream_vector_complex_float_8ul_0_data_2_0_3_address1  |  out|    6|   ap_memory|  FFT_DIT_spatial_unroll_CY_stream_vector_stream_vector_complex_float_8ul_0_stream_vector_complex_float_8ul_0_data_2_0_3|         array|
|FFT_DIT_spatial_unroll_CY_stream_vector_stream_vector_complex_float_8ul_0_stream_vector_complex_float_8ul_0_data_2_0_3_ce1       |  out|    1|   ap_memory|  FFT_DIT_spatial_unroll_CY_stream_vector_stream_vector_complex_float_8ul_0_stream_vector_complex_float_8ul_0_data_2_0_3|         array|
|FFT_DIT_spatial_unroll_CY_stream_vector_stream_vector_complex_float_8ul_0_stream_vector_complex_float_8ul_0_data_2_0_3_we1       |  out|    1|   ap_memory|  FFT_DIT_spatial_unroll_CY_stream_vector_stream_vector_complex_float_8ul_0_stream_vector_complex_float_8ul_0_data_2_0_3|         array|
|FFT_DIT_spatial_unroll_CY_stream_vector_stream_vector_complex_float_8ul_0_stream_vector_complex_float_8ul_0_data_2_0_3_d1        |  out|   32|   ap_memory|  FFT_DIT_spatial_unroll_CY_stream_vector_stream_vector_complex_float_8ul_0_stream_vector_complex_float_8ul_0_data_2_0_3|         array|
|FFT_DIT_spatial_unroll_CY_stream_vector_stream_vector_complex_float_8ul_0_stream_vector_complex_float_8ul_0_data_2_1_0_address0  |  out|    6|   ap_memory|  FFT_DIT_spatial_unroll_CY_stream_vector_stream_vector_complex_float_8ul_0_stream_vector_complex_float_8ul_0_data_2_1_0|         array|
|FFT_DIT_spatial_unroll_CY_stream_vector_stream_vector_complex_float_8ul_0_stream_vector_complex_float_8ul_0_data_2_1_0_ce0       |  out|    1|   ap_memory|  FFT_DIT_spatial_unroll_CY_stream_vector_stream_vector_complex_float_8ul_0_stream_vector_complex_float_8ul_0_data_2_1_0|         array|
|FFT_DIT_spatial_unroll_CY_stream_vector_stream_vector_complex_float_8ul_0_stream_vector_complex_float_8ul_0_data_2_1_0_we0       |  out|    1|   ap_memory|  FFT_DIT_spatial_unroll_CY_stream_vector_stream_vector_complex_float_8ul_0_stream_vector_complex_float_8ul_0_data_2_1_0|         array|
|FFT_DIT_spatial_unroll_CY_stream_vector_stream_vector_complex_float_8ul_0_stream_vector_complex_float_8ul_0_data_2_1_0_d0        |  out|   32|   ap_memory|  FFT_DIT_spatial_unroll_CY_stream_vector_stream_vector_complex_float_8ul_0_stream_vector_complex_float_8ul_0_data_2_1_0|         array|
|FFT_DIT_spatial_unroll_CY_stream_vector_stream_vector_complex_float_8ul_0_stream_vector_complex_float_8ul_0_data_2_1_0_address1  |  out|    6|   ap_memory|  FFT_DIT_spatial_unroll_CY_stream_vector_stream_vector_complex_float_8ul_0_stream_vector_complex_float_8ul_0_data_2_1_0|         array|
|FFT_DIT_spatial_unroll_CY_stream_vector_stream_vector_complex_float_8ul_0_stream_vector_complex_float_8ul_0_data_2_1_0_ce1       |  out|    1|   ap_memory|  FFT_DIT_spatial_unroll_CY_stream_vector_stream_vector_complex_float_8ul_0_stream_vector_complex_float_8ul_0_data_2_1_0|         array|
|FFT_DIT_spatial_unroll_CY_stream_vector_stream_vector_complex_float_8ul_0_stream_vector_complex_float_8ul_0_data_2_1_0_we1       |  out|    1|   ap_memory|  FFT_DIT_spatial_unroll_CY_stream_vector_stream_vector_complex_float_8ul_0_stream_vector_complex_float_8ul_0_data_2_1_0|         array|
|FFT_DIT_spatial_unroll_CY_stream_vector_stream_vector_complex_float_8ul_0_stream_vector_complex_float_8ul_0_data_2_1_0_d1        |  out|   32|   ap_memory|  FFT_DIT_spatial_unroll_CY_stream_vector_stream_vector_complex_float_8ul_0_stream_vector_complex_float_8ul_0_data_2_1_0|         array|
|FFT_DIT_spatial_unroll_CY_stream_vector_stream_vector_complex_float_8ul_0_stream_vector_complex_float_8ul_0_data_2_1_1_address0  |  out|    6|   ap_memory|  FFT_DIT_spatial_unroll_CY_stream_vector_stream_vector_complex_float_8ul_0_stream_vector_complex_float_8ul_0_data_2_1_1|         array|
|FFT_DIT_spatial_unroll_CY_stream_vector_stream_vector_complex_float_8ul_0_stream_vector_complex_float_8ul_0_data_2_1_1_ce0       |  out|    1|   ap_memory|  FFT_DIT_spatial_unroll_CY_stream_vector_stream_vector_complex_float_8ul_0_stream_vector_complex_float_8ul_0_data_2_1_1|         array|
|FFT_DIT_spatial_unroll_CY_stream_vector_stream_vector_complex_float_8ul_0_stream_vector_complex_float_8ul_0_data_2_1_1_we0       |  out|    1|   ap_memory|  FFT_DIT_spatial_unroll_CY_stream_vector_stream_vector_complex_float_8ul_0_stream_vector_complex_float_8ul_0_data_2_1_1|         array|
|FFT_DIT_spatial_unroll_CY_stream_vector_stream_vector_complex_float_8ul_0_stream_vector_complex_float_8ul_0_data_2_1_1_d0        |  out|   32|   ap_memory|  FFT_DIT_spatial_unroll_CY_stream_vector_stream_vector_complex_float_8ul_0_stream_vector_complex_float_8ul_0_data_2_1_1|         array|
|FFT_DIT_spatial_unroll_CY_stream_vector_stream_vector_complex_float_8ul_0_stream_vector_complex_float_8ul_0_data_2_1_1_address1  |  out|    6|   ap_memory|  FFT_DIT_spatial_unroll_CY_stream_vector_stream_vector_complex_float_8ul_0_stream_vector_complex_float_8ul_0_data_2_1_1|         array|
|FFT_DIT_spatial_unroll_CY_stream_vector_stream_vector_complex_float_8ul_0_stream_vector_complex_float_8ul_0_data_2_1_1_ce1       |  out|    1|   ap_memory|  FFT_DIT_spatial_unroll_CY_stream_vector_stream_vector_complex_float_8ul_0_stream_vector_complex_float_8ul_0_data_2_1_1|         array|
|FFT_DIT_spatial_unroll_CY_stream_vector_stream_vector_complex_float_8ul_0_stream_vector_complex_float_8ul_0_data_2_1_1_we1       |  out|    1|   ap_memory|  FFT_DIT_spatial_unroll_CY_stream_vector_stream_vector_complex_float_8ul_0_stream_vector_complex_float_8ul_0_data_2_1_1|         array|
|FFT_DIT_spatial_unroll_CY_stream_vector_stream_vector_complex_float_8ul_0_stream_vector_complex_float_8ul_0_data_2_1_1_d1        |  out|   32|   ap_memory|  FFT_DIT_spatial_unroll_CY_stream_vector_stream_vector_complex_float_8ul_0_stream_vector_complex_float_8ul_0_data_2_1_1|         array|
|FFT_DIT_spatial_unroll_CY_stream_vector_stream_vector_complex_float_8ul_0_stream_vector_complex_float_8ul_0_data_2_1_2_address0  |  out|    6|   ap_memory|  FFT_DIT_spatial_unroll_CY_stream_vector_stream_vector_complex_float_8ul_0_stream_vector_complex_float_8ul_0_data_2_1_2|         array|
|FFT_DIT_spatial_unroll_CY_stream_vector_stream_vector_complex_float_8ul_0_stream_vector_complex_float_8ul_0_data_2_1_2_ce0       |  out|    1|   ap_memory|  FFT_DIT_spatial_unroll_CY_stream_vector_stream_vector_complex_float_8ul_0_stream_vector_complex_float_8ul_0_data_2_1_2|         array|
|FFT_DIT_spatial_unroll_CY_stream_vector_stream_vector_complex_float_8ul_0_stream_vector_complex_float_8ul_0_data_2_1_2_we0       |  out|    1|   ap_memory|  FFT_DIT_spatial_unroll_CY_stream_vector_stream_vector_complex_float_8ul_0_stream_vector_complex_float_8ul_0_data_2_1_2|         array|
|FFT_DIT_spatial_unroll_CY_stream_vector_stream_vector_complex_float_8ul_0_stream_vector_complex_float_8ul_0_data_2_1_2_d0        |  out|   32|   ap_memory|  FFT_DIT_spatial_unroll_CY_stream_vector_stream_vector_complex_float_8ul_0_stream_vector_complex_float_8ul_0_data_2_1_2|         array|
|FFT_DIT_spatial_unroll_CY_stream_vector_stream_vector_complex_float_8ul_0_stream_vector_complex_float_8ul_0_data_2_1_2_address1  |  out|    6|   ap_memory|  FFT_DIT_spatial_unroll_CY_stream_vector_stream_vector_complex_float_8ul_0_stream_vector_complex_float_8ul_0_data_2_1_2|         array|
|FFT_DIT_spatial_unroll_CY_stream_vector_stream_vector_complex_float_8ul_0_stream_vector_complex_float_8ul_0_data_2_1_2_ce1       |  out|    1|   ap_memory|  FFT_DIT_spatial_unroll_CY_stream_vector_stream_vector_complex_float_8ul_0_stream_vector_complex_float_8ul_0_data_2_1_2|         array|
|FFT_DIT_spatial_unroll_CY_stream_vector_stream_vector_complex_float_8ul_0_stream_vector_complex_float_8ul_0_data_2_1_2_we1       |  out|    1|   ap_memory|  FFT_DIT_spatial_unroll_CY_stream_vector_stream_vector_complex_float_8ul_0_stream_vector_complex_float_8ul_0_data_2_1_2|         array|
|FFT_DIT_spatial_unroll_CY_stream_vector_stream_vector_complex_float_8ul_0_stream_vector_complex_float_8ul_0_data_2_1_2_d1        |  out|   32|   ap_memory|  FFT_DIT_spatial_unroll_CY_stream_vector_stream_vector_complex_float_8ul_0_stream_vector_complex_float_8ul_0_data_2_1_2|         array|
|FFT_DIT_spatial_unroll_CY_stream_vector_stream_vector_complex_float_8ul_0_stream_vector_complex_float_8ul_0_data_2_1_3_address0  |  out|    6|   ap_memory|  FFT_DIT_spatial_unroll_CY_stream_vector_stream_vector_complex_float_8ul_0_stream_vector_complex_float_8ul_0_data_2_1_3|         array|
|FFT_DIT_spatial_unroll_CY_stream_vector_stream_vector_complex_float_8ul_0_stream_vector_complex_float_8ul_0_data_2_1_3_ce0       |  out|    1|   ap_memory|  FFT_DIT_spatial_unroll_CY_stream_vector_stream_vector_complex_float_8ul_0_stream_vector_complex_float_8ul_0_data_2_1_3|         array|
|FFT_DIT_spatial_unroll_CY_stream_vector_stream_vector_complex_float_8ul_0_stream_vector_complex_float_8ul_0_data_2_1_3_we0       |  out|    1|   ap_memory|  FFT_DIT_spatial_unroll_CY_stream_vector_stream_vector_complex_float_8ul_0_stream_vector_complex_float_8ul_0_data_2_1_3|         array|
|FFT_DIT_spatial_unroll_CY_stream_vector_stream_vector_complex_float_8ul_0_stream_vector_complex_float_8ul_0_data_2_1_3_d0        |  out|   32|   ap_memory|  FFT_DIT_spatial_unroll_CY_stream_vector_stream_vector_complex_float_8ul_0_stream_vector_complex_float_8ul_0_data_2_1_3|         array|
|FFT_DIT_spatial_unroll_CY_stream_vector_stream_vector_complex_float_8ul_0_stream_vector_complex_float_8ul_0_data_2_1_3_address1  |  out|    6|   ap_memory|  FFT_DIT_spatial_unroll_CY_stream_vector_stream_vector_complex_float_8ul_0_stream_vector_complex_float_8ul_0_data_2_1_3|         array|
|FFT_DIT_spatial_unroll_CY_stream_vector_stream_vector_complex_float_8ul_0_stream_vector_complex_float_8ul_0_data_2_1_3_ce1       |  out|    1|   ap_memory|  FFT_DIT_spatial_unroll_CY_stream_vector_stream_vector_complex_float_8ul_0_stream_vector_complex_float_8ul_0_data_2_1_3|         array|
|FFT_DIT_spatial_unroll_CY_stream_vector_stream_vector_complex_float_8ul_0_stream_vector_complex_float_8ul_0_data_2_1_3_we1       |  out|    1|   ap_memory|  FFT_DIT_spatial_unroll_CY_stream_vector_stream_vector_complex_float_8ul_0_stream_vector_complex_float_8ul_0_data_2_1_3|         array|
|FFT_DIT_spatial_unroll_CY_stream_vector_stream_vector_complex_float_8ul_0_stream_vector_complex_float_8ul_0_data_2_1_3_d1        |  out|   32|   ap_memory|  FFT_DIT_spatial_unroll_CY_stream_vector_stream_vector_complex_float_8ul_0_stream_vector_complex_float_8ul_0_data_2_1_3|         array|
|FFT_DIT_spatial_unroll_CY_stream_vector_stream_stream_vector_0_data_1_0_1_address0                                               |  out|    5|   ap_memory|                                               FFT_DIT_spatial_unroll_CY_stream_vector_stream_stream_vector_0_data_1_0_1|         array|
|FFT_DIT_spatial_unroll_CY_stream_vector_stream_stream_vector_0_data_1_0_1_ce0                                                    |  out|    1|   ap_memory|                                               FFT_DIT_spatial_unroll_CY_stream_vector_stream_stream_vector_0_data_1_0_1|         array|
|FFT_DIT_spatial_unroll_CY_stream_vector_stream_stream_vector_0_data_1_0_1_q0                                                     |   in|   32|   ap_memory|                                               FFT_DIT_spatial_unroll_CY_stream_vector_stream_stream_vector_0_data_1_0_1|         array|
|FFT_DIT_spatial_unroll_CY_stream_vector_stream_stream_vector_0_data_1_0_1_address1                                               |  out|    5|   ap_memory|                                               FFT_DIT_spatial_unroll_CY_stream_vector_stream_stream_vector_0_data_1_0_1|         array|
|FFT_DIT_spatial_unroll_CY_stream_vector_stream_stream_vector_0_data_1_0_1_ce1                                                    |  out|    1|   ap_memory|                                               FFT_DIT_spatial_unroll_CY_stream_vector_stream_stream_vector_0_data_1_0_1|         array|
|FFT_DIT_spatial_unroll_CY_stream_vector_stream_stream_vector_0_data_1_0_1_q1                                                     |   in|   32|   ap_memory|                                               FFT_DIT_spatial_unroll_CY_stream_vector_stream_stream_vector_0_data_1_0_1|         array|
|FFT_DIT_spatial_unroll_CY_stream_vector_stream_stream_vector_0_data_1_0_5_address0                                               |  out|    5|   ap_memory|                                               FFT_DIT_spatial_unroll_CY_stream_vector_stream_stream_vector_0_data_1_0_5|         array|
|FFT_DIT_spatial_unroll_CY_stream_vector_stream_stream_vector_0_data_1_0_5_ce0                                                    |  out|    1|   ap_memory|                                               FFT_DIT_spatial_unroll_CY_stream_vector_stream_stream_vector_0_data_1_0_5|         array|
|FFT_DIT_spatial_unroll_CY_stream_vector_stream_stream_vector_0_data_1_0_5_q0                                                     |   in|   32|   ap_memory|                                               FFT_DIT_spatial_unroll_CY_stream_vector_stream_stream_vector_0_data_1_0_5|         array|
|FFT_DIT_spatial_unroll_CY_stream_vector_stream_stream_vector_0_data_1_0_5_address1                                               |  out|    5|   ap_memory|                                               FFT_DIT_spatial_unroll_CY_stream_vector_stream_stream_vector_0_data_1_0_5|         array|
|FFT_DIT_spatial_unroll_CY_stream_vector_stream_stream_vector_0_data_1_0_5_ce1                                                    |  out|    1|   ap_memory|                                               FFT_DIT_spatial_unroll_CY_stream_vector_stream_stream_vector_0_data_1_0_5|         array|
|FFT_DIT_spatial_unroll_CY_stream_vector_stream_stream_vector_0_data_1_0_5_q1                                                     |   in|   32|   ap_memory|                                               FFT_DIT_spatial_unroll_CY_stream_vector_stream_stream_vector_0_data_1_0_5|         array|
|FFT_DIT_spatial_unroll_CY_stream_vector_stream_stream_vector_0_data_1_0_2_address0                                               |  out|    5|   ap_memory|                                               FFT_DIT_spatial_unroll_CY_stream_vector_stream_stream_vector_0_data_1_0_2|         array|
|FFT_DIT_spatial_unroll_CY_stream_vector_stream_stream_vector_0_data_1_0_2_ce0                                                    |  out|    1|   ap_memory|                                               FFT_DIT_spatial_unroll_CY_stream_vector_stream_stream_vector_0_data_1_0_2|         array|
|FFT_DIT_spatial_unroll_CY_stream_vector_stream_stream_vector_0_data_1_0_2_q0                                                     |   in|   32|   ap_memory|                                               FFT_DIT_spatial_unroll_CY_stream_vector_stream_stream_vector_0_data_1_0_2|         array|
|FFT_DIT_spatial_unroll_CY_stream_vector_stream_stream_vector_0_data_1_0_2_address1                                               |  out|    5|   ap_memory|                                               FFT_DIT_spatial_unroll_CY_stream_vector_stream_stream_vector_0_data_1_0_2|         array|
|FFT_DIT_spatial_unroll_CY_stream_vector_stream_stream_vector_0_data_1_0_2_ce1                                                    |  out|    1|   ap_memory|                                               FFT_DIT_spatial_unroll_CY_stream_vector_stream_stream_vector_0_data_1_0_2|         array|
|FFT_DIT_spatial_unroll_CY_stream_vector_stream_stream_vector_0_data_1_0_2_q1                                                     |   in|   32|   ap_memory|                                               FFT_DIT_spatial_unroll_CY_stream_vector_stream_stream_vector_0_data_1_0_2|         array|
|FFT_DIT_spatial_unroll_CY_stream_vector_stream_stream_vector_0_data_1_0_6_address0                                               |  out|    5|   ap_memory|                                               FFT_DIT_spatial_unroll_CY_stream_vector_stream_stream_vector_0_data_1_0_6|         array|
|FFT_DIT_spatial_unroll_CY_stream_vector_stream_stream_vector_0_data_1_0_6_ce0                                                    |  out|    1|   ap_memory|                                               FFT_DIT_spatial_unroll_CY_stream_vector_stream_stream_vector_0_data_1_0_6|         array|
|FFT_DIT_spatial_unroll_CY_stream_vector_stream_stream_vector_0_data_1_0_6_q0                                                     |   in|   32|   ap_memory|                                               FFT_DIT_spatial_unroll_CY_stream_vector_stream_stream_vector_0_data_1_0_6|         array|
|FFT_DIT_spatial_unroll_CY_stream_vector_stream_stream_vector_0_data_1_0_6_address1                                               |  out|    5|   ap_memory|                                               FFT_DIT_spatial_unroll_CY_stream_vector_stream_stream_vector_0_data_1_0_6|         array|
|FFT_DIT_spatial_unroll_CY_stream_vector_stream_stream_vector_0_data_1_0_6_ce1                                                    |  out|    1|   ap_memory|                                               FFT_DIT_spatial_unroll_CY_stream_vector_stream_stream_vector_0_data_1_0_6|         array|
|FFT_DIT_spatial_unroll_CY_stream_vector_stream_stream_vector_0_data_1_0_6_q1                                                     |   in|   32|   ap_memory|                                               FFT_DIT_spatial_unroll_CY_stream_vector_stream_stream_vector_0_data_1_0_6|         array|
|FFT_DIT_spatial_unroll_CY_stream_vector_stream_stream_vector_0_data_1_0_3_address0                                               |  out|    5|   ap_memory|                                               FFT_DIT_spatial_unroll_CY_stream_vector_stream_stream_vector_0_data_1_0_3|         array|
|FFT_DIT_spatial_unroll_CY_stream_vector_stream_stream_vector_0_data_1_0_3_ce0                                                    |  out|    1|   ap_memory|                                               FFT_DIT_spatial_unroll_CY_stream_vector_stream_stream_vector_0_data_1_0_3|         array|
|FFT_DIT_spatial_unroll_CY_stream_vector_stream_stream_vector_0_data_1_0_3_q0                                                     |   in|   32|   ap_memory|                                               FFT_DIT_spatial_unroll_CY_stream_vector_stream_stream_vector_0_data_1_0_3|         array|
|FFT_DIT_spatial_unroll_CY_stream_vector_stream_stream_vector_0_data_1_0_3_address1                                               |  out|    5|   ap_memory|                                               FFT_DIT_spatial_unroll_CY_stream_vector_stream_stream_vector_0_data_1_0_3|         array|
|FFT_DIT_spatial_unroll_CY_stream_vector_stream_stream_vector_0_data_1_0_3_ce1                                                    |  out|    1|   ap_memory|                                               FFT_DIT_spatial_unroll_CY_stream_vector_stream_stream_vector_0_data_1_0_3|         array|
|FFT_DIT_spatial_unroll_CY_stream_vector_stream_stream_vector_0_data_1_0_3_q1                                                     |   in|   32|   ap_memory|                                               FFT_DIT_spatial_unroll_CY_stream_vector_stream_stream_vector_0_data_1_0_3|         array|
|FFT_DIT_spatial_unroll_CY_stream_vector_stream_stream_vector_0_data_1_0_7_address0                                               |  out|    5|   ap_memory|                                               FFT_DIT_spatial_unroll_CY_stream_vector_stream_stream_vector_0_data_1_0_7|         array|
|FFT_DIT_spatial_unroll_CY_stream_vector_stream_stream_vector_0_data_1_0_7_ce0                                                    |  out|    1|   ap_memory|                                               FFT_DIT_spatial_unroll_CY_stream_vector_stream_stream_vector_0_data_1_0_7|         array|
|FFT_DIT_spatial_unroll_CY_stream_vector_stream_stream_vector_0_data_1_0_7_q0                                                     |   in|   32|   ap_memory|                                               FFT_DIT_spatial_unroll_CY_stream_vector_stream_stream_vector_0_data_1_0_7|         array|
|FFT_DIT_spatial_unroll_CY_stream_vector_stream_stream_vector_0_data_1_0_7_address1                                               |  out|    5|   ap_memory|                                               FFT_DIT_spatial_unroll_CY_stream_vector_stream_stream_vector_0_data_1_0_7|         array|
|FFT_DIT_spatial_unroll_CY_stream_vector_stream_stream_vector_0_data_1_0_7_ce1                                                    |  out|    1|   ap_memory|                                               FFT_DIT_spatial_unroll_CY_stream_vector_stream_stream_vector_0_data_1_0_7|         array|
|FFT_DIT_spatial_unroll_CY_stream_vector_stream_stream_vector_0_data_1_0_7_q1                                                     |   in|   32|   ap_memory|                                               FFT_DIT_spatial_unroll_CY_stream_vector_stream_stream_vector_0_data_1_0_7|         array|
|FFT_DIT_spatial_unroll_CY_stream_vector_stream_stream_vector_0_data_1_1_1_address0                                               |  out|    5|   ap_memory|                                               FFT_DIT_spatial_unroll_CY_stream_vector_stream_stream_vector_0_data_1_1_1|         array|
|FFT_DIT_spatial_unroll_CY_stream_vector_stream_stream_vector_0_data_1_1_1_ce0                                                    |  out|    1|   ap_memory|                                               FFT_DIT_spatial_unroll_CY_stream_vector_stream_stream_vector_0_data_1_1_1|         array|
|FFT_DIT_spatial_unroll_CY_stream_vector_stream_stream_vector_0_data_1_1_1_q0                                                     |   in|   32|   ap_memory|                                               FFT_DIT_spatial_unroll_CY_stream_vector_stream_stream_vector_0_data_1_1_1|         array|
|FFT_DIT_spatial_unroll_CY_stream_vector_stream_stream_vector_0_data_1_1_1_address1                                               |  out|    5|   ap_memory|                                               FFT_DIT_spatial_unroll_CY_stream_vector_stream_stream_vector_0_data_1_1_1|         array|
|FFT_DIT_spatial_unroll_CY_stream_vector_stream_stream_vector_0_data_1_1_1_ce1                                                    |  out|    1|   ap_memory|                                               FFT_DIT_spatial_unroll_CY_stream_vector_stream_stream_vector_0_data_1_1_1|         array|
|FFT_DIT_spatial_unroll_CY_stream_vector_stream_stream_vector_0_data_1_1_1_q1                                                     |   in|   32|   ap_memory|                                               FFT_DIT_spatial_unroll_CY_stream_vector_stream_stream_vector_0_data_1_1_1|         array|
|FFT_DIT_spatial_unroll_CY_stream_vector_stream_stream_vector_0_data_1_1_5_address0                                               |  out|    5|   ap_memory|                                               FFT_DIT_spatial_unroll_CY_stream_vector_stream_stream_vector_0_data_1_1_5|         array|
|FFT_DIT_spatial_unroll_CY_stream_vector_stream_stream_vector_0_data_1_1_5_ce0                                                    |  out|    1|   ap_memory|                                               FFT_DIT_spatial_unroll_CY_stream_vector_stream_stream_vector_0_data_1_1_5|         array|
|FFT_DIT_spatial_unroll_CY_stream_vector_stream_stream_vector_0_data_1_1_5_q0                                                     |   in|   32|   ap_memory|                                               FFT_DIT_spatial_unroll_CY_stream_vector_stream_stream_vector_0_data_1_1_5|         array|
|FFT_DIT_spatial_unroll_CY_stream_vector_stream_stream_vector_0_data_1_1_5_address1                                               |  out|    5|   ap_memory|                                               FFT_DIT_spatial_unroll_CY_stream_vector_stream_stream_vector_0_data_1_1_5|         array|
|FFT_DIT_spatial_unroll_CY_stream_vector_stream_stream_vector_0_data_1_1_5_ce1                                                    |  out|    1|   ap_memory|                                               FFT_DIT_spatial_unroll_CY_stream_vector_stream_stream_vector_0_data_1_1_5|         array|
|FFT_DIT_spatial_unroll_CY_stream_vector_stream_stream_vector_0_data_1_1_5_q1                                                     |   in|   32|   ap_memory|                                               FFT_DIT_spatial_unroll_CY_stream_vector_stream_stream_vector_0_data_1_1_5|         array|
|FFT_DIT_spatial_unroll_CY_stream_vector_stream_stream_vector_0_data_1_1_2_address0                                               |  out|    5|   ap_memory|                                               FFT_DIT_spatial_unroll_CY_stream_vector_stream_stream_vector_0_data_1_1_2|         array|
|FFT_DIT_spatial_unroll_CY_stream_vector_stream_stream_vector_0_data_1_1_2_ce0                                                    |  out|    1|   ap_memory|                                               FFT_DIT_spatial_unroll_CY_stream_vector_stream_stream_vector_0_data_1_1_2|         array|
|FFT_DIT_spatial_unroll_CY_stream_vector_stream_stream_vector_0_data_1_1_2_q0                                                     |   in|   32|   ap_memory|                                               FFT_DIT_spatial_unroll_CY_stream_vector_stream_stream_vector_0_data_1_1_2|         array|
|FFT_DIT_spatial_unroll_CY_stream_vector_stream_stream_vector_0_data_1_1_2_address1                                               |  out|    5|   ap_memory|                                               FFT_DIT_spatial_unroll_CY_stream_vector_stream_stream_vector_0_data_1_1_2|         array|
|FFT_DIT_spatial_unroll_CY_stream_vector_stream_stream_vector_0_data_1_1_2_ce1                                                    |  out|    1|   ap_memory|                                               FFT_DIT_spatial_unroll_CY_stream_vector_stream_stream_vector_0_data_1_1_2|         array|
|FFT_DIT_spatial_unroll_CY_stream_vector_stream_stream_vector_0_data_1_1_2_q1                                                     |   in|   32|   ap_memory|                                               FFT_DIT_spatial_unroll_CY_stream_vector_stream_stream_vector_0_data_1_1_2|         array|
|FFT_DIT_spatial_unroll_CY_stream_vector_stream_stream_vector_0_data_1_1_6_address0                                               |  out|    5|   ap_memory|                                               FFT_DIT_spatial_unroll_CY_stream_vector_stream_stream_vector_0_data_1_1_6|         array|
|FFT_DIT_spatial_unroll_CY_stream_vector_stream_stream_vector_0_data_1_1_6_ce0                                                    |  out|    1|   ap_memory|                                               FFT_DIT_spatial_unroll_CY_stream_vector_stream_stream_vector_0_data_1_1_6|         array|
|FFT_DIT_spatial_unroll_CY_stream_vector_stream_stream_vector_0_data_1_1_6_q0                                                     |   in|   32|   ap_memory|                                               FFT_DIT_spatial_unroll_CY_stream_vector_stream_stream_vector_0_data_1_1_6|         array|
|FFT_DIT_spatial_unroll_CY_stream_vector_stream_stream_vector_0_data_1_1_6_address1                                               |  out|    5|   ap_memory|                                               FFT_DIT_spatial_unroll_CY_stream_vector_stream_stream_vector_0_data_1_1_6|         array|
|FFT_DIT_spatial_unroll_CY_stream_vector_stream_stream_vector_0_data_1_1_6_ce1                                                    |  out|    1|   ap_memory|                                               FFT_DIT_spatial_unroll_CY_stream_vector_stream_stream_vector_0_data_1_1_6|         array|
|FFT_DIT_spatial_unroll_CY_stream_vector_stream_stream_vector_0_data_1_1_6_q1                                                     |   in|   32|   ap_memory|                                               FFT_DIT_spatial_unroll_CY_stream_vector_stream_stream_vector_0_data_1_1_6|         array|
|FFT_DIT_spatial_unroll_CY_stream_vector_stream_stream_vector_0_data_1_1_3_address0                                               |  out|    5|   ap_memory|                                               FFT_DIT_spatial_unroll_CY_stream_vector_stream_stream_vector_0_data_1_1_3|         array|
|FFT_DIT_spatial_unroll_CY_stream_vector_stream_stream_vector_0_data_1_1_3_ce0                                                    |  out|    1|   ap_memory|                                               FFT_DIT_spatial_unroll_CY_stream_vector_stream_stream_vector_0_data_1_1_3|         array|
|FFT_DIT_spatial_unroll_CY_stream_vector_stream_stream_vector_0_data_1_1_3_q0                                                     |   in|   32|   ap_memory|                                               FFT_DIT_spatial_unroll_CY_stream_vector_stream_stream_vector_0_data_1_1_3|         array|
|FFT_DIT_spatial_unroll_CY_stream_vector_stream_stream_vector_0_data_1_1_3_address1                                               |  out|    5|   ap_memory|                                               FFT_DIT_spatial_unroll_CY_stream_vector_stream_stream_vector_0_data_1_1_3|         array|
|FFT_DIT_spatial_unroll_CY_stream_vector_stream_stream_vector_0_data_1_1_3_ce1                                                    |  out|    1|   ap_memory|                                               FFT_DIT_spatial_unroll_CY_stream_vector_stream_stream_vector_0_data_1_1_3|         array|
|FFT_DIT_spatial_unroll_CY_stream_vector_stream_stream_vector_0_data_1_1_3_q1                                                     |   in|   32|   ap_memory|                                               FFT_DIT_spatial_unroll_CY_stream_vector_stream_stream_vector_0_data_1_1_3|         array|
|FFT_DIT_spatial_unroll_CY_stream_vector_stream_stream_vector_0_data_1_1_7_address0                                               |  out|    5|   ap_memory|                                               FFT_DIT_spatial_unroll_CY_stream_vector_stream_stream_vector_0_data_1_1_7|         array|
|FFT_DIT_spatial_unroll_CY_stream_vector_stream_stream_vector_0_data_1_1_7_ce0                                                    |  out|    1|   ap_memory|                                               FFT_DIT_spatial_unroll_CY_stream_vector_stream_stream_vector_0_data_1_1_7|         array|
|FFT_DIT_spatial_unroll_CY_stream_vector_stream_stream_vector_0_data_1_1_7_q0                                                     |   in|   32|   ap_memory|                                               FFT_DIT_spatial_unroll_CY_stream_vector_stream_stream_vector_0_data_1_1_7|         array|
|FFT_DIT_spatial_unroll_CY_stream_vector_stream_stream_vector_0_data_1_1_7_address1                                               |  out|    5|   ap_memory|                                               FFT_DIT_spatial_unroll_CY_stream_vector_stream_stream_vector_0_data_1_1_7|         array|
|FFT_DIT_spatial_unroll_CY_stream_vector_stream_stream_vector_0_data_1_1_7_ce1                                                    |  out|    1|   ap_memory|                                               FFT_DIT_spatial_unroll_CY_stream_vector_stream_stream_vector_0_data_1_1_7|         array|
|FFT_DIT_spatial_unroll_CY_stream_vector_stream_stream_vector_0_data_1_1_7_q1                                                     |   in|   32|   ap_memory|                                               FFT_DIT_spatial_unroll_CY_stream_vector_stream_stream_vector_0_data_1_1_7|         array|
|FFT_DIT_spatial_unroll_CY_stream_vector_stream_stream_vector_0_data_1_0_0_address0                                               |  out|    5|   ap_memory|                                               FFT_DIT_spatial_unroll_CY_stream_vector_stream_stream_vector_0_data_1_0_0|         array|
|FFT_DIT_spatial_unroll_CY_stream_vector_stream_stream_vector_0_data_1_0_0_ce0                                                    |  out|    1|   ap_memory|                                               FFT_DIT_spatial_unroll_CY_stream_vector_stream_stream_vector_0_data_1_0_0|         array|
|FFT_DIT_spatial_unroll_CY_stream_vector_stream_stream_vector_0_data_1_0_0_q0                                                     |   in|   32|   ap_memory|                                               FFT_DIT_spatial_unroll_CY_stream_vector_stream_stream_vector_0_data_1_0_0|         array|
|FFT_DIT_spatial_unroll_CY_stream_vector_stream_stream_vector_0_data_1_0_0_address1                                               |  out|    5|   ap_memory|                                               FFT_DIT_spatial_unroll_CY_stream_vector_stream_stream_vector_0_data_1_0_0|         array|
|FFT_DIT_spatial_unroll_CY_stream_vector_stream_stream_vector_0_data_1_0_0_ce1                                                    |  out|    1|   ap_memory|                                               FFT_DIT_spatial_unroll_CY_stream_vector_stream_stream_vector_0_data_1_0_0|         array|
|FFT_DIT_spatial_unroll_CY_stream_vector_stream_stream_vector_0_data_1_0_0_q1                                                     |   in|   32|   ap_memory|                                               FFT_DIT_spatial_unroll_CY_stream_vector_stream_stream_vector_0_data_1_0_0|         array|
|FFT_DIT_spatial_unroll_CY_stream_vector_stream_stream_vector_0_data_1_0_4_address0                                               |  out|    5|   ap_memory|                                               FFT_DIT_spatial_unroll_CY_stream_vector_stream_stream_vector_0_data_1_0_4|         array|
|FFT_DIT_spatial_unroll_CY_stream_vector_stream_stream_vector_0_data_1_0_4_ce0                                                    |  out|    1|   ap_memory|                                               FFT_DIT_spatial_unroll_CY_stream_vector_stream_stream_vector_0_data_1_0_4|         array|
|FFT_DIT_spatial_unroll_CY_stream_vector_stream_stream_vector_0_data_1_0_4_q0                                                     |   in|   32|   ap_memory|                                               FFT_DIT_spatial_unroll_CY_stream_vector_stream_stream_vector_0_data_1_0_4|         array|
|FFT_DIT_spatial_unroll_CY_stream_vector_stream_stream_vector_0_data_1_0_4_address1                                               |  out|    5|   ap_memory|                                               FFT_DIT_spatial_unroll_CY_stream_vector_stream_stream_vector_0_data_1_0_4|         array|
|FFT_DIT_spatial_unroll_CY_stream_vector_stream_stream_vector_0_data_1_0_4_ce1                                                    |  out|    1|   ap_memory|                                               FFT_DIT_spatial_unroll_CY_stream_vector_stream_stream_vector_0_data_1_0_4|         array|
|FFT_DIT_spatial_unroll_CY_stream_vector_stream_stream_vector_0_data_1_0_4_q1                                                     |   in|   32|   ap_memory|                                               FFT_DIT_spatial_unroll_CY_stream_vector_stream_stream_vector_0_data_1_0_4|         array|
|FFT_DIT_spatial_unroll_CY_stream_vector_stream_stream_vector_0_data_1_1_0_address0                                               |  out|    5|   ap_memory|                                               FFT_DIT_spatial_unroll_CY_stream_vector_stream_stream_vector_0_data_1_1_0|         array|
|FFT_DIT_spatial_unroll_CY_stream_vector_stream_stream_vector_0_data_1_1_0_ce0                                                    |  out|    1|   ap_memory|                                               FFT_DIT_spatial_unroll_CY_stream_vector_stream_stream_vector_0_data_1_1_0|         array|
|FFT_DIT_spatial_unroll_CY_stream_vector_stream_stream_vector_0_data_1_1_0_q0                                                     |   in|   32|   ap_memory|                                               FFT_DIT_spatial_unroll_CY_stream_vector_stream_stream_vector_0_data_1_1_0|         array|
|FFT_DIT_spatial_unroll_CY_stream_vector_stream_stream_vector_0_data_1_1_0_address1                                               |  out|    5|   ap_memory|                                               FFT_DIT_spatial_unroll_CY_stream_vector_stream_stream_vector_0_data_1_1_0|         array|
|FFT_DIT_spatial_unroll_CY_stream_vector_stream_stream_vector_0_data_1_1_0_ce1                                                    |  out|    1|   ap_memory|                                               FFT_DIT_spatial_unroll_CY_stream_vector_stream_stream_vector_0_data_1_1_0|         array|
|FFT_DIT_spatial_unroll_CY_stream_vector_stream_stream_vector_0_data_1_1_0_q1                                                     |   in|   32|   ap_memory|                                               FFT_DIT_spatial_unroll_CY_stream_vector_stream_stream_vector_0_data_1_1_0|         array|
|FFT_DIT_spatial_unroll_CY_stream_vector_stream_stream_vector_0_data_1_1_4_address0                                               |  out|    5|   ap_memory|                                               FFT_DIT_spatial_unroll_CY_stream_vector_stream_stream_vector_0_data_1_1_4|         array|
|FFT_DIT_spatial_unroll_CY_stream_vector_stream_stream_vector_0_data_1_1_4_ce0                                                    |  out|    1|   ap_memory|                                               FFT_DIT_spatial_unroll_CY_stream_vector_stream_stream_vector_0_data_1_1_4|         array|
|FFT_DIT_spatial_unroll_CY_stream_vector_stream_stream_vector_0_data_1_1_4_q0                                                     |   in|   32|   ap_memory|                                               FFT_DIT_spatial_unroll_CY_stream_vector_stream_stream_vector_0_data_1_1_4|         array|
|FFT_DIT_spatial_unroll_CY_stream_vector_stream_stream_vector_0_data_1_1_4_address1                                               |  out|    5|   ap_memory|                                               FFT_DIT_spatial_unroll_CY_stream_vector_stream_stream_vector_0_data_1_1_4|         array|
|FFT_DIT_spatial_unroll_CY_stream_vector_stream_stream_vector_0_data_1_1_4_ce1                                                    |  out|    1|   ap_memory|                                               FFT_DIT_spatial_unroll_CY_stream_vector_stream_stream_vector_0_data_1_1_4|         array|
|FFT_DIT_spatial_unroll_CY_stream_vector_stream_stream_vector_0_data_1_1_4_q1                                                     |   in|   32|   ap_memory|                                               FFT_DIT_spatial_unroll_CY_stream_vector_stream_stream_vector_0_data_1_1_4|         array|
+---------------------------------------------------------------------------------------------------------------------------------+-----+-----+------------+------------------------------------------------------------------------------------------------------------------------+--------------+

