

================================================================
== Vitis HLS Report for 'FFT_stage_spatial_unroll_3_s'
================================================================
* Date:           Wed Apr  2 21:41:33 2025

* Version:        2024.2 (Build 5238294 on Nov  8 2024)
* Project:        build
* Solution:       FFT_250MHz (Vivado IP Flow Target)
* Product family: versalpremium
* Target device:  xcvp1802-lsvc4072-3HP-e-S


================================================================
== Performance Estimates
================================================================
+ Timing: 
    * Summary: 
    +--------+---------+----------+------------+
    |  Clock |  Target | Estimated| Uncertainty|
    +--------+---------+----------+------------+
    |ap_clk  |  4.00 ns|  2.885 ns|     1.08 ns|
    +--------+---------+----------+------------+

+ Latency: 
    * Summary: 
    +---------+---------+----------+----------+-----+-----+------------------------------------------------+
    |  Latency (cycles) |  Latency (absolute) |  Interval |                    Pipeline                    |
    |   min   |   max   |    min   |    max   | min | max |                      Type                      |
    +---------+---------+----------+----------+-----+-----+------------------------------------------------+
    |       43|       43|  0.172 us|  0.172 us|   32|   32|  loop auto-rewind stp (delay=0 clock cycles(s))|
    +---------+---------+----------+----------+-----+-----+------------------------------------------------+

    + Detail: 
        * Instance: 
        N/A

        * Loop: 
        +---------------+---------+---------+----------+-----------+-----------+------+----------+
        |               |  Latency (cycles) | Iteration|  Initiation Interval  | Trip |          |
        |   Loop Name   |   min   |   max   |  Latency |  achieved |   target  | Count| Pipelined|
        +---------------+---------+---------+----------+-----------+-----------+------+----------+
        |- R_Pair_loop  |       41|       41|        11|          1|          1|    32|       yes|
        +---------------+---------+---------+----------+-----------+-----------+------+----------+



================================================================
== Utilization Estimates
================================================================
* Summary: 
+---------------------+---------+-------+---------+---------+------+
|         Name        | BRAM_18K|  DSP  |    FF   |   LUT   | URAM |
+---------------------+---------+-------+---------+---------+------+
|DSP                  |        -|      -|        -|        -|     -|
|Expression           |        -|      -|        0|       15|     -|
|FIFO                 |        -|      -|        -|        -|     -|
|Instance             |        -|      6|     2646|     6410|     -|
|Memory               |        -|      -|        -|        -|     -|
|Multiplexer          |        -|      -|        0|      624|     -|
|Register             |        -|      -|     2486|      248|     -|
+---------------------+---------+-------+---------+---------+------+
|Total                |        0|      6|     5132|     7297|     0|
+---------------------+---------+-------+---------+---------+------+
|Available SLR        |     2470|   3588|  1680448|   840224|   637|
+---------------------+---------+-------+---------+---------+------+
|Utilization SLR (%)  |        0|     ~0|       ~0|       ~0|     0|
+---------------------+---------+-------+---------+---------+------+
|Available            |     9882|  14352|  6721792|  3360896|  2549|
+---------------------+---------+-------+---------+---------+------+
|Utilization (%)      |        0|     ~0|       ~0|       ~0|     0|
+---------------------+---------+-------+---------+---------+------+

+ Detail: 
    * Instance: 
    +----------------------------------------------------+------------------------------------------------+---------+----+-----+-----+-----+
    |                      Instance                      |                     Module                     | BRAM_18K| DSP|  FF | LUT | URAM|
    +----------------------------------------------------+------------------------------------------------+---------+----+-----+-----+-----+
    |fadd_32ns_32ns_32_4_no_dsp_1_U59                    |fadd_32ns_32ns_32_4_no_dsp_1                    |        0|   0|  147|  356|    0|
    |fadd_32ns_32ns_32_4_no_dsp_1_U60                    |fadd_32ns_32ns_32_4_no_dsp_1                    |        0|   0|  147|  356|    0|
    |fadd_32ns_32ns_32_4_no_dsp_1_U61                    |fadd_32ns_32ns_32_4_no_dsp_1                    |        0|   0|  147|  356|    0|
    |fadd_32ns_32ns_32_4_no_dsp_1_U64                    |fadd_32ns_32ns_32_4_no_dsp_1                    |        0|   0|  147|  356|    0|
    |fadd_32ns_32ns_32_4_no_dsp_1_U65                    |fadd_32ns_32ns_32_4_no_dsp_1                    |        0|   0|  147|  356|    0|
    |fadd_32ns_32ns_32_4_no_dsp_1_U69                    |fadd_32ns_32ns_32_4_no_dsp_1                    |        0|   0|  147|  356|    0|
    |fadd_32ns_32ns_32_4_no_dsp_1_U70                    |fadd_32ns_32ns_32_4_no_dsp_1                    |        0|   0|  147|  356|    0|
    |fadd_32ns_32ns_32_4_no_dsp_1_U72                    |fadd_32ns_32ns_32_4_no_dsp_1                    |        0|   0|  147|  356|    0|
    |fadd_32ns_32ns_32_4_no_dsp_1_U73                    |fadd_32ns_32ns_32_4_no_dsp_1                    |        0|   0|  147|  356|    0|
    |fmadd_32ns_32ns_32ns_32ns_32_1_primitive_dsp_1_U80  |fmadd_32ns_32ns_32ns_32ns_32_1_primitive_dsp_1  |        0|   1|    0|    1|    0|
    |fmsub_32ns_32ns_32ns_32ns_32_1_primitive_dsp_1_U81  |fmsub_32ns_32ns_32ns_32ns_32_1_primitive_dsp_1  |        0|   1|    0|    1|    0|
    |fmul_32ns_32ns_32_1_primitive_dsp_1_U76             |fmul_32ns_32ns_32_1_primitive_dsp_1             |        0|   1|    0|    0|    0|
    |fmul_32ns_32ns_32_1_primitive_dsp_1_U77             |fmul_32ns_32ns_32_1_primitive_dsp_1             |        0|   1|    0|    0|    0|
    |fmul_32ns_32ns_32_1_primitive_dsp_1_U78             |fmul_32ns_32ns_32_1_primitive_dsp_1             |        0|   1|    0|    0|    0|
    |fmul_32ns_32ns_32_1_primitive_dsp_1_U79             |fmul_32ns_32ns_32_1_primitive_dsp_1             |        0|   1|    0|    0|    0|
    |fsub_32ns_32ns_32_4_no_dsp_1_U58                    |fsub_32ns_32ns_32_4_no_dsp_1                    |        0|   0|  147|  356|    0|
    |fsub_32ns_32ns_32_4_no_dsp_1_U62                    |fsub_32ns_32ns_32_4_no_dsp_1                    |        0|   0|  147|  356|    0|
    |fsub_32ns_32ns_32_4_no_dsp_1_U63                    |fsub_32ns_32ns_32_4_no_dsp_1                    |        0|   0|  147|  356|    0|
    |fsub_32ns_32ns_32_4_no_dsp_1_U66                    |fsub_32ns_32ns_32_4_no_dsp_1                    |        0|   0|  147|  356|    0|
    |fsub_32ns_32ns_32_4_no_dsp_1_U67                    |fsub_32ns_32ns_32_4_no_dsp_1                    |        0|   0|  147|  356|    0|
    |fsub_32ns_32ns_32_4_no_dsp_1_U68                    |fsub_32ns_32ns_32_4_no_dsp_1                    |        0|   0|  147|  356|    0|
    |fsub_32ns_32ns_32_4_no_dsp_1_U71                    |fsub_32ns_32ns_32_4_no_dsp_1                    |        0|   0|  147|  356|    0|
    |fsub_32ns_32ns_32_4_no_dsp_1_U74                    |fsub_32ns_32ns_32_4_no_dsp_1                    |        0|   0|  147|  356|    0|
    |fsub_32ns_32ns_32_4_no_dsp_1_U75                    |fsub_32ns_32ns_32_4_no_dsp_1                    |        0|   0|  147|  356|    0|
    +----------------------------------------------------+------------------------------------------------+---------+----+-----+-----+-----+
    |Total                                               |                                                |        0|   6| 2646| 6410|    0|
    +----------------------------------------------------+------------------------------------------------+---------+----+-----+-----+-----+

    * DSP: 
    N/A

    * Memory: 
    N/A

    * FIFO: 
    N/A

    * Expression: 
    +---------------------------+----------+----+---+----+------------+------------+
    |       Variable Name       | Operation| DSP| FF| LUT| Bitwidth P0| Bitwidth P1|
    +---------------------------+----------+----+---+----+------------+------------+
    |m_fu_814_p2                |         +|   0|  0|   9|           9|           4|
    |ap_condition_561           |       and|   0|  0|   2|           1|           1|
    |ap_block_pp0_stage0_11001  |        or|   0|  0|   2|           1|           1|
    |ap_enable_pp0              |       xor|   0|  0|   2|           1|           2|
    +---------------------------+----------+----+---+----+------------+------------+
    |Total                      |          |   0|  0|  15|          12|           8|
    +---------------------------+----------+----+---+----+------------+------------+

    * Multiplexer: 
    +-----------------------------------+----+-----------+-----+-----------+
    |                Name               | LUT| Input Size| Bits| Total Bits|
    +-----------------------------------+----+-----------+-----+-----------+
    |ap_done_int                        |   8|          2|    1|          2|
    |ap_loop_exit_ready_pp0_iter10_reg  |   8|          2|    1|          2|
    |ap_sig_allocacmp_m189_load         |  16|          2|    9|         18|
    |grp_fu_680_p2                      |  32|          2|   32|         64|
    |grp_fu_684_p2                      |  32|          2|   32|         64|
    |grp_fu_688_p2                      |  32|          2|   32|         64|
    |grp_fu_693_p2                      |  32|          2|   32|         64|
    |grp_fu_698_p2                      |  32|          2|   32|         64|
    |grp_fu_703_p2                      |  32|          2|   32|         64|
    |grp_fu_708_p2                      |  32|          2|   32|         64|
    |grp_fu_713_p2                      |  32|          2|   32|         64|
    |grp_fu_718_p2                      |  32|          2|   32|         64|
    |grp_fu_723_p2                      |  32|          2|   32|         64|
    |grp_fu_728_p2                      |  32|          2|   32|         64|
    |grp_fu_733_p2                      |  32|          2|   32|         64|
    |grp_fu_738_p2                      |  32|          2|   32|         64|
    |grp_fu_743_p2                      |  32|          2|   32|         64|
    |grp_fu_748_p2                      |  32|          2|   32|         64|
    |grp_fu_753_p2                      |  32|          2|   32|         64|
    |grp_fu_758_p2                      |  32|          2|   32|         64|
    |grp_fu_763_p2                      |  32|          2|   32|         64|
    |m189_fu_196                        |  16|          2|    9|         18|
    +-----------------------------------+----+-----------+-----+-----------+
    |Total                              | 624|         44|  596|       1192|
    +-----------------------------------+----+-----------+-----+-----------+

    * Register: 
    +--------------------------------------------------------------------------------+----+----+-----+-----------+
    |                                      Name                                      | FF | LUT| Bits| Const Bits|
    +--------------------------------------------------------------------------------+----+----+-----+-----------+
    |FFT_DIT_spatial_unroll_CY_stream_vector_stream_stream_data_0_0_1_load_reg_1360  |  32|   0|   32|          0|
    |FFT_DIT_spatial_unroll_CY_stream_vector_stream_stream_data_0_0_2_load_reg_1376  |  32|   0|   32|          0|
    |FFT_DIT_spatial_unroll_CY_stream_vector_stream_stream_data_0_0_3_load_reg_1392  |  32|   0|   32|          0|
    |FFT_DIT_spatial_unroll_CY_stream_vector_stream_stream_data_0_0_5_load_reg_1368  |  32|   0|   32|          0|
    |FFT_DIT_spatial_unroll_CY_stream_vector_stream_stream_data_0_0_6_load_reg_1384  |  32|   0|   32|          0|
    |FFT_DIT_spatial_unroll_CY_stream_vector_stream_stream_data_0_1_1_load_reg_1400  |  32|   0|   32|          0|
    |FFT_DIT_spatial_unroll_CY_stream_vector_stream_stream_data_0_1_2_load_reg_1416  |  32|   0|   32|          0|
    |FFT_DIT_spatial_unroll_CY_stream_vector_stream_stream_data_0_1_3_load_reg_1432  |  32|   0|   32|          0|
    |FFT_DIT_spatial_unroll_CY_stream_vector_stream_stream_data_0_1_5_load_reg_1408  |  32|   0|   32|          0|
    |FFT_DIT_spatial_unroll_CY_stream_vector_stream_stream_data_0_1_6_load_reg_1424  |  32|   0|   32|          0|
    |ac_reg_1440                                                                     |  32|   0|   32|          0|
    |ap_CS_fsm                                                                       |   1|   0|    1|          0|
    |ap_done_reg                                                                     |   1|   0|    1|          0|
    |ap_enable_reg_pp0_iter1                                                         |   1|   0|    1|          0|
    |ap_enable_reg_pp0_iter10                                                        |   1|   0|    1|          0|
    |ap_enable_reg_pp0_iter2                                                         |   1|   0|    1|          0|
    |ap_enable_reg_pp0_iter3                                                         |   1|   0|    1|          0|
    |ap_enable_reg_pp0_iter4                                                         |   1|   0|    1|          0|
    |ap_enable_reg_pp0_iter5                                                         |   1|   0|    1|          0|
    |ap_enable_reg_pp0_iter6                                                         |   1|   0|    1|          0|
    |ap_enable_reg_pp0_iter7                                                         |   1|   0|    1|          0|
    |ap_enable_reg_pp0_iter8                                                         |   1|   0|    1|          0|
    |ap_enable_reg_pp0_iter9                                                         |   1|   0|    1|          0|
    |ap_loop_exit_ready_pp0_iter10_reg                                               |   1|   0|    1|          0|
    |ap_loop_exit_ready_pp0_iter1_reg                                                |   1|   0|    1|          0|
    |ap_loop_exit_ready_pp0_iter2_reg                                                |   1|   0|    1|          0|
    |ap_loop_exit_ready_pp0_iter3_reg                                                |   1|   0|    1|          0|
    |ap_loop_exit_ready_pp0_iter4_reg                                                |   1|   0|    1|          0|
    |ap_loop_exit_ready_pp0_iter5_reg                                                |   1|   0|    1|          0|
    |ap_loop_exit_ready_pp0_iter6_reg                                                |   1|   0|    1|          0|
    |ap_loop_exit_ready_pp0_iter7_reg                                                |   1|   0|    1|          0|
    |ap_loop_exit_ready_pp0_iter8_reg                                                |   1|   0|    1|          0|
    |ap_loop_exit_ready_pp0_iter9_reg                                                |   1|   0|    1|          0|
    |bc_i_reg_1462                                                                   |  32|   0|   32|          0|
    |bd_i_reg_1456                                                                   |  32|   0|   32|          0|
    |bd_reg_1448                                                                     |  32|   0|   32|          0|
    |d0_8_reg_1336                                                                   |  32|   0|   32|          0|
    |d0_reg_1328                                                                     |  32|   0|   32|          0|
    |d1_25_reg_1352                                                                  |  32|   0|   32|          0|
    |d1_imag_i_reg_1476                                                              |  32|   0|   32|          0|
    |d1_real_i_reg_1468                                                              |  32|   0|   32|          0|
    |d1_reg_1344                                                                     |  32|   0|   32|          0|
    |grp_fu_680_ce                                                                   |   1|   0|    1|          0|
    |grp_fu_680_p0                                                                   |  32|   0|   32|          0|
    |grp_fu_680_p1                                                                   |  32|   0|   32|          0|
    |grp_fu_684_ce                                                                   |   1|   0|    1|          0|
    |grp_fu_684_p0                                                                   |  32|   0|   32|          0|
    |grp_fu_684_p1                                                                   |  32|   0|   32|          0|
    |grp_fu_688_ce                                                                   |   1|   0|    1|          0|
    |grp_fu_688_p0                                                                   |  32|   0|   32|          0|
    |grp_fu_688_p1                                                                   |  32|   0|   32|          0|
    |grp_fu_693_ce                                                                   |   1|   0|    1|          0|
    |grp_fu_693_p0                                                                   |  32|   0|   32|          0|
    |grp_fu_693_p1                                                                   |  32|   0|   32|          0|
    |grp_fu_698_ce                                                                   |   1|   0|    1|          0|
    |grp_fu_698_p0                                                                   |  32|   0|   32|          0|
    |grp_fu_698_p1                                                                   |  32|   0|   32|          0|
    |grp_fu_703_ce                                                                   |   1|   0|    1|          0|
    |grp_fu_703_p0                                                                   |  32|   0|   32|          0|
    |grp_fu_703_p1                                                                   |  32|   0|   32|          0|
    |grp_fu_708_ce                                                                   |   1|   0|    1|          0|
    |grp_fu_708_p0                                                                   |  32|   0|   32|          0|
    |grp_fu_708_p1                                                                   |  32|   0|   32|          0|
    |grp_fu_713_ce                                                                   |   1|   0|    1|          0|
    |grp_fu_713_p0                                                                   |  32|   0|   32|          0|
    |grp_fu_713_p1                                                                   |  32|   0|   32|          0|
    |grp_fu_718_ce                                                                   |   1|   0|    1|          0|
    |grp_fu_718_p0                                                                   |  32|   0|   32|          0|
    |grp_fu_718_p1                                                                   |  32|   0|   32|          0|
    |grp_fu_723_ce                                                                   |   1|   0|    1|          0|
    |grp_fu_723_p0                                                                   |  32|   0|   32|          0|
    |grp_fu_723_p1                                                                   |  32|   0|   32|          0|
    |grp_fu_728_ce                                                                   |   1|   0|    1|          0|
    |grp_fu_728_p0                                                                   |  32|   0|   32|          0|
    |grp_fu_728_p1                                                                   |  32|   0|   32|          0|
    |grp_fu_733_ce                                                                   |   1|   0|    1|          0|
    |grp_fu_733_p0                                                                   |  32|   0|   32|          0|
    |grp_fu_733_p1                                                                   |  32|   0|   32|          0|
    |grp_fu_738_ce                                                                   |   1|   0|    1|          0|
    |grp_fu_738_p0                                                                   |  32|   0|   32|          0|
    |grp_fu_738_p1                                                                   |  32|   0|   32|          0|
    |grp_fu_743_ce                                                                   |   1|   0|    1|          0|
    |grp_fu_743_p0                                                                   |  32|   0|   32|          0|
    |grp_fu_743_p1                                                                   |  32|   0|   32|          0|
    |grp_fu_748_ce                                                                   |   1|   0|    1|          0|
    |grp_fu_748_p0                                                                   |  32|   0|   32|          0|
    |grp_fu_748_p1                                                                   |  32|   0|   32|          0|
    |grp_fu_753_ce                                                                   |   1|   0|    1|          0|
    |grp_fu_753_p0                                                                   |  32|   0|   32|          0|
    |grp_fu_753_p1                                                                   |  32|   0|   32|          0|
    |grp_fu_758_ce                                                                   |   1|   0|    1|          0|
    |grp_fu_758_p0                                                                   |  32|   0|   32|          0|
    |grp_fu_758_p1                                                                   |  32|   0|   32|          0|
    |grp_fu_763_ce                                                                   |   1|   0|    1|          0|
    |grp_fu_763_p0                                                                   |  32|   0|   32|          0|
    |grp_fu_763_p1                                                                   |  32|   0|   32|          0|
    |m189_fu_196                                                                     |   9|   0|    9|          0|
    |pre_grp_fu_680_p2_reg                                                           |  32|   0|   32|          0|
    |pre_grp_fu_684_p2_reg                                                           |  32|   0|   32|          0|
    |pre_grp_fu_688_p2_reg                                                           |  32|   0|   32|          0|
    |pre_grp_fu_693_p2_reg                                                           |  32|   0|   32|          0|
    |pre_grp_fu_698_p2_reg                                                           |  32|   0|   32|          0|
    |pre_grp_fu_703_p2_reg                                                           |  32|   0|   32|          0|
    |pre_grp_fu_708_p2_reg                                                           |  32|   0|   32|          0|
    |pre_grp_fu_713_p2_reg                                                           |  32|   0|   32|          0|
    |pre_grp_fu_718_p2_reg                                                           |  32|   0|   32|          0|
    |pre_grp_fu_723_p2_reg                                                           |  32|   0|   32|          0|
    |pre_grp_fu_728_p2_reg                                                           |  32|   0|   32|          0|
    |pre_grp_fu_733_p2_reg                                                           |  32|   0|   32|          0|
    |pre_grp_fu_738_p2_reg                                                           |  32|   0|   32|          0|
    |pre_grp_fu_743_p2_reg                                                           |  32|   0|   32|          0|
    |pre_grp_fu_748_p2_reg                                                           |  32|   0|   32|          0|
    |pre_grp_fu_753_p2_reg                                                           |  32|   0|   32|          0|
    |pre_grp_fu_758_p2_reg                                                           |  32|   0|   32|          0|
    |pre_grp_fu_763_p2_reg                                                           |  32|   0|   32|          0|
    |zext_ln368_reg_1224                                                             |   5|   0|   64|         59|
    |FFT_DIT_spatial_unroll_CY_stream_vector_stream_stream_data_0_0_1_load_reg_1360  |   0|  16|   32|          0|
    |FFT_DIT_spatial_unroll_CY_stream_vector_stream_stream_data_0_0_2_load_reg_1376  |   0|  16|   32|          0|
    |FFT_DIT_spatial_unroll_CY_stream_vector_stream_stream_data_0_0_3_load_reg_1392  |   0|  16|   32|          0|
    |FFT_DIT_spatial_unroll_CY_stream_vector_stream_stream_data_0_0_5_load_reg_1368  |   0|  16|   32|          0|
    |FFT_DIT_spatial_unroll_CY_stream_vector_stream_stream_data_0_0_6_load_reg_1384  |   0|  16|   32|          0|
    |FFT_DIT_spatial_unroll_CY_stream_vector_stream_stream_data_0_1_1_load_reg_1400  |   0|  16|   32|          0|
    |FFT_DIT_spatial_unroll_CY_stream_vector_stream_stream_data_0_1_2_load_reg_1416  |   0|  16|   32|          0|
    |FFT_DIT_spatial_unroll_CY_stream_vector_stream_stream_data_0_1_3_load_reg_1432  |   0|  16|   32|          0|
    |FFT_DIT_spatial_unroll_CY_stream_vector_stream_stream_data_0_1_5_load_reg_1408  |  64|  32|   32|          0|
    |FFT_DIT_spatial_unroll_CY_stream_vector_stream_stream_data_0_1_6_load_reg_1424  |   0|  16|   32|          0|
    |d0_8_reg_1336                                                                   |   0|  16|   32|          0|
    |d0_reg_1328                                                                     |   0|  16|   32|          0|
    |d1_25_reg_1352                                                                  |   0|  16|   32|          0|
    |d1_reg_1344                                                                     |   0|  16|   32|          0|
    |zext_ln368_reg_1224                                                             |   0|   8|   64|         59|
    +--------------------------------------------------------------------------------+----+----+-----+-----------+
    |Total                                                                           |2486| 248| 2993|        118|
    +--------------------------------------------------------------------------------+----+----+-----+-----------+



================================================================
== Interface
================================================================
* Summary: 
+---------------------------------------------------------------------------------------------------------------------------------+-----+-----+------------+------------------------------------------------------------------------------------------------------------------------+--------------+
|                                                            RTL Ports                                                            | Dir | Bits|  Protocol  |                                                      Source Object                                                     |    C Type    |
+---------------------------------------------------------------------------------------------------------------------------------+-----+-----+------------+------------------------------------------------------------------------------------------------------------------------+--------------+
|ap_clk                                                                                                                           |   in|    1|  ap_ctrl_hs|                                                                                             FFT_stage_spatial_unroll<3>|  return value|
|ap_rst                                                                                                                           |   in|    1|  ap_ctrl_hs|                                                                                             FFT_stage_spatial_unroll<3>|  return value|
|ap_start                                                                                                                         |   in|    1|  ap_ctrl_hs|                                                                                             FFT_stage_spatial_unroll<3>|  return value|
|ap_done                                                                                                                          |  out|    1|  ap_ctrl_hs|                                                                                             FFT_stage_spatial_unroll<3>|  return value|
|ap_continue                                                                                                                      |   in|    1|  ap_ctrl_hs|                                                                                             FFT_stage_spatial_unroll<3>|  return value|
|ap_idle                                                                                                                          |  out|    1|  ap_ctrl_hs|                                                                                             FFT_stage_spatial_unroll<3>|  return value|
|ap_ready                                                                                                                         |  out|    1|  ap_ctrl_hs|                                                                                             FFT_stage_spatial_unroll<3>|  return value|
|FFT_DIT_spatial_unroll_CY_stream_vector_stream_vector_complex_float_8ul_0_stream_vector_complex_float_8ul_0_data_1_0_0_address1  |  out|    5|   ap_memory|  FFT_DIT_spatial_unroll_CY_stream_vector_stream_vector_complex_float_8ul_0_stream_vector_complex_float_8ul_0_data_1_0_0|         array|
|FFT_DIT_spatial_unroll_CY_stream_vector_stream_vector_complex_float_8ul_0_stream_vector_complex_float_8ul_0_data_1_0_0_ce1       |  out|    1|   ap_memory|  FFT_DIT_spatial_unroll_CY_stream_vector_stream_vector_complex_float_8ul_0_stream_vector_complex_float_8ul_0_data_1_0_0|         array|
|FFT_DIT_spatial_unroll_CY_stream_vector_stream_vector_complex_float_8ul_0_stream_vector_complex_float_8ul_0_data_1_0_0_we1       |  out|    1|   ap_memory|  FFT_DIT_spatial_unroll_CY_stream_vector_stream_vector_complex_float_8ul_0_stream_vector_complex_float_8ul_0_data_1_0_0|         array|
|FFT_DIT_spatial_unroll_CY_stream_vector_stream_vector_complex_float_8ul_0_stream_vector_complex_float_8ul_0_data_1_0_0_d1        |  out|   32|   ap_memory|  FFT_DIT_spatial_unroll_CY_stream_vector_stream_vector_complex_float_8ul_0_stream_vector_complex_float_8ul_0_data_1_0_0|         array|
|FFT_DIT_spatial_unroll_CY_stream_vector_stream_vector_complex_float_8ul_0_stream_vector_complex_float_8ul_0_data_1_0_1_address1  |  out|    5|   ap_memory|  FFT_DIT_spatial_unroll_CY_stream_vector_stream_vector_complex_float_8ul_0_stream_vector_complex_float_8ul_0_data_1_0_1|         array|
|FFT_DIT_spatial_unroll_CY_stream_vector_stream_vector_complex_float_8ul_0_stream_vector_complex_float_8ul_0_data_1_0_1_ce1       |  out|    1|   ap_memory|  FFT_DIT_spatial_unroll_CY_stream_vector_stream_vector_complex_float_8ul_0_stream_vector_complex_float_8ul_0_data_1_0_1|         array|
|FFT_DIT_spatial_unroll_CY_stream_vector_stream_vector_complex_float_8ul_0_stream_vector_complex_float_8ul_0_data_1_0_1_we1       |  out|    1|   ap_memory|  FFT_DIT_spatial_unroll_CY_stream_vector_stream_vector_complex_float_8ul_0_stream_vector_complex_float_8ul_0_data_1_0_1|         array|
|FFT_DIT_spatial_unroll_CY_stream_vector_stream_vector_complex_float_8ul_0_stream_vector_complex_float_8ul_0_data_1_0_1_d1        |  out|   32|   ap_memory|  FFT_DIT_spatial_unroll_CY_stream_vector_stream_vector_complex_float_8ul_0_stream_vector_complex_float_8ul_0_data_1_0_1|         array|
|FFT_DIT_spatial_unroll_CY_stream_vector_stream_vector_complex_float_8ul_0_stream_vector_complex_float_8ul_0_data_1_0_2_address1  |  out|    5|   ap_memory|  FFT_DIT_spatial_unroll_CY_stream_vector_stream_vector_complex_float_8ul_0_stream_vector_complex_float_8ul_0_data_1_0_2|         array|
|FFT_DIT_spatial_unroll_CY_stream_vector_stream_vector_complex_float_8ul_0_stream_vector_complex_float_8ul_0_data_1_0_2_ce1       |  out|    1|   ap_memory|  FFT_DIT_spatial_unroll_CY_stream_vector_stream_vector_complex_float_8ul_0_stream_vector_complex_float_8ul_0_data_1_0_2|         array|
|FFT_DIT_spatial_unroll_CY_stream_vector_stream_vector_complex_float_8ul_0_stream_vector_complex_float_8ul_0_data_1_0_2_we1       |  out|    1|   ap_memory|  FFT_DIT_spatial_unroll_CY_stream_vector_stream_vector_complex_float_8ul_0_stream_vector_complex_float_8ul_0_data_1_0_2|         array|
|FFT_DIT_spatial_unroll_CY_stream_vector_stream_vector_complex_float_8ul_0_stream_vector_complex_float_8ul_0_data_1_0_2_d1        |  out|   32|   ap_memory|  FFT_DIT_spatial_unroll_CY_stream_vector_stream_vector_complex_float_8ul_0_stream_vector_complex_float_8ul_0_data_1_0_2|         array|
|FFT_DIT_spatial_unroll_CY_stream_vector_stream_vector_complex_float_8ul_0_stream_vector_complex_float_8ul_0_data_1_0_3_address1  |  out|    5|   ap_memory|  FFT_DIT_spatial_unroll_CY_stream_vector_stream_vector_complex_float_8ul_0_stream_vector_complex_float_8ul_0_data_1_0_3|         array|
|FFT_DIT_spatial_unroll_CY_stream_vector_stream_vector_complex_float_8ul_0_stream_vector_complex_float_8ul_0_data_1_0_3_ce1       |  out|    1|   ap_memory|  FFT_DIT_spatial_unroll_CY_stream_vector_stream_vector_complex_float_8ul_0_stream_vector_complex_float_8ul_0_data_1_0_3|         array|
|FFT_DIT_spatial_unroll_CY_stream_vector_stream_vector_complex_float_8ul_0_stream_vector_complex_float_8ul_0_data_1_0_3_we1       |  out|    1|   ap_memory|  FFT_DIT_spatial_unroll_CY_stream_vector_stream_vector_complex_float_8ul_0_stream_vector_complex_float_8ul_0_data_1_0_3|         array|
|FFT_DIT_spatial_unroll_CY_stream_vector_stream_vector_complex_float_8ul_0_stream_vector_complex_float_8ul_0_data_1_0_3_d1        |  out|   32|   ap_memory|  FFT_DIT_spatial_unroll_CY_stream_vector_stream_vector_complex_float_8ul_0_stream_vector_complex_float_8ul_0_data_1_0_3|         array|
|FFT_DIT_spatial_unroll_CY_stream_vector_stream_vector_complex_float_8ul_0_stream_vector_complex_float_8ul_0_data_1_0_4_address1  |  out|    5|   ap_memory|  FFT_DIT_spatial_unroll_CY_stream_vector_stream_vector_complex_float_8ul_0_stream_vector_complex_float_8ul_0_data_1_0_4|         array|
|FFT_DIT_spatial_unroll_CY_stream_vector_stream_vector_complex_float_8ul_0_stream_vector_complex_float_8ul_0_data_1_0_4_ce1       |  out|    1|   ap_memory|  FFT_DIT_spatial_unroll_CY_stream_vector_stream_vector_complex_float_8ul_0_stream_vector_complex_float_8ul_0_data_1_0_4|         array|
|FFT_DIT_spatial_unroll_CY_stream_vector_stream_vector_complex_float_8ul_0_stream_vector_complex_float_8ul_0_data_1_0_4_we1       |  out|    1|   ap_memory|  FFT_DIT_spatial_unroll_CY_stream_vector_stream_vector_complex_float_8ul_0_stream_vector_complex_float_8ul_0_data_1_0_4|         array|
|FFT_DIT_spatial_unroll_CY_stream_vector_stream_vector_complex_float_8ul_0_stream_vector_complex_float_8ul_0_data_1_0_4_d1        |  out|   32|   ap_memory|  FFT_DIT_spatial_unroll_CY_stream_vector_stream_vector_complex_float_8ul_0_stream_vector_complex_float_8ul_0_data_1_0_4|         array|
|FFT_DIT_spatial_unroll_CY_stream_vector_stream_vector_complex_float_8ul_0_stream_vector_complex_float_8ul_0_data_1_0_5_address1  |  out|    5|   ap_memory|  FFT_DIT_spatial_unroll_CY_stream_vector_stream_vector_complex_float_8ul_0_stream_vector_complex_float_8ul_0_data_1_0_5|         array|
|FFT_DIT_spatial_unroll_CY_stream_vector_stream_vector_complex_float_8ul_0_stream_vector_complex_float_8ul_0_data_1_0_5_ce1       |  out|    1|   ap_memory|  FFT_DIT_spatial_unroll_CY_stream_vector_stream_vector_complex_float_8ul_0_stream_vector_complex_float_8ul_0_data_1_0_5|         array|
|FFT_DIT_spatial_unroll_CY_stream_vector_stream_vector_complex_float_8ul_0_stream_vector_complex_float_8ul_0_data_1_0_5_we1       |  out|    1|   ap_memory|  FFT_DIT_spatial_unroll_CY_stream_vector_stream_vector_complex_float_8ul_0_stream_vector_complex_float_8ul_0_data_1_0_5|         array|
|FFT_DIT_spatial_unroll_CY_stream_vector_stream_vector_complex_float_8ul_0_stream_vector_complex_float_8ul_0_data_1_0_5_d1        |  out|   32|   ap_memory|  FFT_DIT_spatial_unroll_CY_stream_vector_stream_vector_complex_float_8ul_0_stream_vector_complex_float_8ul_0_data_1_0_5|         array|
|FFT_DIT_spatial_unroll_CY_stream_vector_stream_vector_complex_float_8ul_0_stream_vector_complex_float_8ul_0_data_1_0_6_address1  |  out|    5|   ap_memory|  FFT_DIT_spatial_unroll_CY_stream_vector_stream_vector_complex_float_8ul_0_stream_vector_complex_float_8ul_0_data_1_0_6|         array|
|FFT_DIT_spatial_unroll_CY_stream_vector_stream_vector_complex_float_8ul_0_stream_vector_complex_float_8ul_0_data_1_0_6_ce1       |  out|    1|   ap_memory|  FFT_DIT_spatial_unroll_CY_stream_vector_stream_vector_complex_float_8ul_0_stream_vector_complex_float_8ul_0_data_1_0_6|         array|
|FFT_DIT_spatial_unroll_CY_stream_vector_stream_vector_complex_float_8ul_0_stream_vector_complex_float_8ul_0_data_1_0_6_we1       |  out|    1|   ap_memory|  FFT_DIT_spatial_unroll_CY_stream_vector_stream_vector_complex_float_8ul_0_stream_vector_complex_float_8ul_0_data_1_0_6|         array|
|FFT_DIT_spatial_unroll_CY_stream_vector_stream_vector_complex_float_8ul_0_stream_vector_complex_float_8ul_0_data_1_0_6_d1        |  out|   32|   ap_memory|  FFT_DIT_spatial_unroll_CY_stream_vector_stream_vector_complex_float_8ul_0_stream_vector_complex_float_8ul_0_data_1_0_6|         array|
|FFT_DIT_spatial_unroll_CY_stream_vector_stream_vector_complex_float_8ul_0_stream_vector_complex_float_8ul_0_data_1_0_7_address1  |  out|    5|   ap_memory|  FFT_DIT_spatial_unroll_CY_stream_vector_stream_vector_complex_float_8ul_0_stream_vector_complex_float_8ul_0_data_1_0_7|         array|
|FFT_DIT_spatial_unroll_CY_stream_vector_stream_vector_complex_float_8ul_0_stream_vector_complex_float_8ul_0_data_1_0_7_ce1       |  out|    1|   ap_memory|  FFT_DIT_spatial_unroll_CY_stream_vector_stream_vector_complex_float_8ul_0_stream_vector_complex_float_8ul_0_data_1_0_7|         array|
|FFT_DIT_spatial_unroll_CY_stream_vector_stream_vector_complex_float_8ul_0_stream_vector_complex_float_8ul_0_data_1_0_7_we1       |  out|    1|   ap_memory|  FFT_DIT_spatial_unroll_CY_stream_vector_stream_vector_complex_float_8ul_0_stream_vector_complex_float_8ul_0_data_1_0_7|         array|
|FFT_DIT_spatial_unroll_CY_stream_vector_stream_vector_complex_float_8ul_0_stream_vector_complex_float_8ul_0_data_1_0_7_d1        |  out|   32|   ap_memory|  FFT_DIT_spatial_unroll_CY_stream_vector_stream_vector_complex_float_8ul_0_stream_vector_complex_float_8ul_0_data_1_0_7|         array|
|FFT_DIT_spatial_unroll_CY_stream_vector_stream_vector_complex_float_8ul_0_stream_vector_complex_float_8ul_0_data_1_1_0_address1  |  out|    5|   ap_memory|  FFT_DIT_spatial_unroll_CY_stream_vector_stream_vector_complex_float_8ul_0_stream_vector_complex_float_8ul_0_data_1_1_0|         array|
|FFT_DIT_spatial_unroll_CY_stream_vector_stream_vector_complex_float_8ul_0_stream_vector_complex_float_8ul_0_data_1_1_0_ce1       |  out|    1|   ap_memory|  FFT_DIT_spatial_unroll_CY_stream_vector_stream_vector_complex_float_8ul_0_stream_vector_complex_float_8ul_0_data_1_1_0|         array|
|FFT_DIT_spatial_unroll_CY_stream_vector_stream_vector_complex_float_8ul_0_stream_vector_complex_float_8ul_0_data_1_1_0_we1       |  out|    1|   ap_memory|  FFT_DIT_spatial_unroll_CY_stream_vector_stream_vector_complex_float_8ul_0_stream_vector_complex_float_8ul_0_data_1_1_0|         array|
|FFT_DIT_spatial_unroll_CY_stream_vector_stream_vector_complex_float_8ul_0_stream_vector_complex_float_8ul_0_data_1_1_0_d1        |  out|   32|   ap_memory|  FFT_DIT_spatial_unroll_CY_stream_vector_stream_vector_complex_float_8ul_0_stream_vector_complex_float_8ul_0_data_1_1_0|         array|
|FFT_DIT_spatial_unroll_CY_stream_vector_stream_vector_complex_float_8ul_0_stream_vector_complex_float_8ul_0_data_1_1_1_address1  |  out|    5|   ap_memory|  FFT_DIT_spatial_unroll_CY_stream_vector_stream_vector_complex_float_8ul_0_stream_vector_complex_float_8ul_0_data_1_1_1|         array|
|FFT_DIT_spatial_unroll_CY_stream_vector_stream_vector_complex_float_8ul_0_stream_vector_complex_float_8ul_0_data_1_1_1_ce1       |  out|    1|   ap_memory|  FFT_DIT_spatial_unroll_CY_stream_vector_stream_vector_complex_float_8ul_0_stream_vector_complex_float_8ul_0_data_1_1_1|         array|
|FFT_DIT_spatial_unroll_CY_stream_vector_stream_vector_complex_float_8ul_0_stream_vector_complex_float_8ul_0_data_1_1_1_we1       |  out|    1|   ap_memory|  FFT_DIT_spatial_unroll_CY_stream_vector_stream_vector_complex_float_8ul_0_stream_vector_complex_float_8ul_0_data_1_1_1|         array|
|FFT_DIT_spatial_unroll_CY_stream_vector_stream_vector_complex_float_8ul_0_stream_vector_complex_float_8ul_0_data_1_1_1_d1        |  out|   32|   ap_memory|  FFT_DIT_spatial_unroll_CY_stream_vector_stream_vector_complex_float_8ul_0_stream_vector_complex_float_8ul_0_data_1_1_1|         array|
|FFT_DIT_spatial_unroll_CY_stream_vector_stream_vector_complex_float_8ul_0_stream_vector_complex_float_8ul_0_data_1_1_2_address1  |  out|    5|   ap_memory|  FFT_DIT_spatial_unroll_CY_stream_vector_stream_vector_complex_float_8ul_0_stream_vector_complex_float_8ul_0_data_1_1_2|         array|
|FFT_DIT_spatial_unroll_CY_stream_vector_stream_vector_complex_float_8ul_0_stream_vector_complex_float_8ul_0_data_1_1_2_ce1       |  out|    1|   ap_memory|  FFT_DIT_spatial_unroll_CY_stream_vector_stream_vector_complex_float_8ul_0_stream_vector_complex_float_8ul_0_data_1_1_2|         array|
|FFT_DIT_spatial_unroll_CY_stream_vector_stream_vector_complex_float_8ul_0_stream_vector_complex_float_8ul_0_data_1_1_2_we1       |  out|    1|   ap_memory|  FFT_DIT_spatial_unroll_CY_stream_vector_stream_vector_complex_float_8ul_0_stream_vector_complex_float_8ul_0_data_1_1_2|         array|
|FFT_DIT_spatial_unroll_CY_stream_vector_stream_vector_complex_float_8ul_0_stream_vector_complex_float_8ul_0_data_1_1_2_d1        |  out|   32|   ap_memory|  FFT_DIT_spatial_unroll_CY_stream_vector_stream_vector_complex_float_8ul_0_stream_vector_complex_float_8ul_0_data_1_1_2|         array|
|FFT_DIT_spatial_unroll_CY_stream_vector_stream_vector_complex_float_8ul_0_stream_vector_complex_float_8ul_0_data_1_1_3_address1  |  out|    5|   ap_memory|  FFT_DIT_spatial_unroll_CY_stream_vector_stream_vector_complex_float_8ul_0_stream_vector_complex_float_8ul_0_data_1_1_3|         array|
|FFT_DIT_spatial_unroll_CY_stream_vector_stream_vector_complex_float_8ul_0_stream_vector_complex_float_8ul_0_data_1_1_3_ce1       |  out|    1|   ap_memory|  FFT_DIT_spatial_unroll_CY_stream_vector_stream_vector_complex_float_8ul_0_stream_vector_complex_float_8ul_0_data_1_1_3|         array|
|FFT_DIT_spatial_unroll_CY_stream_vector_stream_vector_complex_float_8ul_0_stream_vector_complex_float_8ul_0_data_1_1_3_we1       |  out|    1|   ap_memory|  FFT_DIT_spatial_unroll_CY_stream_vector_stream_vector_complex_float_8ul_0_stream_vector_complex_float_8ul_0_data_1_1_3|         array|
|FFT_DIT_spatial_unroll_CY_stream_vector_stream_vector_complex_float_8ul_0_stream_vector_complex_float_8ul_0_data_1_1_3_d1        |  out|   32|   ap_memory|  FFT_DIT_spatial_unroll_CY_stream_vector_stream_vector_complex_float_8ul_0_stream_vector_complex_float_8ul_0_data_1_1_3|         array|
|FFT_DIT_spatial_unroll_CY_stream_vector_stream_vector_complex_float_8ul_0_stream_vector_complex_float_8ul_0_data_1_1_4_address1  |  out|    5|   ap_memory|  FFT_DIT_spatial_unroll_CY_stream_vector_stream_vector_complex_float_8ul_0_stream_vector_complex_float_8ul_0_data_1_1_4|         array|
|FFT_DIT_spatial_unroll_CY_stream_vector_stream_vector_complex_float_8ul_0_stream_vector_complex_float_8ul_0_data_1_1_4_ce1       |  out|    1|   ap_memory|  FFT_DIT_spatial_unroll_CY_stream_vector_stream_vector_complex_float_8ul_0_stream_vector_complex_float_8ul_0_data_1_1_4|         array|
|FFT_DIT_spatial_unroll_CY_stream_vector_stream_vector_complex_float_8ul_0_stream_vector_complex_float_8ul_0_data_1_1_4_we1       |  out|    1|   ap_memory|  FFT_DIT_spatial_unroll_CY_stream_vector_stream_vector_complex_float_8ul_0_stream_vector_complex_float_8ul_0_data_1_1_4|         array|
|FFT_DIT_spatial_unroll_CY_stream_vector_stream_vector_complex_float_8ul_0_stream_vector_complex_float_8ul_0_data_1_1_4_d1        |  out|   32|   ap_memory|  FFT_DIT_spatial_unroll_CY_stream_vector_stream_vector_complex_float_8ul_0_stream_vector_complex_float_8ul_0_data_1_1_4|         array|
|FFT_DIT_spatial_unroll_CY_stream_vector_stream_vector_complex_float_8ul_0_stream_vector_complex_float_8ul_0_data_1_1_5_address1  |  out|    5|   ap_memory|  FFT_DIT_spatial_unroll_CY_stream_vector_stream_vector_complex_float_8ul_0_stream_vector_complex_float_8ul_0_data_1_1_5|         array|
|FFT_DIT_spatial_unroll_CY_stream_vector_stream_vector_complex_float_8ul_0_stream_vector_complex_float_8ul_0_data_1_1_5_ce1       |  out|    1|   ap_memory|  FFT_DIT_spatial_unroll_CY_stream_vector_stream_vector_complex_float_8ul_0_stream_vector_complex_float_8ul_0_data_1_1_5|         array|
|FFT_DIT_spatial_unroll_CY_stream_vector_stream_vector_complex_float_8ul_0_stream_vector_complex_float_8ul_0_data_1_1_5_we1       |  out|    1|   ap_memory|  FFT_DIT_spatial_unroll_CY_stream_vector_stream_vector_complex_float_8ul_0_stream_vector_complex_float_8ul_0_data_1_1_5|         array|
|FFT_DIT_spatial_unroll_CY_stream_vector_stream_vector_complex_float_8ul_0_stream_vector_complex_float_8ul_0_data_1_1_5_d1        |  out|   32|   ap_memory|  FFT_DIT_spatial_unroll_CY_stream_vector_stream_vector_complex_float_8ul_0_stream_vector_complex_float_8ul_0_data_1_1_5|         array|
|FFT_DIT_spatial_unroll_CY_stream_vector_stream_vector_complex_float_8ul_0_stream_vector_complex_float_8ul_0_data_1_1_6_address1  |  out|    5|   ap_memory|  FFT_DIT_spatial_unroll_CY_stream_vector_stream_vector_complex_float_8ul_0_stream_vector_complex_float_8ul_0_data_1_1_6|         array|
|FFT_DIT_spatial_unroll_CY_stream_vector_stream_vector_complex_float_8ul_0_stream_vector_complex_float_8ul_0_data_1_1_6_ce1       |  out|    1|   ap_memory|  FFT_DIT_spatial_unroll_CY_stream_vector_stream_vector_complex_float_8ul_0_stream_vector_complex_float_8ul_0_data_1_1_6|         array|
|FFT_DIT_spatial_unroll_CY_stream_vector_stream_vector_complex_float_8ul_0_stream_vector_complex_float_8ul_0_data_1_1_6_we1       |  out|    1|   ap_memory|  FFT_DIT_spatial_unroll_CY_stream_vector_stream_vector_complex_float_8ul_0_stream_vector_complex_float_8ul_0_data_1_1_6|         array|
|FFT_DIT_spatial_unroll_CY_stream_vector_stream_vector_complex_float_8ul_0_stream_vector_complex_float_8ul_0_data_1_1_6_d1        |  out|   32|   ap_memory|  FFT_DIT_spatial_unroll_CY_stream_vector_stream_vector_complex_float_8ul_0_stream_vector_complex_float_8ul_0_data_1_1_6|         array|
|FFT_DIT_spatial_unroll_CY_stream_vector_stream_vector_complex_float_8ul_0_stream_vector_complex_float_8ul_0_data_1_1_7_address1  |  out|    5|   ap_memory|  FFT_DIT_spatial_unroll_CY_stream_vector_stream_vector_complex_float_8ul_0_stream_vector_complex_float_8ul_0_data_1_1_7|         array|
|FFT_DIT_spatial_unroll_CY_stream_vector_stream_vector_complex_float_8ul_0_stream_vector_complex_float_8ul_0_data_1_1_7_ce1       |  out|    1|   ap_memory|  FFT_DIT_spatial_unroll_CY_stream_vector_stream_vector_complex_float_8ul_0_stream_vector_complex_float_8ul_0_data_1_1_7|         array|
|FFT_DIT_spatial_unroll_CY_stream_vector_stream_vector_complex_float_8ul_0_stream_vector_complex_float_8ul_0_data_1_1_7_we1       |  out|    1|   ap_memory|  FFT_DIT_spatial_unroll_CY_stream_vector_stream_vector_complex_float_8ul_0_stream_vector_complex_float_8ul_0_data_1_1_7|         array|
|FFT_DIT_spatial_unroll_CY_stream_vector_stream_vector_complex_float_8ul_0_stream_vector_complex_float_8ul_0_data_1_1_7_d1        |  out|   32|   ap_memory|  FFT_DIT_spatial_unroll_CY_stream_vector_stream_vector_complex_float_8ul_0_stream_vector_complex_float_8ul_0_data_1_1_7|         array|
|FFT_DIT_spatial_unroll_CY_stream_vector_stream_stream_vector_0_data_0_0_0_address0                                               |  out|    5|   ap_memory|                                               FFT_DIT_spatial_unroll_CY_stream_vector_stream_stream_vector_0_data_0_0_0|         array|
|FFT_DIT_spatial_unroll_CY_stream_vector_stream_stream_vector_0_data_0_0_0_ce0                                                    |  out|    1|   ap_memory|                                               FFT_DIT_spatial_unroll_CY_stream_vector_stream_stream_vector_0_data_0_0_0|         array|
|FFT_DIT_spatial_unroll_CY_stream_vector_stream_stream_vector_0_data_0_0_0_q0                                                     |   in|   32|   ap_memory|                                               FFT_DIT_spatial_unroll_CY_stream_vector_stream_stream_vector_0_data_0_0_0|         array|
|FFT_DIT_spatial_unroll_CY_stream_vector_stream_stream_vector_0_data_0_1_0_address0                                               |  out|    5|   ap_memory|                                               FFT_DIT_spatial_unroll_CY_stream_vector_stream_stream_vector_0_data_0_1_0|         array|
|FFT_DIT_spatial_unroll_CY_stream_vector_stream_stream_vector_0_data_0_1_0_ce0                                                    |  out|    1|   ap_memory|                                               FFT_DIT_spatial_unroll_CY_stream_vector_stream_stream_vector_0_data_0_1_0|         array|
|FFT_DIT_spatial_unroll_CY_stream_vector_stream_stream_vector_0_data_0_1_0_q0                                                     |   in|   32|   ap_memory|                                               FFT_DIT_spatial_unroll_CY_stream_vector_stream_stream_vector_0_data_0_1_0|         array|
|FFT_DIT_spatial_unroll_CY_stream_vector_stream_stream_vector_0_data_0_0_4_address0                                               |  out|    5|   ap_memory|                                               FFT_DIT_spatial_unroll_CY_stream_vector_stream_stream_vector_0_data_0_0_4|         array|
|FFT_DIT_spatial_unroll_CY_stream_vector_stream_stream_vector_0_data_0_0_4_ce0                                                    |  out|    1|   ap_memory|                                               FFT_DIT_spatial_unroll_CY_stream_vector_stream_stream_vector_0_data_0_0_4|         array|
|FFT_DIT_spatial_unroll_CY_stream_vector_stream_stream_vector_0_data_0_0_4_q0                                                     |   in|   32|   ap_memory|                                               FFT_DIT_spatial_unroll_CY_stream_vector_stream_stream_vector_0_data_0_0_4|         array|
|FFT_DIT_spatial_unroll_CY_stream_vector_stream_stream_vector_0_data_0_1_4_address0                                               |  out|    5|   ap_memory|                                               FFT_DIT_spatial_unroll_CY_stream_vector_stream_stream_vector_0_data_0_1_4|         array|
|FFT_DIT_spatial_unroll_CY_stream_vector_stream_stream_vector_0_data_0_1_4_ce0                                                    |  out|    1|   ap_memory|                                               FFT_DIT_spatial_unroll_CY_stream_vector_stream_stream_vector_0_data_0_1_4|         array|
|FFT_DIT_spatial_unroll_CY_stream_vector_stream_stream_vector_0_data_0_1_4_q0                                                     |   in|   32|   ap_memory|                                               FFT_DIT_spatial_unroll_CY_stream_vector_stream_stream_vector_0_data_0_1_4|         array|
|FFT_DIT_spatial_unroll_CY_stream_vector_stream_stream_vector_0_data_0_0_1_address0                                               |  out|    5|   ap_memory|                                               FFT_DIT_spatial_unroll_CY_stream_vector_stream_stream_vector_0_data_0_0_1|         array|
|FFT_DIT_spatial_unroll_CY_stream_vector_stream_stream_vector_0_data_0_0_1_ce0                                                    |  out|    1|   ap_memory|                                               FFT_DIT_spatial_unroll_CY_stream_vector_stream_stream_vector_0_data_0_0_1|         array|
|FFT_DIT_spatial_unroll_CY_stream_vector_stream_stream_vector_0_data_0_0_1_q0                                                     |   in|   32|   ap_memory|                                               FFT_DIT_spatial_unroll_CY_stream_vector_stream_stream_vector_0_data_0_0_1|         array|
|FFT_DIT_spatial_unroll_CY_stream_vector_stream_stream_vector_0_data_0_0_5_address0                                               |  out|    5|   ap_memory|                                               FFT_DIT_spatial_unroll_CY_stream_vector_stream_stream_vector_0_data_0_0_5|         array|
|FFT_DIT_spatial_unroll_CY_stream_vector_stream_stream_vector_0_data_0_0_5_ce0                                                    |  out|    1|   ap_memory|                                               FFT_DIT_spatial_unroll_CY_stream_vector_stream_stream_vector_0_data_0_0_5|         array|
|FFT_DIT_spatial_unroll_CY_stream_vector_stream_stream_vector_0_data_0_0_5_q0                                                     |   in|   32|   ap_memory|                                               FFT_DIT_spatial_unroll_CY_stream_vector_stream_stream_vector_0_data_0_0_5|         array|
|FFT_DIT_spatial_unroll_CY_stream_vector_stream_stream_vector_0_data_0_0_2_address0                                               |  out|    5|   ap_memory|                                               FFT_DIT_spatial_unroll_CY_stream_vector_stream_stream_vector_0_data_0_0_2|         array|
|FFT_DIT_spatial_unroll_CY_stream_vector_stream_stream_vector_0_data_0_0_2_ce0                                                    |  out|    1|   ap_memory|                                               FFT_DIT_spatial_unroll_CY_stream_vector_stream_stream_vector_0_data_0_0_2|         array|
|FFT_DIT_spatial_unroll_CY_stream_vector_stream_stream_vector_0_data_0_0_2_q0                                                     |   in|   32|   ap_memory|                                               FFT_DIT_spatial_unroll_CY_stream_vector_stream_stream_vector_0_data_0_0_2|         array|
|FFT_DIT_spatial_unroll_CY_stream_vector_stream_stream_vector_0_data_0_0_6_address0                                               |  out|    5|   ap_memory|                                               FFT_DIT_spatial_unroll_CY_stream_vector_stream_stream_vector_0_data_0_0_6|         array|
|FFT_DIT_spatial_unroll_CY_stream_vector_stream_stream_vector_0_data_0_0_6_ce0                                                    |  out|    1|   ap_memory|                                               FFT_DIT_spatial_unroll_CY_stream_vector_stream_stream_vector_0_data_0_0_6|         array|
|FFT_DIT_spatial_unroll_CY_stream_vector_stream_stream_vector_0_data_0_0_6_q0                                                     |   in|   32|   ap_memory|                                               FFT_DIT_spatial_unroll_CY_stream_vector_stream_stream_vector_0_data_0_0_6|         array|
|FFT_DIT_spatial_unroll_CY_stream_vector_stream_stream_vector_0_data_0_0_3_address0                                               |  out|    5|   ap_memory|                                               FFT_DIT_spatial_unroll_CY_stream_vector_stream_stream_vector_0_data_0_0_3|         array|
|FFT_DIT_spatial_unroll_CY_stream_vector_stream_stream_vector_0_data_0_0_3_ce0                                                    |  out|    1|   ap_memory|                                               FFT_DIT_spatial_unroll_CY_stream_vector_stream_stream_vector_0_data_0_0_3|         array|
|FFT_DIT_spatial_unroll_CY_stream_vector_stream_stream_vector_0_data_0_0_3_q0                                                     |   in|   32|   ap_memory|                                               FFT_DIT_spatial_unroll_CY_stream_vector_stream_stream_vector_0_data_0_0_3|         array|
|FFT_DIT_spatial_unroll_CY_stream_vector_stream_stream_vector_0_data_0_0_7_address0                                               |  out|    5|   ap_memory|                                               FFT_DIT_spatial_unroll_CY_stream_vector_stream_stream_vector_0_data_0_0_7|         array|
|FFT_DIT_spatial_unroll_CY_stream_vector_stream_stream_vector_0_data_0_0_7_ce0                                                    |  out|    1|   ap_memory|                                               FFT_DIT_spatial_unroll_CY_stream_vector_stream_stream_vector_0_data_0_0_7|         array|
|FFT_DIT_spatial_unroll_CY_stream_vector_stream_stream_vector_0_data_0_0_7_q0                                                     |   in|   32|   ap_memory|                                               FFT_DIT_spatial_unroll_CY_stream_vector_stream_stream_vector_0_data_0_0_7|         array|
|FFT_DIT_spatial_unroll_CY_stream_vector_stream_stream_vector_0_data_0_1_1_address0                                               |  out|    5|   ap_memory|                                               FFT_DIT_spatial_unroll_CY_stream_vector_stream_stream_vector_0_data_0_1_1|         array|
|FFT_DIT_spatial_unroll_CY_stream_vector_stream_stream_vector_0_data_0_1_1_ce0                                                    |  out|    1|   ap_memory|                                               FFT_DIT_spatial_unroll_CY_stream_vector_stream_stream_vector_0_data_0_1_1|         array|
|FFT_DIT_spatial_unroll_CY_stream_vector_stream_stream_vector_0_data_0_1_1_q0                                                     |   in|   32|   ap_memory|                                               FFT_DIT_spatial_unroll_CY_stream_vector_stream_stream_vector_0_data_0_1_1|         array|
|FFT_DIT_spatial_unroll_CY_stream_vector_stream_stream_vector_0_data_0_1_5_address0                                               |  out|    5|   ap_memory|                                               FFT_DIT_spatial_unroll_CY_stream_vector_stream_stream_vector_0_data_0_1_5|         array|
|FFT_DIT_spatial_unroll_CY_stream_vector_stream_stream_vector_0_data_0_1_5_ce0                                                    |  out|    1|   ap_memory|                                               FFT_DIT_spatial_unroll_CY_stream_vector_stream_stream_vector_0_data_0_1_5|         array|
|FFT_DIT_spatial_unroll_CY_stream_vector_stream_stream_vector_0_data_0_1_5_q0                                                     |   in|   32|   ap_memory|                                               FFT_DIT_spatial_unroll_CY_stream_vector_stream_stream_vector_0_data_0_1_5|         array|
|FFT_DIT_spatial_unroll_CY_stream_vector_stream_stream_vector_0_data_0_1_2_address0                                               |  out|    5|   ap_memory|                                               FFT_DIT_spatial_unroll_CY_stream_vector_stream_stream_vector_0_data_0_1_2|         array|
|FFT_DIT_spatial_unroll_CY_stream_vector_stream_stream_vector_0_data_0_1_2_ce0                                                    |  out|    1|   ap_memory|                                               FFT_DIT_spatial_unroll_CY_stream_vector_stream_stream_vector_0_data_0_1_2|         array|
|FFT_DIT_spatial_unroll_CY_stream_vector_stream_stream_vector_0_data_0_1_2_q0                                                     |   in|   32|   ap_memory|                                               FFT_DIT_spatial_unroll_CY_stream_vector_stream_stream_vector_0_data_0_1_2|         array|
|FFT_DIT_spatial_unroll_CY_stream_vector_stream_stream_vector_0_data_0_1_6_address0                                               |  out|    5|   ap_memory|                                               FFT_DIT_spatial_unroll_CY_stream_vector_stream_stream_vector_0_data_0_1_6|         array|
|FFT_DIT_spatial_unroll_CY_stream_vector_stream_stream_vector_0_data_0_1_6_ce0                                                    |  out|    1|   ap_memory|                                               FFT_DIT_spatial_unroll_CY_stream_vector_stream_stream_vector_0_data_0_1_6|         array|
|FFT_DIT_spatial_unroll_CY_stream_vector_stream_stream_vector_0_data_0_1_6_q0                                                     |   in|   32|   ap_memory|                                               FFT_DIT_spatial_unroll_CY_stream_vector_stream_stream_vector_0_data_0_1_6|         array|
|FFT_DIT_spatial_unroll_CY_stream_vector_stream_stream_vector_0_data_0_1_3_address0                                               |  out|    5|   ap_memory|                                               FFT_DIT_spatial_unroll_CY_stream_vector_stream_stream_vector_0_data_0_1_3|         array|
|FFT_DIT_spatial_unroll_CY_stream_vector_stream_stream_vector_0_data_0_1_3_ce0                                                    |  out|    1|   ap_memory|                                               FFT_DIT_spatial_unroll_CY_stream_vector_stream_stream_vector_0_data_0_1_3|         array|
|FFT_DIT_spatial_unroll_CY_stream_vector_stream_stream_vector_0_data_0_1_3_q0                                                     |   in|   32|   ap_memory|                                               FFT_DIT_spatial_unroll_CY_stream_vector_stream_stream_vector_0_data_0_1_3|         array|
|FFT_DIT_spatial_unroll_CY_stream_vector_stream_stream_vector_0_data_0_1_7_address0                                               |  out|    5|   ap_memory|                                               FFT_DIT_spatial_unroll_CY_stream_vector_stream_stream_vector_0_data_0_1_7|         array|
|FFT_DIT_spatial_unroll_CY_stream_vector_stream_stream_vector_0_data_0_1_7_ce0                                                    |  out|    1|   ap_memory|                                               FFT_DIT_spatial_unroll_CY_stream_vector_stream_stream_vector_0_data_0_1_7|         array|
|FFT_DIT_spatial_unroll_CY_stream_vector_stream_stream_vector_0_data_0_1_7_q0                                                     |   in|   32|   ap_memory|                                               FFT_DIT_spatial_unroll_CY_stream_vector_stream_stream_vector_0_data_0_1_7|         array|
+---------------------------------------------------------------------------------------------------------------------------------+-----+-----+------------+------------------------------------------------------------------------------------------------------------------------+--------------+

