

================================================================
== Vitis HLS Report for 'reverse_input_stream_UF4'
================================================================
* Date:           Wed Apr  2 21:41:32 2025

* Version:        2024.2 (Build 5238294 on Nov  8 2024)
* Project:        build
* Solution:       FFT_250MHz (Vivado IP Flow Target)
* Product family: versalpremium
* Target device:  xcvp1802-lsvc4072-3HP-e-S


================================================================
== Performance Estimates
================================================================
+ Timing: 
    * Summary: 
    +--------+---------+----------+------------+
    |  Clock |  Target | Estimated| Uncertainty|
    +--------+---------+----------+------------+
    |ap_clk  |  4.00 ns|  1.892 ns|     1.08 ns|
    +--------+---------+----------+------------+

+ Latency: 
    * Summary: 
    +---------+---------+----------+----------+-----+-----+---------+
    |  Latency (cycles) |  Latency (absolute) |  Interval | Pipeline|
    |   min   |   max   |    min   |    max   | min | max |   Type  |
    +---------+---------+----------+----------+-----+-----+---------+
    |       61|       61|  0.244 us|  0.244 us|   32|   32|      yes|
    +---------+---------+----------+----------+-----+-----+---------+

    + Detail: 
        * Instance: 
        N/A

        * Loop: 
        N/A



================================================================
== Utilization Estimates
================================================================
* Summary: 
+---------------------+---------+-------+---------+---------+------+
|         Name        | BRAM_18K|  DSP  |    FF   |   LUT   | URAM |
+---------------------+---------+-------+---------+---------+------+
|DSP                  |        -|      -|        -|        -|     -|
|Expression           |        -|      -|        0|       70|     -|
|FIFO                 |        -|      -|        -|        -|     -|
|Instance             |        -|      -|        -|        -|     -|
|Memory               |        -|      -|        -|        -|     -|
|Multiplexer          |        -|      -|        0|     2896|     -|
|Register             |        -|      -|    23587|        -|     -|
+---------------------+---------+-------+---------+---------+------+
|Total                |        0|      0|    23587|     2966|     0|
+---------------------+---------+-------+---------+---------+------+
|Available SLR        |     2470|   3588|  1680448|   840224|   637|
+---------------------+---------+-------+---------+---------+------+
|Utilization SLR (%)  |        0|      0|        1|       ~0|     0|
+---------------------+---------+-------+---------+---------+------+
|Available            |     9882|  14352|  6721792|  3360896|  2549|
+---------------------+---------+-------+---------+---------+------+
|Utilization (%)      |        0|      0|       ~0|       ~0|     0|
+---------------------+---------+-------+---------+---------+------+

+ Detail: 
    * Instance: 
    N/A

    * DSP: 
    N/A

    * Memory: 
    N/A

    * FIFO: 
    N/A

    * Expression: 
    +------------------------------------+----------+----+---+----+------------+------------+
    |            Variable Name           | Operation| DSP| FF| LUT| Bitwidth P0| Bitwidth P1|
    +------------------------------------+----------+----+---+----+------------+------------+
    |ap_block_pp0_stage31_01001          |       and|   0|  0|   2|           1|           1|
    |ap_block_pp0_stage0_01001           |        or|   0|  0|   2|           1|           1|
    |ap_block_pp0_stage10_01001          |        or|   0|  0|   2|           1|           1|
    |ap_block_pp0_stage11_01001          |        or|   0|  0|   2|           1|           1|
    |ap_block_pp0_stage12_01001          |        or|   0|  0|   2|           1|           1|
    |ap_block_pp0_stage13_01001          |        or|   0|  0|   2|           1|           1|
    |ap_block_pp0_stage14_01001          |        or|   0|  0|   2|           1|           1|
    |ap_block_pp0_stage15_01001          |        or|   0|  0|   2|           1|           1|
    |ap_block_pp0_stage16_01001          |        or|   0|  0|   2|           1|           1|
    |ap_block_pp0_stage17_01001          |        or|   0|  0|   2|           1|           1|
    |ap_block_pp0_stage18_01001          |        or|   0|  0|   2|           1|           1|
    |ap_block_pp0_stage19_01001          |        or|   0|  0|   2|           1|           1|
    |ap_block_pp0_stage1_01001           |        or|   0|  0|   2|           1|           1|
    |ap_block_pp0_stage20_01001          |        or|   0|  0|   2|           1|           1|
    |ap_block_pp0_stage21_01001          |        or|   0|  0|   2|           1|           1|
    |ap_block_pp0_stage22_01001          |        or|   0|  0|   2|           1|           1|
    |ap_block_pp0_stage23_01001          |        or|   0|  0|   2|           1|           1|
    |ap_block_pp0_stage24_01001          |        or|   0|  0|   2|           1|           1|
    |ap_block_pp0_stage25_01001          |        or|   0|  0|   2|           1|           1|
    |ap_block_pp0_stage26_01001          |        or|   0|  0|   2|           1|           1|
    |ap_block_pp0_stage27_01001          |        or|   0|  0|   2|           1|           1|
    |ap_block_pp0_stage28_01001          |        or|   0|  0|   2|           1|           1|
    |ap_block_pp0_stage29_01001          |        or|   0|  0|   2|           1|           1|
    |ap_block_pp0_stage2_01001           |        or|   0|  0|   2|           1|           1|
    |ap_block_pp0_stage30_01001          |        or|   0|  0|   2|           1|           1|
    |ap_block_pp0_stage3_01001           |        or|   0|  0|   2|           1|           1|
    |ap_block_pp0_stage4_01001           |        or|   0|  0|   2|           1|           1|
    |ap_block_pp0_stage5_01001           |        or|   0|  0|   2|           1|           1|
    |ap_block_pp0_stage6_01001           |        or|   0|  0|   2|           1|           1|
    |ap_block_pp0_stage7_01001           |        or|   0|  0|   2|           1|           1|
    |ap_block_pp0_stage8_01001           |        or|   0|  0|   2|           1|           1|
    |ap_block_pp0_stage9_01001           |        or|   0|  0|   2|           1|           1|
    |ap_block_state1_pp0_stage0_iter0    |        or|   0|  0|   2|           1|           1|
    |ap_block_state31_pp0_stage30_iter0  |        or|   0|  0|   2|           1|           1|
    |ap_enable_pp0                       |       xor|   0|  0|   2|           1|           2|
    +------------------------------------+----------+----+---+----+------------+------------+
    |Total                               |          |   0|  0|  70|          35|          36|
    +------------------------------------+----------+----+---+----+------------+------------+

    * Multiplexer: 
    +------------------------------------+------+-----------+-----+-----------+
    |                Name                |  LUT | Input Size| Bits| Total Bits|
    +------------------------------------+------+-----------+-----+-----------+
    |ap_NS_fsm                           |   168|         33|    1|         33|
    |ap_done                             |     8|          2|    1|          2|
    |ap_enable_reg_pp0_iter0             |     8|          2|    1|          2|
    |ap_enable_reg_pp0_iter1             |     8|          2|    1|          2|
    |in_r_blk_n                          |     8|          2|    1|          2|
    |reverse_in_stream_vector_blk_n      |     8|          2|    1|          2|
    |reverse_in_stream_vector_din_local  |  2688|         33|  512|      16896|
    +------------------------------------+------+-----------+-----+-----------+
    |Total                               |  2896|         76|  518|      16939|
    +------------------------------------+------+-----------+-----+-----------+

    * Register: 
    +--------------------------------+-----+----+-----+-----------+
    |              Name              |  FF | LUT| Bits| Const Bits|
    +--------------------------------+-----+----+-----+-----------+
    |ap_CS_fsm                       |   32|   0|   32|          0|
    |ap_done_reg                     |    1|   0|    1|          0|
    |ap_enable_reg_pp0_iter0_reg     |    1|   0|    1|          0|
    |ap_enable_reg_pp0_iter1         |    1|   0|    1|          0|
    |tmp_100_reg_1797                |   64|   0|   64|          0|
    |tmp_101_reg_1157                |   64|   0|   64|          0|
    |tmp_101_reg_1157_pp0_iter1_reg  |   64|   0|   64|          0|
    |tmp_102_reg_1477                |   64|   0|   64|          0|
    |tmp_103_reg_837                 |   64|   0|   64|          0|
    |tmp_103_reg_837_pp0_iter1_reg   |   64|   0|   64|          0|
    |tmp_104_reg_2037                |   64|   0|   64|          0|
    |tmp_105_reg_1397                |   64|   0|   64|          0|
    |tmp_105_reg_1397_pp0_iter1_reg  |   64|   0|   64|          0|
    |tmp_106_reg_1717                |   64|   0|   64|          0|
    |tmp_107_reg_1077                |   64|   0|   64|          0|
    |tmp_107_reg_1077_pp0_iter1_reg  |   64|   0|   64|          0|
    |tmp_108_reg_1877                |   64|   0|   64|          0|
    |tmp_109_reg_1237                |   64|   0|   64|          0|
    |tmp_109_reg_1237_pp0_iter1_reg  |   64|   0|   64|          0|
    |tmp_10_reg_1702                 |   64|   0|   64|          0|
    |tmp_110_reg_1557                |   64|   0|   64|          0|
    |tmp_111_reg_917                 |   64|   0|   64|          0|
    |tmp_111_reg_917_pp0_iter1_reg   |   64|   0|   64|          0|
    |tmp_112_reg_1997                |   64|   0|   64|          0|
    |tmp_113_reg_1357                |   64|   0|   64|          0|
    |tmp_113_reg_1357_pp0_iter1_reg  |   64|   0|   64|          0|
    |tmp_114_reg_1677                |   64|   0|   64|          0|
    |tmp_115_reg_1037                |   64|   0|   64|          0|
    |tmp_115_reg_1037_pp0_iter1_reg  |   64|   0|   64|          0|
    |tmp_116_reg_1837                |   64|   0|   64|          0|
    |tmp_117_reg_1197                |   64|   0|   64|          0|
    |tmp_117_reg_1197_pp0_iter1_reg  |   64|   0|   64|          0|
    |tmp_118_reg_1517                |   64|   0|   64|          0|
    |tmp_119_reg_877                 |   64|   0|   64|          0|
    |tmp_119_reg_877_pp0_iter1_reg   |   64|   0|   64|          0|
    |tmp_11_reg_1062                 |   64|   0|   64|          0|
    |tmp_120_reg_2077                |   64|   0|   64|          0|
    |tmp_121_reg_1437                |   64|   0|   64|          0|
    |tmp_121_reg_1437_pp0_iter1_reg  |   64|   0|   64|          0|
    |tmp_122_reg_1757                |   64|   0|   64|          0|
    |tmp_123_reg_1117                |   64|   0|   64|          0|
    |tmp_123_reg_1117_pp0_iter1_reg  |   64|   0|   64|          0|
    |tmp_124_reg_1917                |   64|   0|   64|          0|
    |tmp_125_reg_1277                |   64|   0|   64|          0|
    |tmp_125_reg_1277_pp0_iter1_reg  |   64|   0|   64|          0|
    |tmp_126_reg_1597                |   64|   0|   64|          0|
    |tmp_127_reg_957                 |   64|   0|   64|          0|
    |tmp_127_reg_957_pp0_iter1_reg   |   64|   0|   64|          0|
    |tmp_128_reg_1962                |   64|   0|   64|          0|
    |tmp_129_reg_1322                |   64|   0|   64|          0|
    |tmp_129_reg_1322_pp0_iter1_reg  |   64|   0|   64|          0|
    |tmp_12_reg_1862                 |   64|   0|   64|          0|
    |tmp_130_reg_1642                |   64|   0|   64|          0|
    |tmp_131_reg_1002                |   64|   0|   64|          0|
    |tmp_131_reg_1002_pp0_iter1_reg  |   64|   0|   64|          0|
    |tmp_132_reg_1802                |   64|   0|   64|          0|
    |tmp_133_reg_1162                |   64|   0|   64|          0|
    |tmp_133_reg_1162_pp0_iter1_reg  |   64|   0|   64|          0|
    |tmp_134_reg_1482                |   64|   0|   64|          0|
    |tmp_134_reg_1482_pp0_iter1_reg  |   64|   0|   64|          0|
    |tmp_135_reg_842                 |   64|   0|   64|          0|
    |tmp_135_reg_842_pp0_iter1_reg   |   64|   0|   64|          0|
    |tmp_136_reg_2042                |   64|   0|   64|          0|
    |tmp_137_reg_1402                |   64|   0|   64|          0|
    |tmp_137_reg_1402_pp0_iter1_reg  |   64|   0|   64|          0|
    |tmp_138_reg_1722                |   64|   0|   64|          0|
    |tmp_139_reg_1082                |   64|   0|   64|          0|
    |tmp_139_reg_1082_pp0_iter1_reg  |   64|   0|   64|          0|
    |tmp_13_reg_1222                 |   64|   0|   64|          0|
    |tmp_140_reg_1882                |   64|   0|   64|          0|
    |tmp_141_reg_1242                |   64|   0|   64|          0|
    |tmp_141_reg_1242_pp0_iter1_reg  |   64|   0|   64|          0|
    |tmp_142_reg_1562                |   64|   0|   64|          0|
    |tmp_142_reg_1562_pp0_iter1_reg  |   64|   0|   64|          0|
    |tmp_143_reg_922                 |   64|   0|   64|          0|
    |tmp_143_reg_922_pp0_iter1_reg   |   64|   0|   64|          0|
    |tmp_144_reg_2002                |   64|   0|   64|          0|
    |tmp_145_reg_1362                |   64|   0|   64|          0|
    |tmp_145_reg_1362_pp0_iter1_reg  |   64|   0|   64|          0|
    |tmp_146_reg_1682                |   64|   0|   64|          0|
    |tmp_147_reg_1042                |   64|   0|   64|          0|
    |tmp_147_reg_1042_pp0_iter1_reg  |   64|   0|   64|          0|
    |tmp_148_reg_1842                |   64|   0|   64|          0|
    |tmp_149_reg_1202                |   64|   0|   64|          0|
    |tmp_149_reg_1202_pp0_iter1_reg  |   64|   0|   64|          0|
    |tmp_14_reg_1542                 |   64|   0|   64|          0|
    |tmp_150_reg_1522                |   64|   0|   64|          0|
    |tmp_150_reg_1522_pp0_iter1_reg  |   64|   0|   64|          0|
    |tmp_151_reg_882                 |   64|   0|   64|          0|
    |tmp_151_reg_882_pp0_iter1_reg   |   64|   0|   64|          0|
    |tmp_152_reg_2082                |   64|   0|   64|          0|
    |tmp_153_reg_1442                |   64|   0|   64|          0|
    |tmp_153_reg_1442_pp0_iter1_reg  |   64|   0|   64|          0|
    |tmp_154_reg_1762                |   64|   0|   64|          0|
    |tmp_155_reg_1122                |   64|   0|   64|          0|
    |tmp_155_reg_1122_pp0_iter1_reg  |   64|   0|   64|          0|
    |tmp_156_reg_1922                |   64|   0|   64|          0|
    |tmp_157_reg_1282                |   64|   0|   64|          0|
    |tmp_157_reg_1282_pp0_iter1_reg  |   64|   0|   64|          0|
    |tmp_158_reg_1602                |   64|   0|   64|          0|
    |tmp_158_reg_1602_pp0_iter1_reg  |   64|   0|   64|          0|
    |tmp_159_reg_962                 |   64|   0|   64|          0|
    |tmp_159_reg_962_pp0_iter1_reg   |   64|   0|   64|          0|
    |tmp_15_reg_902                  |   64|   0|   64|          0|
    |tmp_15_reg_902_pp0_iter1_reg    |   64|   0|   64|          0|
    |tmp_160_reg_1967                |   64|   0|   64|          0|
    |tmp_161_reg_1327                |   64|   0|   64|          0|
    |tmp_161_reg_1327_pp0_iter1_reg  |   64|   0|   64|          0|
    |tmp_162_reg_1647                |   64|   0|   64|          0|
    |tmp_162_reg_1647_pp0_iter1_reg  |   64|   0|   64|          0|
    |tmp_163_reg_1007                |   64|   0|   64|          0|
    |tmp_163_reg_1007_pp0_iter1_reg  |   64|   0|   64|          0|
    |tmp_164_reg_1807                |   64|   0|   64|          0|
    |tmp_165_reg_1167                |   64|   0|   64|          0|
    |tmp_165_reg_1167_pp0_iter1_reg  |   64|   0|   64|          0|
    |tmp_166_reg_1487                |   64|   0|   64|          0|
    |tmp_166_reg_1487_pp0_iter1_reg  |   64|   0|   64|          0|
    |tmp_167_reg_847                 |   64|   0|   64|          0|
    |tmp_167_reg_847_pp0_iter1_reg   |   64|   0|   64|          0|
    |tmp_168_reg_2047                |   64|   0|   64|          0|
    |tmp_169_reg_1407                |   64|   0|   64|          0|
    |tmp_169_reg_1407_pp0_iter1_reg  |   64|   0|   64|          0|
    |tmp_16_reg_1982                 |   64|   0|   64|          0|
    |tmp_170_reg_1727                |   64|   0|   64|          0|
    |tmp_170_reg_1727_pp0_iter1_reg  |   64|   0|   64|          0|
    |tmp_171_reg_1087                |   64|   0|   64|          0|
    |tmp_171_reg_1087_pp0_iter1_reg  |   64|   0|   64|          0|
    |tmp_172_reg_1887                |   64|   0|   64|          0|
    |tmp_173_reg_1247                |   64|   0|   64|          0|
    |tmp_173_reg_1247_pp0_iter1_reg  |   64|   0|   64|          0|
    |tmp_174_reg_1567                |   64|   0|   64|          0|
    |tmp_174_reg_1567_pp0_iter1_reg  |   64|   0|   64|          0|
    |tmp_175_reg_927                 |   64|   0|   64|          0|
    |tmp_175_reg_927_pp0_iter1_reg   |   64|   0|   64|          0|
    |tmp_176_reg_2007                |   64|   0|   64|          0|
    |tmp_177_reg_1367                |   64|   0|   64|          0|
    |tmp_177_reg_1367_pp0_iter1_reg  |   64|   0|   64|          0|
    |tmp_178_reg_1687                |   64|   0|   64|          0|
    |tmp_178_reg_1687_pp0_iter1_reg  |   64|   0|   64|          0|
    |tmp_179_reg_1047                |   64|   0|   64|          0|
    |tmp_179_reg_1047_pp0_iter1_reg  |   64|   0|   64|          0|
    |tmp_17_reg_1342                 |   64|   0|   64|          0|
    |tmp_180_reg_1847                |   64|   0|   64|          0|
    |tmp_181_reg_1207                |   64|   0|   64|          0|
    |tmp_181_reg_1207_pp0_iter1_reg  |   64|   0|   64|          0|
    |tmp_182_reg_1527                |   64|   0|   64|          0|
    |tmp_182_reg_1527_pp0_iter1_reg  |   64|   0|   64|          0|
    |tmp_183_reg_887                 |   64|   0|   64|          0|
    |tmp_183_reg_887_pp0_iter1_reg   |   64|   0|   64|          0|
    |tmp_184_reg_2087                |   64|   0|   64|          0|
    |tmp_185_reg_1447                |   64|   0|   64|          0|
    |tmp_185_reg_1447_pp0_iter1_reg  |   64|   0|   64|          0|
    |tmp_186_reg_1767                |   64|   0|   64|          0|
    |tmp_186_reg_1767_pp0_iter1_reg  |   64|   0|   64|          0|
    |tmp_187_reg_1127                |   64|   0|   64|          0|
    |tmp_187_reg_1127_pp0_iter1_reg  |   64|   0|   64|          0|
    |tmp_188_reg_1927                |   64|   0|   64|          0|
    |tmp_189_reg_1287                |   64|   0|   64|          0|
    |tmp_189_reg_1287_pp0_iter1_reg  |   64|   0|   64|          0|
    |tmp_18_reg_1662                 |   64|   0|   64|          0|
    |tmp_190_reg_1607                |   64|   0|   64|          0|
    |tmp_190_reg_1607_pp0_iter1_reg  |   64|   0|   64|          0|
    |tmp_191_reg_967                 |   64|   0|   64|          0|
    |tmp_191_reg_967_pp0_iter1_reg   |   64|   0|   64|          0|
    |tmp_192_reg_1972                |   64|   0|   64|          0|
    |tmp_193_reg_1332                |   64|   0|   64|          0|
    |tmp_193_reg_1332_pp0_iter1_reg  |   64|   0|   64|          0|
    |tmp_194_reg_1652                |   64|   0|   64|          0|
    |tmp_194_reg_1652_pp0_iter1_reg  |   64|   0|   64|          0|
    |tmp_195_reg_1012                |   64|   0|   64|          0|
    |tmp_195_reg_1012_pp0_iter1_reg  |   64|   0|   64|          0|
    |tmp_196_reg_1812                |   64|   0|   64|          0|
    |tmp_196_reg_1812_pp0_iter1_reg  |   64|   0|   64|          0|
    |tmp_197_reg_1172                |   64|   0|   64|          0|
    |tmp_197_reg_1172_pp0_iter1_reg  |   64|   0|   64|          0|
    |tmp_198_reg_1492                |   64|   0|   64|          0|
    |tmp_198_reg_1492_pp0_iter1_reg  |   64|   0|   64|          0|
    |tmp_199_reg_852                 |   64|   0|   64|          0|
    |tmp_199_reg_852_pp0_iter1_reg   |   64|   0|   64|          0|
    |tmp_19_reg_1022                 |   64|   0|   64|          0|
    |tmp_1_reg_1302                  |   64|   0|   64|          0|
    |tmp_200_reg_2052                |   64|   0|   64|          0|
    |tmp_201_reg_1412                |   64|   0|   64|          0|
    |tmp_201_reg_1412_pp0_iter1_reg  |   64|   0|   64|          0|
    |tmp_202_reg_1732                |   64|   0|   64|          0|
    |tmp_202_reg_1732_pp0_iter1_reg  |   64|   0|   64|          0|
    |tmp_203_reg_1092                |   64|   0|   64|          0|
    |tmp_203_reg_1092_pp0_iter1_reg  |   64|   0|   64|          0|
    |tmp_204_reg_1892                |   64|   0|   64|          0|
    |tmp_204_reg_1892_pp0_iter1_reg  |   64|   0|   64|          0|
    |tmp_205_reg_1252                |   64|   0|   64|          0|
    |tmp_205_reg_1252_pp0_iter1_reg  |   64|   0|   64|          0|
    |tmp_206_reg_1572                |   64|   0|   64|          0|
    |tmp_206_reg_1572_pp0_iter1_reg  |   64|   0|   64|          0|
    |tmp_207_reg_932                 |   64|   0|   64|          0|
    |tmp_207_reg_932_pp0_iter1_reg   |   64|   0|   64|          0|
    |tmp_208_reg_2012                |   64|   0|   64|          0|
    |tmp_209_reg_1372                |   64|   0|   64|          0|
    |tmp_209_reg_1372_pp0_iter1_reg  |   64|   0|   64|          0|
    |tmp_20_reg_1822                 |   64|   0|   64|          0|
    |tmp_210_reg_1692                |   64|   0|   64|          0|
    |tmp_210_reg_1692_pp0_iter1_reg  |   64|   0|   64|          0|
    |tmp_211_reg_1052                |   64|   0|   64|          0|
    |tmp_211_reg_1052_pp0_iter1_reg  |   64|   0|   64|          0|
    |tmp_212_reg_1852                |   64|   0|   64|          0|
    |tmp_212_reg_1852_pp0_iter1_reg  |   64|   0|   64|          0|
    |tmp_213_reg_1212                |   64|   0|   64|          0|
    |tmp_213_reg_1212_pp0_iter1_reg  |   64|   0|   64|          0|
    |tmp_214_reg_1532                |   64|   0|   64|          0|
    |tmp_214_reg_1532_pp0_iter1_reg  |   64|   0|   64|          0|
    |tmp_215_reg_892                 |   64|   0|   64|          0|
    |tmp_215_reg_892_pp0_iter1_reg   |   64|   0|   64|          0|
    |tmp_216_reg_2092                |   64|   0|   64|          0|
    |tmp_217_reg_1452                |   64|   0|   64|          0|
    |tmp_217_reg_1452_pp0_iter1_reg  |   64|   0|   64|          0|
    |tmp_218_reg_1772                |   64|   0|   64|          0|
    |tmp_218_reg_1772_pp0_iter1_reg  |   64|   0|   64|          0|
    |tmp_219_reg_1132                |   64|   0|   64|          0|
    |tmp_219_reg_1132_pp0_iter1_reg  |   64|   0|   64|          0|
    |tmp_21_reg_1182                 |   64|   0|   64|          0|
    |tmp_220_reg_1932                |   64|   0|   64|          0|
    |tmp_220_reg_1932_pp0_iter1_reg  |   64|   0|   64|          0|
    |tmp_221_reg_1292                |   64|   0|   64|          0|
    |tmp_221_reg_1292_pp0_iter1_reg  |   64|   0|   64|          0|
    |tmp_222_reg_1612                |   64|   0|   64|          0|
    |tmp_222_reg_1612_pp0_iter1_reg  |   64|   0|   64|          0|
    |tmp_223_reg_972                 |   64|   0|   64|          0|
    |tmp_223_reg_972_pp0_iter1_reg   |   64|   0|   64|          0|
    |tmp_22_reg_1502                 |   64|   0|   64|          0|
    |tmp_23_reg_862                  |   64|   0|   64|          0|
    |tmp_23_reg_862_pp0_iter1_reg    |   64|   0|   64|          0|
    |tmp_24_reg_2062                 |   64|   0|   64|          0|
    |tmp_25_reg_1422                 |   64|   0|   64|          0|
    |tmp_26_reg_1742                 |   64|   0|   64|          0|
    |tmp_27_reg_1102                 |   64|   0|   64|          0|
    |tmp_28_reg_1902                 |   64|   0|   64|          0|
    |tmp_29_reg_1262                 |   64|   0|   64|          0|
    |tmp_2_reg_1622                  |   64|   0|   64|          0|
    |tmp_30_reg_1582                 |   64|   0|   64|          0|
    |tmp_31_reg_942                  |   64|   0|   64|          0|
    |tmp_31_reg_942_pp0_iter1_reg    |   64|   0|   64|          0|
    |tmp_32_reg_1947                 |   64|   0|   64|          0|
    |tmp_33_reg_1307                 |   64|   0|   64|          0|
    |tmp_34_reg_1627                 |   64|   0|   64|          0|
    |tmp_35_reg_987                  |   64|   0|   64|          0|
    |tmp_35_reg_987_pp0_iter1_reg    |   64|   0|   64|          0|
    |tmp_36_reg_1787                 |   64|   0|   64|          0|
    |tmp_37_reg_1147                 |   64|   0|   64|          0|
    |tmp_38_reg_1467                 |   64|   0|   64|          0|
    |tmp_39_reg_827                  |   64|   0|   64|          0|
    |tmp_39_reg_827_pp0_iter1_reg    |   64|   0|   64|          0|
    |tmp_3_reg_982                   |   64|   0|   64|          0|
    |tmp_40_reg_2027                 |   64|   0|   64|          0|
    |tmp_41_reg_1387                 |   64|   0|   64|          0|
    |tmp_42_reg_1707                 |   64|   0|   64|          0|
    |tmp_43_reg_1067                 |   64|   0|   64|          0|
    |tmp_43_reg_1067_pp0_iter1_reg   |   64|   0|   64|          0|
    |tmp_44_reg_1867                 |   64|   0|   64|          0|
    |tmp_45_reg_1227                 |   64|   0|   64|          0|
    |tmp_46_reg_1547                 |   64|   0|   64|          0|
    |tmp_47_reg_907                  |   64|   0|   64|          0|
    |tmp_47_reg_907_pp0_iter1_reg    |   64|   0|   64|          0|
    |tmp_48_reg_1987                 |   64|   0|   64|          0|
    |tmp_49_reg_1347                 |   64|   0|   64|          0|
    |tmp_4_reg_1782                  |   64|   0|   64|          0|
    |tmp_50_reg_1667                 |   64|   0|   64|          0|
    |tmp_51_reg_1027                 |   64|   0|   64|          0|
    |tmp_51_reg_1027_pp0_iter1_reg   |   64|   0|   64|          0|
    |tmp_52_reg_1827                 |   64|   0|   64|          0|
    |tmp_53_reg_1187                 |   64|   0|   64|          0|
    |tmp_54_reg_1507                 |   64|   0|   64|          0|
    |tmp_55_reg_867                  |   64|   0|   64|          0|
    |tmp_55_reg_867_pp0_iter1_reg    |   64|   0|   64|          0|
    |tmp_56_reg_2067                 |   64|   0|   64|          0|
    |tmp_57_reg_1427                 |   64|   0|   64|          0|
    |tmp_58_reg_1747                 |   64|   0|   64|          0|
    |tmp_59_reg_1107                 |   64|   0|   64|          0|
    |tmp_59_reg_1107_pp0_iter1_reg   |   64|   0|   64|          0|
    |tmp_5_reg_1142                  |   64|   0|   64|          0|
    |tmp_60_reg_1907                 |   64|   0|   64|          0|
    |tmp_61_reg_1267                 |   64|   0|   64|          0|
    |tmp_62_reg_1587                 |   64|   0|   64|          0|
    |tmp_63_reg_947                  |   64|   0|   64|          0|
    |tmp_63_reg_947_pp0_iter1_reg    |   64|   0|   64|          0|
    |tmp_64_reg_1952                 |   64|   0|   64|          0|
    |tmp_65_reg_1312                 |   64|   0|   64|          0|
    |tmp_66_reg_1632                 |   64|   0|   64|          0|
    |tmp_67_reg_992                  |   64|   0|   64|          0|
    |tmp_67_reg_992_pp0_iter1_reg    |   64|   0|   64|          0|
    |tmp_68_reg_1792                 |   64|   0|   64|          0|
    |tmp_69_reg_1152                 |   64|   0|   64|          0|
    |tmp_69_reg_1152_pp0_iter1_reg   |   64|   0|   64|          0|
    |tmp_6_reg_1462                  |   64|   0|   64|          0|
    |tmp_70_reg_1472                 |   64|   0|   64|          0|
    |tmp_71_reg_832                  |   64|   0|   64|          0|
    |tmp_71_reg_832_pp0_iter1_reg    |   64|   0|   64|          0|
    |tmp_72_reg_2032                 |   64|   0|   64|          0|
    |tmp_73_reg_1392                 |   64|   0|   64|          0|
    |tmp_74_reg_1712                 |   64|   0|   64|          0|
    |tmp_75_reg_1072                 |   64|   0|   64|          0|
    |tmp_75_reg_1072_pp0_iter1_reg   |   64|   0|   64|          0|
    |tmp_76_reg_1872                 |   64|   0|   64|          0|
    |tmp_77_reg_1232                 |   64|   0|   64|          0|
    |tmp_77_reg_1232_pp0_iter1_reg   |   64|   0|   64|          0|
    |tmp_78_reg_1552                 |   64|   0|   64|          0|
    |tmp_79_reg_912                  |   64|   0|   64|          0|
    |tmp_79_reg_912_pp0_iter1_reg    |   64|   0|   64|          0|
    |tmp_7_reg_822                   |   64|   0|   64|          0|
    |tmp_7_reg_822_pp0_iter1_reg     |   64|   0|   64|          0|
    |tmp_80_reg_1992                 |   64|   0|   64|          0|
    |tmp_81_reg_1352                 |   64|   0|   64|          0|
    |tmp_82_reg_1672                 |   64|   0|   64|          0|
    |tmp_83_reg_1032                 |   64|   0|   64|          0|
    |tmp_83_reg_1032_pp0_iter1_reg   |   64|   0|   64|          0|
    |tmp_84_reg_1832                 |   64|   0|   64|          0|
    |tmp_85_reg_1192                 |   64|   0|   64|          0|
    |tmp_85_reg_1192_pp0_iter1_reg   |   64|   0|   64|          0|
    |tmp_86_reg_1512                 |   64|   0|   64|          0|
    |tmp_87_reg_872                  |   64|   0|   64|          0|
    |tmp_87_reg_872_pp0_iter1_reg    |   64|   0|   64|          0|
    |tmp_88_reg_2072                 |   64|   0|   64|          0|
    |tmp_89_reg_1432                 |   64|   0|   64|          0|
    |tmp_8_reg_2022                  |   64|   0|   64|          0|
    |tmp_90_reg_1752                 |   64|   0|   64|          0|
    |tmp_91_reg_1112                 |   64|   0|   64|          0|
    |tmp_91_reg_1112_pp0_iter1_reg   |   64|   0|   64|          0|
    |tmp_92_reg_1912                 |   64|   0|   64|          0|
    |tmp_93_reg_1272                 |   64|   0|   64|          0|
    |tmp_93_reg_1272_pp0_iter1_reg   |   64|   0|   64|          0|
    |tmp_94_reg_1592                 |   64|   0|   64|          0|
    |tmp_95_reg_952                  |   64|   0|   64|          0|
    |tmp_95_reg_952_pp0_iter1_reg    |   64|   0|   64|          0|
    |tmp_96_reg_1957                 |   64|   0|   64|          0|
    |tmp_97_reg_1317                 |   64|   0|   64|          0|
    |tmp_97_reg_1317_pp0_iter1_reg   |   64|   0|   64|          0|
    |tmp_98_reg_1637                 |   64|   0|   64|          0|
    |tmp_99_reg_997                  |   64|   0|   64|          0|
    |tmp_99_reg_997_pp0_iter1_reg    |   64|   0|   64|          0|
    |tmp_9_reg_1382                  |   64|   0|   64|          0|
    |tmp_s_reg_1942                  |   64|   0|   64|          0|
    |trunc_ln323_10_reg_1697         |   64|   0|   64|          0|
    |trunc_ln323_11_reg_1057         |   64|   0|   64|          0|
    |trunc_ln323_12_reg_1857         |   64|   0|   64|          0|
    |trunc_ln323_13_reg_1217         |   64|   0|   64|          0|
    |trunc_ln323_14_reg_1537         |   64|   0|   64|          0|
    |trunc_ln323_15_reg_897          |   64|   0|   64|          0|
    |trunc_ln323_16_reg_1977         |   64|   0|   64|          0|
    |trunc_ln323_17_reg_1337         |   64|   0|   64|          0|
    |trunc_ln323_18_reg_1657         |   64|   0|   64|          0|
    |trunc_ln323_19_reg_1017         |   64|   0|   64|          0|
    |trunc_ln323_1_reg_1297          |   64|   0|   64|          0|
    |trunc_ln323_20_reg_1817         |   64|   0|   64|          0|
    |trunc_ln323_21_reg_1177         |   64|   0|   64|          0|
    |trunc_ln323_22_reg_1497         |   64|   0|   64|          0|
    |trunc_ln323_23_reg_857          |   64|   0|   64|          0|
    |trunc_ln323_24_reg_2057         |   64|   0|   64|          0|
    |trunc_ln323_25_reg_1417         |   64|   0|   64|          0|
    |trunc_ln323_26_reg_1737         |   64|   0|   64|          0|
    |trunc_ln323_27_reg_1097         |   64|   0|   64|          0|
    |trunc_ln323_28_reg_1897         |   64|   0|   64|          0|
    |trunc_ln323_29_reg_1257         |   64|   0|   64|          0|
    |trunc_ln323_2_reg_1617          |   64|   0|   64|          0|
    |trunc_ln323_30_reg_1577         |   64|   0|   64|          0|
    |trunc_ln323_31_reg_937          |   64|   0|   64|          0|
    |trunc_ln323_3_reg_977           |   64|   0|   64|          0|
    |trunc_ln323_4_reg_1777          |   64|   0|   64|          0|
    |trunc_ln323_5_reg_1137          |   64|   0|   64|          0|
    |trunc_ln323_6_reg_1457          |   64|   0|   64|          0|
    |trunc_ln323_7_reg_817           |   64|   0|   64|          0|
    |trunc_ln323_8_reg_2017          |   64|   0|   64|          0|
    |trunc_ln323_9_reg_1377          |   64|   0|   64|          0|
    |trunc_ln323_reg_1937            |   64|   0|   64|          0|
    +--------------------------------+-----+----+-----+-----------+
    |Total                           |23587|   0|23587|          0|
    +--------------------------------+-----+----+-----+-----------+



================================================================
== Interface
================================================================
* Summary: 
+-----------------------------------------+-----+-----+------------+--------------------------+--------------+
|                RTL Ports                | Dir | Bits|  Protocol  |       Source Object      |    C Type    |
+-----------------------------------------+-----+-----+------------+--------------------------+--------------+
|ap_clk                                   |   in|    1|  ap_ctrl_hs|  reverse_input_stream_UF4|  return value|
|ap_rst                                   |   in|    1|  ap_ctrl_hs|  reverse_input_stream_UF4|  return value|
|ap_start                                 |   in|    1|  ap_ctrl_hs|  reverse_input_stream_UF4|  return value|
|ap_done                                  |  out|    1|  ap_ctrl_hs|  reverse_input_stream_UF4|  return value|
|ap_continue                              |   in|    1|  ap_ctrl_hs|  reverse_input_stream_UF4|  return value|
|ap_idle                                  |  out|    1|  ap_ctrl_hs|  reverse_input_stream_UF4|  return value|
|ap_ready                                 |  out|    1|  ap_ctrl_hs|  reverse_input_stream_UF4|  return value|
|in_r_dout                                |   in|  512|     ap_fifo|                      in_r|       pointer|
|in_r_empty_n                             |   in|    1|     ap_fifo|                      in_r|       pointer|
|in_r_read                                |  out|    1|     ap_fifo|                      in_r|       pointer|
|reverse_in_stream_vector_din             |  out|  512|     ap_fifo|  reverse_in_stream_vector|       pointer|
|reverse_in_stream_vector_full_n          |   in|    1|     ap_fifo|  reverse_in_stream_vector|       pointer|
|reverse_in_stream_vector_write           |  out|    1|     ap_fifo|  reverse_in_stream_vector|       pointer|
|reverse_in_stream_vector_num_data_valid  |   in|    3|     ap_fifo|  reverse_in_stream_vector|       pointer|
|reverse_in_stream_vector_fifo_cap        |   in|    3|     ap_fifo|  reverse_in_stream_vector|       pointer|
+-----------------------------------------+-----+-----+------------+--------------------------+--------------+

