================================================================
== Vivado RTL Synthesis Results
================================================================
+ General Information:
    * Date:            Thu Apr 03 21:56:14 PDT 2025
    * Version:         2024.2 (Build 5238294 on Nov  8 2024)
    * Project:         build
    * Solution:        FFT_250MHz (Vivado IP Flow Target)
    * Product family:  versalpremium
    * Target device:   xcvp1802-lsvc4072-3HP-e-S


================================================================
== Run Constraints & Options
================================================================
+ Design Constraints & Options:
    * RTL Synthesis target clock:  4 ns
    * C-Synthesis target clock:    4 ns
    * C-Synthesis uncertainty:     27%

+ RTL Synthesis Options:
    * config_export -vivado_synth_strategy:     default
    * config_export -vivado_synth_design_args:  -directive sdx_optimization_effort_high

+ Reporting Options:
    * config_export -vivado_report_level:      2
    * config_export -vivado_max_timing_paths:  10


================================================================
== RTL Synthesis Resource Summary
================================================================
LUT:              53493
FF:               34016
DSP:              60
BRAM:             160
URAM:             0
SRL:              1171


================================================================
== RTL Synthesis Timing Summary
================================================================
* Timing was met
+----------------+-------------+
| Timing         | Period (ns) |
+----------------+-------------+
| Target         | 4.000       |
| Post-Synthesis | 3.393       |
+----------------+-------------+


================================================================
== RTL Synthesis Resources
================================================================
+---------------------------------------------------------------------------------+-------+-------+-----+------+------+-----+--------+------+---------+----------+--------+
| Name                                                                            | LUT   | FF    | DSP | BRAM | URAM | SRL | Pragma | Impl | Latency | Variable | Source |
+---------------------------------------------------------------------------------+-------+-------+-----+------+------+-----+--------+------+---------+----------+--------+
| inst                                                                            | 53493 | 34016 | 60  | 160  |      |     |        |      |         |          |        |
|   FFT_DIT_spatial_unroll_CY_stream_vector_U0                                    | 53493 | 34016 | 60  | 160  |      |     |        |      |         |          |        |
|     (FFT_DIT_spatial_unroll_CY_stream_vector_U0)                                | 2     | 10    |     |      |      |     |        |      |         |          |        |
|     FFT_DIT_spatial_unroll_CY_stream_vector_stream_stream_vector_0_data_0_0_0_U | 755   | 199   |     |      |      |     |        |      |         |          |        |
|     FFT_DIT_spatial_unroll_CY_stream_vector_stream_stream_vector_0_data_0_0_1_U | 755   | 199   |     |      |      |     |        |      |         |          |        |
|     FFT_DIT_spatial_unroll_CY_stream_vector_stream_stream_vector_0_data_0_0_2_U | 755   | 199   |     |      |      |     |        |      |         |          |        |
|     FFT_DIT_spatial_unroll_CY_stream_vector_stream_stream_vector_0_data_0_0_3_U | 755   | 199   |     |      |      |     |        |      |         |          |        |
|     FFT_DIT_spatial_unroll_CY_stream_vector_stream_stream_vector_0_data_0_1_0_U | 755   | 199   |     |      |      |     |        |      |         |          |        |
|     FFT_DIT_spatial_unroll_CY_stream_vector_stream_stream_vector_0_data_0_1_1_U | 755   | 199   |     |      |      |     |        |      |         |          |        |
|     FFT_DIT_spatial_unroll_CY_stream_vector_stream_stream_vector_0_data_0_1_2_U | 755   | 199   |     |      |      |     |        |      |         |          |        |
|     FFT_DIT_spatial_unroll_CY_stream_vector_stream_stream_vector_0_data_0_1_3_U | 755   | 200   |     |      |      |     |        |      |         |          |        |
|     FFT_DIT_spatial_unroll_CY_stream_vector_stream_stream_vector_0_data_1_0_0_U | 121   | 71    |     | 4    |      |     |        |      |         |          |        |
|     FFT_DIT_spatial_unroll_CY_stream_vector_stream_stream_vector_0_data_1_0_1_U | 121   | 71    |     | 4    |      |     |        |      |         |          |        |
|     FFT_DIT_spatial_unroll_CY_stream_vector_stream_stream_vector_0_data_1_1_0_U | 121   | 71    |     | 4    |      |     |        |      |         |          |        |
|     FFT_DIT_spatial_unroll_CY_stream_vector_stream_stream_vector_0_data_1_1_1_U | 121   | 72    |     | 4    |      |     |        |      |         |          |        |
|     FFT_DIT_spatial_unroll_CY_stream_vector_stream_stream_vector_0_data_2_0_0_U | 119   | 71    |     | 4    |      |     |        |      |         |          |        |
|     FFT_DIT_spatial_unroll_CY_stream_vector_stream_stream_vector_0_data_2_0_1_U | 119   | 71    |     | 4    |      |     |        |      |         |          |        |
|     FFT_DIT_spatial_unroll_CY_stream_vector_stream_stream_vector_0_data_2_1_0_U | 119   | 71    |     | 4    |      |     |        |      |         |          |        |
|     FFT_DIT_spatial_unroll_CY_stream_vector_stream_stream_vector_0_data_2_1_1_U | 119   | 72    |     | 4    |      |     |        |      |         |          |        |
|     FFT_DIT_spatial_unroll_CY_stream_vector_stream_stream_vector_0_data_3_0_0_U | 117   | 71    |     | 4    |      |     |        |      |         |          |        |
|     FFT_DIT_spatial_unroll_CY_stream_vector_stream_stream_vector_0_data_3_0_1_U | 117   | 71    |     | 4    |      |     |        |      |         |          |        |
|     FFT_DIT_spatial_unroll_CY_stream_vector_stream_stream_vector_0_data_3_1_0_U | 117   | 71    |     | 4    |      |     |        |      |         |          |        |
|     FFT_DIT_spatial_unroll_CY_stream_vector_stream_stream_vector_0_data_3_1_1_U | 117   | 72    |     | 4    |      |     |        |      |         |          |        |
|     FFT_DIT_spatial_unroll_CY_stream_vector_stream_stream_vector_0_data_4_0_0_U | 115   | 71    |     | 4    |      |     |        |      |         |          |        |
|     FFT_DIT_spatial_unroll_CY_stream_vector_stream_stream_vector_0_data_4_0_1_U | 115   | 71    |     | 4    |      |     |        |      |         |          |        |
|     FFT_DIT_spatial_unroll_CY_stream_vector_stream_stream_vector_0_data_4_1_0_U | 115   | 71    |     | 4    |      |     |        |      |         |          |        |
|     FFT_DIT_spatial_unroll_CY_stream_vector_stream_stream_vector_0_data_4_1_1_U | 115   | 72    |     | 4    |      |     |        |      |         |          |        |
|     FFT_DIT_spatial_unroll_CY_stream_vector_stream_stream_vector_0_data_5_0_0_U | 113   | 71    |     | 4    |      |     |        |      |         |          |        |
|     FFT_DIT_spatial_unroll_CY_stream_vector_stream_stream_vector_0_data_5_0_1_U | 113   | 71    |     | 4    |      |     |        |      |         |          |        |
|     FFT_DIT_spatial_unroll_CY_stream_vector_stream_stream_vector_0_data_5_1_0_U | 113   | 71    |     | 4    |      |     |        |      |         |          |        |
|     FFT_DIT_spatial_unroll_CY_stream_vector_stream_stream_vector_0_data_5_1_1_U | 114   | 72    |     | 4    |      |     |        |      |         |          |        |
|     FFT_DIT_spatial_unroll_CY_stream_vector_stream_stream_vector_0_data_6_0_0_U | 111   | 71    |     | 4    |      |     |        |      |         |          |        |
|     FFT_DIT_spatial_unroll_CY_stream_vector_stream_stream_vector_0_data_6_0_1_U | 111   | 71    |     | 4    |      |     |        |      |         |          |        |
|     FFT_DIT_spatial_unroll_CY_stream_vector_stream_stream_vector_0_data_6_1_0_U | 111   | 71    |     | 4    |      |     |        |      |         |          |        |
|     FFT_DIT_spatial_unroll_CY_stream_vector_stream_stream_vector_0_data_6_1_1_U | 111   | 72    |     | 4    |      |     |        |      |         |          |        |
|     FFT_DIT_spatial_unroll_CY_stream_vector_stream_stream_vector_0_data_7_0_0_U | 109   | 71    |     | 4    |      |     |        |      |         |          |        |
|     FFT_DIT_spatial_unroll_CY_stream_vector_stream_stream_vector_0_data_7_0_1_U | 109   | 71    |     | 4    |      |     |        |      |         |          |        |
|     FFT_DIT_spatial_unroll_CY_stream_vector_stream_stream_vector_0_data_7_1_0_U | 109   | 71    |     | 4    |      |     |        |      |         |          |        |
|     FFT_DIT_spatial_unroll_CY_stream_vector_stream_stream_vector_0_data_7_1_1_U | 126   | 73    |     | 4    |      |     |        |      |         |          |        |
|     FFT_DIT_spatial_unroll_CY_stream_vector_stream_stream_vector_0_data_8_0_0_U | 84    | 71    |     | 4    |      |     |        |      |         |          |        |
|     FFT_DIT_spatial_unroll_CY_stream_vector_stream_stream_vector_0_data_8_0_1_U | 84    | 71    |     | 4    |      |     |        |      |         |          |        |
|     FFT_DIT_spatial_unroll_CY_stream_vector_stream_stream_vector_0_data_8_1_0_U | 84    | 71    |     | 4    |      |     |        |      |         |          |        |
|     FFT_DIT_spatial_unroll_CY_stream_vector_stream_stream_vector_0_data_8_1_1_U | 87    | 72    |     | 4    |      |     |        |      |         |          |        |
|     FFT_Stage1_vectorstream_parameterize_U0                                     | 3907  | 1717  |     |      |      |     |        |      |         |          |        |
|         fadd_32ns_32ns_32_4_no_dsp_1_U72                                        | 472   | 150   |     |      |      |     |        |      |         |          |        |
|         fadd_32ns_32ns_32_4_no_dsp_1_U73                                        | 472   | 150   |     |      |      |     |        |      |         |          |        |
|         fadd_32ns_32ns_32_4_no_dsp_1_U76                                        | 472   | 150   |     |      |      |     |        |      |         |          |        |
|         fadd_32ns_32ns_32_4_no_dsp_1_U77                                        | 472   | 150   |     |      |      |     |        |      |         |          |        |
|         fsub_32ns_32ns_32_4_no_dsp_1_U74                                        | 472   | 150   |     |      |      |     |        |      |         |          |        |
|         fsub_32ns_32ns_32_4_no_dsp_1_U75                                        | 472   | 150   |     |      |      |     |        |      |         |          |        |
|         fsub_32ns_32ns_32_4_no_dsp_1_U78                                        | 472   | 150   |     |      |      |     |        |      |         |          |        |
|         fsub_32ns_32ns_32_4_no_dsp_1_U79                                        | 472   | 150   |     |      |      |     |        |      |         |          |        |
|     FFT_Stage2_vectorstreamIn_arrayOut_parametize_U0                            | 4328  | 1745  |     |      |      |     |        |      |         |          |        |
|       (FFT_Stage2_vectorstreamIn_arrayOut_parametize_U0)                        | 28    | 544   |     |      |      |     |        |      |         |          |        |
|       fadd_32ns_32ns_32_4_no_dsp_1_U86                                          | 536   | 150   |     |      |      |     |        |      |         |          |        |
|       fadd_32ns_32ns_32_4_no_dsp_1_U87                                          | 536   | 150   |     |      |      |     |        |      |         |          |        |
|       fadd_32ns_32ns_32_4_no_dsp_1_U90                                          | 536   | 150   |     |      |      |     |        |      |         |          |        |
|       fadd_32ns_32ns_32_4_no_dsp_1_U93                                          | 536   | 150   |     |      |      |     |        |      |         |          |        |
|       flow_control_loop_pipe_U                                                  | 12    | 1     |     |      |      |     |        |      |         |          |        |
|       fsub_32ns_32ns_32_4_no_dsp_1_U88                                          | 536   | 150   |     |      |      |     |        |      |         |          |        |
|       fsub_32ns_32ns_32_4_no_dsp_1_U89                                          | 536   | 150   |     |      |      |     |        |      |         |          |        |
|       fsub_32ns_32ns_32_4_no_dsp_1_U91                                          | 536   | 150   |     |      |      |     |        |      |         |          |        |
|       fsub_32ns_32ns_32_4_no_dsp_1_U92                                          | 536   | 150   |     |      |      |     |        |      |         |          |        |
|     FFT_stage_spatial_unroll_10_U0                                              | 4404  | 3256  | 8   | 4    |      |     |        |      |         |          |        |
|       (FFT_stage_spatial_unroll_10_U0)                                          | 268   | 2055  |     | 4    |      |     |        |      |         |          |        |
|       fadd_32ns_32ns_32_4_no_dsp_1_U308                                         | 504   | 150   |     |      |      |     |        |      |         |          |        |
|       fadd_32ns_32ns_32_4_no_dsp_1_U309                                         | 504   | 150   |     |      |      |     |        |      |         |          |        |
|       fadd_32ns_32ns_32_4_no_dsp_1_U312                                         | 504   | 150   |     |      |      |     |        |      |         |          |        |
|       fadd_32ns_32ns_32_4_no_dsp_1_U313                                         | 504   | 150   |     |      |      |     |        |      |         |          |        |
|       flow_control_loop_pipe_U                                                  | 104   | 1     |     |      |      |     |        |      |         |          |        |
|       fmadd_32ns_32ns_32ns_32ns_32_1_primitive_dsp_1_U320                       |       |       | 1   |      |      |     |        |      |         |          |        |
|       fmadd_32ns_32ns_32ns_32ns_32_1_primitive_dsp_1_U321                       |       |       | 1   |      |      |     |        |      |         |          |        |
|       fmsub_32ns_32ns_32ns_32ns_32_1_primitive_dsp_1_U322                       |       |       | 1   |      |      |     |        |      |         |          |        |
|       fmsub_32ns_32ns_32ns_32ns_32_1_primitive_dsp_1_U323                       |       |       | 1   |      |      |     |        |      |         |          |        |
|       fmul_32ns_32ns_32_1_primitive_dsp_1_U316                                  |       |       | 1   |      |      |     |        |      |         |          |        |
|       fmul_32ns_32ns_32_1_primitive_dsp_1_U317                                  |       |       | 1   |      |      |     |        |      |         |          |        |
|       fmul_32ns_32ns_32_1_primitive_dsp_1_U318                                  |       |       | 1   |      |      |     |        |      |         |          |        |
|       fmul_32ns_32ns_32_1_primitive_dsp_1_U319                                  |       |       | 1   |      |      |     |        |      |         |          |        |
|       fsub_32ns_32ns_32_4_no_dsp_1_U310                                         | 504   | 150   |     |      |      |     |        |      |         |          |        |
|       fsub_32ns_32ns_32_4_no_dsp_1_U311                                         | 504   | 150   |     |      |      |     |        |      |         |          |        |
|       fsub_32ns_32ns_32_4_no_dsp_1_U314                                         | 504   | 150   |     |      |      |     |        |      |         |          |        |
|       fsub_32ns_32ns_32_4_no_dsp_1_U315                                         | 504   | 150   |     |      |      |     |        |      |         |          |        |
|     FFT_stage_spatial_unroll_3_U0                                               | 4392  | 2548  | 4   |      |      |     |        |      |         |          |        |
|       (FFT_stage_spatial_unroll_3_U0)                                           | 251   | 1346  |     |      |      |     |        |      |         |          |        |
|       fadd_32ns_32ns_32_4_no_dsp_1_U103                                         | 504   | 150   |     |      |      |     |        |      |         |          |        |
|       fadd_32ns_32ns_32_4_no_dsp_1_U104                                         | 504   | 150   |     |      |      |     |        |      |         |          |        |
|       fadd_32ns_32ns_32_4_no_dsp_1_U107                                         | 504   | 150   |     |      |      |     |        |      |         |          |        |
|       fadd_32ns_32ns_32_4_no_dsp_1_U108                                         | 504   | 150   |     |      |      |     |        |      |         |          |        |
|       flow_control_loop_delay_pipe_U                                            | 173   | 2     |     |      |      |     |        |      |         |          |        |
|       fmadd_32ns_32ns_32ns_32ns_32_1_primitive_dsp_1_U116                       |       |       | 1   |      |      |     |        |      |         |          |        |
|       fmsub_32ns_32ns_32ns_32ns_32_1_primitive_dsp_1_U118                       |       |       | 1   |      |      |     |        |      |         |          |        |
|       fmul_32ns_32ns_32_1_primitive_dsp_1_U113                                  |       |       | 1   |      |      |     |        |      |         |          |        |
|       fmul_32ns_32ns_32_1_primitive_dsp_1_U114                                  |       |       | 1   |      |      |     |        |      |         |          |        |
|       fsub_32ns_32ns_32_4_no_dsp_1_U105                                         | 488   | 150   |     |      |      |     |        |      |         |          |        |
|       fsub_32ns_32ns_32_4_no_dsp_1_U106                                         | 488   | 150   |     |      |      |     |        |      |         |          |        |
|       fsub_32ns_32ns_32_4_no_dsp_1_U109                                         | 488   | 150   |     |      |      |     |        |      |         |          |        |
|       fsub_32ns_32ns_32_4_no_dsp_1_U110                                         | 488   | 150   |     |      |      |     |        |      |         |          |        |
|     FFT_stage_spatial_unroll_4_U0                                               | 4237  | 3050  | 8   |      |      |     |        |      |         |          |        |
|       (FFT_stage_spatial_unroll_4_U0)                                           | 224   | 1848  |     |      |      |     |        |      |         |          |        |
|       fadd_32ns_32ns_32_4_no_dsp_1_U134                                         | 504   | 150   |     |      |      |     |        |      |         |          |        |
|       fadd_32ns_32ns_32_4_no_dsp_1_U135                                         | 504   | 150   |     |      |      |     |        |      |         |          |        |
|       fadd_32ns_32ns_32_4_no_dsp_1_U138                                         | 504   | 150   |     |      |      |     |        |      |         |          |        |
|       fadd_32ns_32ns_32_4_no_dsp_1_U139                                         | 504   | 150   |     |      |      |     |        |      |         |          |        |
|       flow_control_loop_delay_pipe_U                                            | 45    | 2     |     |      |      |     |        |      |         |          |        |
|       fmadd_32ns_32ns_32ns_32ns_32_1_primitive_dsp_1_U146                       |       |       | 1   |      |      |     |        |      |         |          |        |
|       fmadd_32ns_32ns_32ns_32ns_32_1_primitive_dsp_1_U147                       |       |       | 1   |      |      |     |        |      |         |          |        |
|       fmsub_32ns_32ns_32ns_32ns_32_1_primitive_dsp_1_U148                       |       |       | 1   |      |      |     |        |      |         |          |        |
|       fmsub_32ns_32ns_32ns_32ns_32_1_primitive_dsp_1_U149                       |       |       | 1   |      |      |     |        |      |         |          |        |
|       fmul_32ns_32ns_32_1_primitive_dsp_1_U142                                  |       |       | 1   |      |      |     |        |      |         |          |        |
|       fmul_32ns_32ns_32_1_primitive_dsp_1_U143                                  |       |       | 1   |      |      |     |        |      |         |          |        |
|       fmul_32ns_32ns_32_1_primitive_dsp_1_U144                                  |       |       | 1   |      |      |     |        |      |         |          |        |
|       fmul_32ns_32ns_32_1_primitive_dsp_1_U145                                  |       |       | 1   |      |      |     |        |      |         |          |        |
|       fsub_32ns_32ns_32_4_no_dsp_1_U136                                         | 488   | 150   |     |      |      |     |        |      |         |          |        |
|       fsub_32ns_32ns_32_4_no_dsp_1_U137                                         | 488   | 150   |     |      |      |     |        |      |         |          |        |
|       fsub_32ns_32ns_32_4_no_dsp_1_U140                                         | 488   | 150   |     |      |      |     |        |      |         |          |        |
|       fsub_32ns_32ns_32_4_no_dsp_1_U141                                         | 488   | 150   |     |      |      |     |        |      |         |          |        |
|     FFT_stage_spatial_unroll_5_U0                                               | 4286  | 3127  | 8   |      |      |     |        |      |         |          |        |
|       (FFT_stage_spatial_unroll_5_U0)                                           | 266   | 1925  |     |      |      |     |        |      |         |          |        |
|       fadd_32ns_32ns_32_4_no_dsp_1_U163                                         | 504   | 150   |     |      |      |     |        |      |         |          |        |
|       fadd_32ns_32ns_32_4_no_dsp_1_U164                                         | 504   | 150   |     |      |      |     |        |      |         |          |        |
|       fadd_32ns_32ns_32_4_no_dsp_1_U167                                         | 504   | 150   |     |      |      |     |        |      |         |          |        |
|       fadd_32ns_32ns_32_4_no_dsp_1_U168                                         | 504   | 150   |     |      |      |     |        |      |         |          |        |
|       flow_control_loop_delay_pipe_U                                            | 52    | 2     |     |      |      |     |        |      |         |          |        |
|       fmadd_32ns_32ns_32ns_32ns_32_1_primitive_dsp_1_U175                       |       |       | 1   |      |      |     |        |      |         |          |        |
|       fmadd_32ns_32ns_32ns_32ns_32_1_primitive_dsp_1_U176                       |       |       | 1   |      |      |     |        |      |         |          |        |
|       fmsub_32ns_32ns_32ns_32ns_32_1_primitive_dsp_1_U177                       |       |       | 1   |      |      |     |        |      |         |          |        |
|       fmsub_32ns_32ns_32ns_32ns_32_1_primitive_dsp_1_U178                       |       |       | 1   |      |      |     |        |      |         |          |        |
|       fmul_32ns_32ns_32_1_primitive_dsp_1_U171                                  |       |       | 1   |      |      |     |        |      |         |          |        |
|       fmul_32ns_32ns_32_1_primitive_dsp_1_U172                                  |       |       | 1   |      |      |     |        |      |         |          |        |
|       fmul_32ns_32ns_32_1_primitive_dsp_1_U173                                  |       |       | 1   |      |      |     |        |      |         |          |        |
|       fmul_32ns_32ns_32_1_primitive_dsp_1_U174                                  |       |       | 1   |      |      |     |        |      |         |          |        |
|       fsub_32ns_32ns_32_4_no_dsp_1_U165                                         | 488   | 150   |     |      |      |     |        |      |         |          |        |
|       fsub_32ns_32ns_32_4_no_dsp_1_U166                                         | 488   | 150   |     |      |      |     |        |      |         |          |        |
|       fsub_32ns_32ns_32_4_no_dsp_1_U169                                         | 488   | 150   |     |      |      |     |        |      |         |          |        |
|       fsub_32ns_32ns_32_4_no_dsp_1_U170                                         | 488   | 150   |     |      |      |     |        |      |         |          |        |
|     FFT_stage_spatial_unroll_6_U0                                               | 4353  | 3303  | 8   |      |      |     |        |      |         |          |        |
|       (FFT_stage_spatial_unroll_6_U0)                                           | 326   | 2101  |     |      |      |     |        |      |         |          |        |
|       fadd_32ns_32ns_32_4_no_dsp_1_U192                                         | 504   | 150   |     |      |      |     |        |      |         |          |        |
|       fadd_32ns_32ns_32_4_no_dsp_1_U193                                         | 504   | 150   |     |      |      |     |        |      |         |          |        |
|       fadd_32ns_32ns_32_4_no_dsp_1_U196                                         | 504   | 150   |     |      |      |     |        |      |         |          |        |
|       fadd_32ns_32ns_32_4_no_dsp_1_U197                                         | 504   | 150   |     |      |      |     |        |      |         |          |        |
|       flow_control_loop_delay_pipe_U                                            | 59    | 2     |     |      |      |     |        |      |         |          |        |
|       fmadd_32ns_32ns_32ns_32ns_32_1_primitive_dsp_1_U204                       |       |       | 1   |      |      |     |        |      |         |          |        |
|       fmadd_32ns_32ns_32ns_32ns_32_1_primitive_dsp_1_U205                       |       |       | 1   |      |      |     |        |      |         |          |        |
|       fmsub_32ns_32ns_32ns_32ns_32_1_primitive_dsp_1_U206                       |       |       | 1   |      |      |     |        |      |         |          |        |
|       fmsub_32ns_32ns_32ns_32ns_32_1_primitive_dsp_1_U207                       |       |       | 1   |      |      |     |        |      |         |          |        |
|       fmul_32ns_32ns_32_1_primitive_dsp_1_U200                                  |       |       | 1   |      |      |     |        |      |         |          |        |
|       fmul_32ns_32ns_32_1_primitive_dsp_1_U201                                  |       |       | 1   |      |      |     |        |      |         |          |        |
|       fmul_32ns_32ns_32_1_primitive_dsp_1_U202                                  |       |       | 1   |      |      |     |        |      |         |          |        |
|       fmul_32ns_32ns_32_1_primitive_dsp_1_U203                                  |       |       | 1   |      |      |     |        |      |         |          |        |
|       fsub_32ns_32ns_32_4_no_dsp_1_U194                                         | 488   | 150   |     |      |      |     |        |      |         |          |        |
|       fsub_32ns_32ns_32_4_no_dsp_1_U195                                         | 488   | 150   |     |      |      |     |        |      |         |          |        |
|       fsub_32ns_32ns_32_4_no_dsp_1_U198                                         | 488   | 150   |     |      |      |     |        |      |         |          |        |
|       fsub_32ns_32ns_32_4_no_dsp_1_U199                                         | 488   | 150   |     |      |      |     |        |      |         |          |        |
|     FFT_stage_spatial_unroll_7_U0                                               | 4336  | 3361  | 8   |      |      |     |        |      |         |          |        |
|       (FFT_stage_spatial_unroll_7_U0)                                           | 302   | 2159  |     |      |      |     |        |      |         |          |        |
|       fadd_32ns_32ns_32_4_no_dsp_1_U221                                         | 504   | 150   |     |      |      |     |        |      |         |          |        |
|       fadd_32ns_32ns_32_4_no_dsp_1_U222                                         | 504   | 150   |     |      |      |     |        |      |         |          |        |
|       fadd_32ns_32ns_32_4_no_dsp_1_U225                                         | 504   | 150   |     |      |      |     |        |      |         |          |        |
|       fadd_32ns_32ns_32_4_no_dsp_1_U226                                         | 504   | 150   |     |      |      |     |        |      |         |          |        |
|       flow_control_loop_delay_pipe_U                                            | 66    | 2     |     |      |      |     |        |      |         |          |        |
|       fmadd_32ns_32ns_32ns_32ns_32_1_primitive_dsp_1_U233                       |       |       | 1   |      |      |     |        |      |         |          |        |
|       fmadd_32ns_32ns_32ns_32ns_32_1_primitive_dsp_1_U234                       |       |       | 1   |      |      |     |        |      |         |          |        |
|       fmsub_32ns_32ns_32ns_32ns_32_1_primitive_dsp_1_U235                       |       |       | 1   |      |      |     |        |      |         |          |        |
|       fmsub_32ns_32ns_32ns_32ns_32_1_primitive_dsp_1_U236                       |       |       | 1   |      |      |     |        |      |         |          |        |
|       fmul_32ns_32ns_32_1_primitive_dsp_1_U229                                  |       |       | 1   |      |      |     |        |      |         |          |        |
|       fmul_32ns_32ns_32_1_primitive_dsp_1_U230                                  |       |       | 1   |      |      |     |        |      |         |          |        |
|       fmul_32ns_32ns_32_1_primitive_dsp_1_U231                                  |       |       | 1   |      |      |     |        |      |         |          |        |
|       fmul_32ns_32ns_32_1_primitive_dsp_1_U232                                  |       |       | 1   |      |      |     |        |      |         |          |        |
|       fsub_32ns_32ns_32_4_no_dsp_1_U223                                         | 488   | 150   |     |      |      |     |        |      |         |          |        |
|       fsub_32ns_32ns_32_4_no_dsp_1_U224                                         | 488   | 150   |     |      |      |     |        |      |         |          |        |
|       fsub_32ns_32ns_32_4_no_dsp_1_U227                                         | 488   | 150   |     |      |      |     |        |      |         |          |        |
|       fsub_32ns_32ns_32_4_no_dsp_1_U228                                         | 488   | 150   |     |      |      |     |        |      |         |          |        |
|     FFT_stage_spatial_unroll_8_U0                                               | 4428  | 3365  | 8   |      |      |     |        |      |         |          |        |
|       (FFT_stage_spatial_unroll_8_U0)                                           | 386   | 2163  |     |      |      |     |        |      |         |          |        |
|       fadd_32ns_32ns_32_4_no_dsp_1_U250                                         | 504   | 150   |     |      |      |     |        |      |         |          |        |
|       fadd_32ns_32ns_32_4_no_dsp_1_U251                                         | 504   | 150   |     |      |      |     |        |      |         |          |        |
|       fadd_32ns_32ns_32_4_no_dsp_1_U254                                         | 504   | 150   |     |      |      |     |        |      |         |          |        |
|       fadd_32ns_32ns_32_4_no_dsp_1_U255                                         | 504   | 150   |     |      |      |     |        |      |         |          |        |
|       flow_control_loop_delay_pipe_U                                            | 74    | 2     |     |      |      |     |        |      |         |          |        |
|       fmadd_32ns_32ns_32ns_32ns_32_1_primitive_dsp_1_U262                       |       |       | 1   |      |      |     |        |      |         |          |        |
|       fmadd_32ns_32ns_32ns_32ns_32_1_primitive_dsp_1_U263                       |       |       | 1   |      |      |     |        |      |         |          |        |
|       fmsub_32ns_32ns_32ns_32ns_32_1_primitive_dsp_1_U264                       |       |       | 1   |      |      |     |        |      |         |          |        |
|       fmsub_32ns_32ns_32ns_32ns_32_1_primitive_dsp_1_U265                       |       |       | 1   |      |      |     |        |      |         |          |        |
|       fmul_32ns_32ns_32_1_primitive_dsp_1_U258                                  |       |       | 1   |      |      |     |        |      |         |          |        |
|       fmul_32ns_32ns_32_1_primitive_dsp_1_U259                                  |       |       | 1   |      |      |     |        |      |         |          |        |
|       fmul_32ns_32ns_32_1_primitive_dsp_1_U260                                  |       |       | 1   |      |      |     |        |      |         |          |        |
|       fmul_32ns_32ns_32_1_primitive_dsp_1_U261                                  |       |       | 1   |      |      |     |        |      |         |          |        |
|       fsub_32ns_32ns_32_4_no_dsp_1_U252                                         | 488   | 150   |     |      |      |     |        |      |         |          |        |
|       fsub_32ns_32ns_32_4_no_dsp_1_U253                                         | 488   | 150   |     |      |      |     |        |      |         |          |        |
|       fsub_32ns_32ns_32_4_no_dsp_1_U256                                         | 488   | 150   |     |      |      |     |        |      |         |          |        |
|       fsub_32ns_32ns_32_4_no_dsp_1_U257                                         | 488   | 150   |     |      |      |     |        |      |         |          |        |
|     FFT_stage_spatial_unroll_9_U0                                               | 4256  | 3395  | 8   | 4    |      |     |        |      |         |          |        |
|       (FFT_stage_spatial_unroll_9_U0)                                           | 217   | 2193  |     | 4    |      |     |        |      |         |          |        |
|       fadd_32ns_32ns_32_4_no_dsp_1_U279                                         | 504   | 150   |     |      |      |     |        |      |         |          |        |
|       fadd_32ns_32ns_32_4_no_dsp_1_U280                                         | 504   | 150   |     |      |      |     |        |      |         |          |        |
|       fadd_32ns_32ns_32_4_no_dsp_1_U283                                         | 504   | 150   |     |      |      |     |        |      |         |          |        |
|       fadd_32ns_32ns_32_4_no_dsp_1_U284                                         | 504   | 150   |     |      |      |     |        |      |         |          |        |
|       flow_control_loop_delay_pipe_U                                            | 82    | 2     |     |      |      |     |        |      |         |          |        |
|       fmadd_32ns_32ns_32ns_32ns_32_1_primitive_dsp_1_U291                       |       |       | 1   |      |      |     |        |      |         |          |        |
|       fmadd_32ns_32ns_32ns_32ns_32_1_primitive_dsp_1_U292                       |       |       | 1   |      |      |     |        |      |         |          |        |
|       fmsub_32ns_32ns_32ns_32ns_32_1_primitive_dsp_1_U293                       |       |       | 1   |      |      |     |        |      |         |          |        |
|       fmsub_32ns_32ns_32ns_32ns_32_1_primitive_dsp_1_U294                       |       |       | 1   |      |      |     |        |      |         |          |        |
|       fmul_32ns_32ns_32_1_primitive_dsp_1_U287                                  |       |       | 1   |      |      |     |        |      |         |          |        |
|       fmul_32ns_32ns_32_1_primitive_dsp_1_U288                                  |       |       | 1   |      |      |     |        |      |         |          |        |
|       fmul_32ns_32ns_32_1_primitive_dsp_1_U289                                  |       |       | 1   |      |      |     |        |      |         |          |        |
|       fmul_32ns_32ns_32_1_primitive_dsp_1_U290                                  |       |       | 1   |      |      |     |        |      |         |          |        |
|       fsub_32ns_32ns_32_4_no_dsp_1_U281                                         | 488   | 150   |     |      |      |     |        |      |         |          |        |
|       fsub_32ns_32ns_32_4_no_dsp_1_U282                                         | 488   | 150   |     |      |      |     |        |      |         |          |        |
|       fsub_32ns_32ns_32_4_no_dsp_1_U285                                         | 488   | 150   |     |      |      |     |        |      |         |          |        |
|       fsub_32ns_32ns_32_4_no_dsp_1_U286                                         | 477   | 150   |     |      |      |     |        |      |         |          |        |
|     data_s1_stream_vector_U                                                     | 137   | 521   |     |      |      |     |        |      |         |          |        |
|     output_result_array_to_stream_U0                                            | 18    | 11    |     |      |      |     |        |      |         |          |        |
|       (output_result_array_to_stream_U0)                                        | 3     | 10    |     |      |      |     |        |      |         |          |        |
|     reverse_in_stream_vector_U                                                  | 136   | 521   |     |      |      |     |        |      |         |          |        |
|     reverse_input_stream_UF2_U0                                                 | 656   | 212   |     | 24   |      |     |        |      |         |          |        |
|       (reverse_input_stream_UF2_U0)                                             |       | 2     |     |      |      |     |        |      |         |          |        |
|       reverse_input_stream_UF2_stream_stream_vector_0_data_in_cyclic_0_0_0_U    | 4     | 6     |     | 1    |      |     |        |      |         |          |        |
|       reverse_input_stream_UF2_stream_stream_vector_0_data_in_cyclic_0_0_1_U    | 4     | 6     |     | 1    |      |     |        |      |         |          |        |
|       reverse_input_stream_UF2_stream_stream_vector_0_data_in_cyclic_0_1_0_U    | 4     | 6     |     | 1    |      |     |        |      |         |          |        |
|       reverse_input_stream_UF2_stream_stream_vector_0_data_in_cyclic_0_1_1_U    | 4     | 6     |     | 1    |      |     |        |      |         |          |        |
|       reverse_input_stream_UF2_stream_stream_vector_0_data_in_cyclic_0_2_0_U    | 4     | 6     |     | 1    |      |     |        |      |         |          |        |
|       reverse_input_stream_UF2_stream_stream_vector_0_data_in_cyclic_0_2_1_U    | 4     | 6     |     | 1    |      |     |        |      |         |          |        |
|       reverse_input_stream_UF2_stream_stream_vector_0_data_in_cyclic_0_3_0_U    | 4     | 6     |     | 1    |      |     |        |      |         |          |        |
|       reverse_input_stream_UF2_stream_stream_vector_0_data_in_cyclic_0_3_1_U    | 4     | 6     |     | 1    |      |     |        |      |         |          |        |
|       reverse_input_stream_UF2_stream_stream_vector_0_data_in_cyclic_1_0_0_U    | 4     | 6     |     | 1    |      |     |        |      |         |          |        |
|       reverse_input_stream_UF2_stream_stream_vector_0_data_in_cyclic_1_0_1_U    | 4     | 6     |     | 1    |      |     |        |      |         |          |        |
|       reverse_input_stream_UF2_stream_stream_vector_0_data_in_cyclic_1_1_0_U    | 4     | 6     |     | 1    |      |     |        |      |         |          |        |
|       reverse_input_stream_UF2_stream_stream_vector_0_data_in_cyclic_1_1_1_U    | 4     | 6     |     | 1    |      |     |        |      |         |          |        |
|       reverse_input_stream_UF2_stream_stream_vector_0_data_in_cyclic_1_2_0_U    | 4     | 6     |     | 1    |      |     |        |      |         |          |        |
|       reverse_input_stream_UF2_stream_stream_vector_0_data_in_cyclic_1_2_1_U    | 4     | 6     |     | 1    |      |     |        |      |         |          |        |
|       reverse_input_stream_UF2_stream_stream_vector_0_data_in_cyclic_1_3_0_U    | 4     | 6     |     | 1    |      |     |        |      |         |          |        |
|       reverse_input_stream_UF2_stream_stream_vector_0_data_in_cyclic_1_3_1_U    | 6     | 6     |     | 1    |      |     |        |      |         |          |        |
|       reverse_input_stream_UF2_stream_stream_vector_0_data_rev_stream_0_0_U     | 6     | 6     |     | 1    |      |     |        |      |         |          |        |
|       reverse_input_stream_UF2_stream_stream_vector_0_data_rev_stream_0_1_U     | 6     | 6     |     | 1    |      |     |        |      |         |          |        |
|       reverse_input_stream_UF2_stream_stream_vector_0_data_rev_stream_0_2_U     | 6     | 6     |     | 1    |      |     |        |      |         |          |        |
|       reverse_input_stream_UF2_stream_stream_vector_0_data_rev_stream_0_3_U     | 6     | 6     |     | 1    |      |     |        |      |         |          |        |
|       reverse_input_stream_UF2_stream_stream_vector_0_data_rev_stream_1_0_U     | 6     | 6     |     | 1    |      |     |        |      |         |          |        |
|       reverse_input_stream_UF2_stream_stream_vector_0_data_rev_stream_1_1_U     | 6     | 6     |     | 1    |      |     |        |      |         |          |        |
|       reverse_input_stream_UF2_stream_stream_vector_0_data_rev_stream_1_2_U     | 6     | 6     |     | 1    |      |     |        |      |         |          |        |
|       reverse_input_stream_UF2_stream_stream_vector_0_data_rev_stream_1_3_U     | 7     | 6     |     | 1    |      |     |        |      |         |          |        |
+---------------------------------------------------------------------------------+-------+-------+-----+------+------+-----+--------+------+---------+----------+--------+


================================================================
== RTL Synthesis Fail Fast
================================================================
+-----------------------------------------------------------+-----------+--------+--------+
| Criteria                                                  | Guideline | Actual | Status |
+-----------------------------------------------------------+-----------+--------+--------+
| LUT                                                       | 70%       | 1.59%  | OK     |
| FD                                                        | 50%       | 0.51%  | OK     |
| LUTRAM+SRL                                                | 25%       | 0.31%  | OK     |
| LOOKAHEAD8                                                | 25%       | 0.32%  | OK     |
| DSP                                                       | 80%       | 0.42%  | OK     |
| RAMB                                                      | 80%       | 1.62%  | OK     |
| URAM                                                      | 80%       | 0.00%  | OK     |
| DSP+RAMB+URAM (Avg)                                       | 70%       | 1.02%  | OK     |
| BUFGCE* + BUFGCTRL                                        | 24        | 0      | OK     |
| DONT_TOUCH (cells/nets)                                   | 0         | 0      | OK     |
| MARK_DEBUG (nets)                                         | 0         | 0      | OK     |
| Control Sets                                              | 63017     | 437    | OK     |
| Average Fanout for modules > 100k cells                   | 4         | 1.91   | OK     |
| Max Average Fanout for modules > 100k cells               | 4         | 1.91   | OK     |
| Non-FD high fanout nets > 10k loads                       | 0         | 0      | OK     |
+-----------------------------------------------------------+-----------+--------+--------+
| TIMING-6 (No common primary clock between related clocks) | 0         | 0      | OK     |
| TIMING-7 (No common node between related clocks)          | 0         | 0      | OK     |
| TIMING-8 (No common period between related clocks)        | 0         | 0      | OK     |
| TIMING-14 (LUT on the clock tree)                         | 0         | 0      | OK     |
| TIMING-35 (No common node in paths with the same clock)   | 0         | 0      | OK     |
+-----------------------------------------------------------+-----------+--------+--------+
| Number of paths above max LUT budgeting (0.250ns)         | 0         | 0      | OK     |
| Number of paths above max Net budgeting (0.177ns)         | 0         | 0      | OK     |
+-----------------------------------------------------------+-----------+--------+--------+


================================================================
== RTL Synthesis Timing Paths
================================================================
* Timing was met
+-------+-------+--------------------------------------------------------------------------------------------------+--------------------------------------------------------------------------------------------------------+--------------+------------+----------------+----------------+--------------+
| Path  | SLACK | STARTPOINT PIN                                                                                   | ENDPOINT PIN                                                                                           | LOGIC LEVELS | MAX FANOUT | DATAPATH DELAY | DATAPATH LOGIC | DATAPATH NET |
|       |       |                                                                                                  |                                                                                                        |              |            |                |          DELAY |        DELAY |
+-------+-------+--------------------------------------------------------------------------------------------------+--------------------------------------------------------------------------------------------------------+--------------+------------+----------------+----------------+--------------+
| Path1 | 0.607 | FFT_DIT_spatial_unroll_CY_stream_vector_U0/FFT_stage_spatial_unroll_4_U0/grp_fu_458_p2_reg[21]/C | FFT_DIT_spatial_unroll_CY_stream_vector_U0/FFT_stage_spatial_unroll_4_U0/d1_imag_reg_1200_reg[23]/D    |            8 |         17 |          3.064 |          2.551 |        0.513 |
| Path2 | 0.607 | FFT_DIT_spatial_unroll_CY_stream_vector_U0/FFT_stage_spatial_unroll_4_U0/grp_fu_458_p2_reg[21]/C | FFT_DIT_spatial_unroll_CY_stream_vector_U0/FFT_stage_spatial_unroll_4_U0/d1_real_reg_1195_reg[23]/D    |            8 |         17 |          3.064 |          2.551 |        0.513 |
| Path3 | 0.609 | FFT_DIT_spatial_unroll_CY_stream_vector_U0/FFT_stage_spatial_unroll_4_U0/grp_fu_458_p2_reg[21]/C | FFT_DIT_spatial_unroll_CY_stream_vector_U0/FFT_stage_spatial_unroll_4_U0/d1_imag_reg_1200_reg[25]/D    |            8 |         17 |          3.062 |          2.551 |        0.511 |
| Path4 | 0.609 | FFT_DIT_spatial_unroll_CY_stream_vector_U0/FFT_stage_spatial_unroll_4_U0/grp_fu_458_p2_reg[21]/C | FFT_DIT_spatial_unroll_CY_stream_vector_U0/FFT_stage_spatial_unroll_4_U0/d1_real_reg_1195_reg[25]/D    |            8 |         17 |          3.062 |          2.551 |        0.511 |
| Path5 | 0.610 | FFT_DIT_spatial_unroll_CY_stream_vector_U0/FFT_stage_spatial_unroll_4_U0/grp_fu_479_p2_reg[17]/C | FFT_DIT_spatial_unroll_CY_stream_vector_U0/FFT_stage_spatial_unroll_4_U0/d1_imag_18_reg_1213_reg[23]/D |            8 |         15 |          3.061 |          2.551 |        0.510 |
+-------+-------+--------------------------------------------------------------------------------------------------+--------------------------------------------------------------------------------------------------------+--------------+------------+----------------+----------------+--------------+

    +------------------------------------------------------------------------------------------------------+------------------------+
    | Path1 Cells                                                                                          | Primitive Type         |
    +------------------------------------------------------------------------------------------------------+------------------------+
    | FFT_DIT_spatial_unroll_CY_stream_vector_U0/FFT_stage_spatial_unroll_4_U0/grp_fu_458_p2_reg[21]       | REGISTER.SDR.FDRE      |
    | i_synth/UFMA_OP.OP/i_prim/DSP_FP_INREG_INST                                                          | ARITHMETIC.DSP.DSPFP32 |
    | i_synth/UFMA_OP.OP/i_prim/DSP_FP_INMUX_INST                                                          | ARITHMETIC.DSP.DSPFP32 |
    | i_synth/UFMA_OP.OP/i_prim/DSP_FPM_STAGE0_INST                                                        | ARITHMETIC.DSP.DSPFP32 |
    | i_synth/UFMA_OP.OP/i_prim/DSP_FPM_PIPEREG_INST                                                       | ARITHMETIC.DSP.DSPFP32 |
    | i_synth/UFMA_OP.OP/i_prim/DSP_FPM_STAGE1_INST                                                        | ARITHMETIC.DSP.DSPFP32 |
    | i_synth/UFMA_OP.OP/i_prim/DSP_FP_OUTPUT_INST                                                         | ARITHMETIC.DSP.DSPFP32 |
    | i_synth/UFMA_OP.OP/i_prim/DSP_FP_ADDER_INST                                                          | ARITHMETIC.DSP.DSPFP32 |
    | FFT_DIT_spatial_unroll_CY_stream_vector_U0/FFT_stage_spatial_unroll_4_U0/d1_imag_reg_1200_reg[23]    | REGISTER.SDR.FDRE      |
    | FFT_DIT_spatial_unroll_CY_stream_vector_U0/FFT_stage_spatial_unroll_4_U0/grp_fu_458_p2_reg[21]       | REGISTER.SDR.FDRE      |
    | i_synth/UFMA_OP.OP/i_prim/DSP_FP_INREG_INST                                                          | ARITHMETIC.DSP.DSPFP32 |
    | i_synth/UFMA_OP.OP/i_prim/DSP_FP_INMUX_INST                                                          | ARITHMETIC.DSP.DSPFP32 |
    | i_synth/UFMA_OP.OP/i_prim/DSP_FPM_STAGE0_INST                                                        | ARITHMETIC.DSP.DSPFP32 |
    | i_synth/UFMA_OP.OP/i_prim/DSP_FPM_PIPEREG_INST                                                       | ARITHMETIC.DSP.DSPFP32 |
    | i_synth/UFMA_OP.OP/i_prim/DSP_FPM_STAGE1_INST                                                        | ARITHMETIC.DSP.DSPFP32 |
    | i_synth/UFMA_OP.OP/i_prim/DSP_FP_OUTPUT_INST                                                         | ARITHMETIC.DSP.DSPFP32 |
    | i_synth/UFMA_OP.OP/i_prim/DSP_FP_ADDER_INST                                                          | ARITHMETIC.DSP.DSPFP32 |
    | FFT_DIT_spatial_unroll_CY_stream_vector_U0/FFT_stage_spatial_unroll_4_U0/d1_real_reg_1195_reg[23]    | REGISTER.SDR.FDRE      |
    | FFT_DIT_spatial_unroll_CY_stream_vector_U0/FFT_stage_spatial_unroll_4_U0/grp_fu_458_p2_reg[21]       | REGISTER.SDR.FDRE      |
    | i_synth/UFMA_OP.OP/i_prim/DSP_FP_INREG_INST                                                          | ARITHMETIC.DSP.DSPFP32 |
    | i_synth/UFMA_OP.OP/i_prim/DSP_FP_INMUX_INST                                                          | ARITHMETIC.DSP.DSPFP32 |
    | i_synth/UFMA_OP.OP/i_prim/DSP_FPM_STAGE0_INST                                                        | ARITHMETIC.DSP.DSPFP32 |
    | i_synth/UFMA_OP.OP/i_prim/DSP_FPM_PIPEREG_INST                                                       | ARITHMETIC.DSP.DSPFP32 |
    | i_synth/UFMA_OP.OP/i_prim/DSP_FPM_STAGE1_INST                                                        | ARITHMETIC.DSP.DSPFP32 |
    | i_synth/UFMA_OP.OP/i_prim/DSP_FP_OUTPUT_INST                                                         | ARITHMETIC.DSP.DSPFP32 |
    | i_synth/UFMA_OP.OP/i_prim/DSP_FP_ADDER_INST                                                          | ARITHMETIC.DSP.DSPFP32 |
    | FFT_DIT_spatial_unroll_CY_stream_vector_U0/FFT_stage_spatial_unroll_4_U0/d1_imag_reg_1200_reg[25]    | REGISTER.SDR.FDRE      |
    | FFT_DIT_spatial_unroll_CY_stream_vector_U0/FFT_stage_spatial_unroll_4_U0/grp_fu_458_p2_reg[21]       | REGISTER.SDR.FDRE      |
    | i_synth/UFMA_OP.OP/i_prim/DSP_FP_INREG_INST                                                          | ARITHMETIC.DSP.DSPFP32 |
    | i_synth/UFMA_OP.OP/i_prim/DSP_FP_INMUX_INST                                                          | ARITHMETIC.DSP.DSPFP32 |
    | i_synth/UFMA_OP.OP/i_prim/DSP_FPM_STAGE0_INST                                                        | ARITHMETIC.DSP.DSPFP32 |
    | i_synth/UFMA_OP.OP/i_prim/DSP_FPM_PIPEREG_INST                                                       | ARITHMETIC.DSP.DSPFP32 |
    | i_synth/UFMA_OP.OP/i_prim/DSP_FPM_STAGE1_INST                                                        | ARITHMETIC.DSP.DSPFP32 |
    | i_synth/UFMA_OP.OP/i_prim/DSP_FP_OUTPUT_INST                                                         | ARITHMETIC.DSP.DSPFP32 |
    | i_synth/UFMA_OP.OP/i_prim/DSP_FP_ADDER_INST                                                          | ARITHMETIC.DSP.DSPFP32 |
    | FFT_DIT_spatial_unroll_CY_stream_vector_U0/FFT_stage_spatial_unroll_4_U0/d1_real_reg_1195_reg[25]    | REGISTER.SDR.FDRE      |
    | FFT_DIT_spatial_unroll_CY_stream_vector_U0/FFT_stage_spatial_unroll_4_U0/grp_fu_479_p2_reg[17]       | REGISTER.SDR.FDRE      |
    | i_synth/UFMA_OP.OP/i_prim/DSP_FP_INREG_INST                                                          | ARITHMETIC.DSP.DSPFP32 |
    | i_synth/UFMA_OP.OP/i_prim/DSP_FP_INMUX_INST                                                          | ARITHMETIC.DSP.DSPFP32 |
    | i_synth/UFMA_OP.OP/i_prim/DSP_FPM_STAGE0_INST                                                        | ARITHMETIC.DSP.DSPFP32 |
    | i_synth/UFMA_OP.OP/i_prim/DSP_FPM_PIPEREG_INST                                                       | ARITHMETIC.DSP.DSPFP32 |
    | i_synth/UFMA_OP.OP/i_prim/DSP_FPM_STAGE1_INST                                                        | ARITHMETIC.DSP.DSPFP32 |
    | i_synth/UFMA_OP.OP/i_prim/DSP_FP_OUTPUT_INST                                                         | ARITHMETIC.DSP.DSPFP32 |
    | i_synth/UFMA_OP.OP/i_prim/DSP_FP_ADDER_INST                                                          | ARITHMETIC.DSP.DSPFP32 |
    | FFT_DIT_spatial_unroll_CY_stream_vector_U0/FFT_stage_spatial_unroll_4_U0/d1_imag_18_reg_1213_reg[23] | REGISTER.SDR.FDRE      |
    +------------------------------------------------------------------------------------------------------+------------------------+

    +------------------------------------------------------------------------------------------------------+------------------------+
    | Path2 Cells                                                                                          | Primitive Type         |
    +------------------------------------------------------------------------------------------------------+------------------------+
    | FFT_DIT_spatial_unroll_CY_stream_vector_U0/FFT_stage_spatial_unroll_4_U0/grp_fu_458_p2_reg[21]       | REGISTER.SDR.FDRE      |
    | i_synth/UFMA_OP.OP/i_prim/DSP_FP_INREG_INST                                                          | ARITHMETIC.DSP.DSPFP32 |
    | i_synth/UFMA_OP.OP/i_prim/DSP_FP_INMUX_INST                                                          | ARITHMETIC.DSP.DSPFP32 |
    | i_synth/UFMA_OP.OP/i_prim/DSP_FPM_STAGE0_INST                                                        | ARITHMETIC.DSP.DSPFP32 |
    | i_synth/UFMA_OP.OP/i_prim/DSP_FPM_PIPEREG_INST                                                       | ARITHMETIC.DSP.DSPFP32 |
    | i_synth/UFMA_OP.OP/i_prim/DSP_FPM_STAGE1_INST                                                        | ARITHMETIC.DSP.DSPFP32 |
    | i_synth/UFMA_OP.OP/i_prim/DSP_FP_OUTPUT_INST                                                         | ARITHMETIC.DSP.DSPFP32 |
    | i_synth/UFMA_OP.OP/i_prim/DSP_FP_ADDER_INST                                                          | ARITHMETIC.DSP.DSPFP32 |
    | FFT_DIT_spatial_unroll_CY_stream_vector_U0/FFT_stage_spatial_unroll_4_U0/d1_imag_reg_1200_reg[23]    | REGISTER.SDR.FDRE      |
    | FFT_DIT_spatial_unroll_CY_stream_vector_U0/FFT_stage_spatial_unroll_4_U0/grp_fu_458_p2_reg[21]       | REGISTER.SDR.FDRE      |
    | i_synth/UFMA_OP.OP/i_prim/DSP_FP_INREG_INST                                                          | ARITHMETIC.DSP.DSPFP32 |
    | i_synth/UFMA_OP.OP/i_prim/DSP_FP_INMUX_INST                                                          | ARITHMETIC.DSP.DSPFP32 |
    | i_synth/UFMA_OP.OP/i_prim/DSP_FPM_STAGE0_INST                                                        | ARITHMETIC.DSP.DSPFP32 |
    | i_synth/UFMA_OP.OP/i_prim/DSP_FPM_PIPEREG_INST                                                       | ARITHMETIC.DSP.DSPFP32 |
    | i_synth/UFMA_OP.OP/i_prim/DSP_FPM_STAGE1_INST                                                        | ARITHMETIC.DSP.DSPFP32 |
    | i_synth/UFMA_OP.OP/i_prim/DSP_FP_OUTPUT_INST                                                         | ARITHMETIC.DSP.DSPFP32 |
    | i_synth/UFMA_OP.OP/i_prim/DSP_FP_ADDER_INST                                                          | ARITHMETIC.DSP.DSPFP32 |
    | FFT_DIT_spatial_unroll_CY_stream_vector_U0/FFT_stage_spatial_unroll_4_U0/d1_real_reg_1195_reg[23]    | REGISTER.SDR.FDRE      |
    | FFT_DIT_spatial_unroll_CY_stream_vector_U0/FFT_stage_spatial_unroll_4_U0/grp_fu_458_p2_reg[21]       | REGISTER.SDR.FDRE      |
    | i_synth/UFMA_OP.OP/i_prim/DSP_FP_INREG_INST                                                          | ARITHMETIC.DSP.DSPFP32 |
    | i_synth/UFMA_OP.OP/i_prim/DSP_FP_INMUX_INST                                                          | ARITHMETIC.DSP.DSPFP32 |
    | i_synth/UFMA_OP.OP/i_prim/DSP_FPM_STAGE0_INST                                                        | ARITHMETIC.DSP.DSPFP32 |
    | i_synth/UFMA_OP.OP/i_prim/DSP_FPM_PIPEREG_INST                                                       | ARITHMETIC.DSP.DSPFP32 |
    | i_synth/UFMA_OP.OP/i_prim/DSP_FPM_STAGE1_INST                                                        | ARITHMETIC.DSP.DSPFP32 |
    | i_synth/UFMA_OP.OP/i_prim/DSP_FP_OUTPUT_INST                                                         | ARITHMETIC.DSP.DSPFP32 |
    | i_synth/UFMA_OP.OP/i_prim/DSP_FP_ADDER_INST                                                          | ARITHMETIC.DSP.DSPFP32 |
    | FFT_DIT_spatial_unroll_CY_stream_vector_U0/FFT_stage_spatial_unroll_4_U0/d1_imag_reg_1200_reg[25]    | REGISTER.SDR.FDRE      |
    | FFT_DIT_spatial_unroll_CY_stream_vector_U0/FFT_stage_spatial_unroll_4_U0/grp_fu_458_p2_reg[21]       | REGISTER.SDR.FDRE      |
    | i_synth/UFMA_OP.OP/i_prim/DSP_FP_INREG_INST                                                          | ARITHMETIC.DSP.DSPFP32 |
    | i_synth/UFMA_OP.OP/i_prim/DSP_FP_INMUX_INST                                                          | ARITHMETIC.DSP.DSPFP32 |
    | i_synth/UFMA_OP.OP/i_prim/DSP_FPM_STAGE0_INST                                                        | ARITHMETIC.DSP.DSPFP32 |
    | i_synth/UFMA_OP.OP/i_prim/DSP_FPM_PIPEREG_INST                                                       | ARITHMETIC.DSP.DSPFP32 |
    | i_synth/UFMA_OP.OP/i_prim/DSP_FPM_STAGE1_INST                                                        | ARITHMETIC.DSP.DSPFP32 |
    | i_synth/UFMA_OP.OP/i_prim/DSP_FP_OUTPUT_INST                                                         | ARITHMETIC.DSP.DSPFP32 |
    | i_synth/UFMA_OP.OP/i_prim/DSP_FP_ADDER_INST                                                          | ARITHMETIC.DSP.DSPFP32 |
    | FFT_DIT_spatial_unroll_CY_stream_vector_U0/FFT_stage_spatial_unroll_4_U0/d1_real_reg_1195_reg[25]    | REGISTER.SDR.FDRE      |
    | FFT_DIT_spatial_unroll_CY_stream_vector_U0/FFT_stage_spatial_unroll_4_U0/grp_fu_479_p2_reg[17]       | REGISTER.SDR.FDRE      |
    | i_synth/UFMA_OP.OP/i_prim/DSP_FP_INREG_INST                                                          | ARITHMETIC.DSP.DSPFP32 |
    | i_synth/UFMA_OP.OP/i_prim/DSP_FP_INMUX_INST                                                          | ARITHMETIC.DSP.DSPFP32 |
    | i_synth/UFMA_OP.OP/i_prim/DSP_FPM_STAGE0_INST                                                        | ARITHMETIC.DSP.DSPFP32 |
    | i_synth/UFMA_OP.OP/i_prim/DSP_FPM_PIPEREG_INST                                                       | ARITHMETIC.DSP.DSPFP32 |
    | i_synth/UFMA_OP.OP/i_prim/DSP_FPM_STAGE1_INST                                                        | ARITHMETIC.DSP.DSPFP32 |
    | i_synth/UFMA_OP.OP/i_prim/DSP_FP_OUTPUT_INST                                                         | ARITHMETIC.DSP.DSPFP32 |
    | i_synth/UFMA_OP.OP/i_prim/DSP_FP_ADDER_INST                                                          | ARITHMETIC.DSP.DSPFP32 |
    | FFT_DIT_spatial_unroll_CY_stream_vector_U0/FFT_stage_spatial_unroll_4_U0/d1_imag_18_reg_1213_reg[23] | REGISTER.SDR.FDRE      |
    +------------------------------------------------------------------------------------------------------+------------------------+

    +------------------------------------------------------------------------------------------------------+------------------------+
    | Path3 Cells                                                                                          | Primitive Type         |
    +------------------------------------------------------------------------------------------------------+------------------------+
    | FFT_DIT_spatial_unroll_CY_stream_vector_U0/FFT_stage_spatial_unroll_4_U0/grp_fu_458_p2_reg[21]       | REGISTER.SDR.FDRE      |
    | i_synth/UFMA_OP.OP/i_prim/DSP_FP_INREG_INST                                                          | ARITHMETIC.DSP.DSPFP32 |
    | i_synth/UFMA_OP.OP/i_prim/DSP_FP_INMUX_INST                                                          | ARITHMETIC.DSP.DSPFP32 |
    | i_synth/UFMA_OP.OP/i_prim/DSP_FPM_STAGE0_INST                                                        | ARITHMETIC.DSP.DSPFP32 |
    | i_synth/UFMA_OP.OP/i_prim/DSP_FPM_PIPEREG_INST                                                       | ARITHMETIC.DSP.DSPFP32 |
    | i_synth/UFMA_OP.OP/i_prim/DSP_FPM_STAGE1_INST                                                        | ARITHMETIC.DSP.DSPFP32 |
    | i_synth/UFMA_OP.OP/i_prim/DSP_FP_OUTPUT_INST                                                         | ARITHMETIC.DSP.DSPFP32 |
    | i_synth/UFMA_OP.OP/i_prim/DSP_FP_ADDER_INST                                                          | ARITHMETIC.DSP.DSPFP32 |
    | FFT_DIT_spatial_unroll_CY_stream_vector_U0/FFT_stage_spatial_unroll_4_U0/d1_imag_reg_1200_reg[23]    | REGISTER.SDR.FDRE      |
    | FFT_DIT_spatial_unroll_CY_stream_vector_U0/FFT_stage_spatial_unroll_4_U0/grp_fu_458_p2_reg[21]       | REGISTER.SDR.FDRE      |
    | i_synth/UFMA_OP.OP/i_prim/DSP_FP_INREG_INST                                                          | ARITHMETIC.DSP.DSPFP32 |
    | i_synth/UFMA_OP.OP/i_prim/DSP_FP_INMUX_INST                                                          | ARITHMETIC.DSP.DSPFP32 |
    | i_synth/UFMA_OP.OP/i_prim/DSP_FPM_STAGE0_INST                                                        | ARITHMETIC.DSP.DSPFP32 |
    | i_synth/UFMA_OP.OP/i_prim/DSP_FPM_PIPEREG_INST                                                       | ARITHMETIC.DSP.DSPFP32 |
    | i_synth/UFMA_OP.OP/i_prim/DSP_FPM_STAGE1_INST                                                        | ARITHMETIC.DSP.DSPFP32 |
    | i_synth/UFMA_OP.OP/i_prim/DSP_FP_OUTPUT_INST                                                         | ARITHMETIC.DSP.DSPFP32 |
    | i_synth/UFMA_OP.OP/i_prim/DSP_FP_ADDER_INST                                                          | ARITHMETIC.DSP.DSPFP32 |
    | FFT_DIT_spatial_unroll_CY_stream_vector_U0/FFT_stage_spatial_unroll_4_U0/d1_real_reg_1195_reg[23]    | REGISTER.SDR.FDRE      |
    | FFT_DIT_spatial_unroll_CY_stream_vector_U0/FFT_stage_spatial_unroll_4_U0/grp_fu_458_p2_reg[21]       | REGISTER.SDR.FDRE      |
    | i_synth/UFMA_OP.OP/i_prim/DSP_FP_INREG_INST                                                          | ARITHMETIC.DSP.DSPFP32 |
    | i_synth/UFMA_OP.OP/i_prim/DSP_FP_INMUX_INST                                                          | ARITHMETIC.DSP.DSPFP32 |
    | i_synth/UFMA_OP.OP/i_prim/DSP_FPM_STAGE0_INST                                                        | ARITHMETIC.DSP.DSPFP32 |
    | i_synth/UFMA_OP.OP/i_prim/DSP_FPM_PIPEREG_INST                                                       | ARITHMETIC.DSP.DSPFP32 |
    | i_synth/UFMA_OP.OP/i_prim/DSP_FPM_STAGE1_INST                                                        | ARITHMETIC.DSP.DSPFP32 |
    | i_synth/UFMA_OP.OP/i_prim/DSP_FP_OUTPUT_INST                                                         | ARITHMETIC.DSP.DSPFP32 |
    | i_synth/UFMA_OP.OP/i_prim/DSP_FP_ADDER_INST                                                          | ARITHMETIC.DSP.DSPFP32 |
    | FFT_DIT_spatial_unroll_CY_stream_vector_U0/FFT_stage_spatial_unroll_4_U0/d1_imag_reg_1200_reg[25]    | REGISTER.SDR.FDRE      |
    | FFT_DIT_spatial_unroll_CY_stream_vector_U0/FFT_stage_spatial_unroll_4_U0/grp_fu_458_p2_reg[21]       | REGISTER.SDR.FDRE      |
    | i_synth/UFMA_OP.OP/i_prim/DSP_FP_INREG_INST                                                          | ARITHMETIC.DSP.DSPFP32 |
    | i_synth/UFMA_OP.OP/i_prim/DSP_FP_INMUX_INST                                                          | ARITHMETIC.DSP.DSPFP32 |
    | i_synth/UFMA_OP.OP/i_prim/DSP_FPM_STAGE0_INST                                                        | ARITHMETIC.DSP.DSPFP32 |
    | i_synth/UFMA_OP.OP/i_prim/DSP_FPM_PIPEREG_INST                                                       | ARITHMETIC.DSP.DSPFP32 |
    | i_synth/UFMA_OP.OP/i_prim/DSP_FPM_STAGE1_INST                                                        | ARITHMETIC.DSP.DSPFP32 |
    | i_synth/UFMA_OP.OP/i_prim/DSP_FP_OUTPUT_INST                                                         | ARITHMETIC.DSP.DSPFP32 |
    | i_synth/UFMA_OP.OP/i_prim/DSP_FP_ADDER_INST                                                          | ARITHMETIC.DSP.DSPFP32 |
    | FFT_DIT_spatial_unroll_CY_stream_vector_U0/FFT_stage_spatial_unroll_4_U0/d1_real_reg_1195_reg[25]    | REGISTER.SDR.FDRE      |
    | FFT_DIT_spatial_unroll_CY_stream_vector_U0/FFT_stage_spatial_unroll_4_U0/grp_fu_479_p2_reg[17]       | REGISTER.SDR.FDRE      |
    | i_synth/UFMA_OP.OP/i_prim/DSP_FP_INREG_INST                                                          | ARITHMETIC.DSP.DSPFP32 |
    | i_synth/UFMA_OP.OP/i_prim/DSP_FP_INMUX_INST                                                          | ARITHMETIC.DSP.DSPFP32 |
    | i_synth/UFMA_OP.OP/i_prim/DSP_FPM_STAGE0_INST                                                        | ARITHMETIC.DSP.DSPFP32 |
    | i_synth/UFMA_OP.OP/i_prim/DSP_FPM_PIPEREG_INST                                                       | ARITHMETIC.DSP.DSPFP32 |
    | i_synth/UFMA_OP.OP/i_prim/DSP_FPM_STAGE1_INST                                                        | ARITHMETIC.DSP.DSPFP32 |
    | i_synth/UFMA_OP.OP/i_prim/DSP_FP_OUTPUT_INST                                                         | ARITHMETIC.DSP.DSPFP32 |
    | i_synth/UFMA_OP.OP/i_prim/DSP_FP_ADDER_INST                                                          | ARITHMETIC.DSP.DSPFP32 |
    | FFT_DIT_spatial_unroll_CY_stream_vector_U0/FFT_stage_spatial_unroll_4_U0/d1_imag_18_reg_1213_reg[23] | REGISTER.SDR.FDRE      |
    +------------------------------------------------------------------------------------------------------+------------------------+

    +------------------------------------------------------------------------------------------------------+------------------------+
    | Path4 Cells                                                                                          | Primitive Type         |
    +------------------------------------------------------------------------------------------------------+------------------------+
    | FFT_DIT_spatial_unroll_CY_stream_vector_U0/FFT_stage_spatial_unroll_4_U0/grp_fu_458_p2_reg[21]       | REGISTER.SDR.FDRE      |
    | i_synth/UFMA_OP.OP/i_prim/DSP_FP_INREG_INST                                                          | ARITHMETIC.DSP.DSPFP32 |
    | i_synth/UFMA_OP.OP/i_prim/DSP_FP_INMUX_INST                                                          | ARITHMETIC.DSP.DSPFP32 |
    | i_synth/UFMA_OP.OP/i_prim/DSP_FPM_STAGE0_INST                                                        | ARITHMETIC.DSP.DSPFP32 |
    | i_synth/UFMA_OP.OP/i_prim/DSP_FPM_PIPEREG_INST                                                       | ARITHMETIC.DSP.DSPFP32 |
    | i_synth/UFMA_OP.OP/i_prim/DSP_FPM_STAGE1_INST                                                        | ARITHMETIC.DSP.DSPFP32 |
    | i_synth/UFMA_OP.OP/i_prim/DSP_FP_OUTPUT_INST                                                         | ARITHMETIC.DSP.DSPFP32 |
    | i_synth/UFMA_OP.OP/i_prim/DSP_FP_ADDER_INST                                                          | ARITHMETIC.DSP.DSPFP32 |
    | FFT_DIT_spatial_unroll_CY_stream_vector_U0/FFT_stage_spatial_unroll_4_U0/d1_imag_reg_1200_reg[23]    | REGISTER.SDR.FDRE      |
    | FFT_DIT_spatial_unroll_CY_stream_vector_U0/FFT_stage_spatial_unroll_4_U0/grp_fu_458_p2_reg[21]       | REGISTER.SDR.FDRE      |
    | i_synth/UFMA_OP.OP/i_prim/DSP_FP_INREG_INST                                                          | ARITHMETIC.DSP.DSPFP32 |
    | i_synth/UFMA_OP.OP/i_prim/DSP_FP_INMUX_INST                                                          | ARITHMETIC.DSP.DSPFP32 |
    | i_synth/UFMA_OP.OP/i_prim/DSP_FPM_STAGE0_INST                                                        | ARITHMETIC.DSP.DSPFP32 |
    | i_synth/UFMA_OP.OP/i_prim/DSP_FPM_PIPEREG_INST                                                       | ARITHMETIC.DSP.DSPFP32 |
    | i_synth/UFMA_OP.OP/i_prim/DSP_FPM_STAGE1_INST                                                        | ARITHMETIC.DSP.DSPFP32 |
    | i_synth/UFMA_OP.OP/i_prim/DSP_FP_OUTPUT_INST                                                         | ARITHMETIC.DSP.DSPFP32 |
    | i_synth/UFMA_OP.OP/i_prim/DSP_FP_ADDER_INST                                                          | ARITHMETIC.DSP.DSPFP32 |
    | FFT_DIT_spatial_unroll_CY_stream_vector_U0/FFT_stage_spatial_unroll_4_U0/d1_real_reg_1195_reg[23]    | REGISTER.SDR.FDRE      |
    | FFT_DIT_spatial_unroll_CY_stream_vector_U0/FFT_stage_spatial_unroll_4_U0/grp_fu_458_p2_reg[21]       | REGISTER.SDR.FDRE      |
    | i_synth/UFMA_OP.OP/i_prim/DSP_FP_INREG_INST                                                          | ARITHMETIC.DSP.DSPFP32 |
    | i_synth/UFMA_OP.OP/i_prim/DSP_FP_INMUX_INST                                                          | ARITHMETIC.DSP.DSPFP32 |
    | i_synth/UFMA_OP.OP/i_prim/DSP_FPM_STAGE0_INST                                                        | ARITHMETIC.DSP.DSPFP32 |
    | i_synth/UFMA_OP.OP/i_prim/DSP_FPM_PIPEREG_INST                                                       | ARITHMETIC.DSP.DSPFP32 |
    | i_synth/UFMA_OP.OP/i_prim/DSP_FPM_STAGE1_INST                                                        | ARITHMETIC.DSP.DSPFP32 |
    | i_synth/UFMA_OP.OP/i_prim/DSP_FP_OUTPUT_INST                                                         | ARITHMETIC.DSP.DSPFP32 |
    | i_synth/UFMA_OP.OP/i_prim/DSP_FP_ADDER_INST                                                          | ARITHMETIC.DSP.DSPFP32 |
    | FFT_DIT_spatial_unroll_CY_stream_vector_U0/FFT_stage_spatial_unroll_4_U0/d1_imag_reg_1200_reg[25]    | REGISTER.SDR.FDRE      |
    | FFT_DIT_spatial_unroll_CY_stream_vector_U0/FFT_stage_spatial_unroll_4_U0/grp_fu_458_p2_reg[21]       | REGISTER.SDR.FDRE      |
    | i_synth/UFMA_OP.OP/i_prim/DSP_FP_INREG_INST                                                          | ARITHMETIC.DSP.DSPFP32 |
    | i_synth/UFMA_OP.OP/i_prim/DSP_FP_INMUX_INST                                                          | ARITHMETIC.DSP.DSPFP32 |
    | i_synth/UFMA_OP.OP/i_prim/DSP_FPM_STAGE0_INST                                                        | ARITHMETIC.DSP.DSPFP32 |
    | i_synth/UFMA_OP.OP/i_prim/DSP_FPM_PIPEREG_INST                                                       | ARITHMETIC.DSP.DSPFP32 |
    | i_synth/UFMA_OP.OP/i_prim/DSP_FPM_STAGE1_INST                                                        | ARITHMETIC.DSP.DSPFP32 |
    | i_synth/UFMA_OP.OP/i_prim/DSP_FP_OUTPUT_INST                                                         | ARITHMETIC.DSP.DSPFP32 |
    | i_synth/UFMA_OP.OP/i_prim/DSP_FP_ADDER_INST                                                          | ARITHMETIC.DSP.DSPFP32 |
    | FFT_DIT_spatial_unroll_CY_stream_vector_U0/FFT_stage_spatial_unroll_4_U0/d1_real_reg_1195_reg[25]    | REGISTER.SDR.FDRE      |
    | FFT_DIT_spatial_unroll_CY_stream_vector_U0/FFT_stage_spatial_unroll_4_U0/grp_fu_479_p2_reg[17]       | REGISTER.SDR.FDRE      |
    | i_synth/UFMA_OP.OP/i_prim/DSP_FP_INREG_INST                                                          | ARITHMETIC.DSP.DSPFP32 |
    | i_synth/UFMA_OP.OP/i_prim/DSP_FP_INMUX_INST                                                          | ARITHMETIC.DSP.DSPFP32 |
    | i_synth/UFMA_OP.OP/i_prim/DSP_FPM_STAGE0_INST                                                        | ARITHMETIC.DSP.DSPFP32 |
    | i_synth/UFMA_OP.OP/i_prim/DSP_FPM_PIPEREG_INST                                                       | ARITHMETIC.DSP.DSPFP32 |
    | i_synth/UFMA_OP.OP/i_prim/DSP_FPM_STAGE1_INST                                                        | ARITHMETIC.DSP.DSPFP32 |
    | i_synth/UFMA_OP.OP/i_prim/DSP_FP_OUTPUT_INST                                                         | ARITHMETIC.DSP.DSPFP32 |
    | i_synth/UFMA_OP.OP/i_prim/DSP_FP_ADDER_INST                                                          | ARITHMETIC.DSP.DSPFP32 |
    | FFT_DIT_spatial_unroll_CY_stream_vector_U0/FFT_stage_spatial_unroll_4_U0/d1_imag_18_reg_1213_reg[23] | REGISTER.SDR.FDRE      |
    +------------------------------------------------------------------------------------------------------+------------------------+

    +------------------------------------------------------------------------------------------------------+------------------------+
    | Path5 Cells                                                                                          | Primitive Type         |
    +------------------------------------------------------------------------------------------------------+------------------------+
    | FFT_DIT_spatial_unroll_CY_stream_vector_U0/FFT_stage_spatial_unroll_4_U0/grp_fu_458_p2_reg[21]       | REGISTER.SDR.FDRE      |
    | i_synth/UFMA_OP.OP/i_prim/DSP_FP_INREG_INST                                                          | ARITHMETIC.DSP.DSPFP32 |
    | i_synth/UFMA_OP.OP/i_prim/DSP_FP_INMUX_INST                                                          | ARITHMETIC.DSP.DSPFP32 |
    | i_synth/UFMA_OP.OP/i_prim/DSP_FPM_STAGE0_INST                                                        | ARITHMETIC.DSP.DSPFP32 |
    | i_synth/UFMA_OP.OP/i_prim/DSP_FPM_PIPEREG_INST                                                       | ARITHMETIC.DSP.DSPFP32 |
    | i_synth/UFMA_OP.OP/i_prim/DSP_FPM_STAGE1_INST                                                        | ARITHMETIC.DSP.DSPFP32 |
    | i_synth/UFMA_OP.OP/i_prim/DSP_FP_OUTPUT_INST                                                         | ARITHMETIC.DSP.DSPFP32 |
    | i_synth/UFMA_OP.OP/i_prim/DSP_FP_ADDER_INST                                                          | ARITHMETIC.DSP.DSPFP32 |
    | FFT_DIT_spatial_unroll_CY_stream_vector_U0/FFT_stage_spatial_unroll_4_U0/d1_imag_reg_1200_reg[23]    | REGISTER.SDR.FDRE      |
    | FFT_DIT_spatial_unroll_CY_stream_vector_U0/FFT_stage_spatial_unroll_4_U0/grp_fu_458_p2_reg[21]       | REGISTER.SDR.FDRE      |
    | i_synth/UFMA_OP.OP/i_prim/DSP_FP_INREG_INST                                                          | ARITHMETIC.DSP.DSPFP32 |
    | i_synth/UFMA_OP.OP/i_prim/DSP_FP_INMUX_INST                                                          | ARITHMETIC.DSP.DSPFP32 |
    | i_synth/UFMA_OP.OP/i_prim/DSP_FPM_STAGE0_INST                                                        | ARITHMETIC.DSP.DSPFP32 |
    | i_synth/UFMA_OP.OP/i_prim/DSP_FPM_PIPEREG_INST                                                       | ARITHMETIC.DSP.DSPFP32 |
    | i_synth/UFMA_OP.OP/i_prim/DSP_FPM_STAGE1_INST                                                        | ARITHMETIC.DSP.DSPFP32 |
    | i_synth/UFMA_OP.OP/i_prim/DSP_FP_OUTPUT_INST                                                         | ARITHMETIC.DSP.DSPFP32 |
    | i_synth/UFMA_OP.OP/i_prim/DSP_FP_ADDER_INST                                                          | ARITHMETIC.DSP.DSPFP32 |
    | FFT_DIT_spatial_unroll_CY_stream_vector_U0/FFT_stage_spatial_unroll_4_U0/d1_real_reg_1195_reg[23]    | REGISTER.SDR.FDRE      |
    | FFT_DIT_spatial_unroll_CY_stream_vector_U0/FFT_stage_spatial_unroll_4_U0/grp_fu_458_p2_reg[21]       | REGISTER.SDR.FDRE      |
    | i_synth/UFMA_OP.OP/i_prim/DSP_FP_INREG_INST                                                          | ARITHMETIC.DSP.DSPFP32 |
    | i_synth/UFMA_OP.OP/i_prim/DSP_FP_INMUX_INST                                                          | ARITHMETIC.DSP.DSPFP32 |
    | i_synth/UFMA_OP.OP/i_prim/DSP_FPM_STAGE0_INST                                                        | ARITHMETIC.DSP.DSPFP32 |
    | i_synth/UFMA_OP.OP/i_prim/DSP_FPM_PIPEREG_INST                                                       | ARITHMETIC.DSP.DSPFP32 |
    | i_synth/UFMA_OP.OP/i_prim/DSP_FPM_STAGE1_INST                                                        | ARITHMETIC.DSP.DSPFP32 |
    | i_synth/UFMA_OP.OP/i_prim/DSP_FP_OUTPUT_INST                                                         | ARITHMETIC.DSP.DSPFP32 |
    | i_synth/UFMA_OP.OP/i_prim/DSP_FP_ADDER_INST                                                          | ARITHMETIC.DSP.DSPFP32 |
    | FFT_DIT_spatial_unroll_CY_stream_vector_U0/FFT_stage_spatial_unroll_4_U0/d1_imag_reg_1200_reg[25]    | REGISTER.SDR.FDRE      |
    | FFT_DIT_spatial_unroll_CY_stream_vector_U0/FFT_stage_spatial_unroll_4_U0/grp_fu_458_p2_reg[21]       | REGISTER.SDR.FDRE      |
    | i_synth/UFMA_OP.OP/i_prim/DSP_FP_INREG_INST                                                          | ARITHMETIC.DSP.DSPFP32 |
    | i_synth/UFMA_OP.OP/i_prim/DSP_FP_INMUX_INST                                                          | ARITHMETIC.DSP.DSPFP32 |
    | i_synth/UFMA_OP.OP/i_prim/DSP_FPM_STAGE0_INST                                                        | ARITHMETIC.DSP.DSPFP32 |
    | i_synth/UFMA_OP.OP/i_prim/DSP_FPM_PIPEREG_INST                                                       | ARITHMETIC.DSP.DSPFP32 |
    | i_synth/UFMA_OP.OP/i_prim/DSP_FPM_STAGE1_INST                                                        | ARITHMETIC.DSP.DSPFP32 |
    | i_synth/UFMA_OP.OP/i_prim/DSP_FP_OUTPUT_INST                                                         | ARITHMETIC.DSP.DSPFP32 |
    | i_synth/UFMA_OP.OP/i_prim/DSP_FP_ADDER_INST                                                          | ARITHMETIC.DSP.DSPFP32 |
    | FFT_DIT_spatial_unroll_CY_stream_vector_U0/FFT_stage_spatial_unroll_4_U0/d1_real_reg_1195_reg[25]    | REGISTER.SDR.FDRE      |
    | FFT_DIT_spatial_unroll_CY_stream_vector_U0/FFT_stage_spatial_unroll_4_U0/grp_fu_479_p2_reg[17]       | REGISTER.SDR.FDRE      |
    | i_synth/UFMA_OP.OP/i_prim/DSP_FP_INREG_INST                                                          | ARITHMETIC.DSP.DSPFP32 |
    | i_synth/UFMA_OP.OP/i_prim/DSP_FP_INMUX_INST                                                          | ARITHMETIC.DSP.DSPFP32 |
    | i_synth/UFMA_OP.OP/i_prim/DSP_FPM_STAGE0_INST                                                        | ARITHMETIC.DSP.DSPFP32 |
    | i_synth/UFMA_OP.OP/i_prim/DSP_FPM_PIPEREG_INST                                                       | ARITHMETIC.DSP.DSPFP32 |
    | i_synth/UFMA_OP.OP/i_prim/DSP_FPM_STAGE1_INST                                                        | ARITHMETIC.DSP.DSPFP32 |
    | i_synth/UFMA_OP.OP/i_prim/DSP_FP_OUTPUT_INST                                                         | ARITHMETIC.DSP.DSPFP32 |
    | i_synth/UFMA_OP.OP/i_prim/DSP_FP_ADDER_INST                                                          | ARITHMETIC.DSP.DSPFP32 |
    | FFT_DIT_spatial_unroll_CY_stream_vector_U0/FFT_stage_spatial_unroll_4_U0/d1_imag_18_reg_1213_reg[23] | REGISTER.SDR.FDRE      |
    +------------------------------------------------------------------------------------------------------+------------------------+


================================================================
== RTL Synthesis Vivado Reports
================================================================
+--------------------------+----------------------------------------------------------------+
| Report Type              | Report Location                                                |
+--------------------------+----------------------------------------------------------------+
| design_analysis          | impl/verilog/report/FFT_TOP_design_analysis_synth.rpt          |
| failfast                 | impl/verilog/report/FFT_TOP_failfast_synth.rpt                 |
| power                    | impl/verilog/report/FFT_TOP_power_synth.rpt                    |
| timing                   | impl/verilog/report/FFT_TOP_timing_synth.rpt                   |
| timing_paths             | impl/verilog/report/FFT_TOP_timing_paths_synth.rpt             |
| utilization              | impl/verilog/report/FFT_TOP_utilization_synth.rpt              |
| utilization_hierarchical | impl/verilog/report/FFT_TOP_utilization_hierarchical_synth.rpt |
+--------------------------+----------------------------------------------------------------+


