INFO: [SIM 2] *************** CSIM start ***************
INFO: [SIM 4] CSIM will launch CLANG as the compiler.
   Compiling ../../../../testbench.cpp in debug mode
   Compiling ../../../../FFT.cpp in debug mode
   Generating csim.exe
FFT run FFT_TOP
FFT Comparison
(0,1.97946)(0,1.97946)
(0.00806376,1.98449)(0.00806372,1.98449)
(0.0163705,1.9997)(0.0163715,1.9997)
(0.0251862,2.02557)(0.0251865,2.02557)
(0.0348111,2.06291)(0.0348114,2.06291)
(0.0456168,2.11292)(0.0456169,2.11292)
(0.058082,2.17736)(0.0580805,2.17736)
(0.0728404,2.25862)(0.0728405,2.25862)
(0.0907932,2.36004)(0.0907931,2.36004)
(0.113233,2.48625)(0.113233,2.48625)
(0.14211,-125.356)(0.14211,-125.356)
(0.180483,2.8422)(0.180484,2.8422)
(0.233392,3.09551)(0.233392,3.0955)
(0.309619,3.42558)(0.309619,3.42558)
(0.425605,3.8679)(0.425601,3.8679)
(0.615007,4.48369)(0.615007,4.48369)
(0.955619,5.38673)(0.955619,5.38673)
(1.65973,6.80694)(1.65973,6.80694)
(3.46416,9.22554)(3.46416,9.22554)
(9.8483,12.8665)(9.8483,12.8665)
(25.4174,0.464366)(25.4174,0.464366)
(9.8493,-11.9371)(9.8493,-11.9371)
(3.46617,-8.29429)(3.46617,-8.29429)
(1.66277,-5.87252)(1.66277,-5.87252)
(0.959706,-4.44785)(0.959706,-4.44785)
(0.620174,-3.53901)(0.620174,-3.53901)
(0.431889,-2.91603)(0.431889,-2.91603)
(0.31708,-2.46509)(0.31708,-2.46509)
(0.242087,-2.12489)(0.242087,-2.12489)
(0.190486,-1.85987)(0.190485,-1.85987)
(0.153507,-1.64808)(0.153507,-1.64808)
(0.126129,-1.47529)(0.126129,-1.47529)
(0.10531,-1.3319)(0.105311,-1.3319)
(0.0891229,-1.21119)(0.0891231,-1.21119)
(0.0762965,-1.10832)(0.0762963,-1.10832)
(0.0659685,-1.01973)(0.0659684,-1.01973)
(0.0575339,-0.942744)(0.057534,-0.942744)
(0.050561,-0.875304)(0.0505613,-0.875303)
(0.0447332,-0.815803)(0.0447347,-0.815804)
(0.0398178,-0.76298)(0.0398178,-0.76298)
(0.0356338,-0.715816)(0.0356338,-0.715816)
(0.0320455,-0.673492)(0.0320454,-0.673492)
(0.0289473,-0.635333)(0.0289467,-0.635334)
(0.0262526,-0.600788)(0.0262527,-0.600788)
(0.0238976,-0.569393)(0.0238978,-0.569393)
(0.0218278,-0.540759)(0.0218281,-0.54076)
(0.0199996,-0.514561)(0.0199992,-0.514561)
(0.018378,-0.490518)(0.0183781,-0.490518)
(0.016933,-0.468392)(0.0169332,-0.468392)
(0.0156409,-0.447977)(0.0156407,-0.447977)
(64.0145,-0.429097)(64.0145,-0.429098)
(0.0134356,-0.411597)(0.0134354,-0.411597)
(0.0124911,-0.395342)(0.0124911,-0.395342)
(0.0116355,-0.380214)(0.0116352,-0.380213)
(0.0108558,-0.366113)(0.0108576,-0.366108)
(0.0101484,-0.352934)(0.0101484,-0.352934)
(0.00950093,-0.340609)(0.00950092,-0.340609)
(0.00890783,-0.329062)(0.00890779,-0.329062)
(0.00836313,-0.318227)(0.00836309,-0.318227)
(0.00786274,-0.308047)(0.00786273,-0.308047)
(0.00740125,-0.29847)(0.00740132,-0.29847)
(0.00697523,-0.28945)(0.00697524,-0.289449)
(0.00658029,-0.280942)(0.00658085,-0.280943)
(0.00621565,-0.272913)(0.00621558,-0.272913)
(0.00587666,-0.265325)(0.00587637,-0.265325)
(0.00556111,-0.258147)(0.00556097,-0.258147)
(0.00526705,-0.251353)(0.00526769,-0.251352)
(0.00499294,-0.244912)(0.00499296,-0.244912)
(0.00473686,-0.238804)(0.00473688,-0.238805)
(0.00449731,-0.233008)(0.0044974,-0.233008)
(0.00427293,-0.227503)(0.00427355,-0.227503)
(0.00406253,-0.222271)(0.00406265,-0.22227)
(0.00386504,-0.217294)(0.00386504,-0.217294)
(0.00367903,-0.212558)(0.00367911,-0.212558)
(0.00350629,-0.208044)(0.00350373,-0.208049)
(0.00333947,-0.203752)(0.0033392,-0.203752)
(0.00318369,-0.199658)(0.00318353,-0.199657)
(0.00303645,-0.195752)(0.00303648,-0.195752)
(0.00290108,-0.192027)(0.00289855,-0.192027)
(0.00276578,-0.188471)(0.00276576,-0.188471)
(0.00264094,-0.185077)(0.0026409,-0.185077)
(0.0025225,-0.181835)(0.00252249,-0.181835)
(0.00240828,-0.178738)(0.00240993,-0.178738)
(0.00230325,-0.175779)(0.00230307,-0.175779)
(0.00220151,-0.172951)(0.00220132,-0.17295)
(0.00210415,-0.170247)(0.00210441,-0.170247)
(0.0020113,-0.167662)(0.00201196,-0.167662)
(0.00192387,-0.165191)(0.00192377,-0.165191)
(0.0018397,-0.162827)(0.00183945,-0.162828)
(0.00175889,-0.160568)(0.00175887,-0.160568)
(0.00168343,-0.158407)(0.00168223,-0.158407)
(0.00160772,-0.156342)(0.001608,-0.156342)
(0.0015375,-0.154367)(0.00153709,-0.154367)
(0.00146866,-0.152479)(0.001469,-0.152479)
(0.00140308,-0.150676)(0.00140342,-0.150676)
(0.00134097,-0.148952)(0.00134076,-0.148952)
(0.00128031,-0.147306)(0.00128022,-0.147306)
(0.00122205,-0.145734)(0.00122197,-0.145734)
(0.00116379,-0.144236)(0.001165,-0.144235)
(0.00111155,-0.142805)(0.00111152,-0.142805)
(0.00105891,-0.141442)(0.00105896,-0.141442)
(0.00100818,-0.140144)(0.00100809,-0.140144)
(0.000960454,-0.138909)(0.000958586,-0.138908)
(0.000911266,-0.137733)(0.000911386,-0.137733)
(0.000865191,-0.136618)(0.000865147,-0.136618)
(0.000819921,-0.135559)(0.00082015,-0.135559)
(0.000779033,-0.134556)(0.000777428,-0.134555)
(0.000734329,-0.133607)(0.000734037,-0.133607)
(0.000693321,-0.132711)(0.000692637,-0.132711)
(0.000651836,-0.131866)(0.000652218,-0.131866)
(0.000613213,-0.131072)(0.000612162,-0.131071)
(0.000574052,-0.130326)(0.00057414,-0.130326)
(0.000536472,-0.129628)(0.000536406,-0.129629)
(0.000499487,-0.128978)(0.000499457,-0.128978)
(0.000461131,-0.128374)(0.000463146,-0.128373)
(0.000427604,-0.127813)(0.000427532,-0.127814)
(0.000392169,-0.127298)(0.000392479,-0.127299)
(0.000358135,-0.126828)(0.000358003,-0.126827)
(0.000321388,-0.126396)(0.000324346,-0.126398)
(0.000290349,-0.126014)(0.000290262,-0.126014)
(0.000256971,-0.12567)(0.000257005,-0.12567)
(0.000224002,-0.125367)(0.000224142,-0.125367)
(0.000190318,-0.125105)(0.000191396,-0.125106)
(0.000159092,-0.124885)(0.000159275,-0.124886)
(0.000127554,-0.124706)(0.000127186,-0.124706)
(9.53972e-05,-0.124566)(9.52809e-05,-0.124566)
(6.41569e-05,-0.124467)(6.27308e-05,-0.124466)
(3.16948e-05,-0.124407)(3.16963e-05,-0.124407)
(0,-0.124387)(2.06918e-14,-0.124387)
(-3.16948e-05,-0.124407)(-3.16963e-05,-0.124407)
(-6.51404e-05,-0.124466)(-6.40933e-05,-0.124467)
(-9.53972e-05,-0.124566)(-9.52809e-05,-0.124566)
(-0.000127554,-0.124706)(-0.000127186,-0.124706)
(-0.000159092,-0.124885)(-0.000159275,-0.124886)
(-0.000190437,-0.125108)(-0.000191782,-0.125107)
(-0.000224002,-0.125367)(-0.000224142,-0.125367)
(-0.000256971,-0.12567)(-0.000257005,-0.12567)
(-0.000290349,-0.126014)(-0.000290262,-0.126014)
(-0.000323057,-0.1264)(-0.000323587,-0.1264)
(-0.000358135,-0.126828)(-0.000358003,-0.126827)
(-0.000392169,-0.127298)(-0.000392479,-0.127299)
(-0.000427604,-0.127813)(-0.000427532,-0.127814)
(-0.000460654,-0.128372)(-0.000463255,-0.128373)
(-0.000499487,-0.128978)(-0.000499457,-0.128978)
(-0.000536472,-0.129628)(-0.000536406,-0.129629)
(-0.000574052,-0.130326)(-0.00057414,-0.130326)
(-0.000612974,-0.131072)(-0.000613393,-0.131072)
(-0.000651836,-0.131866)(-0.000652218,-0.131866)
(-0.000693321,-0.132711)(-0.000692637,-0.132711)
(-0.000734329,-0.133607)(-0.000734037,-0.133607)
(-0.000775695,-0.134557)(-0.000775551,-0.134557)
(-0.000819921,-0.135559)(-0.00082015,-0.135559)
(-0.000865191,-0.136618)(-0.000865147,-0.136618)
(-0.000911266,-0.137733)(-0.000911386,-0.137733)
(-0.000959545,-0.138907)(-0.000959309,-0.138908)
(-0.00100818,-0.140144)(-0.00100809,-0.140144)
(-0.00105891,-0.141442)(-0.00105896,-0.141442)
(-0.00111155,-0.142805)(-0.00111152,-0.142805)
(-0.00116651,-0.144235)(-0.00116654,-0.144234)
(-0.00122205,-0.145734)(-0.00122197,-0.145734)
(-0.00128031,-0.147306)(-0.00128022,-0.147306)
(-0.00134097,-0.148952)(-0.00134076,-0.148952)
(-0.00140399,-0.150674)(-0.00140381,-0.150675)
(-0.00146866,-0.152479)(-0.001469,-0.152479)
(-0.0015375,-0.154367)(-0.00153709,-0.154367)
(-0.00160772,-0.156342)(-0.001608,-0.156342)
(-0.00168195,-0.158408)(-0.00168137,-0.158408)
(-0.00175889,-0.160568)(-0.00175887,-0.160568)
(-0.0018397,-0.162827)(-0.00183945,-0.162828)
(-0.00192387,-0.165191)(-0.00192377,-0.165191)
(-0.00201311,-0.167661)(-0.00201206,-0.167662)
(-0.00210415,-0.170247)(-0.00210441,-0.170247)
(-0.00220151,-0.172951)(-0.00220132,-0.17295)
(-0.00230325,-0.175779)(-0.00230307,-0.175779)
(-0.00240824,-0.178736)(-0.00241008,-0.178738)
(-0.0025225,-0.181835)(-0.00252249,-0.181835)
(-0.00264094,-0.185077)(-0.0026409,-0.185077)
(-0.00276578,-0.188471)(-0.00276576,-0.188471)
(-0.00289536,-0.19203)(-0.00289626,-0.192027)
(-0.00303645,-0.195752)(-0.00303648,-0.195752)
(-0.00318369,-0.199658)(-0.00318353,-0.199657)
(-0.00333947,-0.203752)(-0.0033392,-0.203752)
(-0.00350492,-0.208053)(-0.00350451,-0.208049)
(-0.00367903,-0.212558)(-0.00367911,-0.212558)
(-0.00386504,-0.217294)(-0.00386504,-0.217294)
(-0.00406253,-0.222271)(-0.00406265,-0.22227)
(-0.00427336,-0.227505)(-0.00427253,-0.227503)
(-0.00449731,-0.233008)(-0.0044974,-0.233008)
(-0.00473686,-0.238804)(-0.00473688,-0.238805)
(-0.00499294,-0.244912)(-0.00499296,-0.244912)
(-0.00526596,-0.251352)(-0.00526653,-0.25135)
(-0.00556111,-0.258147)(-0.00556097,-0.258147)
(-0.00587666,-0.265325)(-0.00587637,-0.265325)
(-0.00621565,-0.272913)(-0.00621558,-0.272913)
(-0.00658067,-0.280943)(-0.00658115,-0.280943)
(-0.00697523,-0.28945)(-0.00697524,-0.289449)
(-0.00740125,-0.29847)(-0.00740132,-0.29847)
(-0.00786274,-0.308047)(-0.00786273,-0.308047)
(-0.00836294,-0.318224)(-0.00836378,-0.318227)
(-0.00890783,-0.329062)(-0.00890779,-0.329062)
(-0.00950093,-0.340609)(-0.00950092,-0.340609)
(-0.0101484,-0.352934)(-0.0101484,-0.352934)
(-0.0108586,-0.366106)(-0.010857,-0.366108)
(-0.0116355,-0.380214)(-0.0116352,-0.380213)
(-0.0124911,-0.395342)(-0.0124911,-0.395342)
(-0.0134356,-0.411597)(-0.0134354,-0.411597)
(63.9855,-0.429097)(63.9855,-0.429097)
(-0.0156409,-0.447977)(-0.0156407,-0.447977)
(-0.016933,-0.468392)(-0.0169332,-0.468392)
(-0.018378,-0.490518)(-0.0183781,-0.490518)
(-0.0200007,-0.514563)(-0.0200008,-0.514561)
(-0.0218278,-0.540759)(-0.0218281,-0.54076)
(-0.0238976,-0.569393)(-0.0238978,-0.569393)
(-0.0262526,-0.600788)(-0.0262527,-0.600788)
(-0.0289466,-0.635334)(-0.0289459,-0.635334)
(-0.0320455,-0.673492)(-0.0320454,-0.673492)
(-0.0356338,-0.715816)(-0.0356338,-0.715816)
(-0.0398178,-0.76298)(-0.0398178,-0.76298)
(-0.0447333,-0.815806)(-0.0447339,-0.815804)
(-0.050561,-0.875304)(-0.0505613,-0.875303)
(-0.0575339,-0.942744)(-0.057534,-0.942744)
(-0.0659685,-1.01973)(-0.0659684,-1.01973)
(-0.076298,-1.10832)(-0.0762974,-1.10832)
(-0.0891229,-1.21119)(-0.0891231,-1.21119)
(-0.10531,-1.3319)(-0.105311,-1.3319)
(-0.126129,-1.47529)(-0.126129,-1.47529)
(-0.153506,-1.64808)(-0.153507,-1.64808)
(-0.190486,-1.85987)(-0.190485,-1.85987)
(-0.242087,-2.12489)(-0.242087,-2.12489)
(-0.31708,-2.46509)(-0.31708,-2.46509)
(-0.431889,-2.91603)(-0.43189,-2.91603)
(-0.620174,-3.53901)(-0.620174,-3.53901)
(-0.959706,-4.44785)(-0.959706,-4.44785)
(-1.66277,-5.87252)(-1.66277,-5.87252)
(-3.46617,-8.29429)(-3.46617,-8.29429)
(-9.8493,-11.9371)(-9.8493,-11.9371)
(-25.4174,0.464366)(-25.4174,0.464366)
(-9.8483,12.8665)(-9.8483,12.8665)
(-3.46416,9.22554)(-3.46416,9.22554)
(-1.65973,6.80694)(-1.65973,6.80694)
(-0.955619,5.38673)(-0.955619,5.38673)
(-0.615007,4.48369)(-0.615007,4.48369)
(-0.425602,3.8679)(-0.4256,3.8679)
(-0.309619,3.42558)(-0.309619,3.42558)
(-0.233392,3.09551)(-0.233392,3.0955)
(-0.180483,2.8422)(-0.180484,2.8422)
(-0.142106,130.644)(-0.14211,130.644)
(-0.113233,2.48625)(-0.113233,2.48625)
(-0.0907932,2.36004)(-0.0907931,2.36004)
(-0.0728404,2.25862)(-0.0728405,2.25862)
(-0.0580782,2.17736)(-0.058079,2.17736)
(-0.0456168,2.11292)(-0.0456169,2.11292)
(-0.0348111,2.06291)(-0.0348114,2.06291)
(-0.0251862,2.02557)(-0.0251865,2.02557)
(-0.0163714,1.9997)(-0.0163717,1.9997)
(-0.00806376,1.98449)(-0.00806372,1.98449)

FFT difference
(0.0000,-0.0000)
(0.0000,-0.0000)
(-0.0000,-0.0000)
(-0.0000,-0.0000)
(-0.0000,0.0000)
(-0.0000,-0.0000)
(0.0000,0.0000)
(-0.0000,-0.0000)
(0.0000,-0.0000)
(-0.0000,0.0000)
(0.0000,-0.0000)
(-0.0000,-0.0000)
(0.0000,0.0000)
(-0.0000,0.0000)
(0.0000,-0.0000)
(0.0000,-0.0000)
(-0.0000,-0.0000)
(0.0000,0.0000)
(-0.0000,-0.0000)
(-0.0000,-0.0000)
(-0.0000,-0.0000)
(-0.0000,0.0000)
(-0.0000,0.0000)
(0.0000,0.0000)
(-0.0000,0.0000)
(0.0000,0.0000)
(0.0000,-0.0000)
(-0.0000,0.0000)
(0.0000,-0.0000)
(0.0000,-0.0000)
(-0.0000,0.0000)
(-0.0000,-0.0000)
(-0.0000,0.0000)
(-0.0000,0.0000)
(0.0000,0.0000)
(0.0000,-0.0000)
(-0.0000,0.0000)
(-0.0000,-0.0000)
(-0.0000,0.0000)
(0.0000,0.0000)
(-0.0000,0.0000)
(0.0000,-0.0000)
(0.0000,0.0000)
(-0.0000,0.0000)
(-0.0000,0.0000)
(-0.0000,0.0000)
(0.0000,-0.0000)
(-0.0000,0.0000)
(-0.0000,-0.0000)
(0.0000,0.0000)
(-0.0000,0.0000)
(0.0000,-0.0000)
(0.0000,-0.0000)
(0.0000,-0.0000)
(-0.0000,-0.0000)
(-0.0000,0.0000)
(0.0000,0.0000)
(0.0000,0.0000)
(0.0000,-0.0000)
(0.0000,0.0000)
(-0.0000,0.0000)
(-0.0000,-0.0000)
(-0.0000,0.0000)
(0.0000,0.0000)
(0.0000,0.0000)
(0.0000,0.0000)
(-0.0000,-0.0000)
(-0.0000,-0.0000)
(-0.0000,0.0000)
(-0.0000,-0.0000)
(-0.0000,0.0000)
(-0.0000,-0.0000)
(0.0000,0.0000)
(-0.0000,-0.0000)
(0.0000,0.0000)
(0.0000,0.0000)
(0.0000,-0.0000)
(-0.0000,-0.0000)
(0.0000,-0.0000)
(0.0000,0.0000)
(0.0000,-0.0000)
(0.0000,-0.0000)
(-0.0000,-0.0000)
(0.0000,-0.0000)
(0.0000,-0.0000)
(-0.0000,-0.0000)
(-0.0000,0.0000)
(0.0000,0.0000)
(0.0000,0.0000)
(0.0000,-0.0000)
(0.0000,-0.0000)
(-0.0000,-0.0000)
(0.0000,0.0000)
(-0.0000,0.0000)
(-0.0000,-0.0000)
(0.0000,0.0000)
(0.0000,-0.0000)
(0.0000,0.0000)
(-0.0000,-0.0000)
(0.0000,0.0000)
(-0.0000,-0.0000)
(0.0000,-0.0000)
(0.0000,-0.0000)
(-0.0000,-0.0000)
(0.0000,-0.0000)
(-0.0000,0.0000)
(0.0000,-0.0000)
(0.0000,0.0000)
(0.0000,-0.0000)
(-0.0000,-0.0000)
(0.0000,-0.0000)
(-0.0000,0.0000)
(0.0000,0.0000)
(0.0000,0.0000)
(-0.0000,-0.0000)
(0.0000,0.0000)
(-0.0000,0.0000)
(0.0000,-0.0000)
(-0.0000,0.0000)
(0.0000,0.0000)
(-0.0000,-0.0000)
(-0.0000,0.0000)
(-0.0000,0.0000)
(-0.0000,0.0000)
(0.0000,-0.0000)
(0.0000,0.0000)
(0.0000,-0.0000)
(-0.0000,0.0000)
(-0.0000,-0.0000)
(0.0000,0.0000)
(-0.0000,0.0000)
(-0.0000,0.0000)
(-0.0000,-0.0000)
(0.0000,0.0000)
(0.0000,-0.0000)
(0.0000,0.0000)
(0.0000,-0.0000)
(-0.0000,0.0000)
(0.0000,0.0000)
(-0.0000,-0.0000)
(0.0000,0.0000)
(-0.0000,0.0000)
(0.0000,0.0000)
(-0.0000,0.0000)
(-0.0000,0.0000)
(0.0000,0.0000)
(0.0000,0.0000)
(0.0000,-0.0000)
(-0.0000,-0.0000)
(-0.0000,0.0000)
(-0.0000,0.0000)
(0.0000,0.0000)
(-0.0000,-0.0000)
(0.0000,-0.0000)
(-0.0000,0.0000)
(-0.0000,-0.0000)
(0.0000,-0.0000)
(-0.0000,0.0000)
(0.0000,-0.0000)
(-0.0000,0.0000)
(-0.0000,-0.0000)
(-0.0000,0.0000)
(-0.0000,0.0000)
(0.0000,0.0000)
(-0.0000,0.0000)
(0.0000,-0.0000)
(-0.0000,-0.0000)
(-0.0000,-0.0000)
(-0.0000,0.0000)
(-0.0000,0.0000)
(-0.0000,0.0000)
(0.0000,-0.0000)
(-0.0000,-0.0000)
(-0.0000,-0.0000)
(0.0000,0.0000)
(-0.0000,-0.0000)
(-0.0000,-0.0000)
(-0.0000,0.0000)
(0.0000,-0.0000)
(0.0000,-0.0000)
(-0.0000,-0.0000)
(-0.0000,0.0000)
(-0.0000,-0.0000)
(0.0000,-0.0000)
(-0.0000,0.0000)
(0.0000,-0.0000)
(-0.0000,-0.0000)
(0.0000,-0.0000)
(0.0000,0.0000)
(0.0000,-0.0000)
(0.0000,-0.0000)
(-0.0000,0.0000)
(-0.0000,0.0000)
(-0.0000,0.0000)
(0.0000,0.0000)
(0.0000,-0.0000)
(0.0000,0.0000)
(-0.0000,0.0000)
(0.0000,0.0000)
(-0.0000,0.0000)
(-0.0000,0.0000)
(0.0000,0.0000)
(-0.0000,0.0000)
(-0.0000,-0.0000)
(-0.0000,-0.0000)
(-0.0000,-0.0000)
(-0.0000,-0.0000)
(-0.0000,0.0000)
(0.0000,-0.0000)
(0.0000,0.0000)
(0.0000,-0.0000)
(0.0000,0.0000)
(0.0000,0.0000)
(0.0000,0.0000)
(-0.0000,-0.0000)
(-0.0000,-0.0000)
(0.0000,0.0000)
(-0.0000,0.0000)
(0.0000,-0.0000)
(0.0000,-0.0000)
(0.0000,0.0000)
(-0.0000,-0.0000)
(-0.0000,-0.0000)
(0.0000,0.0000)
(0.0000,0.0000)
(0.0000,-0.0000)
(0.0000,-0.0000)
(-0.0000,-0.0000)
(-0.0000,-0.0000)
(0.0000,0.0000)
(0.0000,0.0000)
(-0.0000,0.0000)
(0.0000,0.0000)
(-0.0000,0.0000)
(-0.0000,0.0000)
(0.0000,0.0000)
(0.0000,-0.0000)
(0.0000,-0.0000)
(-0.0000,-0.0000)
(-0.0000,0.0000)
(0.0000,-0.0000)
(-0.0000,-0.0000)
(-0.0000,0.0000)
(0.0000,0.0000)
(-0.0000,0.0000)
(0.0000,-0.0000)
(0.0000,0.0000)
(0.0000,0.0000)
(-0.0000,-0.0000)
(0.0000,-0.0000)
(0.0000,0.0000)
(0.0000,-0.0000)
(0.0000,0.0000)
(0.0000,-0.0000)
(0.0000,0.0000)
(-0.0000,-0.0000)
INFO [HLS SIM]: The maximum depth reached by any hls::stream() instance in the design is 32
INFO: [SIM 1] CSim done with 0 errors.
INFO: [SIM 3] *************** CSIM finish ***************
