================================================================
== Vivado RTL Synthesis Results
================================================================
+ General Information:
    * Date:            Fri Apr 04 15:05:11 PDT 2025
    * Version:         2024.2 (Build 5238294 on Nov  8 2024)
    * Project:         build
    * Solution:        FFT_250MHz (Vivado IP Flow Target)
    * Product family:  versalpremium
    * Target device:   xcvp1802-lsvc4072-3HP-e-S


================================================================
== Run Constraints & Options
================================================================
+ Design Constraints & Options:
    * RTL Synthesis target clock:  4 ns
    * C-Synthesis target clock:    4 ns
    * C-Synthesis uncertainty:     27%

+ RTL Synthesis Options:
    * config_export -vivado_synth_strategy:     default
    * config_export -vivado_synth_design_args:  -directive sdx_optimization_effort_high

+ Reporting Options:
    * config_export -vivado_report_level:      2
    * config_export -vivado_max_timing_paths:  10


================================================================
== RTL Synthesis Resource Summary
================================================================
LUT:              24078
FF:               17308
DSP:              32
BRAM:             100
URAM:             0
SRL:              103


================================================================
== RTL Synthesis Timing Summary
================================================================
* Timing was met
+----------------+-------------+
| Timing         | Period (ns) |
+----------------+-------------+
| Target         | 4.000       |
| Post-Synthesis | 3.433       |
+----------------+-------------+


================================================================
== RTL Synthesis Resources
================================================================
+-----------------------------------------------------------------------------+-------+-------+-----+------+------+-----+--------+------+---------+----------+--------+
| Name                                                                        | LUT   | FF    | DSP | BRAM | URAM | SRL | Pragma | Impl | Latency | Variable | Source |
+-----------------------------------------------------------------------------+-------+-------+-----+------+------+-----+--------+------+---------+----------+--------+
| inst                                                                        | 24078 | 17308 | 32  | 100  |      |     |        |      |         |          |        |
|   FFT_DIT_spatial_unroll_CY_stream_vector_U0                                | 24078 | 17308 | 32  | 100  |      |     |        |      |         |          |        |
|     (FFT_DIT_spatial_unroll_CY_stream_vector_U0)                            | 1     | 11    |     |      |      |     |        |      |         |          |        |
|     FFT_Stage1_vectorstream_parameterize_U0                                 | 2040  | 895   |     |      |      |     |        |      |         |          |        |
|       FFT_Stage1_vectorstream_parameterize_Loop_FFT_Stage1_proc_U0          | 2040  | 895   |     |      |      |     |        |      |         |          |        |
|         (FFT_Stage1_vectorstream_parameterize_Loop_FFT_Stage1_proc_U0)      | 23    | 294   |     |      |      |     |        |      |         |          |        |
|         fadd_32ns_32ns_32_4_no_dsp_1_U22                                    | 504   | 150   |     |      |      |     |        |      |         |          |        |
|         fadd_32ns_32ns_32_4_no_dsp_1_U23                                    | 504   | 150   |     |      |      |     |        |      |         |          |        |
|         flow_control_loop_pipe_U                                            | 12    | 1     |     |      |      |     |        |      |         |          |        |
|         fsub_32ns_32ns_32_4_no_dsp_1_U24                                    | 504   | 150   |     |      |      |     |        |      |         |          |        |
|         fsub_32ns_32ns_32_4_no_dsp_1_U25                                    | 493   | 150   |     |      |      |     |        |      |         |          |        |
|     FFT_stage_spatial_unroll_10_U0                                          | 2171  | 1684  | 4   | 2    |      |     |        |      |         |          |        |
|       (FFT_stage_spatial_unroll_10_U0)                                      | 139   | 1083  |     | 2    |      |     |        |      |         |          |        |
|       fadd_32ns_32ns_32_4_no_dsp_1_U150                                     | 504   | 150   |     |      |      |     |        |      |         |          |        |
|       fadd_32ns_32ns_32_4_no_dsp_1_U151                                     | 504   | 150   |     |      |      |     |        |      |         |          |        |
|       flow_control_loop_pipe_U                                              | 16    | 1     |     |      |      |     |        |      |         |          |        |
|       fmadd_32ns_32ns_32ns_32ns_32_1_primitive_dsp_1_U156                   |       |       | 1   |      |      |     |        |      |         |          |        |
|       fmsub_32ns_32ns_32ns_32ns_32_1_primitive_dsp_1_U157                   |       |       | 1   |      |      |     |        |      |         |          |        |
|       fmul_32ns_32ns_32_1_primitive_dsp_1_U154                              |       |       | 1   |      |      |     |        |      |         |          |        |
|       fmul_32ns_32ns_32_1_primitive_dsp_1_U155                              |       |       | 1   |      |      |     |        |      |         |          |        |
|       fsub_32ns_32ns_32_4_no_dsp_1_U152                                     | 504   | 150   |     |      |      |     |        |      |         |          |        |
|       fsub_32ns_32ns_32_4_no_dsp_1_U153                                     | 504   | 150   |     |      |      |     |        |      |         |          |        |
|     FFT_stage_spatial_unroll_2_U0                                           | 2080  | 983   |     |      |      |     |        |      |         |          |        |
|       (FFT_stage_spatial_unroll_2_U0)                                       | 28    | 381   |     |      |      |     |        |      |         |          |        |
|       fadd_32ns_32ns_32_4_no_dsp_1_U34                                      | 504   | 150   |     |      |      |     |        |      |         |          |        |
|       fadd_32ns_32ns_32_4_no_dsp_1_U35                                      | 504   | 150   |     |      |      |     |        |      |         |          |        |
|       flow_control_loop_delay_pipe_U                                        | 68    | 2     |     |      |      |     |        |      |         |          |        |
|       fsub_32ns_32ns_32_4_no_dsp_1_U36                                      | 488   | 150   |     |      |      |     |        |      |         |          |        |
|       fsub_32ns_32ns_32_4_no_dsp_1_U37                                      | 488   | 150   |     |      |      |     |        |      |         |          |        |
|     FFT_stage_spatial_unroll_3_U0                                           | 2115  | 1641  | 4   |      |      |     |        |      |         |          |        |
|       (FFT_stage_spatial_unroll_3_U0)                                       | 88    | 1039  |     |      |      |     |        |      |         |          |        |
|       fadd_32ns_32ns_32_4_no_dsp_1_U42                                      | 504   | 150   |     |      |      |     |        |      |         |          |        |
|       fadd_32ns_32ns_32_4_no_dsp_1_U43                                      | 504   | 150   |     |      |      |     |        |      |         |          |        |
|       flow_control_loop_delay_pipe_U                                        | 43    | 2     |     |      |      |     |        |      |         |          |        |
|       fmadd_32ns_32ns_32ns_32ns_32_1_primitive_dsp_1_U48                    |       |       | 1   |      |      |     |        |      |         |          |        |
|       fmsub_32ns_32ns_32ns_32ns_32_1_primitive_dsp_1_U49                    |       |       | 1   |      |      |     |        |      |         |          |        |
|       fmul_32ns_32ns_32_1_primitive_dsp_1_U46                               |       |       | 1   |      |      |     |        |      |         |          |        |
|       fmul_32ns_32ns_32_1_primitive_dsp_1_U47                               |       |       | 1   |      |      |     |        |      |         |          |        |
|       fsub_32ns_32ns_32_4_no_dsp_1_U44                                      | 488   | 150   |     |      |      |     |        |      |         |          |        |
|       fsub_32ns_32ns_32_4_no_dsp_1_U45                                      | 488   | 150   |     |      |      |     |        |      |         |          |        |
|     FFT_stage_spatial_unroll_4_U0                                           | 2221  | 1668  | 4   |      |      |     |        |      |         |          |        |
|       (FFT_stage_spatial_unroll_4_U0)                                       | 195   | 1066  |     |      |      |     |        |      |         |          |        |
|       fadd_32ns_32ns_32_4_no_dsp_1_U60                                      | 504   | 150   |     |      |      |     |        |      |         |          |        |
|       fadd_32ns_32ns_32_4_no_dsp_1_U61                                      | 504   | 150   |     |      |      |     |        |      |         |          |        |
|       flow_control_loop_delay_pipe_U                                        | 42    | 2     |     |      |      |     |        |      |         |          |        |
|       fmadd_32ns_32ns_32ns_32ns_32_1_primitive_dsp_1_U66                    |       |       | 1   |      |      |     |        |      |         |          |        |
|       fmsub_32ns_32ns_32ns_32ns_32_1_primitive_dsp_1_U67                    |       |       | 1   |      |      |     |        |      |         |          |        |
|       fmul_32ns_32ns_32_1_primitive_dsp_1_U64                               |       |       | 1   |      |      |     |        |      |         |          |        |
|       fmul_32ns_32ns_32_1_primitive_dsp_1_U65                               |       |       | 1   |      |      |     |        |      |         |          |        |
|       fsub_32ns_32ns_32_4_no_dsp_1_U62                                      | 488   | 150   |     |      |      |     |        |      |         |          |        |
|       fsub_32ns_32ns_32_4_no_dsp_1_U63                                      | 488   | 150   |     |      |      |     |        |      |         |          |        |
|     FFT_stage_spatial_unroll_5_U0                                           | 2247  | 1731  | 4   |      |      |     |        |      |         |          |        |
|       (FFT_stage_spatial_unroll_5_U0)                                       | 174   | 1129  |     |      |      |     |        |      |         |          |        |
|       fadd_32ns_32ns_32_4_no_dsp_1_U75                                      | 504   | 150   |     |      |      |     |        |      |         |          |        |
|       fadd_32ns_32ns_32_4_no_dsp_1_U76                                      | 504   | 150   |     |      |      |     |        |      |         |          |        |
|       flow_control_loop_delay_pipe_U                                        | 89    | 2     |     |      |      |     |        |      |         |          |        |
|       fmadd_32ns_32ns_32ns_32ns_32_1_primitive_dsp_1_U81                    |       |       | 1   |      |      |     |        |      |         |          |        |
|       fmsub_32ns_32ns_32ns_32ns_32_1_primitive_dsp_1_U82                    |       |       | 1   |      |      |     |        |      |         |          |        |
|       fmul_32ns_32ns_32_1_primitive_dsp_1_U79                               |       |       | 1   |      |      |     |        |      |         |          |        |
|       fmul_32ns_32ns_32_1_primitive_dsp_1_U80                               |       |       | 1   |      |      |     |        |      |         |          |        |
|       fsub_32ns_32ns_32_4_no_dsp_1_U77                                      | 488   | 150   |     |      |      |     |        |      |         |          |        |
|       fsub_32ns_32ns_32_4_no_dsp_1_U78                                      | 488   | 150   |     |      |      |     |        |      |         |          |        |
|     FFT_stage_spatial_unroll_6_U0                                           | 2190  | 1748  | 4   |      |      |     |        |      |         |          |        |
|       (FFT_stage_spatial_unroll_6_U0)                                       | 179   | 1146  |     |      |      |     |        |      |         |          |        |
|       fadd_32ns_32ns_32_4_no_dsp_1_U90                                      | 504   | 150   |     |      |      |     |        |      |         |          |        |
|       fadd_32ns_32ns_32_4_no_dsp_1_U91                                      | 504   | 150   |     |      |      |     |        |      |         |          |        |
|       flow_control_loop_delay_pipe_U                                        | 27    | 2     |     |      |      |     |        |      |         |          |        |
|       fmadd_32ns_32ns_32ns_32ns_32_1_primitive_dsp_1_U96                    |       |       | 1   |      |      |     |        |      |         |          |        |
|       fmsub_32ns_32ns_32ns_32ns_32_1_primitive_dsp_1_U97                    |       |       | 1   |      |      |     |        |      |         |          |        |
|       fmul_32ns_32ns_32_1_primitive_dsp_1_U94                               |       |       | 1   |      |      |     |        |      |         |          |        |
|       fmul_32ns_32ns_32_1_primitive_dsp_1_U95                               |       |       | 1   |      |      |     |        |      |         |          |        |
|       fsub_32ns_32ns_32_4_no_dsp_1_U92                                      | 488   | 150   |     |      |      |     |        |      |         |          |        |
|       fsub_32ns_32ns_32_4_no_dsp_1_U93                                      | 488   | 150   |     |      |      |     |        |      |         |          |        |
|     FFT_stage_spatial_unroll_7_U0                                           | 2179  | 1751  | 4   |      |      |     |        |      |         |          |        |
|       (FFT_stage_spatial_unroll_7_U0)                                       | 144   | 1149  |     |      |      |     |        |      |         |          |        |
|       fadd_32ns_32ns_32_4_no_dsp_1_U105                                     | 504   | 150   |     |      |      |     |        |      |         |          |        |
|       fadd_32ns_32ns_32_4_no_dsp_1_U106                                     | 504   | 150   |     |      |      |     |        |      |         |          |        |
|       flow_control_loop_delay_pipe_U                                        | 51    | 2     |     |      |      |     |        |      |         |          |        |
|       fmadd_32ns_32ns_32ns_32ns_32_1_primitive_dsp_1_U111                   |       |       | 1   |      |      |     |        |      |         |          |        |
|       fmsub_32ns_32ns_32ns_32ns_32_1_primitive_dsp_1_U112                   |       |       | 1   |      |      |     |        |      |         |          |        |
|       fmul_32ns_32ns_32_1_primitive_dsp_1_U109                              |       |       | 1   |      |      |     |        |      |         |          |        |
|       fmul_32ns_32ns_32_1_primitive_dsp_1_U110                              |       |       | 1   |      |      |     |        |      |         |          |        |
|       fsub_32ns_32ns_32_4_no_dsp_1_U107                                     | 488   | 150   |     |      |      |     |        |      |         |          |        |
|       fsub_32ns_32ns_32_4_no_dsp_1_U108                                     | 488   | 150   |     |      |      |     |        |      |         |          |        |
|     FFT_stage_spatial_unroll_8_U0                                           | 2220  | 1754  | 4   |      |      |     |        |      |         |          |        |
|       (FFT_stage_spatial_unroll_8_U0)                                       | 178   | 1152  |     |      |      |     |        |      |         |          |        |
|       fadd_32ns_32ns_32_4_no_dsp_1_U120                                     | 504   | 150   |     |      |      |     |        |      |         |          |        |
|       fadd_32ns_32ns_32_4_no_dsp_1_U121                                     | 504   | 150   |     |      |      |     |        |      |         |          |        |
|       flow_control_loop_delay_pipe_U                                        | 58    | 2     |     |      |      |     |        |      |         |          |        |
|       fmadd_32ns_32ns_32ns_32ns_32_1_primitive_dsp_1_U126                   |       |       | 1   |      |      |     |        |      |         |          |        |
|       fmsub_32ns_32ns_32ns_32ns_32_1_primitive_dsp_1_U127                   |       |       | 1   |      |      |     |        |      |         |          |        |
|       fmul_32ns_32ns_32_1_primitive_dsp_1_U124                              |       |       | 1   |      |      |     |        |      |         |          |        |
|       fmul_32ns_32ns_32_1_primitive_dsp_1_U125                              |       |       | 1   |      |      |     |        |      |         |          |        |
|       fsub_32ns_32ns_32_4_no_dsp_1_U122                                     | 488   | 150   |     |      |      |     |        |      |         |          |        |
|       fsub_32ns_32ns_32_4_no_dsp_1_U123                                     | 488   | 150   |     |      |      |     |        |      |         |          |        |
|     FFT_stage_spatial_unroll_9_U0                                           | 2166  | 1765  | 4   | 2    |      |     |        |      |         |          |        |
|       (FFT_stage_spatial_unroll_9_U0)                                       | 122   | 1163  |     | 2    |      |     |        |      |         |          |        |
|       fadd_32ns_32ns_32_4_no_dsp_1_U135                                     | 504   | 150   |     |      |      |     |        |      |         |          |        |
|       fadd_32ns_32ns_32_4_no_dsp_1_U136                                     | 504   | 150   |     |      |      |     |        |      |         |          |        |
|       flow_control_loop_delay_pipe_U                                        | 60    | 2     |     |      |      |     |        |      |         |          |        |
|       fmadd_32ns_32ns_32ns_32ns_32_1_primitive_dsp_1_U141                   |       |       | 1   |      |      |     |        |      |         |          |        |
|       fmsub_32ns_32ns_32ns_32ns_32_1_primitive_dsp_1_U142                   |       |       | 1   |      |      |     |        |      |         |          |        |
|       fmul_32ns_32ns_32_1_primitive_dsp_1_U139                              |       |       | 1   |      |      |     |        |      |         |          |        |
|       fmul_32ns_32ns_32_1_primitive_dsp_1_U140                              |       |       | 1   |      |      |     |        |      |         |          |        |
|       fsub_32ns_32ns_32_4_no_dsp_1_U137                                     | 488   | 150   |     |      |      |     |        |      |         |          |        |
|       fsub_32ns_32ns_32_4_no_dsp_1_U138                                     | 488   | 150   |     |      |      |     |        |      |         |          |        |
|     data_10_1_U                                                             | 90    | 72    |     | 4    |      |     |        |      |         |          |        |
|     data_10_U                                                               | 75    | 72    |     | 4    |      |     |        |      |         |          |        |
|     data_1_1_U                                                              | 88    | 71    |     | 4    |      |     |        |      |         |          |        |
|     data_1_U                                                                | 72    | 72    |     | 4    |      |     |        |      |         |          |        |
|     data_2_1_U                                                              | 121   | 71    |     | 4    |      |     |        |      |         |          |        |
|     data_2_U                                                                | 120   | 72    |     | 4    |      |     |        |      |         |          |        |
|     data_3_1_U                                                              | 122   | 71    |     | 4    |      |     |        |      |         |          |        |
|     data_3_U                                                                | 121   | 72    |     | 4    |      |     |        |      |         |          |        |
|     data_4_1_U                                                              | 74    | 71    |     | 4    |      |     |        |      |         |          |        |
|     data_4_U                                                                | 73    | 72    |     | 4    |      |     |        |      |         |          |        |
|     data_5_1_U                                                              | 127   | 71    |     | 4    |      |     |        |      |         |          |        |
|     data_5_U                                                                | 127   | 72    |     | 4    |      |     |        |      |         |          |        |
|     data_6_1_U                                                              | 113   | 71    |     | 4    |      |     |        |      |         |          |        |
|     data_6_U                                                                | 112   | 72    |     | 4    |      |     |        |      |         |          |        |
|     data_7_1_U                                                              | 113   | 71    |     | 4    |      |     |        |      |         |          |        |
|     data_7_U                                                                | 144   | 72    |     | 4    |      |     |        |      |         |          |        |
|     data_8_1_U                                                              | 111   | 71    |     | 4    |      |     |        |      |         |          |        |
|     data_8_U                                                                | 111   | 72    |     | 4    |      |     |        |      |         |          |        |
|     data_9_1_U                                                              | 124   | 71    |     | 4    |      |     |        |      |         |          |        |
|     data_9_U                                                                | 127   | 72    |     | 4    |      |     |        |      |         |          |        |
|     output_result_array_to_stream_U0                                        | 29    | 12    |     |      |      |     |        |      |         |          |        |
|       (output_result_array_to_stream_U0)                                    | 7     | 11    |     |      |      |     |        |      |         |          |        |
|     reverse_in_stream_vector_U                                              | 69    | 134   |     |      |      |     |        |      |         |          |        |
|     reverse_input_stream_UF1_U0                                             | 185   | 100   |     | 16   |      |     |        |      |         |          |        |
|       reverse_input_stream_UF1_stream_stream_vector_0_data_in_cyclic_0_0_U  | 7     | 6     |     | 2    |      |     |        |      |         |          |        |
|       reverse_input_stream_UF1_stream_stream_vector_0_data_in_cyclic_0_1_U  | 7     | 6     |     | 2    |      |     |        |      |         |          |        |
|       reverse_input_stream_UF1_stream_stream_vector_0_data_in_cyclic_1_0_U  | 7     | 6     |     | 2    |      |     |        |      |         |          |        |
|       reverse_input_stream_UF1_stream_stream_vector_0_data_in_cyclic_1_1_U  | 6     | 6     |     | 2    |      |     |        |      |         |          |        |
|       reverse_input_stream_UF1_stream_stream_vector_0_data_rev_stream_0_0_U | 7     | 6     |     | 2    |      |     |        |      |         |          |        |
|       reverse_input_stream_UF1_stream_stream_vector_0_data_rev_stream_0_1_U | 7     | 6     |     | 2    |      |     |        |      |         |          |        |
|       reverse_input_stream_UF1_stream_stream_vector_0_data_rev_stream_1_0_U | 7     | 6     |     | 2    |      |     |        |      |         |          |        |
|       reverse_input_stream_UF1_stream_stream_vector_0_data_rev_stream_1_1_U | 8     | 6     |     | 2    |      |     |        |      |         |          |        |
+-----------------------------------------------------------------------------+-------+-------+-----+------+------+-----+--------+------+---------+----------+--------+


================================================================
== RTL Synthesis Fail Fast
================================================================
+-----------------------------------------------------------+-----------+--------+--------+
| Criteria                                                  | Guideline | Actual | Status |
+-----------------------------------------------------------+-----------+--------+--------+
| LUT                                                       | 70%       | 0.72%  | OK     |
| FD                                                        | 50%       | 0.26%  | OK     |
| LUTRAM+SRL                                                | 25%       | 0.01%  | OK     |
| LOOKAHEAD8                                                | 25%       | 0.16%  | OK     |
| DSP                                                       | 80%       | 0.22%  | OK     |
| RAMB                                                      | 80%       | 1.01%  | OK     |
| URAM                                                      | 80%       | 0.00%  | OK     |
| DSP+RAMB+URAM (Avg)                                       | 70%       | 0.61%  | OK     |
| BUFGCE* + BUFGCTRL                                        | 24        | 0      | OK     |
| DONT_TOUCH (cells/nets)                                   | 0         | 0      | OK     |
| MARK_DEBUG (nets)                                         | 0         | 0      | OK     |
| Control Sets                                              | 63017     | 215    | OK     |
| Average Fanout for modules > 100k cells                   | 4         | 1.77   | OK     |
| Max Average Fanout for modules > 100k cells               | 4         | 0      | OK     |
| Non-FD high fanout nets > 10k loads                       | 0         | 0      | OK     |
+-----------------------------------------------------------+-----------+--------+--------+
| TIMING-6 (No common primary clock between related clocks) | 0         | 0      | OK     |
| TIMING-7 (No common node between related clocks)          | 0         | 0      | OK     |
| TIMING-8 (No common period between related clocks)        | 0         | 0      | OK     |
| TIMING-14 (LUT on the clock tree)                         | 0         | 0      | OK     |
| TIMING-35 (No common node in paths with the same clock)   | 0         | 0      | OK     |
+-----------------------------------------------------------+-----------+--------+--------+
| Number of paths above max LUT budgeting (0.250ns)         | 0         | 0      | OK     |
| Number of paths above max Net budgeting (0.177ns)         | 0         | 0      | OK     |
+-----------------------------------------------------------+-----------+--------+--------+


================================================================
== RTL Synthesis Timing Paths
================================================================
* Timing was met
+-------+-------+-------------------------------------------------------------------------------------------------------------------+----------------------------------------------------------------------------------------------------+--------------+------------+----------------+----------------+--------------+
| Path  | SLACK | STARTPOINT PIN                                                                                                    | ENDPOINT PIN                                                                                       | LOGIC LEVELS | MAX FANOUT | DATAPATH DELAY | DATAPATH LOGIC | DATAPATH NET |
|       |       |                                                                                                                   |                                                                                                    |              |            |                |          DELAY |        DELAY |
+-------+-------+-------------------------------------------------------------------------------------------------------------------+----------------------------------------------------------------------------------------------------+--------------+------------+----------------+----------------+--------------+
| Path1 | 0.567 | FFT_DIT_spatial_unroll_CY_stream_vector_U0/FFT_stage_spatial_unroll_4_U0/zext_ln10_reg_733_pp0_iter2_reg_reg[0]/C | FFT_DIT_spatial_unroll_CY_stream_vector_U0/FFT_stage_spatial_unroll_4_U0/d1_imag_reg_836_reg[23]/D |            8 |         74 |          3.104 |          2.551 |        0.553 |
| Path2 | 0.567 | FFT_DIT_spatial_unroll_CY_stream_vector_U0/FFT_stage_spatial_unroll_4_U0/zext_ln10_reg_733_pp0_iter2_reg_reg[0]/C | FFT_DIT_spatial_unroll_CY_stream_vector_U0/FFT_stage_spatial_unroll_4_U0/d1_real_reg_831_reg[23]/D |            8 |         74 |          3.104 |          2.551 |        0.553 |
| Path3 | 0.569 | FFT_DIT_spatial_unroll_CY_stream_vector_U0/FFT_stage_spatial_unroll_4_U0/zext_ln10_reg_733_pp0_iter2_reg_reg[0]/C | FFT_DIT_spatial_unroll_CY_stream_vector_U0/FFT_stage_spatial_unroll_4_U0/d1_imag_reg_836_reg[25]/D |            8 |         74 |          3.102 |          2.551 |        0.551 |
| Path4 | 0.569 | FFT_DIT_spatial_unroll_CY_stream_vector_U0/FFT_stage_spatial_unroll_4_U0/zext_ln10_reg_733_pp0_iter2_reg_reg[0]/C | FFT_DIT_spatial_unroll_CY_stream_vector_U0/FFT_stage_spatial_unroll_4_U0/d1_real_reg_831_reg[25]/D |            8 |         74 |          3.102 |          2.551 |        0.551 |
| Path5 | 0.570 | FFT_DIT_spatial_unroll_CY_stream_vector_U0/FFT_stage_spatial_unroll_4_U0/zext_ln10_reg_733_pp0_iter2_reg_reg[0]/C | FFT_DIT_spatial_unroll_CY_stream_vector_U0/FFT_stage_spatial_unroll_4_U0/d1_imag_reg_836_reg[16]/D |            8 |         74 |          3.101 |          2.551 |        0.550 |
+-------+-------+-------------------------------------------------------------------------------------------------------------------+----------------------------------------------------------------------------------------------------+--------------+------------+----------------+----------------+--------------+

    +-----------------------------------------------------------------------------------------------------------------+------------------------+
    | Path1 Cells                                                                                                     | Primitive Type         |
    +-----------------------------------------------------------------------------------------------------------------+------------------------+
    | FFT_DIT_spatial_unroll_CY_stream_vector_U0/FFT_stage_spatial_unroll_4_U0/zext_ln10_reg_733_pp0_iter2_reg_reg[0] | REGISTER.SDR.FDRE      |
    | i_synth/UFMA_OP.OP/i_prim/DSP_FP_INREG_INST                                                                     | ARITHMETIC.DSP.DSPFP32 |
    | i_synth/UFMA_OP.OP/i_prim/DSP_FP_INMUX_INST                                                                     | ARITHMETIC.DSP.DSPFP32 |
    | i_synth/UFMA_OP.OP/i_prim/DSP_FPM_STAGE0_INST                                                                   | ARITHMETIC.DSP.DSPFP32 |
    | i_synth/UFMA_OP.OP/i_prim/DSP_FPM_PIPEREG_INST                                                                  | ARITHMETIC.DSP.DSPFP32 |
    | i_synth/UFMA_OP.OP/i_prim/DSP_FPM_STAGE1_INST                                                                   | ARITHMETIC.DSP.DSPFP32 |
    | i_synth/UFMA_OP.OP/i_prim/DSP_FP_OUTPUT_INST                                                                    | ARITHMETIC.DSP.DSPFP32 |
    | i_synth/UFMA_OP.OP/i_prim/DSP_FP_ADDER_INST                                                                     | ARITHMETIC.DSP.DSPFP32 |
    | FFT_DIT_spatial_unroll_CY_stream_vector_U0/FFT_stage_spatial_unroll_4_U0/d1_imag_reg_836_reg[23]                | REGISTER.SDR.FDRE      |
    | FFT_DIT_spatial_unroll_CY_stream_vector_U0/FFT_stage_spatial_unroll_4_U0/zext_ln10_reg_733_pp0_iter2_reg_reg[0] | REGISTER.SDR.FDRE      |
    | i_synth/UFMA_OP.OP/i_prim/DSP_FP_INREG_INST                                                                     | ARITHMETIC.DSP.DSPFP32 |
    | i_synth/UFMA_OP.OP/i_prim/DSP_FP_INMUX_INST                                                                     | ARITHMETIC.DSP.DSPFP32 |
    | i_synth/UFMA_OP.OP/i_prim/DSP_FPM_STAGE0_INST                                                                   | ARITHMETIC.DSP.DSPFP32 |
    | i_synth/UFMA_OP.OP/i_prim/DSP_FPM_PIPEREG_INST                                                                  | ARITHMETIC.DSP.DSPFP32 |
    | i_synth/UFMA_OP.OP/i_prim/DSP_FPM_STAGE1_INST                                                                   | ARITHMETIC.DSP.DSPFP32 |
    | i_synth/UFMA_OP.OP/i_prim/DSP_FP_OUTPUT_INST                                                                    | ARITHMETIC.DSP.DSPFP32 |
    | i_synth/UFMA_OP.OP/i_prim/DSP_FP_ADDER_INST                                                                     | ARITHMETIC.DSP.DSPFP32 |
    | FFT_DIT_spatial_unroll_CY_stream_vector_U0/FFT_stage_spatial_unroll_4_U0/d1_real_reg_831_reg[23]                | REGISTER.SDR.FDRE      |
    | FFT_DIT_spatial_unroll_CY_stream_vector_U0/FFT_stage_spatial_unroll_4_U0/zext_ln10_reg_733_pp0_iter2_reg_reg[0] | REGISTER.SDR.FDRE      |
    | i_synth/UFMA_OP.OP/i_prim/DSP_FP_INREG_INST                                                                     | ARITHMETIC.DSP.DSPFP32 |
    | i_synth/UFMA_OP.OP/i_prim/DSP_FP_INMUX_INST                                                                     | ARITHMETIC.DSP.DSPFP32 |
    | i_synth/UFMA_OP.OP/i_prim/DSP_FPM_STAGE0_INST                                                                   | ARITHMETIC.DSP.DSPFP32 |
    | i_synth/UFMA_OP.OP/i_prim/DSP_FPM_PIPEREG_INST                                                                  | ARITHMETIC.DSP.DSPFP32 |
    | i_synth/UFMA_OP.OP/i_prim/DSP_FPM_STAGE1_INST                                                                   | ARITHMETIC.DSP.DSPFP32 |
    | i_synth/UFMA_OP.OP/i_prim/DSP_FP_OUTPUT_INST                                                                    | ARITHMETIC.DSP.DSPFP32 |
    | i_synth/UFMA_OP.OP/i_prim/DSP_FP_ADDER_INST                                                                     | ARITHMETIC.DSP.DSPFP32 |
    | FFT_DIT_spatial_unroll_CY_stream_vector_U0/FFT_stage_spatial_unroll_4_U0/d1_imag_reg_836_reg[25]                | REGISTER.SDR.FDRE      |
    | FFT_DIT_spatial_unroll_CY_stream_vector_U0/FFT_stage_spatial_unroll_4_U0/zext_ln10_reg_733_pp0_iter2_reg_reg[0] | REGISTER.SDR.FDRE      |
    | i_synth/UFMA_OP.OP/i_prim/DSP_FP_INREG_INST                                                                     | ARITHMETIC.DSP.DSPFP32 |
    | i_synth/UFMA_OP.OP/i_prim/DSP_FP_INMUX_INST                                                                     | ARITHMETIC.DSP.DSPFP32 |
    | i_synth/UFMA_OP.OP/i_prim/DSP_FPM_STAGE0_INST                                                                   | ARITHMETIC.DSP.DSPFP32 |
    | i_synth/UFMA_OP.OP/i_prim/DSP_FPM_PIPEREG_INST                                                                  | ARITHMETIC.DSP.DSPFP32 |
    | i_synth/UFMA_OP.OP/i_prim/DSP_FPM_STAGE1_INST                                                                   | ARITHMETIC.DSP.DSPFP32 |
    | i_synth/UFMA_OP.OP/i_prim/DSP_FP_OUTPUT_INST                                                                    | ARITHMETIC.DSP.DSPFP32 |
    | i_synth/UFMA_OP.OP/i_prim/DSP_FP_ADDER_INST                                                                     | ARITHMETIC.DSP.DSPFP32 |
    | FFT_DIT_spatial_unroll_CY_stream_vector_U0/FFT_stage_spatial_unroll_4_U0/d1_real_reg_831_reg[25]                | REGISTER.SDR.FDRE      |
    | FFT_DIT_spatial_unroll_CY_stream_vector_U0/FFT_stage_spatial_unroll_4_U0/zext_ln10_reg_733_pp0_iter2_reg_reg[0] | REGISTER.SDR.FDRE      |
    | i_synth/UFMA_OP.OP/i_prim/DSP_FP_INREG_INST                                                                     | ARITHMETIC.DSP.DSPFP32 |
    | i_synth/UFMA_OP.OP/i_prim/DSP_FP_INMUX_INST                                                                     | ARITHMETIC.DSP.DSPFP32 |
    | i_synth/UFMA_OP.OP/i_prim/DSP_FPM_STAGE0_INST                                                                   | ARITHMETIC.DSP.DSPFP32 |
    | i_synth/UFMA_OP.OP/i_prim/DSP_FPM_PIPEREG_INST                                                                  | ARITHMETIC.DSP.DSPFP32 |
    | i_synth/UFMA_OP.OP/i_prim/DSP_FPM_STAGE1_INST                                                                   | ARITHMETIC.DSP.DSPFP32 |
    | i_synth/UFMA_OP.OP/i_prim/DSP_FP_OUTPUT_INST                                                                    | ARITHMETIC.DSP.DSPFP32 |
    | i_synth/UFMA_OP.OP/i_prim/DSP_FP_ADDER_INST                                                                     | ARITHMETIC.DSP.DSPFP32 |
    | FFT_DIT_spatial_unroll_CY_stream_vector_U0/FFT_stage_spatial_unroll_4_U0/d1_imag_reg_836_reg[16]                | REGISTER.SDR.FDRE      |
    +-----------------------------------------------------------------------------------------------------------------+------------------------+

    +-----------------------------------------------------------------------------------------------------------------+------------------------+
    | Path2 Cells                                                                                                     | Primitive Type         |
    +-----------------------------------------------------------------------------------------------------------------+------------------------+
    | FFT_DIT_spatial_unroll_CY_stream_vector_U0/FFT_stage_spatial_unroll_4_U0/zext_ln10_reg_733_pp0_iter2_reg_reg[0] | REGISTER.SDR.FDRE      |
    | i_synth/UFMA_OP.OP/i_prim/DSP_FP_INREG_INST                                                                     | ARITHMETIC.DSP.DSPFP32 |
    | i_synth/UFMA_OP.OP/i_prim/DSP_FP_INMUX_INST                                                                     | ARITHMETIC.DSP.DSPFP32 |
    | i_synth/UFMA_OP.OP/i_prim/DSP_FPM_STAGE0_INST                                                                   | ARITHMETIC.DSP.DSPFP32 |
    | i_synth/UFMA_OP.OP/i_prim/DSP_FPM_PIPEREG_INST                                                                  | ARITHMETIC.DSP.DSPFP32 |
    | i_synth/UFMA_OP.OP/i_prim/DSP_FPM_STAGE1_INST                                                                   | ARITHMETIC.DSP.DSPFP32 |
    | i_synth/UFMA_OP.OP/i_prim/DSP_FP_OUTPUT_INST                                                                    | ARITHMETIC.DSP.DSPFP32 |
    | i_synth/UFMA_OP.OP/i_prim/DSP_FP_ADDER_INST                                                                     | ARITHMETIC.DSP.DSPFP32 |
    | FFT_DIT_spatial_unroll_CY_stream_vector_U0/FFT_stage_spatial_unroll_4_U0/d1_imag_reg_836_reg[23]                | REGISTER.SDR.FDRE      |
    | FFT_DIT_spatial_unroll_CY_stream_vector_U0/FFT_stage_spatial_unroll_4_U0/zext_ln10_reg_733_pp0_iter2_reg_reg[0] | REGISTER.SDR.FDRE      |
    | i_synth/UFMA_OP.OP/i_prim/DSP_FP_INREG_INST                                                                     | ARITHMETIC.DSP.DSPFP32 |
    | i_synth/UFMA_OP.OP/i_prim/DSP_FP_INMUX_INST                                                                     | ARITHMETIC.DSP.DSPFP32 |
    | i_synth/UFMA_OP.OP/i_prim/DSP_FPM_STAGE0_INST                                                                   | ARITHMETIC.DSP.DSPFP32 |
    | i_synth/UFMA_OP.OP/i_prim/DSP_FPM_PIPEREG_INST                                                                  | ARITHMETIC.DSP.DSPFP32 |
    | i_synth/UFMA_OP.OP/i_prim/DSP_FPM_STAGE1_INST                                                                   | ARITHMETIC.DSP.DSPFP32 |
    | i_synth/UFMA_OP.OP/i_prim/DSP_FP_OUTPUT_INST                                                                    | ARITHMETIC.DSP.DSPFP32 |
    | i_synth/UFMA_OP.OP/i_prim/DSP_FP_ADDER_INST                                                                     | ARITHMETIC.DSP.DSPFP32 |
    | FFT_DIT_spatial_unroll_CY_stream_vector_U0/FFT_stage_spatial_unroll_4_U0/d1_real_reg_831_reg[23]                | REGISTER.SDR.FDRE      |
    | FFT_DIT_spatial_unroll_CY_stream_vector_U0/FFT_stage_spatial_unroll_4_U0/zext_ln10_reg_733_pp0_iter2_reg_reg[0] | REGISTER.SDR.FDRE      |
    | i_synth/UFMA_OP.OP/i_prim/DSP_FP_INREG_INST                                                                     | ARITHMETIC.DSP.DSPFP32 |
    | i_synth/UFMA_OP.OP/i_prim/DSP_FP_INMUX_INST                                                                     | ARITHMETIC.DSP.DSPFP32 |
    | i_synth/UFMA_OP.OP/i_prim/DSP_FPM_STAGE0_INST                                                                   | ARITHMETIC.DSP.DSPFP32 |
    | i_synth/UFMA_OP.OP/i_prim/DSP_FPM_PIPEREG_INST                                                                  | ARITHMETIC.DSP.DSPFP32 |
    | i_synth/UFMA_OP.OP/i_prim/DSP_FPM_STAGE1_INST                                                                   | ARITHMETIC.DSP.DSPFP32 |
    | i_synth/UFMA_OP.OP/i_prim/DSP_FP_OUTPUT_INST                                                                    | ARITHMETIC.DSP.DSPFP32 |
    | i_synth/UFMA_OP.OP/i_prim/DSP_FP_ADDER_INST                                                                     | ARITHMETIC.DSP.DSPFP32 |
    | FFT_DIT_spatial_unroll_CY_stream_vector_U0/FFT_stage_spatial_unroll_4_U0/d1_imag_reg_836_reg[25]                | REGISTER.SDR.FDRE      |
    | FFT_DIT_spatial_unroll_CY_stream_vector_U0/FFT_stage_spatial_unroll_4_U0/zext_ln10_reg_733_pp0_iter2_reg_reg[0] | REGISTER.SDR.FDRE      |
    | i_synth/UFMA_OP.OP/i_prim/DSP_FP_INREG_INST                                                                     | ARITHMETIC.DSP.DSPFP32 |
    | i_synth/UFMA_OP.OP/i_prim/DSP_FP_INMUX_INST                                                                     | ARITHMETIC.DSP.DSPFP32 |
    | i_synth/UFMA_OP.OP/i_prim/DSP_FPM_STAGE0_INST                                                                   | ARITHMETIC.DSP.DSPFP32 |
    | i_synth/UFMA_OP.OP/i_prim/DSP_FPM_PIPEREG_INST                                                                  | ARITHMETIC.DSP.DSPFP32 |
    | i_synth/UFMA_OP.OP/i_prim/DSP_FPM_STAGE1_INST                                                                   | ARITHMETIC.DSP.DSPFP32 |
    | i_synth/UFMA_OP.OP/i_prim/DSP_FP_OUTPUT_INST                                                                    | ARITHMETIC.DSP.DSPFP32 |
    | i_synth/UFMA_OP.OP/i_prim/DSP_FP_ADDER_INST                                                                     | ARITHMETIC.DSP.DSPFP32 |
    | FFT_DIT_spatial_unroll_CY_stream_vector_U0/FFT_stage_spatial_unroll_4_U0/d1_real_reg_831_reg[25]                | REGISTER.SDR.FDRE      |
    | FFT_DIT_spatial_unroll_CY_stream_vector_U0/FFT_stage_spatial_unroll_4_U0/zext_ln10_reg_733_pp0_iter2_reg_reg[0] | REGISTER.SDR.FDRE      |
    | i_synth/UFMA_OP.OP/i_prim/DSP_FP_INREG_INST                                                                     | ARITHMETIC.DSP.DSPFP32 |
    | i_synth/UFMA_OP.OP/i_prim/DSP_FP_INMUX_INST                                                                     | ARITHMETIC.DSP.DSPFP32 |
    | i_synth/UFMA_OP.OP/i_prim/DSP_FPM_STAGE0_INST                                                                   | ARITHMETIC.DSP.DSPFP32 |
    | i_synth/UFMA_OP.OP/i_prim/DSP_FPM_PIPEREG_INST                                                                  | ARITHMETIC.DSP.DSPFP32 |
    | i_synth/UFMA_OP.OP/i_prim/DSP_FPM_STAGE1_INST                                                                   | ARITHMETIC.DSP.DSPFP32 |
    | i_synth/UFMA_OP.OP/i_prim/DSP_FP_OUTPUT_INST                                                                    | ARITHMETIC.DSP.DSPFP32 |
    | i_synth/UFMA_OP.OP/i_prim/DSP_FP_ADDER_INST                                                                     | ARITHMETIC.DSP.DSPFP32 |
    | FFT_DIT_spatial_unroll_CY_stream_vector_U0/FFT_stage_spatial_unroll_4_U0/d1_imag_reg_836_reg[16]                | REGISTER.SDR.FDRE      |
    +-----------------------------------------------------------------------------------------------------------------+------------------------+

    +-----------------------------------------------------------------------------------------------------------------+------------------------+
    | Path3 Cells                                                                                                     | Primitive Type         |
    +-----------------------------------------------------------------------------------------------------------------+------------------------+
    | FFT_DIT_spatial_unroll_CY_stream_vector_U0/FFT_stage_spatial_unroll_4_U0/zext_ln10_reg_733_pp0_iter2_reg_reg[0] | REGISTER.SDR.FDRE      |
    | i_synth/UFMA_OP.OP/i_prim/DSP_FP_INREG_INST                                                                     | ARITHMETIC.DSP.DSPFP32 |
    | i_synth/UFMA_OP.OP/i_prim/DSP_FP_INMUX_INST                                                                     | ARITHMETIC.DSP.DSPFP32 |
    | i_synth/UFMA_OP.OP/i_prim/DSP_FPM_STAGE0_INST                                                                   | ARITHMETIC.DSP.DSPFP32 |
    | i_synth/UFMA_OP.OP/i_prim/DSP_FPM_PIPEREG_INST                                                                  | ARITHMETIC.DSP.DSPFP32 |
    | i_synth/UFMA_OP.OP/i_prim/DSP_FPM_STAGE1_INST                                                                   | ARITHMETIC.DSP.DSPFP32 |
    | i_synth/UFMA_OP.OP/i_prim/DSP_FP_OUTPUT_INST                                                                    | ARITHMETIC.DSP.DSPFP32 |
    | i_synth/UFMA_OP.OP/i_prim/DSP_FP_ADDER_INST                                                                     | ARITHMETIC.DSP.DSPFP32 |
    | FFT_DIT_spatial_unroll_CY_stream_vector_U0/FFT_stage_spatial_unroll_4_U0/d1_imag_reg_836_reg[23]                | REGISTER.SDR.FDRE      |
    | FFT_DIT_spatial_unroll_CY_stream_vector_U0/FFT_stage_spatial_unroll_4_U0/zext_ln10_reg_733_pp0_iter2_reg_reg[0] | REGISTER.SDR.FDRE      |
    | i_synth/UFMA_OP.OP/i_prim/DSP_FP_INREG_INST                                                                     | ARITHMETIC.DSP.DSPFP32 |
    | i_synth/UFMA_OP.OP/i_prim/DSP_FP_INMUX_INST                                                                     | ARITHMETIC.DSP.DSPFP32 |
    | i_synth/UFMA_OP.OP/i_prim/DSP_FPM_STAGE0_INST                                                                   | ARITHMETIC.DSP.DSPFP32 |
    | i_synth/UFMA_OP.OP/i_prim/DSP_FPM_PIPEREG_INST                                                                  | ARITHMETIC.DSP.DSPFP32 |
    | i_synth/UFMA_OP.OP/i_prim/DSP_FPM_STAGE1_INST                                                                   | ARITHMETIC.DSP.DSPFP32 |
    | i_synth/UFMA_OP.OP/i_prim/DSP_FP_OUTPUT_INST                                                                    | ARITHMETIC.DSP.DSPFP32 |
    | i_synth/UFMA_OP.OP/i_prim/DSP_FP_ADDER_INST                                                                     | ARITHMETIC.DSP.DSPFP32 |
    | FFT_DIT_spatial_unroll_CY_stream_vector_U0/FFT_stage_spatial_unroll_4_U0/d1_real_reg_831_reg[23]                | REGISTER.SDR.FDRE      |
    | FFT_DIT_spatial_unroll_CY_stream_vector_U0/FFT_stage_spatial_unroll_4_U0/zext_ln10_reg_733_pp0_iter2_reg_reg[0] | REGISTER.SDR.FDRE      |
    | i_synth/UFMA_OP.OP/i_prim/DSP_FP_INREG_INST                                                                     | ARITHMETIC.DSP.DSPFP32 |
    | i_synth/UFMA_OP.OP/i_prim/DSP_FP_INMUX_INST                                                                     | ARITHMETIC.DSP.DSPFP32 |
    | i_synth/UFMA_OP.OP/i_prim/DSP_FPM_STAGE0_INST                                                                   | ARITHMETIC.DSP.DSPFP32 |
    | i_synth/UFMA_OP.OP/i_prim/DSP_FPM_PIPEREG_INST                                                                  | ARITHMETIC.DSP.DSPFP32 |
    | i_synth/UFMA_OP.OP/i_prim/DSP_FPM_STAGE1_INST                                                                   | ARITHMETIC.DSP.DSPFP32 |
    | i_synth/UFMA_OP.OP/i_prim/DSP_FP_OUTPUT_INST                                                                    | ARITHMETIC.DSP.DSPFP32 |
    | i_synth/UFMA_OP.OP/i_prim/DSP_FP_ADDER_INST                                                                     | ARITHMETIC.DSP.DSPFP32 |
    | FFT_DIT_spatial_unroll_CY_stream_vector_U0/FFT_stage_spatial_unroll_4_U0/d1_imag_reg_836_reg[25]                | REGISTER.SDR.FDRE      |
    | FFT_DIT_spatial_unroll_CY_stream_vector_U0/FFT_stage_spatial_unroll_4_U0/zext_ln10_reg_733_pp0_iter2_reg_reg[0] | REGISTER.SDR.FDRE      |
    | i_synth/UFMA_OP.OP/i_prim/DSP_FP_INREG_INST                                                                     | ARITHMETIC.DSP.DSPFP32 |
    | i_synth/UFMA_OP.OP/i_prim/DSP_FP_INMUX_INST                                                                     | ARITHMETIC.DSP.DSPFP32 |
    | i_synth/UFMA_OP.OP/i_prim/DSP_FPM_STAGE0_INST                                                                   | ARITHMETIC.DSP.DSPFP32 |
    | i_synth/UFMA_OP.OP/i_prim/DSP_FPM_PIPEREG_INST                                                                  | ARITHMETIC.DSP.DSPFP32 |
    | i_synth/UFMA_OP.OP/i_prim/DSP_FPM_STAGE1_INST                                                                   | ARITHMETIC.DSP.DSPFP32 |
    | i_synth/UFMA_OP.OP/i_prim/DSP_FP_OUTPUT_INST                                                                    | ARITHMETIC.DSP.DSPFP32 |
    | i_synth/UFMA_OP.OP/i_prim/DSP_FP_ADDER_INST                                                                     | ARITHMETIC.DSP.DSPFP32 |
    | FFT_DIT_spatial_unroll_CY_stream_vector_U0/FFT_stage_spatial_unroll_4_U0/d1_real_reg_831_reg[25]                | REGISTER.SDR.FDRE      |
    | FFT_DIT_spatial_unroll_CY_stream_vector_U0/FFT_stage_spatial_unroll_4_U0/zext_ln10_reg_733_pp0_iter2_reg_reg[0] | REGISTER.SDR.FDRE      |
    | i_synth/UFMA_OP.OP/i_prim/DSP_FP_INREG_INST                                                                     | ARITHMETIC.DSP.DSPFP32 |
    | i_synth/UFMA_OP.OP/i_prim/DSP_FP_INMUX_INST                                                                     | ARITHMETIC.DSP.DSPFP32 |
    | i_synth/UFMA_OP.OP/i_prim/DSP_FPM_STAGE0_INST                                                                   | ARITHMETIC.DSP.DSPFP32 |
    | i_synth/UFMA_OP.OP/i_prim/DSP_FPM_PIPEREG_INST                                                                  | ARITHMETIC.DSP.DSPFP32 |
    | i_synth/UFMA_OP.OP/i_prim/DSP_FPM_STAGE1_INST                                                                   | ARITHMETIC.DSP.DSPFP32 |
    | i_synth/UFMA_OP.OP/i_prim/DSP_FP_OUTPUT_INST                                                                    | ARITHMETIC.DSP.DSPFP32 |
    | i_synth/UFMA_OP.OP/i_prim/DSP_FP_ADDER_INST                                                                     | ARITHMETIC.DSP.DSPFP32 |
    | FFT_DIT_spatial_unroll_CY_stream_vector_U0/FFT_stage_spatial_unroll_4_U0/d1_imag_reg_836_reg[16]                | REGISTER.SDR.FDRE      |
    +-----------------------------------------------------------------------------------------------------------------+------------------------+

    +-----------------------------------------------------------------------------------------------------------------+------------------------+
    | Path4 Cells                                                                                                     | Primitive Type         |
    +-----------------------------------------------------------------------------------------------------------------+------------------------+
    | FFT_DIT_spatial_unroll_CY_stream_vector_U0/FFT_stage_spatial_unroll_4_U0/zext_ln10_reg_733_pp0_iter2_reg_reg[0] | REGISTER.SDR.FDRE      |
    | i_synth/UFMA_OP.OP/i_prim/DSP_FP_INREG_INST                                                                     | ARITHMETIC.DSP.DSPFP32 |
    | i_synth/UFMA_OP.OP/i_prim/DSP_FP_INMUX_INST                                                                     | ARITHMETIC.DSP.DSPFP32 |
    | i_synth/UFMA_OP.OP/i_prim/DSP_FPM_STAGE0_INST                                                                   | ARITHMETIC.DSP.DSPFP32 |
    | i_synth/UFMA_OP.OP/i_prim/DSP_FPM_PIPEREG_INST                                                                  | ARITHMETIC.DSP.DSPFP32 |
    | i_synth/UFMA_OP.OP/i_prim/DSP_FPM_STAGE1_INST                                                                   | ARITHMETIC.DSP.DSPFP32 |
    | i_synth/UFMA_OP.OP/i_prim/DSP_FP_OUTPUT_INST                                                                    | ARITHMETIC.DSP.DSPFP32 |
    | i_synth/UFMA_OP.OP/i_prim/DSP_FP_ADDER_INST                                                                     | ARITHMETIC.DSP.DSPFP32 |
    | FFT_DIT_spatial_unroll_CY_stream_vector_U0/FFT_stage_spatial_unroll_4_U0/d1_imag_reg_836_reg[23]                | REGISTER.SDR.FDRE      |
    | FFT_DIT_spatial_unroll_CY_stream_vector_U0/FFT_stage_spatial_unroll_4_U0/zext_ln10_reg_733_pp0_iter2_reg_reg[0] | REGISTER.SDR.FDRE      |
    | i_synth/UFMA_OP.OP/i_prim/DSP_FP_INREG_INST                                                                     | ARITHMETIC.DSP.DSPFP32 |
    | i_synth/UFMA_OP.OP/i_prim/DSP_FP_INMUX_INST                                                                     | ARITHMETIC.DSP.DSPFP32 |
    | i_synth/UFMA_OP.OP/i_prim/DSP_FPM_STAGE0_INST                                                                   | ARITHMETIC.DSP.DSPFP32 |
    | i_synth/UFMA_OP.OP/i_prim/DSP_FPM_PIPEREG_INST                                                                  | ARITHMETIC.DSP.DSPFP32 |
    | i_synth/UFMA_OP.OP/i_prim/DSP_FPM_STAGE1_INST                                                                   | ARITHMETIC.DSP.DSPFP32 |
    | i_synth/UFMA_OP.OP/i_prim/DSP_FP_OUTPUT_INST                                                                    | ARITHMETIC.DSP.DSPFP32 |
    | i_synth/UFMA_OP.OP/i_prim/DSP_FP_ADDER_INST                                                                     | ARITHMETIC.DSP.DSPFP32 |
    | FFT_DIT_spatial_unroll_CY_stream_vector_U0/FFT_stage_spatial_unroll_4_U0/d1_real_reg_831_reg[23]                | REGISTER.SDR.FDRE      |
    | FFT_DIT_spatial_unroll_CY_stream_vector_U0/FFT_stage_spatial_unroll_4_U0/zext_ln10_reg_733_pp0_iter2_reg_reg[0] | REGISTER.SDR.FDRE      |
    | i_synth/UFMA_OP.OP/i_prim/DSP_FP_INREG_INST                                                                     | ARITHMETIC.DSP.DSPFP32 |
    | i_synth/UFMA_OP.OP/i_prim/DSP_FP_INMUX_INST                                                                     | ARITHMETIC.DSP.DSPFP32 |
    | i_synth/UFMA_OP.OP/i_prim/DSP_FPM_STAGE0_INST                                                                   | ARITHMETIC.DSP.DSPFP32 |
    | i_synth/UFMA_OP.OP/i_prim/DSP_FPM_PIPEREG_INST                                                                  | ARITHMETIC.DSP.DSPFP32 |
    | i_synth/UFMA_OP.OP/i_prim/DSP_FPM_STAGE1_INST                                                                   | ARITHMETIC.DSP.DSPFP32 |
    | i_synth/UFMA_OP.OP/i_prim/DSP_FP_OUTPUT_INST                                                                    | ARITHMETIC.DSP.DSPFP32 |
    | i_synth/UFMA_OP.OP/i_prim/DSP_FP_ADDER_INST                                                                     | ARITHMETIC.DSP.DSPFP32 |
    | FFT_DIT_spatial_unroll_CY_stream_vector_U0/FFT_stage_spatial_unroll_4_U0/d1_imag_reg_836_reg[25]                | REGISTER.SDR.FDRE      |
    | FFT_DIT_spatial_unroll_CY_stream_vector_U0/FFT_stage_spatial_unroll_4_U0/zext_ln10_reg_733_pp0_iter2_reg_reg[0] | REGISTER.SDR.FDRE      |
    | i_synth/UFMA_OP.OP/i_prim/DSP_FP_INREG_INST                                                                     | ARITHMETIC.DSP.DSPFP32 |
    | i_synth/UFMA_OP.OP/i_prim/DSP_FP_INMUX_INST                                                                     | ARITHMETIC.DSP.DSPFP32 |
    | i_synth/UFMA_OP.OP/i_prim/DSP_FPM_STAGE0_INST                                                                   | ARITHMETIC.DSP.DSPFP32 |
    | i_synth/UFMA_OP.OP/i_prim/DSP_FPM_PIPEREG_INST                                                                  | ARITHMETIC.DSP.DSPFP32 |
    | i_synth/UFMA_OP.OP/i_prim/DSP_FPM_STAGE1_INST                                                                   | ARITHMETIC.DSP.DSPFP32 |
    | i_synth/UFMA_OP.OP/i_prim/DSP_FP_OUTPUT_INST                                                                    | ARITHMETIC.DSP.DSPFP32 |
    | i_synth/UFMA_OP.OP/i_prim/DSP_FP_ADDER_INST                                                                     | ARITHMETIC.DSP.DSPFP32 |
    | FFT_DIT_spatial_unroll_CY_stream_vector_U0/FFT_stage_spatial_unroll_4_U0/d1_real_reg_831_reg[25]                | REGISTER.SDR.FDRE      |
    | FFT_DIT_spatial_unroll_CY_stream_vector_U0/FFT_stage_spatial_unroll_4_U0/zext_ln10_reg_733_pp0_iter2_reg_reg[0] | REGISTER.SDR.FDRE      |
    | i_synth/UFMA_OP.OP/i_prim/DSP_FP_INREG_INST                                                                     | ARITHMETIC.DSP.DSPFP32 |
    | i_synth/UFMA_OP.OP/i_prim/DSP_FP_INMUX_INST                                                                     | ARITHMETIC.DSP.DSPFP32 |
    | i_synth/UFMA_OP.OP/i_prim/DSP_FPM_STAGE0_INST                                                                   | ARITHMETIC.DSP.DSPFP32 |
    | i_synth/UFMA_OP.OP/i_prim/DSP_FPM_PIPEREG_INST                                                                  | ARITHMETIC.DSP.DSPFP32 |
    | i_synth/UFMA_OP.OP/i_prim/DSP_FPM_STAGE1_INST                                                                   | ARITHMETIC.DSP.DSPFP32 |
    | i_synth/UFMA_OP.OP/i_prim/DSP_FP_OUTPUT_INST                                                                    | ARITHMETIC.DSP.DSPFP32 |
    | i_synth/UFMA_OP.OP/i_prim/DSP_FP_ADDER_INST                                                                     | ARITHMETIC.DSP.DSPFP32 |
    | FFT_DIT_spatial_unroll_CY_stream_vector_U0/FFT_stage_spatial_unroll_4_U0/d1_imag_reg_836_reg[16]                | REGISTER.SDR.FDRE      |
    +-----------------------------------------------------------------------------------------------------------------+------------------------+

    +-----------------------------------------------------------------------------------------------------------------+------------------------+
    | Path5 Cells                                                                                                     | Primitive Type         |
    +-----------------------------------------------------------------------------------------------------------------+------------------------+
    | FFT_DIT_spatial_unroll_CY_stream_vector_U0/FFT_stage_spatial_unroll_4_U0/zext_ln10_reg_733_pp0_iter2_reg_reg[0] | REGISTER.SDR.FDRE      |
    | i_synth/UFMA_OP.OP/i_prim/DSP_FP_INREG_INST                                                                     | ARITHMETIC.DSP.DSPFP32 |
    | i_synth/UFMA_OP.OP/i_prim/DSP_FP_INMUX_INST                                                                     | ARITHMETIC.DSP.DSPFP32 |
    | i_synth/UFMA_OP.OP/i_prim/DSP_FPM_STAGE0_INST                                                                   | ARITHMETIC.DSP.DSPFP32 |
    | i_synth/UFMA_OP.OP/i_prim/DSP_FPM_PIPEREG_INST                                                                  | ARITHMETIC.DSP.DSPFP32 |
    | i_synth/UFMA_OP.OP/i_prim/DSP_FPM_STAGE1_INST                                                                   | ARITHMETIC.DSP.DSPFP32 |
    | i_synth/UFMA_OP.OP/i_prim/DSP_FP_OUTPUT_INST                                                                    | ARITHMETIC.DSP.DSPFP32 |
    | i_synth/UFMA_OP.OP/i_prim/DSP_FP_ADDER_INST                                                                     | ARITHMETIC.DSP.DSPFP32 |
    | FFT_DIT_spatial_unroll_CY_stream_vector_U0/FFT_stage_spatial_unroll_4_U0/d1_imag_reg_836_reg[23]                | REGISTER.SDR.FDRE      |
    | FFT_DIT_spatial_unroll_CY_stream_vector_U0/FFT_stage_spatial_unroll_4_U0/zext_ln10_reg_733_pp0_iter2_reg_reg[0] | REGISTER.SDR.FDRE      |
    | i_synth/UFMA_OP.OP/i_prim/DSP_FP_INREG_INST                                                                     | ARITHMETIC.DSP.DSPFP32 |
    | i_synth/UFMA_OP.OP/i_prim/DSP_FP_INMUX_INST                                                                     | ARITHMETIC.DSP.DSPFP32 |
    | i_synth/UFMA_OP.OP/i_prim/DSP_FPM_STAGE0_INST                                                                   | ARITHMETIC.DSP.DSPFP32 |
    | i_synth/UFMA_OP.OP/i_prim/DSP_FPM_PIPEREG_INST                                                                  | ARITHMETIC.DSP.DSPFP32 |
    | i_synth/UFMA_OP.OP/i_prim/DSP_FPM_STAGE1_INST                                                                   | ARITHMETIC.DSP.DSPFP32 |
    | i_synth/UFMA_OP.OP/i_prim/DSP_FP_OUTPUT_INST                                                                    | ARITHMETIC.DSP.DSPFP32 |
    | i_synth/UFMA_OP.OP/i_prim/DSP_FP_ADDER_INST                                                                     | ARITHMETIC.DSP.DSPFP32 |
    | FFT_DIT_spatial_unroll_CY_stream_vector_U0/FFT_stage_spatial_unroll_4_U0/d1_real_reg_831_reg[23]                | REGISTER.SDR.FDRE      |
    | FFT_DIT_spatial_unroll_CY_stream_vector_U0/FFT_stage_spatial_unroll_4_U0/zext_ln10_reg_733_pp0_iter2_reg_reg[0] | REGISTER.SDR.FDRE      |
    | i_synth/UFMA_OP.OP/i_prim/DSP_FP_INREG_INST                                                                     | ARITHMETIC.DSP.DSPFP32 |
    | i_synth/UFMA_OP.OP/i_prim/DSP_FP_INMUX_INST                                                                     | ARITHMETIC.DSP.DSPFP32 |
    | i_synth/UFMA_OP.OP/i_prim/DSP_FPM_STAGE0_INST                                                                   | ARITHMETIC.DSP.DSPFP32 |
    | i_synth/UFMA_OP.OP/i_prim/DSP_FPM_PIPEREG_INST                                                                  | ARITHMETIC.DSP.DSPFP32 |
    | i_synth/UFMA_OP.OP/i_prim/DSP_FPM_STAGE1_INST                                                                   | ARITHMETIC.DSP.DSPFP32 |
    | i_synth/UFMA_OP.OP/i_prim/DSP_FP_OUTPUT_INST                                                                    | ARITHMETIC.DSP.DSPFP32 |
    | i_synth/UFMA_OP.OP/i_prim/DSP_FP_ADDER_INST                                                                     | ARITHMETIC.DSP.DSPFP32 |
    | FFT_DIT_spatial_unroll_CY_stream_vector_U0/FFT_stage_spatial_unroll_4_U0/d1_imag_reg_836_reg[25]                | REGISTER.SDR.FDRE      |
    | FFT_DIT_spatial_unroll_CY_stream_vector_U0/FFT_stage_spatial_unroll_4_U0/zext_ln10_reg_733_pp0_iter2_reg_reg[0] | REGISTER.SDR.FDRE      |
    | i_synth/UFMA_OP.OP/i_prim/DSP_FP_INREG_INST                                                                     | ARITHMETIC.DSP.DSPFP32 |
    | i_synth/UFMA_OP.OP/i_prim/DSP_FP_INMUX_INST                                                                     | ARITHMETIC.DSP.DSPFP32 |
    | i_synth/UFMA_OP.OP/i_prim/DSP_FPM_STAGE0_INST                                                                   | ARITHMETIC.DSP.DSPFP32 |
    | i_synth/UFMA_OP.OP/i_prim/DSP_FPM_PIPEREG_INST                                                                  | ARITHMETIC.DSP.DSPFP32 |
    | i_synth/UFMA_OP.OP/i_prim/DSP_FPM_STAGE1_INST                                                                   | ARITHMETIC.DSP.DSPFP32 |
    | i_synth/UFMA_OP.OP/i_prim/DSP_FP_OUTPUT_INST                                                                    | ARITHMETIC.DSP.DSPFP32 |
    | i_synth/UFMA_OP.OP/i_prim/DSP_FP_ADDER_INST                                                                     | ARITHMETIC.DSP.DSPFP32 |
    | FFT_DIT_spatial_unroll_CY_stream_vector_U0/FFT_stage_spatial_unroll_4_U0/d1_real_reg_831_reg[25]                | REGISTER.SDR.FDRE      |
    | FFT_DIT_spatial_unroll_CY_stream_vector_U0/FFT_stage_spatial_unroll_4_U0/zext_ln10_reg_733_pp0_iter2_reg_reg[0] | REGISTER.SDR.FDRE      |
    | i_synth/UFMA_OP.OP/i_prim/DSP_FP_INREG_INST                                                                     | ARITHMETIC.DSP.DSPFP32 |
    | i_synth/UFMA_OP.OP/i_prim/DSP_FP_INMUX_INST                                                                     | ARITHMETIC.DSP.DSPFP32 |
    | i_synth/UFMA_OP.OP/i_prim/DSP_FPM_STAGE0_INST                                                                   | ARITHMETIC.DSP.DSPFP32 |
    | i_synth/UFMA_OP.OP/i_prim/DSP_FPM_PIPEREG_INST                                                                  | ARITHMETIC.DSP.DSPFP32 |
    | i_synth/UFMA_OP.OP/i_prim/DSP_FPM_STAGE1_INST                                                                   | ARITHMETIC.DSP.DSPFP32 |
    | i_synth/UFMA_OP.OP/i_prim/DSP_FP_OUTPUT_INST                                                                    | ARITHMETIC.DSP.DSPFP32 |
    | i_synth/UFMA_OP.OP/i_prim/DSP_FP_ADDER_INST                                                                     | ARITHMETIC.DSP.DSPFP32 |
    | FFT_DIT_spatial_unroll_CY_stream_vector_U0/FFT_stage_spatial_unroll_4_U0/d1_imag_reg_836_reg[16]                | REGISTER.SDR.FDRE      |
    +-----------------------------------------------------------------------------------------------------------------+------------------------+


================================================================
== RTL Synthesis Vivado Reports
================================================================
+--------------------------+----------------------------------------------------------------+
| Report Type              | Report Location                                                |
+--------------------------+----------------------------------------------------------------+
| design_analysis          | impl/verilog/report/FFT_TOP_design_analysis_synth.rpt          |
| failfast                 | impl/verilog/report/FFT_TOP_failfast_synth.rpt                 |
| power                    | impl/verilog/report/FFT_TOP_power_synth.rpt                    |
| timing                   | impl/verilog/report/FFT_TOP_timing_synth.rpt                   |
| timing_paths             | impl/verilog/report/FFT_TOP_timing_paths_synth.rpt             |
| utilization              | impl/verilog/report/FFT_TOP_utilization_synth.rpt              |
| utilization_hierarchical | impl/verilog/report/FFT_TOP_utilization_hierarchical_synth.rpt |
+--------------------------+----------------------------------------------------------------+


