INFO-FLOW: Workspace /scratch/juju/HP-FFT-HLS/n128/UF2/FFT_DIF_NR/FFT_DIF_NR opened at Wed Jul 16 19:04:20 PDT 2025
Execute       send_msg_by_id INFO @200-1505@%s%s default  vivado 
INFO: [HLS 200-1505] Using default flow_target 'vivado'
Execute     set_part xc7z020clg400-1 
INFO: [HLS 200-1510] Running: set_part xc7z020clg400-1 
Execute       create_platform xc7z020clg400-1 -board  
Execute       source /opt/xilinx/tools/Vitis/2024.2/common/technology/xilinx/common/xilinx.gen 
Execute         source /opt/xilinx/tools/Vitis/2024.2/common/technology/xilinx/interface/plb46.gen 
Execute         source /opt/xilinx/tools/Vitis/2024.2/common/technology/xilinx/interface/axi4.gen 
Execute         source /opt/xilinx/tools/Vitis/2024.2/common/technology/xilinx/interface/nativeAXI4.gen 
Execute           source /opt/xilinx/tools/Vitis/2024.2/common/technology/xilinx/interface/saxilite.gen 
Execute         source /opt/xilinx/tools/Vitis/2024.2/common/technology/xilinx/scripts/xilinxcoregen.gen 
Execute         source /opt/xilinx/tools/Vitis/2024.2/common/technology/xilinx/interface/XilEDKCoreGen.gen 
Execute         source /opt/xilinx/tools/Vitis/2024.2/common/technology/xilinx/ip/util.gen 
Execute         source /opt/xilinx/tools/Vitis/2024.2/common/technology/xilinx/ip/xfft.gen 
Execute         source /opt/xilinx/tools/Vitis/2024.2/common/technology/xilinx/ip/xfir.gen 
Execute         source /opt/xilinx/tools/Vitis/2024.2/common/technology/xilinx/ip/dds_compiler.gen 
Execute         source /opt/xilinx/tools/Vitis/2024.2/common/technology/xilinx/DSP48/dsp48.gen 
Execute       ap_part_info -name xc7z020-clg400-1 -data info 
Execute       config_compile -quiet -complex-mul-dsp=0 
Command     set_part done; 0.17 sec.
Execute     set_top FFT_DIF_NR 
INFO: [HLS 200-1510] Running: set_top FFT_DIF_NR 
Execute     config_compile -unsafe_math_optimizations 
INFO: [HLS 200-1510] Running: config_compile -unsafe_math_optimizations 
INFO: [XFORM 203-1172] Optimizing floating point zeros and discarding its signedness.
INFO: [XFORM 203-1176] Optimizing floating point comparison without checking NaN.
INFO: [XFORM 203-1173] Reordering floating point operations aggressively.
Execute     source ../../common.tcl 
INFO: [HLS 200-1510] Running: source ../../common.tcl
Execute       create_clock -period 4.0 
INFO: [HLS 200-1510] Running: create_clock -period 4.0 
Execute         ap_set_clock -name default -period 4 -unit ns -default=false 
INFO: [SYN 201-201] Setting up clock 'default' with a period of 4ns.
Execute       config_compile -unsafe_math_optimizations 
INFO: [HLS 200-1510] Running: config_compile -unsafe_math_optimizations 
INFO: [XFORM 203-1172] Optimizing floating point zeros and discarding its signedness.
INFO: [XFORM 203-1176] Optimizing floating point comparison without checking NaN.
INFO: [XFORM 203-1173] Reordering floating point operations aggressively.
Execute     csynth_design 
INFO: [HLS 200-1510] Running: csynth_design 
Execute       ::AP::init_summary_file csynth 
INFO-FLOW: Running SLX 'csynth' proc: ::SLX::run_csynth
Execute       elaborate -effort=medium -skip_syncheck=0 -keep_printf=0 -skip_cdt=0 -skip_transform=0 -ng=0 -g=0 -opt_fp=0 -from_csynth_design=1 
INFO: [HLS 200-111] Finished File checks and directory preparation: CPU user time: 0.05 seconds. CPU system time: 0.01 seconds. Elapsed time: 0.05 seconds; current allocated memory: 977.945 MB.
Execute         set_directive_top FFT_DIF_NR -name=FFT_DIF_NR 
INFO: [HLS 200-10] Analyzing design file 'FFT.cpp' ... 
INFO-FLOW: Compiling one TU...
INFO-FLOW: Handling FFT.cpp as C++
Execute         ap_part_info -name xc7z020-clg400-1 -data info 
INFO-FLOW: Running: GCC PP 39
INFO-FLOW: Source preprocessing
INFO-FLOW: run_clang exec: /opt/xilinx/tools/Vitis/2024.2/lnx64/tools/clang-3.9-csynth/bin/clang FFT.cpp -foptimization-record-file=/scratch/juju/HP-FFT-HLS/n128/UF2/FFT_DIF_NR/FFT_DIF_NR/.autopilot/db/FFT.cpp.clang.diag.yml -mllvm -pass-remarks-missed=reflow|pasta|unroll|inline -mllvm -pass-remarks=reflow|pasta|unroll|inline -fno-limit-debug-info --gcc-toolchain=/opt/xilinx/tools/Vitis/2024.2/tps/lnx64/gcc-8.3.0 -fhls -fno-exceptions -insert-hls-directive=/scratch/juju/HP-FFT-HLS/n128/UF2/FFT_DIF_NR/FFT_DIF_NR/.autopilot/db/all.directive.json -E -fno-math-errno -c -emit-llvm -mllvm -disable-llvm-optzns -Werror=implicit-function-declaration -Werror=implicit-hls-streams -Werror=return-type -Wpragmas -Wunused-parameter -Wdump-hls-pragmas -Wno-error=dump-hls-pragmas -hls-clock-period=4 -fno-threadsafe-statics -fno-use-cxa-atexit -std=gnu++14 -target fpga64-xilinx-linux-gnu -fno-threadsafe-statics -fno-use-cxa-atexit -D__VITIS_HLS__ -DAESL_SYN -D__SYNTHESIS__ -D__HLS_SYN__ -I /opt/xilinx/tools/Vitis/2024.2/common/technology/autopilot -I /opt/xilinx/tools/Vitis/2024.2/common/technology/autopilot/ap_sysc -include etc/autopilot_ssdm_op.h -D__DSP48E1__ -I /usr/include/x86_64-linux-gnu -o /scratch/juju/HP-FFT-HLS/n128/UF2/FFT_DIF_NR/FFT_DIF_NR/.autopilot/db/FFT.pp.0.cpp -hls-platform-db-name=/opt/xilinx/tools/Vitis/2024.2/common/technology/xilinx/common/platform.db -hls-platform-name=zynq_slow -device-resource-info=BRAM_280.000000_DSP_220.000000_FF_106400.000000_LUT_53200.000000_SLICE_13300.000000_URAM_0.000000 -device-name-info=xc7z020clg400-1 > /scratch/juju/HP-FFT-HLS/n128/UF2/FFT_DIF_NR/FFT_DIF_NR/.autopilot/db/FFT.cpp.clang.out.log 2> /scratch/juju/HP-FFT-HLS/n128/UF2/FFT_DIF_NR/FFT_DIF_NR/.autopilot/db/FFT.cpp.clang.err.log
INFO-FLOW: Done: GCC PP 39 time: 0.3 seconds per iteration
INFO-FLOW: Source syntax check for synthesis
INFO-FLOW: run_clang exec: /opt/xilinx/tools/Vitis/2024.2/lnx64/tools/clang-3.9-csynth/bin/clang -foptimization-record-file=/scratch/juju/HP-FFT-HLS/n128/UF2/FFT_DIF_NR/FFT_DIF_NR/.autopilot/db/clang.diag.yml -mllvm -pass-remarks-missed=reflow|pasta|unroll|inline -mllvm -pass-remarks=reflow|pasta|unroll|inline -fsyntax-only -fhls -target fpga64-xilinx-linux-gnu /scratch/juju/HP-FFT-HLS/n128/UF2/FFT_DIF_NR/FFT_DIF_NR/.autopilot/db/FFT.pp.0.cpp -hls-platform-db-name=/opt/xilinx/tools/Vitis/2024.2/common/technology/xilinx/common/platform.db -hls-platform-name=zynq_slow -device-resource-info=BRAM_280.000000_DSP_220.000000_FF_106400.000000_LUT_53200.000000_SLICE_13300.000000_URAM_0.000000 -device-name-info=xc7z020clg400-1 > /scratch/juju/HP-FFT-HLS/n128/UF2/FFT_DIF_NR/FFT_DIF_NR/.autopilot/db/clang.out.log 2> /scratch/juju/HP-FFT-HLS/n128/UF2/FFT_DIF_NR/FFT_DIF_NR/.autopilot/db/clang.err.log
WARNING: [HLS 207-5577] Unroll pragma is ignored, because 'factor' is not positive integer  (FFT.cpp:382:27)
INFO: [HLS 207-4235] in instantiation of function template specialization 'FFT_stage_spatial_unroll<3>' requested here (FFT.cpp:584:5)
INFO: [HLS 207-4235] in instantiation of function template specialization 'FFT_stage_spatial_unroll<4>' requested here (FFT.cpp:585:5)
INFO: [HLS 207-4235] in instantiation of function template specialization 'FFT_stage_spatial_unroll<5>' requested here (FFT.cpp:586:5)
INFO: [HLS 207-4235] in instantiation of function template specialization 'FFT_stage_spatial_unroll<6>' requested here (FFT.cpp:587:5)
INFO: [HLS 207-4235] in instantiation of function template specialization 'FFT_stage_spatial_unroll<7>' requested here (FFT.cpp:588:5)
Execute         clang_tidy xilinx-systemc-detector -desc systemc-detector /scratch/juju/HP-FFT-HLS/n128/UF2/FFT_DIF_NR/FFT_DIF_NR/.autopilot/db/FFT.pp.0.cpp std=gnu++14 -target fpga  -directive=/scratch/juju/HP-FFT-HLS/n128/UF2/FFT_DIF_NR/FFT_DIF_NR/.autopilot/db/.systemc_flag 
INFO-FLOW: exec /opt/xilinx/tools/Vitis/2024.2/lnx64/tools/clang-3.9-csynth/bin/clang-tidy -header-filter=.* --checks=-*,xilinx-systemc-detector -import-directive=/scratch/juju/HP-FFT-HLS/n128/UF2/FFT_DIF_NR/FFT_DIF_NR/.autopilot/db/.systemc_flag -fix-errors /scratch/juju/HP-FFT-HLS/n128/UF2/FFT_DIF_NR/FFT_DIF_NR/.autopilot/db/FFT.pp.0.cpp -- -std=gnu++14 -target fpga -fhls -ferror-limit=0
Command         clang_tidy done; 0.48 sec.
INFO-FLOW: Running: clang-tidy CDT preprocess 39
Execute         clang_tidy xilinx-directive2pragma -desc directive2pragma /scratch/juju/HP-FFT-HLS/n128/UF2/FFT_DIF_NR/FFT_DIF_NR/.autopilot/db/FFT.pp.0.cpp std=gnu++14 -target fpga  -directive=/scratch/juju/HP-FFT-HLS/n128/UF2/FFT_DIF_NR/FFT_DIF_NR/.autopilot/db/all.directive.json 
INFO-FLOW: exec /opt/xilinx/tools/Vitis/2024.2/lnx64/tools/clang-3.9-csynth/bin/clang-tidy -header-filter=.* --checks=-*,xilinx-directive2pragma -import-directive=/scratch/juju/HP-FFT-HLS/n128/UF2/FFT_DIF_NR/FFT_DIF_NR/.autopilot/db/all.directive.json -fix-errors /scratch/juju/HP-FFT-HLS/n128/UF2/FFT_DIF_NR/FFT_DIF_NR/.autopilot/db/FFT.pp.0.cpp -- -std=gnu++14 -target fpga -fhls -ferror-limit=0
Command         clang_tidy done; 0.79 sec.
INFO-FLOW: Done: clang-tidy CDT preprocess 39 time: 0.8 seconds per iteration
INFO-FLOW: Calling xilinx-label-all-loops ... 
INFO-FLOW: Calling xilinx-aggregate-on-hls-vector ... 
Execute         clang_tidy -errorcheck -desc loop-label xilinx-label-all-loops,xilinx-aggregate-on-hls-vector,,xilinx-warn-mayneed-no-ctor-attribute /scratch/juju/HP-FFT-HLS/n128/UF2/FFT_DIF_NR/FFT_DIF_NR/.autopilot/db/FFT.pp.0.cpp std=gnu++14 -target fpga  
INFO-FLOW: run_clang exec: /opt/xilinx/tools/Vitis/2024.2/lnx64/tools/clang-3.9-csynth/bin/clang-tidy -export-fixes=/scratch/juju/HP-FFT-HLS/n128/UF2/FFT_DIF_NR/FFT_DIF_NR/.autopilot/db/FFT.pp.0.cpp.clang-tidy.loop-label.diag.yml -header-filter=.* --checks=-*,xilinx-label-all-loops,xilinx-aggregate-on-hls-vector,,xilinx-warn-mayneed-no-ctor-attribute -fix-errors /scratch/juju/HP-FFT-HLS/n128/UF2/FFT_DIF_NR/FFT_DIF_NR/.autopilot/db/FFT.pp.0.cpp -- -std=gnu++14 -target fpga -fhls -ferror-limit=0 > /scratch/juju/HP-FFT-HLS/n128/UF2/FFT_DIF_NR/FFT_DIF_NR/.autopilot/db/FFT.pp.0.cpp.clang-tidy.loop-label.out.log 2> /scratch/juju/HP-FFT-HLS/n128/UF2/FFT_DIF_NR/FFT_DIF_NR/.autopilot/db/FFT.pp.0.cpp.clang-tidy.loop-label.err.log
Command         clang_tidy done; 1.45 sec.
INFO-FLOW: run_clang exec: /opt/xilinx/tools/Vitis/2024.2/lnx64/tools/clang-3.9-csynth/bin/xilinx-dataflow-lawyer -export-fixes=/scratch/juju/HP-FFT-HLS/n128/UF2/FFT_DIF_NR/FFT_DIF_NR/.autopilot/db/FFT.pp.0.cpp.xilinx-dataflow-lawyer.diag.yml /scratch/juju/HP-FFT-HLS/n128/UF2/FFT_DIF_NR/FFT_DIF_NR/.autopilot/db/FFT.pp.0.cpp -- -std=gnu++14 -target fpga -fhls -ferror-limit=0 -fstrict-dataflow > /scratch/juju/HP-FFT-HLS/n128/UF2/FFT_DIF_NR/FFT_DIF_NR/.autopilot/db/FFT.pp.0.cpp.xilinx-dataflow-lawyer.out.log 2> /scratch/juju/HP-FFT-HLS/n128/UF2/FFT_DIF_NR/FFT_DIF_NR/.autopilot/db/FFT.pp.0.cpp.xilinx-dataflow-lawyer.err.log
WARNING: [HLS 214-111] Static scalars and arrays declared inside a dataflow region will be treated like local variables (FFT.cpp:234:27)
WARNING: [HLS 214-111] Static scalars and arrays declared inside a dataflow region will be treated like local variables (FFT.cpp:236:27)
WARNING: [HLS 214-114] Since the only kind of statements allowed in a canonical dataflow region are variable declarations and function calls, the compiler may not be able to correctly handle the region (FFT.cpp:245:9)
WARNING: [HLS 214-114] Since the only kind of statements allowed in a canonical dataflow region are variable declarations and function calls, the compiler may not be able to correctly handle the region (FFT.cpp:494:9)
WARNING: [HLS 214-111] Static scalars and arrays declared inside a dataflow region will be treated like local variables (FFT.cpp:556:24)
WARNING: [HLS 214-111] Static scalars and arrays declared inside a dataflow region will be treated like local variables (FFT.cpp:557:27)
WARNING: [HLS 214-111] Static scalars and arrays declared inside a dataflow region will be treated like local variables (FFT.cpp:558:27)
WARNING: [HLS 214-111] Static scalars and arrays declared inside a dataflow region will be treated like local variables (FFT.cpp:559:27)
WARNING: [HLS 214-111] Static scalars and arrays declared inside a dataflow region will be treated like local variables (FFT.cpp:560:27)
WARNING: [HLS 214-111] Static scalars and arrays declared inside a dataflow region will be treated like local variables (FFT.cpp:561:27)
WARNING: [HLS 214-111] Static scalars and arrays declared inside a dataflow region will be treated like local variables (FFT.cpp:605:24)
WARNING: [HLS 214-111] Static scalars and arrays declared inside a dataflow region will be treated like local variables (FFT.cpp:606:27)
WARNING: [HLS 214-111] Static scalars and arrays declared inside a dataflow region will be treated like local variables (FFT.cpp:607:27)
WARNING: [HLS 214-111] Static scalars and arrays declared inside a dataflow region will be treated like local variables (FFT.cpp:608:27)
WARNING: [HLS 214-111] Static scalars and arrays declared inside a dataflow region will be treated like local variables (FFT.cpp:609:27)
WARNING: [HLS 214-111] Static scalars and arrays declared inside a dataflow region will be treated like local variables (FFT.cpp:610:27)
WARNING: [HLS 214-114] Since the only kind of statements allowed in a canonical dataflow region are variable declarations and function calls, the compiler may not be able to correctly handle the region (FFT.cpp:644:9)
WARNING: [HLS 214-114] Since the only kind of statements allowed in a canonical dataflow region are variable declarations and function calls, the compiler may not be able to correctly handle the region (FFT.cpp:669:9)
WARNING: [HLS 214-169] There are a total of 4 such instances of non-canonical statements in the dataflow region (FFT.cpp:669:9)
Execute         send_msg_by_id WARNING @200-471@%s%s 19 FFT.cpp 
WARNING: [HLS 200-471] Dataflow form checks found 19 issue(s) in file FFT.cpp
Execute         ap_part_info -name xc7z020-clg400-1 -data info 
INFO-FLOW: compiling source code to llvm bc
INFO-FLOW: run_clang exec: /opt/xilinx/tools/Vitis/2024.2/lnx64/tools/clang-3.9-csynth/bin/clang -foptimization-record-file=/scratch/juju/HP-FFT-HLS/n128/UF2/FFT_DIF_NR/FFT_DIF_NR/.autopilot/db/FFT.pp.0.cpp.clang.diag.yml -mllvm -pass-remarks-missed=reflow|pasta|unroll|inline -mllvm -pass-remarks=reflow|pasta|unroll|inline -fno-limit-debug-info -fhls -flto -fno-exceptions -Wno-error=c++11-narrowing -hls-emit-hint-scope /scratch/juju/HP-FFT-HLS/n128/UF2/FFT_DIF_NR/FFT_DIF_NR/.autopilot/db/FFT.pp.0.cpp -fno-math-errno -c -emit-llvm -mllvm -disable-llvm-optzns -Werror=implicit-function-declaration -Werror=implicit-hls-streams -Werror=return-type -Wpragmas -Wunused-parameter -Wdump-hls-pragmas -Wno-error=dump-hls-pragmas -hls-clock-period=4 -fno-threadsafe-statics -fno-use-cxa-atexit -std=gnu++14 -target fpga64-xilinx-linux-gnu -D__VITIS_HLS__ -DAESL_SYN -D__SYNTHESIS__ -D__HLS_SYN__ -I /opt/xilinx/tools/Vitis/2024.2/common/technology/autopilot -I /opt/xilinx/tools/Vitis/2024.2/common/technology/autopilot/ap_sysc -include etc/autopilot_ssdm_op.h -D__DSP48E1__ -g -o /scratch/juju/HP-FFT-HLS/n128/UF2/FFT_DIF_NR/FFT_DIF_NR/.autopilot/db/FFT.bc -hls-platform-db-name=/opt/xilinx/tools/Vitis/2024.2/common/technology/xilinx/common/platform.db -hls-platform-name=zynq_slow -device-resource-info=BRAM_280.000000_DSP_220.000000_FF_106400.000000_LUT_53200.000000_SLICE_13300.000000_URAM_0.000000 -device-name-info=xc7z020clg400-1 > /scratch/juju/HP-FFT-HLS/n128/UF2/FFT_DIF_NR/FFT_DIF_NR/.autopilot/db/FFT.pp.0.cpp.clang.out.log 2> /scratch/juju/HP-FFT-HLS/n128/UF2/FFT_DIF_NR/FFT_DIF_NR/.autopilot/db/FFT.pp.0.cpp.clang.err.log
WARNING: [HLS 207-5292] unused parameter 'data_type' (/opt/xilinx/tools/Vitis/2024.2/common/technology/autopilot/hls_fft.h:113:72)
WARNING: [HLS 207-5292] unused parameter 'cp_len_enable' (/opt/xilinx/tools/Vitis/2024.2/common/technology/autopilot/hls_fft.h:137:61)
WARNING: [HLS 207-5292] unused parameter 'scaling_opt' (/opt/xilinx/tools/Vitis/2024.2/common/technology/autopilot/hls_fft.h:150:63)
WARNING: [HLS 207-5292] unused parameter 'scaling_opt' (/opt/xilinx/tools/Vitis/2024.2/common/technology/autopilot/hls_fft.h:327:66)
WARNING: [HLS 207-5292] unused parameter 'has_ovflo' (/opt/xilinx/tools/Vitis/2024.2/common/technology/autopilot/hls_fft.h:340:61)
WARNING: [HLS 207-5292] unused parameter 'in' (/opt/xilinx/tools/Vitis/2024.2/common/technology/autopilot/hls_fft.h:2027:45)
WARNING: [HLS 207-5292] unused parameter 'out' (/opt/xilinx/tools/Vitis/2024.2/common/technology/autopilot/hls_fft.h:2028:45)
WARNING: [HLS 207-1017] unknown pragma ignored (FFT.cpp:87:9)
WARNING: [HLS 207-1017] unknown pragma ignored (FFT.cpp:127:9)
WARNING: [HLS 207-1017] unknown pragma ignored (FFT.cpp:215:9)
WARNING: [HLS 207-5292] unused parameter 'dataIn' (FFT.cpp:596:53)
INFO: [HLS 200-10] Analyzing design file 'testbench.cpp' ... 
INFO-FLOW: Compiling one TU...
INFO-FLOW: Handling testbench.cpp as C++
Execute         ap_part_info -name xc7z020-clg400-1 -data info 
INFO-FLOW: Running: GCC PP 39
INFO-FLOW: Source preprocessing
INFO-FLOW: run_clang exec: /opt/xilinx/tools/Vitis/2024.2/lnx64/tools/clang-3.9-csynth/bin/clang testbench.cpp -foptimization-record-file=/scratch/juju/HP-FFT-HLS/n128/UF2/FFT_DIF_NR/FFT_DIF_NR/.autopilot/db/testbench.cpp.clang.diag.yml -mllvm -pass-remarks-missed=reflow|pasta|unroll|inline -mllvm -pass-remarks=reflow|pasta|unroll|inline -fno-limit-debug-info --gcc-toolchain=/opt/xilinx/tools/Vitis/2024.2/tps/lnx64/gcc-8.3.0 -fhls -fno-exceptions -insert-hls-directive=/scratch/juju/HP-FFT-HLS/n128/UF2/FFT_DIF_NR/FFT_DIF_NR/.autopilot/db/all.directive.json -E -fno-math-errno -c -emit-llvm -mllvm -disable-llvm-optzns -Werror=implicit-function-declaration -Werror=implicit-hls-streams -Werror=return-type -Wpragmas -Wunused-parameter -Wdump-hls-pragmas -Wno-error=dump-hls-pragmas -hls-clock-period=4 -fno-threadsafe-statics -fno-use-cxa-atexit -std=gnu++14 -target fpga64-xilinx-linux-gnu -fno-threadsafe-statics -fno-use-cxa-atexit -D__VITIS_HLS__ -DAESL_SYN -D__SYNTHESIS__ -D__HLS_SYN__ -I /opt/xilinx/tools/Vitis/2024.2/common/technology/autopilot -I /opt/xilinx/tools/Vitis/2024.2/common/technology/autopilot/ap_sysc -include etc/autopilot_ssdm_op.h -D__DSP48E1__ -I /usr/include/x86_64-linux-gnu -o /scratch/juju/HP-FFT-HLS/n128/UF2/FFT_DIF_NR/FFT_DIF_NR/.autopilot/db/testbench.pp.0.cpp -hls-platform-db-name=/opt/xilinx/tools/Vitis/2024.2/common/technology/xilinx/common/platform.db -hls-platform-name=zynq_slow -device-resource-info=BRAM_280.000000_DSP_220.000000_FF_106400.000000_LUT_53200.000000_SLICE_13300.000000_URAM_0.000000 -device-name-info=xc7z020clg400-1 > /scratch/juju/HP-FFT-HLS/n128/UF2/FFT_DIF_NR/FFT_DIF_NR/.autopilot/db/testbench.cpp.clang.out.log 2> /scratch/juju/HP-FFT-HLS/n128/UF2/FFT_DIF_NR/FFT_DIF_NR/.autopilot/db/testbench.cpp.clang.err.log
INFO-FLOW: Done: GCC PP 39 time: 0.2 seconds per iteration
INFO-FLOW: Source syntax check for synthesis
INFO-FLOW: run_clang exec: /opt/xilinx/tools/Vitis/2024.2/lnx64/tools/clang-3.9-csynth/bin/clang -foptimization-record-file=/scratch/juju/HP-FFT-HLS/n128/UF2/FFT_DIF_NR/FFT_DIF_NR/.autopilot/db/clang.diag.yml -mllvm -pass-remarks-missed=reflow|pasta|unroll|inline -mllvm -pass-remarks=reflow|pasta|unroll|inline -fsyntax-only -fhls -target fpga64-xilinx-linux-gnu /scratch/juju/HP-FFT-HLS/n128/UF2/FFT_DIF_NR/FFT_DIF_NR/.autopilot/db/testbench.pp.0.cpp -hls-platform-db-name=/opt/xilinx/tools/Vitis/2024.2/common/technology/xilinx/common/platform.db -hls-platform-name=zynq_slow -device-resource-info=BRAM_280.000000_DSP_220.000000_FF_106400.000000_LUT_53200.000000_SLICE_13300.000000_URAM_0.000000 -device-name-info=xc7z020clg400-1 > /scratch/juju/HP-FFT-HLS/n128/UF2/FFT_DIF_NR/FFT_DIF_NR/.autopilot/db/clang.out.log 2> /scratch/juju/HP-FFT-HLS/n128/UF2/FFT_DIF_NR/FFT_DIF_NR/.autopilot/db/clang.err.log
Execute         clang_tidy xilinx-systemc-detector -desc systemc-detector /scratch/juju/HP-FFT-HLS/n128/UF2/FFT_DIF_NR/FFT_DIF_NR/.autopilot/db/testbench.pp.0.cpp std=gnu++14 -target fpga  -directive=/scratch/juju/HP-FFT-HLS/n128/UF2/FFT_DIF_NR/FFT_DIF_NR/.autopilot/db/.systemc_flag 
INFO-FLOW: exec /opt/xilinx/tools/Vitis/2024.2/lnx64/tools/clang-3.9-csynth/bin/clang-tidy -header-filter=.* --checks=-*,xilinx-systemc-detector -import-directive=/scratch/juju/HP-FFT-HLS/n128/UF2/FFT_DIF_NR/FFT_DIF_NR/.autopilot/db/.systemc_flag -fix-errors /scratch/juju/HP-FFT-HLS/n128/UF2/FFT_DIF_NR/FFT_DIF_NR/.autopilot/db/testbench.pp.0.cpp -- -std=gnu++14 -target fpga -fhls -ferror-limit=0
Command         clang_tidy done; 0.45 sec.
INFO-FLOW: Running: clang-tidy CDT preprocess 39
Execute         clang_tidy xilinx-directive2pragma -desc directive2pragma /scratch/juju/HP-FFT-HLS/n128/UF2/FFT_DIF_NR/FFT_DIF_NR/.autopilot/db/testbench.pp.0.cpp std=gnu++14 -target fpga  -directive=/scratch/juju/HP-FFT-HLS/n128/UF2/FFT_DIF_NR/FFT_DIF_NR/.autopilot/db/all.directive.json 
INFO-FLOW: exec /opt/xilinx/tools/Vitis/2024.2/lnx64/tools/clang-3.9-csynth/bin/clang-tidy -header-filter=.* --checks=-*,xilinx-directive2pragma -import-directive=/scratch/juju/HP-FFT-HLS/n128/UF2/FFT_DIF_NR/FFT_DIF_NR/.autopilot/db/all.directive.json -fix-errors /scratch/juju/HP-FFT-HLS/n128/UF2/FFT_DIF_NR/FFT_DIF_NR/.autopilot/db/testbench.pp.0.cpp -- -std=gnu++14 -target fpga -fhls -ferror-limit=0
Command         clang_tidy done; 0.44 sec.
INFO-FLOW: Done: clang-tidy CDT preprocess 39 time: 0.4 seconds per iteration
INFO-FLOW: Calling xilinx-label-all-loops ... 
INFO-FLOW: Calling xilinx-aggregate-on-hls-vector ... 
Execute         clang_tidy -errorcheck -desc loop-label xilinx-label-all-loops,xilinx-aggregate-on-hls-vector,,xilinx-warn-mayneed-no-ctor-attribute /scratch/juju/HP-FFT-HLS/n128/UF2/FFT_DIF_NR/FFT_DIF_NR/.autopilot/db/testbench.pp.0.cpp std=gnu++14 -target fpga  
INFO-FLOW: run_clang exec: /opt/xilinx/tools/Vitis/2024.2/lnx64/tools/clang-3.9-csynth/bin/clang-tidy -export-fixes=/scratch/juju/HP-FFT-HLS/n128/UF2/FFT_DIF_NR/FFT_DIF_NR/.autopilot/db/testbench.pp.0.cpp.clang-tidy.loop-label.diag.yml -header-filter=.* --checks=-*,xilinx-label-all-loops,xilinx-aggregate-on-hls-vector,,xilinx-warn-mayneed-no-ctor-attribute -fix-errors /scratch/juju/HP-FFT-HLS/n128/UF2/FFT_DIF_NR/FFT_DIF_NR/.autopilot/db/testbench.pp.0.cpp -- -std=gnu++14 -target fpga -fhls -ferror-limit=0 > /scratch/juju/HP-FFT-HLS/n128/UF2/FFT_DIF_NR/FFT_DIF_NR/.autopilot/db/testbench.pp.0.cpp.clang-tidy.loop-label.out.log 2> /scratch/juju/HP-FFT-HLS/n128/UF2/FFT_DIF_NR/FFT_DIF_NR/.autopilot/db/testbench.pp.0.cpp.clang-tidy.loop-label.err.log
Command         clang_tidy done; 1.34 sec.
INFO-FLOW: run_clang exec: /opt/xilinx/tools/Vitis/2024.2/lnx64/tools/clang-3.9-csynth/bin/xilinx-dataflow-lawyer -export-fixes=/scratch/juju/HP-FFT-HLS/n128/UF2/FFT_DIF_NR/FFT_DIF_NR/.autopilot/db/testbench.pp.0.cpp.xilinx-dataflow-lawyer.diag.yml /scratch/juju/HP-FFT-HLS/n128/UF2/FFT_DIF_NR/FFT_DIF_NR/.autopilot/db/testbench.pp.0.cpp -- -std=gnu++14 -target fpga -fhls -ferror-limit=0 -fstrict-dataflow > /scratch/juju/HP-FFT-HLS/n128/UF2/FFT_DIF_NR/FFT_DIF_NR/.autopilot/db/testbench.pp.0.cpp.xilinx-dataflow-lawyer.out.log 2> /scratch/juju/HP-FFT-HLS/n128/UF2/FFT_DIF_NR/FFT_DIF_NR/.autopilot/db/testbench.pp.0.cpp.xilinx-dataflow-lawyer.err.log
Execute         ap_part_info -name xc7z020-clg400-1 -data info 
INFO-FLOW: compiling source code to llvm bc
INFO-FLOW: run_clang exec: /opt/xilinx/tools/Vitis/2024.2/lnx64/tools/clang-3.9-csynth/bin/clang -foptimization-record-file=/scratch/juju/HP-FFT-HLS/n128/UF2/FFT_DIF_NR/FFT_DIF_NR/.autopilot/db/testbench.pp.0.cpp.clang.diag.yml -mllvm -pass-remarks-missed=reflow|pasta|unroll|inline -mllvm -pass-remarks=reflow|pasta|unroll|inline -fno-limit-debug-info -fhls -flto -fno-exceptions -Wno-error=c++11-narrowing -hls-emit-hint-scope /scratch/juju/HP-FFT-HLS/n128/UF2/FFT_DIF_NR/FFT_DIF_NR/.autopilot/db/testbench.pp.0.cpp -fno-math-errno -c -emit-llvm -mllvm -disable-llvm-optzns -Werror=implicit-function-declaration -Werror=implicit-hls-streams -Werror=return-type -Wpragmas -Wunused-parameter -Wdump-hls-pragmas -Wno-error=dump-hls-pragmas -hls-clock-period=4 -fno-threadsafe-statics -fno-use-cxa-atexit -std=gnu++14 -target fpga64-xilinx-linux-gnu -D__VITIS_HLS__ -DAESL_SYN -D__SYNTHESIS__ -D__HLS_SYN__ -I /opt/xilinx/tools/Vitis/2024.2/common/technology/autopilot -I /opt/xilinx/tools/Vitis/2024.2/common/technology/autopilot/ap_sysc -include etc/autopilot_ssdm_op.h -D__DSP48E1__ -g -o /scratch/juju/HP-FFT-HLS/n128/UF2/FFT_DIF_NR/FFT_DIF_NR/.autopilot/db/testbench.bc -hls-platform-db-name=/opt/xilinx/tools/Vitis/2024.2/common/technology/xilinx/common/platform.db -hls-platform-name=zynq_slow -device-resource-info=BRAM_280.000000_DSP_220.000000_FF_106400.000000_LUT_53200.000000_SLICE_13300.000000_URAM_0.000000 -device-name-info=xc7z020clg400-1 > /scratch/juju/HP-FFT-HLS/n128/UF2/FFT_DIF_NR/FFT_DIF_NR/.autopilot/db/testbench.pp.0.cpp.clang.out.log 2> /scratch/juju/HP-FFT-HLS/n128/UF2/FFT_DIF_NR/FFT_DIF_NR/.autopilot/db/testbench.pp.0.cpp.clang.err.log
WARNING: [HLS 207-5292] unused parameter 'data_type' (/opt/xilinx/tools/Vitis/2024.2/common/technology/autopilot/hls_fft.h:113:72)
WARNING: [HLS 207-5292] unused parameter 'cp_len_enable' (/opt/xilinx/tools/Vitis/2024.2/common/technology/autopilot/hls_fft.h:137:61)
WARNING: [HLS 207-5292] unused parameter 'scaling_opt' (/opt/xilinx/tools/Vitis/2024.2/common/technology/autopilot/hls_fft.h:150:63)
WARNING: [HLS 207-5292] unused parameter 'scaling_opt' (/opt/xilinx/tools/Vitis/2024.2/common/technology/autopilot/hls_fft.h:327:66)
WARNING: [HLS 207-5292] unused parameter 'has_ovflo' (/opt/xilinx/tools/Vitis/2024.2/common/technology/autopilot/hls_fft.h:340:61)
WARNING: [HLS 207-5292] unused parameter 'in' (/opt/xilinx/tools/Vitis/2024.2/common/technology/autopilot/hls_fft.h:2027:45)
WARNING: [HLS 207-5292] unused parameter 'out' (/opt/xilinx/tools/Vitis/2024.2/common/technology/autopilot/hls_fft.h:2028:45)
INFO: [HLS 200-111] Finished Source Code Analysis and Preprocessing: CPU user time: 7.14 seconds. CPU system time: 1.73 seconds. Elapsed time: 8.96 seconds; current allocated memory: 977.945 MB.
INFO-FLOW: Linking Debug ...
INFO-FLOW: Linking dut bc code.
Execute         run_link_or_opt -out /scratch/juju/HP-FFT-HLS/n128/UF2/FFT_DIF_NR/FFT_DIF_NR/.autopilot/db/a.g.ld.0.bc -args  "/scratch/juju/HP-FFT-HLS/n128/UF2/FFT_DIF_NR/FFT_DIF_NR/.autopilot/db/FFT.g.bc" "/scratch/juju/HP-FFT-HLS/n128/UF2/FFT_DIF_NR/FFT_DIF_NR/.autopilot/db/testbench.g.bc"  
INFO-FLOW: run_clang exec: /opt/xilinx/tools/Vitis/2024.2/lnx64/tools/clang-3.9-csynth/bin/llvm-link /scratch/juju/HP-FFT-HLS/n128/UF2/FFT_DIF_NR/FFT_DIF_NR/.autopilot/db/FFT.g.bc /scratch/juju/HP-FFT-HLS/n128/UF2/FFT_DIF_NR/FFT_DIF_NR/.autopilot/db/testbench.g.bc -o /scratch/juju/HP-FFT-HLS/n128/UF2/FFT_DIF_NR/FFT_DIF_NR/.autopilot/db/a.g.ld.0.bc > /scratch/juju/HP-FFT-HLS/n128/UF2/FFT_DIF_NR/FFT_DIF_NR/.autopilot/db/a.g.ld.0.bc.llvm-link.out.log 2> /scratch/juju/HP-FFT-HLS/n128/UF2/FFT_DIF_NR/FFT_DIF_NR/.autopilot/db/a.g.ld.0.bc.llvm-link.err.log
Execute         run_link_or_opt -opt -out /scratch/juju/HP-FFT-HLS/n128/UF2/FFT_DIF_NR/FFT_DIF_NR/.autopilot/db/a.g.ld.1.lower.bc -args /scratch/juju/HP-FFT-HLS/n128/UF2/FFT_DIF_NR/FFT_DIF_NR/.autopilot/db/a.g.ld.0.bc -reflow-lower-math-intrinsics 
INFO-FLOW: run_clang exec: /opt/xilinx/tools/Vitis/2024.2/lnx64/tools/clang-3.9-csynth/bin/opt -pass-remarks-missed=reflow|pasta|unroll|inline -pass-remarks=reflow|pasta|unroll|inline -pass-remarks-output=/scratch/juju/HP-FFT-HLS/n128/UF2/FFT_DIF_NR/FFT_DIF_NR/.autopilot/db/a.g.ld.1.lower.bc.opt.diag.yml /scratch/juju/HP-FFT-HLS/n128/UF2/FFT_DIF_NR/FFT_DIF_NR/.autopilot/db/a.g.ld.0.bc -reflow-lower-math-intrinsics -o /scratch/juju/HP-FFT-HLS/n128/UF2/FFT_DIF_NR/FFT_DIF_NR/.autopilot/db/a.g.ld.1.lower.bc > /scratch/juju/HP-FFT-HLS/n128/UF2/FFT_DIF_NR/FFT_DIF_NR/.autopilot/db/a.g.ld.1.lower.bc.opt.out.log 2> /scratch/juju/HP-FFT-HLS/n128/UF2/FFT_DIF_NR/FFT_DIF_NR/.autopilot/db/a.g.ld.1.lower.bc.opt.err.log
INFO-FLOW: Running: gen_design_size_report post-opt
INFO-FLOW: Done: gen_design_size_report post-opt time: 0 seconds per iteration
INFO-FLOW: Linking math bc lib
Execute         run_link_or_opt -out /scratch/juju/HP-FFT-HLS/n128/UF2/FFT_DIF_NR/FFT_DIF_NR/.autopilot/db/a.g.ld.2.m1.bc -args /scratch/juju/HP-FFT-HLS/n128/UF2/FFT_DIF_NR/FFT_DIF_NR/.autopilot/db/a.g.ld.1.lower.bc -only-needed /opt/xilinx/tools/Vitis/2024.2/lnx64/lib/libhlsm_39.bc /opt/xilinx/tools/Vitis/2024.2/lnx64/lib/libhlsmc++_39.bc 
INFO-FLOW: run_clang exec: /opt/xilinx/tools/Vitis/2024.2/lnx64/tools/clang-3.9-csynth/bin/llvm-link /scratch/juju/HP-FFT-HLS/n128/UF2/FFT_DIF_NR/FFT_DIF_NR/.autopilot/db/a.g.ld.1.lower.bc -only-needed /opt/xilinx/tools/Vitis/2024.2/lnx64/lib/libhlsm_39.bc /opt/xilinx/tools/Vitis/2024.2/lnx64/lib/libhlsmc++_39.bc -o /scratch/juju/HP-FFT-HLS/n128/UF2/FFT_DIF_NR/FFT_DIF_NR/.autopilot/db/a.g.ld.2.m1.bc > /scratch/juju/HP-FFT-HLS/n128/UF2/FFT_DIF_NR/FFT_DIF_NR/.autopilot/db/a.g.ld.2.m1.bc.llvm-link.out.log 2> /scratch/juju/HP-FFT-HLS/n128/UF2/FFT_DIF_NR/FFT_DIF_NR/.autopilot/db/a.g.ld.2.m1.bc.llvm-link.err.log
Command         run_link_or_opt done; 1.14 sec.
Execute         run_link_or_opt -opt -out /scratch/juju/HP-FFT-HLS/n128/UF2/FFT_DIF_NR/FFT_DIF_NR/.autopilot/db/a.g.ld.3.fpc.bc -args /scratch/juju/HP-FFT-HLS/n128/UF2/FFT_DIF_NR/FFT_DIF_NR/.autopilot/db/a.g.ld.2.m1.bc -reflow-globaldce -hls-top-function-name=FFT_DIF_NR -reflow-float-conversion 
INFO-FLOW: run_clang exec: /opt/xilinx/tools/Vitis/2024.2/lnx64/tools/clang-3.9-csynth/bin/opt -pass-remarks-missed=reflow|pasta|unroll|inline -pass-remarks=reflow|pasta|unroll|inline -pass-remarks-output=/scratch/juju/HP-FFT-HLS/n128/UF2/FFT_DIF_NR/FFT_DIF_NR/.autopilot/db/a.g.ld.3.fpc.bc.opt.diag.yml /scratch/juju/HP-FFT-HLS/n128/UF2/FFT_DIF_NR/FFT_DIF_NR/.autopilot/db/a.g.ld.2.m1.bc -reflow-globaldce -hls-top-function-name=FFT_DIF_NR -reflow-float-conversion -o /scratch/juju/HP-FFT-HLS/n128/UF2/FFT_DIF_NR/FFT_DIF_NR/.autopilot/db/a.g.ld.3.fpc.bc > /scratch/juju/HP-FFT-HLS/n128/UF2/FFT_DIF_NR/FFT_DIF_NR/.autopilot/db/a.g.ld.3.fpc.bc.opt.out.log 2> /scratch/juju/HP-FFT-HLS/n128/UF2/FFT_DIF_NR/FFT_DIF_NR/.autopilot/db/a.g.ld.3.fpc.bc.opt.err.log
INFO-FLOW: Running: gen_design_size_report post-opt
INFO-FLOW: Done: gen_design_size_report post-opt time: 0 seconds per iteration
Command         run_link_or_opt done; 0.53 sec.
Execute         run_link_or_opt -out /scratch/juju/HP-FFT-HLS/n128/UF2/FFT_DIF_NR/FFT_DIF_NR/.autopilot/db/a.g.ld.4.m2.bc -args /scratch/juju/HP-FFT-HLS/n128/UF2/FFT_DIF_NR/FFT_DIF_NR/.autopilot/db/a.g.ld.3.fpc.bc -only-needed /opt/xilinx/tools/Vitis/2024.2/lnx64/lib/libfloatconversion_39.bc 
INFO-FLOW: run_clang exec: /opt/xilinx/tools/Vitis/2024.2/lnx64/tools/clang-3.9-csynth/bin/llvm-link /scratch/juju/HP-FFT-HLS/n128/UF2/FFT_DIF_NR/FFT_DIF_NR/.autopilot/db/a.g.ld.3.fpc.bc -only-needed /opt/xilinx/tools/Vitis/2024.2/lnx64/lib/libfloatconversion_39.bc -o /scratch/juju/HP-FFT-HLS/n128/UF2/FFT_DIF_NR/FFT_DIF_NR/.autopilot/db/a.g.ld.4.m2.bc > /scratch/juju/HP-FFT-HLS/n128/UF2/FFT_DIF_NR/FFT_DIF_NR/.autopilot/db/a.g.ld.4.m2.bc.llvm-link.out.log 2> /scratch/juju/HP-FFT-HLS/n128/UF2/FFT_DIF_NR/FFT_DIF_NR/.autopilot/db/a.g.ld.4.m2.bc.llvm-link.err.log
Command         run_link_or_opt done; 0.11 sec.
Execute         run_link_or_opt -opt -out /scratch/juju/HP-FFT-HLS/n128/UF2/FFT_DIF_NR/FFT_DIF_NR/.autopilot/db/a.g.ld.5.gdce.bc -args /scratch/juju/HP-FFT-HLS/n128/UF2/FFT_DIF_NR/FFT_DIF_NR/.autopilot/db/a.g.ld.4.m2.bc -reflow-globaldce -hls-top-function-name=FFT_DIF_NR 
INFO-FLOW: run_clang exec: /opt/xilinx/tools/Vitis/2024.2/lnx64/tools/clang-3.9-csynth/bin/opt -pass-remarks-missed=reflow|pasta|unroll|inline -pass-remarks=reflow|pasta|unroll|inline -pass-remarks-output=/scratch/juju/HP-FFT-HLS/n128/UF2/FFT_DIF_NR/FFT_DIF_NR/.autopilot/db/a.g.ld.5.gdce.bc.opt.diag.yml /scratch/juju/HP-FFT-HLS/n128/UF2/FFT_DIF_NR/FFT_DIF_NR/.autopilot/db/a.g.ld.4.m2.bc -reflow-globaldce -hls-top-function-name=FFT_DIF_NR -o /scratch/juju/HP-FFT-HLS/n128/UF2/FFT_DIF_NR/FFT_DIF_NR/.autopilot/db/a.g.ld.5.gdce.bc > /scratch/juju/HP-FFT-HLS/n128/UF2/FFT_DIF_NR/FFT_DIF_NR/.autopilot/db/a.g.ld.5.gdce.bc.opt.out.log 2> /scratch/juju/HP-FFT-HLS/n128/UF2/FFT_DIF_NR/FFT_DIF_NR/.autopilot/db/a.g.ld.5.gdce.bc.opt.err.log
INFO-FLOW: Running: gen_design_size_report post-opt
INFO-FLOW: Done: gen_design_size_report post-opt time: 0 seconds per iteration
Command         run_link_or_opt done; 0.11 sec.
Execute         send_msg_by_id INFO @200-777@%s Vivado 
INFO: [HLS 200-777] Using interface defaults for 'Vivado' flow target.
Execute         is_m_axi_addr64 
INFO-FLOW: Doing LTO.
INFO-FLOW: run_clang (background poll_ms 5000) exec: /opt/xilinx/tools/Vitis/2024.2/lnx64/tools/clang-3.9-csynth/bin/clang -foptimization-record-file=/scratch/juju/HP-FFT-HLS/n128/UF2/FFT_DIF_NR/FFT_DIF_NR/.autopilot/db/a.g.ld.0.bc.clang.reflow.diag.yml -mllvm -pass-remarks-missed=reflow|pasta|unroll|inline -mllvm -pass-remarks=reflow|pasta|unroll|inline -fhls -mllvm -hls-top-function-name=FFT_DIF_NR -mllvm -hls-db-dir -mllvm /scratch/juju/HP-FFT-HLS/n128/UF2/FFT_DIF_NR/FFT_DIF_NR/.autopilot/db -emit-llvm -c -target fpga64-xilinx-none -mllvm -xcl-xmlinfo=/scratch/juju/HP-FFT-HLS/n128/UF2/FFT_DIF_NR/FFT_DIF_NR/.autopilot/db/kernel.internal.xml -mllvm -top-io-mapping-info=/scratch/juju/HP-FFT-HLS/n128/UF2/FFT_DIF_NR/FFT_DIF_NR/.autopilot/db/top-io-fe.xml -mllvm -hls-bitcode-version=3.1 -mllvm -reflow-enable-slave-interface-default-setting=true -mllvm -gen-kernel-xml=false -mllvm -default-maxi-offset=slave -mllvm -enable-fp-thr=true -mllvm -reflow-float-signed-zero=false -mllvm -reflow-float-subnormal=false -mllvm -reflow-float-inf=false -mllvm -reflow-float-nan=false -mllvm -maxi-latency=0 -mllvm -hls-maxi-data-size-in-bits=8 -mllvm -hls-maxi-max-data-size-in-bits=1024 -mllvm -hls-max-widen-size-in-bits=0 -mllvm -xcl-kernel-max-mem-ports=0 -mllvm -maxi-read-trans=16 -mllvm -maxi-write-trans=16 -mllvm -maxi-read-burst-len=16 -mllvm -maxi-write-burst-len=16 -mllvm -reflow-enable-saxi-64bits=0 -mllvm -reflow-basic-block-instr-threshold=200000 -mllvm -reflow-auto-pipeline-threshold=64 -mllvm -reflow-enable-maxi-auto-id-channel=0 -mllvm -reflow-bdd-simplify-threshold=1048576 -mllvm -reflow-fanout-threshold=16 -mllvm -reflow-complete-threshold=4 -mllvm -reflow-array-promotion-threshold=64 -mllvm -assume-maxi-align=1 -mllvm -reflow-enable-dataflow-strict-mode-checking=1 -ftime-report -mllvm -time-passes -mllvm -reflow-auto-array-partition-mode=default -mllvm -reflow-enable-auto-small-array-partition=true -mllvm -reflow-enable-auto-array-promotion=true -mllvm -reflow-enable-auto-array-partition-for-flatten=true -mllvm -reflow-enable-auto-parallel-performance-driven=true -mllvm -reflow-enable-partition-for-automation=true -mllvm -reflow-aggregate-bitwidth-threshold=4096 -mllvm -reflow-reserved-saxilite-registers=0 -mllvm -enable-reflow-auto-loop-pipeline -mllvm -reflow-max-unroll-threshold=409600 -mllvm -auto-unroll-tripcount-threshold=0 -mllvm -reflow-assume-no-address-wrap=true -mllvm -reflow-enable-occurrence-inference=true -mllvm -reflow-emit-hint-scope=true -mllvm -reflow-enable-codegen-with-if=true -mllvm -reflow-enable-dataflow-canon=true -mllvm -reflow-enable-dataflow-canon2=true -mllvm -hls -mllvm -disable-inlined-alloca-merging=true -mllvm -default-clock-period=4 -mllvm -use_read_first_ram_in_loop=1 -mllvm -default-clock-uncertainty=1.08 -x ir /scratch/juju/HP-FFT-HLS/n128/UF2/FFT_DIF_NR/FFT_DIF_NR/.autopilot/db/a.g.ld.5.gdce.bc -o /scratch/juju/HP-FFT-HLS/n128/UF2/FFT_DIF_NR/FFT_DIF_NR/.autopilot/db/a.g.lto.bc -hls-platform-db-name=/opt/xilinx/tools/Vitis/2024.2/common/technology/xilinx/common/platform.db -hls-platform-name=zynq_slow -device-resource-info=BRAM_280.000000_DSP_220.000000_FF_106400.000000_LUT_53200.000000_SLICE_13300.000000_URAM_0.000000 -device-name-info=xc7z020clg400-1 2> /scratch/juju/HP-FFT-HLS/n128/UF2/FFT_DIF_NR/FFT_DIF_NR/.autopilot/db/a.g.ld.0.bc.clang.reflow.err.log bg_poll_cmd: ::AP::poll_clang_39_closed_source
Execute         send_msg_by_id INFO @200-1995@%s%s%s 26,099 Compile/Link /scratch/juju/HP-FFT-HLS/n128/UF2/FFT_DIF_NR/FFT_DIF_NR/syn/report/csynth_design_size.rpt 
INFO: [HLS 200-1995] There were 26,099 instructions in the design after the 'Compile/Link' phase of compilation. See the Design Size Report for more details: /scratch/juju/HP-FFT-HLS/n128/UF2/FFT_DIF_NR/FFT_DIF_NR/syn/report/csynth_design_size.rpt
Execute         send_msg_by_id INFO @200-1995@%s%s%s 2,984 Unroll/Inline (step 1) /scratch/juju/HP-FFT-HLS/n128/UF2/FFT_DIF_NR/FFT_DIF_NR/syn/report/csynth_design_size.rpt 
INFO: [HLS 200-1995] There were 2,984 instructions in the design after the 'Unroll/Inline (step 1)' phase of compilation. See the Design Size Report for more details: /scratch/juju/HP-FFT-HLS/n128/UF2/FFT_DIF_NR/FFT_DIF_NR/syn/report/csynth_design_size.rpt
Execute         send_msg_by_id INFO @200-1995@%s%s%s 2,579 Unroll/Inline (step 2) /scratch/juju/HP-FFT-HLS/n128/UF2/FFT_DIF_NR/FFT_DIF_NR/syn/report/csynth_design_size.rpt 
INFO: [HLS 200-1995] There were 2,579 instructions in the design after the 'Unroll/Inline (step 2)' phase of compilation. See the Design Size Report for more details: /scratch/juju/HP-FFT-HLS/n128/UF2/FFT_DIF_NR/FFT_DIF_NR/syn/report/csynth_design_size.rpt
Execute         send_msg_by_id INFO @200-1995@%s%s%s 2,104 Unroll/Inline (step 3) /scratch/juju/HP-FFT-HLS/n128/UF2/FFT_DIF_NR/FFT_DIF_NR/syn/report/csynth_design_size.rpt 
INFO: [HLS 200-1995] There were 2,104 instructions in the design after the 'Unroll/Inline (step 3)' phase of compilation. See the Design Size Report for more details: /scratch/juju/HP-FFT-HLS/n128/UF2/FFT_DIF_NR/FFT_DIF_NR/syn/report/csynth_design_size.rpt
Execute         send_msg_by_id INFO @200-1995@%s%s%s 1,033 Unroll/Inline (step 4) /scratch/juju/HP-FFT-HLS/n128/UF2/FFT_DIF_NR/FFT_DIF_NR/syn/report/csynth_design_size.rpt 
INFO: [HLS 200-1995] There were 1,033 instructions in the design after the 'Unroll/Inline (step 4)' phase of compilation. See the Design Size Report for more details: /scratch/juju/HP-FFT-HLS/n128/UF2/FFT_DIF_NR/FFT_DIF_NR/syn/report/csynth_design_size.rpt
Execute         send_msg_by_id INFO @200-1995@%s%s%s 2,145 Array/Struct (step 1) /scratch/juju/HP-FFT-HLS/n128/UF2/FFT_DIF_NR/FFT_DIF_NR/syn/report/csynth_design_size.rpt 
INFO: [HLS 200-1995] There were 2,145 instructions in the design after the 'Array/Struct (step 1)' phase of compilation. See the Design Size Report for more details: /scratch/juju/HP-FFT-HLS/n128/UF2/FFT_DIF_NR/FFT_DIF_NR/syn/report/csynth_design_size.rpt
Execute         send_msg_by_id INFO @200-1995@%s%s%s 1,090 Array/Struct (step 2) /scratch/juju/HP-FFT-HLS/n128/UF2/FFT_DIF_NR/FFT_DIF_NR/syn/report/csynth_design_size.rpt 
INFO: [HLS 200-1995] There were 1,090 instructions in the design after the 'Array/Struct (step 2)' phase of compilation. See the Design Size Report for more details: /scratch/juju/HP-FFT-HLS/n128/UF2/FFT_DIF_NR/FFT_DIF_NR/syn/report/csynth_design_size.rpt
Execute         send_msg_by_id INFO @200-1995@%s%s%s 1,267 Array/Struct (step 3) /scratch/juju/HP-FFT-HLS/n128/UF2/FFT_DIF_NR/FFT_DIF_NR/syn/report/csynth_design_size.rpt 
INFO: [HLS 200-1995] There were 1,267 instructions in the design after the 'Array/Struct (step 3)' phase of compilation. See the Design Size Report for more details: /scratch/juju/HP-FFT-HLS/n128/UF2/FFT_DIF_NR/FFT_DIF_NR/syn/report/csynth_design_size.rpt
Execute         send_msg_by_id INFO @200-1995@%s%s%s 1,473 Array/Struct (step 4) /scratch/juju/HP-FFT-HLS/n128/UF2/FFT_DIF_NR/FFT_DIF_NR/syn/report/csynth_design_size.rpt 
INFO: [HLS 200-1995] There were 1,473 instructions in the design after the 'Array/Struct (step 4)' phase of compilation. See the Design Size Report for more details: /scratch/juju/HP-FFT-HLS/n128/UF2/FFT_DIF_NR/FFT_DIF_NR/syn/report/csynth_design_size.rpt
Execute         send_msg_by_id INFO @200-1995@%s%s%s 1,456 Array/Struct (step 5) /scratch/juju/HP-FFT-HLS/n128/UF2/FFT_DIF_NR/FFT_DIF_NR/syn/report/csynth_design_size.rpt 
INFO: [HLS 200-1995] There were 1,456 instructions in the design after the 'Array/Struct (step 5)' phase of compilation. See the Design Size Report for more details: /scratch/juju/HP-FFT-HLS/n128/UF2/FFT_DIF_NR/FFT_DIF_NR/syn/report/csynth_design_size.rpt
Execute         send_msg_by_id INFO @200-1995@%s%s%s 1,462 Performance (step 1) /scratch/juju/HP-FFT-HLS/n128/UF2/FFT_DIF_NR/FFT_DIF_NR/syn/report/csynth_design_size.rpt 
INFO: [HLS 200-1995] There were 1,462 instructions in the design after the 'Performance (step 1)' phase of compilation. See the Design Size Report for more details: /scratch/juju/HP-FFT-HLS/n128/UF2/FFT_DIF_NR/FFT_DIF_NR/syn/report/csynth_design_size.rpt
Execute         send_msg_by_id INFO @200-1995@%s%s%s 1,435 Performance (step 2) /scratch/juju/HP-FFT-HLS/n128/UF2/FFT_DIF_NR/FFT_DIF_NR/syn/report/csynth_design_size.rpt 
INFO: [HLS 200-1995] There were 1,435 instructions in the design after the 'Performance (step 2)' phase of compilation. See the Design Size Report for more details: /scratch/juju/HP-FFT-HLS/n128/UF2/FFT_DIF_NR/FFT_DIF_NR/syn/report/csynth_design_size.rpt
Execute         send_msg_by_id INFO @200-1995@%s%s%s 1,435 Performance (step 3) /scratch/juju/HP-FFT-HLS/n128/UF2/FFT_DIF_NR/FFT_DIF_NR/syn/report/csynth_design_size.rpt 
INFO: [HLS 200-1995] There were 1,435 instructions in the design after the 'Performance (step 3)' phase of compilation. See the Design Size Report for more details: /scratch/juju/HP-FFT-HLS/n128/UF2/FFT_DIF_NR/FFT_DIF_NR/syn/report/csynth_design_size.rpt
Execute         send_msg_by_id INFO @200-1995@%s%s%s 1,435 Performance (step 4) /scratch/juju/HP-FFT-HLS/n128/UF2/FFT_DIF_NR/FFT_DIF_NR/syn/report/csynth_design_size.rpt 
INFO: [HLS 200-1995] There were 1,435 instructions in the design after the 'Performance (step 4)' phase of compilation. See the Design Size Report for more details: /scratch/juju/HP-FFT-HLS/n128/UF2/FFT_DIF_NR/FFT_DIF_NR/syn/report/csynth_design_size.rpt
Execute         send_msg_by_id INFO @200-1995@%s%s%s 1,415 HW Transforms (step 1) /scratch/juju/HP-FFT-HLS/n128/UF2/FFT_DIF_NR/FFT_DIF_NR/syn/report/csynth_design_size.rpt 
INFO: [HLS 200-1995] There were 1,415 instructions in the design after the 'HW Transforms (step 1)' phase of compilation. See the Design Size Report for more details: /scratch/juju/HP-FFT-HLS/n128/UF2/FFT_DIF_NR/FFT_DIF_NR/syn/report/csynth_design_size.rpt
Execute         send_msg_by_id INFO @200-1995@%s%s%s 1,471 HW Transforms (step 2) /scratch/juju/HP-FFT-HLS/n128/UF2/FFT_DIF_NR/FFT_DIF_NR/syn/report/csynth_design_size.rpt 
INFO: [HLS 200-1995] There were 1,471 instructions in the design after the 'HW Transforms (step 2)' phase of compilation. See the Design Size Report for more details: /scratch/juju/HP-FFT-HLS/n128/UF2/FFT_DIF_NR/FFT_DIF_NR/syn/report/csynth_design_size.rpt
INFO: [HLS 214-131] Inlining function 'RADIX2_BFLY_double_buffer_quarter_onlycompute(std::complex<float>, std::complex<float>, std::complex<float>&, std::complex<float>&, bool, bool, std::complex<float>)' into 'FFT_Stage1_vectorstream_parameterize(hls::stream<hls::vector<std::complex<float>, 4ul>, 0>&, hls::stream<hls::vector<std::complex<float>, 4ul>, 0>&)' (FFT.cpp:507:13)
INFO: [HLS 214-131] Inlining function 'RADIX2_BFLY_double_buffer_quarter_onlycompute(std::complex<float>, std::complex<float>, std::complex<float>&, std::complex<float>&, bool, bool, std::complex<float>)' into 'FFT_Stage2_vectorstreamIn_arrayOut_parametize(hls::stream<hls::vector<std::complex<float>, 4ul>, 0>&, std::complex<float>*)' (FFT.cpp:537:13)
INFO: [HLS 214-131] Inlining function 'RADIX2_BFLY_double_buffer_quarter_CY(std::complex<float>*, std::complex<float>*, int, int, bool, bool, std::complex<float>)' into 'void FFT_stage_spatial_unroll<7>(std::complex<float>*, std::complex<float>*)' (FFT.cpp:408:17)
INFO: [HLS 214-131] Inlining function 'RADIX2_BFLY_double_buffer_quarter_CY(std::complex<float>*, std::complex<float>*, int, int, bool, bool, std::complex<float>)' into 'void FFT_stage_spatial_unroll<6>(std::complex<float>*, std::complex<float>*)' (FFT.cpp:426:2)
INFO: [HLS 214-131] Inlining function 'RADIX2_BFLY_double_buffer_quarter_CY(std::complex<float>*, std::complex<float>*, int, int, bool, bool, std::complex<float>)' into 'void FFT_stage_spatial_unroll<5>(std::complex<float>*, std::complex<float>*)' (FFT.cpp:426:2)
INFO: [HLS 214-131] Inlining function 'RADIX2_BFLY_double_buffer_quarter_CY(std::complex<float>*, std::complex<float>*, int, int, bool, bool, std::complex<float>)' into 'void FFT_stage_spatial_unroll<4>(std::complex<float>*, std::complex<float>*)' (FFT.cpp:426:2)
INFO: [HLS 214-131] Inlining function 'RADIX2_BFLY_double_buffer_quarter_CY(std::complex<float>*, std::complex<float>*, int, int, bool, bool, std::complex<float>)' into 'void FFT_stage_spatial_unroll<3>(std::complex<float>*, std::complex<float>*)' (FFT.cpp:426:2)
INFO: [HLS 214-291] Loop 'VITIS_LOOP_60_1' is marked as complete unroll implied by the pipeline pragma (FFT.cpp:60:26)
INFO: [HLS 214-291] Loop 'VITIS_LOOP_527_1' is marked as complete unroll implied by the pipeline pragma (FFT.cpp:527:27)
INFO: [HLS 214-291] Loop 'VITIS_LOOP_503_1' is marked as complete unroll implied by the pipeline pragma (FFT.cpp:503:27)
INFO: [HLS 214-291] Loop 'anonymous' is marked as complete unroll implied by the pipeline pragma (/opt/xilinx/tools/Vitis/2024.2/tps/lnx64/gcc-8.3.0/lib/gcc/x86_64-pc-linux-gnu/8.3.0/../../../../include/c++/8.3.0/array:94:12)
INFO: [HLS 214-186] Unrolling loop 'VITIS_LOOP_60_1' (FFT.cpp:60:26) in function 'output_result_array_to_stream' completely with a factor of 4 (FFT.cpp:54:0)
INFO: [HLS 214-188] Unrolling loop 'R_Group_loop' (FFT.cpp:416:13) in function 'FFT_stage_spatial_unroll<3>' partially with a factor of 2 (FFT.cpp:373:0)
INFO: [HLS 214-188] Unrolling loop 'R_Group_loop' (FFT.cpp:416:13) in function 'FFT_stage_spatial_unroll<4>' partially with a factor of 2 (FFT.cpp:373:0)
INFO: [HLS 214-188] Unrolling loop 'R_Group_loop' (FFT.cpp:416:13) in function 'FFT_stage_spatial_unroll<5>' partially with a factor of 2 (FFT.cpp:373:0)
INFO: [HLS 214-188] Unrolling loop 'R_Group_loop' (FFT.cpp:416:13) in function 'FFT_stage_spatial_unroll<6>' partially with a factor of 2 (FFT.cpp:373:0)
INFO: [HLS 214-188] Unrolling loop 'R_Group_loop_bflySize_equal_FFT_NUM' (FFT.cpp:398:13) in function 'FFT_stage_spatial_unroll<7>' partially with a factor of 2 (FFT.cpp:373:0)
INFO: [HLS 214-186] Unrolling loop 'VITIS_LOOP_527_1' (FFT.cpp:527:27) in function 'FFT_Stage2_vectorstreamIn_arrayOut_parametize' completely with a factor of 1 (FFT.cpp:520:0)
INFO: [HLS 214-186] Unrolling loop 'VITIS_LOOP_503_1' (FFT.cpp:503:27) in function 'FFT_Stage1_vectorstream_parameterize' completely with a factor of 2 (FFT.cpp:493:0)
INFO: [HLS 214-186] Unrolling loop 'anonymous' (/opt/xilinx/tools/Vitis/2024.2/tps/lnx64/gcc-8.3.0/lib/gcc/x86_64-pc-linux-gnu/8.3.0/../../../../include/c++/8.3.0/array:94:12) in function 'std::array<std::complex<float>, 4ul>::array' completely with a factor of 4 (/opt/xilinx/tools/Vitis/2024.2/tps/lnx64/gcc-8.3.0/lib/gcc/x86_64-pc-linux-gnu/8.3.0/../../../../include/c++/8.3.0/array:94:0)
WARNING: [HLS 214-366] Duplicating function 'std::complex<float>::complex(float, float) (.21.24.25.43.44.45.46.47.48.53.54.59.60.63.64.71.72.79.80.87.88.95)' as different function signatures were detected between this call site and other call site(s). This may impact the resources used in the design. (/opt/xilinx/tools/Vitis/2024.2/tps/lnx64/gcc-8.3.0/lib/gcc/x86_64-pc-linux-gnu/8.3.0/../../../../include/c++/8.3.0/array:94:12)
INFO: [HLS 214-178] Inlining function 'std::array<std::complex<float>, 4ul>::array()' into 'hls::vector<std::complex<float>, 4ul>::vector()' (/opt/xilinx/tools/Vitis/2024.2/common/technology/autopilot/hls_vector.h:109:0)
INFO: [HLS 214-178] Inlining function 'std::__array_traits<std::complex<float>, 4ul>::_S_ref(std::complex<float> const (&) [4], unsigned long)' into 'std::array<std::complex<float>, 4ul>::operator[](unsigned long)' (/opt/xilinx/tools/Vitis/2024.2/tps/lnx64/gcc-8.3.0/lib/gcc/x86_64-pc-linux-gnu/8.3.0/../../../../include/c++/8.3.0/array:186:0)
INFO: [HLS 214-178] Inlining function 'std::array<std::complex<float>, 4ul>::operator[](unsigned long)' into 'FFT_Stage1_vectorstream_parameterize(hls::stream<hls::vector<std::complex<float>, 4ul>, 0>&, hls::stream<hls::vector<std::complex<float>, 4ul>, 0>&)' (FFT.cpp:493:0)
INFO: [HLS 214-178] Inlining function 'hls::vector<std::complex<float>, 4ul>::vector()' into 'FFT_Stage1_vectorstream_parameterize(hls::stream<hls::vector<std::complex<float>, 4ul>, 0>&, hls::stream<hls::vector<std::complex<float>, 4ul>, 0>&)' (FFT.cpp:493:0)
INFO: [HLS 214-178] Inlining function 'std::array<std::complex<float>, 4ul>::operator[](unsigned long)' into 'FFT_Stage2_vectorstreamIn_arrayOut_parametize(hls::stream<hls::vector<std::complex<float>, 4ul>, 0>&, std::complex<float>*)' (FFT.cpp:520:0)
INFO: [HLS 214-178] Inlining function 'hls::vector<std::complex<float>, 4ul>::vector()' into 'FFT_Stage2_vectorstreamIn_arrayOut_parametize(hls::stream<hls::vector<std::complex<float>, 4ul>, 0>&, std::complex<float>*)' (FFT.cpp:520:0)
INFO: [HLS 214-178] Inlining function 'std::array<std::complex<float>, 4ul>::operator[](unsigned long)' into 'output_result_array_to_stream(std::complex<float>*, hls::stream<hls::vector<std::complex<float>, 4ul>, 0>&)' (FFT.cpp:54:0)
INFO: [HLS 214-178] Inlining function 'hls::vector<std::complex<float>, 4ul>::vector()' into 'output_result_array_to_stream(std::complex<float>*, hls::stream<hls::vector<std::complex<float>, 4ul>, 0>&)' (FFT.cpp:54:0)
INFO: [HLS 214-178] Inlining function 'std::array<std::complex<float>, 4ul>::array() (.108.114.120)' into 'hls::vector<std::complex<float>, 4ul>::vector() (.28.105)' (/opt/xilinx/tools/Vitis/2024.2/common/technology/autopilot/hls_vector.h:109:0)
INFO: [HLS 214-178] Inlining function 'hls::vector<std::complex<float>, 4ul>::vector()' into 'FFT_pipeline_DIF(hls::stream<hls::vector<std::complex<float>, 4ul>, 0>&, hls::stream<hls::vector<std::complex<float>, 4ul>, 0>&, bool, bool)' (FFT.cpp:667:0)
INFO: [HLS 214-178] Inlining function 'std::array<std::complex<float>, 4ul>::operator[](unsigned long)' into 'FFT_pipeline_DIF(hls::stream<hls::vector<std::complex<float>, 4ul>, 0>&, hls::stream<hls::vector<std::complex<float>, 4ul>, 0>&, bool, bool)' (FFT.cpp:667:0)
INFO: [HLS 214-178] Inlining function 'hls::vector<std::complex<float>, 4ul>::vector() (.28.105)' into 'FFT_pipeline_DIF(hls::stream<hls::vector<std::complex<float>, 4ul>, 0>&, hls::stream<hls::vector<std::complex<float>, 4ul>, 0>&, bool, bool)' (FFT.cpp:667:0)
WARNING: [HLS 214-167] The program may have out of bound array access on variable 'revIdxTab' (FFT.cpp:693:23)
WARNING: [HLS 214-167] The program may have out of bound array access on variable '_ZL4_buf.0' (FFT.cpp:698:25)
WARNING: [HLS 214-167] The program may have out of bound array access on variable '_ZL4_buf.1' (FFT.cpp:698:25)
INFO: [HLS 214-248] Applying array_partition to 'twiddles.1': Complete partitioning on dimension 1. (FFT.cpp:5:0)
INFO: [HLS 214-248] Applying array_partition to 'twiddles.0': Complete partitioning on dimension 1. (FFT.cpp:5:0)
INFO: [HLS 214-248] Applying array_partition to '_ZZ39FFT_DFT_spatial_unroll_CY_stream_vectorRN3hls6streamINS_6vectorISt7complexIfELm4EEELi0EEES6_E6data_0.1': Cyclic partitioning with factor 4 on dimension 1. (FFT.cpp:605:0)
INFO: [HLS 214-248] Applying array_partition to '_ZZ39FFT_DFT_spatial_unroll_CY_stream_vectorRN3hls6streamINS_6vectorISt7complexIfELm4EEELi0EEES6_E6data_0.0': Cyclic partitioning with factor 4 on dimension 1. (FFT.cpp:605:0)
INFO: [HLS 214-248] Applying array_partition to '_ZZ39FFT_DFT_spatial_unroll_CY_stream_vectorRN3hls6streamINS_6vectorISt7complexIfELm4EEELi0EEES6_E6data_1.1': Cyclic partitioning with factor 2 on dimension 1. (FFT.cpp:606:0)
INFO: [HLS 214-248] Applying array_partition to '_ZZ39FFT_DFT_spatial_unroll_CY_stream_vectorRN3hls6streamINS_6vectorISt7complexIfELm4EEELi0EEES6_E6data_1.0': Cyclic partitioning with factor 2 on dimension 1. (FFT.cpp:606:0)
INFO: [HLS 214-248] Applying array_partition to '_ZZ39FFT_DFT_spatial_unroll_CY_stream_vectorRN3hls6streamINS_6vectorISt7complexIfELm4EEELi0EEES6_E6data_2.1': Cyclic partitioning with factor 2 on dimension 1. (FFT.cpp:607:0)
INFO: [HLS 214-248] Applying array_partition to '_ZZ39FFT_DFT_spatial_unroll_CY_stream_vectorRN3hls6streamINS_6vectorISt7complexIfELm4EEELi0EEES6_E6data_2.0': Cyclic partitioning with factor 2 on dimension 1. (FFT.cpp:607:0)
INFO: [HLS 214-248] Applying array_partition to '_ZZ39FFT_DFT_spatial_unroll_CY_stream_vectorRN3hls6streamINS_6vectorISt7complexIfELm4EEELi0EEES6_E6data_3.1': Cyclic partitioning with factor 2 on dimension 1. (FFT.cpp:608:0)
INFO: [HLS 214-248] Applying array_partition to '_ZZ39FFT_DFT_spatial_unroll_CY_stream_vectorRN3hls6streamINS_6vectorISt7complexIfELm4EEELi0EEES6_E6data_3.0': Cyclic partitioning with factor 2 on dimension 1. (FFT.cpp:608:0)
INFO: [HLS 214-248] Applying array_partition to '_ZZ39FFT_DFT_spatial_unroll_CY_stream_vectorRN3hls6streamINS_6vectorISt7complexIfELm4EEELi0EEES6_E6data_4.1': Cyclic partitioning with factor 2 on dimension 1. (FFT.cpp:609:0)
INFO: [HLS 214-248] Applying array_partition to '_ZZ39FFT_DFT_spatial_unroll_CY_stream_vectorRN3hls6streamINS_6vectorISt7complexIfELm4EEELi0EEES6_E6data_4.0': Cyclic partitioning with factor 2 on dimension 1. (FFT.cpp:609:0)
INFO: [HLS 214-248] Applying array_partition to '_ZZ39FFT_DFT_spatial_unroll_CY_stream_vectorRN3hls6streamINS_6vectorISt7complexIfELm4EEELi0EEES6_E6data_5.1': Cyclic partitioning with factor 2 on dimension 1. (FFT.cpp:610:0)
INFO: [HLS 214-248] Applying array_partition to '_ZZ39FFT_DFT_spatial_unroll_CY_stream_vectorRN3hls6streamINS_6vectorISt7complexIfELm4EEELi0EEES6_E6data_5.0': Cyclic partitioning with factor 2 on dimension 1. (FFT.cpp:610:0)
INFO: [HLS 214-241] Aggregating fifo (hls::stream) variable 'stage0' with compact=bit mode in 256-bits (FFT.cpp:687:50)
INFO: [HLS 214-241] Aggregating fifo (hls::stream) variable 'stage1' with compact=bit mode in 256-bits (FFT.cpp:707:50)
INFO: [HLS 214-241] Aggregating fifo (hls::stream) variable 'data_s1_stream_vector' with compact=bit mode in 256-bits (FFT.cpp:624:51)
INFO: [HLS 214-241] Aggregating fifo (hls::stream) variable 'reverse_in_stream_vector' with compact=bit mode in 256-bits (FFT.cpp:623:48)
INFO: [HLS 214-241] Aggregating fifo (hls::stream) variable 'out' with compact=bit mode in 256-bits (FFT.cpp:773:0)
INFO: [HLS 214-241] Aggregating fifo (hls::stream) variable 'in' with compact=bit mode in 256-bits (FFT.cpp:773:0)
INFO: [HLS 214-241] Aggregating scalar variable 'outv' with compact=bit mode in 256-bits (FFT.cpp:696:45)
INFO: [HLS 214-241] Aggregating scalar variable 'v' with compact=bit mode in 256-bits (FFT.cpp:691:18)
INFO: [HLS 214-269] Inferring pragma 'pipeline II=1' for loop 'FFT_Stage2' (FFT.cpp:523:13) in function 'FFT_Stage2_vectorstreamIn_arrayOut_parametize' due to performance pragma (FFT.cpp:524:9)
INFO: [HLS 214-269] Inferring pragma 'pipeline II=1' for loop 'FFT_Stage1' (FFT.cpp:496:14) in function 'FFT_Stage1_vectorstream_parameterize' due to performance pragma (FFT.cpp:497:9)
INFO: [HLS 214-269] Inferring pragma 'pipeline II=1' for loop 'PostP_Fwd_loop' (FFT.cpp:56:18) in function 'output_result_array_to_stream' due to performance pragma (FFT.cpp:57:9)
INFO: [HLS 214-269] Inferring pragma 'pipeline II=1' for loop 'R_Group_loop' (FFT.cpp:416:13) in function 'FFT_stage_spatial_unroll<3>' due to performance pragma (FFT.cpp:414:9)
INFO: [HLS 214-339] Inferring pragma 'loop_flatten on' for loop 'R_Group_loop' (FFT.cpp:416:13) in function 'FFT_stage_spatial_unroll<3>' due to performance pragma (FFT.cpp:414:9)
INFO: [HLS 214-269] Inferring pragma 'pipeline II=1' for loop 'R_Group_loop' (FFT.cpp:416:13) in function 'FFT_stage_spatial_unroll<4>' due to performance pragma (FFT.cpp:414:9)
INFO: [HLS 214-339] Inferring pragma 'loop_flatten on' for loop 'R_Group_loop' (FFT.cpp:416:13) in function 'FFT_stage_spatial_unroll<4>' due to performance pragma (FFT.cpp:414:9)
INFO: [HLS 214-269] Inferring pragma 'pipeline II=1' for loop 'R_Group_loop' (FFT.cpp:416:13) in function 'FFT_stage_spatial_unroll<5>' due to performance pragma (FFT.cpp:414:9)
INFO: [HLS 214-339] Inferring pragma 'loop_flatten on' for loop 'R_Group_loop' (FFT.cpp:416:13) in function 'FFT_stage_spatial_unroll<5>' due to performance pragma (FFT.cpp:414:9)
INFO: [HLS 214-269] Inferring pragma 'pipeline II=1' for loop 'R_Group_loop' (FFT.cpp:416:13) in function 'FFT_stage_spatial_unroll<6>' due to performance pragma (FFT.cpp:414:9)
INFO: [HLS 214-339] Inferring pragma 'loop_flatten on' for loop 'R_Group_loop' (FFT.cpp:416:13) in function 'FFT_stage_spatial_unroll<6>' due to performance pragma (FFT.cpp:414:9)
INFO: [HLS 214-269] Inferring pragma 'pipeline II=1' for loop 'R_Group_loop_bflySize_equal_FFT_NUM' (FFT.cpp:398:13) in function 'FFT_stage_spatial_unroll<7>' due to performance pragma (FFT.cpp:401:9)
WARNING: [HLS 214-346] Cannot apply performance pragma for function 'FFT_DFT_spatial_unroll_CY_stream_vector(hls::stream<hls::vector<std::complex<float>, 4ul>, 0>&, hls::stream<hls::vector<std::complex<float>, 4ul>, 0>&)'because dataflow pragma takes precedence (FFT.cpp:598:0)
INFO: [HLS 214-376] automatically set the pipeline for Loop< VITIS_LOOP_690_2> at FFT.cpp:690:27 
INFO: [HLS 214-376] automatically set the pipeline for Loop< VITIS_LOOP_695_4> at FFT.cpp:695:27 
INFO: [HLS 214-376] automatically set the pipeline for Loop< VITIS_LOOP_725_11> at FFT.cpp:725:28 
INFO: [HLS 214-291] Loop 'VITIS_LOOP_697_5' is marked as complete unroll implied by the pipeline pragma (FFT.cpp:697:31)
INFO: [HLS 214-291] Loop 'VITIS_LOOP_692_3' is marked as complete unroll implied by the pipeline pragma (FFT.cpp:692:31)
INFO: [HLS 214-186] Unrolling loop 'VITIS_LOOP_697_5' (FFT.cpp:697:31) in function 'FFT_pipeline_DIF' completely with a factor of 4 (FFT.cpp:667:0)
INFO: [HLS 214-186] Unrolling loop 'VITIS_LOOP_692_3' (FFT.cpp:692:31) in function 'FFT_pipeline_DIF' completely with a factor of 4 (FFT.cpp:667:0)
INFO: [HLS 214-455] Changing loop 'FFT_pipeline_DIF_Loop_VITIS_LOOP_690_2_proc' (FFT.cpp:690:27) to a process function for dataflow in function 'FFT_pipeline_DIF' (FFT.cpp:690:27)
INFO: [HLS 214-455] Changing loop 'FFT_pipeline_DIF_Loop_VITIS_LOOP_695_4_proc' (FFT.cpp:695:27) to a process function for dataflow in function 'FFT_pipeline_DIF' (FFT.cpp:695:27)
INFO: [HLS 214-455] Changing loop 'FFT_pipeline_DIF_Loop_VITIS_LOOP_725_11_proc' (FFT.cpp:725:28) to a process function for dataflow in function 'FFT_pipeline_DIF' (FFT.cpp:725:28)
INFO: [HLS 214-455] Changing loop 'FFT_Stage1_vectorstream_parameterize_Loop_FFT_Stage1_proc' (FFT.cpp:496:14) to a process function for dataflow in function 'FFT_Stage1_vectorstream_parameterize' (FFT.cpp:496:14)
INFO-FLOW: DBG:PUTS: copy_raw_kernel_xml ap_link_39: kernel.xml not generated: /scratch/juju/HP-FFT-HLS/n128/UF2/FFT_DIF_NR/FFT_DIF_NR/.autopilot/db/kernel.internal.xml
INFO: [HLS 200-111] Finished Compiling Optimization and Transform: CPU user time: 4.12 seconds. CPU system time: 1.32 seconds. Elapsed time: 8.08 seconds; current allocated memory: 977.945 MB.
INFO: [HLS 200-111] Finished Checking Pragmas: CPU user time: 0 seconds. CPU system time: 0 seconds. Elapsed time: 0 seconds; current allocated memory: 977.945 MB.
Execute         opt_and_import_c a -opt_level=2 -skip_syncheck=0 -ng=0 -keep_printf=0 
Execute           cleanup_all_models 
INFO: [HLS 200-10] Starting code transformations ...
INFO-FLOW: Running Standard Transforms...
Execute           transform -hls -share-std-xform -demangle-name -inline-byval-memcpy -always-inline -promote-dbg-pointer -interface-preproc -mem2reg -scalarrepl -mem2reg -keep-read-access -instcombine -dce -promote-dbg-pointer -bitop-raise -loop-simplify -indvarspre -indvars -loop-simplify -constprop -instcombine -simplifycfg -indvars -simplifycfg -dce -globaldce -basicaa -simplifycfg -mem2reg -globalopt -global-constprop -deadargelim -instcombine -simplifycfg -scalarrepl -instcombine -reassociate -licm -simplifycfg -loop-simplify -indvars -instcombine -simplifycfg -mem2reg -loop-simplify -indvars -instcombine -gvn -gvn -instcombine -adce -break-crit-edges -simplifycfg -loop-delete -global-array-opt -dce -dse -adce -find-syn-modules -top FFT_DIF_NR -deadargelim -mem2reg -instcombine -dce -presyn-prepare -interface-preproc -syn-check -check-rec-only -find-region -simplifycfg -func-extr -function-inline -globaldce -mem2reg -instcombine -dce -gvn -globaldce -adce -adse -constprop -instcombine -bit-constprop -instcombine -dce -simplifycfg -bitop-raise -simplifycfg -dce -loop-delete -reassociate -globalopt -global-privatize -mem2reg -dce -global-constprop -pointer-simplify -constprop -dce -promote-dbg-pointer -norm-name /scratch/juju/HP-FFT-HLS/n128/UF2/FFT_DIF_NR/FFT_DIF_NR/.autopilot/db/a.g.0.bc -o /scratch/juju/HP-FFT-HLS/n128/UF2/FFT_DIF_NR/FFT_DIF_NR/.autopilot/db/a.g.1.bc -f -phase std-opt 
INFO: [HLS 200-111] Finished Standard Transforms: CPU user time: 0.07 seconds. CPU system time: 0.01 seconds. Elapsed time: 0.08 seconds; current allocated memory: 977.945 MB.
INFO: [HLS 200-10] Checking synthesizability ...
INFO-FLOW: Checking Synthesizability 1/2..
Execute           transform -hls -syn-check -check-rec-only -scalarrepl -norm-name -dce -mem2reg -instcombine -directive-preproc -mem2reg -dse -dce -dce -pag -array-normalize -instcombine -dce -array-seg-normalize -instcombine -dce -data-pack -instcombine -dce -inst-simplify -array-flatten -instcombine -dce -array-burst -dce -deadargelim -promote-global-argument -simplifycfg -mem2reg -globaldce -dce -deadargelim -dce -instcombine -function-inline -globaldce -dce -doublePtrSimplify -doublePtrElim -dce -doublePtrSimplify -promote-dbg-pointer -dce -scalarrepl -dse -adse -instcombine -ptrLegalization -simplifycfg -dce -instcombine -pointer-simplify -ptrArgReplace -dce -instcombine -resolve-double-ptr -scalarrepl -norm-name -dce -mem2reg -instcombine -ptrLegalization -simplifycfg -deadargelim -instcombine -dce -inst-simplify -directive-preproc -mem2reg -dse -dce -globaldce /scratch/juju/HP-FFT-HLS/n128/UF2/FFT_DIF_NR/FFT_DIF_NR/.autopilot/db/a.g.1.bc -o /scratch/juju/HP-FFT-HLS/n128/UF2/FFT_DIF_NR/FFT_DIF_NR/.autopilot/db/a.g.2.prechk.bc -f 
INFO-FLOW: Checking Synthesizability 2/2..
Execute           transform -syn-check /scratch/juju/HP-FFT-HLS/n128/UF2/FFT_DIF_NR/FFT_DIF_NR/.autopilot/db/a.g.2.prechk.bc -o /scratch/juju/HP-FFT-HLS/n128/UF2/FFT_DIF_NR/FFT_DIF_NR/.autopilot/db/a.g.2.bc -f -phase syn-check 
INFO: [HLS 200-111] Finished Checking Synthesizability: CPU user time: 0.12 seconds. CPU system time: 0 seconds. Elapsed time: 0.12 seconds; current allocated memory: 977.945 MB.
INFO-FLOW: Compiler optimizing ...
INFO-FLOW: Share syncheck's 1.bc for syn flow: copy /scratch/juju/HP-FFT-HLS/n128/UF2/FFT_DIF_NR/FFT_DIF_NR/.autopilot/db/a.g.1.bc to /scratch/juju/HP-FFT-HLS/n128/UF2/FFT_DIF_NR/FFT_DIF_NR/.autopilot/db/a.o.1.bc
INFO-FLOW: Presyn 1...
Execute           transform -hls -tmp /scratch/juju/HP-FFT-HLS/n128/UF2/FFT_DIF_NR/FFT_DIF_NR/.autopilot/db -interface-port-rename -directive-preproc -mem2reg -dse -dce -scalarrepl -norm-name -deadargelim -dce -hls-dead-arg-elim -deadargelim -mem2reg -instcombine -dce -simplifycfg -dce -resource-proc -clib-intrinsic-prepare -dce -func-buffer -dce -pag -array-normalize -func-legal -instcombine -gvn -constprop -dce -simplifycfg -mem2reg -globaldce -resolve-double-ptr -dce -deadargelim -dce -instcombine -ptrArgReplace -mem2reg -dce -array-seg-normalize -deadargelim -instcombine -dce -directive-preproc -mem2reg -dse -dce -pointer-simplify -dce -port-alignment -dce -interface-preproc -data-pack -instcombine -dce -basicaa -aggr-aa -aggrmodref-aa -aggr-aa -gvn -gvn -basicaa -aggr-aa -aggrmodref-aa -aggr-aa -dse -adse -adce -loop-simplify -indvars -instcombine -gvn -loop-simplify -mem2reg -dce -find-region -instcombine -inst-simplify -interface-preproc -cfgopt -instcombine -indvars -loop-simplify -loop-bound -constprop -instcombine -simplifycfg -indvars -simplifycfg -dce -globaldce -clean-region -attach-range -gvn -inst-simplify -constprop -simplifycfg -dce -pointer-simplify -dce -globalopt -constprop -dce -ptrArgReplace -mem2reg -simplifycfg -dce -instcombine -dce -array-transform-check -array-reshape -instcombine -simplifycfg -dce -ptrArgReplace -deadargelim -mem2reg -instcombine -simplifycfg -dce -indvars -loop-simplify -loop-bound -constprop -instcombine -simplifycfg -indvars -simplifycfg -dce -globaldce -basicaa -aggr-aa -aggrmodref-aa -aggr-aa -dse -duplicate-dataflow-processes -globaldce -instcombine -array-partition -prepare-dynamic-array-partition -instcombine -simplifycfg -dce -ptrArgReplace -global-constprop -deadargelim -mem2reg -func-legal -dce -global-constprop -deadargelim -mem2reg -simplifycfg -dce -merge-param -deadargelim -globalopt -constprop -dce -ptrArgReplace -mem2reg -simplifycfg -dce -mem-intrinsic-preproc -dce -global-internalize -global-privatize -mem2reg -globaldce -lcssa -loop-simplify -phi-select-elim -promote-global-argument -ptrArgReplace -mem2reg -dce -globalopt -mergereturn -simplify-global-access -mem2reg -dce -pointer-simplify -dce -basicaa -aggr-aa -aggrmodref-aa -aggr-aa -functionattrs -basicaa -aggr-aa -aggrmodref-aa -aggr-aa -gvn -gvn -basicaa -aggr-aa -aggrmodref-aa -aggr-aa -dse -adse -adce -dce -norm-name -basicaa -aggr-aa -aggrmodref-aa -aggr-aa -accesses-merge -function-inline -complex-op-raise -inst-simplify -globaldce -func-legal -dce -loop-bound -arraycheck -bitwidthmin2 -bitwidthmin2 -on-by-dataflow -loop-delete -instcombine -simplifycfg -globaldce -dce -gvn -deadargelim -dce -loop-simplify -clean-region -simplifycfg -propagate-stable-arguments -instcombine -simplifycfg -dce -globaldce -duplicate-dataflow-processes -stream-intrinsic-preproc -dce -check-ap-stream -loop-simplify -eliminate-keepreads -extract-dataflow-in-loop -loop-simplify -dce -gvn -deadargelim -dse -duplicate-dataflow-processes -check-dataflow-syntax -legalize-stream-variable -globaldce -legalize-global -extract-subproc -dce -dead-channel-elimination -canonicalize-gep -globaldce -dce -gvn -hls-dead-arg-elim -deadargelim -directive-preproc -canonicalize-dataflow -dce -globaldce -scalar-preprocessing -scalar-propagation2 -scalar-stream -deadargelim -globaldce -mem2reg -check-dataflow-channels -function-stream -dce -globaldce -prop-fifo-spec -internal-stream-gen -canonicalize-gep -globaldce -dce -gvn -deadargelim -mergereturn -indvars -loop-simplify -instcombine -array-stream -array-seg-normalize -array-partition -clean-array-spec -func-legal -instcombine -simplifycfg -dce -bundle-memfifo-ops -deadargelim -directive-preproc -mem2reg -dse -dce -group-axi-access -licm -simplifycfg -dce -loop-delete -hls-display -norm-name /scratch/juju/HP-FFT-HLS/n128/UF2/FFT_DIF_NR/FFT_DIF_NR/.autopilot/db/a.o.1.bc -o /scratch/juju/HP-FFT-HLS/n128/UF2/FFT_DIF_NR/FFT_DIF_NR/.autopilot/db/a.o.1.tmp.bc -f 
WARNING: [XFORM 203-731] Internal stream variable 'reverse_in_stream_vector' is invalid: it has no data producer
WARNING: [HLS 200-805] An internal stream 'data_s1_stream_vector' with default size can result in deadlock. Please consider resizing the stream using the directive 'set_directive_stream' or the 'HLS stream' pragma.
ERROR: [HLS 200-971] Array 'FFT_DFT_spatial_unroll_CY_stream_vector(stream<vector<complex<float>, 4ul>, 0>&, stream<vector<complex<float>, 4ul>, 0>&)data_2.0_0' failed dataflow checking: Read-before-write is not supported on array.
INFO: [HLS 200-992] Internal global variable 'FFT_DFT_spatial_unroll_CY_stream_vector(stream<vector<complex<float>, 4ul>, 0>&, stream<vector<complex<float>, 4ul>, 0>&)data_2.0_0' has read operations in process function 'FFT_stage_spatial_unroll<5>' (FFT.cpp:0:13) (around FFT.cpp:632).
INFO: [HLS 200-992] Internal global variable 'FFT_DFT_spatial_unroll_CY_stream_vector(stream<vector<complex<float>, 4ul>, 0>&, stream<vector<complex<float>, 4ul>, 0>&)data_2.0_0' has write operations in process function 'FFT_stage_spatial_unroll<4>' (FFT.cpp:0:13) (around FFT.cpp:633).
ERROR: [HLS 200-971] Array 'FFT_DFT_spatial_unroll_CY_stream_vector(stream<vector<complex<float>, 4ul>, 0>&, stream<vector<complex<float>, 4ul>, 0>&)data_2.0_1' failed dataflow checking: Read-before-write is not supported on array.
INFO: [HLS 200-992] Internal global variable 'FFT_DFT_spatial_unroll_CY_stream_vector(stream<vector<complex<float>, 4ul>, 0>&, stream<vector<complex<float>, 4ul>, 0>&)data_2.0_1' has read operations in process function 'FFT_stage_spatial_unroll<5>' (FFT.cpp:0:13) (around FFT.cpp:632).
INFO: [HLS 200-992] Internal global variable 'FFT_DFT_spatial_unroll_CY_stream_vector(stream<vector<complex<float>, 4ul>, 0>&, stream<vector<complex<float>, 4ul>, 0>&)data_2.0_1' has write operations in process function 'FFT_stage_spatial_unroll<4>' (FFT.cpp:0:13) (around FFT.cpp:633).
ERROR: [HLS 200-971] Array 'FFT_DFT_spatial_unroll_CY_stream_vector(stream<vector<complex<float>, 4ul>, 0>&, stream<vector<complex<float>, 4ul>, 0>&)data_2.1_0' failed dataflow checking: Read-before-write is not supported on array.
INFO: [HLS 200-992] Internal global variable 'FFT_DFT_spatial_unroll_CY_stream_vector(stream<vector<complex<float>, 4ul>, 0>&, stream<vector<complex<float>, 4ul>, 0>&)data_2.1_0' has read operations in process function 'FFT_stage_spatial_unroll<5>' (FFT.cpp:0:13) (around FFT.cpp:632).
INFO: [HLS 200-992] Internal global variable 'FFT_DFT_spatial_unroll_CY_stream_vector(stream<vector<complex<float>, 4ul>, 0>&, stream<vector<complex<float>, 4ul>, 0>&)data_2.1_0' has write operations in process function 'FFT_stage_spatial_unroll<4>' (FFT.cpp:0:13) (around FFT.cpp:633).
ERROR: [HLS 200-971] Array 'FFT_DFT_spatial_unroll_CY_stream_vector(stream<vector<complex<float>, 4ul>, 0>&, stream<vector<complex<float>, 4ul>, 0>&)data_2.1_1' failed dataflow checking: Read-before-write is not supported on array.
INFO: [HLS 200-992] Internal global variable 'FFT_DFT_spatial_unroll_CY_stream_vector(stream<vector<complex<float>, 4ul>, 0>&, stream<vector<complex<float>, 4ul>, 0>&)data_2.1_1' has read operations in process function 'FFT_stage_spatial_unroll<5>' (FFT.cpp:0:13) (around FFT.cpp:632).
INFO: [HLS 200-992] Internal global variable 'FFT_DFT_spatial_unroll_CY_stream_vector(stream<vector<complex<float>, 4ul>, 0>&, stream<vector<complex<float>, 4ul>, 0>&)data_2.1_1' has write operations in process function 'FFT_stage_spatial_unroll<4>' (FFT.cpp:0:13) (around FFT.cpp:633).
ERROR: [HLS 200-968] Internal global variable 'FFT_DFT_spatial_unroll_CY_stream_vector(stream<vector<complex<float>, 4ul>, 0>&, stream<vector<complex<float>, 4ul>, 0>&)data_1.0_0' failed dataflow checking: it can only be read in one process function.
INFO: [HLS 200-992] Internal global variable 'FFT_DFT_spatial_unroll_CY_stream_vector(stream<vector<complex<float>, 4ul>, 0>&, stream<vector<complex<float>, 4ul>, 0>&)data_1.0_0' has read operations in process function 'FFT_stage_spatial_unroll<4>' (FFT.cpp:0:13) (around FFT.cpp:633).
INFO: [HLS 200-992] Internal global variable 'FFT_DFT_spatial_unroll_CY_stream_vector(stream<vector<complex<float>, 4ul>, 0>&, stream<vector<complex<float>, 4ul>, 0>&)data_1.0_0' has read operations in process function 'output_result_array_to_stream' (FFT.cpp:0:18) (around FFT.cpp:636).
ERROR: [HLS 200-779] Non-shared array 'FFT_DFT_spatial_unroll_CY_stream_vector(stream<vector<complex<float>, 4ul>, 0>&, stream<vector<complex<float>, 4ul>, 0>&)data_1.0_0' failed dataflow checking: it can only have a single reader and a single writer.
INFO: [HLS 200-992] Internal global variable 'FFT_DFT_spatial_unroll_CY_stream_vector(stream<vector<complex<float>, 4ul>, 0>&, stream<vector<complex<float>, 4ul>, 0>&)data_1.0_0' has read operations in process function 'FFT_stage_spatial_unroll<4>' (FFT.cpp:0:13) (around FFT.cpp:633).
INFO: [HLS 200-992] Internal global variable 'FFT_DFT_spatial_unroll_CY_stream_vector(stream<vector<complex<float>, 4ul>, 0>&, stream<vector<complex<float>, 4ul>, 0>&)data_1.0_0' has write operations in process function 'FFT_stage_spatial_unroll<3>' (FFT.cpp:0:13) (around FFT.cpp:634).
INFO: [HLS 200-992] Internal global variable 'FFT_DFT_spatial_unroll_CY_stream_vector(stream<vector<complex<float>, 4ul>, 0>&, stream<vector<complex<float>, 4ul>, 0>&)data_1.0_0' has read operations in process function 'output_result_array_to_stream' (FFT.cpp:0:18) (around FFT.cpp:636).
ERROR: [HLS 200-968] Internal global variable 'FFT_DFT_spatial_unroll_CY_stream_vector(stream<vector<complex<float>, 4ul>, 0>&, stream<vector<complex<float>, 4ul>, 0>&)data_1.0_1' failed dataflow checking: it can only be read in one process function.
INFO: [HLS 200-992] Internal global variable 'FFT_DFT_spatial_unroll_CY_stream_vector(stream<vector<complex<float>, 4ul>, 0>&, stream<vector<complex<float>, 4ul>, 0>&)data_1.0_1' has read operations in process function 'FFT_stage_spatial_unroll<4>' (FFT.cpp:0:13) (around FFT.cpp:633).
INFO: [HLS 200-992] Internal global variable 'FFT_DFT_spatial_unroll_CY_stream_vector(stream<vector<complex<float>, 4ul>, 0>&, stream<vector<complex<float>, 4ul>, 0>&)data_1.0_1' has read operations in process function 'output_result_array_to_stream' (FFT.cpp:0:18) (around FFT.cpp:636).
ERROR: [HLS 200-779] Non-shared array 'FFT_DFT_spatial_unroll_CY_stream_vector(stream<vector<complex<float>, 4ul>, 0>&, stream<vector<complex<float>, 4ul>, 0>&)data_1.0_1' failed dataflow checking: it can only have a single reader and a single writer.
INFO: [HLS 200-992] Internal global variable 'FFT_DFT_spatial_unroll_CY_stream_vector(stream<vector<complex<float>, 4ul>, 0>&, stream<vector<complex<float>, 4ul>, 0>&)data_1.0_1' has read operations in process function 'FFT_stage_spatial_unroll<4>' (FFT.cpp:0:13) (around FFT.cpp:633).
INFO: [HLS 200-992] Internal global variable 'FFT_DFT_spatial_unroll_CY_stream_vector(stream<vector<complex<float>, 4ul>, 0>&, stream<vector<complex<float>, 4ul>, 0>&)data_1.0_1' has write operations in process function 'FFT_stage_spatial_unroll<3>' (FFT.cpp:0:13) (around FFT.cpp:634).
INFO: [HLS 200-992] Internal global variable 'FFT_DFT_spatial_unroll_CY_stream_vector(stream<vector<complex<float>, 4ul>, 0>&, stream<vector<complex<float>, 4ul>, 0>&)data_1.0_1' has read operations in process function 'output_result_array_to_stream' (FFT.cpp:0:18) (around FFT.cpp:636).
ERROR: [HLS 200-968] Internal global variable 'FFT_DFT_spatial_unroll_CY_stream_vector(stream<vector<complex<float>, 4ul>, 0>&, stream<vector<complex<float>, 4ul>, 0>&)data_1.1_0' failed dataflow checking: it can only be read in one process function.
INFO: [HLS 200-992] Internal global variable 'FFT_DFT_spatial_unroll_CY_stream_vector(stream<vector<complex<float>, 4ul>, 0>&, stream<vector<complex<float>, 4ul>, 0>&)data_1.1_0' has read operations in process function 'FFT_stage_spatial_unroll<4>' (FFT.cpp:0:13) (around FFT.cpp:633).
INFO: [HLS 200-992] Internal global variable 'FFT_DFT_spatial_unroll_CY_stream_vector(stream<vector<complex<float>, 4ul>, 0>&, stream<vector<complex<float>, 4ul>, 0>&)data_1.1_0' has read operations in process function 'output_result_array_to_stream' (FFT.cpp:0:18) (around FFT.cpp:636).
ERROR: [HLS 200-779] Non-shared array 'FFT_DFT_spatial_unroll_CY_stream_vector(stream<vector<complex<float>, 4ul>, 0>&, stream<vector<complex<float>, 4ul>, 0>&)data_1.1_0' failed dataflow checking: it can only have a single reader and a single writer.
INFO: [HLS 200-992] Internal global variable 'FFT_DFT_spatial_unroll_CY_stream_vector(stream<vector<complex<float>, 4ul>, 0>&, stream<vector<complex<float>, 4ul>, 0>&)data_1.1_0' has read operations in process function 'FFT_stage_spatial_unroll<4>' (FFT.cpp:0:13) (around FFT.cpp:633).
INFO: [HLS 200-992] Internal global variable 'FFT_DFT_spatial_unroll_CY_stream_vector(stream<vector<complex<float>, 4ul>, 0>&, stream<vector<complex<float>, 4ul>, 0>&)data_1.1_0' has write operations in process function 'FFT_stage_spatial_unroll<3>' (FFT.cpp:0:13) (around FFT.cpp:634).
INFO: [HLS 200-992] Internal global variable 'FFT_DFT_spatial_unroll_CY_stream_vector(stream<vector<complex<float>, 4ul>, 0>&, stream<vector<complex<float>, 4ul>, 0>&)data_1.1_0' has read operations in process function 'output_result_array_to_stream' (FFT.cpp:0:18) (around FFT.cpp:636).
ERROR: [HLS 200-968] Internal global variable 'FFT_DFT_spatial_unroll_CY_stream_vector(stream<vector<complex<float>, 4ul>, 0>&, stream<vector<complex<float>, 4ul>, 0>&)data_1.1_1' failed dataflow checking: it can only be read in one process function.
INFO: [HLS 200-992] Internal global variable 'FFT_DFT_spatial_unroll_CY_stream_vector(stream<vector<complex<float>, 4ul>, 0>&, stream<vector<complex<float>, 4ul>, 0>&)data_1.1_1' has read operations in process function 'FFT_stage_spatial_unroll<4>' (FFT.cpp:0:13) (around FFT.cpp:633).
INFO: [HLS 200-992] Internal global variable 'FFT_DFT_spatial_unroll_CY_stream_vector(stream<vector<complex<float>, 4ul>, 0>&, stream<vector<complex<float>, 4ul>, 0>&)data_1.1_1' has read operations in process function 'output_result_array_to_stream' (FFT.cpp:0:18) (around FFT.cpp:636).
ERROR: [HLS 200-779] Non-shared array 'FFT_DFT_spatial_unroll_CY_stream_vector(stream<vector<complex<float>, 4ul>, 0>&, stream<vector<complex<float>, 4ul>, 0>&)data_1.1_1' failed dataflow checking: it can only have a single reader and a single writer.
INFO: [HLS 200-992] Internal global variable 'FFT_DFT_spatial_unroll_CY_stream_vector(stream<vector<complex<float>, 4ul>, 0>&, stream<vector<complex<float>, 4ul>, 0>&)data_1.1_1' has read operations in process function 'FFT_stage_spatial_unroll<4>' (FFT.cpp:0:13) (around FFT.cpp:633).
INFO: [HLS 200-992] Internal global variable 'FFT_DFT_spatial_unroll_CY_stream_vector(stream<vector<complex<float>, 4ul>, 0>&, stream<vector<complex<float>, 4ul>, 0>&)data_1.1_1' has write operations in process function 'FFT_stage_spatial_unroll<3>' (FFT.cpp:0:13) (around FFT.cpp:634).
INFO: [HLS 200-992] Internal global variable 'FFT_DFT_spatial_unroll_CY_stream_vector(stream<vector<complex<float>, 4ul>, 0>&, stream<vector<complex<float>, 4ul>, 0>&)data_1.1_1' has read operations in process function 'output_result_array_to_stream' (FFT.cpp:0:18) (around FFT.cpp:636).
Command           transform done; error code: 1; 0.22 sec.
Execute           send_msg_by_id ERROR @200-1715@ 
ERROR: [HLS 200-1715] Encountered problem during source synthesis
INFO-FLOW: Error in Presyn 1: transform -hls -tmp /scratch/juju/HP-FFT-HLS/n128/UF2/FFT_DIF_NR/FFT_DIF_NR/.autopilot/db  -interface-port-rename   -directive-preproc -mem2reg -dse -dce  -scalarrepl -norm-name -deadargelim -dce -hls-dead-arg-elim -deadargelim  -mem2reg -instcombine -dce -simplifycfg  -dce  -resource-proc  -clib-intrinsic-prepare -dce  -func-buffer -dce -pag -array-normalize  -func-legal -instcombine -gvn -constprop -dce   -simplifycfg -mem2reg -globaldce -resolve-double-ptr -dce  -deadargelim -dce -instcombine  -ptrArgReplace -mem2reg -dce  -array-seg-normalize -deadargelim  -instcombine -dce  -directive-preproc -mem2reg -dse -dce  -pointer-simplify -dce  -port-alignment -dce  -interface-preproc  -data-pack -instcombine -dce   -basicaa -aggr-aa -aggrmodref-aa -aggr-aa -gvn -gvn  -basicaa -aggr-aa -aggrmodref-aa -aggr-aa -dse -adse -adce  -loop-simplify -indvars -instcombine  -gvn -loop-simplify -mem2reg -dce  -find-region -instcombine    -inst-simplify  -interface-preproc  -cfgopt -instcombine  -indvars -loop-simplify -loop-bound  -constprop -instcombine -simplifycfg -indvars  -simplifycfg -dce -globaldce  -clean-region  -attach-range  -gvn -inst-simplify  -constprop -simplifycfg -dce  -pointer-simplify -dce  -globalopt -constprop -dce  -ptrArgReplace -mem2reg  -simplifycfg -dce  -instcombine -dce  -array-transform-check  -array-reshape -instcombine -simplifycfg -dce  -ptrArgReplace -deadargelim -mem2reg  -instcombine -simplifycfg -dce   -indvars -loop-simplify -loop-bound   -constprop -instcombine -simplifycfg -indvars  -simplifycfg -dce -globaldce -basicaa -aggr-aa -aggrmodref-aa -aggr-aa -dse  -duplicate-dataflow-processes -globaldce -instcombine  -array-partition -prepare-dynamic-array-partition -instcombine -simplifycfg -dce  -ptrArgReplace -global-constprop -deadargelim -mem2reg  -func-legal -dce -global-constprop -deadargelim -mem2reg  -simplifycfg -dce   -merge-param -deadargelim   -globalopt -constprop -dce  -ptrArgReplace -mem2reg  -simplifycfg -dce   -mem-intrinsic-preproc -dce  -global-internalize -global-privatize  -mem2reg -globaldce -lcssa -loop-simplify -phi-select-elim  -promote-global-argument  -ptrArgReplace -mem2reg -dce  -globalopt -mergereturn -simplify-global-access -mem2reg -dce  -pointer-simplify -dce  -basicaa -aggr-aa -aggrmodref-aa -aggr-aa -functionattrs  -basicaa -aggr-aa -aggrmodref-aa -aggr-aa -gvn -gvn  -basicaa -aggr-aa -aggrmodref-aa -aggr-aa -dse -adse -adce  -dce -norm-name  -basicaa -aggr-aa -aggrmodref-aa -aggr-aa -accesses-merge  -function-inline -complex-op-raise -inst-simplify -globaldce  -func-legal -dce   -loop-bound  -arraycheck -bitwidthmin2 -bitwidthmin2 -on-by-dataflow  -loop-delete -instcombine -simplifycfg  -globaldce -dce -gvn -deadargelim -dce -loop-simplify -clean-region -simplifycfg -propagate-stable-arguments   -instcombine -simplifycfg -dce -globaldce  -duplicate-dataflow-processes -stream-intrinsic-preproc -dce  -check-ap-stream -loop-simplify -eliminate-keepreads  -extract-dataflow-in-loop -loop-simplify -dce -gvn -deadargelim -dse  -duplicate-dataflow-processes -check-dataflow-syntax  -legalize-stream-variable -globaldce -legalize-global  -extract-subproc -dce -dead-channel-elimination  -canonicalize-gep -globaldce -dce -gvn -hls-dead-arg-elim -deadargelim -directive-preproc  -canonicalize-dataflow -dce -globaldce -scalar-preprocessing -scalar-propagation2 -scalar-stream -deadargelim -globaldce -mem2reg  -check-dataflow-channels -function-stream -dce -globaldce  -prop-fifo-spec -internal-stream-gen  -canonicalize-gep -globaldce -dce -gvn -deadargelim   -mergereturn -indvars -loop-simplify -instcombine  -array-stream -array-seg-normalize   -array-partition -clean-array-spec   -func-legal -instcombine -simplifycfg -dce -bundle-memfifo-ops -deadargelim    -directive-preproc -mem2reg -dse -dce  -group-axi-access    -licm -simplifycfg -dce -loop-delete -hls-display -norm-name  /scratch/juju/HP-FFT-HLS/n128/UF2/FFT_DIF_NR/FFT_DIF_NR/.autopilot/db/a.o.1.bc -o /scratch/juju/HP-FFT-HLS/n128/UF2/FFT_DIF_NR/FFT_DIF_NR/.autopilot/db/a.o.1.tmp.bc -f:
command 'transform' returned error code
ERROR: [HLS 200-70] Pre-synthesis failed.
INFO-FLOW: Caught error in opt_and_import_c: 
    while executing
"::AP::OptAndImportC_39 $irbase $opt_level $skip_syncheck $ng $keep_printf"
    (procedure "ap_internal_opt_and_import_c" line 22)
    invoked from within
"ap_internal_opt_and_import_c "
Command         opt_and_import_c done; error code: 2; 0.42 sec.
INFO-FLOW: Caught error in elaborate: 
    while executing
"ap_internal_elaborate "
Command       elaborate done; error code: 2; 17.46 sec.
INFO-FLOW: Caught error in csynth_design: 
    while executing
"ap_internal_csynth_design "
Command     csynth_design done; error code: 2; 17.51 sec.
INFO: [HLS 200-2161] Finished Command csynth_design Elapsed time: 00:00:17; Allocated memory: 0.000 MB.
Command   ap_source done; error code: 1; 2542.95 sec.
Execute   cleanup_all 
