================================================================
== Vivado RTL Synthesis Results
================================================================
+ General Information:
    * Date:            Fri Apr 04 15:52:24 PDT 2025
    * Version:         2024.2 (Build 5238294 on Nov  8 2024)
    * Project:         build
    * Solution:        FFT_250MHz (Vivado IP Flow Target)
    * Product family:  versalpremium
    * Target device:   xcvp1802-lsvc4072-3HP-e-S


================================================================
== Run Constraints & Options
================================================================
+ Design Constraints & Options:
    * RTL Synthesis target clock:  4 ns
    * C-Synthesis target clock:    4 ns
    * C-Synthesis uncertainty:     27%

+ RTL Synthesis Options:
    * config_export -vivado_synth_strategy:     default
    * config_export -vivado_synth_design_args:  -directive sdx_optimization_effort_high

+ Reporting Options:
    * config_export -vivado_report_level:      2
    * config_export -vivado_max_timing_paths:  10


================================================================
== RTL Synthesis Resource Summary
================================================================
LUT:              18937
FF:               13421
DSP:              24
BRAM:             72
URAM:             0
SRL:              66


================================================================
== RTL Synthesis Timing Summary
================================================================
* Timing was met
+----------------+-------------+
| Timing         | Period (ns) |
+----------------+-------------+
| Target         | 4.000       |
| Post-Synthesis | 3.433       |
+----------------+-------------+


================================================================
== RTL Synthesis Resources
================================================================
+-----------------------------------------------------------------------------+-------+-------+-----+------+------+-----+--------+------+---------+----------+--------+
| Name                                                                        | LUT   | FF    | DSP | BRAM | URAM | SRL | Pragma | Impl | Latency | Variable | Source |
+-----------------------------------------------------------------------------+-------+-------+-----+------+------+-----+--------+------+---------+----------+--------+
| inst                                                                        | 18937 | 13421 | 24  | 72   |      |     |        |      |         |          |        |
|   FFT_DIT_spatial_unroll_CY_stream_vector_U0                                | 18937 | 13421 | 24  | 72   |      |     |        |      |         |          |        |
|     (FFT_DIT_spatial_unroll_CY_stream_vector_U0)                            | 1     | 7     |     |      |      |     |        |      |         |          |        |
|     FFT_Stage1_vectorstream_parameterize_U0                                 | 1998  | 889   |     |      |      |     |        |      |         |          |        |
|       FFT_Stage1_vectorstream_parameterize_Loop_FFT_Stage1_proc_U0          | 1998  | 889   |     |      |      |     |        |      |         |          |        |
|         (FFT_Stage1_vectorstream_parameterize_Loop_FFT_Stage1_proc_U0)      | 16    | 288   |     |      |      |     |        |      |         |          |        |
|         fadd_32ns_32ns_32_4_no_dsp_1_U22                                    | 493   | 150   |     |      |      |     |        |      |         |          |        |
|         fadd_32ns_32ns_32_4_no_dsp_1_U23                                    | 493   | 150   |     |      |      |     |        |      |         |          |        |
|         flow_control_loop_pipe_U                                            | 10    | 1     |     |      |      |     |        |      |         |          |        |
|         fsub_32ns_32ns_32_4_no_dsp_1_U24                                    | 493   | 150   |     |      |      |     |        |      |         |          |        |
|         fsub_32ns_32ns_32_4_no_dsp_1_U25                                    | 493   | 150   |     |      |      |     |        |      |         |          |        |
|     FFT_stage_spatial_unroll_2_U0                                           | 2057  | 973   |     |      |      |     |        |      |         |          |        |
|       (FFT_stage_spatial_unroll_2_U0)                                       | 95    | 371   |     |      |      |     |        |      |         |          |        |
|       fadd_32ns_32ns_32_4_no_dsp_1_U34                                      | 484   | 150   |     |      |      |     |        |      |         |          |        |
|       fadd_32ns_32ns_32_4_no_dsp_1_U35                                      | 493   | 150   |     |      |      |     |        |      |         |          |        |
|       flow_control_loop_delay_pipe_U                                        | 31    | 2     |     |      |      |     |        |      |         |          |        |
|       fsub_32ns_32ns_32_4_no_dsp_1_U36                                      | 477   | 150   |     |      |      |     |        |      |         |          |        |
|       fsub_32ns_32ns_32_4_no_dsp_1_U37                                      | 477   | 150   |     |      |      |     |        |      |         |          |        |
|     FFT_stage_spatial_unroll_3_U0                                           | 2170  | 1629  | 4   |      |      |     |        |      |         |          |        |
|       (FFT_stage_spatial_unroll_3_U0)                                       | 166   | 1027  |     |      |      |     |        |      |         |          |        |
|       fadd_32ns_32ns_32_4_no_dsp_1_U42                                      | 484   | 150   |     |      |      |     |        |      |         |          |        |
|       fadd_32ns_32ns_32_4_no_dsp_1_U43                                      | 493   | 150   |     |      |      |     |        |      |         |          |        |
|       flow_control_loop_delay_pipe_U                                        | 73    | 2     |     |      |      |     |        |      |         |          |        |
|       fmadd_32ns_32ns_32ns_32ns_32_1_primitive_dsp_1_U48                    |       |       | 1   |      |      |     |        |      |         |          |        |
|       fmsub_32ns_32ns_32ns_32ns_32_1_primitive_dsp_1_U49                    |       |       | 1   |      |      |     |        |      |         |          |        |
|       fmul_32ns_32ns_32_1_primitive_dsp_1_U46                               |       |       | 1   |      |      |     |        |      |         |          |        |
|       fmul_32ns_32ns_32_1_primitive_dsp_1_U47                               |       |       | 1   |      |      |     |        |      |         |          |        |
|       fsub_32ns_32ns_32_4_no_dsp_1_U44                                      | 477   | 150   |     |      |      |     |        |      |         |          |        |
|       fsub_32ns_32ns_32_4_no_dsp_1_U45                                      | 477   | 150   |     |      |      |     |        |      |         |          |        |
|     FFT_stage_spatial_unroll_4_U0                                           | 2207  | 1658  | 4   |      |      |     |        |      |         |          |        |
|       (FFT_stage_spatial_unroll_4_U0)                                       | 198   | 1056  |     |      |      |     |        |      |         |          |        |
|       fadd_32ns_32ns_32_4_no_dsp_1_U60                                      | 493   | 150   |     |      |      |     |        |      |         |          |        |
|       fadd_32ns_32ns_32_4_no_dsp_1_U61                                      | 493   | 150   |     |      |      |     |        |      |         |          |        |
|       flow_control_loop_delay_pipe_U                                        | 69    | 2     |     |      |      |     |        |      |         |          |        |
|       fmadd_32ns_32ns_32ns_32ns_32_1_primitive_dsp_1_U66                    |       |       | 1   |      |      |     |        |      |         |          |        |
|       fmsub_32ns_32ns_32ns_32ns_32_1_primitive_dsp_1_U67                    |       |       | 1   |      |      |     |        |      |         |          |        |
|       fmul_32ns_32ns_32_1_primitive_dsp_1_U64                               |       |       | 1   |      |      |     |        |      |         |          |        |
|       fmul_32ns_32ns_32_1_primitive_dsp_1_U65                               |       |       | 1   |      |      |     |        |      |         |          |        |
|       fsub_32ns_32ns_32_4_no_dsp_1_U62                                      | 477   | 150   |     |      |      |     |        |      |         |          |        |
|       fsub_32ns_32ns_32_4_no_dsp_1_U63                                      | 477   | 150   |     |      |      |     |        |      |         |          |        |
|     FFT_stage_spatial_unroll_5_U0                                           | 2176  | 1721  | 4   |      |      |     |        |      |         |          |        |
|       (FFT_stage_spatial_unroll_5_U0)                                       | 173   | 1119  |     |      |      |     |        |      |         |          |        |
|       fadd_32ns_32ns_32_4_no_dsp_1_U75                                      | 493   | 150   |     |      |      |     |        |      |         |          |        |
|       fadd_32ns_32ns_32_4_no_dsp_1_U76                                      | 493   | 150   |     |      |      |     |        |      |         |          |        |
|       flow_control_loop_delay_pipe_U                                        | 63    | 2     |     |      |      |     |        |      |         |          |        |
|       fmadd_32ns_32ns_32ns_32ns_32_1_primitive_dsp_1_U81                    |       |       | 1   |      |      |     |        |      |         |          |        |
|       fmsub_32ns_32ns_32ns_32ns_32_1_primitive_dsp_1_U82                    |       |       | 1   |      |      |     |        |      |         |          |        |
|       fmul_32ns_32ns_32_1_primitive_dsp_1_U79                               |       |       | 1   |      |      |     |        |      |         |          |        |
|       fmul_32ns_32ns_32_1_primitive_dsp_1_U80                               |       |       | 1   |      |      |     |        |      |         |          |        |
|       fsub_32ns_32ns_32_4_no_dsp_1_U77                                      | 477   | 150   |     |      |      |     |        |      |         |          |        |
|       fsub_32ns_32ns_32_4_no_dsp_1_U78                                      | 477   | 150   |     |      |      |     |        |      |         |          |        |
|     FFT_stage_spatial_unroll_6_U0                                           | 2250  | 1738  | 4   |      |      |     |        |      |         |          |        |
|       (FFT_stage_spatial_unroll_6_U0)                                       | 245   | 1136  |     |      |      |     |        |      |         |          |        |
|       fadd_32ns_32ns_32_4_no_dsp_1_U90                                      | 506   | 150   |     |      |      |     |        |      |         |          |        |
|       fadd_32ns_32ns_32_4_no_dsp_1_U91                                      | 506   | 150   |     |      |      |     |        |      |         |          |        |
|       flow_control_loop_delay_pipe_U                                        | 45    | 2     |     |      |      |     |        |      |         |          |        |
|       fmadd_32ns_32ns_32ns_32ns_32_1_primitive_dsp_1_U96                    |       |       | 1   |      |      |     |        |      |         |          |        |
|       fmsub_32ns_32ns_32ns_32ns_32_1_primitive_dsp_1_U97                    |       |       | 1   |      |      |     |        |      |         |          |        |
|       fmul_32ns_32ns_32_1_primitive_dsp_1_U94                               |       |       | 1   |      |      |     |        |      |         |          |        |
|       fmul_32ns_32ns_32_1_primitive_dsp_1_U95                               |       |       | 1   |      |      |     |        |      |         |          |        |
|       fsub_32ns_32ns_32_4_no_dsp_1_U92                                      | 474   | 150   |     |      |      |     |        |      |         |          |        |
|       fsub_32ns_32ns_32_4_no_dsp_1_U93                                      | 474   | 150   |     |      |      |     |        |      |         |          |        |
|     FFT_stage_spatial_unroll_7_U0                                           | 2159  | 1741  | 4   |      |      |     |        |      |         |          |        |
|       (FFT_stage_spatial_unroll_7_U0)                                       | 180   | 1139  |     |      |      |     |        |      |         |          |        |
|       fadd_32ns_32ns_32_4_no_dsp_1_U105                                     | 484   | 150   |     |      |      |     |        |      |         |          |        |
|       fadd_32ns_32ns_32_4_no_dsp_1_U106                                     | 493   | 150   |     |      |      |     |        |      |         |          |        |
|       flow_control_loop_delay_pipe_U                                        | 54    | 2     |     |      |      |     |        |      |         |          |        |
|       fmadd_32ns_32ns_32ns_32ns_32_1_primitive_dsp_1_U111                   |       |       | 1   |      |      |     |        |      |         |          |        |
|       fmsub_32ns_32ns_32ns_32ns_32_1_primitive_dsp_1_U112                   |       |       | 1   |      |      |     |        |      |         |          |        |
|       fmul_32ns_32ns_32_1_primitive_dsp_1_U109                              |       |       | 1   |      |      |     |        |      |         |          |        |
|       fmul_32ns_32ns_32_1_primitive_dsp_1_U110                              |       |       | 1   |      |      |     |        |      |         |          |        |
|       fsub_32ns_32ns_32_4_no_dsp_1_U107                                     | 471   | 150   |     |      |      |     |        |      |         |          |        |
|       fsub_32ns_32ns_32_4_no_dsp_1_U108                                     | 477   | 150   |     |      |      |     |        |      |         |          |        |
|     FFT_stage_spatial_unroll_8_U0                                           | 2238  | 1660  | 4   |      |      |     |        |      |         |          |        |
|       (FFT_stage_spatial_unroll_8_U0)                                       | 178   | 1059  |     |      |      |     |        |      |         |          |        |
|       fadd_32ns_32ns_32_4_no_dsp_1_U120                                     | 506   | 150   |     |      |      |     |        |      |         |          |        |
|       fadd_32ns_32ns_32_4_no_dsp_1_U121                                     | 506   | 150   |     |      |      |     |        |      |         |          |        |
|       flow_control_loop_pipe_U                                              | 36    | 1     |     |      |      |     |        |      |         |          |        |
|       fmadd_32ns_32ns_32ns_32ns_32_1_primitive_dsp_1_U126                   |       |       | 1   |      |      |     |        |      |         |          |        |
|       fmsub_32ns_32ns_32ns_32ns_32_1_primitive_dsp_1_U127                   |       |       | 1   |      |      |     |        |      |         |          |        |
|       fmul_32ns_32ns_32_1_primitive_dsp_1_U124                              |       |       | 1   |      |      |     |        |      |         |          |        |
|       fmul_32ns_32ns_32_1_primitive_dsp_1_U125                              |       |       | 1   |      |      |     |        |      |         |          |        |
|       fsub_32ns_32ns_32_4_no_dsp_1_U122                                     | 506   | 150   |     |      |      |     |        |      |         |          |        |
|       fsub_32ns_32ns_32_4_no_dsp_1_U123                                     | 506   | 150   |     |      |      |     |        |      |         |          |        |
|     data_1_1_U                                                              | 95    | 73    |     | 4    |      |     |        |      |         |          |        |
|     data_1_U                                                                | 79    | 73    |     | 4    |      |     |        |      |         |          |        |
|     data_2_1_U                                                              | 77    | 73    |     | 4    |      |     |        |      |         |          |        |
|     data_2_U                                                                | 76    | 73    |     | 4    |      |     |        |      |         |          |        |
|     data_3_1_U                                                              | 70    | 73    |     | 4    |      |     |        |      |         |          |        |
|     data_3_U                                                                | 70    | 73    |     | 4    |      |     |        |      |         |          |        |
|     data_4_1_U                                                              | 73    | 73    |     | 4    |      |     |        |      |         |          |        |
|     data_4_U                                                                | 73    | 73    |     | 4    |      |     |        |      |         |          |        |
|     data_5_1_U                                                              | 113   | 73    |     | 4    |      |     |        |      |         |          |        |
|     data_5_U                                                                | 113   | 73    |     | 4    |      |     |        |      |         |          |        |
|     data_6_1_U                                                              | 108   | 73    |     | 4    |      |     |        |      |         |          |        |
|     data_6_U                                                                | 72    | 73    |     | 4    |      |     |        |      |         |          |        |
|     data_7_1_U                                                              | 128   | 75    |     | 4    |      |     |        |      |         |          |        |
|     data_7_U                                                                | 104   | 73    |     | 4    |      |     |        |      |         |          |        |
|     data_8_1_U                                                              | 88    | 73    |     | 4    |      |     |        |      |         |          |        |
|     data_8_U                                                                | 77    | 73    |     | 4    |      |     |        |      |         |          |        |
|     output_result_array_to_stream_U0                                        | 25    | 10    |     |      |      |     |        |      |         |          |        |
|       (output_result_array_to_stream_U0)                                    | 4     | 9     |     |      |      |     |        |      |         |          |        |
|     reverse_in_stream_vector_U                                              | 71    | 134   |     |      |      |     |        |      |         |          |        |
|     reverse_input_stream_UF1_U0                                             | 169   | 91    |     | 8    |      |     |        |      |         |          |        |
|       (reverse_input_stream_UF1_U0)                                         |       | 1     |     |      |      |     |        |      |         |          |        |
|       reverse_input_stream_UF1_stream_stream_vector_0_data_in_cyclic_0_0_U  | 7     | 6     |     | 1    |      |     |        |      |         |          |        |
|       reverse_input_stream_UF1_stream_stream_vector_0_data_in_cyclic_0_1_U  | 7     | 6     |     | 1    |      |     |        |      |         |          |        |
|       reverse_input_stream_UF1_stream_stream_vector_0_data_in_cyclic_1_0_U  | 7     | 6     |     | 1    |      |     |        |      |         |          |        |
|       reverse_input_stream_UF1_stream_stream_vector_0_data_in_cyclic_1_1_U  | 9     | 6     |     | 1    |      |     |        |      |         |          |        |
|       reverse_input_stream_UF1_stream_stream_vector_0_data_rev_stream_0_0_U | 7     | 6     |     | 1    |      |     |        |      |         |          |        |
|       reverse_input_stream_UF1_stream_stream_vector_0_data_rev_stream_0_1_U | 7     | 6     |     | 1    |      |     |        |      |         |          |        |
|       reverse_input_stream_UF1_stream_stream_vector_0_data_rev_stream_1_0_U | 7     | 6     |     | 1    |      |     |        |      |         |          |        |
|       reverse_input_stream_UF1_stream_stream_vector_0_data_rev_stream_1_1_U | 8     | 6     |     | 1    |      |     |        |      |         |          |        |
+-----------------------------------------------------------------------------+-------+-------+-----+------+------+-----+--------+------+---------+----------+--------+


================================================================
== RTL Synthesis Fail Fast
================================================================
+-----------------------------------------------------------+-----------+--------+--------+
| Criteria                                                  | Guideline | Actual | Status |
+-----------------------------------------------------------+-----------+--------+--------+
| LUT                                                       | 70%       | 0.56%  | OK     |
| FD                                                        | 50%       | 0.20%  | OK     |
| LUTRAM+SRL                                                | 25%       | 0.01%  | OK     |
| LOOKAHEAD8                                                | 25%       | 0.13%  | OK     |
| DSP                                                       | 80%       | 0.17%  | OK     |
| RAMB                                                      | 80%       | 0.73%  | OK     |
| URAM                                                      | 80%       | 0.00%  | OK     |
| DSP+RAMB+URAM (Avg)                                       | 70%       | 0.45%  | OK     |
| BUFGCE* + BUFGCTRL                                        | 24        | 0      | OK     |
| DONT_TOUCH (cells/nets)                                   | 0         | 0      | OK     |
| MARK_DEBUG (nets)                                         | 0         | 0      | OK     |
| Control Sets                                              | 63017     | 200    | OK     |
| Average Fanout for modules > 100k cells                   | 4         | 1.75   | OK     |
| Max Average Fanout for modules > 100k cells               | 4         | 0      | OK     |
| Non-FD high fanout nets > 10k loads                       | 0         | 0      | OK     |
+-----------------------------------------------------------+-----------+--------+--------+
| TIMING-6 (No common primary clock between related clocks) | 0         | 0      | OK     |
| TIMING-7 (No common node between related clocks)          | 0         | 0      | OK     |
| TIMING-8 (No common period between related clocks)        | 0         | 0      | OK     |
| TIMING-14 (LUT on the clock tree)                         | 0         | 0      | OK     |
| TIMING-35 (No common node in paths with the same clock)   | 0         | 0      | OK     |
+-----------------------------------------------------------+-----------+--------+--------+
| Number of paths above max LUT budgeting (0.250ns)         | 0         | 0      | OK     |
| Number of paths above max Net budgeting (0.177ns)         | 0         | 0      | OK     |
+-----------------------------------------------------------+-----------+--------+--------+


================================================================
== RTL Synthesis Timing Paths
================================================================
* Timing was met
+-------+-------+-------------------------------------------------------------------------------------------------------------------+----------------------------------------------------------------------------------------------------+--------------+------------+----------------+----------------+--------------+
| Path  | SLACK | STARTPOINT PIN                                                                                                    | ENDPOINT PIN                                                                                       | LOGIC LEVELS | MAX FANOUT | DATAPATH DELAY | DATAPATH LOGIC | DATAPATH NET |
|       |       |                                                                                                                   |                                                                                                    |              |            |                |          DELAY |        DELAY |
+-------+-------+-------------------------------------------------------------------------------------------------------------------+----------------------------------------------------------------------------------------------------+--------------+------------+----------------+----------------+--------------+
| Path1 | 0.567 | FFT_DIT_spatial_unroll_CY_stream_vector_U0/FFT_stage_spatial_unroll_4_U0/zext_ln10_reg_733_pp0_iter2_reg_reg[0]/C | FFT_DIT_spatial_unroll_CY_stream_vector_U0/FFT_stage_spatial_unroll_4_U0/d1_imag_reg_836_reg[23]/D |            8 |         74 |          3.104 |          2.551 |        0.553 |
| Path2 | 0.567 | FFT_DIT_spatial_unroll_CY_stream_vector_U0/FFT_stage_spatial_unroll_4_U0/zext_ln10_reg_733_pp0_iter2_reg_reg[0]/C | FFT_DIT_spatial_unroll_CY_stream_vector_U0/FFT_stage_spatial_unroll_4_U0/d1_real_reg_831_reg[23]/D |            8 |         74 |          3.104 |          2.551 |        0.553 |
| Path3 | 0.569 | FFT_DIT_spatial_unroll_CY_stream_vector_U0/FFT_stage_spatial_unroll_4_U0/zext_ln10_reg_733_pp0_iter2_reg_reg[0]/C | FFT_DIT_spatial_unroll_CY_stream_vector_U0/FFT_stage_spatial_unroll_4_U0/d1_imag_reg_836_reg[25]/D |            8 |         74 |          3.102 |          2.551 |        0.551 |
| Path4 | 0.569 | FFT_DIT_spatial_unroll_CY_stream_vector_U0/FFT_stage_spatial_unroll_4_U0/zext_ln10_reg_733_pp0_iter2_reg_reg[0]/C | FFT_DIT_spatial_unroll_CY_stream_vector_U0/FFT_stage_spatial_unroll_4_U0/d1_real_reg_831_reg[25]/D |            8 |         74 |          3.102 |          2.551 |        0.551 |
| Path5 | 0.570 | FFT_DIT_spatial_unroll_CY_stream_vector_U0/FFT_stage_spatial_unroll_4_U0/zext_ln10_reg_733_pp0_iter2_reg_reg[0]/C | FFT_DIT_spatial_unroll_CY_stream_vector_U0/FFT_stage_spatial_unroll_4_U0/d1_imag_reg_836_reg[16]/D |            8 |         74 |          3.101 |          2.551 |        0.550 |
+-------+-------+-------------------------------------------------------------------------------------------------------------------+----------------------------------------------------------------------------------------------------+--------------+------------+----------------+----------------+--------------+

    +-----------------------------------------------------------------------------------------------------------------+------------------------+
    | Path1 Cells                                                                                                     | Primitive Type         |
    +-----------------------------------------------------------------------------------------------------------------+------------------------+
    | FFT_DIT_spatial_unroll_CY_stream_vector_U0/FFT_stage_spatial_unroll_4_U0/zext_ln10_reg_733_pp0_iter2_reg_reg[0] | REGISTER.SDR.FDRE      |
    | i_synth/UFMA_OP.OP/i_prim/DSP_FP_INREG_INST                                                                     | ARITHMETIC.DSP.DSPFP32 |
    | i_synth/UFMA_OP.OP/i_prim/DSP_FP_INMUX_INST                                                                     | ARITHMETIC.DSP.DSPFP32 |
    | i_synth/UFMA_OP.OP/i_prim/DSP_FPM_STAGE0_INST                                                                   | ARITHMETIC.DSP.DSPFP32 |
    | i_synth/UFMA_OP.OP/i_prim/DSP_FPM_PIPEREG_INST                                                                  | ARITHMETIC.DSP.DSPFP32 |
    | i_synth/UFMA_OP.OP/i_prim/DSP_FPM_STAGE1_INST                                                                   | ARITHMETIC.DSP.DSPFP32 |
    | i_synth/UFMA_OP.OP/i_prim/DSP_FP_OUTPUT_INST                                                                    | ARITHMETIC.DSP.DSPFP32 |
    | i_synth/UFMA_OP.OP/i_prim/DSP_FP_ADDER_INST                                                                     | ARITHMETIC.DSP.DSPFP32 |
    | FFT_DIT_spatial_unroll_CY_stream_vector_U0/FFT_stage_spatial_unroll_4_U0/d1_imag_reg_836_reg[23]                | REGISTER.SDR.FDRE      |
    | FFT_DIT_spatial_unroll_CY_stream_vector_U0/FFT_stage_spatial_unroll_4_U0/zext_ln10_reg_733_pp0_iter2_reg_reg[0] | REGISTER.SDR.FDRE      |
    | i_synth/UFMA_OP.OP/i_prim/DSP_FP_INREG_INST                                                                     | ARITHMETIC.DSP.DSPFP32 |
    | i_synth/UFMA_OP.OP/i_prim/DSP_FP_INMUX_INST                                                                     | ARITHMETIC.DSP.DSPFP32 |
    | i_synth/UFMA_OP.OP/i_prim/DSP_FPM_STAGE0_INST                                                                   | ARITHMETIC.DSP.DSPFP32 |
    | i_synth/UFMA_OP.OP/i_prim/DSP_FPM_PIPEREG_INST                                                                  | ARITHMETIC.DSP.DSPFP32 |
    | i_synth/UFMA_OP.OP/i_prim/DSP_FPM_STAGE1_INST                                                                   | ARITHMETIC.DSP.DSPFP32 |
    | i_synth/UFMA_OP.OP/i_prim/DSP_FP_OUTPUT_INST                                                                    | ARITHMETIC.DSP.DSPFP32 |
    | i_synth/UFMA_OP.OP/i_prim/DSP_FP_ADDER_INST                                                                     | ARITHMETIC.DSP.DSPFP32 |
    | FFT_DIT_spatial_unroll_CY_stream_vector_U0/FFT_stage_spatial_unroll_4_U0/d1_real_reg_831_reg[23]                | REGISTER.SDR.FDRE      |
    | FFT_DIT_spatial_unroll_CY_stream_vector_U0/FFT_stage_spatial_unroll_4_U0/zext_ln10_reg_733_pp0_iter2_reg_reg[0] | REGISTER.SDR.FDRE      |
    | i_synth/UFMA_OP.OP/i_prim/DSP_FP_INREG_INST                                                                     | ARITHMETIC.DSP.DSPFP32 |
    | i_synth/UFMA_OP.OP/i_prim/DSP_FP_INMUX_INST                                                                     | ARITHMETIC.DSP.DSPFP32 |
    | i_synth/UFMA_OP.OP/i_prim/DSP_FPM_STAGE0_INST                                                                   | ARITHMETIC.DSP.DSPFP32 |
    | i_synth/UFMA_OP.OP/i_prim/DSP_FPM_PIPEREG_INST                                                                  | ARITHMETIC.DSP.DSPFP32 |
    | i_synth/UFMA_OP.OP/i_prim/DSP_FPM_STAGE1_INST                                                                   | ARITHMETIC.DSP.DSPFP32 |
    | i_synth/UFMA_OP.OP/i_prim/DSP_FP_OUTPUT_INST                                                                    | ARITHMETIC.DSP.DSPFP32 |
    | i_synth/UFMA_OP.OP/i_prim/DSP_FP_ADDER_INST                                                                     | ARITHMETIC.DSP.DSPFP32 |
    | FFT_DIT_spatial_unroll_CY_stream_vector_U0/FFT_stage_spatial_unroll_4_U0/d1_imag_reg_836_reg[25]                | REGISTER.SDR.FDRE      |
    | FFT_DIT_spatial_unroll_CY_stream_vector_U0/FFT_stage_spatial_unroll_4_U0/zext_ln10_reg_733_pp0_iter2_reg_reg[0] | REGISTER.SDR.FDRE      |
    | i_synth/UFMA_OP.OP/i_prim/DSP_FP_INREG_INST                                                                     | ARITHMETIC.DSP.DSPFP32 |
    | i_synth/UFMA_OP.OP/i_prim/DSP_FP_INMUX_INST                                                                     | ARITHMETIC.DSP.DSPFP32 |
    | i_synth/UFMA_OP.OP/i_prim/DSP_FPM_STAGE0_INST                                                                   | ARITHMETIC.DSP.DSPFP32 |
    | i_synth/UFMA_OP.OP/i_prim/DSP_FPM_PIPEREG_INST                                                                  | ARITHMETIC.DSP.DSPFP32 |
    | i_synth/UFMA_OP.OP/i_prim/DSP_FPM_STAGE1_INST                                                                   | ARITHMETIC.DSP.DSPFP32 |
    | i_synth/UFMA_OP.OP/i_prim/DSP_FP_OUTPUT_INST                                                                    | ARITHMETIC.DSP.DSPFP32 |
    | i_synth/UFMA_OP.OP/i_prim/DSP_FP_ADDER_INST                                                                     | ARITHMETIC.DSP.DSPFP32 |
    | FFT_DIT_spatial_unroll_CY_stream_vector_U0/FFT_stage_spatial_unroll_4_U0/d1_real_reg_831_reg[25]                | REGISTER.SDR.FDRE      |
    | FFT_DIT_spatial_unroll_CY_stream_vector_U0/FFT_stage_spatial_unroll_4_U0/zext_ln10_reg_733_pp0_iter2_reg_reg[0] | REGISTER.SDR.FDRE      |
    | i_synth/UFMA_OP.OP/i_prim/DSP_FP_INREG_INST                                                                     | ARITHMETIC.DSP.DSPFP32 |
    | i_synth/UFMA_OP.OP/i_prim/DSP_FP_INMUX_INST                                                                     | ARITHMETIC.DSP.DSPFP32 |
    | i_synth/UFMA_OP.OP/i_prim/DSP_FPM_STAGE0_INST                                                                   | ARITHMETIC.DSP.DSPFP32 |
    | i_synth/UFMA_OP.OP/i_prim/DSP_FPM_PIPEREG_INST                                                                  | ARITHMETIC.DSP.DSPFP32 |
    | i_synth/UFMA_OP.OP/i_prim/DSP_FPM_STAGE1_INST                                                                   | ARITHMETIC.DSP.DSPFP32 |
    | i_synth/UFMA_OP.OP/i_prim/DSP_FP_OUTPUT_INST                                                                    | ARITHMETIC.DSP.DSPFP32 |
    | i_synth/UFMA_OP.OP/i_prim/DSP_FP_ADDER_INST                                                                     | ARITHMETIC.DSP.DSPFP32 |
    | FFT_DIT_spatial_unroll_CY_stream_vector_U0/FFT_stage_spatial_unroll_4_U0/d1_imag_reg_836_reg[16]                | REGISTER.SDR.FDRE      |
    +-----------------------------------------------------------------------------------------------------------------+------------------------+

    +-----------------------------------------------------------------------------------------------------------------+------------------------+
    | Path2 Cells                                                                                                     | Primitive Type         |
    +-----------------------------------------------------------------------------------------------------------------+------------------------+
    | FFT_DIT_spatial_unroll_CY_stream_vector_U0/FFT_stage_spatial_unroll_4_U0/zext_ln10_reg_733_pp0_iter2_reg_reg[0] | REGISTER.SDR.FDRE      |
    | i_synth/UFMA_OP.OP/i_prim/DSP_FP_INREG_INST                                                                     | ARITHMETIC.DSP.DSPFP32 |
    | i_synth/UFMA_OP.OP/i_prim/DSP_FP_INMUX_INST                                                                     | ARITHMETIC.DSP.DSPFP32 |
    | i_synth/UFMA_OP.OP/i_prim/DSP_FPM_STAGE0_INST                                                                   | ARITHMETIC.DSP.DSPFP32 |
    | i_synth/UFMA_OP.OP/i_prim/DSP_FPM_PIPEREG_INST                                                                  | ARITHMETIC.DSP.DSPFP32 |
    | i_synth/UFMA_OP.OP/i_prim/DSP_FPM_STAGE1_INST                                                                   | ARITHMETIC.DSP.DSPFP32 |
    | i_synth/UFMA_OP.OP/i_prim/DSP_FP_OUTPUT_INST                                                                    | ARITHMETIC.DSP.DSPFP32 |
    | i_synth/UFMA_OP.OP/i_prim/DSP_FP_ADDER_INST                                                                     | ARITHMETIC.DSP.DSPFP32 |
    | FFT_DIT_spatial_unroll_CY_stream_vector_U0/FFT_stage_spatial_unroll_4_U0/d1_imag_reg_836_reg[23]                | REGISTER.SDR.FDRE      |
    | FFT_DIT_spatial_unroll_CY_stream_vector_U0/FFT_stage_spatial_unroll_4_U0/zext_ln10_reg_733_pp0_iter2_reg_reg[0] | REGISTER.SDR.FDRE      |
    | i_synth/UFMA_OP.OP/i_prim/DSP_FP_INREG_INST                                                                     | ARITHMETIC.DSP.DSPFP32 |
    | i_synth/UFMA_OP.OP/i_prim/DSP_FP_INMUX_INST                                                                     | ARITHMETIC.DSP.DSPFP32 |
    | i_synth/UFMA_OP.OP/i_prim/DSP_FPM_STAGE0_INST                                                                   | ARITHMETIC.DSP.DSPFP32 |
    | i_synth/UFMA_OP.OP/i_prim/DSP_FPM_PIPEREG_INST                                                                  | ARITHMETIC.DSP.DSPFP32 |
    | i_synth/UFMA_OP.OP/i_prim/DSP_FPM_STAGE1_INST                                                                   | ARITHMETIC.DSP.DSPFP32 |
    | i_synth/UFMA_OP.OP/i_prim/DSP_FP_OUTPUT_INST                                                                    | ARITHMETIC.DSP.DSPFP32 |
    | i_synth/UFMA_OP.OP/i_prim/DSP_FP_ADDER_INST                                                                     | ARITHMETIC.DSP.DSPFP32 |
    | FFT_DIT_spatial_unroll_CY_stream_vector_U0/FFT_stage_spatial_unroll_4_U0/d1_real_reg_831_reg[23]                | REGISTER.SDR.FDRE      |
    | FFT_DIT_spatial_unroll_CY_stream_vector_U0/FFT_stage_spatial_unroll_4_U0/zext_ln10_reg_733_pp0_iter2_reg_reg[0] | REGISTER.SDR.FDRE      |
    | i_synth/UFMA_OP.OP/i_prim/DSP_FP_INREG_INST                                                                     | ARITHMETIC.DSP.DSPFP32 |
    | i_synth/UFMA_OP.OP/i_prim/DSP_FP_INMUX_INST                                                                     | ARITHMETIC.DSP.DSPFP32 |
    | i_synth/UFMA_OP.OP/i_prim/DSP_FPM_STAGE0_INST                                                                   | ARITHMETIC.DSP.DSPFP32 |
    | i_synth/UFMA_OP.OP/i_prim/DSP_FPM_PIPEREG_INST                                                                  | ARITHMETIC.DSP.DSPFP32 |
    | i_synth/UFMA_OP.OP/i_prim/DSP_FPM_STAGE1_INST                                                                   | ARITHMETIC.DSP.DSPFP32 |
    | i_synth/UFMA_OP.OP/i_prim/DSP_FP_OUTPUT_INST                                                                    | ARITHMETIC.DSP.DSPFP32 |
    | i_synth/UFMA_OP.OP/i_prim/DSP_FP_ADDER_INST                                                                     | ARITHMETIC.DSP.DSPFP32 |
    | FFT_DIT_spatial_unroll_CY_stream_vector_U0/FFT_stage_spatial_unroll_4_U0/d1_imag_reg_836_reg[25]                | REGISTER.SDR.FDRE      |
    | FFT_DIT_spatial_unroll_CY_stream_vector_U0/FFT_stage_spatial_unroll_4_U0/zext_ln10_reg_733_pp0_iter2_reg_reg[0] | REGISTER.SDR.FDRE      |
    | i_synth/UFMA_OP.OP/i_prim/DSP_FP_INREG_INST                                                                     | ARITHMETIC.DSP.DSPFP32 |
    | i_synth/UFMA_OP.OP/i_prim/DSP_FP_INMUX_INST                                                                     | ARITHMETIC.DSP.DSPFP32 |
    | i_synth/UFMA_OP.OP/i_prim/DSP_FPM_STAGE0_INST                                                                   | ARITHMETIC.DSP.DSPFP32 |
    | i_synth/UFMA_OP.OP/i_prim/DSP_FPM_PIPEREG_INST                                                                  | ARITHMETIC.DSP.DSPFP32 |
    | i_synth/UFMA_OP.OP/i_prim/DSP_FPM_STAGE1_INST                                                                   | ARITHMETIC.DSP.DSPFP32 |
    | i_synth/UFMA_OP.OP/i_prim/DSP_FP_OUTPUT_INST                                                                    | ARITHMETIC.DSP.DSPFP32 |
    | i_synth/UFMA_OP.OP/i_prim/DSP_FP_ADDER_INST                                                                     | ARITHMETIC.DSP.DSPFP32 |
    | FFT_DIT_spatial_unroll_CY_stream_vector_U0/FFT_stage_spatial_unroll_4_U0/d1_real_reg_831_reg[25]                | REGISTER.SDR.FDRE      |
    | FFT_DIT_spatial_unroll_CY_stream_vector_U0/FFT_stage_spatial_unroll_4_U0/zext_ln10_reg_733_pp0_iter2_reg_reg[0] | REGISTER.SDR.FDRE      |
    | i_synth/UFMA_OP.OP/i_prim/DSP_FP_INREG_INST                                                                     | ARITHMETIC.DSP.DSPFP32 |
    | i_synth/UFMA_OP.OP/i_prim/DSP_FP_INMUX_INST                                                                     | ARITHMETIC.DSP.DSPFP32 |
    | i_synth/UFMA_OP.OP/i_prim/DSP_FPM_STAGE0_INST                                                                   | ARITHMETIC.DSP.DSPFP32 |
    | i_synth/UFMA_OP.OP/i_prim/DSP_FPM_PIPEREG_INST                                                                  | ARITHMETIC.DSP.DSPFP32 |
    | i_synth/UFMA_OP.OP/i_prim/DSP_FPM_STAGE1_INST                                                                   | ARITHMETIC.DSP.DSPFP32 |
    | i_synth/UFMA_OP.OP/i_prim/DSP_FP_OUTPUT_INST                                                                    | ARITHMETIC.DSP.DSPFP32 |
    | i_synth/UFMA_OP.OP/i_prim/DSP_FP_ADDER_INST                                                                     | ARITHMETIC.DSP.DSPFP32 |
    | FFT_DIT_spatial_unroll_CY_stream_vector_U0/FFT_stage_spatial_unroll_4_U0/d1_imag_reg_836_reg[16]                | REGISTER.SDR.FDRE      |
    +-----------------------------------------------------------------------------------------------------------------+------------------------+

    +-----------------------------------------------------------------------------------------------------------------+------------------------+
    | Path3 Cells                                                                                                     | Primitive Type         |
    +-----------------------------------------------------------------------------------------------------------------+------------------------+
    | FFT_DIT_spatial_unroll_CY_stream_vector_U0/FFT_stage_spatial_unroll_4_U0/zext_ln10_reg_733_pp0_iter2_reg_reg[0] | REGISTER.SDR.FDRE      |
    | i_synth/UFMA_OP.OP/i_prim/DSP_FP_INREG_INST                                                                     | ARITHMETIC.DSP.DSPFP32 |
    | i_synth/UFMA_OP.OP/i_prim/DSP_FP_INMUX_INST                                                                     | ARITHMETIC.DSP.DSPFP32 |
    | i_synth/UFMA_OP.OP/i_prim/DSP_FPM_STAGE0_INST                                                                   | ARITHMETIC.DSP.DSPFP32 |
    | i_synth/UFMA_OP.OP/i_prim/DSP_FPM_PIPEREG_INST                                                                  | ARITHMETIC.DSP.DSPFP32 |
    | i_synth/UFMA_OP.OP/i_prim/DSP_FPM_STAGE1_INST                                                                   | ARITHMETIC.DSP.DSPFP32 |
    | i_synth/UFMA_OP.OP/i_prim/DSP_FP_OUTPUT_INST                                                                    | ARITHMETIC.DSP.DSPFP32 |
    | i_synth/UFMA_OP.OP/i_prim/DSP_FP_ADDER_INST                                                                     | ARITHMETIC.DSP.DSPFP32 |
    | FFT_DIT_spatial_unroll_CY_stream_vector_U0/FFT_stage_spatial_unroll_4_U0/d1_imag_reg_836_reg[23]                | REGISTER.SDR.FDRE      |
    | FFT_DIT_spatial_unroll_CY_stream_vector_U0/FFT_stage_spatial_unroll_4_U0/zext_ln10_reg_733_pp0_iter2_reg_reg[0] | REGISTER.SDR.FDRE      |
    | i_synth/UFMA_OP.OP/i_prim/DSP_FP_INREG_INST                                                                     | ARITHMETIC.DSP.DSPFP32 |
    | i_synth/UFMA_OP.OP/i_prim/DSP_FP_INMUX_INST                                                                     | ARITHMETIC.DSP.DSPFP32 |
    | i_synth/UFMA_OP.OP/i_prim/DSP_FPM_STAGE0_INST                                                                   | ARITHMETIC.DSP.DSPFP32 |
    | i_synth/UFMA_OP.OP/i_prim/DSP_FPM_PIPEREG_INST                                                                  | ARITHMETIC.DSP.DSPFP32 |
    | i_synth/UFMA_OP.OP/i_prim/DSP_FPM_STAGE1_INST                                                                   | ARITHMETIC.DSP.DSPFP32 |
    | i_synth/UFMA_OP.OP/i_prim/DSP_FP_OUTPUT_INST                                                                    | ARITHMETIC.DSP.DSPFP32 |
    | i_synth/UFMA_OP.OP/i_prim/DSP_FP_ADDER_INST                                                                     | ARITHMETIC.DSP.DSPFP32 |
    | FFT_DIT_spatial_unroll_CY_stream_vector_U0/FFT_stage_spatial_unroll_4_U0/d1_real_reg_831_reg[23]                | REGISTER.SDR.FDRE      |
    | FFT_DIT_spatial_unroll_CY_stream_vector_U0/FFT_stage_spatial_unroll_4_U0/zext_ln10_reg_733_pp0_iter2_reg_reg[0] | REGISTER.SDR.FDRE      |
    | i_synth/UFMA_OP.OP/i_prim/DSP_FP_INREG_INST                                                                     | ARITHMETIC.DSP.DSPFP32 |
    | i_synth/UFMA_OP.OP/i_prim/DSP_FP_INMUX_INST                                                                     | ARITHMETIC.DSP.DSPFP32 |
    | i_synth/UFMA_OP.OP/i_prim/DSP_FPM_STAGE0_INST                                                                   | ARITHMETIC.DSP.DSPFP32 |
    | i_synth/UFMA_OP.OP/i_prim/DSP_FPM_PIPEREG_INST                                                                  | ARITHMETIC.DSP.DSPFP32 |
    | i_synth/UFMA_OP.OP/i_prim/DSP_FPM_STAGE1_INST                                                                   | ARITHMETIC.DSP.DSPFP32 |
    | i_synth/UFMA_OP.OP/i_prim/DSP_FP_OUTPUT_INST                                                                    | ARITHMETIC.DSP.DSPFP32 |
    | i_synth/UFMA_OP.OP/i_prim/DSP_FP_ADDER_INST                                                                     | ARITHMETIC.DSP.DSPFP32 |
    | FFT_DIT_spatial_unroll_CY_stream_vector_U0/FFT_stage_spatial_unroll_4_U0/d1_imag_reg_836_reg[25]                | REGISTER.SDR.FDRE      |
    | FFT_DIT_spatial_unroll_CY_stream_vector_U0/FFT_stage_spatial_unroll_4_U0/zext_ln10_reg_733_pp0_iter2_reg_reg[0] | REGISTER.SDR.FDRE      |
    | i_synth/UFMA_OP.OP/i_prim/DSP_FP_INREG_INST                                                                     | ARITHMETIC.DSP.DSPFP32 |
    | i_synth/UFMA_OP.OP/i_prim/DSP_FP_INMUX_INST                                                                     | ARITHMETIC.DSP.DSPFP32 |
    | i_synth/UFMA_OP.OP/i_prim/DSP_FPM_STAGE0_INST                                                                   | ARITHMETIC.DSP.DSPFP32 |
    | i_synth/UFMA_OP.OP/i_prim/DSP_FPM_PIPEREG_INST                                                                  | ARITHMETIC.DSP.DSPFP32 |
    | i_synth/UFMA_OP.OP/i_prim/DSP_FPM_STAGE1_INST                                                                   | ARITHMETIC.DSP.DSPFP32 |
    | i_synth/UFMA_OP.OP/i_prim/DSP_FP_OUTPUT_INST                                                                    | ARITHMETIC.DSP.DSPFP32 |
    | i_synth/UFMA_OP.OP/i_prim/DSP_FP_ADDER_INST                                                                     | ARITHMETIC.DSP.DSPFP32 |
    | FFT_DIT_spatial_unroll_CY_stream_vector_U0/FFT_stage_spatial_unroll_4_U0/d1_real_reg_831_reg[25]                | REGISTER.SDR.FDRE      |
    | FFT_DIT_spatial_unroll_CY_stream_vector_U0/FFT_stage_spatial_unroll_4_U0/zext_ln10_reg_733_pp0_iter2_reg_reg[0] | REGISTER.SDR.FDRE      |
    | i_synth/UFMA_OP.OP/i_prim/DSP_FP_INREG_INST                                                                     | ARITHMETIC.DSP.DSPFP32 |
    | i_synth/UFMA_OP.OP/i_prim/DSP_FP_INMUX_INST                                                                     | ARITHMETIC.DSP.DSPFP32 |
    | i_synth/UFMA_OP.OP/i_prim/DSP_FPM_STAGE0_INST                                                                   | ARITHMETIC.DSP.DSPFP32 |
    | i_synth/UFMA_OP.OP/i_prim/DSP_FPM_PIPEREG_INST                                                                  | ARITHMETIC.DSP.DSPFP32 |
    | i_synth/UFMA_OP.OP/i_prim/DSP_FPM_STAGE1_INST                                                                   | ARITHMETIC.DSP.DSPFP32 |
    | i_synth/UFMA_OP.OP/i_prim/DSP_FP_OUTPUT_INST                                                                    | ARITHMETIC.DSP.DSPFP32 |
    | i_synth/UFMA_OP.OP/i_prim/DSP_FP_ADDER_INST                                                                     | ARITHMETIC.DSP.DSPFP32 |
    | FFT_DIT_spatial_unroll_CY_stream_vector_U0/FFT_stage_spatial_unroll_4_U0/d1_imag_reg_836_reg[16]                | REGISTER.SDR.FDRE      |
    +-----------------------------------------------------------------------------------------------------------------+------------------------+

    +-----------------------------------------------------------------------------------------------------------------+------------------------+
    | Path4 Cells                                                                                                     | Primitive Type         |
    +-----------------------------------------------------------------------------------------------------------------+------------------------+
    | FFT_DIT_spatial_unroll_CY_stream_vector_U0/FFT_stage_spatial_unroll_4_U0/zext_ln10_reg_733_pp0_iter2_reg_reg[0] | REGISTER.SDR.FDRE      |
    | i_synth/UFMA_OP.OP/i_prim/DSP_FP_INREG_INST                                                                     | ARITHMETIC.DSP.DSPFP32 |
    | i_synth/UFMA_OP.OP/i_prim/DSP_FP_INMUX_INST                                                                     | ARITHMETIC.DSP.DSPFP32 |
    | i_synth/UFMA_OP.OP/i_prim/DSP_FPM_STAGE0_INST                                                                   | ARITHMETIC.DSP.DSPFP32 |
    | i_synth/UFMA_OP.OP/i_prim/DSP_FPM_PIPEREG_INST                                                                  | ARITHMETIC.DSP.DSPFP32 |
    | i_synth/UFMA_OP.OP/i_prim/DSP_FPM_STAGE1_INST                                                                   | ARITHMETIC.DSP.DSPFP32 |
    | i_synth/UFMA_OP.OP/i_prim/DSP_FP_OUTPUT_INST                                                                    | ARITHMETIC.DSP.DSPFP32 |
    | i_synth/UFMA_OP.OP/i_prim/DSP_FP_ADDER_INST                                                                     | ARITHMETIC.DSP.DSPFP32 |
    | FFT_DIT_spatial_unroll_CY_stream_vector_U0/FFT_stage_spatial_unroll_4_U0/d1_imag_reg_836_reg[23]                | REGISTER.SDR.FDRE      |
    | FFT_DIT_spatial_unroll_CY_stream_vector_U0/FFT_stage_spatial_unroll_4_U0/zext_ln10_reg_733_pp0_iter2_reg_reg[0] | REGISTER.SDR.FDRE      |
    | i_synth/UFMA_OP.OP/i_prim/DSP_FP_INREG_INST                                                                     | ARITHMETIC.DSP.DSPFP32 |
    | i_synth/UFMA_OP.OP/i_prim/DSP_FP_INMUX_INST                                                                     | ARITHMETIC.DSP.DSPFP32 |
    | i_synth/UFMA_OP.OP/i_prim/DSP_FPM_STAGE0_INST                                                                   | ARITHMETIC.DSP.DSPFP32 |
    | i_synth/UFMA_OP.OP/i_prim/DSP_FPM_PIPEREG_INST                                                                  | ARITHMETIC.DSP.DSPFP32 |
    | i_synth/UFMA_OP.OP/i_prim/DSP_FPM_STAGE1_INST                                                                   | ARITHMETIC.DSP.DSPFP32 |
    | i_synth/UFMA_OP.OP/i_prim/DSP_FP_OUTPUT_INST                                                                    | ARITHMETIC.DSP.DSPFP32 |
    | i_synth/UFMA_OP.OP/i_prim/DSP_FP_ADDER_INST                                                                     | ARITHMETIC.DSP.DSPFP32 |
    | FFT_DIT_spatial_unroll_CY_stream_vector_U0/FFT_stage_spatial_unroll_4_U0/d1_real_reg_831_reg[23]                | REGISTER.SDR.FDRE      |
    | FFT_DIT_spatial_unroll_CY_stream_vector_U0/FFT_stage_spatial_unroll_4_U0/zext_ln10_reg_733_pp0_iter2_reg_reg[0] | REGISTER.SDR.FDRE      |
    | i_synth/UFMA_OP.OP/i_prim/DSP_FP_INREG_INST                                                                     | ARITHMETIC.DSP.DSPFP32 |
    | i_synth/UFMA_OP.OP/i_prim/DSP_FP_INMUX_INST                                                                     | ARITHMETIC.DSP.DSPFP32 |
    | i_synth/UFMA_OP.OP/i_prim/DSP_FPM_STAGE0_INST                                                                   | ARITHMETIC.DSP.DSPFP32 |
    | i_synth/UFMA_OP.OP/i_prim/DSP_FPM_PIPEREG_INST                                                                  | ARITHMETIC.DSP.DSPFP32 |
    | i_synth/UFMA_OP.OP/i_prim/DSP_FPM_STAGE1_INST                                                                   | ARITHMETIC.DSP.DSPFP32 |
    | i_synth/UFMA_OP.OP/i_prim/DSP_FP_OUTPUT_INST                                                                    | ARITHMETIC.DSP.DSPFP32 |
    | i_synth/UFMA_OP.OP/i_prim/DSP_FP_ADDER_INST                                                                     | ARITHMETIC.DSP.DSPFP32 |
    | FFT_DIT_spatial_unroll_CY_stream_vector_U0/FFT_stage_spatial_unroll_4_U0/d1_imag_reg_836_reg[25]                | REGISTER.SDR.FDRE      |
    | FFT_DIT_spatial_unroll_CY_stream_vector_U0/FFT_stage_spatial_unroll_4_U0/zext_ln10_reg_733_pp0_iter2_reg_reg[0] | REGISTER.SDR.FDRE      |
    | i_synth/UFMA_OP.OP/i_prim/DSP_FP_INREG_INST                                                                     | ARITHMETIC.DSP.DSPFP32 |
    | i_synth/UFMA_OP.OP/i_prim/DSP_FP_INMUX_INST                                                                     | ARITHMETIC.DSP.DSPFP32 |
    | i_synth/UFMA_OP.OP/i_prim/DSP_FPM_STAGE0_INST                                                                   | ARITHMETIC.DSP.DSPFP32 |
    | i_synth/UFMA_OP.OP/i_prim/DSP_FPM_PIPEREG_INST                                                                  | ARITHMETIC.DSP.DSPFP32 |
    | i_synth/UFMA_OP.OP/i_prim/DSP_FPM_STAGE1_INST                                                                   | ARITHMETIC.DSP.DSPFP32 |
    | i_synth/UFMA_OP.OP/i_prim/DSP_FP_OUTPUT_INST                                                                    | ARITHMETIC.DSP.DSPFP32 |
    | i_synth/UFMA_OP.OP/i_prim/DSP_FP_ADDER_INST                                                                     | ARITHMETIC.DSP.DSPFP32 |
    | FFT_DIT_spatial_unroll_CY_stream_vector_U0/FFT_stage_spatial_unroll_4_U0/d1_real_reg_831_reg[25]                | REGISTER.SDR.FDRE      |
    | FFT_DIT_spatial_unroll_CY_stream_vector_U0/FFT_stage_spatial_unroll_4_U0/zext_ln10_reg_733_pp0_iter2_reg_reg[0] | REGISTER.SDR.FDRE      |
    | i_synth/UFMA_OP.OP/i_prim/DSP_FP_INREG_INST                                                                     | ARITHMETIC.DSP.DSPFP32 |
    | i_synth/UFMA_OP.OP/i_prim/DSP_FP_INMUX_INST                                                                     | ARITHMETIC.DSP.DSPFP32 |
    | i_synth/UFMA_OP.OP/i_prim/DSP_FPM_STAGE0_INST                                                                   | ARITHMETIC.DSP.DSPFP32 |
    | i_synth/UFMA_OP.OP/i_prim/DSP_FPM_PIPEREG_INST                                                                  | ARITHMETIC.DSP.DSPFP32 |
    | i_synth/UFMA_OP.OP/i_prim/DSP_FPM_STAGE1_INST                                                                   | ARITHMETIC.DSP.DSPFP32 |
    | i_synth/UFMA_OP.OP/i_prim/DSP_FP_OUTPUT_INST                                                                    | ARITHMETIC.DSP.DSPFP32 |
    | i_synth/UFMA_OP.OP/i_prim/DSP_FP_ADDER_INST                                                                     | ARITHMETIC.DSP.DSPFP32 |
    | FFT_DIT_spatial_unroll_CY_stream_vector_U0/FFT_stage_spatial_unroll_4_U0/d1_imag_reg_836_reg[16]                | REGISTER.SDR.FDRE      |
    +-----------------------------------------------------------------------------------------------------------------+------------------------+

    +-----------------------------------------------------------------------------------------------------------------+------------------------+
    | Path5 Cells                                                                                                     | Primitive Type         |
    +-----------------------------------------------------------------------------------------------------------------+------------------------+
    | FFT_DIT_spatial_unroll_CY_stream_vector_U0/FFT_stage_spatial_unroll_4_U0/zext_ln10_reg_733_pp0_iter2_reg_reg[0] | REGISTER.SDR.FDRE      |
    | i_synth/UFMA_OP.OP/i_prim/DSP_FP_INREG_INST                                                                     | ARITHMETIC.DSP.DSPFP32 |
    | i_synth/UFMA_OP.OP/i_prim/DSP_FP_INMUX_INST                                                                     | ARITHMETIC.DSP.DSPFP32 |
    | i_synth/UFMA_OP.OP/i_prim/DSP_FPM_STAGE0_INST                                                                   | ARITHMETIC.DSP.DSPFP32 |
    | i_synth/UFMA_OP.OP/i_prim/DSP_FPM_PIPEREG_INST                                                                  | ARITHMETIC.DSP.DSPFP32 |
    | i_synth/UFMA_OP.OP/i_prim/DSP_FPM_STAGE1_INST                                                                   | ARITHMETIC.DSP.DSPFP32 |
    | i_synth/UFMA_OP.OP/i_prim/DSP_FP_OUTPUT_INST                                                                    | ARITHMETIC.DSP.DSPFP32 |
    | i_synth/UFMA_OP.OP/i_prim/DSP_FP_ADDER_INST                                                                     | ARITHMETIC.DSP.DSPFP32 |
    | FFT_DIT_spatial_unroll_CY_stream_vector_U0/FFT_stage_spatial_unroll_4_U0/d1_imag_reg_836_reg[23]                | REGISTER.SDR.FDRE      |
    | FFT_DIT_spatial_unroll_CY_stream_vector_U0/FFT_stage_spatial_unroll_4_U0/zext_ln10_reg_733_pp0_iter2_reg_reg[0] | REGISTER.SDR.FDRE      |
    | i_synth/UFMA_OP.OP/i_prim/DSP_FP_INREG_INST                                                                     | ARITHMETIC.DSP.DSPFP32 |
    | i_synth/UFMA_OP.OP/i_prim/DSP_FP_INMUX_INST                                                                     | ARITHMETIC.DSP.DSPFP32 |
    | i_synth/UFMA_OP.OP/i_prim/DSP_FPM_STAGE0_INST                                                                   | ARITHMETIC.DSP.DSPFP32 |
    | i_synth/UFMA_OP.OP/i_prim/DSP_FPM_PIPEREG_INST                                                                  | ARITHMETIC.DSP.DSPFP32 |
    | i_synth/UFMA_OP.OP/i_prim/DSP_FPM_STAGE1_INST                                                                   | ARITHMETIC.DSP.DSPFP32 |
    | i_synth/UFMA_OP.OP/i_prim/DSP_FP_OUTPUT_INST                                                                    | ARITHMETIC.DSP.DSPFP32 |
    | i_synth/UFMA_OP.OP/i_prim/DSP_FP_ADDER_INST                                                                     | ARITHMETIC.DSP.DSPFP32 |
    | FFT_DIT_spatial_unroll_CY_stream_vector_U0/FFT_stage_spatial_unroll_4_U0/d1_real_reg_831_reg[23]                | REGISTER.SDR.FDRE      |
    | FFT_DIT_spatial_unroll_CY_stream_vector_U0/FFT_stage_spatial_unroll_4_U0/zext_ln10_reg_733_pp0_iter2_reg_reg[0] | REGISTER.SDR.FDRE      |
    | i_synth/UFMA_OP.OP/i_prim/DSP_FP_INREG_INST                                                                     | ARITHMETIC.DSP.DSPFP32 |
    | i_synth/UFMA_OP.OP/i_prim/DSP_FP_INMUX_INST                                                                     | ARITHMETIC.DSP.DSPFP32 |
    | i_synth/UFMA_OP.OP/i_prim/DSP_FPM_STAGE0_INST                                                                   | ARITHMETIC.DSP.DSPFP32 |
    | i_synth/UFMA_OP.OP/i_prim/DSP_FPM_PIPEREG_INST                                                                  | ARITHMETIC.DSP.DSPFP32 |
    | i_synth/UFMA_OP.OP/i_prim/DSP_FPM_STAGE1_INST                                                                   | ARITHMETIC.DSP.DSPFP32 |
    | i_synth/UFMA_OP.OP/i_prim/DSP_FP_OUTPUT_INST                                                                    | ARITHMETIC.DSP.DSPFP32 |
    | i_synth/UFMA_OP.OP/i_prim/DSP_FP_ADDER_INST                                                                     | ARITHMETIC.DSP.DSPFP32 |
    | FFT_DIT_spatial_unroll_CY_stream_vector_U0/FFT_stage_spatial_unroll_4_U0/d1_imag_reg_836_reg[25]                | REGISTER.SDR.FDRE      |
    | FFT_DIT_spatial_unroll_CY_stream_vector_U0/FFT_stage_spatial_unroll_4_U0/zext_ln10_reg_733_pp0_iter2_reg_reg[0] | REGISTER.SDR.FDRE      |
    | i_synth/UFMA_OP.OP/i_prim/DSP_FP_INREG_INST                                                                     | ARITHMETIC.DSP.DSPFP32 |
    | i_synth/UFMA_OP.OP/i_prim/DSP_FP_INMUX_INST                                                                     | ARITHMETIC.DSP.DSPFP32 |
    | i_synth/UFMA_OP.OP/i_prim/DSP_FPM_STAGE0_INST                                                                   | ARITHMETIC.DSP.DSPFP32 |
    | i_synth/UFMA_OP.OP/i_prim/DSP_FPM_PIPEREG_INST                                                                  | ARITHMETIC.DSP.DSPFP32 |
    | i_synth/UFMA_OP.OP/i_prim/DSP_FPM_STAGE1_INST                                                                   | ARITHMETIC.DSP.DSPFP32 |
    | i_synth/UFMA_OP.OP/i_prim/DSP_FP_OUTPUT_INST                                                                    | ARITHMETIC.DSP.DSPFP32 |
    | i_synth/UFMA_OP.OP/i_prim/DSP_FP_ADDER_INST                                                                     | ARITHMETIC.DSP.DSPFP32 |
    | FFT_DIT_spatial_unroll_CY_stream_vector_U0/FFT_stage_spatial_unroll_4_U0/d1_real_reg_831_reg[25]                | REGISTER.SDR.FDRE      |
    | FFT_DIT_spatial_unroll_CY_stream_vector_U0/FFT_stage_spatial_unroll_4_U0/zext_ln10_reg_733_pp0_iter2_reg_reg[0] | REGISTER.SDR.FDRE      |
    | i_synth/UFMA_OP.OP/i_prim/DSP_FP_INREG_INST                                                                     | ARITHMETIC.DSP.DSPFP32 |
    | i_synth/UFMA_OP.OP/i_prim/DSP_FP_INMUX_INST                                                                     | ARITHMETIC.DSP.DSPFP32 |
    | i_synth/UFMA_OP.OP/i_prim/DSP_FPM_STAGE0_INST                                                                   | ARITHMETIC.DSP.DSPFP32 |
    | i_synth/UFMA_OP.OP/i_prim/DSP_FPM_PIPEREG_INST                                                                  | ARITHMETIC.DSP.DSPFP32 |
    | i_synth/UFMA_OP.OP/i_prim/DSP_FPM_STAGE1_INST                                                                   | ARITHMETIC.DSP.DSPFP32 |
    | i_synth/UFMA_OP.OP/i_prim/DSP_FP_OUTPUT_INST                                                                    | ARITHMETIC.DSP.DSPFP32 |
    | i_synth/UFMA_OP.OP/i_prim/DSP_FP_ADDER_INST                                                                     | ARITHMETIC.DSP.DSPFP32 |
    | FFT_DIT_spatial_unroll_CY_stream_vector_U0/FFT_stage_spatial_unroll_4_U0/d1_imag_reg_836_reg[16]                | REGISTER.SDR.FDRE      |
    +-----------------------------------------------------------------------------------------------------------------+------------------------+


================================================================
== RTL Synthesis Vivado Reports
================================================================
+--------------------------+----------------------------------------------------------------+
| Report Type              | Report Location                                                |
+--------------------------+----------------------------------------------------------------+
| design_analysis          | impl/verilog/report/FFT_TOP_design_analysis_synth.rpt          |
| failfast                 | impl/verilog/report/FFT_TOP_failfast_synth.rpt                 |
| power                    | impl/verilog/report/FFT_TOP_power_synth.rpt                    |
| timing                   | impl/verilog/report/FFT_TOP_timing_synth.rpt                   |
| timing_paths             | impl/verilog/report/FFT_TOP_timing_paths_synth.rpt             |
| utilization              | impl/verilog/report/FFT_TOP_utilization_synth.rpt              |
| utilization_hierarchical | impl/verilog/report/FFT_TOP_utilization_hierarchical_synth.rpt |
+--------------------------+----------------------------------------------------------------+


