In file included from FFT.cpp:1:
In file included from ./FFT.h:5:
/opt/xilinx/tools/Vitis/2024.2/common/technology/autopilot/hls_fft.h:113:72: warning: unused parameter 'data_type' [-Wunused-parameter]
 inline __attribute__((always_inline)) void checkBitWidth(ip_fft::type data_type = ip_fft::fixed_point)
                                                                       ^
/opt/xilinx/tools/Vitis/2024.2/common/technology/autopilot/hls_fft.h:137:61: warning: unused parameter 'cp_len_enable' [-Wunused-parameter]
 inline __attribute__((always_inline)) void checkCpLen(bool cp_len_enable)
                                                            ^
/opt/xilinx/tools/Vitis/2024.2/common/technology/autopilot/hls_fft.h:150:63: warning: unused parameter 'scaling_opt' [-Wunused-parameter]
 inline __attribute__((always_inline)) void checkSch(unsigned scaling_opt)
                                                              ^
/opt/xilinx/tools/Vitis/2024.2/common/technology/autopilot/hls_fft.h:327:66: warning: unused parameter 'scaling_opt' [-Wunused-parameter]
 inline __attribute__((always_inline)) void checkBlkExp(unsigned scaling_opt)
                                                                 ^
/opt/xilinx/tools/Vitis/2024.2/common/technology/autopilot/hls_fft.h:340:61: warning: unused parameter 'has_ovflo' [-Wunused-parameter]
 inline __attribute__((always_inline)) void checkOvflo(bool has_ovflo)
                                                            ^
/opt/xilinx/tools/Vitis/2024.2/common/technology/autopilot/hls_fft.h:427:9: warning: HLS pragma dump _XLX_SEP_ PragmaIsValid=1_XLX_SEP_ PragmaType=inline_XLX_SEP_ PragmaContext=_XLX_SEP_ PragmaFunction=fft_core_XLX_SEP_ PragmaOptions=_XLX_SEP_ [-Wdump-hls-pragmas]
#pragma HLS inline
        ^
/opt/xilinx/tools/Vitis/2024.2/common/technology/autopilot/hls_fft.h:467:9: warning: HLS pragma dump _XLX_SEP_ PragmaIsValid=1_XLX_SEP_ PragmaType=unroll_XLX_SEP_ PragmaContext=_XLX_SEP_ PragmaFunction=fft_core_XLX_SEP_ PragmaOptions=_XLX_SEP_ [-Wdump-hls-pragmas]
#pragma HLS unroll
        ^
/opt/xilinx/tools/Vitis/2024.2/common/technology/autopilot/hls_fft.h:812:9: warning: HLS pragma dump _XLX_SEP_ PragmaIsValid=1_XLX_SEP_ PragmaType=inline_XLX_SEP_ PragmaContext=_XLX_SEP_ PragmaFunction=fft_core_XLX_SEP_ PragmaOptions=_XLX_SEP_ [-Wdump-hls-pragmas]
#pragma HLS inline
        ^
/opt/xilinx/tools/Vitis/2024.2/common/technology/autopilot/hls_fft.h:891:9: warning: HLS pragma dump _XLX_SEP_ PragmaIsValid=1_XLX_SEP_ PragmaType=inline_XLX_SEP_ PragmaContext=_XLX_SEP_ PragmaFunction=fft_syn_XLX_SEP_ PragmaOptions=_XLX_SEP_ [-Wdump-hls-pragmas]
#pragma HLS inline
        ^
/opt/xilinx/tools/Vitis/2024.2/common/technology/autopilot/hls_fft.h:951:9: warning: HLS pragma dump _XLX_SEP_ PragmaIsValid=1_XLX_SEP_ PragmaType=inline_XLX_SEP_ PragmaContext=_XLX_SEP_ PragmaFunction=fft_syn_XLX_SEP_ PragmaOptions=off_XLX_SEP_ [-Wdump-hls-pragmas]
#pragma HLS inline off
        ^
/opt/xilinx/tools/Vitis/2024.2/common/technology/autopilot/hls_fft.h:1010:9: warning: HLS pragma dump _XLX_SEP_ PragmaIsValid=1_XLX_SEP_ PragmaType=inline_XLX_SEP_ PragmaContext=_XLX_SEP_ PragmaFunction=fft_syn_XLX_SEP_ PragmaOptions=off_XLX_SEP_ [-Wdump-hls-pragmas]
#pragma HLS inline off
        ^
/opt/xilinx/tools/Vitis/2024.2/common/technology/autopilot/hls_fft.h:1050:9: warning: HLS pragma dump _XLX_SEP_ PragmaIsValid=1_XLX_SEP_ PragmaType=unroll_XLX_SEP_ PragmaContext=_XLX_SEP_ PragmaFunction=fft_syn_XLX_SEP_ PragmaOptions=_XLX_SEP_ [-Wdump-hls-pragmas]
#pragma HLS unroll
        ^
/opt/xilinx/tools/Vitis/2024.2/common/technology/autopilot/hls_fft.h:1129:9: warning: HLS pragma dump _XLX_SEP_ PragmaIsValid=1_XLX_SEP_ PragmaType=inline_XLX_SEP_ PragmaContext=_XLX_SEP_ PragmaFunction=fft_XLX_SEP_ PragmaOptions=off_XLX_SEP_ [-Wdump-hls-pragmas]
#pragma HLS inline off
        ^
/opt/xilinx/tools/Vitis/2024.2/common/technology/autopilot/hls_fft.h:1160:9: warning: HLS pragma dump _XLX_SEP_ PragmaIsValid=1_XLX_SEP_ PragmaType=inline_XLX_SEP_ PragmaContext=_XLX_SEP_ PragmaFunction=fft_XLX_SEP_ PragmaOptions=off_XLX_SEP_ [-Wdump-hls-pragmas]
#pragma HLS inline off
        ^
/opt/xilinx/tools/Vitis/2024.2/common/technology/autopilot/hls_fft.h:1191:9: warning: HLS pragma dump _XLX_SEP_ PragmaIsValid=1_XLX_SEP_ PragmaType=inline_XLX_SEP_ PragmaContext=_XLX_SEP_ PragmaFunction=fft_XLX_SEP_ PragmaOptions=_XLX_SEP_ [-Wdump-hls-pragmas]
#pragma HLS inline
        ^
/opt/xilinx/tools/Vitis/2024.2/common/technology/autopilot/hls_fft.h:1192:9: warning: HLS pragma dump _XLX_SEP_ PragmaIsValid=1_XLX_SEP_ PragmaType=aggregate_XLX_SEP_ PragmaContext=_XLX_SEP_ PragmaFunction=fft_XLX_SEP_ PragmaOptions=variable=xn_XLX_SEP_ [-Wdump-hls-pragmas]
#pragma HLS aggregate variable=xn
        ^
/opt/xilinx/tools/Vitis/2024.2/common/technology/autopilot/hls_fft.h:1193:9: warning: HLS pragma dump _XLX_SEP_ PragmaIsValid=1_XLX_SEP_ PragmaType=aggregate_XLX_SEP_ PragmaContext=_XLX_SEP_ PragmaFunction=fft_XLX_SEP_ PragmaOptions=variable=xk_XLX_SEP_ [-Wdump-hls-pragmas]
#pragma HLS aggregate variable=xk
        ^
/opt/xilinx/tools/Vitis/2024.2/common/technology/autopilot/hls_fft.h:1194:9: warning: HLS pragma dump _XLX_SEP_ PragmaIsValid=1_XLX_SEP_ PragmaType=stream_XLX_SEP_ PragmaContext=_XLX_SEP_ PragmaFunction=fft_XLX_SEP_ PragmaOptions=variable=xn_XLX_SEP_ [-Wdump-hls-pragmas]
#pragma HLS stream variable=xn
        ^
/opt/xilinx/tools/Vitis/2024.2/common/technology/autopilot/hls_fft.h:1195:9: warning: HLS pragma dump _XLX_SEP_ PragmaIsValid=1_XLX_SEP_ PragmaType=stream_XLX_SEP_ PragmaContext=_XLX_SEP_ PragmaFunction=fft_XLX_SEP_ PragmaOptions=variable=xk_XLX_SEP_ [-Wdump-hls-pragmas]
#pragma HLS stream variable=xk
        ^
/opt/xilinx/tools/Vitis/2024.2/common/technology/autopilot/hls_fft.h:1218:9: warning: HLS pragma dump _XLX_SEP_ PragmaIsValid=1_XLX_SEP_ PragmaType=inline_XLX_SEP_ PragmaContext=_XLX_SEP_ PragmaFunction=fft_XLX_SEP_ PragmaOptions=_XLX_SEP_ [-Wdump-hls-pragmas]
#pragma HLS inline
        ^
/opt/xilinx/tools/Vitis/2024.2/common/technology/autopilot/hls_fft.h:1219:9: warning: HLS pragma dump _XLX_SEP_ PragmaIsValid=1_XLX_SEP_ PragmaType=aggregate_XLX_SEP_ PragmaContext=_XLX_SEP_ PragmaFunction=fft_XLX_SEP_ PragmaOptions=variable=xn_XLX_SEP_ [-Wdump-hls-pragmas]
#pragma HLS aggregate variable=xn
        ^
/opt/xilinx/tools/Vitis/2024.2/common/technology/autopilot/hls_fft.h:1220:9: warning: HLS pragma dump _XLX_SEP_ PragmaIsValid=1_XLX_SEP_ PragmaType=aggregate_XLX_SEP_ PragmaContext=_XLX_SEP_ PragmaFunction=fft_XLX_SEP_ PragmaOptions=variable=xk_XLX_SEP_ [-Wdump-hls-pragmas]
#pragma HLS aggregate variable=xk
        ^
/opt/xilinx/tools/Vitis/2024.2/common/technology/autopilot/hls_fft.h:1221:9: warning: HLS pragma dump _XLX_SEP_ PragmaIsValid=1_XLX_SEP_ PragmaType=stream_XLX_SEP_ PragmaContext=_XLX_SEP_ PragmaFunction=fft_XLX_SEP_ PragmaOptions=variable=xn_XLX_SEP_ [-Wdump-hls-pragmas]
#pragma HLS stream variable=xn
        ^
/opt/xilinx/tools/Vitis/2024.2/common/technology/autopilot/hls_fft.h:1222:9: warning: HLS pragma dump _XLX_SEP_ PragmaIsValid=1_XLX_SEP_ PragmaType=stream_XLX_SEP_ PragmaContext=_XLX_SEP_ PragmaFunction=fft_XLX_SEP_ PragmaOptions=variable=xk_XLX_SEP_ [-Wdump-hls-pragmas]
#pragma HLS stream variable=xk
        ^
/opt/xilinx/tools/Vitis/2024.2/common/technology/autopilot/hls_fft.h:1246:9: warning: HLS pragma dump _XLX_SEP_ PragmaIsValid=1_XLX_SEP_ PragmaType=inline_XLX_SEP_ PragmaContext=_XLX_SEP_ PragmaFunction=fft_XLX_SEP_ PragmaOptions=_XLX_SEP_ [-Wdump-hls-pragmas]
#pragma HLS inline
        ^
/opt/xilinx/tools/Vitis/2024.2/common/technology/autopilot/hls_fft.h:1247:9: warning: HLS pragma dump _XLX_SEP_ PragmaIsValid=1_XLX_SEP_ PragmaType=aggregate_XLX_SEP_ PragmaContext=_XLX_SEP_ PragmaFunction=fft_XLX_SEP_ PragmaOptions=variable=xn_XLX_SEP_ [-Wdump-hls-pragmas]
#pragma HLS aggregate variable=xn
        ^
/opt/xilinx/tools/Vitis/2024.2/common/technology/autopilot/hls_fft.h:1248:9: warning: HLS pragma dump _XLX_SEP_ PragmaIsValid=1_XLX_SEP_ PragmaType=aggregate_XLX_SEP_ PragmaContext=_XLX_SEP_ PragmaFunction=fft_XLX_SEP_ PragmaOptions=variable=xk_XLX_SEP_ [-Wdump-hls-pragmas]
#pragma HLS aggregate variable=xk
        ^
/opt/xilinx/tools/Vitis/2024.2/common/technology/autopilot/hls_fft.h:1249:9: warning: HLS pragma dump _XLX_SEP_ PragmaIsValid=1_XLX_SEP_ PragmaType=stream_XLX_SEP_ PragmaContext=_XLX_SEP_ PragmaFunction=fft_XLX_SEP_ PragmaOptions=variable=xn_XLX_SEP_ [-Wdump-hls-pragmas]
#pragma HLS stream variable=xn
        ^
/opt/xilinx/tools/Vitis/2024.2/common/technology/autopilot/hls_fft.h:1250:9: warning: HLS pragma dump _XLX_SEP_ PragmaIsValid=1_XLX_SEP_ PragmaType=stream_XLX_SEP_ PragmaContext=_XLX_SEP_ PragmaFunction=fft_XLX_SEP_ PragmaOptions=variable=xk_XLX_SEP_ [-Wdump-hls-pragmas]
#pragma HLS stream variable=xk
        ^
/opt/xilinx/tools/Vitis/2024.2/common/technology/autopilot/hls_fft.h:1273:9: warning: HLS pragma dump _XLX_SEP_ PragmaIsValid=1_XLX_SEP_ PragmaType=dataflow_XLX_SEP_ PragmaContext=_XLX_SEP_ PragmaFunction=fft_XLX_SEP_ PragmaOptions=_XLX_SEP_ [-Wdump-hls-pragmas]
#pragma HLS dataflow
        ^
/opt/xilinx/tools/Vitis/2024.2/common/technology/autopilot/hls_fft.h:1274:9: warning: HLS pragma dump _XLX_SEP_ PragmaIsValid=1_XLX_SEP_ PragmaType=aggregate_XLX_SEP_ PragmaContext=_XLX_SEP_ PragmaFunction=fft_XLX_SEP_ PragmaOptions=variable=xn_XLX_SEP_ [-Wdump-hls-pragmas]
#pragma HLS aggregate variable=xn
        ^
/opt/xilinx/tools/Vitis/2024.2/common/technology/autopilot/hls_fft.h:1275:9: warning: HLS pragma dump _XLX_SEP_ PragmaIsValid=1_XLX_SEP_ PragmaType=aggregate_XLX_SEP_ PragmaContext=_XLX_SEP_ PragmaFunction=fft_XLX_SEP_ PragmaOptions=variable=xk_XLX_SEP_ [-Wdump-hls-pragmas]
#pragma HLS aggregate variable=xk
        ^
/opt/xilinx/tools/Vitis/2024.2/common/technology/autopilot/hls_fft.h:1276:9: warning: HLS pragma dump _XLX_SEP_ PragmaIsValid=1_XLX_SEP_ PragmaType=stream_XLX_SEP_ PragmaContext=_XLX_SEP_ PragmaFunction=fft_XLX_SEP_ PragmaOptions=variable=xn_XLX_SEP_ [-Wdump-hls-pragmas]
#pragma HLS stream variable=xn
        ^
/opt/xilinx/tools/Vitis/2024.2/common/technology/autopilot/hls_fft.h:1277:9: warning: HLS pragma dump _XLX_SEP_ PragmaIsValid=1_XLX_SEP_ PragmaType=stream_XLX_SEP_ PragmaContext=_XLX_SEP_ PragmaFunction=fft_XLX_SEP_ PragmaOptions=variable=xk_XLX_SEP_ [-Wdump-hls-pragmas]
#pragma HLS stream variable=xk
        ^
/opt/xilinx/tools/Vitis/2024.2/common/technology/autopilot/hls_fft.h:1305:9: warning: HLS pragma dump _XLX_SEP_ PragmaIsValid=1_XLX_SEP_ PragmaType=dataflow_XLX_SEP_ PragmaContext=_XLX_SEP_ PragmaFunction=fft_wrapper_XLX_SEP_ PragmaOptions=_XLX_SEP_ [-Wdump-hls-pragmas]
#pragma HLS dataflow
        ^
/opt/xilinx/tools/Vitis/2024.2/common/technology/autopilot/hls_fft.h:1324:9: warning: HLS pragma dump _XLX_SEP_ PragmaIsValid=1_XLX_SEP_ PragmaType=dataflow_XLX_SEP_ PragmaContext=_XLX_SEP_ PragmaFunction=fft_XLX_SEP_ PragmaOptions=_XLX_SEP_ [-Wdump-hls-pragmas]
#pragma HLS dataflow
        ^
/opt/xilinx/tools/Vitis/2024.2/common/technology/autopilot/hls_fft.h:1325:9: warning: HLS pragma dump _XLX_SEP_ PragmaIsValid=1_XLX_SEP_ PragmaType=aggregate_XLX_SEP_ PragmaContext=_XLX_SEP_ PragmaFunction=fft_XLX_SEP_ PragmaOptions=variable=xn_XLX_SEP_ [-Wdump-hls-pragmas]
#pragma HLS aggregate variable=xn
        ^
/opt/xilinx/tools/Vitis/2024.2/common/technology/autopilot/hls_fft.h:1326:9: warning: HLS pragma dump _XLX_SEP_ PragmaIsValid=1_XLX_SEP_ PragmaType=aggregate_XLX_SEP_ PragmaContext=_XLX_SEP_ PragmaFunction=fft_XLX_SEP_ PragmaOptions=variable=xk_XLX_SEP_ [-Wdump-hls-pragmas]
#pragma HLS aggregate variable=xk
        ^
/opt/xilinx/tools/Vitis/2024.2/common/technology/autopilot/hls_fft.h:1327:9: warning: HLS pragma dump _XLX_SEP_ PragmaIsValid=1_XLX_SEP_ PragmaType=stream_XLX_SEP_ PragmaContext=_XLX_SEP_ PragmaFunction=fft_XLX_SEP_ PragmaOptions=variable=xn_XLX_SEP_ [-Wdump-hls-pragmas]
#pragma HLS stream variable=xn
        ^
/opt/xilinx/tools/Vitis/2024.2/common/technology/autopilot/hls_fft.h:1328:9: warning: HLS pragma dump _XLX_SEP_ PragmaIsValid=1_XLX_SEP_ PragmaType=stream_XLX_SEP_ PragmaContext=_XLX_SEP_ PragmaFunction=fft_XLX_SEP_ PragmaOptions=variable=xk_XLX_SEP_ [-Wdump-hls-pragmas]
#pragma HLS stream variable=xk
        ^
/opt/xilinx/tools/Vitis/2024.2/common/technology/autopilot/hls_fft.h:1332:9: warning: HLS pragma dump _XLX_SEP_ PragmaIsValid=1_XLX_SEP_ PragmaType=stream_XLX_SEP_ PragmaContext=_XLX_SEP_ PragmaFunction=fft_XLX_SEP_ PragmaOptions=variable=flag type=pipo_XLX_SEP_ [-Wdump-hls-pragmas]
#pragma HLS STREAM variable=flag type=pipo
        ^
/opt/xilinx/tools/Vitis/2024.2/common/technology/autopilot/hls_fft.h:1353:9: warning: HLS pragma dump _XLX_SEP_ PragmaIsValid=1_XLX_SEP_ PragmaType=inline_XLX_SEP_ PragmaContext=_XLX_SEP_ PragmaFunction=fft_XLX_SEP_ PragmaOptions=off_XLX_SEP_ [-Wdump-hls-pragmas]
#pragma HLS inline off
        ^
/opt/xilinx/tools/Vitis/2024.2/common/technology/autopilot/hls_fft.h:1354:9: warning: HLS pragma dump _XLX_SEP_ PragmaIsValid=1_XLX_SEP_ PragmaType=aggregate_XLX_SEP_ PragmaContext=_XLX_SEP_ PragmaFunction=fft_XLX_SEP_ PragmaOptions=variable=xn_XLX_SEP_ [-Wdump-hls-pragmas]
#pragma HLS aggregate variable=xn
        ^
/opt/xilinx/tools/Vitis/2024.2/common/technology/autopilot/hls_fft.h:1355:9: warning: HLS pragma dump _XLX_SEP_ PragmaIsValid=1_XLX_SEP_ PragmaType=aggregate_XLX_SEP_ PragmaContext=_XLX_SEP_ PragmaFunction=fft_XLX_SEP_ PragmaOptions=variable=xk_XLX_SEP_ [-Wdump-hls-pragmas]
#pragma HLS aggregate variable=xk
        ^
/opt/xilinx/tools/Vitis/2024.2/common/technology/autopilot/hls_fft.h:1356:9: warning: HLS pragma dump _XLX_SEP_ PragmaIsValid=1_XLX_SEP_ PragmaType=stream_XLX_SEP_ PragmaContext=_XLX_SEP_ PragmaFunction=fft_XLX_SEP_ PragmaOptions=variable=xn_XLX_SEP_ [-Wdump-hls-pragmas]
#pragma HLS stream variable=xn
        ^
/opt/xilinx/tools/Vitis/2024.2/common/technology/autopilot/hls_fft.h:1357:9: warning: HLS pragma dump _XLX_SEP_ PragmaIsValid=1_XLX_SEP_ PragmaType=stream_XLX_SEP_ PragmaContext=_XLX_SEP_ PragmaFunction=fft_XLX_SEP_ PragmaOptions=variable=xk_XLX_SEP_ [-Wdump-hls-pragmas]
#pragma HLS stream variable=xk
        ^
/opt/xilinx/tools/Vitis/2024.2/common/technology/autopilot/hls_fft.h:1358:9: warning: HLS pragma dump _XLX_SEP_ PragmaIsValid=1_XLX_SEP_ PragmaType=stream_XLX_SEP_ PragmaContext=_XLX_SEP_ PragmaFunction=fft_XLX_SEP_ PragmaOptions=variable=status_data_V_XLX_SEP_ [-Wdump-hls-pragmas]
#pragma HLS stream variable=status_data_V
        ^
/opt/xilinx/tools/Vitis/2024.2/common/technology/autopilot/hls_fft.h:1359:9: warning: HLS pragma dump _XLX_SEP_ PragmaIsValid=1_XLX_SEP_ PragmaType=stream_XLX_SEP_ PragmaContext=_XLX_SEP_ PragmaFunction=fft_XLX_SEP_ PragmaOptions=variable=config_ch_data_V_XLX_SEP_ [-Wdump-hls-pragmas]
#pragma HLS stream variable=config_ch_data_V
        ^
/opt/xilinx/tools/Vitis/2024.2/common/technology/autopilot/hls_fft.h:1386:9: warning: HLS pragma dump _XLX_SEP_ PragmaIsValid=1_XLX_SEP_ PragmaType=inline_XLX_SEP_ PragmaContext=_XLX_SEP_ PragmaFunction=fft_XLX_SEP_ PragmaOptions=_XLX_SEP_ [-Wdump-hls-pragmas]
#pragma HLS inline
        ^
/opt/xilinx/tools/Vitis/2024.2/common/technology/autopilot/hls_fft.h:1387:9: warning: HLS pragma dump _XLX_SEP_ PragmaIsValid=1_XLX_SEP_ PragmaType=aggregate_XLX_SEP_ PragmaContext=_XLX_SEP_ PragmaFunction=fft_XLX_SEP_ PragmaOptions=variable=xn_XLX_SEP_ [-Wdump-hls-pragmas]
#pragma HLS aggregate variable=xn
        ^
/opt/xilinx/tools/Vitis/2024.2/common/technology/autopilot/hls_fft.h:1388:9: warning: HLS pragma dump _XLX_SEP_ PragmaIsValid=1_XLX_SEP_ PragmaType=aggregate_XLX_SEP_ PragmaContext=_XLX_SEP_ PragmaFunction=fft_XLX_SEP_ PragmaOptions=variable=xk_XLX_SEP_ [-Wdump-hls-pragmas]
#pragma HLS aggregate variable=xk
        ^
/opt/xilinx/tools/Vitis/2024.2/common/technology/autopilot/hls_fft.h:1389:9: warning: HLS pragma dump _XLX_SEP_ PragmaIsValid=1_XLX_SEP_ PragmaType=stream_XLX_SEP_ PragmaContext=_XLX_SEP_ PragmaFunction=fft_XLX_SEP_ PragmaOptions=variable=xn_XLX_SEP_ [-Wdump-hls-pragmas]
#pragma HLS stream variable=xn
        ^
/opt/xilinx/tools/Vitis/2024.2/common/technology/autopilot/hls_fft.h:1390:9: warning: HLS pragma dump _XLX_SEP_ PragmaIsValid=1_XLX_SEP_ PragmaType=stream_XLX_SEP_ PragmaContext=_XLX_SEP_ PragmaFunction=fft_XLX_SEP_ PragmaOptions=variable=xk_XLX_SEP_ [-Wdump-hls-pragmas]
#pragma HLS stream variable=xk
        ^
/opt/xilinx/tools/Vitis/2024.2/common/technology/autopilot/hls_fft.h:1391:9: warning: HLS pragma dump _XLX_SEP_ PragmaIsValid=1_XLX_SEP_ PragmaType=array_reshape_XLX_SEP_ PragmaContext=_XLX_SEP_ PragmaFunction=fft_XLX_SEP_ PragmaOptions=dim=1 variable=xn_XLX_SEP_ [-Wdump-hls-pragmas]
#pragma HLS array_reshape dim=1 variable=xn
        ^
/opt/xilinx/tools/Vitis/2024.2/common/technology/autopilot/hls_fft.h:1392:9: warning: HLS pragma dump _XLX_SEP_ PragmaIsValid=1_XLX_SEP_ PragmaType=array_reshape_XLX_SEP_ PragmaContext=_XLX_SEP_ PragmaFunction=fft_XLX_SEP_ PragmaOptions=dim=1 variable=xk_XLX_SEP_ [-Wdump-hls-pragmas]
#pragma HLS array_reshape dim=1 variable=xk
        ^
/opt/xilinx/tools/Vitis/2024.2/common/technology/autopilot/hls_fft.h:1427:9: warning: HLS pragma dump _XLX_SEP_ PragmaIsValid=1_XLX_SEP_ PragmaType=inline_XLX_SEP_ PragmaContext=_XLX_SEP_ PragmaFunction=fft_XLX_SEP_ PragmaOptions=_XLX_SEP_ [-Wdump-hls-pragmas]
#pragma HLS inline
        ^
/opt/xilinx/tools/Vitis/2024.2/common/technology/autopilot/hls_fft.h:1428:9: warning: HLS pragma dump _XLX_SEP_ PragmaIsValid=1_XLX_SEP_ PragmaType=aggregate_XLX_SEP_ PragmaContext=_XLX_SEP_ PragmaFunction=fft_XLX_SEP_ PragmaOptions=variable=xn_XLX_SEP_ [-Wdump-hls-pragmas]
#pragma HLS aggregate variable=xn
        ^
/opt/xilinx/tools/Vitis/2024.2/common/technology/autopilot/hls_fft.h:1429:9: warning: HLS pragma dump _XLX_SEP_ PragmaIsValid=1_XLX_SEP_ PragmaType=aggregate_XLX_SEP_ PragmaContext=_XLX_SEP_ PragmaFunction=fft_XLX_SEP_ PragmaOptions=variable=xk_XLX_SEP_ [-Wdump-hls-pragmas]
#pragma HLS aggregate variable=xk
        ^
/opt/xilinx/tools/Vitis/2024.2/common/technology/autopilot/hls_fft.h:1430:9: warning: HLS pragma dump _XLX_SEP_ PragmaIsValid=1_XLX_SEP_ PragmaType=stream_XLX_SEP_ PragmaContext=_XLX_SEP_ PragmaFunction=fft_XLX_SEP_ PragmaOptions=variable=xn_XLX_SEP_ [-Wdump-hls-pragmas]
#pragma HLS stream variable=xn
        ^
/opt/xilinx/tools/Vitis/2024.2/common/technology/autopilot/hls_fft.h:1431:9: warning: HLS pragma dump _XLX_SEP_ PragmaIsValid=1_XLX_SEP_ PragmaType=stream_XLX_SEP_ PragmaContext=_XLX_SEP_ PragmaFunction=fft_XLX_SEP_ PragmaOptions=variable=xk_XLX_SEP_ [-Wdump-hls-pragmas]
#pragma HLS stream variable=xk
        ^
/opt/xilinx/tools/Vitis/2024.2/common/technology/autopilot/hls_fft.h:1432:9: warning: HLS pragma dump _XLX_SEP_ PragmaIsValid=1_XLX_SEP_ PragmaType=array_reshape_XLX_SEP_ PragmaContext=_XLX_SEP_ PragmaFunction=fft_XLX_SEP_ PragmaOptions=dim=1 variable=xn_XLX_SEP_ [-Wdump-hls-pragmas]
#pragma HLS array_reshape dim=1 variable=xn
        ^
/opt/xilinx/tools/Vitis/2024.2/common/technology/autopilot/hls_fft.h:1433:9: warning: HLS pragma dump _XLX_SEP_ PragmaIsValid=1_XLX_SEP_ PragmaType=array_reshape_XLX_SEP_ PragmaContext=_XLX_SEP_ PragmaFunction=fft_XLX_SEP_ PragmaOptions=dim=1 variable=xk_XLX_SEP_ [-Wdump-hls-pragmas]
#pragma HLS array_reshape dim=1 variable=xk
        ^
/opt/xilinx/tools/Vitis/2024.2/common/technology/autopilot/hls_fft.h:1468:9: warning: HLS pragma dump _XLX_SEP_ PragmaIsValid=1_XLX_SEP_ PragmaType=dataflow_XLX_SEP_ PragmaContext=_XLX_SEP_ PragmaFunction=fft_XLX_SEP_ PragmaOptions=_XLX_SEP_ [-Wdump-hls-pragmas]
#pragma HLS dataflow
        ^
/opt/xilinx/tools/Vitis/2024.2/common/technology/autopilot/hls_fft.h:1469:9: warning: HLS pragma dump _XLX_SEP_ PragmaIsValid=1_XLX_SEP_ PragmaType=aggregate_XLX_SEP_ PragmaContext=_XLX_SEP_ PragmaFunction=fft_XLX_SEP_ PragmaOptions=variable=xn_XLX_SEP_ [-Wdump-hls-pragmas]
#pragma HLS aggregate variable=xn
        ^
/opt/xilinx/tools/Vitis/2024.2/common/technology/autopilot/hls_fft.h:1470:9: warning: HLS pragma dump _XLX_SEP_ PragmaIsValid=1_XLX_SEP_ PragmaType=aggregate_XLX_SEP_ PragmaContext=_XLX_SEP_ PragmaFunction=fft_XLX_SEP_ PragmaOptions=variable=xk_XLX_SEP_ [-Wdump-hls-pragmas]
#pragma HLS aggregate variable=xk
        ^
/opt/xilinx/tools/Vitis/2024.2/common/technology/autopilot/hls_fft.h:1471:9: warning: HLS pragma dump _XLX_SEP_ PragmaIsValid=1_XLX_SEP_ PragmaType=stream_XLX_SEP_ PragmaContext=_XLX_SEP_ PragmaFunction=fft_XLX_SEP_ PragmaOptions=variable=xn_XLX_SEP_ [-Wdump-hls-pragmas]
#pragma HLS stream variable=xn
        ^
/opt/xilinx/tools/Vitis/2024.2/common/technology/autopilot/hls_fft.h:1472:9: warning: HLS pragma dump _XLX_SEP_ PragmaIsValid=1_XLX_SEP_ PragmaType=stream_XLX_SEP_ PragmaContext=_XLX_SEP_ PragmaFunction=fft_XLX_SEP_ PragmaOptions=variable=xk_XLX_SEP_ [-Wdump-hls-pragmas]
#pragma HLS stream variable=xk
        ^
/opt/xilinx/tools/Vitis/2024.2/common/technology/autopilot/hls_fft.h:1473:9: warning: HLS pragma dump _XLX_SEP_ PragmaIsValid=1_XLX_SEP_ PragmaType=array_reshape_XLX_SEP_ PragmaContext=_XLX_SEP_ PragmaFunction=fft_XLX_SEP_ PragmaOptions=dim=1 variable=xn_XLX_SEP_ [-Wdump-hls-pragmas]
#pragma HLS array_reshape dim=1 variable=xn
        ^
/opt/xilinx/tools/Vitis/2024.2/common/technology/autopilot/hls_fft.h:1474:9: warning: HLS pragma dump _XLX_SEP_ PragmaIsValid=1_XLX_SEP_ PragmaType=array_reshape_XLX_SEP_ PragmaContext=_XLX_SEP_ PragmaFunction=fft_XLX_SEP_ PragmaOptions=dim=1 variable=xk_XLX_SEP_ [-Wdump-hls-pragmas]
#pragma HLS array_reshape dim=1 variable=xk
        ^
/opt/xilinx/tools/Vitis/2024.2/common/technology/autopilot/hls_fft.h:1506:9: warning: HLS pragma dump _XLX_SEP_ PragmaIsValid=1_XLX_SEP_ PragmaType=inline_XLX_SEP_ PragmaContext=_XLX_SEP_ PragmaFunction=fft_XLX_SEP_ PragmaOptions=_XLX_SEP_ [-Wdump-hls-pragmas]
#pragma HLS inline
        ^
/opt/xilinx/tools/Vitis/2024.2/common/technology/autopilot/hls_fft.h:1507:9: warning: HLS pragma dump _XLX_SEP_ PragmaIsValid=1_XLX_SEP_ PragmaType=aggregate_XLX_SEP_ PragmaContext=_XLX_SEP_ PragmaFunction=fft_XLX_SEP_ PragmaOptions=variable=xn_XLX_SEP_ [-Wdump-hls-pragmas]
#pragma HLS aggregate variable=xn
        ^
/opt/xilinx/tools/Vitis/2024.2/common/technology/autopilot/hls_fft.h:1508:9: warning: HLS pragma dump _XLX_SEP_ PragmaIsValid=1_XLX_SEP_ PragmaType=aggregate_XLX_SEP_ PragmaContext=_XLX_SEP_ PragmaFunction=fft_XLX_SEP_ PragmaOptions=variable=xk_XLX_SEP_ [-Wdump-hls-pragmas]
#pragma HLS aggregate variable=xk
        ^
/opt/xilinx/tools/Vitis/2024.2/common/technology/autopilot/hls_fft.h:1509:9: warning: HLS pragma dump _XLX_SEP_ PragmaIsValid=1_XLX_SEP_ PragmaType=stream_XLX_SEP_ PragmaContext=_XLX_SEP_ PragmaFunction=fft_XLX_SEP_ PragmaOptions=variable=xn_XLX_SEP_ [-Wdump-hls-pragmas]
#pragma HLS stream variable=xn
        ^
/opt/xilinx/tools/Vitis/2024.2/common/technology/autopilot/hls_fft.h:1510:9: warning: HLS pragma dump _XLX_SEP_ PragmaIsValid=1_XLX_SEP_ PragmaType=stream_XLX_SEP_ PragmaContext=_XLX_SEP_ PragmaFunction=fft_XLX_SEP_ PragmaOptions=variable=xk_XLX_SEP_ [-Wdump-hls-pragmas]
#pragma HLS stream variable=xk
        ^
/opt/xilinx/tools/Vitis/2024.2/common/technology/autopilot/hls_fft.h:1511:9: warning: HLS pragma dump _XLX_SEP_ PragmaIsValid=1_XLX_SEP_ PragmaType=array_reshape_XLX_SEP_ PragmaContext=_XLX_SEP_ PragmaFunction=fft_XLX_SEP_ PragmaOptions=dim=1 variable=xn_XLX_SEP_ [-Wdump-hls-pragmas]
#pragma HLS array_reshape dim=1 variable=xn
        ^
/opt/xilinx/tools/Vitis/2024.2/common/technology/autopilot/hls_fft.h:1512:9: warning: HLS pragma dump _XLX_SEP_ PragmaIsValid=1_XLX_SEP_ PragmaType=array_reshape_XLX_SEP_ PragmaContext=_XLX_SEP_ PragmaFunction=fft_XLX_SEP_ PragmaOptions=dim=1 variable=xk_XLX_SEP_ [-Wdump-hls-pragmas]
#pragma HLS array_reshape dim=1 variable=xk
        ^
/opt/xilinx/tools/Vitis/2024.2/common/technology/autopilot/hls_fft.h:1543:9: warning: HLS pragma dump _XLX_SEP_ PragmaIsValid=1_XLX_SEP_ PragmaType=inline_XLX_SEP_ PragmaContext=_XLX_SEP_ PragmaFunction=fft_XLX_SEP_ PragmaOptions=off_XLX_SEP_ [-Wdump-hls-pragmas]
#pragma HLS inline off
        ^
/opt/xilinx/tools/Vitis/2024.2/common/technology/autopilot/hls_fft.h:1544:9: warning: HLS pragma dump _XLX_SEP_ PragmaIsValid=1_XLX_SEP_ PragmaType=aggregate_XLX_SEP_ PragmaContext=_XLX_SEP_ PragmaFunction=fft_XLX_SEP_ PragmaOptions=variable=xn_XLX_SEP_ [-Wdump-hls-pragmas]
#pragma HLS aggregate variable=xn
        ^
/opt/xilinx/tools/Vitis/2024.2/common/technology/autopilot/hls_fft.h:1545:9: warning: HLS pragma dump _XLX_SEP_ PragmaIsValid=1_XLX_SEP_ PragmaType=aggregate_XLX_SEP_ PragmaContext=_XLX_SEP_ PragmaFunction=fft_XLX_SEP_ PragmaOptions=variable=xk_XLX_SEP_ [-Wdump-hls-pragmas]
#pragma HLS aggregate variable=xk
        ^
/opt/xilinx/tools/Vitis/2024.2/common/technology/autopilot/hls_fft.h:1546:9: warning: HLS pragma dump _XLX_SEP_ PragmaIsValid=1_XLX_SEP_ PragmaType=stream_XLX_SEP_ PragmaContext=_XLX_SEP_ PragmaFunction=fft_XLX_SEP_ PragmaOptions=variable=xn_XLX_SEP_ [-Wdump-hls-pragmas]
#pragma HLS stream variable=xn
        ^
/opt/xilinx/tools/Vitis/2024.2/common/technology/autopilot/hls_fft.h:1547:9: warning: HLS pragma dump _XLX_SEP_ PragmaIsValid=1_XLX_SEP_ PragmaType=stream_XLX_SEP_ PragmaContext=_XLX_SEP_ PragmaFunction=fft_XLX_SEP_ PragmaOptions=variable=xk_XLX_SEP_ [-Wdump-hls-pragmas]
#pragma HLS stream variable=xk
        ^
/opt/xilinx/tools/Vitis/2024.2/common/technology/autopilot/hls_fft.h:1548:9: warning: HLS pragma dump _XLX_SEP_ PragmaIsValid=1_XLX_SEP_ PragmaType=array_reshape_XLX_SEP_ PragmaContext=_XLX_SEP_ PragmaFunction=fft_XLX_SEP_ PragmaOptions=dim=1 variable=xn_XLX_SEP_ [-Wdump-hls-pragmas]
#pragma HLS array_reshape dim=1 variable=xn
        ^
/opt/xilinx/tools/Vitis/2024.2/common/technology/autopilot/hls_fft.h:1549:9: warning: HLS pragma dump _XLX_SEP_ PragmaIsValid=1_XLX_SEP_ PragmaType=array_reshape_XLX_SEP_ PragmaContext=_XLX_SEP_ PragmaFunction=fft_XLX_SEP_ PragmaOptions=dim=1 variable=xk_XLX_SEP_ [-Wdump-hls-pragmas]
#pragma HLS array_reshape dim=1 variable=xk
        ^
/opt/xilinx/tools/Vitis/2024.2/common/technology/autopilot/hls_fft.h:1550:9: warning: HLS pragma dump _XLX_SEP_ PragmaIsValid=1_XLX_SEP_ PragmaType=stream_XLX_SEP_ PragmaContext=_XLX_SEP_ PragmaFunction=fft_XLX_SEP_ PragmaOptions=variable=status_data_V_XLX_SEP_ [-Wdump-hls-pragmas]
#pragma HLS stream variable=status_data_V
        ^
/opt/xilinx/tools/Vitis/2024.2/common/technology/autopilot/hls_fft.h:1551:9: warning: HLS pragma dump _XLX_SEP_ PragmaIsValid=1_XLX_SEP_ PragmaType=stream_XLX_SEP_ PragmaContext=_XLX_SEP_ PragmaFunction=fft_XLX_SEP_ PragmaOptions=variable=config_ch_data_V_XLX_SEP_ [-Wdump-hls-pragmas]
#pragma HLS stream variable=config_ch_data_V
        ^
/opt/xilinx/tools/Vitis/2024.2/common/technology/autopilot/hls_fft.h:1612:9: warning: HLS pragma dump _XLX_SEP_ PragmaIsValid=1_XLX_SEP_ PragmaType=inline_XLX_SEP_ PragmaContext=_XLX_SEP_ PragmaFunction=fft_syn_XLX_SEP_ PragmaOptions=off_XLX_SEP_ [-Wdump-hls-pragmas]
#pragma HLS inline off
        ^
/opt/xilinx/tools/Vitis/2024.2/common/technology/autopilot/hls_fft.h:1664:9: warning: HLS pragma dump _XLX_SEP_ PragmaIsValid=1_XLX_SEP_ PragmaType=inline_XLX_SEP_ PragmaContext=_XLX_SEP_ PragmaFunction=fft_syn_XLX_SEP_ PragmaOptions=_XLX_SEP_ [-Wdump-hls-pragmas]
#pragma HLS inline
        ^
/opt/xilinx/tools/Vitis/2024.2/common/technology/autopilot/hls_fft.h:1715:9: warning: HLS pragma dump _XLX_SEP_ PragmaIsValid=1_XLX_SEP_ PragmaType=dataflow_XLX_SEP_ PragmaContext=_XLX_SEP_ PragmaFunction=fft_wrapper_XLX_SEP_ PragmaOptions=_XLX_SEP_ [-Wdump-hls-pragmas]
#pragma HLS dataflow
        ^
/opt/xilinx/tools/Vitis/2024.2/common/technology/autopilot/hls_fft.h:1747:9: warning: HLS pragma dump _XLX_SEP_ PragmaIsValid=1_XLX_SEP_ PragmaType=inline_XLX_SEP_ PragmaContext=_XLX_SEP_ PragmaFunction=fft_XLX_SEP_ PragmaOptions=off_XLX_SEP_ [-Wdump-hls-pragmas]
#pragma HLS inline off
        ^
/opt/xilinx/tools/Vitis/2024.2/common/technology/autopilot/hls_fft.h:1774:9: warning: HLS pragma dump _XLX_SEP_ PragmaIsValid=1_XLX_SEP_ PragmaType=inline_XLX_SEP_ PragmaContext=_XLX_SEP_ PragmaFunction=fft_XLX_SEP_ PragmaOptions=off_XLX_SEP_ [-Wdump-hls-pragmas]
#pragma HLS inline off
        ^
/opt/xilinx/tools/Vitis/2024.2/common/technology/autopilot/hls_fft.h:1803:9: warning: HLS pragma dump _XLX_SEP_ PragmaIsValid=1_XLX_SEP_ PragmaType=inline_XLX_SEP_ PragmaContext=_XLX_SEP_ PragmaFunction=fft_XLX_SEP_ PragmaOptions=_XLX_SEP_ [-Wdump-hls-pragmas]
#pragma HLS inline
        ^
/opt/xilinx/tools/Vitis/2024.2/common/technology/autopilot/hls_fft.h:1804:9: warning: HLS pragma dump _XLX_SEP_ PragmaIsValid=1_XLX_SEP_ PragmaType=aggregate_XLX_SEP_ PragmaContext=_XLX_SEP_ PragmaFunction=fft_XLX_SEP_ PragmaOptions=variable=xn_XLX_SEP_ [-Wdump-hls-pragmas]
#pragma HLS aggregate variable=xn
        ^
/opt/xilinx/tools/Vitis/2024.2/common/technology/autopilot/hls_fft.h:1805:9: warning: HLS pragma dump _XLX_SEP_ PragmaIsValid=1_XLX_SEP_ PragmaType=aggregate_XLX_SEP_ PragmaContext=_XLX_SEP_ PragmaFunction=fft_XLX_SEP_ PragmaOptions=variable=xk_XLX_SEP_ [-Wdump-hls-pragmas]
#pragma HLS aggregate variable=xk
        ^
/opt/xilinx/tools/Vitis/2024.2/common/technology/autopilot/hls_fft.h:1806:9: warning: HLS pragma dump _XLX_SEP_ PragmaIsValid=1_XLX_SEP_ PragmaType=stream_XLX_SEP_ PragmaContext=_XLX_SEP_ PragmaFunction=fft_XLX_SEP_ PragmaOptions=variable=xn_XLX_SEP_ [-Wdump-hls-pragmas]
#pragma HLS stream variable=xn
        ^
/opt/xilinx/tools/Vitis/2024.2/common/technology/autopilot/hls_fft.h:1807:9: warning: HLS pragma dump _XLX_SEP_ PragmaIsValid=1_XLX_SEP_ PragmaType=stream_XLX_SEP_ PragmaContext=_XLX_SEP_ PragmaFunction=fft_XLX_SEP_ PragmaOptions=variable=xk_XLX_SEP_ [-Wdump-hls-pragmas]
#pragma HLS stream variable=xk
        ^
/opt/xilinx/tools/Vitis/2024.2/common/technology/autopilot/hls_fft.h:1829:9: warning: HLS pragma dump _XLX_SEP_ PragmaIsValid=1_XLX_SEP_ PragmaType=inline_XLX_SEP_ PragmaContext=_XLX_SEP_ PragmaFunction=fft_XLX_SEP_ PragmaOptions=_XLX_SEP_ [-Wdump-hls-pragmas]
#pragma HLS inline
        ^
/opt/xilinx/tools/Vitis/2024.2/common/technology/autopilot/hls_fft.h:1830:9: warning: HLS pragma dump _XLX_SEP_ PragmaIsValid=1_XLX_SEP_ PragmaType=aggregate_XLX_SEP_ PragmaContext=_XLX_SEP_ PragmaFunction=fft_XLX_SEP_ PragmaOptions=variable=xn_XLX_SEP_ [-Wdump-hls-pragmas]
#pragma HLS aggregate variable=xn
        ^
/opt/xilinx/tools/Vitis/2024.2/common/technology/autopilot/hls_fft.h:1831:9: warning: HLS pragma dump _XLX_SEP_ PragmaIsValid=1_XLX_SEP_ PragmaType=aggregate_XLX_SEP_ PragmaContext=_XLX_SEP_ PragmaFunction=fft_XLX_SEP_ PragmaOptions=variable=xk_XLX_SEP_ [-Wdump-hls-pragmas]
#pragma HLS aggregate variable=xk
        ^
/opt/xilinx/tools/Vitis/2024.2/common/technology/autopilot/hls_fft.h:1832:9: warning: HLS pragma dump _XLX_SEP_ PragmaIsValid=1_XLX_SEP_ PragmaType=stream_XLX_SEP_ PragmaContext=_XLX_SEP_ PragmaFunction=fft_XLX_SEP_ PragmaOptions=variable=xn_XLX_SEP_ [-Wdump-hls-pragmas]
#pragma HLS stream variable=xn
        ^
/opt/xilinx/tools/Vitis/2024.2/common/technology/autopilot/hls_fft.h:1833:9: warning: HLS pragma dump _XLX_SEP_ PragmaIsValid=1_XLX_SEP_ PragmaType=stream_XLX_SEP_ PragmaContext=_XLX_SEP_ PragmaFunction=fft_XLX_SEP_ PragmaOptions=variable=xk_XLX_SEP_ [-Wdump-hls-pragmas]
#pragma HLS stream variable=xk
        ^
/opt/xilinx/tools/Vitis/2024.2/common/technology/autopilot/hls_fft.h:1855:9: warning: HLS pragma dump _XLX_SEP_ PragmaIsValid=1_XLX_SEP_ PragmaType=dataflow_XLX_SEP_ PragmaContext=_XLX_SEP_ PragmaFunction=fft_XLX_SEP_ PragmaOptions=_XLX_SEP_ [-Wdump-hls-pragmas]
#pragma HLS dataflow
        ^
/opt/xilinx/tools/Vitis/2024.2/common/technology/autopilot/hls_fft.h:1856:9: warning: HLS pragma dump _XLX_SEP_ PragmaIsValid=1_XLX_SEP_ PragmaType=aggregate_XLX_SEP_ PragmaContext=_XLX_SEP_ PragmaFunction=fft_XLX_SEP_ PragmaOptions=variable=xn_XLX_SEP_ [-Wdump-hls-pragmas]
#pragma HLS aggregate variable=xn
        ^
/opt/xilinx/tools/Vitis/2024.2/common/technology/autopilot/hls_fft.h:1857:9: warning: HLS pragma dump _XLX_SEP_ PragmaIsValid=1_XLX_SEP_ PragmaType=aggregate_XLX_SEP_ PragmaContext=_XLX_SEP_ PragmaFunction=fft_XLX_SEP_ PragmaOptions=variable=xk_XLX_SEP_ [-Wdump-hls-pragmas]
#pragma HLS aggregate variable=xk
        ^
/opt/xilinx/tools/Vitis/2024.2/common/technology/autopilot/hls_fft.h:1858:9: warning: HLS pragma dump _XLX_SEP_ PragmaIsValid=1_XLX_SEP_ PragmaType=stream_XLX_SEP_ PragmaContext=_XLX_SEP_ PragmaFunction=fft_XLX_SEP_ PragmaOptions=variable=xn_XLX_SEP_ [-Wdump-hls-pragmas]
#pragma HLS stream variable=xn
        ^
/opt/xilinx/tools/Vitis/2024.2/common/technology/autopilot/hls_fft.h:1859:9: warning: HLS pragma dump _XLX_SEP_ PragmaIsValid=1_XLX_SEP_ PragmaType=stream_XLX_SEP_ PragmaContext=_XLX_SEP_ PragmaFunction=fft_XLX_SEP_ PragmaOptions=variable=xk_XLX_SEP_ [-Wdump-hls-pragmas]
#pragma HLS stream variable=xk
        ^
/opt/xilinx/tools/Vitis/2024.2/common/technology/autopilot/hls_fft.h:1881:9: warning: HLS pragma dump _XLX_SEP_ PragmaIsValid=1_XLX_SEP_ PragmaType=inline_XLX_SEP_ PragmaContext=_XLX_SEP_ PragmaFunction=fft_XLX_SEP_ PragmaOptions=_XLX_SEP_ [-Wdump-hls-pragmas]
#pragma HLS inline
        ^
/opt/xilinx/tools/Vitis/2024.2/common/technology/autopilot/hls_fft.h:1882:9: warning: HLS pragma dump _XLX_SEP_ PragmaIsValid=1_XLX_SEP_ PragmaType=aggregate_XLX_SEP_ PragmaContext=_XLX_SEP_ PragmaFunction=fft_XLX_SEP_ PragmaOptions=variable=xn_XLX_SEP_ [-Wdump-hls-pragmas]
#pragma HLS aggregate variable=xn
        ^
/opt/xilinx/tools/Vitis/2024.2/common/technology/autopilot/hls_fft.h:1883:9: warning: HLS pragma dump _XLX_SEP_ PragmaIsValid=1_XLX_SEP_ PragmaType=aggregate_XLX_SEP_ PragmaContext=_XLX_SEP_ PragmaFunction=fft_XLX_SEP_ PragmaOptions=variable=xk_XLX_SEP_ [-Wdump-hls-pragmas]
#pragma HLS aggregate variable=xk
        ^
/opt/xilinx/tools/Vitis/2024.2/common/technology/autopilot/hls_fft.h:1884:9: warning: HLS pragma dump _XLX_SEP_ PragmaIsValid=1_XLX_SEP_ PragmaType=stream_XLX_SEP_ PragmaContext=_XLX_SEP_ PragmaFunction=fft_XLX_SEP_ PragmaOptions=variable=xn_XLX_SEP_ [-Wdump-hls-pragmas]
#pragma HLS stream variable=xn
        ^
/opt/xilinx/tools/Vitis/2024.2/common/technology/autopilot/hls_fft.h:1885:9: warning: HLS pragma dump _XLX_SEP_ PragmaIsValid=1_XLX_SEP_ PragmaType=stream_XLX_SEP_ PragmaContext=_XLX_SEP_ PragmaFunction=fft_XLX_SEP_ PragmaOptions=variable=xk_XLX_SEP_ [-Wdump-hls-pragmas]
#pragma HLS stream variable=xk
        ^
/opt/xilinx/tools/Vitis/2024.2/common/technology/autopilot/hls_fft.h:1907:9: warning: HLS pragma dump _XLX_SEP_ PragmaIsValid=1_XLX_SEP_ PragmaType=inline_XLX_SEP_ PragmaContext=_XLX_SEP_ PragmaFunction=fft_XLX_SEP_ PragmaOptions=off_XLX_SEP_ [-Wdump-hls-pragmas]
#pragma HLS inline off
        ^
/opt/xilinx/tools/Vitis/2024.2/common/technology/autopilot/hls_fft.h:1908:9: warning: HLS pragma dump _XLX_SEP_ PragmaIsValid=1_XLX_SEP_ PragmaType=aggregate_XLX_SEP_ PragmaContext=_XLX_SEP_ PragmaFunction=fft_XLX_SEP_ PragmaOptions=variable=xn_XLX_SEP_ [-Wdump-hls-pragmas]
#pragma HLS aggregate variable=xn
        ^
/opt/xilinx/tools/Vitis/2024.2/common/technology/autopilot/hls_fft.h:1909:9: warning: HLS pragma dump _XLX_SEP_ PragmaIsValid=1_XLX_SEP_ PragmaType=aggregate_XLX_SEP_ PragmaContext=_XLX_SEP_ PragmaFunction=fft_XLX_SEP_ PragmaOptions=variable=xk_XLX_SEP_ [-Wdump-hls-pragmas]
#pragma HLS aggregate variable=xk
        ^
/opt/xilinx/tools/Vitis/2024.2/common/technology/autopilot/hls_fft.h:1910:9: warning: HLS pragma dump _XLX_SEP_ PragmaIsValid=1_XLX_SEP_ PragmaType=stream_XLX_SEP_ PragmaContext=_XLX_SEP_ PragmaFunction=fft_XLX_SEP_ PragmaOptions=variable=xn_XLX_SEP_ [-Wdump-hls-pragmas]
#pragma HLS stream variable=xn
        ^
/opt/xilinx/tools/Vitis/2024.2/common/technology/autopilot/hls_fft.h:1911:9: warning: HLS pragma dump _XLX_SEP_ PragmaIsValid=1_XLX_SEP_ PragmaType=stream_XLX_SEP_ PragmaContext=_XLX_SEP_ PragmaFunction=fft_XLX_SEP_ PragmaOptions=variable=xk_XLX_SEP_ [-Wdump-hls-pragmas]
#pragma HLS stream variable=xk
        ^
/opt/xilinx/tools/Vitis/2024.2/common/technology/autopilot/hls_fft.h:1912:9: warning: HLS pragma dump _XLX_SEP_ PragmaIsValid=1_XLX_SEP_ PragmaType=stream_XLX_SEP_ PragmaContext=_XLX_SEP_ PragmaFunction=fft_XLX_SEP_ PragmaOptions=variable=status_data_V_XLX_SEP_ [-Wdump-hls-pragmas]
#pragma HLS stream variable=status_data_V
        ^
/opt/xilinx/tools/Vitis/2024.2/common/technology/autopilot/hls_fft.h:1913:9: warning: HLS pragma dump _XLX_SEP_ PragmaIsValid=1_XLX_SEP_ PragmaType=stream_XLX_SEP_ PragmaContext=_XLX_SEP_ PragmaFunction=fft_XLX_SEP_ PragmaOptions=variable=config_ch_data_V_XLX_SEP_ [-Wdump-hls-pragmas]
#pragma HLS stream variable=config_ch_data_V
        ^
/opt/xilinx/tools/Vitis/2024.2/common/technology/autopilot/hls_fft.h:1930:9: warning: HLS pragma dump _XLX_SEP_ PragmaIsValid=1_XLX_SEP_ PragmaType=dataflow_XLX_SEP_ PragmaContext=_XLX_SEP_ PragmaFunction=fft_XLX_SEP_ PragmaOptions=_XLX_SEP_ [-Wdump-hls-pragmas]
#pragma HLS dataflow
        ^
/opt/xilinx/tools/Vitis/2024.2/common/technology/autopilot/hls_fft.h:1931:9: warning: HLS pragma dump _XLX_SEP_ PragmaIsValid=1_XLX_SEP_ PragmaType=aggregate_XLX_SEP_ PragmaContext=_XLX_SEP_ PragmaFunction=fft_XLX_SEP_ PragmaOptions=variable=xn_XLX_SEP_ [-Wdump-hls-pragmas]
#pragma HLS aggregate variable=xn
        ^
/opt/xilinx/tools/Vitis/2024.2/common/technology/autopilot/hls_fft.h:1932:9: warning: HLS pragma dump _XLX_SEP_ PragmaIsValid=1_XLX_SEP_ PragmaType=aggregate_XLX_SEP_ PragmaContext=_XLX_SEP_ PragmaFunction=fft_XLX_SEP_ PragmaOptions=variable=xk_XLX_SEP_ [-Wdump-hls-pragmas]
#pragma HLS aggregate variable=xk
        ^
/opt/xilinx/tools/Vitis/2024.2/common/technology/autopilot/hls_fft.h:1933:9: warning: HLS pragma dump _XLX_SEP_ PragmaIsValid=1_XLX_SEP_ PragmaType=stream_XLX_SEP_ PragmaContext=_XLX_SEP_ PragmaFunction=fft_XLX_SEP_ PragmaOptions=variable=xn_XLX_SEP_ [-Wdump-hls-pragmas]
#pragma HLS stream variable=xn
        ^
/opt/xilinx/tools/Vitis/2024.2/common/technology/autopilot/hls_fft.h:1934:9: warning: HLS pragma dump _XLX_SEP_ PragmaIsValid=1_XLX_SEP_ PragmaType=stream_XLX_SEP_ PragmaContext=_XLX_SEP_ PragmaFunction=fft_XLX_SEP_ PragmaOptions=variable=xk_XLX_SEP_ [-Wdump-hls-pragmas]
#pragma HLS stream variable=xk
        ^
/opt/xilinx/tools/Vitis/2024.2/common/technology/autopilot/hls_fft.h:1939:9: warning: HLS pragma dump _XLX_SEP_ PragmaIsValid=1_XLX_SEP_ PragmaType=stream_XLX_SEP_ PragmaContext=_XLX_SEP_ PragmaFunction=fft_XLX_SEP_ PragmaOptions=variable=flag type=pipo_XLX_SEP_ [-Wdump-hls-pragmas]
#pragma HLS STREAM variable=flag type=pipo
        ^
/opt/xilinx/tools/Vitis/2024.2/common/technology/autopilot/hls_fft.h:1968:9: warning: HLS pragma dump _XLX_SEP_ PragmaIsValid=1_XLX_SEP_ PragmaType=pipeline_XLX_SEP_ PragmaContext=_XLX_SEP_ PragmaFunction=get_data_XLX_SEP_ PragmaOptions=II=1 rewind style=flp_XLX_SEP_ [-Wdump-hls-pragmas]
#pragma HLS pipeline II=1 rewind style=flp
        ^
/opt/xilinx/tools/Vitis/2024.2/common/technology/autopilot/hls_fft.h:1982:9: warning: HLS pragma dump _XLX_SEP_ PragmaIsValid=1_XLX_SEP_ PragmaType=dataflow_XLX_SEP_ PragmaContext=_XLX_SEP_ PragmaFunction=outputdatamover_XLX_SEP_ PragmaOptions=_XLX_SEP_ [-Wdump-hls-pragmas]
#pragma HLS dataflow
        ^
/opt/xilinx/tools/Vitis/2024.2/common/technology/autopilot/hls_fft.h:1983:9: warning: HLS pragma dump _XLX_SEP_ PragmaIsValid=1_XLX_SEP_ PragmaType=inline_XLX_SEP_ PragmaContext=_XLX_SEP_ PragmaFunction=outputdatamover_XLX_SEP_ PragmaOptions=_XLX_SEP_ [-Wdump-hls-pragmas]
#pragma HLS inline
        ^
/opt/xilinx/tools/Vitis/2024.2/common/technology/autopilot/hls_fft.h:2019:9: warning: HLS pragma dump _XLX_SEP_ PragmaIsValid=1_XLX_SEP_ PragmaType=pipeline_XLX_SEP_ PragmaContext=_XLX_SEP_ PragmaFunction=set_data_XLX_SEP_ PragmaOptions=II=1 rewind style=flp_XLX_SEP_ [-Wdump-hls-pragmas]
#pragma HLS pipeline II=1 rewind style=flp
        ^
/opt/xilinx/tools/Vitis/2024.2/common/technology/autopilot/hls_fft.h:2031:9: warning: HLS pragma dump _XLX_SEP_ PragmaIsValid=1_XLX_SEP_ PragmaType=dataflow_XLX_SEP_ PragmaContext=_XLX_SEP_ PragmaFunction=inputdatamover_XLX_SEP_ PragmaOptions=_XLX_SEP_ [-Wdump-hls-pragmas]
#pragma HLS dataflow
        ^
/opt/xilinx/tools/Vitis/2024.2/common/technology/autopilot/hls_fft.h:2032:9: warning: HLS pragma dump _XLX_SEP_ PragmaIsValid=1_XLX_SEP_ PragmaType=inline_XLX_SEP_ PragmaContext=_XLX_SEP_ PragmaFunction=inputdatamover_XLX_SEP_ PragmaOptions=_XLX_SEP_ [-Wdump-hls-pragmas]
#pragma HLS inline
        ^
/opt/xilinx/tools/Vitis/2024.2/common/technology/autopilot/hls_fft.h:2027:45: warning: unused parameter 'in' [-Wunused-parameter]
void inputdatamover(std::complex<data_in_t> in[1 << log2_of_max_length],
                                            ^
/opt/xilinx/tools/Vitis/2024.2/common/technology/autopilot/hls_fft.h:2028:45: warning: unused parameter 'out' [-Wunused-parameter]
                    std::complex<data_in_t> out[1 << log2_of_max_length],
                                            ^
/opt/xilinx/tools/Vitis/2024.2/common/technology/autopilot/hls_fft.h:2045:9: warning: HLS pragma dump _XLX_SEP_ PragmaIsValid=1_XLX_SEP_ PragmaType=dataflow_XLX_SEP_ PragmaContext=_XLX_SEP_ PragmaFunction=inputdatamover_XLX_SEP_ PragmaOptions=_XLX_SEP_ [-Wdump-hls-pragmas]
#pragma HLS dataflow
        ^
/opt/xilinx/tools/Vitis/2024.2/common/technology/autopilot/hls_fft.h:2046:9: warning: HLS pragma dump _XLX_SEP_ PragmaIsValid=1_XLX_SEP_ PragmaType=inline_XLX_SEP_ PragmaContext=_XLX_SEP_ PragmaFunction=inputdatamover_XLX_SEP_ PragmaOptions=_XLX_SEP_ [-Wdump-hls-pragmas]
#pragma HLS inline
        ^
/opt/xilinx/tools/Vitis/2024.2/common/technology/autopilot/hls_fft.h:2060:9: warning: HLS pragma dump _XLX_SEP_ PragmaIsValid=1_XLX_SEP_ PragmaType=dataflow_XLX_SEP_ PragmaContext=_XLX_SEP_ PragmaFunction=fft_call_XLX_SEP_ PragmaOptions=_XLX_SEP_ [-Wdump-hls-pragmas]
#pragma HLS DATAFLOW
        ^
/opt/xilinx/tools/Vitis/2024.2/common/technology/autopilot/hls_fft.h:2143:9: warning: HLS pragma dump _XLX_SEP_ PragmaIsValid=1_XLX_SEP_ PragmaType=dataflow_XLX_SEP_ PragmaContext=_XLX_SEP_ PragmaFunction=vivado_var_len_fft_XLX_SEP_ PragmaOptions=_XLX_SEP_ [-Wdump-hls-pragmas]
#pragma HLS dataflow
        ^
/opt/xilinx/tools/Vitis/2024.2/common/technology/autopilot/hls_fft.h:2163:9: warning: HLS pragma dump _XLX_SEP_ PragmaIsValid=1_XLX_SEP_ PragmaType=stream_XLX_SEP_ PragmaContext=_XLX_SEP_ PragmaFunction=vivado_var_len_fft_XLX_SEP_ PragmaOptions=variable=xn depth=4_XLX_SEP_ [-Wdump-hls-pragmas]
#pragma HLS STREAM variable=xn depth=4
        ^
/opt/xilinx/tools/Vitis/2024.2/common/technology/autopilot/hls_fft.h:2166:9: warning: HLS pragma dump _XLX_SEP_ PragmaIsValid=1_XLX_SEP_ PragmaType=stream_XLX_SEP_ PragmaContext=_XLX_SEP_ PragmaFunction=vivado_var_len_fft_XLX_SEP_ PragmaOptions=variable=xk depth=4_XLX_SEP_ [-Wdump-hls-pragmas]
#pragma HLS STREAM variable=xk depth=4
        ^
/opt/xilinx/tools/Vitis/2024.2/common/technology/autopilot/hls_fft.h:2169:9: warning: HLS pragma dump _XLX_SEP_ PragmaIsValid=1_XLX_SEP_ PragmaType=stream_XLX_SEP_ PragmaContext=_XLX_SEP_ PragmaFunction=vivado_var_len_fft_XLX_SEP_ PragmaOptions=variable=config type=pipo_XLX_SEP_ [-Wdump-hls-pragmas]
#pragma HLS STREAM variable=config type=pipo
        ^
/opt/xilinx/tools/Vitis/2024.2/common/technology/autopilot/hls_fft.h:2201:9: warning: HLS pragma dump _XLX_SEP_ PragmaIsValid=1_XLX_SEP_ PragmaType=dataflow_XLX_SEP_ PragmaContext=_XLX_SEP_ PragmaFunction=vivado_fix_len_fft_XLX_SEP_ PragmaOptions=_XLX_SEP_ [-Wdump-hls-pragmas]
#pragma HLS dataflow
        ^
/opt/xilinx/tools/Vitis/2024.2/common/technology/autopilot/hls_fft.h:2221:9: warning: HLS pragma dump _XLX_SEP_ PragmaIsValid=1_XLX_SEP_ PragmaType=stream_XLX_SEP_ PragmaContext=_XLX_SEP_ PragmaFunction=vivado_fix_len_fft_XLX_SEP_ PragmaOptions=variable=xn depth=4_XLX_SEP_ [-Wdump-hls-pragmas]
#pragma HLS STREAM variable=xn depth=4
        ^
/opt/xilinx/tools/Vitis/2024.2/common/technology/autopilot/hls_fft.h:2224:9: warning: HLS pragma dump _XLX_SEP_ PragmaIsValid=1_XLX_SEP_ PragmaType=stream_XLX_SEP_ PragmaContext=_XLX_SEP_ PragmaFunction=vivado_fix_len_fft_XLX_SEP_ PragmaOptions=variable=xk depth=4_XLX_SEP_ [-Wdump-hls-pragmas]
#pragma HLS STREAM variable=xk depth=4
        ^
/opt/xilinx/tools/Vitis/2024.2/common/technology/autopilot/hls_fft.h:2227:9: warning: HLS pragma dump _XLX_SEP_ PragmaIsValid=1_XLX_SEP_ PragmaType=stream_XLX_SEP_ PragmaContext=_XLX_SEP_ PragmaFunction=vivado_fix_len_fft_XLX_SEP_ PragmaOptions=variable=config type=pipo_XLX_SEP_ [-Wdump-hls-pragmas]
#pragma HLS STREAM variable=config type=pipo
        ^
In file included from FFT.cpp:1:
In file included from ./FFT.h:11:
/opt/xilinx/tools/Vitis/2024.2/common/technology/autopilot/hls_vector.h:104:9: warning: HLS pragma dump _XLX_SEP_ PragmaIsValid=1_XLX_SEP_ PragmaType=aggregate_XLX_SEP_ PragmaContext=_XLX_SEP_ PragmaFunction=pragma_XLX_SEP_ PragmaOptions=variable=this_XLX_SEP_ [-Wdump-hls-pragmas]
#pragma HLS AGGREGATE variable=this
        ^
/opt/xilinx/tools/Vitis/2024.2/common/technology/autopilot/hls_vector.h:128:9: warning: HLS pragma dump _XLX_SEP_ PragmaIsValid=1_XLX_SEP_ PragmaType=unroll_XLX_SEP_ PragmaContext=_XLX_SEP_ PragmaFunction=vector<T, N>_XLX_SEP_ PragmaOptions=_XLX_SEP_ [-Wdump-hls-pragmas]
#pragma HLS UNROLL
        ^
/opt/xilinx/tools/Vitis/2024.2/common/technology/autopilot/hls_vector.h:144:9: warning: HLS pragma dump _XLX_SEP_ PragmaIsValid=1_XLX_SEP_ PragmaType=unroll_XLX_SEP_ PragmaContext=_XLX_SEP_ PragmaFunction=vector<T, N>_XLX_SEP_ PragmaOptions=_XLX_SEP_ [-Wdump-hls-pragmas]
#pragma HLS UNROLL
        ^
/opt/xilinx/tools/Vitis/2024.2/common/technology/autopilot/hls_vector.h:169:9: warning: HLS pragma dump _XLX_SEP_ PragmaIsValid=1_XLX_SEP_ PragmaType=unroll_XLX_SEP_ PragmaContext=_XLX_SEP_ PragmaFunction=operator++_XLX_SEP_ PragmaOptions=_XLX_SEP_ [-Wdump-hls-pragmas]
#pragma HLS UNROLL
        ^
/opt/xilinx/tools/Vitis/2024.2/common/technology/autopilot/hls_vector.h:170:9: warning: HLS pragma dump _XLX_SEP_ PragmaIsValid=1_XLX_SEP_ PragmaType=unroll_XLX_SEP_ PragmaContext=_XLX_SEP_ PragmaFunction=operator--_XLX_SEP_ PragmaOptions=_XLX_SEP_ [-Wdump-hls-pragmas]
#pragma HLS UNROLL
        ^
/opt/xilinx/tools/Vitis/2024.2/common/technology/autopilot/hls_vector.h:198:9: warning: HLS pragma dump _XLX_SEP_ PragmaIsValid=1_XLX_SEP_ PragmaType=unroll_XLX_SEP_ PragmaContext=_XLX_SEP_ PragmaFunction=operator+=_XLX_SEP_ PragmaOptions=_XLX_SEP_ [-Wdump-hls-pragmas]
#pragma HLS UNROLL
        ^
/opt/xilinx/tools/Vitis/2024.2/common/technology/autopilot/hls_vector.h:199:9: warning: HLS pragma dump _XLX_SEP_ PragmaIsValid=1_XLX_SEP_ PragmaType=unroll_XLX_SEP_ PragmaContext=_XLX_SEP_ PragmaFunction=operator-=_XLX_SEP_ PragmaOptions=_XLX_SEP_ [-Wdump-hls-pragmas]
#pragma HLS UNROLL
        ^
/opt/xilinx/tools/Vitis/2024.2/common/technology/autopilot/hls_vector.h:200:9: warning: HLS pragma dump _XLX_SEP_ PragmaIsValid=1_XLX_SEP_ PragmaType=unroll_XLX_SEP_ PragmaContext=_XLX_SEP_ PragmaFunction=operator*=_XLX_SEP_ PragmaOptions=_XLX_SEP_ [-Wdump-hls-pragmas]
#pragma HLS UNROLL
        ^
/opt/xilinx/tools/Vitis/2024.2/common/technology/autopilot/hls_vector.h:201:9: warning: HLS pragma dump _XLX_SEP_ PragmaIsValid=1_XLX_SEP_ PragmaType=unroll_XLX_SEP_ PragmaContext=_XLX_SEP_ PragmaFunction=operator/=_XLX_SEP_ PragmaOptions=_XLX_SEP_ [-Wdump-hls-pragmas]
#pragma HLS UNROLL
        ^
/opt/xilinx/tools/Vitis/2024.2/common/technology/autopilot/hls_vector.h:202:9: warning: HLS pragma dump _XLX_SEP_ PragmaIsValid=1_XLX_SEP_ PragmaType=unroll_XLX_SEP_ PragmaContext=_XLX_SEP_ PragmaFunction=operator%=_XLX_SEP_ PragmaOptions=_XLX_SEP_ [-Wdump-hls-pragmas]
#pragma HLS UNROLL
        ^
/opt/xilinx/tools/Vitis/2024.2/common/technology/autopilot/hls_vector.h:203:9: warning: HLS pragma dump _XLX_SEP_ PragmaIsValid=1_XLX_SEP_ PragmaType=unroll_XLX_SEP_ PragmaContext=_XLX_SEP_ PragmaFunction=operator&=_XLX_SEP_ PragmaOptions=_XLX_SEP_ [-Wdump-hls-pragmas]
#pragma HLS UNROLL
        ^
/opt/xilinx/tools/Vitis/2024.2/common/technology/autopilot/hls_vector.h:204:9: warning: HLS pragma dump _XLX_SEP_ PragmaIsValid=1_XLX_SEP_ PragmaType=unroll_XLX_SEP_ PragmaContext=_XLX_SEP_ PragmaFunction=operator|=_XLX_SEP_ PragmaOptions=_XLX_SEP_ [-Wdump-hls-pragmas]
#pragma HLS UNROLL
        ^
/opt/xilinx/tools/Vitis/2024.2/common/technology/autopilot/hls_vector.h:205:9: warning: HLS pragma dump _XLX_SEP_ PragmaIsValid=1_XLX_SEP_ PragmaType=unroll_XLX_SEP_ PragmaContext=_XLX_SEP_ PragmaFunction=operator^=_XLX_SEP_ PragmaOptions=_XLX_SEP_ [-Wdump-hls-pragmas]
#pragma HLS UNROLL
        ^
/opt/xilinx/tools/Vitis/2024.2/common/technology/autopilot/hls_vector.h:206:9: warning: HLS pragma dump _XLX_SEP_ PragmaIsValid=1_XLX_SEP_ PragmaType=unroll_XLX_SEP_ PragmaContext=_XLX_SEP_ PragmaFunction=operator<<=_XLX_SEP_ PragmaOptions=_XLX_SEP_ [-Wdump-hls-pragmas]
#pragma HLS UNROLL
        ^
/opt/xilinx/tools/Vitis/2024.2/common/technology/autopilot/hls_vector.h:207:9: warning: HLS pragma dump _XLX_SEP_ PragmaIsValid=1_XLX_SEP_ PragmaType=unroll_XLX_SEP_ PragmaContext=_XLX_SEP_ PragmaFunction=operator>>=_XLX_SEP_ PragmaOptions=_XLX_SEP_ [-Wdump-hls-pragmas]
#pragma HLS UNROLL
        ^
/opt/xilinx/tools/Vitis/2024.2/common/technology/autopilot/hls_vector.h:222:9: warning: HLS pragma dump _XLX_SEP_ PragmaIsValid=1_XLX_SEP_ PragmaType=unroll_XLX_SEP_ PragmaContext=_XLX_SEP_ PragmaFunction=reduce_add_XLX_SEP_ PragmaOptions=_XLX_SEP_ [-Wdump-hls-pragmas]
#pragma HLS UNROLL
        ^
/opt/xilinx/tools/Vitis/2024.2/common/technology/autopilot/hls_vector.h:223:9: warning: HLS pragma dump _XLX_SEP_ PragmaIsValid=1_XLX_SEP_ PragmaType=unroll_XLX_SEP_ PragmaContext=_XLX_SEP_ PragmaFunction=reduce_mult_XLX_SEP_ PragmaOptions=_XLX_SEP_ [-Wdump-hls-pragmas]
#pragma HLS UNROLL
        ^
/opt/xilinx/tools/Vitis/2024.2/common/technology/autopilot/hls_vector.h:224:9: warning: HLS pragma dump _XLX_SEP_ PragmaIsValid=1_XLX_SEP_ PragmaType=unroll_XLX_SEP_ PragmaContext=_XLX_SEP_ PragmaFunction=reduce_and_XLX_SEP_ PragmaOptions=_XLX_SEP_ [-Wdump-hls-pragmas]
#pragma HLS UNROLL
        ^
/opt/xilinx/tools/Vitis/2024.2/common/technology/autopilot/hls_vector.h:225:9: warning: HLS pragma dump _XLX_SEP_ PragmaIsValid=1_XLX_SEP_ PragmaType=unroll_XLX_SEP_ PragmaContext=_XLX_SEP_ PragmaFunction=reduce_or_XLX_SEP_ PragmaOptions=_XLX_SEP_ [-Wdump-hls-pragmas]
#pragma HLS UNROLL
        ^
/opt/xilinx/tools/Vitis/2024.2/common/technology/autopilot/hls_vector.h:226:9: warning: HLS pragma dump _XLX_SEP_ PragmaIsValid=1_XLX_SEP_ PragmaType=unroll_XLX_SEP_ PragmaContext=_XLX_SEP_ PragmaFunction=reduce_xor_XLX_SEP_ PragmaOptions=_XLX_SEP_ [-Wdump-hls-pragmas]
#pragma HLS UNROLL
        ^
/opt/xilinx/tools/Vitis/2024.2/common/technology/autopilot/hls_vector.h:256:9: warning: HLS pragma dump _XLX_SEP_ PragmaIsValid=1_XLX_SEP_ PragmaType=unroll_XLX_SEP_ PragmaContext=_XLX_SEP_ PragmaFunction=operator<_XLX_SEP_ PragmaOptions=_XLX_SEP_ [-Wdump-hls-pragmas]
#pragma HLS UNROLL
        ^
/opt/xilinx/tools/Vitis/2024.2/common/technology/autopilot/hls_vector.h:257:9: warning: HLS pragma dump _XLX_SEP_ PragmaIsValid=1_XLX_SEP_ PragmaType=unroll_XLX_SEP_ PragmaContext=_XLX_SEP_ PragmaFunction=operator<=_XLX_SEP_ PragmaOptions=_XLX_SEP_ [-Wdump-hls-pragmas]
#pragma HLS UNROLL
        ^
/opt/xilinx/tools/Vitis/2024.2/common/technology/autopilot/hls_vector.h:258:9: warning: HLS pragma dump _XLX_SEP_ PragmaIsValid=1_XLX_SEP_ PragmaType=unroll_XLX_SEP_ PragmaContext=_XLX_SEP_ PragmaFunction=operator==_XLX_SEP_ PragmaOptions=_XLX_SEP_ [-Wdump-hls-pragmas]
#pragma HLS UNROLL
        ^
/opt/xilinx/tools/Vitis/2024.2/common/technology/autopilot/hls_vector.h:259:9: warning: HLS pragma dump _XLX_SEP_ PragmaIsValid=1_XLX_SEP_ PragmaType=unroll_XLX_SEP_ PragmaContext=_XLX_SEP_ PragmaFunction=operator!=_XLX_SEP_ PragmaOptions=_XLX_SEP_ [-Wdump-hls-pragmas]
#pragma HLS UNROLL
        ^
/opt/xilinx/tools/Vitis/2024.2/common/technology/autopilot/hls_vector.h:260:9: warning: HLS pragma dump _XLX_SEP_ PragmaIsValid=1_XLX_SEP_ PragmaType=unroll_XLX_SEP_ PragmaContext=_XLX_SEP_ PragmaFunction=operator>=_XLX_SEP_ PragmaOptions=_XLX_SEP_ [-Wdump-hls-pragmas]
#pragma HLS UNROLL
        ^
/opt/xilinx/tools/Vitis/2024.2/common/technology/autopilot/hls_vector.h:261:9: warning: HLS pragma dump _XLX_SEP_ PragmaIsValid=1_XLX_SEP_ PragmaType=unroll_XLX_SEP_ PragmaContext=_XLX_SEP_ PragmaFunction=operator>_XLX_SEP_ PragmaOptions=_XLX_SEP_ [-Wdump-hls-pragmas]
#pragma HLS UNROLL
        ^
FFT.cpp:9:9: warning: HLS pragma dump _XLX_SEP_ PragmaIsValid=1_XLX_SEP_ PragmaType=inline_XLX_SEP_ PragmaContext=_XLX_SEP_ PragmaFunction=RADIX2_BFLY_double_buffer_quarter_CY_XLX_SEP_ PragmaOptions=_XLX_SEP_ [-Wdump-hls-pragmas]
#pragma HLS inline
        ^
FFT.cpp:19:9: warning: HLS pragma dump _XLX_SEP_ PragmaIsValid=1_XLX_SEP_ PragmaType=bind_op_XLX_SEP_ PragmaContext=_XLX_SEP_ PragmaFunction=RADIX2_BFLY_double_buffer_quarter_CY_XLX_SEP_ PragmaOptions=variable=d1_real op=fsub impl=fabric_XLX_SEP_ [-Wdump-hls-pragmas]
#pragma HLS bind_op variable=d1_real op=fsub impl=fabric
        ^
FFT.cpp:20:9: warning: HLS pragma dump _XLX_SEP_ PragmaIsValid=1_XLX_SEP_ PragmaType=bind_op_XLX_SEP_ PragmaContext=_XLX_SEP_ PragmaFunction=RADIX2_BFLY_double_buffer_quarter_CY_XLX_SEP_ PragmaOptions=variable=d1_imag op=fadd impl=fabric_XLX_SEP_ [-Wdump-hls-pragmas]
#pragma HLS bind_op variable=d1_imag op=fadd impl=fabric
        ^
FFT.cpp:35:9: warning: HLS pragma dump _XLX_SEP_ PragmaIsValid=1_XLX_SEP_ PragmaType=bind_op_XLX_SEP_ PragmaContext=_XLX_SEP_ PragmaFunction=RADIX2_BFLY_double_buffer_quarter_CY_XLX_SEP_ PragmaOptions=variable=d2_real op=fadd impl=fabric_XLX_SEP_ [-Wdump-hls-pragmas]
#pragma HLS bind_op variable=d2_real op=fadd impl=fabric
        ^
FFT.cpp:36:9: warning: HLS pragma dump _XLX_SEP_ PragmaIsValid=1_XLX_SEP_ PragmaType=bind_op_XLX_SEP_ PragmaContext=_XLX_SEP_ PragmaFunction=RADIX2_BFLY_double_buffer_quarter_CY_XLX_SEP_ PragmaOptions=variable=d2_imag op=fadd impl=fabric_XLX_SEP_ [-Wdump-hls-pragmas]
#pragma HLS bind_op variable=d2_imag op=fadd impl=fabric
        ^
FFT.cpp:37:9: warning: HLS pragma dump _XLX_SEP_ PragmaIsValid=1_XLX_SEP_ PragmaType=bind_op_XLX_SEP_ PragmaContext=_XLX_SEP_ PragmaFunction=RADIX2_BFLY_double_buffer_quarter_CY_XLX_SEP_ PragmaOptions=variable=d3_real op=fsub impl=fabric_XLX_SEP_ [-Wdump-hls-pragmas]
#pragma HLS bind_op variable=d3_real op=fsub impl=fabric
        ^
FFT.cpp:38:9: warning: HLS pragma dump _XLX_SEP_ PragmaIsValid=1_XLX_SEP_ PragmaType=bind_op_XLX_SEP_ PragmaContext=_XLX_SEP_ PragmaFunction=RADIX2_BFLY_double_buffer_quarter_CY_XLX_SEP_ PragmaOptions=variable=d3_imag op=fsub impl=fabric_XLX_SEP_ [-Wdump-hls-pragmas]
#pragma HLS bind_op variable=d3_imag op=fsub impl=fabric
        ^
FFT.cpp:54:9: warning: HLS pragma dump _XLX_SEP_ PragmaIsValid=1_XLX_SEP_ PragmaType=performance_XLX_SEP_ PragmaContext=_XLX_SEP_ PragmaFunction=output_result_array_to_stream_XLX_SEP_ PragmaOptions=target_ti=256/(2*4) unit=cycle_XLX_SEP_ [-Wdump-hls-pragmas]
#pragma HLS performance target_ti=256/(2*4) unit=cycle
        ^
FFT.cpp:56:9: warning: HLS pragma dump _XLX_SEP_ PragmaIsValid=1_XLX_SEP_ PragmaType=performance_XLX_SEP_ PragmaContext=_XLX_SEP_ PragmaFunction=output_result_array_to_stream_XLX_SEP_ PragmaOptions=target_ti=256/(2*4) unit=cycle_XLX_SEP_ [-Wdump-hls-pragmas]
#pragma HLS performance target_ti=256/(2*4) unit=cycle
        ^
FFT.cpp:57:9: warning: HLS pragma dump _XLX_SEP_ PragmaIsValid=1_XLX_SEP_ PragmaType=pipeline_XLX_SEP_ PragmaContext=_XLX_SEP_ PragmaFunction=output_result_array_to_stream_XLX_SEP_ PragmaOptions=_XLX_SEP_ [-Wdump-hls-pragmas]
#pragma HLS pipeline
        ^
FFT.cpp:68:9: warning: HLS pragma dump _XLX_SEP_ PragmaIsValid=1_XLX_SEP_ PragmaType=inline_XLX_SEP_ PragmaContext=_XLX_SEP_ PragmaFunction=bit_reverse_XLX_SEP_ PragmaOptions=_XLX_SEP_ [-Wdump-hls-pragmas]
#pragma HLS inline
        ^
FFT.cpp:71:9: warning: HLS pragma dump _XLX_SEP_ PragmaIsValid=1_XLX_SEP_ PragmaType=unroll_XLX_SEP_ PragmaContext=_XLX_SEP_ PragmaFunction=bit_reverse_XLX_SEP_ PragmaOptions=_XLX_SEP_ [-Wdump-hls-pragmas]
#pragma HLS UNROLL
        ^
FFT.cpp:85:9: warning: HLS pragma dump _XLX_SEP_ PragmaIsValid=1_XLX_SEP_ PragmaType=array_partition_XLX_SEP_ PragmaContext=_XLX_SEP_ PragmaFunction=reverse_input_stream_UF4_XLX_SEP_ PragmaOptions=variable=data_rev_stream type=complete dim=1_XLX_SEP_ [-Wdump-hls-pragmas]
#pragma HLS array_partition variable=data_rev_stream type=complete dim=1
        ^
FFT.cpp:86:9: warning: HLS pragma dump _XLX_SEP_ PragmaIsValid=1_XLX_SEP_ PragmaType=array_partition_XLX_SEP_ PragmaContext=_XLX_SEP_ PragmaFunction=reverse_input_stream_UF4_XLX_SEP_ PragmaOptions=variable=data_in_cyclic type=complete dim=1_XLX_SEP_ [-Wdump-hls-pragmas]
#pragma HLS array_partition variable=data_in_cyclic type=complete dim=1
        ^
FFT.cpp:87:9: warning: HLS pragma dump _XLX_SEP_ PragmaIsValid=1_XLX_SEP_ PragmaType=array_partition_XLX_SEP_ PragmaContext=_XLX_SEP_ PragmaFunction=reverse_input_stream_UF4_XLX_SEP_ PragmaOptions=variable=data_in_cyclic type=cyclic factor=4 dim=2_XLX_SEP_ [-Wdump-hls-pragmas]
#pragma HLS array_partition variable=data_in_cyclic type=cyclic factor=4 dim=2
        ^
FFT.cpp:89:9: warning: HLS pragma dump _XLX_SEP_ PragmaIsValid=1_XLX_SEP_ PragmaType=performance_XLX_SEP_ PragmaContext=_XLX_SEP_ PragmaFunction=reverse_input_stream_UF4_XLX_SEP_ PragmaOptions=target_ti=256/(2*4) unit=cycle_XLX_SEP_ [-Wdump-hls-pragmas]
#pragma HLS performance target_ti=256/(2*4) unit=cycle
        ^
FFT.cpp:94:9: warning: HLS pragma dump _XLX_SEP_ PragmaIsValid=1_XLX_SEP_ PragmaType=pipeline_XLX_SEP_ PragmaContext=_XLX_SEP_ PragmaFunction=reverse_input_stream_UF4_XLX_SEP_ PragmaOptions=_XLX_SEP_ [-Wdump-hls-pragmas]
#pragma HLS pipeline
        ^
FFT.cpp:95:9: warning: HLS pragma dump _XLX_SEP_ PragmaIsValid=1_XLX_SEP_ PragmaType=performance_XLX_SEP_ PragmaContext=_XLX_SEP_ PragmaFunction=reverse_input_stream_UF4_XLX_SEP_ PragmaOptions=target_ti=256/(2*4) unit=cycle_XLX_SEP_ [-Wdump-hls-pragmas]
#pragma HLS performance target_ti=256/(2*4) unit=cycle
        ^
FFT.cpp:99:9: warning: HLS pragma dump _XLX_SEP_ PragmaIsValid=1_XLX_SEP_ PragmaType=array_partition_XLX_SEP_ PragmaContext=_XLX_SEP_ PragmaFunction=reverse_input_stream_UF4_XLX_SEP_ PragmaOptions=variable=original type=complete dim=1_XLX_SEP_ [-Wdump-hls-pragmas]
#pragma HLS array_partition variable=original type=complete dim=1
        ^
FFT.cpp:104:9: warning: HLS pragma dump _XLX_SEP_ PragmaIsValid=1_XLX_SEP_ PragmaType=array_partition_XLX_SEP_ PragmaContext=_XLX_SEP_ PragmaFunction=reverse_input_stream_UF4_XLX_SEP_ PragmaOptions=variable=reversed type=complete dim=1_XLX_SEP_ [-Wdump-hls-pragmas]
#pragma HLS array_partition variable=reversed type=complete dim=1
        ^
FFT.cpp:119:9: warning: HLS pragma dump _XLX_SEP_ PragmaIsValid=1_XLX_SEP_ PragmaType=pipeline_XLX_SEP_ PragmaContext=_XLX_SEP_ PragmaFunction=reverse_input_stream_UF4_XLX_SEP_ PragmaOptions=_XLX_SEP_ [-Wdump-hls-pragmas]
#pragma HLS pipeline
        ^
FFT.cpp:120:9: warning: HLS pragma dump _XLX_SEP_ PragmaIsValid=1_XLX_SEP_ PragmaType=performance_XLX_SEP_ PragmaContext=_XLX_SEP_ PragmaFunction=reverse_input_stream_UF4_XLX_SEP_ PragmaOptions=target_ti=256/(2*4) unit=cycle_XLX_SEP_ [-Wdump-hls-pragmas]
#pragma HLS performance target_ti=256/(2*4) unit=cycle
        ^
FFT.cpp:122:9: warning: HLS pragma dump _XLX_SEP_ PragmaIsValid=1_XLX_SEP_ PragmaType=array_partition_XLX_SEP_ PragmaContext=_XLX_SEP_ PragmaFunction=reverse_input_stream_UF4_XLX_SEP_ PragmaOptions=variable=offset type=complete dim=1_XLX_SEP_ [-Wdump-hls-pragmas]
#pragma HLS array_partition variable=offset type=complete dim=1
        ^
FFT.cpp:127:9: warning: HLS pragma dump _XLX_SEP_ PragmaIsValid=1_XLX_SEP_ PragmaType=array_partition_XLX_SEP_ PragmaContext=_XLX_SEP_ PragmaFunction=reverse_input_stream_UF4_XLX_SEP_ PragmaOptions=variable=cyclic_offset type=complete dim=1_XLX_SEP_ [-Wdump-hls-pragmas]
#pragma HLS array_partition variable=cyclic_offset type=complete dim=1
        ^
FFT.cpp:129:9: warning: HLS pragma dump _XLX_SEP_ PragmaIsValid=1_XLX_SEP_ PragmaType=array_partition_XLX_SEP_ PragmaContext=_XLX_SEP_ PragmaFunction=reverse_input_stream_UF4_XLX_SEP_ PragmaOptions=variable=block_data type=complete dim=1_XLX_SEP_ [-Wdump-hls-pragmas]
#pragma HLS array_partition variable=block_data type=complete dim=1
        ^
FFT.cpp:134:9: warning: HLS pragma dump _XLX_SEP_ PragmaIsValid=1_XLX_SEP_ PragmaType=array_partition_XLX_SEP_ PragmaContext=_XLX_SEP_ PragmaFunction=reverse_input_stream_UF4_XLX_SEP_ PragmaOptions=variable=cyclic_data type=complete dim=1_XLX_SEP_ [-Wdump-hls-pragmas]
#pragma HLS array_partition variable=cyclic_data type=complete dim=1
        ^
FFT.cpp:317:9: warning: HLS pragma dump _XLX_SEP_ PragmaIsValid=1_XLX_SEP_ PragmaType=pipeline_XLX_SEP_ PragmaContext=_XLX_SEP_ PragmaFunction=reverse_input_stream_UF4_XLX_SEP_ PragmaOptions=_XLX_SEP_ [-Wdump-hls-pragmas]
#pragma HLS pipeline
        ^
FFT.cpp:318:9: warning: HLS pragma dump _XLX_SEP_ PragmaIsValid=1_XLX_SEP_ PragmaType=performance_XLX_SEP_ PragmaContext=_XLX_SEP_ PragmaFunction=reverse_input_stream_UF4_XLX_SEP_ PragmaOptions=target_ti=256/(2*4) unit=cycle_XLX_SEP_ [-Wdump-hls-pragmas]
#pragma HLS performance target_ti=256/(2*4) unit=cycle
        ^
FFT.cpp:336:9: warning: HLS pragma dump _XLX_SEP_ PragmaIsValid=1_XLX_SEP_ PragmaType=performance_XLX_SEP_ PragmaContext=_XLX_SEP_ PragmaFunction=FFT_stage_spatial_unroll_XLX_SEP_ PragmaOptions=target_ti=256/(2*4) unit=cycle_XLX_SEP_ [-Wdump-hls-pragmas]
#pragma HLS performance target_ti=256/(2*4) unit=cycle
        ^
FFT.cpp:337:9: warning: HLS pragma dump _XLX_SEP_ PragmaIsValid=1_XLX_SEP_ PragmaType=unroll_XLX_SEP_ PragmaContext=_XLX_SEP_ PragmaFunction=FFT_stage_spatial_unroll_XLX_SEP_ PragmaOptions=factor=4>>(stage-1)_XLX_SEP_ [-Wdump-hls-pragmas]
#pragma HLS unroll factor=4>>(stage-1)
        ^
FFT.cpp:338:9: warning: HLS pragma dump _XLX_SEP_ PragmaIsValid=1_XLX_SEP_ PragmaType=pipeline_XLX_SEP_ PragmaContext=_XLX_SEP_ PragmaFunction=FFT_stage_spatial_unroll_XLX_SEP_ PragmaOptions=_XLX_SEP_ [-Wdump-hls-pragmas]
#pragma HLS pipeline
        ^
FFT.cpp:343:9: warning: HLS pragma dump _XLX_SEP_ PragmaIsValid=1_XLX_SEP_ PragmaType=bind_op_XLX_SEP_ PragmaContext=_XLX_SEP_ PragmaFunction=FFT_stage_spatial_unroll_XLX_SEP_ PragmaOptions=variable=index op=mul impl=fabric_XLX_SEP_ [-Wdump-hls-pragmas]
#pragma HLS bind_op variable=index op=mul impl=fabric
        ^
FFT.cpp:354:9: warning: HLS pragma dump _XLX_SEP_ PragmaIsValid=1_XLX_SEP_ PragmaType=pipeline_XLX_SEP_ PragmaContext=_XLX_SEP_ PragmaFunction=FFT_stage_spatial_unroll_XLX_SEP_ PragmaOptions=_XLX_SEP_ [-Wdump-hls-pragmas]
#pragma HLS pipeline
        ^
FFT.cpp:355:9: warning: HLS pragma dump _XLX_SEP_ PragmaIsValid=1_XLX_SEP_ PragmaType=unroll_XLX_SEP_ PragmaContext=_XLX_SEP_ PragmaFunction=FFT_stage_spatial_unroll_XLX_SEP_ PragmaOptions=factor=4_XLX_SEP_ [-Wdump-hls-pragmas]
#pragma HLS unroll factor=4
        ^
FFT.cpp:356:9: warning: HLS pragma dump _XLX_SEP_ PragmaIsValid=1_XLX_SEP_ PragmaType=performance_XLX_SEP_ PragmaContext=_XLX_SEP_ PragmaFunction=FFT_stage_spatial_unroll_XLX_SEP_ PragmaOptions=target_ti=256/(2*4) unit=cycle_XLX_SEP_ [-Wdump-hls-pragmas]
#pragma HLS performance target_ti=256/(2*4) unit=cycle
        ^
FFT.cpp:359:9: warning: HLS pragma dump _XLX_SEP_ PragmaIsValid=1_XLX_SEP_ PragmaType=bind_op_XLX_SEP_ PragmaContext=_XLX_SEP_ PragmaFunction=FFT_stage_spatial_unroll_XLX_SEP_ PragmaOptions=variable=index op=mul impl=fabric_XLX_SEP_ [-Wdump-hls-pragmas]
#pragma HLS bind_op variable=index op=mul impl=fabric
        ^
FFT.cpp:369:9: warning: HLS pragma dump _XLX_SEP_ PragmaIsValid=1_XLX_SEP_ PragmaType=performance_XLX_SEP_ PragmaContext=_XLX_SEP_ PragmaFunction=FFT_stage_spatial_unroll_XLX_SEP_ PragmaOptions=target_ti=256/(2*4) unit=cycle_XLX_SEP_ [-Wdump-hls-pragmas]
#pragma HLS performance target_ti=256/(2*4) unit=cycle
        ^
FFT.cpp:372:9: warning: HLS pragma dump _XLX_SEP_ PragmaIsValid=1_XLX_SEP_ PragmaType=pipeline_XLX_SEP_ PragmaContext=_XLX_SEP_ PragmaFunction=FFT_stage_spatial_unroll_XLX_SEP_ PragmaOptions=_XLX_SEP_ [-Wdump-hls-pragmas]
#pragma HLS pipeline
        ^
FFT.cpp:373:9: warning: HLS pragma dump _XLX_SEP_ PragmaIsValid=1_XLX_SEP_ PragmaType=unroll_XLX_SEP_ PragmaContext=_XLX_SEP_ PragmaFunction=FFT_stage_spatial_unroll_XLX_SEP_ PragmaOptions=factor=4_XLX_SEP_ [-Wdump-hls-pragmas]
#pragma HLS unroll factor=4
        ^
FFT.cpp:376:9: warning: HLS pragma dump _XLX_SEP_ PragmaIsValid=1_XLX_SEP_ PragmaType=bind_op_XLX_SEP_ PragmaContext=_XLX_SEP_ PragmaFunction=FFT_stage_spatial_unroll_XLX_SEP_ PragmaOptions=variable=index op=mul impl=fabric_XLX_SEP_ [-Wdump-hls-pragmas]
#pragma HLS bind_op variable=index op=mul impl=fabric
        ^
FFT.cpp:380:9: warning: HLS pragma dump _XLX_SEP_ PragmaIsValid=1_XLX_SEP_ PragmaType=array_partition_XLX_SEP_ PragmaContext=_XLX_SEP_ PragmaFunction=FFT_stage_spatial_unroll_XLX_SEP_ PragmaOptions=variable=twiddles complete_XLX_SEP_ [-Wdump-hls-pragmas]
#pragma HLS array_partition variable=twiddles complete
        ^
FFT.cpp:390:9: warning: HLS pragma dump _XLX_SEP_ PragmaIsValid=1_XLX_SEP_ PragmaType=inline_XLX_SEP_ PragmaContext=_XLX_SEP_ PragmaFunction=RADIX2_BFLY_double_buffer_quarter_onlycompute_XLX_SEP_ PragmaOptions=_XLX_SEP_ [-Wdump-hls-pragmas]
#pragma HLS inline
        ^
FFT.cpp:400:9: warning: HLS pragma dump _XLX_SEP_ PragmaIsValid=1_XLX_SEP_ PragmaType=bind_op_XLX_SEP_ PragmaContext=_XLX_SEP_ PragmaFunction=RADIX2_BFLY_double_buffer_quarter_onlycompute_XLX_SEP_ PragmaOptions=variable=d1_real op=fsub impl=fabric_XLX_SEP_ [-Wdump-hls-pragmas]
#pragma HLS bind_op variable=d1_real op=fsub impl=fabric
        ^
FFT.cpp:401:9: warning: HLS pragma dump _XLX_SEP_ PragmaIsValid=1_XLX_SEP_ PragmaType=bind_op_XLX_SEP_ PragmaContext=_XLX_SEP_ PragmaFunction=RADIX2_BFLY_double_buffer_quarter_onlycompute_XLX_SEP_ PragmaOptions=variable=d1_imag op=fadd impl=fabric_XLX_SEP_ [-Wdump-hls-pragmas]
#pragma HLS bind_op variable=d1_imag op=fadd impl=fabric
        ^
FFT.cpp:425:9: warning: HLS pragma dump _XLX_SEP_ PragmaIsValid=1_XLX_SEP_ PragmaType=bind_op_XLX_SEP_ PragmaContext=_XLX_SEP_ PragmaFunction=RADIX2_BFLY_double_buffer_quarter_onlycompute_XLX_SEP_ PragmaOptions=variable=d2_real op=fadd impl=fabric_XLX_SEP_ [-Wdump-hls-pragmas]
#pragma HLS bind_op variable=d2_real op=fadd impl=fabric
        ^
FFT.cpp:426:9: warning: HLS pragma dump _XLX_SEP_ PragmaIsValid=1_XLX_SEP_ PragmaType=bind_op_XLX_SEP_ PragmaContext=_XLX_SEP_ PragmaFunction=RADIX2_BFLY_double_buffer_quarter_onlycompute_XLX_SEP_ PragmaOptions=variable=d2_imag op=fadd impl=fabric_XLX_SEP_ [-Wdump-hls-pragmas]
#pragma HLS bind_op variable=d2_imag op=fadd impl=fabric
        ^
FFT.cpp:427:9: warning: HLS pragma dump _XLX_SEP_ PragmaIsValid=1_XLX_SEP_ PragmaType=bind_op_XLX_SEP_ PragmaContext=_XLX_SEP_ PragmaFunction=RADIX2_BFLY_double_buffer_quarter_onlycompute_XLX_SEP_ PragmaOptions=variable=d3_real op=fsub impl=fabric_XLX_SEP_ [-Wdump-hls-pragmas]
#pragma HLS bind_op variable=d3_real op=fsub impl=fabric
        ^
FFT.cpp:428:9: warning: HLS pragma dump _XLX_SEP_ PragmaIsValid=1_XLX_SEP_ PragmaType=bind_op_XLX_SEP_ PragmaContext=_XLX_SEP_ PragmaFunction=RADIX2_BFLY_double_buffer_quarter_onlycompute_XLX_SEP_ PragmaOptions=variable=d3_imag op=fsub impl=fabric_XLX_SEP_ [-Wdump-hls-pragmas]
#pragma HLS bind_op variable=d3_imag op=fsub impl=fabric
        ^
FFT.cpp:449:9: warning: HLS pragma dump _XLX_SEP_ PragmaIsValid=1_XLX_SEP_ PragmaType=dataflow_XLX_SEP_ PragmaContext=_XLX_SEP_ PragmaFunction=FFT_Stage1_vectorstream_parameterize_XLX_SEP_ PragmaOptions=disable_start_propagation_XLX_SEP_ [-Wdump-hls-pragmas]
#pragma HLS dataflow disable_start_propagation
        ^
FFT.cpp:450:9: warning: HLS pragma dump _XLX_SEP_ PragmaIsValid=1_XLX_SEP_ PragmaType=performance_XLX_SEP_ PragmaContext=_XLX_SEP_ PragmaFunction=FFT_Stage1_vectorstream_parameterize_XLX_SEP_ PragmaOptions=target_ti=256/(2*4) unit=cycle_XLX_SEP_ [-Wdump-hls-pragmas]
#pragma HLS performance target_ti=256/(2*4) unit=cycle
        ^
FFT.cpp:452:9: warning: HLS pragma dump _XLX_SEP_ PragmaIsValid=1_XLX_SEP_ PragmaType=performance_XLX_SEP_ PragmaContext=_XLX_SEP_ PragmaFunction=FFT_Stage1_vectorstream_parameterize_XLX_SEP_ PragmaOptions=target_ti=256/(2*4) unit=cycle_XLX_SEP_ [-Wdump-hls-pragmas]
#pragma HLS performance target_ti=256/(2*4) unit=cycle
        ^
FFT.cpp:453:9: warning: HLS pragma dump _XLX_SEP_ PragmaIsValid=1_XLX_SEP_ PragmaType=pipeline_XLX_SEP_ PragmaContext=_XLX_SEP_ PragmaFunction=FFT_Stage1_vectorstream_parameterize_XLX_SEP_ PragmaOptions=_XLX_SEP_ [-Wdump-hls-pragmas]
#pragma HLS pipeline
        ^
FFT.cpp:477:9: warning: HLS pragma dump _XLX_SEP_ PragmaIsValid=1_XLX_SEP_ PragmaType=performance_XLX_SEP_ PragmaContext=_XLX_SEP_ PragmaFunction=FFT_Stage2_vectorstreamIn_arrayOut_parametize_XLX_SEP_ PragmaOptions=target_ti=256/(2*4) unit=cycle_XLX_SEP_ [-Wdump-hls-pragmas]
#pragma HLS performance target_ti=256/(2*4) unit=cycle
        ^
FFT.cpp:479:9: warning: HLS pragma dump _XLX_SEP_ PragmaIsValid=1_XLX_SEP_ PragmaType=performance_XLX_SEP_ PragmaContext=_XLX_SEP_ PragmaFunction=FFT_Stage2_vectorstreamIn_arrayOut_parametize_XLX_SEP_ PragmaOptions=target_ti=256/(2*4) unit=cycle_XLX_SEP_ [-Wdump-hls-pragmas]
#pragma HLS performance target_ti=256/(2*4) unit=cycle
        ^
FFT.cpp:480:9: warning: HLS pragma dump _XLX_SEP_ PragmaIsValid=1_XLX_SEP_ PragmaType=pipeline_XLX_SEP_ PragmaContext=_XLX_SEP_ PragmaFunction=FFT_Stage2_vectorstreamIn_arrayOut_parametize_XLX_SEP_ PragmaOptions=_XLX_SEP_ [-Wdump-hls-pragmas]
#pragma HLS pipeline
        ^
FFT.cpp:508:9: warning: HLS pragma dump _XLX_SEP_ PragmaIsValid=1_XLX_SEP_ PragmaType=dataflow_XLX_SEP_ PragmaContext=_XLX_SEP_ PragmaFunction=FFT_DIT_spatial_unroll_CY_stream_vector_XLX_SEP_ PragmaOptions=disable_start_propagation_XLX_SEP_ [-Wdump-hls-pragmas]
#pragma HLS dataflow disable_start_propagation
        ^
FFT.cpp:509:9: warning: HLS pragma dump _XLX_SEP_ PragmaIsValid=1_XLX_SEP_ PragmaType=performance_XLX_SEP_ PragmaContext=_XLX_SEP_ PragmaFunction=FFT_DIT_spatial_unroll_CY_stream_vector_XLX_SEP_ PragmaOptions=target_ti=256/(2*4) unit=cycle_XLX_SEP_ [-Wdump-hls-pragmas]
#pragma HLS performance target_ti=256/(2*4) unit=cycle
        ^
FFT.cpp:518:9: warning: HLS pragma dump _XLX_SEP_ PragmaIsValid=1_XLX_SEP_ PragmaType=array_partition_XLX_SEP_ PragmaContext=_XLX_SEP_ PragmaFunction=FFT_DIT_spatial_unroll_CY_stream_vector_XLX_SEP_ PragmaOptions=variable=data_0 type=cyclic factor=4*2 dim=1_XLX_SEP_ [-Wdump-hls-pragmas]
#pragma HLS array_partition variable=data_0 type=cyclic factor=4*2 dim=1
        ^
FFT.cpp:519:9: warning: HLS pragma dump _XLX_SEP_ PragmaIsValid=1_XLX_SEP_ PragmaType=bind_storage_XLX_SEP_ PragmaContext=_XLX_SEP_ PragmaFunction=FFT_DIT_spatial_unroll_CY_stream_vector_XLX_SEP_ PragmaOptions=variable=data_0 type=RAM_2P impl=LUTRAM_XLX_SEP_ [-Wdump-hls-pragmas]
#pragma HLS bind_storage variable=data_0 type=RAM_2P impl=LUTRAM
        ^
FFT.cpp:520:9: warning: HLS pragma dump _XLX_SEP_ PragmaIsValid=1_XLX_SEP_ PragmaType=array_partition_XLX_SEP_ PragmaContext=_XLX_SEP_ PragmaFunction=FFT_DIT_spatial_unroll_CY_stream_vector_XLX_SEP_ PragmaOptions=variable=data_1 type=cyclic factor=4*2 dim=1_XLX_SEP_ [-Wdump-hls-pragmas]
#pragma HLS array_partition variable=data_1 type=cyclic factor=4*2 dim=1
        ^
FFT.cpp:521:9: warning: HLS pragma dump _XLX_SEP_ PragmaIsValid=1_XLX_SEP_ PragmaType=bind_storage_XLX_SEP_ PragmaContext=_XLX_SEP_ PragmaFunction=FFT_DIT_spatial_unroll_CY_stream_vector_XLX_SEP_ PragmaOptions=variable=data_1 type=RAM_2P impl=LUTRAM_XLX_SEP_ [-Wdump-hls-pragmas]
#pragma HLS bind_storage variable=data_1 type=RAM_2P impl=LUTRAM
        ^
FFT.cpp:522:9: warning: HLS pragma dump _XLX_SEP_ PragmaIsValid=1_XLX_SEP_ PragmaType=array_partition_XLX_SEP_ PragmaContext=_XLX_SEP_ PragmaFunction=FFT_DIT_spatial_unroll_CY_stream_vector_XLX_SEP_ PragmaOptions=variable=data_2 type=cyclic factor=4 dim=1_XLX_SEP_ [-Wdump-hls-pragmas]
#pragma HLS array_partition variable=data_2 type=cyclic factor=4 dim=1
        ^
FFT.cpp:523:9: warning: HLS pragma dump _XLX_SEP_ PragmaIsValid=1_XLX_SEP_ PragmaType=array_partition_XLX_SEP_ PragmaContext=_XLX_SEP_ PragmaFunction=FFT_DIT_spatial_unroll_CY_stream_vector_XLX_SEP_ PragmaOptions=variable=data_3 type=cyclic factor=4 dim=1_XLX_SEP_ [-Wdump-hls-pragmas]
#pragma HLS array_partition variable=data_3 type=cyclic factor=4 dim=1
        ^
FFT.cpp:524:9: warning: HLS pragma dump _XLX_SEP_ PragmaIsValid=1_XLX_SEP_ PragmaType=array_partition_XLX_SEP_ PragmaContext=_XLX_SEP_ PragmaFunction=FFT_DIT_spatial_unroll_CY_stream_vector_XLX_SEP_ PragmaOptions=variable=data_4 type=cyclic factor=4 dim=1_XLX_SEP_ [-Wdump-hls-pragmas]
#pragma HLS array_partition variable=data_4 type=cyclic factor=4 dim=1
        ^
FFT.cpp:525:9: warning: HLS pragma dump _XLX_SEP_ PragmaIsValid=1_XLX_SEP_ PragmaType=array_partition_XLX_SEP_ PragmaContext=_XLX_SEP_ PragmaFunction=FFT_DIT_spatial_unroll_CY_stream_vector_XLX_SEP_ PragmaOptions=variable=data_5 type=cyclic factor=4 dim=1_XLX_SEP_ [-Wdump-hls-pragmas]
#pragma HLS array_partition variable=data_5 type=cyclic factor=4 dim=1
        ^
FFT.cpp:526:9: warning: HLS pragma dump _XLX_SEP_ PragmaIsValid=1_XLX_SEP_ PragmaType=array_partition_XLX_SEP_ PragmaContext=_XLX_SEP_ PragmaFunction=FFT_DIT_spatial_unroll_CY_stream_vector_XLX_SEP_ PragmaOptions=variable=data_6 type=cyclic factor=4 dim=1_XLX_SEP_ [-Wdump-hls-pragmas]
#pragma HLS array_partition variable=data_6 type=cyclic factor=4 dim=1
        ^
/scratch/cy/HP-FFT-HLS/common.tcl:32:9: warning: HLS pragma dump _XLX_SEP_ PragmaIsValid=1_XLX_SEP_ PragmaType=top_XLX_SEP_ PragmaContext=directive_XLX_SEP_ PragmaFunction=FFT_TOP_XLX_SEP_ PragmaOptions=name=FFT_TOP_XLX_SEP_ [-Wdump-hls-pragmas]
#pragma HLSDIRECTIVE TOP name=FFT_TOP
        ^
FFT.cpp:549:9: warning: HLS pragma dump _XLX_SEP_ PragmaIsValid=1_XLX_SEP_ PragmaType=dataflow_XLX_SEP_ PragmaContext=_XLX_SEP_ PragmaFunction=FFT_TOP_XLX_SEP_ PragmaOptions=disable_start_propagation_XLX_SEP_ [-Wdump-hls-pragmas]
#pragma HLS dataflow disable_start_propagation
        ^
FFT.cpp:337:27: warning: Unroll pragma is ignored, because 'factor' is not positive integer  [-Winvalid-hls-pragmas]
#pragma HLS unroll factor=4>>(stage-1)
                          ^~~~~~~~~~~~
FFT.cpp:535:5: note: in instantiation of function template specialization 'FFT_stage_spatial_unroll<4>' requested here
    FFT_stage_spatial_unroll<4>(data_1, data_2);
    ^
FFT.cpp:337:27: warning: Unroll pragma is ignored, because 'factor' is not positive integer  [-Winvalid-hls-pragmas]
#pragma HLS unroll factor=4>>(stage-1)
                          ^~~~~~~~~~~~
FFT.cpp:536:5: note: in instantiation of function template specialization 'FFT_stage_spatial_unroll<5>' requested here
    FFT_stage_spatial_unroll<5>(data_2, data_3);
    ^
FFT.cpp:337:27: warning: Unroll pragma is ignored, because 'factor' is not positive integer  [-Winvalid-hls-pragmas]
#pragma HLS unroll factor=4>>(stage-1)
                          ^~~~~~~~~~~~
FFT.cpp:537:5: note: in instantiation of function template specialization 'FFT_stage_spatial_unroll<6>' requested here
    FFT_stage_spatial_unroll<6>(data_3, data_4);
    ^
FFT.cpp:337:27: warning: Unroll pragma is ignored, because 'factor' is not positive integer  [-Winvalid-hls-pragmas]
#pragma HLS unroll factor=4>>(stage-1)
                          ^~~~~~~~~~~~
FFT.cpp:538:5: note: in instantiation of function template specialization 'FFT_stage_spatial_unroll<7>' requested here
    FFT_stage_spatial_unroll<7>(data_4, data_5);
    ^
FFT.cpp:337:27: warning: Unroll pragma is ignored, because 'factor' is not positive integer  [-Winvalid-hls-pragmas]
#pragma HLS unroll factor=4>>(stage-1)
                          ^~~~~~~~~~~~
FFT.cpp:539:5: note: in instantiation of function template specialization 'FFT_stage_spatial_unroll<8>' requested here
    FFT_stage_spatial_unroll<8>(data_5, data_6);
    ^
241 warnings generated.
