

================================================================
== Vitis HLS Report for 'FFT_TOP'
================================================================
* Date:           Wed Apr  2 21:41:32 2025

* Version:        2024.2 (Build 5238294 on Nov  8 2024)
* Project:        build
* Solution:       FFT_250MHz (Vivado IP Flow Target)
* Product family: versalpremium
* Target device:  xcvp1802-lsvc4072-3HP-e-S


================================================================
== Performance Estimates
================================================================
+ Timing: 
    * Summary: 
    +--------+---------+----------+------------+
    |  Clock |  Target | Estimated| Uncertainty|
    +--------+---------+----------+------------+
    |ap_clk  |  4.00 ns|  2.908 ns|     1.08 ns|
    +--------+---------+----------+------------+

+ Latency: 
    * Summary: 
    +---------+---------+----------+----------+-----+-----+----------+
    |  Latency (cycles) |  Latency (absolute) |  Interval | Pipeline |
    |   min   |   max   |    min   |    max   | min | max |   Type   |
    +---------+---------+----------+----------+-----+-----+----------+
    |      397|      397|  1.588 us|  1.588 us|   32|   32|  dataflow|
    +---------+---------+----------+----------+-----+-----+----------+

    + Detail: 
        * Instance: 
        +----------------------------------------------------+-----------------------------------------+---------+---------+----------+----------+-----+-----+----------+
        |                                                    |                                         |  Latency (cycles) |  Latency (absolute) |  Interval | Pipeline |
        |                      Instance                      |                  Module                 |   min   |   max   |    min   |    max   | min | max |   Type   |
        +----------------------------------------------------+-----------------------------------------+---------+---------+----------+----------+-----+-----+----------+
        |grp_FFT_DIT_spatial_unroll_CY_stream_vector_fu_170  |FFT_DIT_spatial_unroll_CY_stream_vector  |      397|      397|  1.588 us|  1.588 us|   32|   32|  dataflow|
        +----------------------------------------------------+-----------------------------------------+---------+---------+----------+----------+-----+-----+----------+

        * Loop: 
        N/A

============================================================
+ Verbose Summary: Synthesis Manager
============================================================
InlineROM: 1
ExposeGlobal: 0
============================================================
+ Verbose Summary: CDFG Model
============================================================
IsTopModel: 1
ResetActiveHigh: 1
IsCombinational: 2
IsDatapathOnly: 0
HasWiredReturn: 1
HasMFsm: 0
HasVarLatency: 1
IsPipeline: 0
IsRtlPipelined: 0
IsInstanceOverlapped: 0
IsDontTouch: 0
HasImplIP: 0
IsGatedGlobalClock: 0


============================================================
+ Verbose Summary: Schedule
============================================================
* Number of FSM states : 2
* Pipeline : 0
* Dataflow Pipeline: 1
  DF-Pipeline-0: Size = 2, States = { 1 2 }

* FSM state transitions: 
1 --> 2 
2 --> 

* FSM state operations: 

State 1 <SV = 0> <Delay = 0.00>
ST_1 : Operation 3 [2/2] (0.00ns)   --->   "%call_ln564 = call void @FFT_DIT_spatial_unroll_CY_stream_vector, i512 %in_r, i512 %out_r, i32 %FFT_DIT_spatial_unroll_CY_stream_vector_stream_stream_vector_0_data_0_0_0, i32 %FFT_DIT_spatial_unroll_CY_stream_vector_stream_stream_vector_0_data_0_0_1, i32 %FFT_DIT_spatial_unroll_CY_stream_vector_stream_stream_vector_0_data_0_0_2, i32 %FFT_DIT_spatial_unroll_CY_stream_vector_stream_stream_vector_0_data_0_0_3, i32 %FFT_DIT_spatial_unroll_CY_stream_vector_stream_stream_vector_0_data_0_0_4, i32 %FFT_DIT_spatial_unroll_CY_stream_vector_stream_stream_vector_0_data_0_0_5, i32 %FFT_DIT_spatial_unroll_CY_stream_vector_stream_stream_vector_0_data_0_0_6, i32 %FFT_DIT_spatial_unroll_CY_stream_vector_stream_stream_vector_0_data_0_0_7, i32 %FFT_DIT_spatial_unroll_CY_stream_vector_stream_stream_vector_0_data_0_1_0, i32 %FFT_DIT_spatial_unroll_CY_stream_vector_stream_stream_vector_0_data_0_1_1, i32 %FFT_DIT_spatial_unroll_CY_stream_vector_stream_stream_vector_0_data_0_1_2, i32 %FFT_DIT_spatial_unroll_CY_stream_vector_stream_stream_vector_0_data_0_1_3, i32 %FFT_DIT_spatial_unroll_CY_stream_vector_stream_stream_vector_0_data_0_1_4, i32 %FFT_DIT_spatial_unroll_CY_stream_vector_stream_stream_vector_0_data_0_1_5, i32 %FFT_DIT_spatial_unroll_CY_stream_vector_stream_stream_vector_0_data_0_1_6, i32 %FFT_DIT_spatial_unroll_CY_stream_vector_stream_stream_vector_0_data_0_1_7, i32 %FFT_DIT_spatial_unroll_CY_stream_vector_stream_stream_vector_0_data_1_0_0, i32 %FFT_DIT_spatial_unroll_CY_stream_vector_stream_stream_vector_0_data_1_0_1, i32 %FFT_DIT_spatial_unroll_CY_stream_vector_stream_stream_vector_0_data_1_0_2, i32 %FFT_DIT_spatial_unroll_CY_stream_vector_stream_stream_vector_0_data_1_0_3, i32 %FFT_DIT_spatial_unroll_CY_stream_vector_stream_stream_vector_0_data_1_0_4, i32 %FFT_DIT_spatial_unroll_CY_stream_vector_stream_stream_vector_0_data_1_0_5, i32 %FFT_DIT_spatial_unroll_CY_stream_vector_stream_stream_vector_0_data_1_0_6, i32 %FFT_DIT_spatial_unroll_CY_stream_vector_stream_stream_vector_0_data_1_0_7, i32 %FFT_DIT_spatial_unroll_CY_stream_vector_stream_stream_vector_0_data_1_1_0, i32 %FFT_DIT_spatial_unroll_CY_stream_vector_stream_stream_vector_0_data_1_1_1, i32 %FFT_DIT_spatial_unroll_CY_stream_vector_stream_stream_vector_0_data_1_1_2, i32 %FFT_DIT_spatial_unroll_CY_stream_vector_stream_stream_vector_0_data_1_1_3, i32 %FFT_DIT_spatial_unroll_CY_stream_vector_stream_stream_vector_0_data_1_1_4, i32 %FFT_DIT_spatial_unroll_CY_stream_vector_stream_stream_vector_0_data_1_1_5, i32 %FFT_DIT_spatial_unroll_CY_stream_vector_stream_stream_vector_0_data_1_1_6, i32 %FFT_DIT_spatial_unroll_CY_stream_vector_stream_stream_vector_0_data_1_1_7, i32 %FFT_DIT_spatial_unroll_CY_stream_vector_stream_stream_vector_0_data_2_0_0, i32 %FFT_DIT_spatial_unroll_CY_stream_vector_stream_stream_vector_0_data_2_0_1, i32 %FFT_DIT_spatial_unroll_CY_stream_vector_stream_stream_vector_0_data_2_0_2, i32 %FFT_DIT_spatial_unroll_CY_stream_vector_stream_stream_vector_0_data_2_0_3, i32 %FFT_DIT_spatial_unroll_CY_stream_vector_stream_stream_vector_0_data_2_1_0, i32 %FFT_DIT_spatial_unroll_CY_stream_vector_stream_stream_vector_0_data_2_1_1, i32 %FFT_DIT_spatial_unroll_CY_stream_vector_stream_stream_vector_0_data_2_1_2, i32 %FFT_DIT_spatial_unroll_CY_stream_vector_stream_stream_vector_0_data_2_1_3, i32 %FFT_DIT_spatial_unroll_CY_stream_vector_stream_stream_vector_0_data_3_0_0, i32 %FFT_DIT_spatial_unroll_CY_stream_vector_stream_stream_vector_0_data_3_0_1, i32 %FFT_DIT_spatial_unroll_CY_stream_vector_stream_stream_vector_0_data_3_0_2, i32 %FFT_DIT_spatial_unroll_CY_stream_vector_stream_stream_vector_0_data_3_0_3, i32 %FFT_DIT_spatial_unroll_CY_stream_vector_stream_stream_vector_0_data_3_1_0, i32 %FFT_DIT_spatial_unroll_CY_stream_vector_stream_stream_vector_0_data_3_1_1, i32 %FFT_DIT_spatial_unroll_CY_stream_vector_stream_stream_vector_0_data_3_1_2, i32 %FFT_DIT_spatial_unroll_CY_stream_vector_stream_stream_vector_0_data_3_1_3, i32 %FFT_DIT_spatial_unroll_CY_stream_vector_stream_stream_vector_0_data_4_0_0, i32 %FFT_DIT_spatial_unroll_CY_stream_vector_stream_stream_vector_0_data_4_0_1, i32 %FFT_DIT_spatial_unroll_CY_stream_vector_stream_stream_vector_0_data_4_0_2, i32 %FFT_DIT_spatial_unroll_CY_stream_vector_stream_stream_vector_0_data_4_0_3, i32 %FFT_DIT_spatial_unroll_CY_stream_vector_stream_stream_vector_0_data_4_1_0, i32 %FFT_DIT_spatial_unroll_CY_stream_vector_stream_stream_vector_0_data_4_1_1, i32 %FFT_DIT_spatial_unroll_CY_stream_vector_stream_stream_vector_0_data_4_1_2, i32 %FFT_DIT_spatial_unroll_CY_stream_vector_stream_stream_vector_0_data_4_1_3, i32 %FFT_DIT_spatial_unroll_CY_stream_vector_stream_stream_vector_0_data_5_0_0, i32 %FFT_DIT_spatial_unroll_CY_stream_vector_stream_stream_vector_0_data_5_0_1, i32 %FFT_DIT_spatial_unroll_CY_stream_vector_stream_stream_vector_0_data_5_0_2, i32 %FFT_DIT_spatial_unroll_CY_stream_vector_stream_stream_vector_0_data_5_0_3, i32 %FFT_DIT_spatial_unroll_CY_stream_vector_stream_stream_vector_0_data_5_1_0, i32 %FFT_DIT_spatial_unroll_CY_stream_vector_stream_stream_vector_0_data_5_1_1, i32 %FFT_DIT_spatial_unroll_CY_stream_vector_stream_stream_vector_0_data_5_1_2, i32 %FFT_DIT_spatial_unroll_CY_stream_vector_stream_stream_vector_0_data_5_1_3, i32 %FFT_DIT_spatial_unroll_CY_stream_vector_stream_stream_vector_0_data_6_0_0, i32 %FFT_DIT_spatial_unroll_CY_stream_vector_stream_stream_vector_0_data_6_0_1, i32 %FFT_DIT_spatial_unroll_CY_stream_vector_stream_stream_vector_0_data_6_0_2, i32 %FFT_DIT_spatial_unroll_CY_stream_vector_stream_stream_vector_0_data_6_0_3, i32 %FFT_DIT_spatial_unroll_CY_stream_vector_stream_stream_vector_0_data_6_1_0, i32 %FFT_DIT_spatial_unroll_CY_stream_vector_stream_stream_vector_0_data_6_1_1, i32 %FFT_DIT_spatial_unroll_CY_stream_vector_stream_stream_vector_0_data_6_1_2, i32 %FFT_DIT_spatial_unroll_CY_stream_vector_stream_stream_vector_0_data_6_1_3" [FFT.cpp:564]   --->   Operation 3 'call' 'call_ln564' <Predicate = true> <Delay = 0.00> <CoreType = "Generic">   --->   Generic Core

State 2 <SV = 1> <Delay = 0.00>
ST_2 : Operation 4 [1/1] (0.00ns)   --->   "%specdataflowpipeline_ln549 = specdataflowpipeline void @_ssdm_op_SpecDataflowPipeline, i32 4294967295, i32 1, void @empty_73" [FFT.cpp:549]   --->   Operation 4 'specdataflowpipeline' 'specdataflowpipeline_ln549' <Predicate = true> <Delay = 0.00>
ST_2 : Operation 5 [1/1] (0.00ns)   --->   "%spectopmodule_ln545 = spectopmodule void @_ssdm_op_SpecTopModule, void @empty_75" [FFT.cpp:545]   --->   Operation 5 'spectopmodule' 'spectopmodule_ln545' <Predicate = true> <Delay = 0.00>
ST_2 : Operation 6 [1/1] (0.00ns)   --->   "%specinterface_ln0 = specinterface void @_ssdm_op_SpecInterface, i512 %in_r, void @empty_74, i32 0, i32 0, void @empty_73, i32 0, i32 0, void @empty_73, void @empty_73, void @empty_73, i32 0, i32 0, i32 0, i32 0, void @empty_73, void @empty_73, i32 4294967295, i32 0, i32 0"   --->   Operation 6 'specinterface' 'specinterface_ln0' <Predicate = true> <Delay = 0.00>
ST_2 : Operation 7 [1/1] (0.00ns)   --->   "%specbitsmap_ln0 = specbitsmap void @_ssdm_op_SpecBitsMap, i512 %in_r"   --->   Operation 7 'specbitsmap' 'specbitsmap_ln0' <Predicate = true> <Delay = 0.00>
ST_2 : Operation 8 [1/1] (0.00ns)   --->   "%specinterface_ln0 = specinterface void @_ssdm_op_SpecInterface, i512 %out_r, void @empty_74, i32 0, i32 0, void @empty_73, i32 0, i32 0, void @empty_73, void @empty_73, void @empty_73, i32 0, i32 0, i32 0, i32 0, void @empty_73, void @empty_73, i32 4294967295, i32 0, i32 0"   --->   Operation 8 'specinterface' 'specinterface_ln0' <Predicate = true> <Delay = 0.00>
ST_2 : Operation 9 [1/1] (0.00ns)   --->   "%specbitsmap_ln0 = specbitsmap void @_ssdm_op_SpecBitsMap, i512 %out_r"   --->   Operation 9 'specbitsmap' 'specbitsmap_ln0' <Predicate = true> <Delay = 0.00>
ST_2 : Operation 10 [1/2] (0.00ns)   --->   "%call_ln564 = call void @FFT_DIT_spatial_unroll_CY_stream_vector, i512 %in_r, i512 %out_r, i32 %FFT_DIT_spatial_unroll_CY_stream_vector_stream_stream_vector_0_data_0_0_0, i32 %FFT_DIT_spatial_unroll_CY_stream_vector_stream_stream_vector_0_data_0_0_1, i32 %FFT_DIT_spatial_unroll_CY_stream_vector_stream_stream_vector_0_data_0_0_2, i32 %FFT_DIT_spatial_unroll_CY_stream_vector_stream_stream_vector_0_data_0_0_3, i32 %FFT_DIT_spatial_unroll_CY_stream_vector_stream_stream_vector_0_data_0_0_4, i32 %FFT_DIT_spatial_unroll_CY_stream_vector_stream_stream_vector_0_data_0_0_5, i32 %FFT_DIT_spatial_unroll_CY_stream_vector_stream_stream_vector_0_data_0_0_6, i32 %FFT_DIT_spatial_unroll_CY_stream_vector_stream_stream_vector_0_data_0_0_7, i32 %FFT_DIT_spatial_unroll_CY_stream_vector_stream_stream_vector_0_data_0_1_0, i32 %FFT_DIT_spatial_unroll_CY_stream_vector_stream_stream_vector_0_data_0_1_1, i32 %FFT_DIT_spatial_unroll_CY_stream_vector_stream_stream_vector_0_data_0_1_2, i32 %FFT_DIT_spatial_unroll_CY_stream_vector_stream_stream_vector_0_data_0_1_3, i32 %FFT_DIT_spatial_unroll_CY_stream_vector_stream_stream_vector_0_data_0_1_4, i32 %FFT_DIT_spatial_unroll_CY_stream_vector_stream_stream_vector_0_data_0_1_5, i32 %FFT_DIT_spatial_unroll_CY_stream_vector_stream_stream_vector_0_data_0_1_6, i32 %FFT_DIT_spatial_unroll_CY_stream_vector_stream_stream_vector_0_data_0_1_7, i32 %FFT_DIT_spatial_unroll_CY_stream_vector_stream_stream_vector_0_data_1_0_0, i32 %FFT_DIT_spatial_unroll_CY_stream_vector_stream_stream_vector_0_data_1_0_1, i32 %FFT_DIT_spatial_unroll_CY_stream_vector_stream_stream_vector_0_data_1_0_2, i32 %FFT_DIT_spatial_unroll_CY_stream_vector_stream_stream_vector_0_data_1_0_3, i32 %FFT_DIT_spatial_unroll_CY_stream_vector_stream_stream_vector_0_data_1_0_4, i32 %FFT_DIT_spatial_unroll_CY_stream_vector_stream_stream_vector_0_data_1_0_5, i32 %FFT_DIT_spatial_unroll_CY_stream_vector_stream_stream_vector_0_data_1_0_6, i32 %FFT_DIT_spatial_unroll_CY_stream_vector_stream_stream_vector_0_data_1_0_7, i32 %FFT_DIT_spatial_unroll_CY_stream_vector_stream_stream_vector_0_data_1_1_0, i32 %FFT_DIT_spatial_unroll_CY_stream_vector_stream_stream_vector_0_data_1_1_1, i32 %FFT_DIT_spatial_unroll_CY_stream_vector_stream_stream_vector_0_data_1_1_2, i32 %FFT_DIT_spatial_unroll_CY_stream_vector_stream_stream_vector_0_data_1_1_3, i32 %FFT_DIT_spatial_unroll_CY_stream_vector_stream_stream_vector_0_data_1_1_4, i32 %FFT_DIT_spatial_unroll_CY_stream_vector_stream_stream_vector_0_data_1_1_5, i32 %FFT_DIT_spatial_unroll_CY_stream_vector_stream_stream_vector_0_data_1_1_6, i32 %FFT_DIT_spatial_unroll_CY_stream_vector_stream_stream_vector_0_data_1_1_7, i32 %FFT_DIT_spatial_unroll_CY_stream_vector_stream_stream_vector_0_data_2_0_0, i32 %FFT_DIT_spatial_unroll_CY_stream_vector_stream_stream_vector_0_data_2_0_1, i32 %FFT_DIT_spatial_unroll_CY_stream_vector_stream_stream_vector_0_data_2_0_2, i32 %FFT_DIT_spatial_unroll_CY_stream_vector_stream_stream_vector_0_data_2_0_3, i32 %FFT_DIT_spatial_unroll_CY_stream_vector_stream_stream_vector_0_data_2_1_0, i32 %FFT_DIT_spatial_unroll_CY_stream_vector_stream_stream_vector_0_data_2_1_1, i32 %FFT_DIT_spatial_unroll_CY_stream_vector_stream_stream_vector_0_data_2_1_2, i32 %FFT_DIT_spatial_unroll_CY_stream_vector_stream_stream_vector_0_data_2_1_3, i32 %FFT_DIT_spatial_unroll_CY_stream_vector_stream_stream_vector_0_data_3_0_0, i32 %FFT_DIT_spatial_unroll_CY_stream_vector_stream_stream_vector_0_data_3_0_1, i32 %FFT_DIT_spatial_unroll_CY_stream_vector_stream_stream_vector_0_data_3_0_2, i32 %FFT_DIT_spatial_unroll_CY_stream_vector_stream_stream_vector_0_data_3_0_3, i32 %FFT_DIT_spatial_unroll_CY_stream_vector_stream_stream_vector_0_data_3_1_0, i32 %FFT_DIT_spatial_unroll_CY_stream_vector_stream_stream_vector_0_data_3_1_1, i32 %FFT_DIT_spatial_unroll_CY_stream_vector_stream_stream_vector_0_data_3_1_2, i32 %FFT_DIT_spatial_unroll_CY_stream_vector_stream_stream_vector_0_data_3_1_3, i32 %FFT_DIT_spatial_unroll_CY_stream_vector_stream_stream_vector_0_data_4_0_0, i32 %FFT_DIT_spatial_unroll_CY_stream_vector_stream_stream_vector_0_data_4_0_1, i32 %FFT_DIT_spatial_unroll_CY_stream_vector_stream_stream_vector_0_data_4_0_2, i32 %FFT_DIT_spatial_unroll_CY_stream_vector_stream_stream_vector_0_data_4_0_3, i32 %FFT_DIT_spatial_unroll_CY_stream_vector_stream_stream_vector_0_data_4_1_0, i32 %FFT_DIT_spatial_unroll_CY_stream_vector_stream_stream_vector_0_data_4_1_1, i32 %FFT_DIT_spatial_unroll_CY_stream_vector_stream_stream_vector_0_data_4_1_2, i32 %FFT_DIT_spatial_unroll_CY_stream_vector_stream_stream_vector_0_data_4_1_3, i32 %FFT_DIT_spatial_unroll_CY_stream_vector_stream_stream_vector_0_data_5_0_0, i32 %FFT_DIT_spatial_unroll_CY_stream_vector_stream_stream_vector_0_data_5_0_1, i32 %FFT_DIT_spatial_unroll_CY_stream_vector_stream_stream_vector_0_data_5_0_2, i32 %FFT_DIT_spatial_unroll_CY_stream_vector_stream_stream_vector_0_data_5_0_3, i32 %FFT_DIT_spatial_unroll_CY_stream_vector_stream_stream_vector_0_data_5_1_0, i32 %FFT_DIT_spatial_unroll_CY_stream_vector_stream_stream_vector_0_data_5_1_1, i32 %FFT_DIT_spatial_unroll_CY_stream_vector_stream_stream_vector_0_data_5_1_2, i32 %FFT_DIT_spatial_unroll_CY_stream_vector_stream_stream_vector_0_data_5_1_3, i32 %FFT_DIT_spatial_unroll_CY_stream_vector_stream_stream_vector_0_data_6_0_0, i32 %FFT_DIT_spatial_unroll_CY_stream_vector_stream_stream_vector_0_data_6_0_1, i32 %FFT_DIT_spatial_unroll_CY_stream_vector_stream_stream_vector_0_data_6_0_2, i32 %FFT_DIT_spatial_unroll_CY_stream_vector_stream_stream_vector_0_data_6_0_3, i32 %FFT_DIT_spatial_unroll_CY_stream_vector_stream_stream_vector_0_data_6_1_0, i32 %FFT_DIT_spatial_unroll_CY_stream_vector_stream_stream_vector_0_data_6_1_1, i32 %FFT_DIT_spatial_unroll_CY_stream_vector_stream_stream_vector_0_data_6_1_2, i32 %FFT_DIT_spatial_unroll_CY_stream_vector_stream_stream_vector_0_data_6_1_3" [FFT.cpp:564]   --->   Operation 10 'call' 'call_ln564' <Predicate = true> <Delay = 0.00> <CoreType = "Generic">   --->   Generic Core
ST_2 : Operation 11 [1/1] (0.00ns)   --->   "%ret_ln565 = ret" [FFT.cpp:565]   --->   Operation 11 'ret' 'ret_ln565' <Predicate = true> <Delay = 0.00>


============================================================
+ Verbose Summary: Binding
============================================================
STG Binding: 
---------------- STG Properties BEGIN ----------------
- Is combinational: 0
- Is one-state seq: 0
- Is datapath-only: 0
- Is pipelined: 0
- Is top level: 1
Port [ Return ] is wired: 1; IO mode=ap_ctrl_hs:ce=0
Port [ in_r]:  wired=1; compound=1; hidden=0; nouse=0; global=0; static=0; extern=0; dir=0; type=3; pingpong=0; private_global=0; IO mode=ap_fifo:ce=0
Port [ out_r]:  wired=1; compound=1; hidden=0; nouse=0; global=0; static=0; extern=0; dir=1; type=3; pingpong=0; private_global=0; IO mode=ap_fifo:ce=0
Port [ FFT_DIT_spatial_unroll_CY_stream_vector_stream_stream_vector_0_data_0_0_0]:  wired=0; compound=1; hidden=1; nouse=1; global=1; static=1; extern=0; dir=2; type=1; pingpong=0; private_global=0; MemPort=[10]; IO mode=ap_memory:ce=0
Port [ FFT_DIT_spatial_unroll_CY_stream_vector_stream_stream_vector_0_data_0_0_1]:  wired=0; compound=1; hidden=1; nouse=1; global=1; static=1; extern=0; dir=2; type=1; pingpong=0; private_global=0; MemPort=[10]; IO mode=ap_memory:ce=0
Port [ FFT_DIT_spatial_unroll_CY_stream_vector_stream_stream_vector_0_data_0_0_2]:  wired=0; compound=1; hidden=1; nouse=1; global=1; static=1; extern=0; dir=2; type=1; pingpong=0; private_global=0; MemPort=[10]; IO mode=ap_memory:ce=0
Port [ FFT_DIT_spatial_unroll_CY_stream_vector_stream_stream_vector_0_data_0_0_3]:  wired=0; compound=1; hidden=1; nouse=1; global=1; static=1; extern=0; dir=2; type=1; pingpong=0; private_global=0; MemPort=[10]; IO mode=ap_memory:ce=0
Port [ FFT_DIT_spatial_unroll_CY_stream_vector_stream_stream_vector_0_data_0_0_4]:  wired=0; compound=1; hidden=1; nouse=1; global=1; static=1; extern=0; dir=2; type=1; pingpong=0; private_global=0; MemPort=[10]; IO mode=ap_memory:ce=0
Port [ FFT_DIT_spatial_unroll_CY_stream_vector_stream_stream_vector_0_data_0_0_5]:  wired=0; compound=1; hidden=1; nouse=1; global=1; static=1; extern=0; dir=2; type=1; pingpong=0; private_global=0; MemPort=[10]; IO mode=ap_memory:ce=0
Port [ FFT_DIT_spatial_unroll_CY_stream_vector_stream_stream_vector_0_data_0_0_6]:  wired=0; compound=1; hidden=1; nouse=1; global=1; static=1; extern=0; dir=2; type=1; pingpong=0; private_global=0; MemPort=[10]; IO mode=ap_memory:ce=0
Port [ FFT_DIT_spatial_unroll_CY_stream_vector_stream_stream_vector_0_data_0_0_7]:  wired=0; compound=1; hidden=1; nouse=1; global=1; static=1; extern=0; dir=2; type=1; pingpong=0; private_global=0; MemPort=[10]; IO mode=ap_memory:ce=0
Port [ FFT_DIT_spatial_unroll_CY_stream_vector_stream_stream_vector_0_data_0_1_0]:  wired=0; compound=1; hidden=1; nouse=1; global=1; static=1; extern=0; dir=2; type=1; pingpong=0; private_global=0; MemPort=[10]; IO mode=ap_memory:ce=0
Port [ FFT_DIT_spatial_unroll_CY_stream_vector_stream_stream_vector_0_data_0_1_1]:  wired=0; compound=1; hidden=1; nouse=1; global=1; static=1; extern=0; dir=2; type=1; pingpong=0; private_global=0; MemPort=[10]; IO mode=ap_memory:ce=0
Port [ FFT_DIT_spatial_unroll_CY_stream_vector_stream_stream_vector_0_data_0_1_2]:  wired=0; compound=1; hidden=1; nouse=1; global=1; static=1; extern=0; dir=2; type=1; pingpong=0; private_global=0; MemPort=[10]; IO mode=ap_memory:ce=0
Port [ FFT_DIT_spatial_unroll_CY_stream_vector_stream_stream_vector_0_data_0_1_3]:  wired=0; compound=1; hidden=1; nouse=1; global=1; static=1; extern=0; dir=2; type=1; pingpong=0; private_global=0; MemPort=[10]; IO mode=ap_memory:ce=0
Port [ FFT_DIT_spatial_unroll_CY_stream_vector_stream_stream_vector_0_data_0_1_4]:  wired=0; compound=1; hidden=1; nouse=1; global=1; static=1; extern=0; dir=2; type=1; pingpong=0; private_global=0; MemPort=[10]; IO mode=ap_memory:ce=0
Port [ FFT_DIT_spatial_unroll_CY_stream_vector_stream_stream_vector_0_data_0_1_5]:  wired=0; compound=1; hidden=1; nouse=1; global=1; static=1; extern=0; dir=2; type=1; pingpong=0; private_global=0; MemPort=[10]; IO mode=ap_memory:ce=0
Port [ FFT_DIT_spatial_unroll_CY_stream_vector_stream_stream_vector_0_data_0_1_6]:  wired=0; compound=1; hidden=1; nouse=1; global=1; static=1; extern=0; dir=2; type=1; pingpong=0; private_global=0; MemPort=[10]; IO mode=ap_memory:ce=0
Port [ FFT_DIT_spatial_unroll_CY_stream_vector_stream_stream_vector_0_data_0_1_7]:  wired=0; compound=1; hidden=1; nouse=1; global=1; static=1; extern=0; dir=2; type=1; pingpong=0; private_global=0; MemPort=[10]; IO mode=ap_memory:ce=0
Port [ FFT_DIT_spatial_unroll_CY_stream_vector_stream_stream_vector_0_data_1_0_0]:  wired=0; compound=1; hidden=1; nouse=1; global=1; static=1; extern=0; dir=2; type=1; pingpong=0; private_global=0; MemPort=[12]; IO mode=ap_memory:ce=0
Port [ FFT_DIT_spatial_unroll_CY_stream_vector_stream_stream_vector_0_data_1_0_1]:  wired=0; compound=1; hidden=1; nouse=1; global=1; static=1; extern=0; dir=2; type=1; pingpong=0; private_global=0; MemPort=[12]; IO mode=ap_memory:ce=0
Port [ FFT_DIT_spatial_unroll_CY_stream_vector_stream_stream_vector_0_data_1_0_2]:  wired=0; compound=1; hidden=1; nouse=1; global=1; static=1; extern=0; dir=2; type=1; pingpong=0; private_global=0; MemPort=[12]; IO mode=ap_memory:ce=0
Port [ FFT_DIT_spatial_unroll_CY_stream_vector_stream_stream_vector_0_data_1_0_3]:  wired=0; compound=1; hidden=1; nouse=1; global=1; static=1; extern=0; dir=2; type=1; pingpong=0; private_global=0; MemPort=[12]; IO mode=ap_memory:ce=0
Port [ FFT_DIT_spatial_unroll_CY_stream_vector_stream_stream_vector_0_data_1_0_4]:  wired=0; compound=1; hidden=1; nouse=1; global=1; static=1; extern=0; dir=2; type=1; pingpong=0; private_global=0; MemPort=[12]; IO mode=ap_memory:ce=0
Port [ FFT_DIT_spatial_unroll_CY_stream_vector_stream_stream_vector_0_data_1_0_5]:  wired=0; compound=1; hidden=1; nouse=1; global=1; static=1; extern=0; dir=2; type=1; pingpong=0; private_global=0; MemPort=[12]; IO mode=ap_memory:ce=0
Port [ FFT_DIT_spatial_unroll_CY_stream_vector_stream_stream_vector_0_data_1_0_6]:  wired=0; compound=1; hidden=1; nouse=1; global=1; static=1; extern=0; dir=2; type=1; pingpong=0; private_global=0; MemPort=[12]; IO mode=ap_memory:ce=0
Port [ FFT_DIT_spatial_unroll_CY_stream_vector_stream_stream_vector_0_data_1_0_7]:  wired=0; compound=1; hidden=1; nouse=1; global=1; static=1; extern=0; dir=2; type=1; pingpong=0; private_global=0; MemPort=[12]; IO mode=ap_memory:ce=0
Port [ FFT_DIT_spatial_unroll_CY_stream_vector_stream_stream_vector_0_data_1_1_0]:  wired=0; compound=1; hidden=1; nouse=1; global=1; static=1; extern=0; dir=2; type=1; pingpong=0; private_global=0; MemPort=[12]; IO mode=ap_memory:ce=0
Port [ FFT_DIT_spatial_unroll_CY_stream_vector_stream_stream_vector_0_data_1_1_1]:  wired=0; compound=1; hidden=1; nouse=1; global=1; static=1; extern=0; dir=2; type=1; pingpong=0; private_global=0; MemPort=[12]; IO mode=ap_memory:ce=0
Port [ FFT_DIT_spatial_unroll_CY_stream_vector_stream_stream_vector_0_data_1_1_2]:  wired=0; compound=1; hidden=1; nouse=1; global=1; static=1; extern=0; dir=2; type=1; pingpong=0; private_global=0; MemPort=[12]; IO mode=ap_memory:ce=0
Port [ FFT_DIT_spatial_unroll_CY_stream_vector_stream_stream_vector_0_data_1_1_3]:  wired=0; compound=1; hidden=1; nouse=1; global=1; static=1; extern=0; dir=2; type=1; pingpong=0; private_global=0; MemPort=[12]; IO mode=ap_memory:ce=0
Port [ FFT_DIT_spatial_unroll_CY_stream_vector_stream_stream_vector_0_data_1_1_4]:  wired=0; compound=1; hidden=1; nouse=1; global=1; static=1; extern=0; dir=2; type=1; pingpong=0; private_global=0; MemPort=[12]; IO mode=ap_memory:ce=0
Port [ FFT_DIT_spatial_unroll_CY_stream_vector_stream_stream_vector_0_data_1_1_5]:  wired=0; compound=1; hidden=1; nouse=1; global=1; static=1; extern=0; dir=2; type=1; pingpong=0; private_global=0; MemPort=[12]; IO mode=ap_memory:ce=0
Port [ FFT_DIT_spatial_unroll_CY_stream_vector_stream_stream_vector_0_data_1_1_6]:  wired=0; compound=1; hidden=1; nouse=1; global=1; static=1; extern=0; dir=2; type=1; pingpong=0; private_global=0; MemPort=[12]; IO mode=ap_memory:ce=0
Port [ FFT_DIT_spatial_unroll_CY_stream_vector_stream_stream_vector_0_data_1_1_7]:  wired=0; compound=1; hidden=1; nouse=1; global=1; static=1; extern=0; dir=2; type=1; pingpong=0; private_global=0; MemPort=[12]; IO mode=ap_memory:ce=0
Port [ FFT_DIT_spatial_unroll_CY_stream_vector_stream_stream_vector_0_data_2_0_0]:  wired=0; compound=1; hidden=1; nouse=1; global=1; static=1; extern=0; dir=2; type=1; pingpong=0; private_global=0; MemPort=[22]; IO mode=ap_memory:ce=0
Port [ FFT_DIT_spatial_unroll_CY_stream_vector_stream_stream_vector_0_data_2_0_1]:  wired=0; compound=1; hidden=1; nouse=1; global=1; static=1; extern=0; dir=2; type=1; pingpong=0; private_global=0; MemPort=[22]; IO mode=ap_memory:ce=0
Port [ FFT_DIT_spatial_unroll_CY_stream_vector_stream_stream_vector_0_data_2_0_2]:  wired=0; compound=1; hidden=1; nouse=1; global=1; static=1; extern=0; dir=2; type=1; pingpong=0; private_global=0; MemPort=[22]; IO mode=ap_memory:ce=0
Port [ FFT_DIT_spatial_unroll_CY_stream_vector_stream_stream_vector_0_data_2_0_3]:  wired=0; compound=1; hidden=1; nouse=1; global=1; static=1; extern=0; dir=2; type=1; pingpong=0; private_global=0; MemPort=[22]; IO mode=ap_memory:ce=0
Port [ FFT_DIT_spatial_unroll_CY_stream_vector_stream_stream_vector_0_data_2_1_0]:  wired=0; compound=1; hidden=1; nouse=1; global=1; static=1; extern=0; dir=2; type=1; pingpong=0; private_global=0; MemPort=[22]; IO mode=ap_memory:ce=0
Port [ FFT_DIT_spatial_unroll_CY_stream_vector_stream_stream_vector_0_data_2_1_1]:  wired=0; compound=1; hidden=1; nouse=1; global=1; static=1; extern=0; dir=2; type=1; pingpong=0; private_global=0; MemPort=[22]; IO mode=ap_memory:ce=0
Port [ FFT_DIT_spatial_unroll_CY_stream_vector_stream_stream_vector_0_data_2_1_2]:  wired=0; compound=1; hidden=1; nouse=1; global=1; static=1; extern=0; dir=2; type=1; pingpong=0; private_global=0; MemPort=[22]; IO mode=ap_memory:ce=0
Port [ FFT_DIT_spatial_unroll_CY_stream_vector_stream_stream_vector_0_data_2_1_3]:  wired=0; compound=1; hidden=1; nouse=1; global=1; static=1; extern=0; dir=2; type=1; pingpong=0; private_global=0; MemPort=[22]; IO mode=ap_memory:ce=0
Port [ FFT_DIT_spatial_unroll_CY_stream_vector_stream_stream_vector_0_data_3_0_0]:  wired=0; compound=1; hidden=1; nouse=1; global=1; static=1; extern=0; dir=2; type=1; pingpong=0; private_global=0; MemPort=[22]; IO mode=ap_memory:ce=0
Port [ FFT_DIT_spatial_unroll_CY_stream_vector_stream_stream_vector_0_data_3_0_1]:  wired=0; compound=1; hidden=1; nouse=1; global=1; static=1; extern=0; dir=2; type=1; pingpong=0; private_global=0; MemPort=[22]; IO mode=ap_memory:ce=0
Port [ FFT_DIT_spatial_unroll_CY_stream_vector_stream_stream_vector_0_data_3_0_2]:  wired=0; compound=1; hidden=1; nouse=1; global=1; static=1; extern=0; dir=2; type=1; pingpong=0; private_global=0; MemPort=[22]; IO mode=ap_memory:ce=0
Port [ FFT_DIT_spatial_unroll_CY_stream_vector_stream_stream_vector_0_data_3_0_3]:  wired=0; compound=1; hidden=1; nouse=1; global=1; static=1; extern=0; dir=2; type=1; pingpong=0; private_global=0; MemPort=[22]; IO mode=ap_memory:ce=0
Port [ FFT_DIT_spatial_unroll_CY_stream_vector_stream_stream_vector_0_data_3_1_0]:  wired=0; compound=1; hidden=1; nouse=1; global=1; static=1; extern=0; dir=2; type=1; pingpong=0; private_global=0; MemPort=[22]; IO mode=ap_memory:ce=0
Port [ FFT_DIT_spatial_unroll_CY_stream_vector_stream_stream_vector_0_data_3_1_1]:  wired=0; compound=1; hidden=1; nouse=1; global=1; static=1; extern=0; dir=2; type=1; pingpong=0; private_global=0; MemPort=[22]; IO mode=ap_memory:ce=0
Port [ FFT_DIT_spatial_unroll_CY_stream_vector_stream_stream_vector_0_data_3_1_2]:  wired=0; compound=1; hidden=1; nouse=1; global=1; static=1; extern=0; dir=2; type=1; pingpong=0; private_global=0; MemPort=[22]; IO mode=ap_memory:ce=0
Port [ FFT_DIT_spatial_unroll_CY_stream_vector_stream_stream_vector_0_data_3_1_3]:  wired=0; compound=1; hidden=1; nouse=1; global=1; static=1; extern=0; dir=2; type=1; pingpong=0; private_global=0; MemPort=[22]; IO mode=ap_memory:ce=0
Port [ FFT_DIT_spatial_unroll_CY_stream_vector_stream_stream_vector_0_data_4_0_0]:  wired=0; compound=1; hidden=1; nouse=1; global=1; static=1; extern=0; dir=2; type=1; pingpong=0; private_global=0; MemPort=[22]; IO mode=ap_memory:ce=0
Port [ FFT_DIT_spatial_unroll_CY_stream_vector_stream_stream_vector_0_data_4_0_1]:  wired=0; compound=1; hidden=1; nouse=1; global=1; static=1; extern=0; dir=2; type=1; pingpong=0; private_global=0; MemPort=[22]; IO mode=ap_memory:ce=0
Port [ FFT_DIT_spatial_unroll_CY_stream_vector_stream_stream_vector_0_data_4_0_2]:  wired=0; compound=1; hidden=1; nouse=1; global=1; static=1; extern=0; dir=2; type=1; pingpong=0; private_global=0; MemPort=[22]; IO mode=ap_memory:ce=0
Port [ FFT_DIT_spatial_unroll_CY_stream_vector_stream_stream_vector_0_data_4_0_3]:  wired=0; compound=1; hidden=1; nouse=1; global=1; static=1; extern=0; dir=2; type=1; pingpong=0; private_global=0; MemPort=[22]; IO mode=ap_memory:ce=0
Port [ FFT_DIT_spatial_unroll_CY_stream_vector_stream_stream_vector_0_data_4_1_0]:  wired=0; compound=1; hidden=1; nouse=1; global=1; static=1; extern=0; dir=2; type=1; pingpong=0; private_global=0; MemPort=[22]; IO mode=ap_memory:ce=0
Port [ FFT_DIT_spatial_unroll_CY_stream_vector_stream_stream_vector_0_data_4_1_1]:  wired=0; compound=1; hidden=1; nouse=1; global=1; static=1; extern=0; dir=2; type=1; pingpong=0; private_global=0; MemPort=[22]; IO mode=ap_memory:ce=0
Port [ FFT_DIT_spatial_unroll_CY_stream_vector_stream_stream_vector_0_data_4_1_2]:  wired=0; compound=1; hidden=1; nouse=1; global=1; static=1; extern=0; dir=2; type=1; pingpong=0; private_global=0; MemPort=[22]; IO mode=ap_memory:ce=0
Port [ FFT_DIT_spatial_unroll_CY_stream_vector_stream_stream_vector_0_data_4_1_3]:  wired=0; compound=1; hidden=1; nouse=1; global=1; static=1; extern=0; dir=2; type=1; pingpong=0; private_global=0; MemPort=[22]; IO mode=ap_memory:ce=0
Port [ FFT_DIT_spatial_unroll_CY_stream_vector_stream_stream_vector_0_data_5_0_0]:  wired=0; compound=1; hidden=1; nouse=1; global=1; static=1; extern=0; dir=2; type=1; pingpong=0; private_global=0; MemPort=[22]; IO mode=ap_memory:ce=0
Port [ FFT_DIT_spatial_unroll_CY_stream_vector_stream_stream_vector_0_data_5_0_1]:  wired=0; compound=1; hidden=1; nouse=1; global=1; static=1; extern=0; dir=2; type=1; pingpong=0; private_global=0; MemPort=[22]; IO mode=ap_memory:ce=0
Port [ FFT_DIT_spatial_unroll_CY_stream_vector_stream_stream_vector_0_data_5_0_2]:  wired=0; compound=1; hidden=1; nouse=1; global=1; static=1; extern=0; dir=2; type=1; pingpong=0; private_global=0; MemPort=[22]; IO mode=ap_memory:ce=0
Port [ FFT_DIT_spatial_unroll_CY_stream_vector_stream_stream_vector_0_data_5_0_3]:  wired=0; compound=1; hidden=1; nouse=1; global=1; static=1; extern=0; dir=2; type=1; pingpong=0; private_global=0; MemPort=[22]; IO mode=ap_memory:ce=0
Port [ FFT_DIT_spatial_unroll_CY_stream_vector_stream_stream_vector_0_data_5_1_0]:  wired=0; compound=1; hidden=1; nouse=1; global=1; static=1; extern=0; dir=2; type=1; pingpong=0; private_global=0; MemPort=[22]; IO mode=ap_memory:ce=0
Port [ FFT_DIT_spatial_unroll_CY_stream_vector_stream_stream_vector_0_data_5_1_1]:  wired=0; compound=1; hidden=1; nouse=1; global=1; static=1; extern=0; dir=2; type=1; pingpong=0; private_global=0; MemPort=[22]; IO mode=ap_memory:ce=0
Port [ FFT_DIT_spatial_unroll_CY_stream_vector_stream_stream_vector_0_data_5_1_2]:  wired=0; compound=1; hidden=1; nouse=1; global=1; static=1; extern=0; dir=2; type=1; pingpong=0; private_global=0; MemPort=[22]; IO mode=ap_memory:ce=0
Port [ FFT_DIT_spatial_unroll_CY_stream_vector_stream_stream_vector_0_data_5_1_3]:  wired=0; compound=1; hidden=1; nouse=1; global=1; static=1; extern=0; dir=2; type=1; pingpong=0; private_global=0; MemPort=[22]; IO mode=ap_memory:ce=0
Port [ FFT_DIT_spatial_unroll_CY_stream_vector_stream_stream_vector_0_data_6_0_0]:  wired=0; compound=1; hidden=1; nouse=1; global=1; static=1; extern=0; dir=2; type=1; pingpong=0; private_global=0; MemPort=[22]; IO mode=ap_memory:ce=0
Port [ FFT_DIT_spatial_unroll_CY_stream_vector_stream_stream_vector_0_data_6_0_1]:  wired=0; compound=1; hidden=1; nouse=1; global=1; static=1; extern=0; dir=2; type=1; pingpong=0; private_global=0; MemPort=[22]; IO mode=ap_memory:ce=0
Port [ FFT_DIT_spatial_unroll_CY_stream_vector_stream_stream_vector_0_data_6_0_2]:  wired=0; compound=1; hidden=1; nouse=1; global=1; static=1; extern=0; dir=2; type=1; pingpong=0; private_global=0; MemPort=[22]; IO mode=ap_memory:ce=0
Port [ FFT_DIT_spatial_unroll_CY_stream_vector_stream_stream_vector_0_data_6_0_3]:  wired=0; compound=1; hidden=1; nouse=1; global=1; static=1; extern=0; dir=2; type=1; pingpong=0; private_global=0; MemPort=[22]; IO mode=ap_memory:ce=0
Port [ FFT_DIT_spatial_unroll_CY_stream_vector_stream_stream_vector_0_data_6_1_0]:  wired=0; compound=1; hidden=1; nouse=1; global=1; static=1; extern=0; dir=2; type=1; pingpong=0; private_global=0; MemPort=[22]; IO mode=ap_memory:ce=0
Port [ FFT_DIT_spatial_unroll_CY_stream_vector_stream_stream_vector_0_data_6_1_1]:  wired=0; compound=1; hidden=1; nouse=1; global=1; static=1; extern=0; dir=2; type=1; pingpong=0; private_global=0; MemPort=[22]; IO mode=ap_memory:ce=0
Port [ FFT_DIT_spatial_unroll_CY_stream_vector_stream_stream_vector_0_data_6_1_2]:  wired=0; compound=1; hidden=1; nouse=1; global=1; static=1; extern=0; dir=2; type=1; pingpong=0; private_global=0; MemPort=[22]; IO mode=ap_memory:ce=0
Port [ FFT_DIT_spatial_unroll_CY_stream_vector_stream_stream_vector_0_data_6_1_3]:  wired=0; compound=1; hidden=1; nouse=1; global=1; static=1; extern=0; dir=2; type=1; pingpong=0; private_global=0; MemPort=[22]; IO mode=ap_memory:ce=0
---------------- STG Properties END ------------------

---------------- Datapath Model BEGIN ----------------

<LifeTime>
<method=bitvector/>
specdataflowpipeline_ln549 (specdataflowpipeline) [ 000]
spectopmodule_ln545        (spectopmodule       ) [ 000]
specinterface_ln0          (specinterface       ) [ 000]
specbitsmap_ln0            (specbitsmap         ) [ 000]
specinterface_ln0          (specinterface       ) [ 000]
specbitsmap_ln0            (specbitsmap         ) [ 000]
call_ln564                 (call                ) [ 000]
ret_ln565                  (ret                 ) [ 000]
</LifeTime>

<model>

<comp_list>
<comp id="0" class="1000" name="in_r">
<pin_list>
<pin id="1" dir="1" index="0" bw="1" slack="0"/>
</pin_list>
<bind>
<StgValue><ssdm name="in_r"/></StgValue>
</bind>
</comp>

<comp id="2" class="1000" name="out_r">
<pin_list>
<pin id="3" dir="1" index="0" bw="1" slack="0"/>
</pin_list>
<bind>
<StgValue><ssdm name="out_r"/></StgValue>
</bind>
</comp>

<comp id="4" class="1000" name="FFT_DIT_spatial_unroll_CY_stream_vector_stream_stream_vector_0_data_0_0_0">
<pin_list>
<pin id="5" dir="1" index="0" bw="1" slack="0"/>
</pin_list>
<bind>
<StgValue><ssdm name="FFT_DIT_spatial_unroll_CY_stream_vector_stream_stream_vector_0_data_0_0_0"/><MemPortTyVec>1 0 </MemPortTyVec>
</StgValue>
</bind>
</comp>

<comp id="6" class="1000" name="FFT_DIT_spatial_unroll_CY_stream_vector_stream_stream_vector_0_data_0_0_1">
<pin_list>
<pin id="7" dir="1" index="0" bw="1" slack="0"/>
</pin_list>
<bind>
<StgValue><ssdm name="FFT_DIT_spatial_unroll_CY_stream_vector_stream_stream_vector_0_data_0_0_1"/><MemPortTyVec>1 0 </MemPortTyVec>
</StgValue>
</bind>
</comp>

<comp id="8" class="1000" name="FFT_DIT_spatial_unroll_CY_stream_vector_stream_stream_vector_0_data_0_0_2">
<pin_list>
<pin id="9" dir="1" index="0" bw="1" slack="0"/>
</pin_list>
<bind>
<StgValue><ssdm name="FFT_DIT_spatial_unroll_CY_stream_vector_stream_stream_vector_0_data_0_0_2"/><MemPortTyVec>1 0 </MemPortTyVec>
</StgValue>
</bind>
</comp>

<comp id="10" class="1000" name="FFT_DIT_spatial_unroll_CY_stream_vector_stream_stream_vector_0_data_0_0_3">
<pin_list>
<pin id="11" dir="1" index="0" bw="1" slack="0"/>
</pin_list>
<bind>
<StgValue><ssdm name="FFT_DIT_spatial_unroll_CY_stream_vector_stream_stream_vector_0_data_0_0_3"/><MemPortTyVec>1 0 </MemPortTyVec>
</StgValue>
</bind>
</comp>

<comp id="12" class="1000" name="FFT_DIT_spatial_unroll_CY_stream_vector_stream_stream_vector_0_data_0_0_4">
<pin_list>
<pin id="13" dir="1" index="0" bw="1" slack="0"/>
</pin_list>
<bind>
<StgValue><ssdm name="FFT_DIT_spatial_unroll_CY_stream_vector_stream_stream_vector_0_data_0_0_4"/><MemPortTyVec>1 0 </MemPortTyVec>
</StgValue>
</bind>
</comp>

<comp id="14" class="1000" name="FFT_DIT_spatial_unroll_CY_stream_vector_stream_stream_vector_0_data_0_0_5">
<pin_list>
<pin id="15" dir="1" index="0" bw="1" slack="0"/>
</pin_list>
<bind>
<StgValue><ssdm name="FFT_DIT_spatial_unroll_CY_stream_vector_stream_stream_vector_0_data_0_0_5"/><MemPortTyVec>1 0 </MemPortTyVec>
</StgValue>
</bind>
</comp>

<comp id="16" class="1000" name="FFT_DIT_spatial_unroll_CY_stream_vector_stream_stream_vector_0_data_0_0_6">
<pin_list>
<pin id="17" dir="1" index="0" bw="1" slack="0"/>
</pin_list>
<bind>
<StgValue><ssdm name="FFT_DIT_spatial_unroll_CY_stream_vector_stream_stream_vector_0_data_0_0_6"/><MemPortTyVec>1 0 </MemPortTyVec>
</StgValue>
</bind>
</comp>

<comp id="18" class="1000" name="FFT_DIT_spatial_unroll_CY_stream_vector_stream_stream_vector_0_data_0_0_7">
<pin_list>
<pin id="19" dir="1" index="0" bw="1" slack="0"/>
</pin_list>
<bind>
<StgValue><ssdm name="FFT_DIT_spatial_unroll_CY_stream_vector_stream_stream_vector_0_data_0_0_7"/><MemPortTyVec>1 0 </MemPortTyVec>
</StgValue>
</bind>
</comp>

<comp id="20" class="1000" name="FFT_DIT_spatial_unroll_CY_stream_vector_stream_stream_vector_0_data_0_1_0">
<pin_list>
<pin id="21" dir="1" index="0" bw="1" slack="0"/>
</pin_list>
<bind>
<StgValue><ssdm name="FFT_DIT_spatial_unroll_CY_stream_vector_stream_stream_vector_0_data_0_1_0"/><MemPortTyVec>1 0 </MemPortTyVec>
</StgValue>
</bind>
</comp>

<comp id="22" class="1000" name="FFT_DIT_spatial_unroll_CY_stream_vector_stream_stream_vector_0_data_0_1_1">
<pin_list>
<pin id="23" dir="1" index="0" bw="1" slack="0"/>
</pin_list>
<bind>
<StgValue><ssdm name="FFT_DIT_spatial_unroll_CY_stream_vector_stream_stream_vector_0_data_0_1_1"/><MemPortTyVec>1 0 </MemPortTyVec>
</StgValue>
</bind>
</comp>

<comp id="24" class="1000" name="FFT_DIT_spatial_unroll_CY_stream_vector_stream_stream_vector_0_data_0_1_2">
<pin_list>
<pin id="25" dir="1" index="0" bw="1" slack="0"/>
</pin_list>
<bind>
<StgValue><ssdm name="FFT_DIT_spatial_unroll_CY_stream_vector_stream_stream_vector_0_data_0_1_2"/><MemPortTyVec>1 0 </MemPortTyVec>
</StgValue>
</bind>
</comp>

<comp id="26" class="1000" name="FFT_DIT_spatial_unroll_CY_stream_vector_stream_stream_vector_0_data_0_1_3">
<pin_list>
<pin id="27" dir="1" index="0" bw="1" slack="0"/>
</pin_list>
<bind>
<StgValue><ssdm name="FFT_DIT_spatial_unroll_CY_stream_vector_stream_stream_vector_0_data_0_1_3"/><MemPortTyVec>1 0 </MemPortTyVec>
</StgValue>
</bind>
</comp>

<comp id="28" class="1000" name="FFT_DIT_spatial_unroll_CY_stream_vector_stream_stream_vector_0_data_0_1_4">
<pin_list>
<pin id="29" dir="1" index="0" bw="1" slack="0"/>
</pin_list>
<bind>
<StgValue><ssdm name="FFT_DIT_spatial_unroll_CY_stream_vector_stream_stream_vector_0_data_0_1_4"/><MemPortTyVec>1 0 </MemPortTyVec>
</StgValue>
</bind>
</comp>

<comp id="30" class="1000" name="FFT_DIT_spatial_unroll_CY_stream_vector_stream_stream_vector_0_data_0_1_5">
<pin_list>
<pin id="31" dir="1" index="0" bw="1" slack="0"/>
</pin_list>
<bind>
<StgValue><ssdm name="FFT_DIT_spatial_unroll_CY_stream_vector_stream_stream_vector_0_data_0_1_5"/><MemPortTyVec>1 0 </MemPortTyVec>
</StgValue>
</bind>
</comp>

<comp id="32" class="1000" name="FFT_DIT_spatial_unroll_CY_stream_vector_stream_stream_vector_0_data_0_1_6">
<pin_list>
<pin id="33" dir="1" index="0" bw="1" slack="0"/>
</pin_list>
<bind>
<StgValue><ssdm name="FFT_DIT_spatial_unroll_CY_stream_vector_stream_stream_vector_0_data_0_1_6"/><MemPortTyVec>1 0 </MemPortTyVec>
</StgValue>
</bind>
</comp>

<comp id="34" class="1000" name="FFT_DIT_spatial_unroll_CY_stream_vector_stream_stream_vector_0_data_0_1_7">
<pin_list>
<pin id="35" dir="1" index="0" bw="1" slack="0"/>
</pin_list>
<bind>
<StgValue><ssdm name="FFT_DIT_spatial_unroll_CY_stream_vector_stream_stream_vector_0_data_0_1_7"/><MemPortTyVec>1 0 </MemPortTyVec>
</StgValue>
</bind>
</comp>

<comp id="36" class="1000" name="FFT_DIT_spatial_unroll_CY_stream_vector_stream_stream_vector_0_data_1_0_0">
<pin_list>
<pin id="37" dir="1" index="0" bw="1" slack="0"/>
</pin_list>
<bind>
<StgValue><ssdm name="FFT_DIT_spatial_unroll_CY_stream_vector_stream_stream_vector_0_data_1_0_0"/><MemPortTyVec>1 2 </MemPortTyVec>
</StgValue>
</bind>
</comp>

<comp id="38" class="1000" name="FFT_DIT_spatial_unroll_CY_stream_vector_stream_stream_vector_0_data_1_0_1">
<pin_list>
<pin id="39" dir="1" index="0" bw="1" slack="0"/>
</pin_list>
<bind>
<StgValue><ssdm name="FFT_DIT_spatial_unroll_CY_stream_vector_stream_stream_vector_0_data_1_0_1"/><MemPortTyVec>1 2 </MemPortTyVec>
</StgValue>
</bind>
</comp>

<comp id="40" class="1000" name="FFT_DIT_spatial_unroll_CY_stream_vector_stream_stream_vector_0_data_1_0_2">
<pin_list>
<pin id="41" dir="1" index="0" bw="1" slack="0"/>
</pin_list>
<bind>
<StgValue><ssdm name="FFT_DIT_spatial_unroll_CY_stream_vector_stream_stream_vector_0_data_1_0_2"/><MemPortTyVec>1 2 </MemPortTyVec>
</StgValue>
</bind>
</comp>

<comp id="42" class="1000" name="FFT_DIT_spatial_unroll_CY_stream_vector_stream_stream_vector_0_data_1_0_3">
<pin_list>
<pin id="43" dir="1" index="0" bw="1" slack="0"/>
</pin_list>
<bind>
<StgValue><ssdm name="FFT_DIT_spatial_unroll_CY_stream_vector_stream_stream_vector_0_data_1_0_3"/><MemPortTyVec>1 2 </MemPortTyVec>
</StgValue>
</bind>
</comp>

<comp id="44" class="1000" name="FFT_DIT_spatial_unroll_CY_stream_vector_stream_stream_vector_0_data_1_0_4">
<pin_list>
<pin id="45" dir="1" index="0" bw="1" slack="0"/>
</pin_list>
<bind>
<StgValue><ssdm name="FFT_DIT_spatial_unroll_CY_stream_vector_stream_stream_vector_0_data_1_0_4"/><MemPortTyVec>1 2 </MemPortTyVec>
</StgValue>
</bind>
</comp>

<comp id="46" class="1000" name="FFT_DIT_spatial_unroll_CY_stream_vector_stream_stream_vector_0_data_1_0_5">
<pin_list>
<pin id="47" dir="1" index="0" bw="1" slack="0"/>
</pin_list>
<bind>
<StgValue><ssdm name="FFT_DIT_spatial_unroll_CY_stream_vector_stream_stream_vector_0_data_1_0_5"/><MemPortTyVec>1 2 </MemPortTyVec>
</StgValue>
</bind>
</comp>

<comp id="48" class="1000" name="FFT_DIT_spatial_unroll_CY_stream_vector_stream_stream_vector_0_data_1_0_6">
<pin_list>
<pin id="49" dir="1" index="0" bw="1" slack="0"/>
</pin_list>
<bind>
<StgValue><ssdm name="FFT_DIT_spatial_unroll_CY_stream_vector_stream_stream_vector_0_data_1_0_6"/><MemPortTyVec>1 2 </MemPortTyVec>
</StgValue>
</bind>
</comp>

<comp id="50" class="1000" name="FFT_DIT_spatial_unroll_CY_stream_vector_stream_stream_vector_0_data_1_0_7">
<pin_list>
<pin id="51" dir="1" index="0" bw="1" slack="0"/>
</pin_list>
<bind>
<StgValue><ssdm name="FFT_DIT_spatial_unroll_CY_stream_vector_stream_stream_vector_0_data_1_0_7"/><MemPortTyVec>1 2 </MemPortTyVec>
</StgValue>
</bind>
</comp>

<comp id="52" class="1000" name="FFT_DIT_spatial_unroll_CY_stream_vector_stream_stream_vector_0_data_1_1_0">
<pin_list>
<pin id="53" dir="1" index="0" bw="1" slack="0"/>
</pin_list>
<bind>
<StgValue><ssdm name="FFT_DIT_spatial_unroll_CY_stream_vector_stream_stream_vector_0_data_1_1_0"/><MemPortTyVec>1 2 </MemPortTyVec>
</StgValue>
</bind>
</comp>

<comp id="54" class="1000" name="FFT_DIT_spatial_unroll_CY_stream_vector_stream_stream_vector_0_data_1_1_1">
<pin_list>
<pin id="55" dir="1" index="0" bw="1" slack="0"/>
</pin_list>
<bind>
<StgValue><ssdm name="FFT_DIT_spatial_unroll_CY_stream_vector_stream_stream_vector_0_data_1_1_1"/><MemPortTyVec>1 2 </MemPortTyVec>
</StgValue>
</bind>
</comp>

<comp id="56" class="1000" name="FFT_DIT_spatial_unroll_CY_stream_vector_stream_stream_vector_0_data_1_1_2">
<pin_list>
<pin id="57" dir="1" index="0" bw="1" slack="0"/>
</pin_list>
<bind>
<StgValue><ssdm name="FFT_DIT_spatial_unroll_CY_stream_vector_stream_stream_vector_0_data_1_1_2"/><MemPortTyVec>1 2 </MemPortTyVec>
</StgValue>
</bind>
</comp>

<comp id="58" class="1000" name="FFT_DIT_spatial_unroll_CY_stream_vector_stream_stream_vector_0_data_1_1_3">
<pin_list>
<pin id="59" dir="1" index="0" bw="1" slack="0"/>
</pin_list>
<bind>
<StgValue><ssdm name="FFT_DIT_spatial_unroll_CY_stream_vector_stream_stream_vector_0_data_1_1_3"/><MemPortTyVec>1 2 </MemPortTyVec>
</StgValue>
</bind>
</comp>

<comp id="60" class="1000" name="FFT_DIT_spatial_unroll_CY_stream_vector_stream_stream_vector_0_data_1_1_4">
<pin_list>
<pin id="61" dir="1" index="0" bw="1" slack="0"/>
</pin_list>
<bind>
<StgValue><ssdm name="FFT_DIT_spatial_unroll_CY_stream_vector_stream_stream_vector_0_data_1_1_4"/><MemPortTyVec>1 2 </MemPortTyVec>
</StgValue>
</bind>
</comp>

<comp id="62" class="1000" name="FFT_DIT_spatial_unroll_CY_stream_vector_stream_stream_vector_0_data_1_1_5">
<pin_list>
<pin id="63" dir="1" index="0" bw="1" slack="0"/>
</pin_list>
<bind>
<StgValue><ssdm name="FFT_DIT_spatial_unroll_CY_stream_vector_stream_stream_vector_0_data_1_1_5"/><MemPortTyVec>1 2 </MemPortTyVec>
</StgValue>
</bind>
</comp>

<comp id="64" class="1000" name="FFT_DIT_spatial_unroll_CY_stream_vector_stream_stream_vector_0_data_1_1_6">
<pin_list>
<pin id="65" dir="1" index="0" bw="1" slack="0"/>
</pin_list>
<bind>
<StgValue><ssdm name="FFT_DIT_spatial_unroll_CY_stream_vector_stream_stream_vector_0_data_1_1_6"/><MemPortTyVec>1 2 </MemPortTyVec>
</StgValue>
</bind>
</comp>

<comp id="66" class="1000" name="FFT_DIT_spatial_unroll_CY_stream_vector_stream_stream_vector_0_data_1_1_7">
<pin_list>
<pin id="67" dir="1" index="0" bw="1" slack="0"/>
</pin_list>
<bind>
<StgValue><ssdm name="FFT_DIT_spatial_unroll_CY_stream_vector_stream_stream_vector_0_data_1_1_7"/><MemPortTyVec>1 2 </MemPortTyVec>
</StgValue>
</bind>
</comp>

<comp id="68" class="1000" name="FFT_DIT_spatial_unroll_CY_stream_vector_stream_stream_vector_0_data_2_0_0">
<pin_list>
<pin id="69" dir="1" index="0" bw="1" slack="0"/>
</pin_list>
<bind>
<StgValue><ssdm name="FFT_DIT_spatial_unroll_CY_stream_vector_stream_stream_vector_0_data_2_0_0"/><MemPortTyVec>2 2 </MemPortTyVec>
</StgValue>
</bind>
</comp>

<comp id="70" class="1000" name="FFT_DIT_spatial_unroll_CY_stream_vector_stream_stream_vector_0_data_2_0_1">
<pin_list>
<pin id="71" dir="1" index="0" bw="1" slack="0"/>
</pin_list>
<bind>
<StgValue><ssdm name="FFT_DIT_spatial_unroll_CY_stream_vector_stream_stream_vector_0_data_2_0_1"/><MemPortTyVec>2 2 </MemPortTyVec>
</StgValue>
</bind>
</comp>

<comp id="72" class="1000" name="FFT_DIT_spatial_unroll_CY_stream_vector_stream_stream_vector_0_data_2_0_2">
<pin_list>
<pin id="73" dir="1" index="0" bw="1" slack="0"/>
</pin_list>
<bind>
<StgValue><ssdm name="FFT_DIT_spatial_unroll_CY_stream_vector_stream_stream_vector_0_data_2_0_2"/><MemPortTyVec>2 2 </MemPortTyVec>
</StgValue>
</bind>
</comp>

<comp id="74" class="1000" name="FFT_DIT_spatial_unroll_CY_stream_vector_stream_stream_vector_0_data_2_0_3">
<pin_list>
<pin id="75" dir="1" index="0" bw="1" slack="0"/>
</pin_list>
<bind>
<StgValue><ssdm name="FFT_DIT_spatial_unroll_CY_stream_vector_stream_stream_vector_0_data_2_0_3"/><MemPortTyVec>2 2 </MemPortTyVec>
</StgValue>
</bind>
</comp>

<comp id="76" class="1000" name="FFT_DIT_spatial_unroll_CY_stream_vector_stream_stream_vector_0_data_2_1_0">
<pin_list>
<pin id="77" dir="1" index="0" bw="1" slack="0"/>
</pin_list>
<bind>
<StgValue><ssdm name="FFT_DIT_spatial_unroll_CY_stream_vector_stream_stream_vector_0_data_2_1_0"/><MemPortTyVec>2 2 </MemPortTyVec>
</StgValue>
</bind>
</comp>

<comp id="78" class="1000" name="FFT_DIT_spatial_unroll_CY_stream_vector_stream_stream_vector_0_data_2_1_1">
<pin_list>
<pin id="79" dir="1" index="0" bw="1" slack="0"/>
</pin_list>
<bind>
<StgValue><ssdm name="FFT_DIT_spatial_unroll_CY_stream_vector_stream_stream_vector_0_data_2_1_1"/><MemPortTyVec>2 2 </MemPortTyVec>
</StgValue>
</bind>
</comp>

<comp id="80" class="1000" name="FFT_DIT_spatial_unroll_CY_stream_vector_stream_stream_vector_0_data_2_1_2">
<pin_list>
<pin id="81" dir="1" index="0" bw="1" slack="0"/>
</pin_list>
<bind>
<StgValue><ssdm name="FFT_DIT_spatial_unroll_CY_stream_vector_stream_stream_vector_0_data_2_1_2"/><MemPortTyVec>2 2 </MemPortTyVec>
</StgValue>
</bind>
</comp>

<comp id="82" class="1000" name="FFT_DIT_spatial_unroll_CY_stream_vector_stream_stream_vector_0_data_2_1_3">
<pin_list>
<pin id="83" dir="1" index="0" bw="1" slack="0"/>
</pin_list>
<bind>
<StgValue><ssdm name="FFT_DIT_spatial_unroll_CY_stream_vector_stream_stream_vector_0_data_2_1_3"/><MemPortTyVec>2 2 </MemPortTyVec>
</StgValue>
</bind>
</comp>

<comp id="84" class="1000" name="FFT_DIT_spatial_unroll_CY_stream_vector_stream_stream_vector_0_data_3_0_0">
<pin_list>
<pin id="85" dir="1" index="0" bw="1" slack="0"/>
</pin_list>
<bind>
<StgValue><ssdm name="FFT_DIT_spatial_unroll_CY_stream_vector_stream_stream_vector_0_data_3_0_0"/><MemPortTyVec>2 2 </MemPortTyVec>
</StgValue>
</bind>
</comp>

<comp id="86" class="1000" name="FFT_DIT_spatial_unroll_CY_stream_vector_stream_stream_vector_0_data_3_0_1">
<pin_list>
<pin id="87" dir="1" index="0" bw="1" slack="0"/>
</pin_list>
<bind>
<StgValue><ssdm name="FFT_DIT_spatial_unroll_CY_stream_vector_stream_stream_vector_0_data_3_0_1"/><MemPortTyVec>2 2 </MemPortTyVec>
</StgValue>
</bind>
</comp>

<comp id="88" class="1000" name="FFT_DIT_spatial_unroll_CY_stream_vector_stream_stream_vector_0_data_3_0_2">
<pin_list>
<pin id="89" dir="1" index="0" bw="1" slack="0"/>
</pin_list>
<bind>
<StgValue><ssdm name="FFT_DIT_spatial_unroll_CY_stream_vector_stream_stream_vector_0_data_3_0_2"/><MemPortTyVec>2 2 </MemPortTyVec>
</StgValue>
</bind>
</comp>

<comp id="90" class="1000" name="FFT_DIT_spatial_unroll_CY_stream_vector_stream_stream_vector_0_data_3_0_3">
<pin_list>
<pin id="91" dir="1" index="0" bw="1" slack="0"/>
</pin_list>
<bind>
<StgValue><ssdm name="FFT_DIT_spatial_unroll_CY_stream_vector_stream_stream_vector_0_data_3_0_3"/><MemPortTyVec>2 2 </MemPortTyVec>
</StgValue>
</bind>
</comp>

<comp id="92" class="1000" name="FFT_DIT_spatial_unroll_CY_stream_vector_stream_stream_vector_0_data_3_1_0">
<pin_list>
<pin id="93" dir="1" index="0" bw="1" slack="0"/>
</pin_list>
<bind>
<StgValue><ssdm name="FFT_DIT_spatial_unroll_CY_stream_vector_stream_stream_vector_0_data_3_1_0"/><MemPortTyVec>2 2 </MemPortTyVec>
</StgValue>
</bind>
</comp>

<comp id="94" class="1000" name="FFT_DIT_spatial_unroll_CY_stream_vector_stream_stream_vector_0_data_3_1_1">
<pin_list>
<pin id="95" dir="1" index="0" bw="1" slack="0"/>
</pin_list>
<bind>
<StgValue><ssdm name="FFT_DIT_spatial_unroll_CY_stream_vector_stream_stream_vector_0_data_3_1_1"/><MemPortTyVec>2 2 </MemPortTyVec>
</StgValue>
</bind>
</comp>

<comp id="96" class="1000" name="FFT_DIT_spatial_unroll_CY_stream_vector_stream_stream_vector_0_data_3_1_2">
<pin_list>
<pin id="97" dir="1" index="0" bw="1" slack="0"/>
</pin_list>
<bind>
<StgValue><ssdm name="FFT_DIT_spatial_unroll_CY_stream_vector_stream_stream_vector_0_data_3_1_2"/><MemPortTyVec>2 2 </MemPortTyVec>
</StgValue>
</bind>
</comp>

<comp id="98" class="1000" name="FFT_DIT_spatial_unroll_CY_stream_vector_stream_stream_vector_0_data_3_1_3">
<pin_list>
<pin id="99" dir="1" index="0" bw="1" slack="0"/>
</pin_list>
<bind>
<StgValue><ssdm name="FFT_DIT_spatial_unroll_CY_stream_vector_stream_stream_vector_0_data_3_1_3"/><MemPortTyVec>2 2 </MemPortTyVec>
</StgValue>
</bind>
</comp>

<comp id="100" class="1000" name="FFT_DIT_spatial_unroll_CY_stream_vector_stream_stream_vector_0_data_4_0_0">
<pin_list>
<pin id="101" dir="1" index="0" bw="1" slack="0"/>
</pin_list>
<bind>
<StgValue><ssdm name="FFT_DIT_spatial_unroll_CY_stream_vector_stream_stream_vector_0_data_4_0_0"/><MemPortTyVec>2 2 </MemPortTyVec>
</StgValue>
</bind>
</comp>

<comp id="102" class="1000" name="FFT_DIT_spatial_unroll_CY_stream_vector_stream_stream_vector_0_data_4_0_1">
<pin_list>
<pin id="103" dir="1" index="0" bw="1" slack="0"/>
</pin_list>
<bind>
<StgValue><ssdm name="FFT_DIT_spatial_unroll_CY_stream_vector_stream_stream_vector_0_data_4_0_1"/><MemPortTyVec>2 2 </MemPortTyVec>
</StgValue>
</bind>
</comp>

<comp id="104" class="1000" name="FFT_DIT_spatial_unroll_CY_stream_vector_stream_stream_vector_0_data_4_0_2">
<pin_list>
<pin id="105" dir="1" index="0" bw="1" slack="0"/>
</pin_list>
<bind>
<StgValue><ssdm name="FFT_DIT_spatial_unroll_CY_stream_vector_stream_stream_vector_0_data_4_0_2"/><MemPortTyVec>2 2 </MemPortTyVec>
</StgValue>
</bind>
</comp>

<comp id="106" class="1000" name="FFT_DIT_spatial_unroll_CY_stream_vector_stream_stream_vector_0_data_4_0_3">
<pin_list>
<pin id="107" dir="1" index="0" bw="1" slack="0"/>
</pin_list>
<bind>
<StgValue><ssdm name="FFT_DIT_spatial_unroll_CY_stream_vector_stream_stream_vector_0_data_4_0_3"/><MemPortTyVec>2 2 </MemPortTyVec>
</StgValue>
</bind>
</comp>

<comp id="108" class="1000" name="FFT_DIT_spatial_unroll_CY_stream_vector_stream_stream_vector_0_data_4_1_0">
<pin_list>
<pin id="109" dir="1" index="0" bw="1" slack="0"/>
</pin_list>
<bind>
<StgValue><ssdm name="FFT_DIT_spatial_unroll_CY_stream_vector_stream_stream_vector_0_data_4_1_0"/><MemPortTyVec>2 2 </MemPortTyVec>
</StgValue>
</bind>
</comp>

<comp id="110" class="1000" name="FFT_DIT_spatial_unroll_CY_stream_vector_stream_stream_vector_0_data_4_1_1">
<pin_list>
<pin id="111" dir="1" index="0" bw="1" slack="0"/>
</pin_list>
<bind>
<StgValue><ssdm name="FFT_DIT_spatial_unroll_CY_stream_vector_stream_stream_vector_0_data_4_1_1"/><MemPortTyVec>2 2 </MemPortTyVec>
</StgValue>
</bind>
</comp>

<comp id="112" class="1000" name="FFT_DIT_spatial_unroll_CY_stream_vector_stream_stream_vector_0_data_4_1_2">
<pin_list>
<pin id="113" dir="1" index="0" bw="1" slack="0"/>
</pin_list>
<bind>
<StgValue><ssdm name="FFT_DIT_spatial_unroll_CY_stream_vector_stream_stream_vector_0_data_4_1_2"/><MemPortTyVec>2 2 </MemPortTyVec>
</StgValue>
</bind>
</comp>

<comp id="114" class="1000" name="FFT_DIT_spatial_unroll_CY_stream_vector_stream_stream_vector_0_data_4_1_3">
<pin_list>
<pin id="115" dir="1" index="0" bw="1" slack="0"/>
</pin_list>
<bind>
<StgValue><ssdm name="FFT_DIT_spatial_unroll_CY_stream_vector_stream_stream_vector_0_data_4_1_3"/><MemPortTyVec>2 2 </MemPortTyVec>
</StgValue>
</bind>
</comp>

<comp id="116" class="1000" name="FFT_DIT_spatial_unroll_CY_stream_vector_stream_stream_vector_0_data_5_0_0">
<pin_list>
<pin id="117" dir="1" index="0" bw="1" slack="0"/>
</pin_list>
<bind>
<StgValue><ssdm name="FFT_DIT_spatial_unroll_CY_stream_vector_stream_stream_vector_0_data_5_0_0"/><MemPortTyVec>2 2 </MemPortTyVec>
</StgValue>
</bind>
</comp>

<comp id="118" class="1000" name="FFT_DIT_spatial_unroll_CY_stream_vector_stream_stream_vector_0_data_5_0_1">
<pin_list>
<pin id="119" dir="1" index="0" bw="1" slack="0"/>
</pin_list>
<bind>
<StgValue><ssdm name="FFT_DIT_spatial_unroll_CY_stream_vector_stream_stream_vector_0_data_5_0_1"/><MemPortTyVec>2 2 </MemPortTyVec>
</StgValue>
</bind>
</comp>

<comp id="120" class="1000" name="FFT_DIT_spatial_unroll_CY_stream_vector_stream_stream_vector_0_data_5_0_2">
<pin_list>
<pin id="121" dir="1" index="0" bw="1" slack="0"/>
</pin_list>
<bind>
<StgValue><ssdm name="FFT_DIT_spatial_unroll_CY_stream_vector_stream_stream_vector_0_data_5_0_2"/><MemPortTyVec>2 2 </MemPortTyVec>
</StgValue>
</bind>
</comp>

<comp id="122" class="1000" name="FFT_DIT_spatial_unroll_CY_stream_vector_stream_stream_vector_0_data_5_0_3">
<pin_list>
<pin id="123" dir="1" index="0" bw="1" slack="0"/>
</pin_list>
<bind>
<StgValue><ssdm name="FFT_DIT_spatial_unroll_CY_stream_vector_stream_stream_vector_0_data_5_0_3"/><MemPortTyVec>2 2 </MemPortTyVec>
</StgValue>
</bind>
</comp>

<comp id="124" class="1000" name="FFT_DIT_spatial_unroll_CY_stream_vector_stream_stream_vector_0_data_5_1_0">
<pin_list>
<pin id="125" dir="1" index="0" bw="1" slack="0"/>
</pin_list>
<bind>
<StgValue><ssdm name="FFT_DIT_spatial_unroll_CY_stream_vector_stream_stream_vector_0_data_5_1_0"/><MemPortTyVec>2 2 </MemPortTyVec>
</StgValue>
</bind>
</comp>

<comp id="126" class="1000" name="FFT_DIT_spatial_unroll_CY_stream_vector_stream_stream_vector_0_data_5_1_1">
<pin_list>
<pin id="127" dir="1" index="0" bw="1" slack="0"/>
</pin_list>
<bind>
<StgValue><ssdm name="FFT_DIT_spatial_unroll_CY_stream_vector_stream_stream_vector_0_data_5_1_1"/><MemPortTyVec>2 2 </MemPortTyVec>
</StgValue>
</bind>
</comp>

<comp id="128" class="1000" name="FFT_DIT_spatial_unroll_CY_stream_vector_stream_stream_vector_0_data_5_1_2">
<pin_list>
<pin id="129" dir="1" index="0" bw="1" slack="0"/>
</pin_list>
<bind>
<StgValue><ssdm name="FFT_DIT_spatial_unroll_CY_stream_vector_stream_stream_vector_0_data_5_1_2"/><MemPortTyVec>2 2 </MemPortTyVec>
</StgValue>
</bind>
</comp>

<comp id="130" class="1000" name="FFT_DIT_spatial_unroll_CY_stream_vector_stream_stream_vector_0_data_5_1_3">
<pin_list>
<pin id="131" dir="1" index="0" bw="1" slack="0"/>
</pin_list>
<bind>
<StgValue><ssdm name="FFT_DIT_spatial_unroll_CY_stream_vector_stream_stream_vector_0_data_5_1_3"/><MemPortTyVec>2 2 </MemPortTyVec>
</StgValue>
</bind>
</comp>

<comp id="132" class="1000" name="FFT_DIT_spatial_unroll_CY_stream_vector_stream_stream_vector_0_data_6_0_0">
<pin_list>
<pin id="133" dir="1" index="0" bw="1" slack="0"/>
</pin_list>
<bind>
<StgValue><ssdm name="FFT_DIT_spatial_unroll_CY_stream_vector_stream_stream_vector_0_data_6_0_0"/><MemPortTyVec>2 2 </MemPortTyVec>
</StgValue>
</bind>
</comp>

<comp id="134" class="1000" name="FFT_DIT_spatial_unroll_CY_stream_vector_stream_stream_vector_0_data_6_0_1">
<pin_list>
<pin id="135" dir="1" index="0" bw="1" slack="0"/>
</pin_list>
<bind>
<StgValue><ssdm name="FFT_DIT_spatial_unroll_CY_stream_vector_stream_stream_vector_0_data_6_0_1"/><MemPortTyVec>2 2 </MemPortTyVec>
</StgValue>
</bind>
</comp>

<comp id="136" class="1000" name="FFT_DIT_spatial_unroll_CY_stream_vector_stream_stream_vector_0_data_6_0_2">
<pin_list>
<pin id="137" dir="1" index="0" bw="1" slack="0"/>
</pin_list>
<bind>
<StgValue><ssdm name="FFT_DIT_spatial_unroll_CY_stream_vector_stream_stream_vector_0_data_6_0_2"/><MemPortTyVec>2 2 </MemPortTyVec>
</StgValue>
</bind>
</comp>

<comp id="138" class="1000" name="FFT_DIT_spatial_unroll_CY_stream_vector_stream_stream_vector_0_data_6_0_3">
<pin_list>
<pin id="139" dir="1" index="0" bw="1" slack="0"/>
</pin_list>
<bind>
<StgValue><ssdm name="FFT_DIT_spatial_unroll_CY_stream_vector_stream_stream_vector_0_data_6_0_3"/><MemPortTyVec>2 2 </MemPortTyVec>
</StgValue>
</bind>
</comp>

<comp id="140" class="1000" name="FFT_DIT_spatial_unroll_CY_stream_vector_stream_stream_vector_0_data_6_1_0">
<pin_list>
<pin id="141" dir="1" index="0" bw="1" slack="0"/>
</pin_list>
<bind>
<StgValue><ssdm name="FFT_DIT_spatial_unroll_CY_stream_vector_stream_stream_vector_0_data_6_1_0"/><MemPortTyVec>2 2 </MemPortTyVec>
</StgValue>
</bind>
</comp>

<comp id="142" class="1000" name="FFT_DIT_spatial_unroll_CY_stream_vector_stream_stream_vector_0_data_6_1_1">
<pin_list>
<pin id="143" dir="1" index="0" bw="1" slack="0"/>
</pin_list>
<bind>
<StgValue><ssdm name="FFT_DIT_spatial_unroll_CY_stream_vector_stream_stream_vector_0_data_6_1_1"/><MemPortTyVec>2 2 </MemPortTyVec>
</StgValue>
</bind>
</comp>

<comp id="144" class="1000" name="FFT_DIT_spatial_unroll_CY_stream_vector_stream_stream_vector_0_data_6_1_2">
<pin_list>
<pin id="145" dir="1" index="0" bw="1" slack="0"/>
</pin_list>
<bind>
<StgValue><ssdm name="FFT_DIT_spatial_unroll_CY_stream_vector_stream_stream_vector_0_data_6_1_2"/><MemPortTyVec>2 2 </MemPortTyVec>
</StgValue>
</bind>
</comp>

<comp id="146" class="1000" name="FFT_DIT_spatial_unroll_CY_stream_vector_stream_stream_vector_0_data_6_1_3">
<pin_list>
<pin id="147" dir="1" index="0" bw="1" slack="0"/>
</pin_list>
<bind>
<StgValue><ssdm name="FFT_DIT_spatial_unroll_CY_stream_vector_stream_stream_vector_0_data_6_1_3"/><MemPortTyVec>2 2 </MemPortTyVec>
</StgValue>
</bind>
</comp>

<comp id="148" class="1001" name="const_148">
<pin_list>
<pin id="149" dir="1" index="0" bw="1" slack="0"/>
</pin_list>
<bind>
<StgValue><ssdm name="FFT_DIT_spatial_unroll_CY_stream_vector"/></StgValue>
</bind>
</comp>

<comp id="150" class="1001" name="const_150">
<pin_list>
<pin id="151" dir="1" index="0" bw="1" slack="2147483647"/>
</pin_list>
<bind>
<StgValue><ssdm name="_ssdm_op_SpecDataflowPipeline"/></StgValue>
</bind>
</comp>

<comp id="152" class="1001" name="const_152">
<pin_list>
<pin id="153" dir="1" index="0" bw="1" slack="2147483647"/>
</pin_list>
<bind>
<StgValue><ssdm name=""/></StgValue>
</bind>
</comp>

<comp id="154" class="1001" name="const_154">
<pin_list>
<pin id="155" dir="1" index="0" bw="1" slack="2147483647"/>
</pin_list>
<bind>
<StgValue><ssdm name=""/></StgValue>
</bind>
</comp>

<comp id="156" class="1001" name="const_156">
<pin_list>
<pin id="157" dir="1" index="0" bw="1" slack="2147483647"/>
</pin_list>
<bind>
<StgValue><ssdm name="empty_73"/></StgValue>
</bind>
</comp>

<comp id="158" class="1001" name="const_158">
<pin_list>
<pin id="159" dir="1" index="0" bw="1" slack="2147483647"/>
</pin_list>
<bind>
<StgValue><ssdm name="_ssdm_op_SpecTopModule"/></StgValue>
</bind>
</comp>

<comp id="160" class="1001" name="const_160">
<pin_list>
<pin id="161" dir="1" index="0" bw="1" slack="2147483647"/>
</pin_list>
<bind>
<StgValue><ssdm name="empty_75"/></StgValue>
</bind>
</comp>

<comp id="162" class="1001" name="const_162">
<pin_list>
<pin id="163" dir="1" index="0" bw="1" slack="2147483647"/>
</pin_list>
<bind>
<StgValue><ssdm name="_ssdm_op_SpecInterface"/></StgValue>
</bind>
</comp>

<comp id="164" class="1001" name="const_164">
<pin_list>
<pin id="165" dir="1" index="0" bw="1" slack="2147483647"/>
</pin_list>
<bind>
<StgValue><ssdm name="empty_74"/></StgValue>
</bind>
</comp>

<comp id="166" class="1001" name="const_166">
<pin_list>
<pin id="167" dir="1" index="0" bw="1" slack="2147483647"/>
</pin_list>
<bind>
<StgValue><ssdm name=""/></StgValue>
</bind>
</comp>

<comp id="168" class="1001" name="const_168">
<pin_list>
<pin id="169" dir="1" index="0" bw="1" slack="2147483647"/>
</pin_list>
<bind>
<StgValue><ssdm name="_ssdm_op_SpecBitsMap"/></StgValue>
</bind>
</comp>

<comp id="170" class="1004" name="grp_FFT_DIT_spatial_unroll_CY_stream_vector_fu_170">
<pin_list>
<pin id="171" dir="0" index="0" bw="0" slack="0"/>
<pin id="172" dir="0" index="1" bw="512" slack="0"/>
<pin id="173" dir="0" index="2" bw="512" slack="0"/>
<pin id="174" dir="0" index="3" bw="32" slack="0"/>
<pin id="175" dir="0" index="4" bw="32" slack="0"/>
<pin id="176" dir="0" index="5" bw="32" slack="0"/>
<pin id="177" dir="0" index="6" bw="32" slack="0"/>
<pin id="178" dir="0" index="7" bw="32" slack="0"/>
<pin id="179" dir="0" index="8" bw="32" slack="0"/>
<pin id="180" dir="0" index="9" bw="32" slack="0"/>
<pin id="181" dir="0" index="10" bw="32" slack="0"/>
<pin id="182" dir="0" index="11" bw="32" slack="0"/>
<pin id="183" dir="0" index="12" bw="32" slack="0"/>
<pin id="184" dir="0" index="13" bw="32" slack="0"/>
<pin id="185" dir="0" index="14" bw="32" slack="0"/>
<pin id="186" dir="0" index="15" bw="32" slack="0"/>
<pin id="187" dir="0" index="16" bw="32" slack="0"/>
<pin id="188" dir="0" index="17" bw="32" slack="0"/>
<pin id="189" dir="0" index="18" bw="32" slack="0"/>
<pin id="190" dir="0" index="19" bw="32" slack="0"/>
<pin id="191" dir="0" index="20" bw="32" slack="0"/>
<pin id="192" dir="0" index="21" bw="32" slack="0"/>
<pin id="193" dir="0" index="22" bw="32" slack="0"/>
<pin id="194" dir="0" index="23" bw="32" slack="0"/>
<pin id="195" dir="0" index="24" bw="32" slack="0"/>
<pin id="196" dir="0" index="25" bw="32" slack="0"/>
<pin id="197" dir="0" index="26" bw="32" slack="0"/>
<pin id="198" dir="0" index="27" bw="32" slack="0"/>
<pin id="199" dir="0" index="28" bw="32" slack="0"/>
<pin id="200" dir="0" index="29" bw="32" slack="0"/>
<pin id="201" dir="0" index="30" bw="32" slack="0"/>
<pin id="202" dir="0" index="31" bw="32" slack="0"/>
<pin id="203" dir="0" index="32" bw="32" slack="0"/>
<pin id="204" dir="0" index="33" bw="32" slack="0"/>
<pin id="205" dir="0" index="34" bw="32" slack="0"/>
<pin id="206" dir="0" index="35" bw="32" slack="0"/>
<pin id="207" dir="0" index="36" bw="32" slack="0"/>
<pin id="208" dir="0" index="37" bw="32" slack="0"/>
<pin id="209" dir="0" index="38" bw="32" slack="0"/>
<pin id="210" dir="0" index="39" bw="32" slack="0"/>
<pin id="211" dir="0" index="40" bw="32" slack="0"/>
<pin id="212" dir="0" index="41" bw="32" slack="0"/>
<pin id="213" dir="0" index="42" bw="32" slack="0"/>
<pin id="214" dir="0" index="43" bw="32" slack="0"/>
<pin id="215" dir="0" index="44" bw="32" slack="0"/>
<pin id="216" dir="0" index="45" bw="32" slack="0"/>
<pin id="217" dir="0" index="46" bw="32" slack="0"/>
<pin id="218" dir="0" index="47" bw="32" slack="0"/>
<pin id="219" dir="0" index="48" bw="32" slack="0"/>
<pin id="220" dir="0" index="49" bw="32" slack="0"/>
<pin id="221" dir="0" index="50" bw="32" slack="0"/>
<pin id="222" dir="0" index="51" bw="32" slack="0"/>
<pin id="223" dir="0" index="52" bw="32" slack="0"/>
<pin id="224" dir="0" index="53" bw="32" slack="0"/>
<pin id="225" dir="0" index="54" bw="32" slack="0"/>
<pin id="226" dir="0" index="55" bw="32" slack="0"/>
<pin id="227" dir="0" index="56" bw="32" slack="0"/>
<pin id="228" dir="0" index="57" bw="32" slack="0"/>
<pin id="229" dir="0" index="58" bw="32" slack="0"/>
<pin id="230" dir="0" index="59" bw="32" slack="0"/>
<pin id="231" dir="0" index="60" bw="32" slack="0"/>
<pin id="232" dir="0" index="61" bw="32" slack="0"/>
<pin id="233" dir="0" index="62" bw="32" slack="0"/>
<pin id="234" dir="0" index="63" bw="32" slack="0"/>
<pin id="235" dir="0" index="64" bw="32" slack="0"/>
<pin id="236" dir="0" index="65" bw="32" slack="0"/>
<pin id="237" dir="0" index="66" bw="32" slack="0"/>
<pin id="238" dir="0" index="67" bw="32" slack="0"/>
<pin id="239" dir="0" index="68" bw="32" slack="0"/>
<pin id="240" dir="0" index="69" bw="32" slack="0"/>
<pin id="241" dir="0" index="70" bw="32" slack="0"/>
<pin id="242" dir="0" index="71" bw="32" slack="0"/>
<pin id="243" dir="0" index="72" bw="32" slack="0"/>
<pin id="244" dir="0" index="73" bw="32" slack="0"/>
<pin id="245" dir="0" index="74" bw="32" slack="0"/>
<pin id="246" dir="1" index="75" bw="0" slack="2147483647"/>
</pin_list>
<bind>
<opcode="call(48) " fcode="call"/>
<opset="call_ln564/1 "/>
</bind>
</comp>

</comp_list>

<net_list>
<net id="247"><net_src comp="148" pin="0"/><net_sink comp="170" pin=0"/></net>

<net id="248"><net_src comp="0" pin="0"/><net_sink comp="170" pin=1"/></net>

<net id="249"><net_src comp="2" pin="0"/><net_sink comp="170" pin=2"/></net>

<net id="250"><net_src comp="4" pin="0"/><net_sink comp="170" pin=3"/></net>

<net id="251"><net_src comp="6" pin="0"/><net_sink comp="170" pin=4"/></net>

<net id="252"><net_src comp="8" pin="0"/><net_sink comp="170" pin=5"/></net>

<net id="253"><net_src comp="10" pin="0"/><net_sink comp="170" pin=6"/></net>

<net id="254"><net_src comp="12" pin="0"/><net_sink comp="170" pin=7"/></net>

<net id="255"><net_src comp="14" pin="0"/><net_sink comp="170" pin=8"/></net>

<net id="256"><net_src comp="16" pin="0"/><net_sink comp="170" pin=9"/></net>

<net id="257"><net_src comp="18" pin="0"/><net_sink comp="170" pin=10"/></net>

<net id="258"><net_src comp="20" pin="0"/><net_sink comp="170" pin=11"/></net>

<net id="259"><net_src comp="22" pin="0"/><net_sink comp="170" pin=12"/></net>

<net id="260"><net_src comp="24" pin="0"/><net_sink comp="170" pin=13"/></net>

<net id="261"><net_src comp="26" pin="0"/><net_sink comp="170" pin=14"/></net>

<net id="262"><net_src comp="28" pin="0"/><net_sink comp="170" pin=15"/></net>

<net id="263"><net_src comp="30" pin="0"/><net_sink comp="170" pin=16"/></net>

<net id="264"><net_src comp="32" pin="0"/><net_sink comp="170" pin=17"/></net>

<net id="265"><net_src comp="34" pin="0"/><net_sink comp="170" pin=18"/></net>

<net id="266"><net_src comp="36" pin="0"/><net_sink comp="170" pin=19"/></net>

<net id="267"><net_src comp="38" pin="0"/><net_sink comp="170" pin=20"/></net>

<net id="268"><net_src comp="40" pin="0"/><net_sink comp="170" pin=21"/></net>

<net id="269"><net_src comp="42" pin="0"/><net_sink comp="170" pin=22"/></net>

<net id="270"><net_src comp="44" pin="0"/><net_sink comp="170" pin=23"/></net>

<net id="271"><net_src comp="46" pin="0"/><net_sink comp="170" pin=24"/></net>

<net id="272"><net_src comp="48" pin="0"/><net_sink comp="170" pin=25"/></net>

<net id="273"><net_src comp="50" pin="0"/><net_sink comp="170" pin=26"/></net>

<net id="274"><net_src comp="52" pin="0"/><net_sink comp="170" pin=27"/></net>

<net id="275"><net_src comp="54" pin="0"/><net_sink comp="170" pin=28"/></net>

<net id="276"><net_src comp="56" pin="0"/><net_sink comp="170" pin=29"/></net>

<net id="277"><net_src comp="58" pin="0"/><net_sink comp="170" pin=30"/></net>

<net id="278"><net_src comp="60" pin="0"/><net_sink comp="170" pin=31"/></net>

<net id="279"><net_src comp="62" pin="0"/><net_sink comp="170" pin=32"/></net>

<net id="280"><net_src comp="64" pin="0"/><net_sink comp="170" pin=33"/></net>

<net id="281"><net_src comp="66" pin="0"/><net_sink comp="170" pin=34"/></net>

<net id="282"><net_src comp="68" pin="0"/><net_sink comp="170" pin=35"/></net>

<net id="283"><net_src comp="70" pin="0"/><net_sink comp="170" pin=36"/></net>

<net id="284"><net_src comp="72" pin="0"/><net_sink comp="170" pin=37"/></net>

<net id="285"><net_src comp="74" pin="0"/><net_sink comp="170" pin=38"/></net>

<net id="286"><net_src comp="76" pin="0"/><net_sink comp="170" pin=39"/></net>

<net id="287"><net_src comp="78" pin="0"/><net_sink comp="170" pin=40"/></net>

<net id="288"><net_src comp="80" pin="0"/><net_sink comp="170" pin=41"/></net>

<net id="289"><net_src comp="82" pin="0"/><net_sink comp="170" pin=42"/></net>

<net id="290"><net_src comp="84" pin="0"/><net_sink comp="170" pin=43"/></net>

<net id="291"><net_src comp="86" pin="0"/><net_sink comp="170" pin=44"/></net>

<net id="292"><net_src comp="88" pin="0"/><net_sink comp="170" pin=45"/></net>

<net id="293"><net_src comp="90" pin="0"/><net_sink comp="170" pin=46"/></net>

<net id="294"><net_src comp="92" pin="0"/><net_sink comp="170" pin=47"/></net>

<net id="295"><net_src comp="94" pin="0"/><net_sink comp="170" pin=48"/></net>

<net id="296"><net_src comp="96" pin="0"/><net_sink comp="170" pin=49"/></net>

<net id="297"><net_src comp="98" pin="0"/><net_sink comp="170" pin=50"/></net>

<net id="298"><net_src comp="100" pin="0"/><net_sink comp="170" pin=51"/></net>

<net id="299"><net_src comp="102" pin="0"/><net_sink comp="170" pin=52"/></net>

<net id="300"><net_src comp="104" pin="0"/><net_sink comp="170" pin=53"/></net>

<net id="301"><net_src comp="106" pin="0"/><net_sink comp="170" pin=54"/></net>

<net id="302"><net_src comp="108" pin="0"/><net_sink comp="170" pin=55"/></net>

<net id="303"><net_src comp="110" pin="0"/><net_sink comp="170" pin=56"/></net>

<net id="304"><net_src comp="112" pin="0"/><net_sink comp="170" pin=57"/></net>

<net id="305"><net_src comp="114" pin="0"/><net_sink comp="170" pin=58"/></net>

<net id="306"><net_src comp="116" pin="0"/><net_sink comp="170" pin=59"/></net>

<net id="307"><net_src comp="118" pin="0"/><net_sink comp="170" pin=60"/></net>

<net id="308"><net_src comp="120" pin="0"/><net_sink comp="170" pin=61"/></net>

<net id="309"><net_src comp="122" pin="0"/><net_sink comp="170" pin=62"/></net>

<net id="310"><net_src comp="124" pin="0"/><net_sink comp="170" pin=63"/></net>

<net id="311"><net_src comp="126" pin="0"/><net_sink comp="170" pin=64"/></net>

<net id="312"><net_src comp="128" pin="0"/><net_sink comp="170" pin=65"/></net>

<net id="313"><net_src comp="130" pin="0"/><net_sink comp="170" pin=66"/></net>

<net id="314"><net_src comp="132" pin="0"/><net_sink comp="170" pin=67"/></net>

<net id="315"><net_src comp="134" pin="0"/><net_sink comp="170" pin=68"/></net>

<net id="316"><net_src comp="136" pin="0"/><net_sink comp="170" pin=69"/></net>

<net id="317"><net_src comp="138" pin="0"/><net_sink comp="170" pin=70"/></net>

<net id="318"><net_src comp="140" pin="0"/><net_sink comp="170" pin=71"/></net>

<net id="319"><net_src comp="142" pin="0"/><net_sink comp="170" pin=72"/></net>

<net id="320"><net_src comp="144" pin="0"/><net_sink comp="170" pin=73"/></net>

<net id="321"><net_src comp="146" pin="0"/><net_sink comp="170" pin=74"/></net>

</net_list>

</model> 
---------------- Datapath Model END ------------------

* FSMD analyzer results:
  - Output states:
	Port: out_r | {1 2 }
	Port: FFT_DIT_spatial_unroll_CY_stream_vector_stream_stream_vector_0_data_0_0_0 | {1 2 }
	Port: FFT_DIT_spatial_unroll_CY_stream_vector_stream_stream_vector_0_data_0_0_1 | {1 2 }
	Port: FFT_DIT_spatial_unroll_CY_stream_vector_stream_stream_vector_0_data_0_0_2 | {1 2 }
	Port: FFT_DIT_spatial_unroll_CY_stream_vector_stream_stream_vector_0_data_0_0_3 | {1 2 }
	Port: FFT_DIT_spatial_unroll_CY_stream_vector_stream_stream_vector_0_data_0_0_4 | {1 2 }
	Port: FFT_DIT_spatial_unroll_CY_stream_vector_stream_stream_vector_0_data_0_0_5 | {1 2 }
	Port: FFT_DIT_spatial_unroll_CY_stream_vector_stream_stream_vector_0_data_0_0_6 | {1 2 }
	Port: FFT_DIT_spatial_unroll_CY_stream_vector_stream_stream_vector_0_data_0_0_7 | {1 2 }
	Port: FFT_DIT_spatial_unroll_CY_stream_vector_stream_stream_vector_0_data_0_1_0 | {1 2 }
	Port: FFT_DIT_spatial_unroll_CY_stream_vector_stream_stream_vector_0_data_0_1_1 | {1 2 }
	Port: FFT_DIT_spatial_unroll_CY_stream_vector_stream_stream_vector_0_data_0_1_2 | {1 2 }
	Port: FFT_DIT_spatial_unroll_CY_stream_vector_stream_stream_vector_0_data_0_1_3 | {1 2 }
	Port: FFT_DIT_spatial_unroll_CY_stream_vector_stream_stream_vector_0_data_0_1_4 | {1 2 }
	Port: FFT_DIT_spatial_unroll_CY_stream_vector_stream_stream_vector_0_data_0_1_5 | {1 2 }
	Port: FFT_DIT_spatial_unroll_CY_stream_vector_stream_stream_vector_0_data_0_1_6 | {1 2 }
	Port: FFT_DIT_spatial_unroll_CY_stream_vector_stream_stream_vector_0_data_0_1_7 | {1 2 }
	Port: FFT_DIT_spatial_unroll_CY_stream_vector_stream_stream_vector_0_data_1_0_0 | {1 2 }
	Port: FFT_DIT_spatial_unroll_CY_stream_vector_stream_stream_vector_0_data_1_0_1 | {1 2 }
	Port: FFT_DIT_spatial_unroll_CY_stream_vector_stream_stream_vector_0_data_1_0_2 | {1 2 }
	Port: FFT_DIT_spatial_unroll_CY_stream_vector_stream_stream_vector_0_data_1_0_3 | {1 2 }
	Port: FFT_DIT_spatial_unroll_CY_stream_vector_stream_stream_vector_0_data_1_0_4 | {1 2 }
	Port: FFT_DIT_spatial_unroll_CY_stream_vector_stream_stream_vector_0_data_1_0_5 | {1 2 }
	Port: FFT_DIT_spatial_unroll_CY_stream_vector_stream_stream_vector_0_data_1_0_6 | {1 2 }
	Port: FFT_DIT_spatial_unroll_CY_stream_vector_stream_stream_vector_0_data_1_0_7 | {1 2 }
	Port: FFT_DIT_spatial_unroll_CY_stream_vector_stream_stream_vector_0_data_1_1_0 | {1 2 }
	Port: FFT_DIT_spatial_unroll_CY_stream_vector_stream_stream_vector_0_data_1_1_1 | {1 2 }
	Port: FFT_DIT_spatial_unroll_CY_stream_vector_stream_stream_vector_0_data_1_1_2 | {1 2 }
	Port: FFT_DIT_spatial_unroll_CY_stream_vector_stream_stream_vector_0_data_1_1_3 | {1 2 }
	Port: FFT_DIT_spatial_unroll_CY_stream_vector_stream_stream_vector_0_data_1_1_4 | {1 2 }
	Port: FFT_DIT_spatial_unroll_CY_stream_vector_stream_stream_vector_0_data_1_1_5 | {1 2 }
	Port: FFT_DIT_spatial_unroll_CY_stream_vector_stream_stream_vector_0_data_1_1_6 | {1 2 }
	Port: FFT_DIT_spatial_unroll_CY_stream_vector_stream_stream_vector_0_data_1_1_7 | {1 2 }
	Port: FFT_DIT_spatial_unroll_CY_stream_vector_stream_stream_vector_0_data_2_0_0 | {1 2 }
	Port: FFT_DIT_spatial_unroll_CY_stream_vector_stream_stream_vector_0_data_2_0_1 | {1 2 }
	Port: FFT_DIT_spatial_unroll_CY_stream_vector_stream_stream_vector_0_data_2_0_2 | {1 2 }
	Port: FFT_DIT_spatial_unroll_CY_stream_vector_stream_stream_vector_0_data_2_0_3 | {1 2 }
	Port: FFT_DIT_spatial_unroll_CY_stream_vector_stream_stream_vector_0_data_2_1_0 | {1 2 }
	Port: FFT_DIT_spatial_unroll_CY_stream_vector_stream_stream_vector_0_data_2_1_1 | {1 2 }
	Port: FFT_DIT_spatial_unroll_CY_stream_vector_stream_stream_vector_0_data_2_1_2 | {1 2 }
	Port: FFT_DIT_spatial_unroll_CY_stream_vector_stream_stream_vector_0_data_2_1_3 | {1 2 }
	Port: FFT_DIT_spatial_unroll_CY_stream_vector_stream_stream_vector_0_data_3_0_0 | {1 2 }
	Port: FFT_DIT_spatial_unroll_CY_stream_vector_stream_stream_vector_0_data_3_0_1 | {1 2 }
	Port: FFT_DIT_spatial_unroll_CY_stream_vector_stream_stream_vector_0_data_3_0_2 | {1 2 }
	Port: FFT_DIT_spatial_unroll_CY_stream_vector_stream_stream_vector_0_data_3_0_3 | {1 2 }
	Port: FFT_DIT_spatial_unroll_CY_stream_vector_stream_stream_vector_0_data_3_1_0 | {1 2 }
	Port: FFT_DIT_spatial_unroll_CY_stream_vector_stream_stream_vector_0_data_3_1_1 | {1 2 }
	Port: FFT_DIT_spatial_unroll_CY_stream_vector_stream_stream_vector_0_data_3_1_2 | {1 2 }
	Port: FFT_DIT_spatial_unroll_CY_stream_vector_stream_stream_vector_0_data_3_1_3 | {1 2 }
	Port: FFT_DIT_spatial_unroll_CY_stream_vector_stream_stream_vector_0_data_4_0_0 | {1 2 }
	Port: FFT_DIT_spatial_unroll_CY_stream_vector_stream_stream_vector_0_data_4_0_1 | {1 2 }
	Port: FFT_DIT_spatial_unroll_CY_stream_vector_stream_stream_vector_0_data_4_0_2 | {1 2 }
	Port: FFT_DIT_spatial_unroll_CY_stream_vector_stream_stream_vector_0_data_4_0_3 | {1 2 }
	Port: FFT_DIT_spatial_unroll_CY_stream_vector_stream_stream_vector_0_data_4_1_0 | {1 2 }
	Port: FFT_DIT_spatial_unroll_CY_stream_vector_stream_stream_vector_0_data_4_1_1 | {1 2 }
	Port: FFT_DIT_spatial_unroll_CY_stream_vector_stream_stream_vector_0_data_4_1_2 | {1 2 }
	Port: FFT_DIT_spatial_unroll_CY_stream_vector_stream_stream_vector_0_data_4_1_3 | {1 2 }
	Port: FFT_DIT_spatial_unroll_CY_stream_vector_stream_stream_vector_0_data_5_0_0 | {1 2 }
	Port: FFT_DIT_spatial_unroll_CY_stream_vector_stream_stream_vector_0_data_5_0_1 | {1 2 }
	Port: FFT_DIT_spatial_unroll_CY_stream_vector_stream_stream_vector_0_data_5_0_2 | {1 2 }
	Port: FFT_DIT_spatial_unroll_CY_stream_vector_stream_stream_vector_0_data_5_0_3 | {1 2 }
	Port: FFT_DIT_spatial_unroll_CY_stream_vector_stream_stream_vector_0_data_5_1_0 | {1 2 }
	Port: FFT_DIT_spatial_unroll_CY_stream_vector_stream_stream_vector_0_data_5_1_1 | {1 2 }
	Port: FFT_DIT_spatial_unroll_CY_stream_vector_stream_stream_vector_0_data_5_1_2 | {1 2 }
	Port: FFT_DIT_spatial_unroll_CY_stream_vector_stream_stream_vector_0_data_5_1_3 | {1 2 }
	Port: FFT_DIT_spatial_unroll_CY_stream_vector_stream_stream_vector_0_data_6_0_0 | {1 2 }
	Port: FFT_DIT_spatial_unroll_CY_stream_vector_stream_stream_vector_0_data_6_0_1 | {1 2 }
	Port: FFT_DIT_spatial_unroll_CY_stream_vector_stream_stream_vector_0_data_6_0_2 | {1 2 }
	Port: FFT_DIT_spatial_unroll_CY_stream_vector_stream_stream_vector_0_data_6_0_3 | {1 2 }
	Port: FFT_DIT_spatial_unroll_CY_stream_vector_stream_stream_vector_0_data_6_1_0 | {1 2 }
	Port: FFT_DIT_spatial_unroll_CY_stream_vector_stream_stream_vector_0_data_6_1_1 | {1 2 }
	Port: FFT_DIT_spatial_unroll_CY_stream_vector_stream_stream_vector_0_data_6_1_2 | {1 2 }
	Port: FFT_DIT_spatial_unroll_CY_stream_vector_stream_stream_vector_0_data_6_1_3 | {1 2 }
 - Input state : 
	Port: FFT_TOP : in_r | {1 2 }
	Port: FFT_TOP : FFT_DIT_spatial_unroll_CY_stream_vector_stream_stream_vector_0_data_0_0_0 | {1 2 }
	Port: FFT_TOP : FFT_DIT_spatial_unroll_CY_stream_vector_stream_stream_vector_0_data_0_0_1 | {1 2 }
	Port: FFT_TOP : FFT_DIT_spatial_unroll_CY_stream_vector_stream_stream_vector_0_data_0_0_2 | {1 2 }
	Port: FFT_TOP : FFT_DIT_spatial_unroll_CY_stream_vector_stream_stream_vector_0_data_0_0_3 | {1 2 }
	Port: FFT_TOP : FFT_DIT_spatial_unroll_CY_stream_vector_stream_stream_vector_0_data_0_0_4 | {1 2 }
	Port: FFT_TOP : FFT_DIT_spatial_unroll_CY_stream_vector_stream_stream_vector_0_data_0_0_5 | {1 2 }
	Port: FFT_TOP : FFT_DIT_spatial_unroll_CY_stream_vector_stream_stream_vector_0_data_0_0_6 | {1 2 }
	Port: FFT_TOP : FFT_DIT_spatial_unroll_CY_stream_vector_stream_stream_vector_0_data_0_0_7 | {1 2 }
	Port: FFT_TOP : FFT_DIT_spatial_unroll_CY_stream_vector_stream_stream_vector_0_data_0_1_0 | {1 2 }
	Port: FFT_TOP : FFT_DIT_spatial_unroll_CY_stream_vector_stream_stream_vector_0_data_0_1_1 | {1 2 }
	Port: FFT_TOP : FFT_DIT_spatial_unroll_CY_stream_vector_stream_stream_vector_0_data_0_1_2 | {1 2 }
	Port: FFT_TOP : FFT_DIT_spatial_unroll_CY_stream_vector_stream_stream_vector_0_data_0_1_3 | {1 2 }
	Port: FFT_TOP : FFT_DIT_spatial_unroll_CY_stream_vector_stream_stream_vector_0_data_0_1_4 | {1 2 }
	Port: FFT_TOP : FFT_DIT_spatial_unroll_CY_stream_vector_stream_stream_vector_0_data_0_1_5 | {1 2 }
	Port: FFT_TOP : FFT_DIT_spatial_unroll_CY_stream_vector_stream_stream_vector_0_data_0_1_6 | {1 2 }
	Port: FFT_TOP : FFT_DIT_spatial_unroll_CY_stream_vector_stream_stream_vector_0_data_0_1_7 | {1 2 }
	Port: FFT_TOP : FFT_DIT_spatial_unroll_CY_stream_vector_stream_stream_vector_0_data_1_0_0 | {1 2 }
	Port: FFT_TOP : FFT_DIT_spatial_unroll_CY_stream_vector_stream_stream_vector_0_data_1_0_1 | {1 2 }
	Port: FFT_TOP : FFT_DIT_spatial_unroll_CY_stream_vector_stream_stream_vector_0_data_1_0_2 | {1 2 }
	Port: FFT_TOP : FFT_DIT_spatial_unroll_CY_stream_vector_stream_stream_vector_0_data_1_0_3 | {1 2 }
	Port: FFT_TOP : FFT_DIT_spatial_unroll_CY_stream_vector_stream_stream_vector_0_data_1_0_4 | {1 2 }
	Port: FFT_TOP : FFT_DIT_spatial_unroll_CY_stream_vector_stream_stream_vector_0_data_1_0_5 | {1 2 }
	Port: FFT_TOP : FFT_DIT_spatial_unroll_CY_stream_vector_stream_stream_vector_0_data_1_0_6 | {1 2 }
	Port: FFT_TOP : FFT_DIT_spatial_unroll_CY_stream_vector_stream_stream_vector_0_data_1_0_7 | {1 2 }
	Port: FFT_TOP : FFT_DIT_spatial_unroll_CY_stream_vector_stream_stream_vector_0_data_1_1_0 | {1 2 }
	Port: FFT_TOP : FFT_DIT_spatial_unroll_CY_stream_vector_stream_stream_vector_0_data_1_1_1 | {1 2 }
	Port: FFT_TOP : FFT_DIT_spatial_unroll_CY_stream_vector_stream_stream_vector_0_data_1_1_2 | {1 2 }
	Port: FFT_TOP : FFT_DIT_spatial_unroll_CY_stream_vector_stream_stream_vector_0_data_1_1_3 | {1 2 }
	Port: FFT_TOP : FFT_DIT_spatial_unroll_CY_stream_vector_stream_stream_vector_0_data_1_1_4 | {1 2 }
	Port: FFT_TOP : FFT_DIT_spatial_unroll_CY_stream_vector_stream_stream_vector_0_data_1_1_5 | {1 2 }
	Port: FFT_TOP : FFT_DIT_spatial_unroll_CY_stream_vector_stream_stream_vector_0_data_1_1_6 | {1 2 }
	Port: FFT_TOP : FFT_DIT_spatial_unroll_CY_stream_vector_stream_stream_vector_0_data_1_1_7 | {1 2 }
	Port: FFT_TOP : FFT_DIT_spatial_unroll_CY_stream_vector_stream_stream_vector_0_data_2_0_0 | {1 2 }
	Port: FFT_TOP : FFT_DIT_spatial_unroll_CY_stream_vector_stream_stream_vector_0_data_2_0_1 | {1 2 }
	Port: FFT_TOP : FFT_DIT_spatial_unroll_CY_stream_vector_stream_stream_vector_0_data_2_0_2 | {1 2 }
	Port: FFT_TOP : FFT_DIT_spatial_unroll_CY_stream_vector_stream_stream_vector_0_data_2_0_3 | {1 2 }
	Port: FFT_TOP : FFT_DIT_spatial_unroll_CY_stream_vector_stream_stream_vector_0_data_2_1_0 | {1 2 }
	Port: FFT_TOP : FFT_DIT_spatial_unroll_CY_stream_vector_stream_stream_vector_0_data_2_1_1 | {1 2 }
	Port: FFT_TOP : FFT_DIT_spatial_unroll_CY_stream_vector_stream_stream_vector_0_data_2_1_2 | {1 2 }
	Port: FFT_TOP : FFT_DIT_spatial_unroll_CY_stream_vector_stream_stream_vector_0_data_2_1_3 | {1 2 }
	Port: FFT_TOP : FFT_DIT_spatial_unroll_CY_stream_vector_stream_stream_vector_0_data_3_0_0 | {1 2 }
	Port: FFT_TOP : FFT_DIT_spatial_unroll_CY_stream_vector_stream_stream_vector_0_data_3_0_1 | {1 2 }
	Port: FFT_TOP : FFT_DIT_spatial_unroll_CY_stream_vector_stream_stream_vector_0_data_3_0_2 | {1 2 }
	Port: FFT_TOP : FFT_DIT_spatial_unroll_CY_stream_vector_stream_stream_vector_0_data_3_0_3 | {1 2 }
	Port: FFT_TOP : FFT_DIT_spatial_unroll_CY_stream_vector_stream_stream_vector_0_data_3_1_0 | {1 2 }
	Port: FFT_TOP : FFT_DIT_spatial_unroll_CY_stream_vector_stream_stream_vector_0_data_3_1_1 | {1 2 }
	Port: FFT_TOP : FFT_DIT_spatial_unroll_CY_stream_vector_stream_stream_vector_0_data_3_1_2 | {1 2 }
	Port: FFT_TOP : FFT_DIT_spatial_unroll_CY_stream_vector_stream_stream_vector_0_data_3_1_3 | {1 2 }
	Port: FFT_TOP : FFT_DIT_spatial_unroll_CY_stream_vector_stream_stream_vector_0_data_4_0_0 | {1 2 }
	Port: FFT_TOP : FFT_DIT_spatial_unroll_CY_stream_vector_stream_stream_vector_0_data_4_0_1 | {1 2 }
	Port: FFT_TOP : FFT_DIT_spatial_unroll_CY_stream_vector_stream_stream_vector_0_data_4_0_2 | {1 2 }
	Port: FFT_TOP : FFT_DIT_spatial_unroll_CY_stream_vector_stream_stream_vector_0_data_4_0_3 | {1 2 }
	Port: FFT_TOP : FFT_DIT_spatial_unroll_CY_stream_vector_stream_stream_vector_0_data_4_1_0 | {1 2 }
	Port: FFT_TOP : FFT_DIT_spatial_unroll_CY_stream_vector_stream_stream_vector_0_data_4_1_1 | {1 2 }
	Port: FFT_TOP : FFT_DIT_spatial_unroll_CY_stream_vector_stream_stream_vector_0_data_4_1_2 | {1 2 }
	Port: FFT_TOP : FFT_DIT_spatial_unroll_CY_stream_vector_stream_stream_vector_0_data_4_1_3 | {1 2 }
	Port: FFT_TOP : FFT_DIT_spatial_unroll_CY_stream_vector_stream_stream_vector_0_data_5_0_0 | {1 2 }
	Port: FFT_TOP : FFT_DIT_spatial_unroll_CY_stream_vector_stream_stream_vector_0_data_5_0_1 | {1 2 }
	Port: FFT_TOP : FFT_DIT_spatial_unroll_CY_stream_vector_stream_stream_vector_0_data_5_0_2 | {1 2 }
	Port: FFT_TOP : FFT_DIT_spatial_unroll_CY_stream_vector_stream_stream_vector_0_data_5_0_3 | {1 2 }
	Port: FFT_TOP : FFT_DIT_spatial_unroll_CY_stream_vector_stream_stream_vector_0_data_5_1_0 | {1 2 }
	Port: FFT_TOP : FFT_DIT_spatial_unroll_CY_stream_vector_stream_stream_vector_0_data_5_1_1 | {1 2 }
	Port: FFT_TOP : FFT_DIT_spatial_unroll_CY_stream_vector_stream_stream_vector_0_data_5_1_2 | {1 2 }
	Port: FFT_TOP : FFT_DIT_spatial_unroll_CY_stream_vector_stream_stream_vector_0_data_5_1_3 | {1 2 }
	Port: FFT_TOP : FFT_DIT_spatial_unroll_CY_stream_vector_stream_stream_vector_0_data_6_0_0 | {1 2 }
	Port: FFT_TOP : FFT_DIT_spatial_unroll_CY_stream_vector_stream_stream_vector_0_data_6_0_1 | {1 2 }
	Port: FFT_TOP : FFT_DIT_spatial_unroll_CY_stream_vector_stream_stream_vector_0_data_6_0_2 | {1 2 }
	Port: FFT_TOP : FFT_DIT_spatial_unroll_CY_stream_vector_stream_stream_vector_0_data_6_0_3 | {1 2 }
	Port: FFT_TOP : FFT_DIT_spatial_unroll_CY_stream_vector_stream_stream_vector_0_data_6_1_0 | {1 2 }
	Port: FFT_TOP : FFT_DIT_spatial_unroll_CY_stream_vector_stream_stream_vector_0_data_6_1_1 | {1 2 }
	Port: FFT_TOP : FFT_DIT_spatial_unroll_CY_stream_vector_stream_stream_vector_0_data_6_1_2 | {1 2 }
	Port: FFT_TOP : FFT_DIT_spatial_unroll_CY_stream_vector_stream_stream_vector_0_data_6_1_3 | {1 2 }
  - Chain level:
	State 1
	State 2


============================================================
+ Verbose Summary: Datapath Resource usage 
============================================================

* Functional unit list:
|----------|----------------------------------------------------|---------|---------|---------|---------|
| Operation|                   Functional Unit                  |   DSP   |  Delay  |    FF   |   LUT   |
|----------|----------------------------------------------------|---------|---------|---------|---------|
|   call   | grp_FFT_DIT_spatial_unroll_CY_stream_vector_fu_170 |    86   |  77.213 |  47240  |  72253  |
|----------|----------------------------------------------------|---------|---------|---------|---------|
|   Total  |                                                    |    86   |  77.213 |  47240  |  72253  |
|----------|----------------------------------------------------|---------|---------|---------|---------|

Memories:
+-------------------------------------------------------------------------+--------+--------+--------+--------+
|                                                                         |  BRAM  |   FF   |   LUT  |  URAM  |
+-------------------------------------------------------------------------+--------+--------+--------+--------+
|FFT_DIT_spatial_unroll_CY_stream_vector_stream_stream_vector_0_data_0_0_0|    -   |   32   |   17   |    -   |
|FFT_DIT_spatial_unroll_CY_stream_vector_stream_stream_vector_0_data_0_0_1|    -   |   32   |   17   |    -   |
|FFT_DIT_spatial_unroll_CY_stream_vector_stream_stream_vector_0_data_0_0_2|    -   |   32   |   17   |    -   |
|FFT_DIT_spatial_unroll_CY_stream_vector_stream_stream_vector_0_data_0_0_3|    -   |   32   |   17   |    -   |
|FFT_DIT_spatial_unroll_CY_stream_vector_stream_stream_vector_0_data_0_0_4|    -   |   32   |   17   |    -   |
|FFT_DIT_spatial_unroll_CY_stream_vector_stream_stream_vector_0_data_0_0_5|    -   |   32   |   17   |    -   |
|FFT_DIT_spatial_unroll_CY_stream_vector_stream_stream_vector_0_data_0_0_6|    -   |   32   |   17   |    -   |
|FFT_DIT_spatial_unroll_CY_stream_vector_stream_stream_vector_0_data_0_0_7|    -   |   32   |   17   |    -   |
|FFT_DIT_spatial_unroll_CY_stream_vector_stream_stream_vector_0_data_0_1_0|    -   |   32   |   17   |    -   |
|FFT_DIT_spatial_unroll_CY_stream_vector_stream_stream_vector_0_data_0_1_1|    -   |   32   |   17   |    -   |
|FFT_DIT_spatial_unroll_CY_stream_vector_stream_stream_vector_0_data_0_1_2|    -   |   32   |   17   |    -   |
|FFT_DIT_spatial_unroll_CY_stream_vector_stream_stream_vector_0_data_0_1_3|    -   |   32   |   17   |    -   |
|FFT_DIT_spatial_unroll_CY_stream_vector_stream_stream_vector_0_data_0_1_4|    -   |   32   |   17   |    -   |
|FFT_DIT_spatial_unroll_CY_stream_vector_stream_stream_vector_0_data_0_1_5|    -   |   32   |   17   |    -   |
|FFT_DIT_spatial_unroll_CY_stream_vector_stream_stream_vector_0_data_0_1_6|    -   |   32   |   17   |    -   |
|FFT_DIT_spatial_unroll_CY_stream_vector_stream_stream_vector_0_data_0_1_7|    -   |   32   |   17   |    -   |
|FFT_DIT_spatial_unroll_CY_stream_vector_stream_stream_vector_0_data_1_0_0|    -   |   32   |   17   |    -   |
|FFT_DIT_spatial_unroll_CY_stream_vector_stream_stream_vector_0_data_1_0_1|    -   |   32   |   17   |    -   |
|FFT_DIT_spatial_unroll_CY_stream_vector_stream_stream_vector_0_data_1_0_2|    -   |   32   |   17   |    -   |
|FFT_DIT_spatial_unroll_CY_stream_vector_stream_stream_vector_0_data_1_0_3|    -   |   32   |   17   |    -   |
|FFT_DIT_spatial_unroll_CY_stream_vector_stream_stream_vector_0_data_1_0_4|    -   |   32   |   17   |    -   |
|FFT_DIT_spatial_unroll_CY_stream_vector_stream_stream_vector_0_data_1_0_5|    -   |   32   |   17   |    -   |
|FFT_DIT_spatial_unroll_CY_stream_vector_stream_stream_vector_0_data_1_0_6|    -   |   32   |   17   |    -   |
|FFT_DIT_spatial_unroll_CY_stream_vector_stream_stream_vector_0_data_1_0_7|    -   |   32   |   17   |    -   |
|FFT_DIT_spatial_unroll_CY_stream_vector_stream_stream_vector_0_data_1_1_0|    -   |   32   |   17   |    -   |
|FFT_DIT_spatial_unroll_CY_stream_vector_stream_stream_vector_0_data_1_1_1|    -   |   32   |   17   |    -   |
|FFT_DIT_spatial_unroll_CY_stream_vector_stream_stream_vector_0_data_1_1_2|    -   |   32   |   17   |    -   |
|FFT_DIT_spatial_unroll_CY_stream_vector_stream_stream_vector_0_data_1_1_3|    -   |   32   |   17   |    -   |
|FFT_DIT_spatial_unroll_CY_stream_vector_stream_stream_vector_0_data_1_1_4|    -   |   32   |   17   |    -   |
|FFT_DIT_spatial_unroll_CY_stream_vector_stream_stream_vector_0_data_1_1_5|    -   |   32   |   17   |    -   |
|FFT_DIT_spatial_unroll_CY_stream_vector_stream_stream_vector_0_data_1_1_6|    -   |   32   |   17   |    -   |
|FFT_DIT_spatial_unroll_CY_stream_vector_stream_stream_vector_0_data_1_1_7|    -   |   32   |   17   |    -   |
|FFT_DIT_spatial_unroll_CY_stream_vector_stream_stream_vector_0_data_2_0_0|    0   |   32   |   33   |    0   |
|FFT_DIT_spatial_unroll_CY_stream_vector_stream_stream_vector_0_data_2_0_1|    0   |   32   |   33   |    0   |
|FFT_DIT_spatial_unroll_CY_stream_vector_stream_stream_vector_0_data_2_0_2|    0   |   32   |   33   |    0   |
|FFT_DIT_spatial_unroll_CY_stream_vector_stream_stream_vector_0_data_2_0_3|    0   |   32   |   33   |    0   |
|FFT_DIT_spatial_unroll_CY_stream_vector_stream_stream_vector_0_data_2_1_0|    0   |   32   |   33   |    0   |
|FFT_DIT_spatial_unroll_CY_stream_vector_stream_stream_vector_0_data_2_1_1|    0   |   32   |   33   |    0   |
|FFT_DIT_spatial_unroll_CY_stream_vector_stream_stream_vector_0_data_2_1_2|    0   |   32   |   33   |    0   |
|FFT_DIT_spatial_unroll_CY_stream_vector_stream_stream_vector_0_data_2_1_3|    0   |   32   |   33   |    0   |
|FFT_DIT_spatial_unroll_CY_stream_vector_stream_stream_vector_0_data_3_0_0|    0   |   32   |   33   |    0   |
|FFT_DIT_spatial_unroll_CY_stream_vector_stream_stream_vector_0_data_3_0_1|    0   |   32   |   33   |    0   |
|FFT_DIT_spatial_unroll_CY_stream_vector_stream_stream_vector_0_data_3_0_2|    0   |   32   |   33   |    0   |
|FFT_DIT_spatial_unroll_CY_stream_vector_stream_stream_vector_0_data_3_0_3|    0   |   32   |   33   |    0   |
|FFT_DIT_spatial_unroll_CY_stream_vector_stream_stream_vector_0_data_3_1_0|    0   |   32   |   33   |    0   |
|FFT_DIT_spatial_unroll_CY_stream_vector_stream_stream_vector_0_data_3_1_1|    0   |   32   |   33   |    0   |
|FFT_DIT_spatial_unroll_CY_stream_vector_stream_stream_vector_0_data_3_1_2|    0   |   32   |   33   |    0   |
|FFT_DIT_spatial_unroll_CY_stream_vector_stream_stream_vector_0_data_3_1_3|    0   |   32   |   33   |    0   |
|FFT_DIT_spatial_unroll_CY_stream_vector_stream_stream_vector_0_data_4_0_0|    0   |   32   |   33   |    0   |
|FFT_DIT_spatial_unroll_CY_stream_vector_stream_stream_vector_0_data_4_0_1|    0   |   32   |   33   |    0   |
|FFT_DIT_spatial_unroll_CY_stream_vector_stream_stream_vector_0_data_4_0_2|    0   |   32   |   33   |    0   |
|FFT_DIT_spatial_unroll_CY_stream_vector_stream_stream_vector_0_data_4_0_3|    0   |   32   |   33   |    0   |
|FFT_DIT_spatial_unroll_CY_stream_vector_stream_stream_vector_0_data_4_1_0|    0   |   32   |   33   |    0   |
|FFT_DIT_spatial_unroll_CY_stream_vector_stream_stream_vector_0_data_4_1_1|    0   |   32   |   33   |    0   |
|FFT_DIT_spatial_unroll_CY_stream_vector_stream_stream_vector_0_data_4_1_2|    0   |   32   |   33   |    0   |
|FFT_DIT_spatial_unroll_CY_stream_vector_stream_stream_vector_0_data_4_1_3|    0   |   32   |   33   |    0   |
|FFT_DIT_spatial_unroll_CY_stream_vector_stream_stream_vector_0_data_5_0_0|    0   |   32   |   33   |    0   |
|FFT_DIT_spatial_unroll_CY_stream_vector_stream_stream_vector_0_data_5_0_1|    0   |   32   |   33   |    0   |
|FFT_DIT_spatial_unroll_CY_stream_vector_stream_stream_vector_0_data_5_0_2|    0   |   32   |   33   |    0   |
|FFT_DIT_spatial_unroll_CY_stream_vector_stream_stream_vector_0_data_5_0_3|    0   |   32   |   33   |    0   |
|FFT_DIT_spatial_unroll_CY_stream_vector_stream_stream_vector_0_data_5_1_0|    0   |   32   |   33   |    0   |
|FFT_DIT_spatial_unroll_CY_stream_vector_stream_stream_vector_0_data_5_1_1|    0   |   32   |   33   |    0   |
|FFT_DIT_spatial_unroll_CY_stream_vector_stream_stream_vector_0_data_5_1_2|    0   |   32   |   33   |    0   |
|FFT_DIT_spatial_unroll_CY_stream_vector_stream_stream_vector_0_data_5_1_3|    0   |   32   |   33   |    0   |
|FFT_DIT_spatial_unroll_CY_stream_vector_stream_stream_vector_0_data_6_0_0|    0   |   32   |   33   |    0   |
|FFT_DIT_spatial_unroll_CY_stream_vector_stream_stream_vector_0_data_6_0_1|    0   |   32   |   33   |    0   |
|FFT_DIT_spatial_unroll_CY_stream_vector_stream_stream_vector_0_data_6_0_2|    0   |   32   |   33   |    0   |
|FFT_DIT_spatial_unroll_CY_stream_vector_stream_stream_vector_0_data_6_0_3|    0   |   32   |   33   |    0   |
|FFT_DIT_spatial_unroll_CY_stream_vector_stream_stream_vector_0_data_6_1_0|    0   |   32   |   33   |    0   |
|FFT_DIT_spatial_unroll_CY_stream_vector_stream_stream_vector_0_data_6_1_1|    0   |   32   |   33   |    0   |
|FFT_DIT_spatial_unroll_CY_stream_vector_stream_stream_vector_0_data_6_1_2|    0   |   32   |   33   |    0   |
|FFT_DIT_spatial_unroll_CY_stream_vector_stream_stream_vector_0_data_6_1_3|    0   |   32   |   33   |    0   |
+-------------------------------------------------------------------------+--------+--------+--------+--------+
|                                  Total                                  |    0   |  2304  |  1864  |    0   |
+-------------------------------------------------------------------------+--------+--------+--------+--------+

* Register list:
N/A

* Multiplexer (MUX) list: 
|--------|------|------|------|--------|
|  Comp  |  Pin | Size |  BW  | S x BW |
|--------|------|------|------|--------|
|  Total |      |      |      |    0   |
|--------|------|------|------|--------|



* Summary:
+-----------+--------+--------+--------+--------+--------+--------+
|           |  BRAM  |   DSP  |  Delay |   FF   |   LUT  |  URAM  |
+-----------+--------+--------+--------+--------+--------+--------+
|  Function |    -   |   86   |   77   |  47240 |  72253 |    -   |
|   Memory  |    0   |    -   |    -   |  2304  |  1864  |    0   |
|Multiplexer|    -   |    -   |    -   |    -   |    -   |    -   |
|  Register |    -   |    -   |    -   |    -   |    -   |    -   |
+-----------+--------+--------+--------+--------+--------+--------+
|   Total   |    0   |   86   |   77   |  49544 |  74117 |    0   |
+-----------+--------+--------+--------+--------+--------+--------+
